GapBuy;GapSell;AvBid;AvAsk;Spread;SpreadK;MinLev;MinLevClose;FixTp;FixSl;FastSpread;dTFast;tpsFast;dTSlow;tpsSlow;
0.00;0.00;-219.00;-341.00;122.00;122.00;122122.00;36.60;122.00;244.00;210.00;0.00;0.00;0.00;0.00;
-10.00;10.50;-208.50;-351.00;142.50;142.50;142642.50;42.75;142.50;285.00;210.00;796.01;1.26;124.92;8.00;
-15.33;-1.67;-209.33;-358.67;149.33;149.33;149482.67;44.80;149.33;298.67;210.00;796.01;1.26;156.90;6.37;
3.50;13.75;-204.75;-357.50;152.75;152.75;152902.75;45.83;152.75;305.50;210.00;624.28;1.60;156.90;6.37;
14.80;19.00;-200.00;-353.80;153.80;153.80;153953.80;46.14;153.80;307.60;210.00;624.28;1.60;192.88;5.18;
4.83;3.33;-199.33;-352.83;153.50;153.50;153653.50;46.05;153.50;307.00;210.00;624.28;1.60;174.89;5.72;
12.71;11.43;-197.43;-350.71;153.29;153.29;153439.00;45.99;153.29;306.57;210.00;535.42;1.87;174.89;5.72;
0.63;-1.38;-197.63;-350.63;153.00;153.00;153153.00;45.90;153.00;306.00;210.00;535.42;1.87;348.31;2.87;
18.33;16.56;-195.56;-348.33;152.78;152.78;152930.56;45.83;152.78;305.56;190.00;664.22;1.51;348.31;2.87;
16.50;14.90;-193.90;-346.50;152.60;152.60;152752.60;45.78;152.60;305.20;210.00;664.22;1.51;348.31;2.87;
50.45;-0.09;-193.91;-341.45;147.55;147.55;147693.00;44.26;147.55;295.09;210.00;664.22;1.51;329.03;3.04;
27.92;-18.42;-195.58;-338.92;143.33;143.33;143476.67;43.00;143.33;286.67;210.00;606.90;1.65;329.03;3.04;
16.54;-26.23;-197.77;-337.54;139.77;139.77;139909.00;41.93;139.77;279.54;210.00;736.52;1.36;329.03;3.04;
43.21;3.50;-197.50;-334.21;136.71;136.71;136851.00;41.01;136.71;273.43;210.00;686.05;1.46;329.03;3.04;
0.20;21.00;-196.00;-334.20;138.20;138.20;138338.20;41.46;138.20;276.40;210.00;686.05;1.46;542.39;1.84;
16.13;27.19;-194.19;-333.13;138.94;138.94;139076.44;41.68;138.94;277.88;210.00;686.05;1.46;491.45;2.03;
-3.65;6.76;-193.76;-333.35;139.59;139.59;139727.82;41.88;139.59;279.18;210.00;641.14;1.56;491.45;2.03;
-3.44;-2.11;-193.89;-333.56;139.67;139.67;139806.33;41.90;139.67;279.33;210.00;641.14;1.56;554.14;1.80;
-19.37;-2.00;-194.00;-334.63;140.63;140.63;140772.21;42.19;140.63;281.26;210.00;641.14;1.56;554.14;1.80;
0.60;17.10;-193.10;-334.60;141.50;141.50;141641.50;42.45;141.50;283.00;210.00;679.38;1.47;554.14;1.80;
12.95;28.67;-191.67;-333.95;142.29;142.29;142428.00;42.69;142.29;284.57;210.00;679.38;1.47;522.31;1.91;
3.77;11.14;-191.14;-333.77;142.64;142.64;142779.00;42.79;142.64;285.27;210.00;679.38;1.47;484.78;2.06;
-15.52;-8.48;-191.52;-334.48;142.96;142.96;143099.48;42.89;142.96;285.91;210.00;643.80;1.55;484.78;2.06;
-3.38;5.29;-191.29;-334.63;143.33;143.33;143476.67;43.00;143.33;286.67;210.00;643.80;1.55;521.11;1.92;
-5.16;-17.00;-192.00;-334.84;142.84;142.84;142982.84;42.85;142.84;285.68;210.00;643.80;1.55;493.03;2.03;
14.27;2.88;-191.88;-334.27;142.38;142.38;142527.00;42.72;142.38;284.77;190.00;693.96;1.44;493.03;2.03;
13.74;2.78;-191.78;-333.74;141.96;141.96;142104.93;42.59;141.96;283.93;210.00;693.96;1.44;493.03;2.03;
14.21;25.82;-190.82;-333.21;142.39;142.39;142535.25;42.72;142.39;284.79;210.00;693.96;1.44;501.13;2.00;
-5.59;5.62;-190.62;-333.41;142.79;142.79;142935.90;42.84;142.79;285.59;210.00;671.94;1.49;501.13;2.00;
-24.73;-23.57;-191.43;-334.27;142.83;142.83;142976.17;42.85;142.83;285.67;210.00;671.94;1.49;482.37;2.07;
-4.58;-3.45;-191.55;-334.42;142.87;142.87;143013.84;42.86;142.87;285.74;190.00;644.93;1.55;482.37;2.07;
-4.44;-3.34;-191.66;-334.56;142.91;142.91;143049.16;42.87;142.91;285.81;210.00;644.93;1.55;482.37;2.07;
2.48;13.24;-191.24;-334.48;143.24;143.24;143385.67;42.97;143.24;286.48;210.00;644.93;1.55;463.57;2.16;
2.41;2.18;-191.18;-334.41;143.24;143.24;143378.53;42.97;143.24;286.47;210.00;644.93;1.55;439.54;2.28;
-11.26;2.11;-191.11;-334.74;143.63;143.63;143772.20;43.09;143.63;287.26;210.00;644.93;1.55;439.54;2.28;
-29.42;-3.78;-191.22;-335.58;144.36;144.36;144505.47;43.31;144.36;288.72;210.00;644.93;1.55;421.67;2.37;
-22.78;-33.84;-192.16;-336.22;144.05;144.05;144198.11;43.22;144.05;288.11;210.00;644.93;1.55;431.34;2.32;
-2.71;-13.47;-192.53;-336.29;143.76;143.76;143906.92;43.13;143.76;287.53;190.00;657.27;1.52;431.34;2.32;
-2.64;-13.13;-192.87;-336.36;143.49;143.49;143630.67;43.05;143.49;286.97;210.00;657.27;1.52;431.34;2.32;
-42.55;-21.58;-193.43;-337.45;144.03;144.03;144169.03;43.21;144.03;288.05;210.00;657.27;1.52;416.37;2.40;
-31.76;-6.41;-193.59;-338.24;144.66;144.66;144803.20;43.40;144.66;289.32;210.00;657.27;1.52;401.76;2.49;
21.71;39.62;-192.62;-337.71;145.10;145.10;145240.33;43.53;145.10;290.19;210.00;657.27;1.52;388.63;2.57;
50.51;68.00;-191.00;-336.51;145.51;145.51;145657.14;43.65;145.51;291.02;180.00;637.67;1.57;388.63;2.57;
49.36;66.45;-189.45;-335.36;145.91;145.91;146055.00;43.77;145.91;291.82;210.00;637.67;1.57;388.63;2.57;
35.56;53.24;-188.24;-334.56;146.31;146.31;146457.42;43.89;146.31;292.62;210.00;637.67;1.57;391.51;2.55;
45.54;65.78;-186.78;-333.54;146.76;146.76;146907.63;44.03;146.76;293.52;210.00;637.67;1.57;475.34;2.10;
44.57;48.72;-185.72;-332.57;146.85;146.85;146997.91;44.06;146.85;293.70;210.00;637.67;1.57;459.64;2.18;
34.83;47.71;-184.71;-331.83;147.13;147.13;147272.13;44.14;147.13;294.25;210.00;637.67;1.57;459.64;2.18;
-34.45;-21.84;-185.16;-332.55;147.39;147.39;147535.14;44.22;147.39;294.78;280.00;801.52;1.25;459.64;2.18;
-33.76;-21.40;-185.60;-333.24;147.64;147.64;147787.64;44.29;147.64;295.28;210.00;801.52;1.25;459.64;2.18;
-13.49;-1.37;-185.63;-333.51;147.88;147.88;148030.24;44.36;147.88;295.76;210.00;774.39;1.29;459.64;2.18;
-8.33;-31.75;-186.25;-333.67;147.42;147.42;147570.50;44.23;147.42;294.85;210.00;774.39;1.29;518.54;1.93;
1.64;-21.34;-186.66;-333.64;146.98;146.98;147128.11;44.09;146.98;293.96;210.00;803.88;1.24;518.54;1.93;
-3.30;8.50;-186.50;-333.70;147.20;147.20;147350.91;44.16;147.20;294.41;210.00;803.88;1.24;507.19;1.97;
-13.05;-1.47;-186.53;-333.95;147.42;147.42;147565.60;44.23;147.42;294.84;220.00;776.41;1.29;507.19;1.97;
-12.82;-1.45;-186.55;-334.18;147.63;147.63;147772.63;44.29;147.63;295.25;210.00;776.41;1.29;507.19;1.97;
-12.60;-17.14;-186.86;-334.40;147.54;147.54;147691.40;44.26;147.54;295.09;210.00;776.41;1.29;505.27;1.98;
-20.24;-16.84;-187.16;-334.76;147.60;147.60;147751.05;44.28;147.60;295.21;210.00;776.41;1.29;505.27;1.98;
-10.07;-2.80;-187.20;-334.93;147.73;147.73;147876.54;44.32;147.73;295.46;210.00;776.41;1.29;491.86;2.03;
-9.90;13.97;-186.97;-335.10;148.13;148.13;148281.47;44.44;148.13;296.27;210.00;776.41;1.29;515.99;1.94;
-1.87;13.74;-186.74;-335.13;148.39;148.39;148541.84;44.52;148.39;296.79;210.00;776.41;1.29;515.99;1.94;
-1.84;1.71;-186.71;-335.16;148.45;148.45;148600.06;44.54;148.45;296.90;210.00;776.41;1.29;532.13;1.88;
-14.60;1.68;-186.68;-335.40;148.71;148.71;148863.00;44.61;148.71;297.43;210.00;776.41;1.29;532.13;1.88;
-14.38;18.39;-186.39;-335.63;149.23;149.23;149383.61;44.77;149.23;298.47;210.00;776.41;1.29;518.94;1.93;
-6.28;18.11;-186.11;-335.72;149.62;149.62;149765.00;44.88;149.62;299.23;210.00;776.41;1.29;518.94;1.93;
-6.18;-4.82;-186.18;-335.82;149.64;149.64;149786.00;44.89;149.64;299.27;210.00;776.41;1.29;514.71;1.94;
-8.06;-4.75;-186.25;-335.94;149.69;149.69;149836.25;44.91;149.69;299.37;210.00;776.41;1.29;514.71;1.94;
-7.94;-2.71;-186.29;-336.06;149.76;149.76;149914.47;44.93;149.76;299.53;210.00;776.41;1.29;505.86;1.98;
14.84;-2.67;-186.33;-335.84;149.51;149.51;149656.75;44.85;149.51;299.01;210.00;776.41;1.29;505.86;1.98;
-9.03;-2.63;-186.37;-335.97;149.60;149.60;149749.60;44.88;149.60;299.20;210.00;776.41;1.29;500.12;2.00;
10.82;17.13;-186.13;-335.82;149.69;149.69;149839.83;44.91;149.69;299.38;210.00;916.65;1.09;500.12;2.00;
-12.01;-10.72;-186.28;-335.99;149.71;149.71;149858.04;44.91;149.71;299.42;210.00;916.65;1.09;490.55;2.04;
-11.85;-39.18;-186.82;-336.15;149.33;149.33;149478.10;44.80;149.33;298.66;210.00;916.65;1.09;480.57;2.08;
-7.74;-38.65;-187.35;-336.26;148.91;148.91;149054.31;44.67;148.91;297.81;210.00;916.65;1.09;480.57;2.08;
-17.51;-2.61;-187.39;-336.49;149.11;149.11;149255.77;44.73;149.11;298.21;210.00;916.65;1.09;470.74;2.12;
12.33;27.03;-187.03;-336.33;149.30;149.30;149451.93;44.79;149.30;298.61;210.00;891.18;1.12;470.74;2.12;
-7.57;6.94;-186.94;-336.43;149.49;149.49;149643.00;44.85;149.49;298.99;230.00;868.81;1.15;470.74;2.12;
-7.47;6.85;-186.85;-336.53;149.68;149.68;149829.17;44.90;149.68;299.36;210.00;868.81;1.15;470.74;2.12;
