GapBuy;GapSell;AvBid;AvAsk;Spread;SpreadK;MinLev;MinLevClose;FixTp;FixSl;FastSpread;dTFast;tpsFast;dTSlow;tpsSlow;
0.00;0.00;-211.00;-345.00;134.00;134.00;134134.00;40.20;134.00;268.00;210.00;0.00;0.00;0.00;0.00;
5.00;5.00;-206.00;-340.00;134.00;134.00;134134.00;40.20;134.00;268.00;210.00;1148.03;0.87;0.00;0.00;
10.00;10.00;-201.00;-335.00;134.00;134.00;134134.00;40.20;134.00;268.00;200.00;805.82;1.24;0.00;0.00;
7.50;7.50;-198.50;-332.50;134.00;134.00;134134.00;40.20;134.00;268.00;210.00;805.82;1.24;0.00;0.00;
0.40;7.60;-196.60;-332.40;135.80;135.80;135935.80;40.74;135.80;271.60;210.00;642.48;1.56;917.75;1.09;
-12.17;-2.83;-197.17;-334.83;137.67;137.67;137804.33;41.30;137.67;275.33;210.00;642.48;1.56;894.88;1.12;
-27.57;-19.57;-200.43;-339.43;139.00;139.00;139139.00;41.70;139.00;278.00;230.00;702.39;1.42;894.88;1.12;
-24.13;-17.13;-202.88;-342.88;140.00;140.00;140140.00;42.00;140.00;280.00;210.00;702.39;1.42;894.88;1.12;
-21.44;11.44;-201.44;-345.56;144.11;144.11;144255.22;43.23;144.11;288.22;210.00;702.39;1.42;697.15;1.43;
-1.30;10.30;-200.30;-345.70;145.40;145.40;145545.40;43.62;145.40;290.80;210.00;702.39;1.42;697.15;1.43;
-1.18;15.73;-198.73;-345.82;147.09;147.09;147238.00;44.13;147.09;294.18;210.00;702.39;1.42;596.03;1.68;
15.42;14.42;-197.42;-344.42;147.00;147.00;147147.00;44.10;147.00;294.00;210.00;702.39;1.42;596.03;1.68;
5.00;4.08;-197.08;-344.00;146.92;146.92;147070.00;44.08;146.92;293.85;210.00;626.81;1.60;596.03;1.68;
4.64;23.29;-195.29;-343.64;148.36;148.36;148505.50;44.51;148.36;296.71;210.00;626.81;1.60;594.63;1.68;
9.00;21.73;-193.73;-343.00;149.27;149.27;149415.93;44.78;149.27;298.53;210.00;626.81;1.60;594.63;1.68;
-10.31;1.63;-193.63;-343.69;150.06;150.06;150212.56;45.02;150.06;300.13;230.00;606.96;1.65;594.63;1.68;
-9.71;1.53;-193.53;-344.29;150.76;150.76;150915.47;45.23;150.76;301.53;210.00;606.96;1.65;594.63;1.68;
18.22;-3.28;-193.72;-343.22;149.50;149.50;149649.50;44.85;149.50;299.00;210.00;606.96;1.65;546.66;1.83;
7.79;-12.58;-194.42;-342.79;148.37;148.37;148516.79;44.51;148.37;296.74;220.00;569.65;1.76;546.66;1.83;
7.40;-11.95;-195.05;-342.40;147.35;147.35;147497.35;44.21;147.35;294.70;210.00;569.65;1.76;546.66;1.83;
1.33;18.14;-194.14;-342.33;148.19;148.19;148338.67;44.46;148.19;296.38;210.00;569.65;1.76;499.94;2.00;
-8.27;7.77;-193.77;-342.73;148.95;148.95;149103.50;44.69;148.95;297.91;220.00;539.17;1.85;499.94;2.00;
-7.91;7.43;-193.43;-343.09;149.65;149.65;149801.83;44.90;149.65;299.30;210.00;539.17;1.85;499.94;2.00;
-41.13;-55.17;-195.83;-344.88;149.04;149.04;149190.71;44.71;149.04;298.08;210.00;539.17;1.85;482.81;2.07;
-25.08;-19.36;-196.64;-345.92;149.28;149.28;149429.28;44.78;149.28;298.56;210.00;539.17;1.85;445.32;2.25;
23.96;29.46;-195.46;-344.96;149.50;149.50;149649.50;44.85;149.50;299.00;210.00;513.79;1.95;445.32;2.25;
23.07;9.11;-195.11;-344.07;148.96;148.96;149111.93;44.69;148.96;297.93;210.00;513.79;1.95;437.91;2.28;
-5.71;8.79;-194.79;-344.29;149.50;149.50;149649.50;44.85;149.50;299.00;210.00;513.79;1.95;437.91;2.28;
-15.17;-1.17;-194.83;-344.83;150.00;150.00;150150.00;45.00;150.00;300.00;210.00;493.00;2.03;437.91;2.28;
-12.73;-3.07;-194.93;-345.27;150.33;150.33;150483.67;45.10;150.33;300.67;210.00;493.00;2.03;608.62;1.64;
-31.68;-22.32;-195.68;-346.32;150.65;150.65;150795.81;45.19;150.65;301.29;230.00;686.75;1.46;608.62;1.64;
-30.69;-21.63;-196.38;-347.31;150.94;150.94;151088.44;45.28;150.94;301.88;210.00;686.75;1.46;608.62;1.64;
-52.06;-48.12;-197.88;-348.94;151.06;151.06;151211.67;45.32;151.06;302.12;210.00;686.75;1.46;581.71;1.72;
-2.00;1.82;-197.82;-349.00;151.18;151.18;151327.65;45.35;151.18;302.35;160.00;656.75;1.52;581.71;1.72;
-1.94;1.77;-197.77;-349.06;151.29;151.29;151437.00;45.39;151.29;302.57;210.00;656.75;1.52;581.71;1.72;
-2.86;-20.64;-198.36;-349.14;150.78;150.78;150928.56;45.23;150.78;301.56;210.00;656.75;1.52;671.30;1.49;
16.68;-0.62;-198.38;-348.68;150.30;150.30;150447.59;45.09;150.30;300.59;210.00;730.08;1.37;671.30;1.49;
21.11;17.89;-197.89;-348.11;150.21;150.21;150360.74;45.06;150.21;300.42;210.00;730.08;1.37;631.47;1.58;
1.08;-2.05;-197.95;-348.08;150.13;150.13;150278.33;45.04;150.13;300.26;230.00;697.49;1.43;631.47;1.58;
1.05;-2.00;-198.00;-348.05;150.05;150.05;150200.05;45.02;150.05;300.10;210.00;697.49;1.43;631.47;1.58;
28.34;19.51;-197.51;-347.34;149.83;149.83;149979.10;44.95;149.83;299.66;210.00;697.49;1.43;652.52;1.53;
-1.62;-10.24;-197.76;-347.38;149.62;149.62;149768.67;44.89;149.62;299.24;210.00;748.72;1.34;652.52;1.53;
8.19;-0.23;-197.77;-347.19;149.42;149.42;149568.02;44.83;149.42;298.84;210.00;723.03;1.38;652.52;1.53;
-11.55;-4.14;-197.86;-347.45;149.59;149.59;149740.50;44.88;149.59;299.18;210.00;723.03;1.38;647.50;1.54;
-40.62;-33.38;-198.62;-348.38;149.76;149.76;149905.31;44.93;149.76;299.51;210.00;696.11;1.44;647.50;1.54;
-39.74;-42.43;-199.57;-349.26;149.70;149.70;149845.35;44.91;149.70;299.39;210.00;696.11;1.44;625.41;1.60;
-53.57;-41.53;-200.47;-350.43;149.96;149.96;150107.40;44.99;149.96;299.91;210.00;696.11;1.44;625.41;1.60;
-49.52;-69.06;-201.94;-351.48;149.54;149.54;149691.21;44.86;149.54;299.08;210.00;696.11;1.44;611.58;1.64;
20.06;0.92;-201.92;-351.06;149.14;149.14;149292.00;44.74;149.14;298.29;140.00;686.48;1.46;611.58;1.64;
19.66;0.90;-201.90;-350.66;148.76;148.76;148908.76;44.63;148.76;297.52;210.00;686.48;1.46;611.58;1.64;
19.27;-40.29;-202.71;-350.27;147.57;147.57;147716.20;44.27;147.57;295.14;210.00;686.48;1.46;588.26;1.70;
35.58;-39.52;-203.48;-349.58;146.10;146.10;146242.25;43.83;146.10;292.19;210.00;686.48;1.46;588.26;1.70;
-29.85;-22.09;-203.91;-350.15;146.25;146.25;146391.53;43.87;146.25;292.49;210.00;686.48;1.46;587.07;1.70;
-9.67;-2.06;-203.94;-350.33;146.39;146.39;146535.28;43.92;146.39;292.78;210.00;683.29;1.46;587.07;1.70;
-9.49;-8.89;-204.11;-350.51;146.40;146.40;146546.40;43.92;146.40;292.80;210.00;683.29;1.46;566.02;1.77;
-27.00;-8.73;-204.27;-351.00;146.73;146.73;146878.88;44.02;146.73;293.46;210.00;683.29;1.46;566.02;1.77;
-26.53;2.23;-204.23;-351.47;147.25;147.25;147392.86;44.17;147.25;294.49;210.00;683.29;1.46;546.47;1.83;
-13.29;2.19;-204.19;-351.71;147.52;147.52;147664.76;44.26;147.52;295.03;210.00;683.29;1.46;546.47;1.83;
16.42;31.64;-203.64;-351.42;147.78;147.78;147927.44;44.33;147.78;295.56;210.00;665.26;1.50;546.47;1.83;
-3.52;11.45;-203.45;-351.48;148.03;148.03;148181.37;44.41;148.03;296.07;230.00;647.27;1.54;546.47;1.83;
-3.46;11.26;-203.26;-351.54;148.28;148.28;148426.97;44.48;148.28;296.56;210.00;647.27;1.54;546.47;1.83;
-25.05;-15.48;-203.52;-351.95;148.44;148.44;148583.92;44.53;148.44;296.87;210.00;647.27;1.54;545.06;1.83;
-4.97;4.44;-203.44;-352.03;148.59;148.59;148735.89;44.58;148.59;297.17;190.00;634.52;1.58;545.06;1.83;
-4.89;4.38;-203.38;-352.11;148.73;148.73;148883.11;44.62;148.73;297.47;210.00;634.52;1.58;545.06;1.83;
40.48;8.25;-203.25;-351.48;148.23;148.23;148379.00;44.47;148.23;296.46;210.00;634.52;1.58;555.46;1.80;
20.17;-11.58;-203.42;-351.17;147.74;147.74;147890.17;44.32;147.74;295.48;230.00;631.13;1.58;555.46;1.80;
19.87;-11.40;-203.60;-350.87;147.27;147.27;147415.93;44.18;147.27;294.54;210.00;631.13;1.58;555.46;1.80;
4.79;28.18;-203.18;-350.79;147.62;147.62;147765.26;44.29;147.62;295.24;210.00;631.13;1.58;539.00;1.86;
4.72;25.80;-202.80;-350.72;147.93;147.93;148075.46;44.38;147.93;295.86;210.00;631.13;1.58;523.43;1.91;
30.29;25.43;-202.43;-350.29;147.86;147.86;148005.00;44.36;147.86;295.71;210.00;631.13;1.58;523.43;1.91;
0.28;-4.51;-202.49;-350.28;147.79;147.79;147936.52;44.34;147.79;295.58;210.00;616.91;1.62;523.43;1.91;
10.14;5.42;-202.42;-350.14;147.72;147.72;147869.94;44.32;147.72;295.44;200.00;731.72;1.37;523.43;1.91;
10.00;5.34;-202.34;-350.00;147.66;147.66;147805.19;44.30;147.66;295.32;210.00;731.72;1.37;523.43;1.91;
31.57;32.89;-201.89;-349.57;147.68;147.68;147823.35;44.30;147.68;295.35;210.00;731.72;1.37;636.21;1.57;
1.55;2.85;-201.85;-349.55;147.69;147.69;147841.03;44.31;147.69;295.39;210.00;717.08;1.39;636.21;1.57;
21.26;22.55;-201.55;-349.26;147.71;147.71;147858.24;44.31;147.71;295.42;210.00;701.03;1.43;636.21;1.57;
20.99;-2.42;-201.58;-348.99;147.40;147.40;147550.00;44.22;147.40;294.81;210.00;701.03;1.43;636.09;1.57;
-2.97;-2.38;-201.62;-349.03;147.41;147.41;147557.67;44.22;147.41;294.82;210.00;701.03;1.43;636.09;1.57;
21.75;-2.35;-201.65;-348.75;147.10;147.10;147248.37;44.13;147.10;294.20;210.00;701.03;1.43;625.89;1.60;
26.41;16.44;-201.44;-348.41;146.98;146.98;147121.98;44.09;146.98;293.95;210.00;701.03;1.43;609.26;1.64;
6.33;-3.52;-201.48;-348.33;146.85;146.85;146998.70;44.06;146.85;293.70;210.00;699.84;1.43;609.26;1.64;
26.01;16.28;-201.28;-348.01;146.73;146.73;146878.44;44.02;146.73;293.46;190.00;687.39;1.45;609.26;1.64;
25.70;16.08;-201.08;-347.70;146.61;146.61;146761.07;43.98;146.61;293.23;210.00;687.39;1.45;609.26;1.64;
-1.29;17.87;-200.87;-347.71;146.85;146.85;146992.08;44.05;146.85;293.69;210.00;687.39;1.45;585.71;1.71;
-1.27;-6.06;-200.94;-347.73;146.79;146.79;146935.02;44.04;146.79;293.58;210.00;687.39;1.45;585.71;1.71;
-34.86;-22.79;-201.21;-348.14;146.93;146.93;147077.16;44.08;146.93;293.86;210.00;687.39;1.45;574.77;1.74;
-4.80;7.13;-201.13;-348.20;147.07;147.07;147216.03;44.12;147.07;294.14;210.00;674.97;1.48;574.77;1.74;
35.78;40.66;-200.66;-347.78;147.13;147.13;147272.13;44.14;147.13;294.25;210.00;674.97;1.48;562.17;1.78;
45.27;55.03;-200.03;-347.27;147.24;147.24;147383.19;44.17;147.24;294.47;210.00;674.97;1.48;549.67;1.82;
-4.68;4.98;-199.98;-347.32;147.34;147.34;147491.79;44.20;147.34;294.69;260.00;662.42;1.51;549.67;1.82;
-4.63;4.92;-199.92;-347.37;147.45;147.45;147598.00;44.24;147.45;294.90;210.00;662.42;1.51;549.67;1.82;
-34.25;-24.80;-200.20;-347.75;147.55;147.55;147701.90;44.27;147.55;295.11;210.00;663.72;1.51;549.67;1.82;
-4.20;5.14;-200.14;-347.80;147.66;147.66;147803.57;44.30;147.66;295.31;180.00;651.91;1.53;549.67;1.82;
-4.16;5.09;-200.09;-347.84;147.76;147.76;147903.07;44.33;147.76;295.51;210.00;651.91;1.53;549.67;1.82;
15.67;24.82;-199.82;-347.67;147.85;147.85;148000.48;44.36;147.85;295.71;190.00;780.85;1.28;549.67;1.82;
15.51;24.56;-199.56;-347.51;147.95;147.95;148095.86;44.38;147.95;295.90;210.00;780.85;1.28;549.67;1.82;
-8.40;-1.42;-199.58;-347.60;148.02;148.02;148168.64;44.41;148.02;296.04;210.00;780.85;1.28;698.20;1.43;
-37.02;-22.19;-199.81;-347.98;148.17;148.17;148321.64;44.45;148.17;296.35;210.00;780.85;1.28;685.56;1.46;
-6.95;7.73;-199.73;-348.05;148.32;148.32;148471.56;44.50;148.32;296.65;210.00;767.59;1.30;685.56;1.46;
-6.88;25.47;-199.47;-348.12;148.65;148.65;148798.65;44.60;148.65;297.30;210.00;767.59;1.30;671.57;1.49;
25.89;25.10;-199.10;-347.89;148.79;148.79;148938.79;44.64;148.79;297.58;210.00;767.59;1.30;671.57;1.49;
5.96;5.03;-199.03;-347.96;148.93;148.93;149078.93;44.68;148.93;297.86;210.00;755.29;1.32;671.57;1.49;
-3.77;-4.84;-199.16;-348.23;149.07;149.07;149219.07;44.72;149.07;298.14;220.00;749.94;1.33;671.57;1.49;
-3.50;-4.71;-199.29;-348.50;149.21;149.21;149359.21;44.76;149.21;298.42;210.00;749.94;1.33;671.57;1.49;
26.40;25.14;-199.14;-348.40;149.26;149.26;149409.26;44.78;149.26;298.52;210.00;740.76;1.35;671.57;1.49;
24.17;2.11;-199.11;-348.17;149.06;149.06;149209.06;44.72;149.06;298.12;210.00;740.76;1.35;685.58;1.46;
23.74;7.82;-198.82;-347.74;148.92;148.92;149068.92;44.68;148.92;297.84;210.00;740.76;1.35;671.44;1.49;
-7.38;7.53;-198.53;-347.62;149.09;149.09;149239.09;44.73;149.09;298.18;210.00;740.76;1.35;671.44;1.49;
0.42;24.37;-198.37;-347.42;149.05;149.05;149199.05;44.72;149.05;298.10;210.00;740.76;1.35;659.41;1.52;
-29.28;-5.49;-198.51;-347.72;149.21;149.21;149359.21;44.76;149.21;298.42;210.00;729.32;1.37;659.41;1.52;
-4.23;-5.28;-198.72;-347.77;149.05;149.05;149199.05;44.72;149.05;298.10;210.00;729.32;1.37;647.10;1.55;
5.90;4.83;-198.83;-347.90;149.07;149.07;149219.07;44.72;149.07;298.14;200.00;719.66;1.39;647.10;1.55;
5.93;4.84;-198.84;-347.93;149.09;149.09;149239.09;44.73;149.09;298.18;210.00;719.66;1.39;647.10;1.55;
-3.94;-4.84;-199.16;-348.06;148.90;148.90;149048.90;44.67;148.90;297.80;220.00;719.48;1.39;647.10;1.55;
-3.76;-4.52;-199.48;-348.24;148.76;148.76;148908.76;44.63;148.76;297.52;210.00;719.48;1.39;647.10;1.55;
-13.68;-19.25;-199.75;-348.32;148.57;148.57;148718.57;44.57;148.57;297.14;210.00;719.48;1.39;655.37;1.53;
-13.60;-6.11;-199.89;-348.40;148.51;148.51;148658.51;44.55;148.51;297.02;210.00;719.48;1.39;642.86;1.56;
-2.34;-6.02;-199.98;-348.66;148.68;148.68;148828.68;44.60;148.68;297.36;210.00;719.48;1.39;642.86;1.56;
7.72;3.87;-199.87;-348.72;148.85;148.85;148998.85;44.66;148.85;297.70;200.00;712.60;1.40;642.86;1.56;
7.78;3.76;-199.76;-348.78;149.02;149.02;149169.02;44.71;149.02;298.04;210.00;712.60;1.40;642.86;1.56;
-2.12;-5.94;-200.06;-348.88;148.82;148.82;148968.82;44.65;148.82;297.64;220.00;700.61;1.43;642.86;1.56;
-2.12;-5.74;-200.26;-348.88;148.62;148.62;148768.62;44.59;148.62;297.24;210.00;700.61;1.43;642.86;1.56;
27.58;24.16;-200.16;-348.58;148.42;148.42;148568.42;44.53;148.42;296.84;180.00;692.50;1.44;642.86;1.56;
26.93;23.41;-199.41;-347.93;148.52;148.52;148668.52;44.56;148.52;297.04;210.00;692.50;1.44;642.86;1.56;
-31.98;-16.59;-199.41;-348.02;148.61;148.61;148758.61;44.58;148.61;297.22;210.00;692.50;1.44;648.98;1.54;
-1.69;13.61;-199.61;-348.31;148.70;148.70;148848.70;44.61;148.70;297.40;180.00;684.35;1.46;648.98;1.54;
-1.40;13.61;-199.61;-348.60;148.99;148.99;149138.99;44.70;148.99;297.98;210.00;684.35;1.46;648.98;1.54;
35.23;25.49;-199.49;-348.23;148.74;148.74;148888.74;44.62;148.74;297.48;210.00;684.35;1.46;650.74;1.54;
5.06;-4.43;-199.57;-348.06;148.49;148.49;148638.49;44.55;148.49;296.98;210.00;680.56;1.47;650.74;1.54;
24.71;15.43;-199.43;-347.71;148.28;148.28;148428.28;44.48;148.28;296.56;190.00;675.71;1.48;650.74;1.54;
24.16;15.09;-199.09;-347.16;148.07;148.07;148218.07;44.42;148.07;296.14;210.00;675.71;1.48;650.74;1.54;
-33.81;-26.83;-199.17;-347.19;148.02;148.02;148168.02;44.41;148.02;296.04;210.00;675.71;1.48;648.31;1.54;
-34.01;-31.98;-199.02;-346.99;147.97;147.97;148117.97;44.39;147.97;295.94;210.00;675.71;1.48;637.78;1.57;
-4.01;-31.63;-199.37;-346.99;147.62;147.62;147767.62;44.29;147.62;295.24;210.00;675.71;1.48;637.78;1.57;
-4.01;2.38;-199.38;-346.99;147.61;147.61;147757.61;44.28;147.61;295.22;210.00;675.71;1.48;627.32;1.59;
-12.93;2.16;-199.16;-347.07;147.91;147.91;148057.91;44.37;147.91;295.82;210.00;675.71;1.48;627.32;1.59;
17.05;31.84;-198.84;-347.05;148.21;148.21;148358.21;44.46;148.21;296.42;210.00;668.11;1.50;627.32;1.59;
-12.62;2.01;-199.01;-347.38;148.37;148.37;148518.37;44.51;148.37;296.74;210.00;660.40;1.51;627.32;1.59;
17.21;-2.97;-199.03;-347.21;148.18;148.18;148328.18;44.45;148.18;296.36;210.00;660.40;1.51;629.10;1.59;
17.04;-6.91;-199.09;-347.04;147.95;147.95;148097.95;44.39;147.95;295.90;210.00;660.40;1.51;622.13;1.61;
-3.64;-6.63;-199.37;-347.36;147.99;147.99;148137.99;44.40;147.99;295.98;210.00;660.40;1.51;622.13;1.61;
6.28;3.25;-199.25;-347.28;148.03;148.03;148178.03;44.41;148.03;296.06;200.00;689.99;1.45;622.13;1.61;
6.30;3.23;-199.23;-347.30;148.07;148.07;148218.07;44.42;148.07;296.14;210.00;689.99;1.45;622.13;1.61;
6.12;-11.68;-199.32;-347.12;147.80;147.80;147947.80;44.34;147.80;295.60;210.00;689.99;1.45;640.96;1.56;
-28.02;-11.89;-199.11;-346.98;147.87;147.87;148017.87;44.36;147.87;295.74;210.00;689.99;1.45;640.96;1.56;
30.25;27.40;-198.40;-346.25;147.85;147.85;147997.85;44.36;147.85;295.70;210.00;689.99;1.45;631.14;1.58;
-0.33;-3.01;-197.99;-345.67;147.68;147.68;147827.68;44.30;147.68;295.36;210.00;682.95;1.46;631.14;1.58;
37.73;-16.58;-197.42;-344.73;147.31;147.31;147457.31;44.19;147.31;294.62;210.00;682.95;1.46;657.75;1.52;
37.49;5.33;-197.33;-344.49;147.16;147.16;147307.16;44.15;147.16;294.32;210.00;682.95;1.46;647.97;1.54;
-10.27;5.24;-197.24;-344.73;147.49;147.49;147637.49;44.25;147.49;294.98;210.00;682.95;1.46;647.97;1.54;
2.84;-32.89;-197.11;-344.84;147.73;147.73;147877.73;44.32;147.73;295.46;210.00;682.95;1.46;641.82;1.56;
13.02;-23.12;-196.88;-345.02;148.14;148.14;148288.14;44.44;148.14;296.28;200.00;718.99;1.39;641.82;1.56;
12.54;-23.18;-196.82;-344.54;147.72;147.72;147867.72;44.32;147.72;295.44;210.00;718.99;1.39;641.82;1.56;
5.33;8.64;-196.64;-344.33;147.69;147.69;147837.69;44.31;147.69;295.38;210.00;718.99;1.39;632.78;1.58;
-4.78;-1.51;-196.49;-344.22;147.73;147.73;147877.73;44.32;147.73;295.46;220.00;710.08;1.41;632.78;1.58;
-5.07;-1.66;-196.34;-343.93;147.59;147.59;147737.59;44.28;147.59;295.18;210.00;710.08;1.41;632.78;1.58;
14.44;18.10;-196.10;-343.44;147.34;147.34;147487.34;44.20;147.34;294.68;190.00;706.55;1.42;632.78;1.58;
14.08;17.86;-195.86;-343.08;147.22;147.22;147367.22;44.17;147.22;294.44;210.00;706.55;1.42;632.78;1.58;
-5.78;-1.88;-196.12;-343.22;147.10;147.10;147247.10;44.13;147.10;294.20;230.00;698.90;1.43;632.78;1.58;
-5.84;-1.82;-196.18;-343.16;146.98;146.98;147126.98;44.09;146.98;293.96;210.00;698.90;1.43;632.78;1.58;
37.66;-19.58;-196.42;-342.66;146.24;146.24;146386.24;43.87;146.24;292.48;210.00;698.90;1.43;651.88;1.53;
27.04;-29.51;-196.49;-342.04;145.55;145.55;145695.55;43.67;145.55;291.10;210.00;700.62;1.43;651.88;1.53;
7.81;-11.42;-196.58;-341.81;145.23;145.23;145375.23;43.57;145.23;290.46;210.00;700.62;1.43;642.75;1.56;
6.59;15.40;-196.40;-341.59;145.19;145.19;145335.19;43.56;145.19;290.38;210.00;700.62;1.43;634.00;1.58;
-14.95;-13.45;-196.55;-342.05;145.50;145.50;145645.50;43.65;145.50;291.00;210.00;700.62;1.43;625.55;1.60;
-4.79;-3.60;-196.40;-342.21;145.81;145.81;145955.81;43.74;145.81;291.62;210.00;693.87;1.44;625.55;1.60;
25.07;25.95;-195.95;-342.07;146.12;146.12;146266.12;43.84;146.12;292.24;210.00;690.15;1.45;625.55;1.60;
-4.92;-3.80;-196.20;-342.08;145.88;145.88;146025.88;43.76;145.88;291.76;240.00;683.77;1.46;625.55;1.60;
-4.91;-3.57;-196.43;-342.09;145.66;145.66;145805.66;43.70;145.66;291.32;210.00;683.77;1.46;625.55;1.60;
9.22;8.54;-196.54;-342.22;145.68;145.68;145825.68;43.70;145.68;291.36;210.00;683.77;1.46;642.91;1.56;
-7.78;-0.56;-196.44;-342.22;145.78;145.78;145925.78;43.73;145.78;291.56;210.00;683.77;1.46;634.55;1.58;
-16.59;-16.40;-196.60;-342.41;145.81;145.81;145955.81;43.74;145.81;291.62;210.00;683.77;1.46;668.70;1.50;
-1.55;-5.35;-196.65;-342.45;145.80;145.80;145945.80;43.74;145.80;291.60;210.00;683.77;1.46;660.21;1.51;
-1.29;-20.86;-197.14;-342.71;145.57;145.57;145715.57;43.67;145.57;291.14;210.00;683.77;1.46;669.67;1.49;
-10.24;-20.67;-197.33;-342.76;145.43;145.43;145575.43;43.63;145.43;290.86;210.00;683.77;1.46;669.67;1.49;
9.81;-0.48;-197.52;-342.81;145.29;145.29;145435.29;43.59;145.29;290.58;210.00;760.74;1.31;669.67;1.49;
-15.88;0.45;-197.45;-343.12;145.67;145.67;145815.67;43.70;145.67;291.34;210.00;760.74;1.31;669.88;1.49;
12.90;-4.57;-197.43;-342.90;145.47;145.47;145615.47;43.64;145.47;290.94;210.00;760.74;1.31;697.94;1.43;
12.93;50.85;-196.85;-342.93;146.08;146.08;146226.08;43.82;146.08;292.16;210.00;760.74;1.31;690.90;1.45;
32.81;50.46;-196.46;-342.81;146.35;146.35;146496.35;43.91;146.35;292.70;210.00;760.74;1.31;690.90;1.45;
12.69;30.07;-196.07;-342.69;146.62;146.62;146766.62;43.99;146.62;293.24;230.00;806.45;1.24;690.90;1.45;
12.77;29.88;-195.88;-342.77;146.89;146.89;147036.89;44.07;146.89;293.78;210.00;806.45;1.24;690.90;1.45;
-6.95;-1.00;-196.00;-343.05;147.05;147.05;147197.05;44.12;147.05;294.10;210.00;806.45;1.24;684.10;1.46;
-36.64;-30.56;-196.44;-343.36;146.92;146.92;147066.92;44.08;146.92;293.84;210.00;798.43;1.25;684.10;1.46;
-11.58;-29.37;-196.63;-343.42;146.79;146.79;146936.79;44.04;146.79;293.58;210.00;798.43;1.25;690.49;1.45;
7.94;-9.55;-196.45;-342.94;146.49;146.49;146636.49;43.95;146.49;292.98;210.00;802.03;1.25;690.49;1.45;
-12.04;-14.38;-196.62;-342.96;146.34;146.34;146486.34;43.90;146.34;292.68;210.00;802.03;1.25;682.48;1.47;
-1.71;-3.97;-197.03;-343.29;146.26;146.26;146406.26;43.88;146.26;292.52;210.00;793.92;1.26;682.48;1.47;
17.53;1.54;-197.54;-343.53;145.99;145.99;146135.99;43.80;145.99;291.98;210.00;793.92;1.26;681.20;1.47;
7.37;-8.35;-197.65;-343.37;145.72;145.72;145865.72;43.72;145.72;291.44;220.00;787.87;1.27;681.20;1.47;
7.21;-8.24;-197.76;-343.21;145.45;145.45;145595.45;43.64;145.45;290.90;210.00;787.87;1.27;681.20;1.47;
16.65;1.47;-197.47;-342.65;145.18;145.18;145325.18;43.55;145.18;290.36;200.00;780.94;1.28;681.20;1.47;
16.39;1.48;-197.48;-342.39;144.91;144.91;145054.91;43.47;144.91;289.82;210.00;780.94;1.28;681.20;1.47;
-10.60;4.46;-197.46;-342.40;144.94;144.94;145084.94;43.48;144.94;289.88;210.00;780.94;1.28;679.59;1.47;
9.41;24.44;-197.44;-342.41;144.97;144.97;145114.97;43.49;144.97;289.94;210.00;773.54;1.29;679.59;1.47;
14.37;-5.28;-197.72;-342.37;144.65;144.65;144794.65;43.40;144.65;289.30;210.00;773.54;1.29;693.62;1.44;
-6.70;-10.21;-197.79;-342.30;144.51;144.51;144654.51;43.35;144.51;289.02;210.00;773.54;1.29;686.37;1.46;
12.74;-5.40;-197.60;-341.74;144.14;144.14;144284.14;43.24;144.14;288.28;210.00;773.54;1.29;694.56;1.44;
2.58;-15.19;-197.81;-341.58;143.77;143.77;143913.77;43.13;143.77;287.54;210.00;808.71;1.24;694.56;1.44;
12.32;-4.90;-198.10;-341.32;143.22;143.22;143363.22;42.97;143.22;286.44;200.00;803.76;1.24;694.56;1.44;
12.39;-4.61;-198.39;-341.39;143.00;143.00;143143.00;42.90;143.00;286.00;210.00;803.76;1.24;694.56;1.44;
-11.50;-4.52;-198.48;-341.50;143.02;143.02;143163.02;42.91;143.02;286.04;210.00;803.76;1.24;693.42;1.44;
-21.39;-14.43;-198.57;-341.61;143.04;143.04;143183.04;42.91;143.04;286.08;210.00;797.20;1.25;693.42;1.44;
30.20;8.43;-198.43;-341.20;142.77;142.77;142912.77;42.83;142.77;285.54;210.00;797.20;1.25;688.88;1.45;
0.39;-21.11;-198.89;-341.39;142.50;142.50;142642.50;42.75;142.50;285.00;210.00;790.18;1.27;688.88;1.45;
20.36;-1.08;-198.92;-341.36;142.44;142.44;142582.44;42.73;142.44;284.88;190.00;801.15;1.25;688.88;1.45;
20.33;-0.99;-199.01;-341.33;142.32;142.32;142462.32;42.70;142.32;284.64;210.00;801.15;1.25;688.88;1.45;
19.99;-52.38;-199.62;-340.99;141.37;141.37;141511.37;42.41;141.37;282.74;210.00;801.15;1.25;703.19;1.42;
-53.53;-51.60;-200.40;-341.47;141.07;141.07;141211.07;42.32;141.07;282.14;210.00;801.15;1.25;703.19;1.42;
6.05;8.28;-200.28;-341.05;140.77;140.77;140910.77;42.23;140.77;281.54;150.00;795.05;1.26;703.19;1.42;
5.88;8.16;-200.16;-340.88;140.72;140.72;140860.72;42.22;140.72;281.44;210.00;795.05;1.26;703.19;1.42;
-23.89;-21.56;-200.44;-341.11;140.67;140.67;140810.67;42.20;140.67;281.34;210.00;792.24;1.26;703.19;1.42;
-3.86;-1.48;-200.52;-341.14;140.62;140.62;140760.62;42.19;140.62;281.24;210.00;786.29;1.27;703.19;1.42;
15.87;18.30;-200.30;-340.87;140.57;140.57;140710.57;42.17;140.57;281.14;190.00;781.13;1.28;703.19;1.42;
15.60;18.08;-200.08;-340.60;140.52;140.52;140660.52;42.16;140.52;281.04;210.00;781.13;1.28;703.19;1.42;
1.37;-16.94;-200.06;-340.37;140.31;140.31;140450.31;42.09;140.31;280.62;210.00;781.13;1.28;715.53;1.40;
30.84;12.87;-199.87;-339.84;139.97;139.97;140109.97;41.99;139.97;279.94;210.00;775.34;1.29;715.53;1.40;
-9.18;1.79;-199.79;-339.82;140.03;140.03;140170.03;42.01;140.03;280.06;210.00;775.34;1.29;722.84;1.38;
-19.00;-8.09;-199.91;-340.00;140.09;140.09;140230.09;42.03;140.09;280.18;220.00;799.38;1.25;722.84;1.38;
-18.82;-7.97;-200.03;-340.18;140.15;140.15;140290.15;42.05;140.15;280.30;210.00;799.38;1.25;722.84;1.38;
9.97;-10.92;-200.08;-339.97;139.89;139.89;140029.89;41.97;139.89;279.78;210.00;799.38;1.25;733.72;1.36;
19.66;-0.97;-200.03;-339.66;139.63;139.63;139769.63;41.89;139.63;279.26;210.00;793.89;1.26;733.72;1.36;
-9.06;3.24;-200.24;-339.94;139.70;139.70;139839.70;41.91;139.70;279.40;210.00;793.89;1.26;733.19;1.36;
-8.78;9.39;-200.39;-340.22;139.83;139.83;139969.83;41.95;139.83;279.66;210.00;793.89;1.26;726.74;1.38;
9.72;9.14;-200.14;-339.72;139.58;139.58;139719.58;41.87;139.58;279.16;210.00;793.89;1.26;726.74;1.38;
-0.38;-0.71;-200.29;-339.62;139.33;139.33;139469.33;41.80;139.33;278.66;220.00;793.86;1.26;726.74;1.38;
-0.48;-0.56;-200.44;-339.52;139.08;139.08;139219.08;41.72;139.08;278.16;210.00;793.86;1.26;726.74;1.38;
-14.07;-12.17;-200.83;-339.93;139.10;139.10;139239.10;41.73;139.10;278.20;210.00;793.86;1.26;723.34;1.38;
-4.06;-2.18;-200.82;-339.94;139.12;139.12;139259.12;41.74;139.12;278.24;210.00;787.73;1.27;723.34;1.38;
-9.79;-44.56;-201.44;-340.21;138.77;138.77;138908.77;41.63;138.77;277.54;210.00;787.73;1.27;724.10;1.38;
20.18;-14.24;-201.76;-340.18;138.42;138.42;138558.42;41.53;138.42;276.84;210.00;787.21;1.27;724.10;1.38;
9.67;-24.24;-201.76;-339.67;137.91;137.91;138047.91;41.37;137.91;275.82;210.00;781.97;1.28;724.10;1.38;
-10.64;-44.09;-201.91;-339.36;137.45;137.45;137587.45;41.24;137.45;274.90;210.00;776.31;1.29;724.10;1.38;
19.05;-14.24;-201.76;-339.05;137.29;137.29;137427.29;41.19;137.29;274.58;180.00;779.34;1.28;724.10;1.38;
18.74;-14.05;-201.95;-338.74;136.79;136.79;136926.79;41.04;136.79;273.58;210.00;779.34;1.28;724.10;1.38;
8.44;-23.76;-202.24;-338.44;136.20;136.20;136336.20;40.86;136.20;272.40;220.00;773.69;1.29;724.10;1.38;
8.44;-23.17;-202.83;-338.44;135.61;135.61;135745.61;40.68;135.61;271.22;210.00;773.69;1.29;724.10;1.38;
-2.75;12.76;-202.76;-338.25;135.49;135.49;135625.49;40.65;135.49;270.98;210.00;773.69;1.29;746.95;1.34;
7.26;22.54;-202.54;-338.26;135.72;135.72;135855.72;40.72;135.72;271.44;210.00;774.03;1.29;746.95;1.34;
-11.54;16.34;-202.34;-338.46;136.12;136.12;136256.12;40.84;136.12;272.24;210.00;774.03;1.29;739.87;1.35;
13.20;16.14;-202.14;-338.20;136.06;136.06;136196.06;40.82;136.06;272.12;210.00;774.03;1.29;732.96;1.36;
-8.74;12.08;-202.08;-338.26;136.18;136.18;136316.18;40.85;136.18;272.36;210.00;774.03;1.29;726.16;1.38;
-18.58;2.12;-202.12;-338.42;136.30;136.30;136436.30;40.89;136.30;272.60;210.00;768.52;1.30;726.16;1.38;
-18.42;-11.85;-202.15;-338.58;136.43;136.43;136566.43;40.93;136.43;272.86;210.00;768.52;1.30;724.64;1.38;
20.01;-11.82;-202.18;-338.01;135.83;135.83;135965.83;40.75;135.83;271.66;210.00;768.52;1.30;724.64;1.38;
0.23;-31.19;-202.81;-338.23;135.42;135.42;135555.42;40.63;135.42;270.84;210.00;766.49;1.30;724.64;1.38;
-6.78;1.81;-202.81;-338.22;135.41;135.41;135545.41;40.62;135.41;270.82;210.00;766.49;1.30;718.25;1.39;
-14.32;-15.15;-202.85;-338.68;135.83;135.83;135965.83;40.75;135.83;271.66;210.00;766.49;1.30;713.31;1.40;
5.94;4.91;-202.91;-338.94;136.03;136.03;136166.03;40.81;136.03;272.06;210.00;761.95;1.31;713.31;1.40;
5.72;27.74;-202.74;-338.72;135.98;135.98;136115.98;40.79;135.98;271.96;210.00;761.95;1.31;712.33;1.40;
31.37;27.19;-202.19;-338.37;136.18;136.18;136316.18;40.85;136.18;272.36;210.00;761.95;1.31;712.33;1.40;
21.22;16.84;-201.84;-338.22;136.38;136.38;136516.38;40.91;136.38;272.76;210.00;760.30;1.32;712.33;1.40;
-27.44;-8.26;-201.74;-338.56;136.82;136.82;136956.82;41.05;136.82;273.64;210.00;760.30;1.32;706.09;1.42;
-28.16;-32.79;-202.21;-338.84;136.63;136.63;136766.63;40.99;136.63;273.26;210.00;760.30;1.32;699.98;1.43;
1.72;-2.72;-202.28;-338.72;136.44;136.44;136576.44;40.93;136.44;272.88;180.00;754.40;1.33;699.98;1.43;
1.60;-2.65;-202.35;-338.60;136.25;136.25;136386.25;40.88;136.25;272.50;210.00;754.40;1.33;699.98;1.43;
3.66;20.39;-202.39;-338.66;136.27;136.27;136406.27;40.88;136.27;272.54;210.00;754.40;1.33;696.46;1.44;
13.62;30.33;-202.33;-338.62;136.29;136.29;136426.29;40.89;136.29;272.58;210.00;752.60;1.33;683.01;1.46;
15.36;3.34;-202.34;-338.36;136.02;136.02;136156.02;40.81;136.02;272.04;210.00;752.60;1.33;683.01;1.46;
-13.61;7.31;-202.31;-338.39;136.08;136.08;136216.08;40.82;136.08;272.16;210.00;752.60;1.33;683.29;1.46;
-15.12;-15.67;-202.33;-338.88;136.55;136.55;136686.55;40.97;136.55;273.10;210.00;752.60;1.33;701.51;1.43;
-4.83;-5.85;-202.15;-339.17;137.02;137.02;137157.02;41.11;137.02;274.04;210.00;775.74;1.29;701.51;1.43;
-20.57;-13.77;-202.23;-339.43;137.20;137.20;137337.20;41.16;137.20;274.40;210.00;775.74;1.29;701.73;1.43;
-0.52;6.38;-202.38;-339.48;137.10;137.10;137237.10;41.13;137.10;274.20;210.00;770.63;1.30;701.73;1.43;
-10.59;-3.66;-202.34;-339.41;137.07;137.07;137207.07;41.12;137.07;274.14;210.00;777.57;1.29;701.73;1.43;
19.14;26.10;-202.10;-339.14;137.04;137.04;137177.04;41.11;137.04;274.08;210.00;775.23;1.29;701.73;1.43;
8.28;11.31;-202.31;-339.28;136.97;136.97;137106.97;41.09;136.97;273.94;210.00;770.48;1.30;724.59;1.38;
-11.68;-8.58;-202.42;-339.32;136.90;136.90;137036.90;41.07;136.90;273.80;210.00;770.48;1.30;724.59;1.38;
-5.70;11.33;-202.33;-339.30;136.97;136.97;137106.97;41.09;136.97;273.94;210.00;770.48;1.30;719.80;1.39;
0.36;-20.32;-202.68;-339.36;136.68;136.68;136816.68;41.00;136.68;273.36;210.00;774.17;1.29;727.15;1.38;
20.05;-0.26;-202.74;-339.05;136.31;136.31;136446.31;40.89;136.31;272.62;210.00;774.17;1.29;727.15;1.38;
19.65;1.62;-202.62;-338.65;136.03;136.03;136166.03;40.81;136.03;272.06;210.00;774.17;1.29;726.33;1.38;
-6.34;1.61;-202.61;-338.66;136.05;136.05;136186.05;40.82;136.05;272.10;210.00;774.17;1.29;726.33;1.38;
-41.97;-13.41;-202.59;-339.03;136.44;136.44;136576.44;40.93;136.44;272.88;210.00;774.17;1.29;729.79;1.37;
-31.79;-3.53;-202.47;-339.21;136.74;136.74;136876.74;41.02;136.74;273.48;200.00;774.46;1.29;729.79;1.37;
-31.41;-3.45;-202.55;-339.59;137.04;137.04;137177.04;41.11;137.04;274.08;210.00;774.46;1.29;729.79;1.37;
-11.49;16.44;-202.44;-339.51;137.07;137.07;137207.07;41.12;137.07;274.14;210.00;766.57;1.30;729.79;1.37;
-27.12;-16.39;-202.61;-339.88;137.27;137.27;137407.27;41.18;137.27;274.54;210.00;766.57;1.30;749.88;1.33;
-6.95;4.14;-203.14;-340.05;136.91;136.91;137046.91;41.07;136.91;273.82;210.00;779.17;1.28;749.88;1.33;
3.32;14.57;-203.57;-340.32;136.75;136.75;136886.75;41.03;136.75;273.50;200.00;779.38;1.28;749.88;1.33;
3.39;14.80;-203.80;-340.39;136.59;136.59;136726.59;40.98;136.59;273.18;210.00;779.38;1.28;749.88;1.33;
-6.44;5.13;-204.13;-340.56;136.43;136.43;136566.43;40.93;136.43;272.86;210.00;774.24;1.29;749.88;1.33;
-6.47;-14.65;-204.35;-340.53;136.18;136.18;136316.18;40.85;136.18;272.36;210.00;774.24;1.29;756.78;1.32;
-17.69;5.07;-204.07;-340.31;136.24;136.24;136376.24;40.87;136.24;272.48;210.00;774.47;1.29;756.78;1.32;
-17.66;21.63;-203.63;-340.34;136.71;136.71;136846.71;41.01;136.71;273.42;210.00;774.47;1.29;732.73;1.36;
15.24;21.39;-203.39;-340.24;136.85;136.85;136986.85;41.06;136.85;273.70;210.00;774.47;1.29;732.73;1.36;
-4.86;1.30;-203.30;-340.14;136.84;136.84;136976.84;41.05;136.84;273.68;230.00;772.69;1.29;732.73;1.36;
-4.86;1.31;-203.31;-340.14;136.83;136.83;136966.83;41.05;136.83;273.66;210.00;772.69;1.29;732.73;1.36;
-14.57;-13.48;-203.52;-340.43;136.91;136.91;137046.91;41.07;136.91;273.82;210.00;772.69;1.29;735.32;1.36;
5.42;6.43;-203.43;-340.42;136.99;136.99;137126.99;41.10;136.99;273.98;210.00;772.40;1.29;735.32;1.36;
5.41;3.37;-203.37;-340.41;137.04;137.04;137177.04;41.11;137.04;274.08;210.00;772.40;1.29;718.09;1.39;
-15.29;3.41;-203.41;-340.71;137.30;137.30;137437.30;41.19;137.30;274.60;210.00;772.40;1.29;718.09;1.39;
12.73;25.23;-203.23;-340.73;137.50;137.50;137637.50;41.25;137.50;275.00;210.00;772.29;1.29;703.83;1.42;
-7.32;5.28;-203.28;-340.68;137.40;137.40;137537.40;41.22;137.40;274.80;210.00;772.29;1.29;703.83;1.42;
2.73;15.43;-203.43;-340.73;137.30;137.30;137437.30;41.19;137.30;274.60;200.00;771.83;1.30;703.83;1.42;
2.83;15.28;-203.28;-340.83;137.55;137.55;137687.55;41.27;137.55;275.10;210.00;771.83;1.30;703.83;1.42;
-28.96;-3.73;-203.27;-341.04;137.77;137.77;137907.77;41.33;137.77;275.54;210.00;772.37;1.29;709.93;1.41;
-18.65;6.21;-203.21;-341.35;138.14;138.14;138278.14;41.44;138.14;276.28;210.00;772.37;1.29;709.93;1.41;
14.23;-1.87;-203.13;-341.23;138.10;138.10;138238.10;41.43;138.10;276.20;210.00;772.37;1.29;706.15;1.42;
-17.47;5.08;-203.08;-341.53;138.45;138.45;138588.45;41.54;138.45;276.90;210.00;772.37;1.29;705.33;1.42;
11.54;26.81;-202.81;-341.54;138.73;138.73;138868.73;41.62;138.73;277.46;210.00;772.37;1.29;702.22;1.42;
-8.49;6.74;-202.74;-341.51;138.77;138.77;138908.77;41.63;138.77;277.54;230.00;750.39;1.33;702.22;1.42;
-8.62;6.57;-202.57;-341.38;138.81;138.81;138948.81;41.64;138.81;277.62;210.00;750.39;1.33;702.22;1.42;
11.57;26.43;-202.43;-341.57;139.14;139.14;139279.14;41.74;139.14;278.28;210.00;750.51;1.33;702.22;1.42;
9.48;3.22;-202.22;-341.48;139.26;139.26;139399.26;41.78;139.26;278.52;210.00;750.51;1.33;707.33;1.41;
18.50;-20.55;-202.45;-341.50;139.05;139.05;139189.05;41.72;139.05;278.10;210.00;737.56;1.36;702.73;1.42;
-1.28;-40.12;-202.88;-341.72;138.84;138.84;138978.84;41.65;138.84;277.68;210.00;746.10;1.34;702.73;1.42;
37.55;-55.06;-202.94;-341.55;138.61;138.61;138748.61;41.58;138.61;277.22;210.00;746.10;1.34;713.97;1.40;
-19.79;-22.33;-202.67;-341.21;138.54;138.54;138678.54;41.56;138.54;277.08;210.00;746.10;1.34;713.97;1.40;
0.27;-2.20;-202.80;-341.27;138.47;138.47;138608.47;41.54;138.47;276.94;210.00;734.61;1.36;713.97;1.40;
20.13;17.73;-202.73;-341.13;138.40;138.40;138538.40;41.52;138.40;276.80;210.00;747.40;1.34;713.97;1.40;
-0.11;-2.44;-202.56;-340.89;138.33;138.33;138468.33;41.50;138.33;276.66;210.00;747.75;1.34;713.97;1.40;
2.82;68.87;-201.87;-340.82;138.95;138.95;139088.95;41.69;138.95;277.90;210.00;747.75;1.34;746.55;1.34;
2.95;68.38;-201.38;-340.95;139.57;139.57;139709.57;41.87;139.57;279.14;200.00;759.91;1.32;746.55;1.34;
3.08;50.07;-201.07;-341.08;140.01;140.01;140150.01;42.00;140.01;280.02;200.00;759.91;1.32;739.30;1.35;
44.65;49.41;-200.41;-340.65;140.24;140.24;140380.24;42.07;140.24;280.48;200.00;759.91;1.32;739.30;1.35;
-4.98;-0.45;-200.55;-341.02;140.47;140.47;140610.47;42.14;140.47;280.94;210.00;757.02;1.32;739.30;1.35;
24.69;29.28;-200.28;-340.69;140.41;140.41;140550.41;42.12;140.41;280.82;180.00;757.42;1.32;739.30;1.35;
24.26;28.91;-199.91;-340.26;140.35;140.35;140490.35;42.11;140.35;280.70;210.00;757.42;1.32;739.30;1.35;
-0.92;3.79;-199.79;-340.08;140.29;140.29;140430.29;42.09;140.29;280.58;210.00;757.42;1.32;744.84;1.34;
-10.71;-6.26;-199.74;-340.29;140.55;140.55;140690.55;42.17;140.55;281.10;220.00;757.34;1.32;744.84;1.34;
-10.40;-6.21;-199.79;-340.60;140.81;140.81;140950.81;42.24;140.81;281.62;210.00;757.34;1.32;744.84;1.34;
12.39;-3.15;-199.85;-340.39;140.54;140.54;140680.54;42.16;140.54;281.08;210.00;757.34;1.32;716.78;1.40;
12.18;-0.06;-199.94;-340.18;140.24;140.24;140380.24;42.07;140.24;280.48;210.00;757.34;1.32;716.78;1.40;
-16.55;0.03;-200.03;-340.45;140.42;140.42;140560.42;42.13;140.42;280.84;210.00;757.34;1.32;716.78;1.40;
5.40;2.99;-199.99;-340.40;140.41;140.41;140550.41;42.12;140.41;280.82;210.00;757.34;1.32;711.10;1.41;
-8.51;-7.94;-200.06;-340.49;140.43;140.43;140570.43;42.13;140.43;280.86;210.00;757.34;1.32;717.37;1.39;
8.27;0.92;-199.92;-340.27;140.35;140.35;140490.35;42.11;140.35;280.70;210.00;757.34;1.32;717.63;1.39;
18.05;10.78;-199.78;-340.05;140.27;140.27;140410.27;42.08;140.27;280.54;210.00;774.71;1.29;717.63;1.39;
4.90;-1.67;-199.33;-339.90;140.57;140.57;140710.57;42.17;140.57;281.14;210.00;774.71;1.29;714.33;1.40;
20.89;6.10;-199.10;-339.89;140.79;140.79;140930.79;42.24;140.79;281.58;210.00;774.71;1.29;715.70;1.40;
-8.92;-23.93;-199.07;-340.08;141.01;141.01;141151.01;42.30;141.01;282.02;210.00;772.03;1.30;715.70;1.40;
-2.99;-4.36;-198.64;-340.01;141.37;141.37;141511.37;42.41;141.37;282.74;210.00;772.03;1.30;714.78;1.40;
-12.66;-14.39;-198.61;-340.34;141.73;141.73;141871.73;42.52;141.73;283.46;210.00;772.61;1.29;714.78;1.40;
-12.33;-45.11;-198.89;-340.67;141.78;141.78;141921.78;42.53;141.78;283.56;210.00;772.61;1.29;718.87;1.39;
-31.90;-44.93;-199.07;-341.10;142.03;142.03;142172.03;42.61;142.03;284.06;210.00;772.61;1.29;718.87;1.39;
-1.77;-15.05;-198.95;-341.23;142.28;142.28;142422.28;42.68;142.28;284.56;210.00;740.60;1.35;718.87;1.39;
-10.66;19.84;-198.84;-341.34;142.50;142.50;142642.50;42.75;142.50;285.00;210.00;740.60;1.35;730.15;1.37;
-17.38;1.02;-199.02;-341.62;142.60;142.60;142742.60;42.78;142.60;285.20;210.00;740.60;1.35;669.19;1.49;
-7.39;11.04;-199.04;-341.61;142.57;142.57;142712.57;42.77;142.57;285.14;210.00;749.79;1.33;669.19;1.49;
-36.85;-18.64;-199.36;-342.15;142.79;142.79;142932.79;42.84;142.79;285.58;240.00;748.77;1.34;669.19;1.49;
-36.53;-18.36;-199.64;-342.47;142.83;142.83;142972.83;42.85;142.83;285.66;210.00;748.77;1.34;669.19;1.49;
-36.31;-46.89;-200.11;-342.69;142.58;142.58;142722.58;42.77;142.58;285.16;210.00;748.77;1.34;686.53;1.46;
-31.14;-46.56;-200.44;-342.86;142.42;142.42;142562.42;42.73;142.42;284.84;210.00;748.77;1.34;686.53;1.46;
-28.60;-23.46;-200.54;-343.40;142.86;142.86;143002.86;42.86;142.86;285.72;210.00;748.77;1.34;688.07;1.45;
1.44;6.14;-200.14;-343.44;143.30;143.30;143443.30;42.99;143.30;286.60;210.00;760.78;1.31;688.07;1.45;
-28.29;-23.63;-200.37;-343.71;143.34;143.34;143483.34;43.00;143.34;286.68;210.00;760.78;1.31;688.07;1.45;
-37.01;-40.40;-200.60;-343.99;143.39;143.39;143533.39;43.02;143.39;286.78;210.00;760.78;1.31;687.94;1.45;
-24.65;-27.10;-200.90;-344.35;143.45;143.45;143593.45;43.04;143.45;286.90;210.00;760.78;1.31;687.94;1.45;
-34.19;-40.43;-201.57;-344.81;143.24;143.24;143383.24;42.97;143.24;286.48;210.00;760.78;1.31;693.06;1.44;
16.03;9.74;-201.74;-345.03;143.29;143.29;143433.29;42.99;143.29;286.58;210.00;776.22;1.29;693.06;1.44;
-8.60;8.82;-201.82;-345.40;143.58;143.58;143723.58;43.07;143.58;287.16;210.00;776.22;1.29;693.25;1.44;
-5.75;-18.08;-201.92;-345.25;143.33;143.33;143473.33;43.00;143.33;286.66;210.00;776.22;1.29;683.63;1.46;
3.00;-3.38;-201.62;-345.00;143.38;143.38;143523.38;43.01;143.38;286.76;210.00;776.22;1.29;683.92;1.46;
12.95;6.52;-201.52;-344.95;143.43;143.43;143573.43;43.03;143.43;286.86;200.00;776.65;1.29;683.92;1.46;
12.90;6.42;-201.42;-344.90;143.48;143.48;143623.48;43.04;143.48;286.96;210.00;776.65;1.29;683.92;1.46;
12.87;-38.99;-202.01;-344.87;142.86;142.86;143002.86;42.86;142.86;285.72;210.00;776.65;1.29;680.42;1.47;
8.98;-38.30;-202.70;-344.98;142.28;142.28;142422.28;42.68;142.28;284.56;210.00;776.65;1.29;680.42;1.47;
19.01;-27.98;-203.02;-345.01;141.99;141.99;142131.99;42.60;141.99;283.98;210.00;777.33;1.29;680.42;1.47;
14.79;1.09;-203.09;-344.79;141.70;141.70;141841.70;42.51;141.70;283.40;210.00;777.33;1.29;678.67;1.47;
4.65;-8.97;-203.03;-344.65;141.62;141.62;141761.62;42.49;141.62;283.24;210.00;777.58;1.29;678.67;1.47;
-11.23;-16.85;-203.15;-344.77;141.62;141.62;141761.62;42.49;141.62;283.24;210.00;777.58;1.29;675.27;1.48;
-1.37;-6.91;-203.09;-344.63;141.54;141.54;141681.54;42.46;141.54;283.08;210.00;730.41;1.37;675.27;1.48;
23.44;-6.77;-203.23;-344.44;141.21;141.21;141351.21;42.36;141.21;282.42;210.00;730.41;1.37;680.09;1.47;
13.25;-16.63;-203.37;-344.25;140.88;140.88;141020.88;42.26;140.88;281.76;210.00;732.22;1.37;680.09;1.47;
-16.34;-12.23;-203.77;-344.66;140.89;140.89;141030.89;42.27;140.89;281.78;210.00;732.22;1.37;679.99;1.47;
-6.14;-2.08;-203.92;-344.86;140.94;140.94;141080.94;42.28;140.94;281.88;210.00;731.63;1.37;679.99;1.47;
40.39;-23.91;-204.09;-344.39;140.30;140.30;140440.30;42.09;140.30;280.60;210.00;731.63;1.37;696.29;1.44;
34.04;57.64;-203.64;-344.04;140.40;140.40;140540.40;42.12;140.40;280.80;210.00;731.63;1.37;695.65;1.44;
83.25;55.88;-202.88;-343.25;140.37;140.37;140510.37;42.11;140.37;280.74;210.00;731.63;1.37;680.24;1.47;
69.79;44.43;-202.43;-342.79;140.36;140.36;140500.36;42.11;140.36;280.72;210.00;731.63;1.37;682.86;1.46;
38.64;48.95;-201.95;-342.64;140.69;140.69;140830.69;42.21;140.69;281.38;210.00;731.63;1.37;662.58;1.51;
28.33;38.57;-201.57;-342.33;140.76;140.76;140900.76;42.23;140.76;281.52;210.00;823.26;1.21;662.58;1.51;
-2.04;8.34;-201.34;-341.96;140.62;140.62;140760.62;42.19;140.62;281.24;210.00;822.77;1.22;662.58;1.51;
-12.21;-1.69;-201.31;-341.79;140.48;140.48;140620.48;42.14;140.48;280.96;220.00;821.46;1.22;662.58;1.51;
-12.38;-1.72;-201.28;-341.62;140.34;140.34;140480.34;42.10;140.34;280.68;210.00;821.46;1.22;662.58;1.51;
-2.45;8.35;-201.35;-341.55;140.20;140.20;140340.20;42.06;140.20;280.40;210.00;832.17;1.20;662.58;1.51;
-12.58;-1.81;-201.19;-341.42;140.23;140.23;140370.23;42.07;140.23;280.46;220.00;838.78;1.19;662.58;1.51;
-12.51;-1.77;-201.23;-341.49;140.26;140.26;140400.26;42.08;140.26;280.52;210.00;838.78;1.19;662.58;1.51;
-2.44;8.27;-201.27;-341.56;140.29;140.29;140430.29;42.09;140.29;280.58;210.00;839.00;1.19;662.58;1.51;
-12.27;-1.59;-201.41;-341.73;140.32;140.32;140460.32;42.10;140.32;280.64;210.00;838.65;1.19;662.58;1.51;
43.24;42.01;-201.01;-341.24;140.23;140.23;140370.23;42.07;140.23;280.46;210.00;838.65;1.19;709.37;1.41;
-6.75;-8.09;-200.91;-341.25;140.34;140.34;140480.34;42.10;140.34;280.68;260.00;837.03;1.19;709.37;1.41;
-6.85;-7.99;-201.01;-341.15;140.14;140.14;140280.14;42.04;140.14;280.28;210.00;837.03;1.19;709.37;1.41;
-26.75;-27.52;-201.48;-341.25;139.77;139.77;139909.77;41.93;139.77;279.54;210.00;835.43;1.20;709.37;1.41;
-5.53;-23.09;-201.91;-341.47;139.56;139.56;139699.56;41.87;139.56;279.12;210.00;835.43;1.20;710.34;1.41;
-39.17;-13.95;-202.05;-341.83;139.78;139.78;139919.78;41.93;139.78;279.56;210.00;835.43;1.20;710.21;1.41;
-19.01;5.99;-201.99;-341.99;140.00;140.00;140140.00;42.00;140.00;280.00;190.00;835.56;1.20;710.21;1.41;
-18.95;5.78;-201.78;-342.05;140.27;140.27;140410.27;42.08;140.27;280.54;210.00;835.56;1.20;710.21;1.41;
12.99;-1.16;-201.84;-341.99;140.15;140.15;140290.15;42.05;140.15;280.30;210.00;835.56;1.20;696.32;1.44;
12.93;23.62;-201.62;-341.93;140.31;140.31;140450.31;42.09;140.31;280.62;210.00;835.56;1.20;696.04;1.44;
-7.14;3.60;-201.60;-341.86;140.26;140.26;140400.26;42.08;140.26;280.52;210.00;835.95;1.20;696.04;1.44;
5.94;16.67;-201.67;-341.94;140.27;140.27;140410.27;42.08;140.27;280.54;210.00;835.95;1.20;714.59;1.40;
-13.98;-3.26;-201.74;-342.02;140.28;140.28;140420.28;42.08;140.28;280.56;210.00;833.78;1.20;714.59;1.40;
0.06;6.81;-201.81;-342.06;140.25;140.25;140390.25;42.08;140.25;280.50;210.00;833.78;1.20;715.59;1.40;
-9.80;-3.02;-201.98;-342.20;140.22;140.22;140360.22;42.07;140.22;280.44;210.00;833.76;1.20;715.59;1.40;
29.62;6.86;-201.86;-341.62;139.76;139.76;139899.76;41.93;139.76;279.52;210.00;833.76;1.20;702.38;1.42;
9.34;-12.96;-202.04;-341.34;139.30;139.30;139439.30;41.79;139.30;278.60;210.00;811.53;1.23;702.38;1.42;
-0.51;-22.76;-202.24;-341.49;139.25;139.25;139389.25;41.78;139.25;278.50;210.00;813.91;1.23;702.38;1.42;
9.22;-12.59;-202.41;-341.22;138.81;138.81;138948.81;41.64;138.81;277.62;200.00;811.60;1.23;702.38;1.42;
9.24;-12.20;-202.80;-341.24;138.44;138.44;138578.44;41.53;138.44;276.88;210.00;811.60;1.23;702.38;1.42;
-10.74;-31.81;-203.19;-341.26;138.07;138.07;138208.07;41.42;138.07;276.14;230.00;851.89;1.17;702.38;1.42;
-10.72;-31.42;-203.58;-341.28;137.70;137.70;137837.70;41.31;137.70;275.40;210.00;851.89;1.17;702.38;1.42;
18.21;-10.04;-203.96;-341.21;137.25;137.25;137387.25;41.18;137.25;274.50;210.00;851.89;1.17;753.53;1.33;
-13.56;-26.72;-204.28;-341.44;137.16;137.16;137297.16;41.15;137.16;274.32;210.00;851.89;1.17;725.61;1.38;
6.56;-6.84;-204.16;-341.56;137.40;137.40;137537.40;41.22;137.40;274.80;190.00;847.01;1.18;725.61;1.38;
6.48;-7.16;-203.84;-341.48;137.64;137.64;137777.64;41.29;137.64;275.28;210.00;847.01;1.18;725.61;1.38;
26.59;12.17;-203.17;-341.59;138.42;138.42;138558.42;41.53;138.42;276.84;210.00;847.66;1.18;725.61;1.38;
6.33;-7.97;-203.03;-341.33;138.30;138.30;138438.30;41.49;138.30;276.60;230.00;846.29;1.18;725.61;1.38;
6.27;-7.91;-203.09;-341.27;138.18;138.18;138318.18;41.45;138.18;276.36;210.00;846.29;1.18;725.61;1.38;
6.41;10.17;-203.17;-341.41;138.24;138.24;138378.24;41.47;138.24;276.48;210.00;846.29;1.18;743.42;1.35;
13.28;10.05;-203.05;-341.28;138.23;138.23;138368.23;41.47;138.23;276.46;210.00;846.29;1.18;743.42;1.35;
-6.62;-9.15;-203.85;-341.38;137.53;137.53;137667.53;41.26;137.53;275.06;230.00;853.47;1.17;743.42;1.35;
-6.52;-8.35;-204.65;-341.48;136.83;136.83;136966.83;41.05;136.83;273.66;210.00;853.47;1.17;743.42;1.35;
-5.43;15.04;-205.04;-341.57;136.53;136.53;136666.53;40.96;136.53;273.06;210.00;853.47;1.17;731.38;1.37;
14.88;35.23;-205.23;-341.88;136.65;136.65;136786.65;41.00;136.65;273.30;210.00;804.72;1.24;731.38;1.37;
-9.07;9.18;-205.18;-341.93;136.75;136.75;136886.75;41.03;136.75;273.50;210.00;804.72;1.24;728.62;1.37;
-1.79;27.25;-205.25;-342.21;136.96;136.96;137096.96;41.09;136.96;273.92;210.00;804.72;1.24;703.36;1.42;
-31.21;-2.38;-205.62;-342.79;137.17;137.17;137307.17;41.15;137.17;274.34;240.00;772.19;1.30;703.36;1.42;
-30.88;-2.26;-205.74;-343.12;137.38;137.38;137517.38;41.21;137.38;274.76;210.00;772.19;1.30;703.36;1.42;
-37.58;-20.06;-205.94;-343.42;137.48;137.48;137617.48;41.24;137.48;274.96;210.00;772.19;1.30;706.77;1.41;
-7.58;9.84;-205.84;-343.42;137.58;137.58;137717.58;41.27;137.58;275.16;210.00;773.30;1.29;706.77;1.41;
12.45;29.57;-205.57;-343.45;137.88;137.88;138017.88;41.36;137.88;275.76;210.00;766.56;1.30;706.77;1.41;
-6.33;-0.37;-205.63;-343.67;138.04;138.04;138178.04;41.41;138.04;276.08;210.00;766.56;1.30;720.75;1.39;
3.50;9.59;-205.59;-343.50;137.91;137.91;138047.91;41.37;137.91;275.82;210.00;784.10;1.28;720.75;1.39;
-6.35;-0.32;-205.68;-343.65;137.97;137.97;138107.97;41.39;137.97;275.94;210.00;796.48;1.26;720.75;1.39;
3.56;9.56;-205.56;-343.56;138.00;138.00;138138.00;41.40;138.00;276.00;210.00;804.69;1.24;720.75;1.39;
3.64;-23.14;-205.86;-343.64;137.78;137.78;137917.78;41.33;137.78;275.56;210.00;804.69;1.24;745.58;1.34;
-14.00;-22.74;-206.26;-344.00;137.74;137.74;137877.74;41.32;137.74;275.48;210.00;804.69;1.24;745.58;1.34;
6.03;-2.66;-206.34;-344.03;137.69;137.69;137827.69;41.31;137.69;275.38;210.00;804.59;1.24;745.58;1.34;
-13.58;-22.30;-206.70;-344.42;137.72;137.72;137857.72;41.32;137.72;275.44;210.00;779.44;1.28;753.75;1.33;
-20.42;10.43;-206.43;-344.58;138.15;138.15;138288.15;41.45;138.15;276.30;210.00;779.44;1.28;748.13;1.34;
1571202.86;10.36;-206.36;15526.14;-15732.50;1.00;-14732.50;0.30;1.00;-15731.50;210.00;779.44;1.28;743.40;1.35;
-15866.27;10.19;-206.19;15526.27;-15732.46;1.00;-14732.46;0.30;1.00;-15731.46;210.00;779.44;1.28;743.40;1.35;
-15846.60;29.51;-205.51;15526.60;-15732.11;1.00;-14732.11;0.30;1.00;-15731.11;210.00;778.01;1.29;743.40;1.35;
-15876.83;-0.87;-205.13;15526.83;-15731.96;1.00;-14731.96;0.30;1.00;-15730.96;210.00;777.83;1.29;743.40;1.35;
-15847.06;28.75;-204.75;15527.06;-15731.81;1.00;-14731.81;0.30;1.00;-15730.81;210.00;778.11;1.29;743.40;1.35;
-15873.12;3.97;-204.97;15527.12;-15732.09;1.00;-14732.09;0.30;1.00;-15731.09;210.00;778.11;1.29;734.65;1.36;
-15863.35;13.90;-204.90;15527.35;-15732.25;1.00;-14732.25;0.30;1.00;-15731.25;210.00;765.38;1.31;734.65;1.36;
-15847.64;47.59;-204.59;15527.64;-15732.23;1.00;-14732.23;0.30;1.00;-15731.23;210.00;765.38;1.31;738.81;1.35;
-15877.93;17.28;-204.28;15527.93;-15732.21;1.00;-14732.21;0.30;1.00;-15731.21;240.00;765.40;1.31;738.81;1.35;
-15878.22;16.97;-203.97;15528.22;-15732.19;1.00;-14732.19;0.30;1.00;-15731.19;210.00;765.40;1.31;738.81;1.35;
-15888.41;6.47;-203.47;15528.41;-15731.88;1.00;-14731.88;0.30;1.00;-15730.88;210.00;761.89;1.31;738.81;1.35;
-15878.65;15.87;-202.87;15528.65;-15731.52;1.00;-14731.52;0.30;1.00;-15730.52;210.00;762.02;1.31;738.81;1.35;
-15863.03;-24.10;-202.90;15529.03;-15731.93;1.00;-14731.93;0.30;1.00;-15730.93;210.00;762.02;1.31;791.49;1.26;
-15843.31;-3.97;-203.03;15529.31;-15732.34;1.00;-14732.34;0.30;1.00;-15731.34;210.00;817.85;1.22;791.49;1.26;
-15883.49;9.72;-202.72;15529.49;-15732.21;1.00;-14732.21;0.30;1.00;-15731.21;210.00;817.85;1.22;786.42;1.27;
-15893.66;-0.66;-202.34;15529.66;-15732.00;1.00;-14732.00;0.30;1.00;-15731.00;210.00;852.62;1.17;786.42;1.27;
-15838.27;-31.60;-202.40;15530.27;-15732.67;1.00;-14732.67;0.30;1.00;-15731.67;210.00;852.62;1.17;821.08;1.22;
-15881.55;-12.87;-202.13;15530.55;-15732.68;1.00;-14732.68;0.30;1.00;-15731.68;210.00;852.62;1.17;807.57;1.24;
-15865.49;20.03;-202.03;15530.49;-15732.52;1.00;-14732.52;0.30;1.00;-15731.52;210.00;852.62;1.17;791.23;1.26;
-15855.78;29.82;-201.82;15530.78;-15732.60;1.00;-14732.60;0.30;1.00;-15731.60;210.00;832.80;1.20;791.23;1.26;
-15875.84;9.54;-201.54;15530.84;-15732.38;1.00;-14732.38;0.30;1.00;-15731.38;230.00;831.58;1.20;791.23;1.26;
-15875.81;9.41;-201.41;15530.81;-15732.22;1.00;-14732.22;0.30;1.00;-15731.22;210.00;831.58;1.20;791.23;1.26;
-15898.45;8.39;-201.39;15530.45;-15731.84;1.00;-14731.84;0.30;1.00;-15730.84;210.00;831.58;1.20;783.43;1.28;
-15907.99;-1.53;-201.47;15529.99;-15731.46;1.00;-14731.46;0.30;1.00;-15730.46;210.00;826.84;1.21;783.43;1.28;
-15883.77;-0.92;-201.08;15529.77;-15730.85;1.00;-14730.85;0.30;1.00;-15729.85;210.00;826.84;1.21;768.90;1.30;
-15873.69;8.59;-200.59;15529.69;-15730.28;1.00;-14730.28;0.30;1.00;-15729.28;200.00;826.84;1.21;768.90;1.30;
-15873.51;8.20;-200.20;15529.51;-15729.71;1.00;-14729.71;0.30;1.00;-15728.71;210.00;826.84;1.21;768.90;1.30;
-15883.27;-1.80;-200.20;15529.27;-15729.47;1.00;-14729.47;0.30;1.00;-15728.47;210.00;840.95;1.19;768.90;1.30;
-15859.37;-1.90;-200.10;15529.37;-15729.47;1.00;-14729.47;0.30;1.00;-15728.47;210.00;840.95;1.19;785.62;1.27;
-15811.12;73.16;-199.16;15530.12;-15729.28;1.00;-14729.28;0.30;1.00;-15728.28;210.00;840.95;1.19;784.79;1.27;
-15915.72;-60.34;-199.66;15529.72;-15729.38;1.00;-14729.38;0.30;1.00;-15728.38;210.00;840.90;1.19;782.50;1.28;
-15865.57;-10.34;-199.66;15529.57;-15729.23;1.00;-14729.23;0.30;1.00;-15728.23;160.00;840.57;1.19;782.50;1.28;
-15865.52;-10.44;-199.56;15529.52;-15729.08;1.00;-14729.08;0.30;1.00;-15728.08;210.00;840.57;1.19;782.50;1.28;
-15832.11;30.09;-199.09;15530.11;-15729.20;1.00;-14729.20;0.30;1.00;-15728.20;210.00;840.57;1.19;796.57;1.26;
-15827.65;49.52;-198.52;15530.65;-15729.17;1.00;-14729.17;0.30;1.00;-15728.17;210.00;840.57;1.19;770.11;1.30;
-15857.42;19.03;-198.03;15530.42;-15728.45;1.00;-14728.45;0.30;1.00;-15727.45;210.00;851.19;1.17;770.11;1.30;
-15877.05;-0.44;-198.56;15530.05;-15728.61;1.00;-14728.61;0.30;1.00;-15727.61;230.00;850.10;1.18;770.11;1.30;
-15876.18;0.08;-199.08;15529.18;-15728.26;1.00;-14728.26;0.30;1.00;-15727.26;210.00;850.10;1.18;770.11;1.30;
-15865.54;10.39;-199.39;15528.54;-15727.93;1.00;-14727.93;0.30;1.00;-15726.93;210.00;856.80;1.17;770.11;1.30;
-15875.11;0.85;-199.85;15528.11;-15727.96;1.00;-14727.96;0.30;1.00;-15726.96;210.00;857.31;1.17;770.11;1.30;
-15933.19;-40.37;-200.63;15527.19;-15727.82;1.00;-14727.82;0.30;1.00;-15726.82;210.00;857.31;1.17;799.13;1.25;
-15922.67;-29.99;-201.01;15526.67;-15727.68;1.00;-14727.68;0.30;1.00;-15726.68;210.00;861.62;1.16;799.13;1.25;
-15885.62;-15.85;-201.15;15526.62;-15727.77;1.00;-14727.77;0.30;1.00;-15726.77;210.00;861.62;1.16;799.21;1.25;
-15845.97;23.89;-200.89;15526.97;-15727.86;1.00;-14727.86;0.30;1.00;-15726.86;210.00;861.07;1.16;799.21;1.25;
-15832.36;34.62;-200.62;15527.36;-15727.98;1.00;-14727.98;0.30;1.00;-15726.98;210.00;861.07;1.16;806.63;1.24;
-15882.35;-15.25;-200.75;15527.35;-15728.10;1.00;-14728.10;0.30;1.00;-15727.10;260.00;861.14;1.16;806.63;1.24;
-15882.34;-15.12;-200.88;15527.34;-15728.22;1.00;-14728.22;0.30;1.00;-15727.22;210.00;861.14;1.16;806.63;1.24;
-15874.31;1.94;-200.94;15527.31;-15728.25;1.00;-14728.25;0.30;1.00;-15727.25;210.00;861.14;1.16;801.89;1.25;
-15874.38;-34.73;-201.27;15527.38;-15728.65;1.00;-14728.65;0.30;1.00;-15727.65;210.00;861.14;1.16;809.92;1.23;
-15862.01;-33.96;-202.04;15527.01;-15729.05;1.00;-14729.05;0.30;1.00;-15728.05;210.00;861.14;1.16;809.92;1.23;
-15842.34;-13.89;-202.11;15527.34;-15729.45;1.00;-14729.45;0.30;1.00;-15728.45;210.00;869.58;1.15;809.92;1.23;
-15859.50;27.76;-201.76;15527.50;-15729.26;1.00;-14729.26;0.30;1.00;-15728.26;210.00;869.58;1.15;813.08;1.23;
