LocalTime;FastTime;FastBid;FastAsk;SlowBid;SlowAsk;GapLong;GapShort;dTFast;tpsFast;dTSlow;tpsSlow;
09:06:33.974295;11:06:33.912334;16025.50;16027.60;16027.61;16028.95;0.00;0.00;0.00;0.00;0.00;0.00;
09:06:35.064369;11:06:35.061370;16025.60;16027.70;16027.61;16028.95;5.00;5.00;1148.03;0.87;0.00;0.00;
09:06:35.524973;11:06:35.524973;16025.70;16027.70;16027.61;16028.95;10.00;10.00;805.82;1.24;0.00;0.00;
09:06:35.525974;11:06:35.524973;16025.70;16027.80;16027.61;16028.95;7.50;7.50;805.82;1.24;0.00;0.00;
09:06:35.898744;11:06:35.840779;16025.80;16027.90;16027.69;16029.12;0.40;7.60;642.48;1.56;917.75;1.09;
09:06:36.658939;11:06:35.840779;16025.80;16027.90;16027.80;16029.27;-12.17;-2.83;642.48;1.56;894.88;1.12;
09:06:36.722900;11:06:36.722900;16025.60;16027.90;16027.80;16029.27;-27.57;-19.57;702.39;1.42;894.88;1.12;
09:06:36.723900;11:06:36.722900;16025.60;16027.70;16027.80;16029.27;-24.13;-17.13;702.39;1.42;894.88;1.12;
09:06:36.762876;11:06:36.722900;16025.60;16027.70;16027.50;16029.27;-21.44;11.44;702.39;1.42;697.15;1.43;
09:06:36.763876;11:06:36.722900;16025.60;16027.70;16027.50;16029.07;-1.30;10.30;702.39;1.42;697.15;1.43;
09:06:36.954443;11:06:36.722900;16025.60;16027.70;16027.43;16029.07;-1.18;15.73;702.39;1.42;596.03;1.68;
09:06:36.955444;11:06:36.722900;16025.60;16027.70;16027.43;16028.89;15.42;14.42;702.39;1.42;596.03;1.68;
09:06:37.047385;11:06:37.047385;16025.50;16027.60;16027.43;16028.89;5.00;4.08;626.81;1.60;596.03;1.68;
09:06:37.542081;11:06:37.047385;16025.50;16027.60;16027.22;16028.89;4.64;23.29;626.81;1.60;594.63;1.68;
09:06:37.543081;11:06:37.047385;16025.50;16027.60;16027.22;16028.84;9.00;21.73;626.81;1.60;594.63;1.68;
09:06:37.555074;11:06:37.555074;16025.30;16027.60;16027.22;16028.84;-10.31;1.63;606.96;1.65;594.63;1.68;
09:06:37.555074;11:06:37.555074;16025.30;16027.40;16027.22;16028.84;-9.71;1.53;606.96;1.65;594.63;1.68;
09:06:37.800928;11:06:37.555074;16025.30;16027.40;16027.27;16028.55;18.22;-3.28;606.96;1.65;546.66;1.83;
09:06:37.900867;11:06:37.900867;16025.20;16027.40;16027.27;16028.55;7.79;-12.58;569.65;1.76;546.66;1.83;
09:06:37.901866;11:06:37.900867;16025.20;16027.30;16027.27;16028.55;7.40;-11.95;569.65;1.76;546.66;1.83;
09:06:37.973822;11:06:37.900867;16025.20;16027.30;16026.96;16028.61;1.33;18.14;569.65;1.76;499.94;2.00;
09:06:38.226665;11:06:38.226665;16025.10;16027.30;16026.96;16028.61;-8.27;7.77;539.17;1.85;499.94;2.00;
09:06:38.227666;11:06:38.226665;16025.10;16027.20;16026.96;16028.61;-7.91;7.43;539.17;1.85;499.94;2.00;
09:06:38.319608;11:06:38.226665;16025.10;16027.20;16027.61;16028.96;-41.13;-55.17;539.17;1.85;482.81;2.07;
09:06:38.427545;11:06:38.226665;16025.10;16027.20;16027.26;16028.81;-25.08;-19.36;539.17;1.85;445.32;2.25;
09:06:38.541478;11:06:38.537480;16025.60;16027.70;16027.26;16028.81;23.96;29.46;513.79;1.95;445.32;2.25;
09:06:38.791351;11:06:38.537480;16025.60;16027.70;16027.46;16028.81;23.07;9.11;513.79;1.95;437.91;2.28;
09:06:38.792351;11:06:38.537480;16025.60;16027.70;16027.46;16029.10;-5.71;8.79;513.79;1.95;437.91;2.28;
09:06:38.843318;11:06:38.843318;16025.50;16027.60;16027.46;16029.10;-15.17;-1.17;493.00;2.03;437.91;2.28;
09:06:41.278679;11:06:38.843318;16025.50;16027.60;16027.48;16029.08;-12.73;-3.07;493.00;2.03;608.62;1.64;
09:06:41.467564;11:06:41.467564;16025.30;16027.60;16027.48;16029.08;-31.68;-22.32;686.75;1.46;608.62;1.64;
09:06:41.470562;11:06:41.467564;16025.30;16027.40;16027.48;16029.08;-30.69;-21.63;686.75;1.46;608.62;1.64;
09:06:41.537521;11:06:41.467564;16025.30;16027.40;16027.76;16029.31;-52.06;-48.12;686.75;1.46;581.71;1.72;
09:06:41.795387;11:06:41.795387;16025.80;16027.40;16027.76;16029.31;-2.00;1.82;656.75;1.52;581.71;1.72;
09:06:41.795387;11:06:41.795387;16025.80;16027.90;16027.76;16029.31;-1.94;1.77;656.75;1.52;581.71;1.72;
09:06:43.374434;11:06:41.795387;16025.80;16027.90;16027.99;16029.32;-2.86;-20.64;656.75;1.52;671.30;1.49;
09:06:43.410411;11:06:43.405414;16026.00;16028.10;16027.99;16029.32;16.68;-0.62;730.08;1.37;671.30;1.49;
09:06:43.447388;11:06:43.405414;16026.00;16028.10;16027.80;16029.27;21.11;17.89;730.08;1.37;631.47;1.58;
09:06:43.679244;11:06:43.679244;16025.80;16028.10;16027.80;16029.27;1.08;-2.05;697.49;1.43;631.47;1.58;
09:06:43.679244;11:06:43.679244;16025.80;16027.90;16027.80;16029.27;1.05;-2.00;697.49;1.43;631.47;1.58;
09:06:45.069216;11:06:43.679244;16025.80;16027.90;16027.58;16028.99;28.34;19.51;697.49;1.43;652.52;1.53;
09:06:45.145157;11:06:45.145157;16025.50;16027.60;16027.58;16028.99;-1.62;-10.24;748.72;1.34;652.52;1.53;
09:06:45.482820;11:06:45.482820;16025.60;16027.70;16027.58;16028.99;8.19;-0.23;723.03;1.38;652.52;1.53;
09:06:45.631314;11:06:45.482820;16025.60;16027.70;16027.62;16029.19;-11.55;-4.14;723.03;1.38;647.50;1.54;
09:06:45.748242;11:06:45.748242;16025.30;16027.40;16027.62;16029.19;-40.62;-33.38;696.11;1.44;647.50;1.54;
09:06:45.859173;11:06:45.748242;16025.30;16027.40;16027.72;16029.19;-39.74;-42.43;696.11;1.44;625.41;1.60;
09:06:45.860174;11:06:45.748242;16025.30;16027.40;16027.72;16029.34;-53.57;-41.53;696.11;1.44;625.41;1.60;
09:06:46.208966;11:06:45.748242;16025.30;16027.40;16028.01;16029.31;-49.52;-69.06;696.11;1.44;611.58;1.64;
09:06:46.270927;11:06:46.270927;16026.00;16027.40;16028.01;16029.31;20.06;0.92;686.48;1.46;611.58;1.64;
09:06:46.270927;11:06:46.270927;16026.00;16028.10;16028.01;16029.31;19.66;0.90;686.48;1.46;611.58;1.64;
09:06:46.329892;11:06:46.270927;16026.00;16028.10;16028.43;16029.31;19.27;-40.29;686.48;1.46;588.26;1.70;
09:06:46.334889;11:06:46.270927;16026.00;16028.10;16028.43;16029.14;35.58;-39.52;686.48;1.46;588.26;1.70;
09:06:46.892831;11:06:46.270927;16026.00;16028.10;16028.26;16029.80;-29.85;-22.09;686.48;1.46;587.07;1.70;
09:06:46.896829;11:06:46.896829;16026.20;16028.30;16028.26;16029.80;-9.67;-2.06;683.29;1.46;587.07;1.70;
09:06:46.995767;11:06:46.896829;16026.20;16028.30;16028.33;16029.80;-9.49;-8.89;683.29;1.46;566.02;1.77;
09:06:46.996767;11:06:46.896829;16026.20;16028.30;16028.33;16029.98;-27.00;-8.73;683.29;1.46;566.02;1.77;
09:06:47.092710;11:06:46.896829;16026.20;16028.30;16028.22;16029.98;-26.53;2.23;683.29;1.46;546.47;1.83;
09:06:47.093707;11:06:46.896829;16026.20;16028.30;16028.22;16029.85;-13.29;2.19;683.29;1.46;546.47;1.83;
09:06:47.219629;11:06:47.219629;16026.50;16028.60;16028.22;16029.85;16.42;31.64;665.26;1.50;546.47;1.83;
09:06:47.506966;11:06:47.506966;16026.30;16028.60;16028.22;16029.85;-3.52;11.45;647.27;1.54;546.47;1.83;
09:06:47.507965;11:06:47.506966;16026.30;16028.40;16028.22;16029.85;-3.46;11.26;647.27;1.54;546.47;1.83;
09:06:47.603905;11:06:47.506966;16026.30;16028.40;16028.49;16030.07;-25.05;-15.48;647.27;1.54;545.06;1.83;
09:06:47.873740;11:06:47.873740;16026.50;16028.40;16028.49;16030.07;-4.97;4.44;634.52;1.58;545.06;1.83;
09:06:47.874739;11:06:47.873740;16026.50;16028.60;16028.49;16030.07;-4.89;4.38;634.52;1.58;545.06;1.83;
09:06:48.420402;11:06:47.873740;16026.50;16028.60;16028.45;16029.61;40.48;8.25;634.52;1.58;555.46;1.80;
09:06:48.430395;11:06:48.430395;16026.30;16028.60;16028.45;16029.61;20.17;-11.58;631.13;1.58;555.46;1.80;
09:06:48.430395;11:06:48.430395;16026.30;16028.40;16028.45;16029.61;19.87;-11.40;631.13;1.58;555.46;1.80;
09:06:48.530333;11:06:48.430395;16026.30;16028.40;16028.05;16029.76;4.79;28.18;631.13;1.58;539.00;1.86;
09:06:48.633270;11:06:48.430395;16026.30;16028.40;16028.07;16029.76;4.72;25.80;631.13;1.58;523.43;1.91;
09:06:48.634270;11:06:48.430395;16026.30;16028.40;16028.07;16029.50;30.29;25.43;631.13;1.58;523.43;1.91;
09:06:48.720216;11:06:48.720216;16026.00;16028.10;16028.07;16029.50;0.28;-4.51;616.91;1.62;523.43;1.91;
09:06:52.208324;11:06:52.208324;16026.10;16028.10;16028.07;16029.50;10.14;5.42;731.72;1.37;523.43;1.91;
09:06:52.208324;11:06:52.208324;16026.10;16028.20;16028.07;16029.50;10.00;5.34;731.72;1.37;523.43;1.91;
09:06:52.427405;11:06:52.208324;16026.10;16028.20;16027.79;16029.28;31.57;32.89;731.72;1.37;636.21;1.57;
09:06:52.559388;11:06:52.559388;16025.80;16027.90;16027.79;16029.28;1.55;2.85;717.08;1.39;636.21;1.57;
09:06:52.843214;11:06:52.843214;16026.00;16028.10;16027.79;16029.28;21.26;22.55;701.03;1.43;636.21;1.57;
09:06:53.060080;11:06:52.843214;16026.00;16028.10;16028.04;16029.28;20.99;-2.42;701.03;1.43;636.09;1.57;
09:06:53.063079;11:06:52.843214;16026.00;16028.10;16028.04;16029.52;-2.97;-2.38;701.03;1.43;636.09;1.57;
09:06:53.379883;11:06:52.843214;16026.00;16028.10;16028.04;16029.27;21.75;-2.35;701.03;1.43;625.89;1.60;
09:06:53.473824;11:06:52.843214;16026.00;16028.10;16027.85;16029.22;26.41;16.44;701.03;1.43;609.26;1.64;
09:06:53.510804;11:06:53.510804;16025.80;16027.90;16027.85;16029.22;6.33;-3.52;699.84;1.43;609.26;1.64;
09:06:53.849592;11:06:53.849592;16026.00;16027.90;16027.85;16029.22;26.01;16.28;687.39;1.45;609.26;1.64;
09:06:53.850591;11:06:53.849592;16026.00;16028.10;16027.85;16029.22;25.70;16.08;687.39;1.45;609.26;1.64;
09:06:53.893567;11:06:53.849592;16026.00;16028.10;16027.83;16029.49;-1.29;17.87;687.39;1.45;585.71;1.71;
09:06:53.894570;11:06:53.849592;16026.00;16028.10;16028.07;16029.49;-1.27;-6.06;687.39;1.45;585.71;1.71;
09:06:54.095440;11:06:53.849592;16026.00;16028.10;16028.24;16029.83;-34.86;-22.79;687.39;1.45;574.77;1.74;
09:06:54.164398;11:06:54.164398;16026.30;16028.40;16028.24;16029.83;-4.80;7.13;674.97;1.48;574.77;1.74;
09:06:54.217368;11:06:54.164398;16026.30;16028.40;16027.90;16029.42;35.78;40.66;674.97;1.48;562.17;1.78;
09:06:54.316306;11:06:54.164398;16026.30;16028.40;16027.75;16029.32;45.27;55.03;674.97;1.48;549.67;1.82;
09:06:54.450221;11:06:54.450221;16025.80;16028.40;16027.75;16029.32;-4.68;4.98;662.42;1.51;549.67;1.82;
09:06:54.451222;11:06:54.450221;16025.80;16027.90;16027.75;16029.32;-4.63;4.92;662.42;1.51;549.67;1.82;
09:06:55.155458;11:06:55.154460;16025.50;16027.60;16027.75;16029.32;-34.25;-24.80;663.72;1.51;549.67;1.82;
09:06:55.429289;11:06:55.429289;16025.80;16027.60;16027.75;16029.32;-4.20;5.14;651.91;1.53;549.67;1.82;
09:06:55.429289;11:06:55.429289;16025.80;16027.90;16027.75;16029.32;-4.16;5.09;651.91;1.53;549.67;1.82;
09:07:00.465102;11:07:00.465102;16026.00;16027.90;16027.75;16029.32;15.67;24.82;780.85;1.28;549.67;1.82;
09:07:00.466103;11:07:00.465102;16026.00;16028.10;16027.75;16029.32;15.51;24.56;780.85;1.28;549.67;1.82;
09:07:00.510076;11:07:00.465102;16026.00;16028.10;16028.01;16029.56;-8.40;-1.42;780.85;1.28;698.20;1.43;
09:07:00.715062;11:07:00.465102;16026.00;16028.10;16028.22;16029.85;-37.02;-22.19;780.85;1.28;685.56;1.46;
09:07:00.782020;11:07:00.782020;16026.30;16028.40;16028.22;16029.85;-6.95;7.73;767.59;1.30;685.56;1.46;
09:07:00.840988;11:07:00.782020;16026.30;16028.40;16028.04;16029.85;-6.88;25.47;767.59;1.30;671.57;1.49;
09:07:00.859974;11:07:00.782020;16026.30;16028.40;16028.04;16029.52;25.89;25.10;767.59;1.30;671.57;1.49;
09:07:01.106848;11:07:01.106848;16026.10;16028.20;16028.04;16029.52;5.96;5.03;755.29;1.32;671.57;1.49;
09:07:01.664134;11:07:01.664134;16026.00;16028.20;16028.04;16029.52;-3.77;-4.84;749.94;1.33;671.57;1.49;
09:07:01.665132;11:07:01.664134;16026.00;16028.10;16028.04;16029.52;-3.50;-4.71;749.94;1.33;671.57;1.49;
09:07:02.065105;11:07:02.065105;16026.30;16028.40;16028.04;16029.52;26.40;25.14;740.76;1.35;671.57;1.49;
09:07:02.088093;11:07:02.065105;16026.30;16028.40;16028.27;16029.54;24.17;2.11;740.76;1.35;685.58;1.46;
09:07:02.179036;11:07:02.065105;16026.30;16028.40;16028.21;16029.54;23.74;7.82;740.76;1.35;671.44;1.49;
09:07:02.179036;11:07:02.065105;16026.30;16028.40;16028.21;16029.85;-7.38;7.53;740.76;1.35;671.44;1.49;
09:07:02.332941;11:07:02.065105;16026.30;16028.40;16028.04;16029.77;0.42;24.37;740.76;1.35;659.41;1.52;
09:07:02.359926;11:07:02.359926;16026.00;16028.10;16028.04;16029.77;-29.28;-5.49;729.32;1.37;659.41;1.52;
09:07:02.450868;11:07:02.359926;16026.00;16028.10;16028.04;16029.52;-4.23;-5.28;729.32;1.37;647.10;1.55;
09:07:02.702712;11:07:02.702712;16026.10;16028.10;16028.04;16029.52;5.90;4.83;719.66;1.39;647.10;1.55;
09:07:02.703713;11:07:02.702712;16026.10;16028.20;16028.04;16029.52;5.93;4.84;719.66;1.39;647.10;1.55;
09:07:03.415999;11:07:03.415999;16026.00;16028.20;16028.04;16029.52;-3.94;-4.84;719.48;1.39;647.10;1.55;
09:07:03.415999;11:07:03.415999;16026.00;16028.10;16028.04;16029.52;-3.76;-4.52;719.48;1.39;647.10;1.55;
09:07:03.469966;11:07:03.415999;16026.00;16028.10;16028.19;16029.62;-13.68;-19.25;719.48;1.39;655.37;1.53;
09:07:03.549918;11:07:03.415999;16026.00;16028.10;16028.06;16029.62;-13.60;-6.11;719.48;1.39;642.86;1.56;
09:07:03.550917;11:07:03.415999;16026.00;16028.10;16028.06;16029.51;-2.34;-6.02;719.48;1.39;642.86;1.56;
09:07:03.846734;11:07:03.846734;16026.10;16028.10;16028.06;16029.51;7.72;3.87;712.60;1.40;642.86;1.56;
09:07:03.846734;11:07:03.846734;16026.10;16028.20;16028.06;16029.51;7.78;3.76;712.60;1.40;642.86;1.56;
09:07:04.045613;11:07:04.043612;16026.00;16028.20;16028.06;16029.51;-2.12;-5.94;700.61;1.43;642.86;1.56;
09:07:04.046611;11:07:04.043612;16026.00;16028.10;16028.06;16029.51;-2.12;-5.74;700.61;1.43;642.86;1.56;
09:07:04.387398;11:07:04.387398;16026.30;16028.10;16028.06;16029.51;27.58;24.16;692.50;1.44;642.86;1.56;
09:07:04.388401;11:07:04.387398;16026.30;16028.40;16028.06;16029.51;26.93;23.41;692.50;1.44;642.86;1.56;
09:07:04.483345;11:07:04.387398;16026.30;16028.40;16028.46;16030.10;-31.98;-16.59;692.50;1.44;648.98;1.54;
09:07:04.713198;11:07:04.713198;16026.60;16028.40;16028.46;16030.10;-1.69;13.61;684.35;1.46;648.98;1.54;
09:07:04.714198;11:07:04.713198;16026.60;16028.70;16028.46;16030.10;-1.40;13.61;684.35;1.46;648.98;1.54;
09:07:05.213890;11:07:04.713198;16026.60;16028.70;16028.34;16029.73;35.23;25.49;684.35;1.46;650.74;1.54;
09:07:05.222884;11:07:05.222884;16026.30;16028.40;16028.34;16029.73;5.06;-4.43;680.56;1.47;650.74;1.54;
09:07:05.675604;11:07:05.675604;16026.50;16028.40;16028.34;16029.73;24.71;15.43;675.71;1.48;650.74;1.54;
09:07:05.676606;11:07:05.675604;16026.50;16028.60;16028.34;16029.73;24.16;15.09;675.71;1.48;650.74;1.54;
09:07:05.745561;11:07:05.675604;16026.50;16028.60;16028.76;16030.31;-33.81;-26.83;675.71;1.48;648.31;1.54;
09:07:05.868486;11:07:05.675604;16026.50;16028.60;16028.81;16030.31;-34.01;-31.98;675.71;1.48;637.78;1.57;
09:07:05.869487;11:07:05.675604;16026.50;16028.60;16028.81;16030.01;-4.01;-31.63;675.71;1.48;637.78;1.57;
09:07:05.972421;11:07:05.675604;16026.50;16028.60;16028.47;16030.01;-4.01;2.38;675.71;1.48;627.32;1.59;
09:07:05.973430;11:07:05.675604;16026.50;16028.60;16028.47;16030.10;-12.93;2.16;675.71;1.48;627.32;1.59;
09:07:05.986414;11:07:05.986414;16026.80;16028.90;16028.47;16030.10;17.05;31.84;668.11;1.50;627.32;1.59;
09:07:06.276862;11:07:06.276862;16026.50;16028.60;16028.47;16030.10;-12.62;2.01;660.40;1.51;627.32;1.59;
09:07:06.692606;11:07:06.276862;16026.50;16028.60;16028.52;16029.80;17.21;-2.97;660.40;1.51;629.10;1.59;
09:07:06.952445;11:07:06.276862;16026.50;16028.60;16028.56;16029.80;17.04;-6.91;660.40;1.51;622.13;1.61;
09:07:06.953447;11:07:06.276862;16026.50;16028.60;16028.56;16030.01;-3.64;-6.63;660.40;1.51;622.13;1.61;
09:07:08.418056;11:07:08.418056;16026.60;16028.60;16028.56;16030.01;6.28;3.25;689.99;1.45;622.13;1.61;
09:07:08.423054;11:07:08.418056;16026.60;16028.70;16028.56;16030.01;6.30;3.23;689.99;1.45;622.13;1.61;
09:07:08.590948;11:07:08.418056;16026.60;16028.70;16028.71;16030.01;6.12;-11.68;689.99;1.45;640.96;1.56;
09:07:08.591950;11:07:08.418056;16026.60;16028.70;16028.71;16030.35;-28.02;-11.89;689.99;1.45;640.96;1.56;
09:07:08.692887;11:07:08.418056;16026.60;16028.70;16028.31;16029.76;30.25;27.40;689.99;1.45;631.14;1.58;
09:07:08.748851;11:07:08.748851;16026.30;16028.40;16028.31;16029.76;-0.33;-3.01;682.95;1.46;631.14;1.58;
09:07:10.813420;11:07:08.748851;16026.30;16028.40;16028.44;16029.37;37.73;-16.58;682.95;1.46;657.75;1.52;
09:07:10.914357;11:07:08.748851;16026.30;16028.40;16028.22;16029.37;37.49;5.33;682.95;1.46;647.97;1.54;
09:07:10.916357;11:07:08.748851;16026.30;16028.40;16028.22;16029.85;-10.27;5.24;682.95;1.46;647.97;1.54;
09:07:11.206177;11:07:08.748851;16026.30;16028.40;16028.60;16029.72;2.84;-32.89;682.95;1.46;641.82;1.56;
09:07:11.305626;11:07:11.305626;16026.40;16028.40;16028.60;16029.72;13.02;-23.12;718.99;1.39;641.82;1.56;
09:07:11.308625;11:07:11.305626;16026.40;16028.50;16028.60;16029.72;12.54;-23.18;718.99;1.39;641.82;1.56;
09:07:11.315622;11:07:11.305626;16026.40;16028.50;16028.28;16029.79;5.33;8.64;718.99;1.39;632.78;1.58;
09:07:11.552474;11:07:11.552474;16026.30;16028.50;16028.28;16029.79;-4.78;-1.51;710.08;1.41;632.78;1.58;
09:07:11.555473;11:07:11.552474;16026.30;16028.40;16028.28;16029.79;-5.07;-1.66;710.08;1.41;632.78;1.58;
09:07:12.073041;11:07:12.073041;16026.50;16028.40;16028.28;16029.79;14.44;18.10;706.55;1.42;632.78;1.58;
09:07:12.073041;11:07:12.073041;16026.50;16028.60;16028.28;16029.79;14.08;17.86;706.55;1.42;632.78;1.58;
09:07:12.358930;11:07:12.358930;16026.30;16028.60;16028.28;16029.79;-5.78;-1.88;698.90;1.43;632.78;1.58;
09:07:12.365926;11:07:12.358930;16026.30;16028.40;16028.28;16029.79;-5.84;-1.82;698.90;1.43;632.78;1.58;
09:07:13.093304;11:07:12.358930;16026.30;16028.40;16028.46;16029.35;37.66;-19.58;698.90;1.43;651.88;1.53;
09:07:13.154266;11:07:13.154266;16026.20;16028.30;16028.46;16029.35;27.04;-29.51;700.62;1.43;651.88;1.53;
09:07:13.192243;11:07:13.154266;16026.20;16028.30;16028.28;16029.54;7.81;-11.42;700.62;1.43;642.75;1.56;
09:07:13.288184;11:07:13.154266;16026.20;16028.30;16028.01;16029.55;6.59;15.40;700.62;1.43;634.00;1.58;
09:07:13.391123;11:07:13.154266;16026.20;16028.30;16028.30;16029.77;-14.95;-13.45;700.62;1.43;625.55;1.60;
09:07:13.470072;11:07:13.470072;16026.30;16028.40;16028.30;16029.77;-4.79;-3.60;693.87;1.44;625.55;1.60;
09:07:13.947776;11:07:13.947776;16026.60;16028.70;16028.30;16029.77;25.07;25.95;690.15;1.45;625.55;1.60;
09:07:14.262591;11:07:14.262591;16026.30;16028.70;16028.30;16029.77;-4.92;-3.80;683.77;1.46;625.55;1.60;
09:07:14.263591;11:07:14.262591;16026.30;16028.40;16028.30;16029.77;-4.91;-3.57;683.77;1.46;625.55;1.60;
09:07:15.126302;11:07:14.262591;16026.30;16028.40;16028.18;16029.63;9.22;8.54;683.77;1.46;642.91;1.56;
09:07:15.231238;11:07:14.262591;16026.30;16028.40;16028.27;16029.80;-7.78;-0.56;683.77;1.46;634.55;1.58;
09:07:18.114800;11:07:14.262591;16026.30;16028.40;16028.43;16029.89;-16.59;-16.40;683.77;1.46;668.70;1.50;
09:07:18.215249;11:07:14.262591;16026.30;16028.40;16028.32;16029.74;-1.55;-5.35;683.77;1.46;660.21;1.51;
09:07:19.518043;11:07:14.262591;16026.30;16028.40;16028.48;16029.74;-1.29;-20.86;683.77;1.46;669.67;1.49;
09:07:19.519044;11:07:14.262591;16026.30;16028.40;16028.48;16029.83;-10.24;-20.67;683.77;1.46;669.67;1.49;
09:07:19.565014;11:07:19.565014;16026.50;16028.60;16028.48;16029.83;9.81;-0.48;760.74;1.31;669.67;1.49;
09:07:20.202171;11:07:19.565014;16026.50;16028.60;16028.47;16030.09;-15.88;0.45;760.74;1.31;669.88;1.49;
09:07:22.836115;11:07:19.565014;16026.50;16028.60;16028.52;16029.80;12.90;-4.57;760.74;1.31;697.94;1.43;
09:07:23.034992;11:07:19.565014;16026.50;16028.60;16027.96;16029.80;12.93;50.85;760.74;1.31;690.90;1.45;
09:07:23.034992;11:07:19.565014;16026.50;16028.60;16027.96;16029.60;32.81;50.46;760.74;1.31;690.90;1.45;
09:07:23.113942;11:07:23.113942;16026.30;16028.60;16027.96;16029.60;12.69;30.07;806.45;1.24;690.90;1.45;
09:07:23.114944;11:07:23.113942;16026.30;16028.40;16027.96;16029.60;12.77;29.88;806.45;1.24;690.90;1.45;
09:07:23.236867;11:07:23.113942;16026.30;16028.40;16028.27;16029.80;-6.95;-1.00;806.45;1.24;684.10;1.46;
09:07:23.423756;11:07:23.422756;16026.00;16028.10;16028.27;16029.80;-36.64;-30.56;798.43;1.25;684.10;1.46;
09:07:24.388106;11:07:23.422756;16026.00;16028.10;16028.26;16029.55;-11.58;-29.37;798.43;1.25;690.49;1.45;
09:07:24.450070;11:07:24.448069;16026.20;16028.30;16028.26;16029.55;7.94;-9.55;802.03;1.25;690.49;1.45;
09:07:24.488047;11:07:24.448069;16026.20;16028.30;16028.31;16029.75;-12.04;-14.38;802.03;1.25;682.48;1.47;
09:07:24.730904;11:07:24.730904;16026.30;16028.40;16028.31;16029.75;-1.71;-3.97;793.92;1.26;682.48;1.47;
09:07:25.073693;11:07:24.730904;16026.30;16028.40;16028.26;16029.56;17.53;1.54;793.92;1.26;681.20;1.47;
09:07:25.131657;11:07:25.131657;16026.20;16028.40;16028.26;16029.56;7.37;-8.35;787.87;1.27;681.20;1.47;
09:07:25.132658;11:07:25.131657;16026.20;16028.30;16028.26;16029.56;7.21;-8.24;787.87;1.27;681.20;1.47;
09:07:25.462453;11:07:25.462453;16026.30;16028.30;16028.26;16029.56;16.65;1.47;780.94;1.28;681.20;1.47;
09:07:25.463454;11:07:25.462453;16026.30;16028.40;16028.26;16029.56;16.39;1.48;780.94;1.28;681.20;1.47;
09:07:25.632252;11:07:25.462453;16026.30;16028.40;16028.23;16029.83;-10.60;4.46;780.94;1.28;679.59;1.47;
09:07:25.747182;11:07:25.747182;16026.50;16028.60;16028.23;16029.83;9.41;24.44;773.54;1.29;679.59;1.47;
09:07:27.393215;11:07:25.747182;16026.50;16028.60;16028.53;16029.78;14.37;-5.28;773.54;1.29;693.62;1.44;
09:07:27.521135;11:07:25.747182;16026.50;16028.60;16028.58;16029.99;-6.70;-10.21;773.54;1.29;686.37;1.46;
09:07:28.854337;11:07:25.747182;16026.50;16028.60;16028.53;16029.79;12.74;-5.40;773.54;1.29;694.56;1.44;
09:07:28.912301;11:07:28.912301;16026.40;16028.50;16028.53;16029.79;2.58;-15.19;808.71;1.24;694.56;1.44;
09:07:29.380119;11:07:29.380119;16026.50;16028.50;16028.53;16029.79;12.32;-4.90;803.76;1.24;694.56;1.44;
09:07:29.382118;11:07:29.380119;16026.50;16028.60;16028.53;16029.79;12.39;-4.61;803.76;1.24;694.56;1.44;
09:07:29.457581;11:07:29.380119;16026.50;16028.60;16028.53;16030.03;-11.50;-4.52;803.76;1.24;693.42;1.44;
09:07:29.724423;11:07:29.724423;16026.40;16028.50;16028.53;16030.03;-21.39;-14.43;797.20;1.25;693.42;1.44;
09:07:29.784384;11:07:29.724423;16026.40;16028.50;16028.30;16029.51;30.20;8.43;797.20;1.25;688.88;1.45;
09:07:30.024243;11:07:30.024243;16026.10;16028.20;16028.30;16029.51;0.39;-21.11;790.18;1.27;688.88;1.45;
09:07:31.604108;11:07:31.604108;16026.30;16028.20;16028.30;16029.51;20.36;-1.08;801.15;1.25;688.88;1.45;
09:07:31.606108;11:07:31.604108;16026.30;16028.40;16028.30;16029.51;20.33;-0.99;801.15;1.25;688.88;1.45;
09:07:31.647084;11:07:31.604108;16026.30;16028.40;16028.82;16029.51;19.99;-52.38;801.15;1.25;703.19;1.42;
09:07:31.650081;11:07:31.604108;16026.30;16028.40;16028.82;16030.25;-53.53;-51.60;801.15;1.25;703.19;1.42;
09:07:31.959681;11:07:31.959681;16026.90;16028.40;16028.82;16030.25;6.05;8.28;795.05;1.26;703.19;1.42;
09:07:31.960680;11:07:31.959681;16026.90;16029.00;16028.82;16030.25;5.88;8.16;795.05;1.26;703.19;1.42;
09:07:32.548048;11:07:32.548048;16026.60;16028.70;16028.82;16030.25;-23.89;-21.56;792.24;1.26;703.19;1.42;
09:07:32.893837;11:07:32.893837;16026.80;16028.90;16028.82;16030.25;-3.86;-1.48;786.29;1.27;703.19;1.42;
09:07:33.288428;11:07:33.288428;16027.00;16028.90;16028.82;16030.25;15.87;18.30;781.13;1.28;703.19;1.42;
09:07:33.289427;11:07:33.288428;16027.00;16029.10;16028.82;16030.25;15.60;18.08;781.13;1.28;703.19;1.42;
09:07:33.395365;11:07:33.288428;16027.00;16029.10;16029.17;16030.39;1.37;-16.94;781.13;1.28;715.53;1.40;
09:07:33.623221;11:07:33.623221;16027.30;16029.40;16029.17;16030.39;30.84;12.87;775.34;1.29;715.53;1.40;
09:07:34.706101;11:07:33.623221;16027.30;16029.40;16029.28;16030.79;-9.18;1.79;775.34;1.29;722.84;1.38;
09:07:36.273979;11:07:36.273979;16027.20;16029.40;16029.28;16030.79;-19.00;-8.09;799.38;1.25;722.84;1.38;
09:07:36.274979;11:07:36.273979;16027.20;16029.30;16029.28;16030.79;-18.82;-7.97;799.38;1.25;722.84;1.38;
09:07:36.353929;11:07:36.273979;16027.20;16029.30;16029.31;16030.50;9.97;-10.92;799.38;1.25;733.72;1.36;
09:07:36.640802;11:07:36.639803;16027.30;16029.40;16029.31;16030.50;19.66;-0.97;793.89;1.26;733.72;1.36;
09:07:37.043776;11:07:36.639803;16027.30;16029.40;16029.27;16030.79;-9.06;3.24;793.89;1.26;733.19;1.36;
09:07:37.213672;11:07:36.639803;16027.30;16029.40;16029.21;16030.79;-8.78;9.39;793.89;1.26;726.74;1.38;
09:07:37.213672;11:07:36.639803;16027.30;16029.40;16029.21;16030.60;9.72;9.14;793.89;1.26;726.74;1.38;
09:07:37.430756;11:07:37.430756;16027.20;16029.40;16029.21;16030.60;-0.38;-0.71;793.86;1.26;726.74;1.38;
09:07:37.430756;11:07:37.430756;16027.20;16029.30;16029.21;16030.60;-0.48;-0.56;793.86;1.26;726.74;1.38;
09:07:37.641910;11:07:37.430756;16027.20;16029.30;16029.33;16030.74;-14.07;-12.17;793.86;1.26;723.34;1.38;
09:07:37.729855;11:07:37.728857;16027.30;16029.40;16029.33;16030.74;-4.06;-2.18;787.73;1.27;723.34;1.38;
09:07:38.431934;11:07:37.728857;16027.30;16029.40;16029.76;16030.80;-9.79;-44.56;787.73;1.27;724.10;1.38;
09:07:38.474906;11:07:38.474906;16027.60;16029.70;16029.76;16030.80;20.18;-14.24;787.21;1.27;724.10;1.38;
09:07:38.826688;11:07:38.826688;16027.50;16029.60;16029.76;16030.80;9.67;-24.24;781.97;1.28;724.10;1.38;
09:07:39.133505;11:07:39.133505;16027.30;16029.40;16029.76;16030.80;-10.64;-44.09;776.31;1.29;724.10;1.38;
09:07:40.167466;11:07:40.167466;16027.60;16029.40;16029.76;16030.80;19.05;-14.24;779.34;1.28;724.10;1.38;
09:07:40.170465;11:07:40.167466;16027.60;16029.70;16029.76;16030.80;18.74;-14.05;779.34;1.28;724.10;1.38;
09:07:40.460299;11:07:40.460299;16027.50;16029.70;16029.76;16030.80;8.44;-23.76;773.69;1.29;724.10;1.38;
09:07:40.462297;11:07:40.460299;16027.50;16029.60;16029.76;16030.80;8.44;-23.17;773.69;1.29;724.10;1.38;
09:07:41.212935;11:07:40.460299;16027.50;16029.60;16029.40;16030.91;-2.75;12.76;773.69;1.29;746.95;1.34;
09:07:41.263943;11:07:41.263943;16027.60;16029.70;16029.40;16030.91;7.26;22.54;774.03;1.29;746.95;1.34;
09:07:41.315940;11:07:41.263943;16027.60;16029.70;16029.46;16031.10;-11.54;16.34;774.03;1.29;739.87;1.35;
09:07:41.419432;11:07:41.263943;16027.60;16029.70;16029.46;16030.85;13.20;16.14;774.03;1.29;732.96;1.36;
09:07:41.520369;11:07:41.263943;16027.60;16029.70;16029.50;16031.07;-8.74;12.08;774.03;1.29;726.16;1.38;
09:07:41.553350;11:07:41.553350;16027.50;16029.60;16029.50;16031.07;-18.58;2.12;768.52;1.30;726.16;1.38;
09:07:42.104750;11:07:41.553350;16027.50;16029.60;16029.64;16031.07;-18.42;-11.85;768.52;1.30;724.64;1.38;
09:07:42.104750;11:07:41.553350;16027.50;16029.60;16029.64;16030.68;20.01;-11.82;768.52;1.30;724.64;1.38;
09:07:42.140728;11:07:42.140728;16027.30;16029.40;16029.64;16030.68;0.23;-31.19;766.49;1.30;724.64;1.38;
09:07:42.222677;11:07:42.140728;16027.30;16029.40;16029.31;16030.75;-6.78;1.81;766.49;1.30;718.25;1.39;
09:07:42.467699;11:07:42.140728;16027.30;16029.40;16029.48;16030.83;-14.32;-15.15;766.49;1.30;713.31;1.40;
09:07:42.498680;11:07:42.498680;16027.50;16029.60;16029.48;16030.83;5.94;4.91;761.95;1.31;713.31;1.40;
09:07:43.086288;11:07:42.498680;16027.50;16029.60;16029.25;16030.83;5.72;27.74;761.95;1.31;712.33;1.40;
09:07:43.087287;11:07:42.498680;16027.50;16029.60;16029.25;16030.57;31.37;27.19;761.95;1.31;712.33;1.40;
09:07:43.110274;11:07:43.110274;16027.40;16029.50;16029.25;16030.57;21.22;16.84;760.30;1.32;712.33;1.40;
09:07:43.187226;11:07:43.110274;16027.40;16029.50;16029.50;16031.06;-27.44;-8.26;760.30;1.32;706.09;1.42;
09:07:43.288163;11:07:43.110274;16027.40;16029.50;16029.75;16031.07;-28.16;-32.79;760.30;1.32;699.98;1.43;
09:07:43.329140;11:07:43.329140;16027.70;16029.50;16029.75;16031.07;1.72;-2.72;754.40;1.33;699.98;1.43;
09:07:43.336134;11:07:43.329140;16027.70;16029.80;16029.75;16031.07;1.60;-2.65;754.40;1.33;699.98;1.43;
09:07:43.635948;11:07:43.329140;16027.70;16029.80;16029.52;16031.05;3.66;20.39;754.40;1.33;696.46;1.44;
09:07:43.915895;11:07:43.915895;16027.80;16029.90;16029.52;16031.05;13.62;30.33;752.60;1.33;696.46;1.44;
09:07:43.916896;11:07:43.915895;16027.80;16029.90;16029.79;16031.03;15.36;3.34;752.60;1.33;683.01;1.46;
09:07:44.154747;11:07:43.915895;16027.80;16029.90;16029.75;16031.32;-13.61;7.31;752.60;1.33;683.29;1.46;
09:07:46.825993;11:07:43.915895;16027.80;16029.90;16029.98;16031.34;-15.12;-15.67;752.60;1.33;701.51;1.43;
09:07:46.843982;11:07:46.843982;16027.90;16030.00;16029.98;16031.34;-4.83;-5.85;775.74;1.29;701.51;1.43;
09:07:46.951914;11:07:46.843982;16027.90;16030.00;16030.06;16031.50;-20.57;-13.77;775.74;1.29;701.73;1.43;
09:07:47.133803;11:07:47.133803;16028.10;16030.20;16030.06;16031.50;-0.52;6.38;770.63;1.30;701.73;1.43;
09:07:48.572402;11:07:48.571405;16028.00;16030.10;16030.06;16031.50;-10.59;-3.66;777.57;1.29;701.73;1.43;
09:07:49.121572;11:07:49.121572;16028.30;16030.40;16030.06;16031.50;19.14;26.10;775.23;1.29;701.73;1.43;
09:07:49.430433;11:07:49.121572;16028.30;16030.40;16030.21;16031.61;8.28;11.31;775.23;1.29;724.59;1.38;
09:07:49.432432;11:07:49.431432;16028.10;16030.20;16030.21;16031.61;-11.68;-8.58;770.48;1.30;724.59;1.38;
09:07:49.538365;11:07:49.431432;16028.10;16030.20;16030.01;16031.55;-5.70;11.33;770.48;1.30;719.80;1.39;
09:07:50.538309;11:07:49.431432;16028.10;16030.20;16030.33;16031.49;0.36;-20.32;770.48;1.30;727.15;1.38;
09:07:50.576285;11:07:50.569289;16028.30;16030.40;16030.33;16031.49;20.05;-0.26;774.17;1.29;727.15;1.38;
09:07:50.624255;11:07:50.569289;16028.30;16030.40;16030.31;16031.49;19.65;1.62;774.17;1.29;726.33;1.38;
09:07:50.624255;11:07:50.569289;16028.30;16030.40;16030.31;16031.75;-6.34;1.61;774.17;1.29;726.33;1.38;
09:07:51.316946;11:07:50.569289;16028.30;16030.40;16030.46;16032.11;-41.97;-13.41;774.17;1.29;729.79;1.37;
09:07:51.371912;11:07:51.371912;16028.40;16030.40;16030.46;16032.11;-31.79;-3.53;774.46;1.29;729.79;1.37;
09:07:51.372912;11:07:51.371912;16028.40;16030.50;16030.46;16032.11;-31.41;-3.45;774.46;1.29;729.79;1.37;
09:07:51.731881;11:07:51.730881;16028.60;16030.70;16030.46;16032.11;-11.49;16.44;766.57;1.30;729.79;1.37;
09:07:53.433104;11:07:51.730881;16028.60;16030.70;16030.79;16032.27;-27.12;-16.39;766.57;1.30;749.88;1.33;
09:07:53.466086;11:07:53.455091;16028.80;16030.90;16030.79;16032.27;-6.95;4.14;779.17;1.28;749.88;1.33;
09:07:53.791883;11:07:53.791883;16028.90;16030.90;16030.79;16032.27;3.32;14.57;779.38;1.28;749.88;1.33;
09:07:53.792885;11:07:53.791883;16028.90;16031.00;16030.79;16032.27;3.39;14.80;779.38;1.28;749.88;1.33;
09:07:54.171649;11:07:54.160655;16028.80;16030.90;16030.79;16032.27;-6.44;5.13;774.24;1.29;749.88;1.33;
09:07:54.486455;11:07:54.160655;16028.80;16030.90;16030.99;16032.27;-6.47;-14.65;774.24;1.29;756.78;1.32;
09:07:54.508443;11:07:54.508443;16029.00;16031.10;16030.99;16032.58;-17.69;5.07;774.47;1.29;756.78;1.32;
09:07:54.576398;11:07:54.508443;16029.00;16031.10;16030.82;16032.58;-17.66;21.63;774.47;1.29;732.73;1.36;
09:07:54.590395;11:07:54.508443;16029.00;16031.10;16030.82;16032.25;15.24;21.39;774.47;1.29;732.73;1.36;
09:07:54.838237;11:07:54.838237;16028.80;16031.10;16030.82;16032.25;-4.86;1.30;772.69;1.29;732.73;1.36;
09:07:54.839238;11:07:54.838237;16028.80;16030.90;16030.82;16032.25;-4.86;1.31;772.69;1.29;732.73;1.36;
09:07:55.094080;11:07:54.838237;16028.80;16030.90;16030.97;16032.35;-14.57;-13.48;772.69;1.29;735.32;1.36;
09:07:55.175029;11:07:55.169035;16029.00;16031.10;16030.97;16032.35;5.42;6.43;772.40;1.29;735.32;1.36;
09:07:55.207010;11:07:55.169035;16029.00;16031.10;16031.00;16032.35;5.41;3.37;772.40;1.29;718.09;1.39;
09:07:55.214007;11:07:55.169035;16029.00;16031.10;16031.00;16032.56;-15.29;3.41;772.40;1.29;718.09;1.39;
09:07:55.477845;11:07:55.169035;16029.00;16031.10;16030.78;16032.28;12.73;25.23;772.40;1.29;703.83;1.42;
09:07:55.498830;11:07:55.483840;16028.80;16030.90;16030.78;16032.28;-7.32;5.28;772.29;1.29;703.83;1.42;
09:07:55.748675;11:07:55.748675;16028.90;16030.90;16030.78;16032.28;2.73;15.43;771.83;1.30;703.83;1.42;
09:07:55.769664;11:07:55.748675;16028.90;16031.00;16030.78;16032.28;2.83;15.28;771.83;1.30;703.83;1.42;
09:07:56.090463;11:07:55.748675;16028.90;16031.00;16030.97;16032.60;-28.96;-3.73;771.83;1.30;709.93;1.41;
09:07:56.144431;11:07:56.108452;16029.00;16031.10;16030.97;16032.60;-18.65;6.21;772.37;1.29;709.93;1.41;
09:07:56.276353;11:07:56.108452;16029.00;16031.10;16031.05;16032.27;14.23;-1.87;772.37;1.29;706.15;1.42;
09:07:56.416264;11:07:56.108452;16029.00;16031.10;16030.98;16032.59;-17.47;5.08;772.37;1.29;705.33;1.42;
09:07:56.468232;11:07:56.108452;16029.00;16031.10;16030.76;16032.30;11.54;26.81;772.37;1.29;702.22;1.42;
09:07:56.534191;11:07:56.534191;16028.80;16031.10;16030.76;16032.30;-8.49;6.74;750.39;1.33;702.22;1.42;
09:07:56.535191;11:07:56.534191;16028.80;16030.90;16030.76;16032.30;-8.62;6.57;750.39;1.33;702.22;1.42;
09:07:56.873982;11:07:56.872981;16029.00;16031.10;16030.76;16032.30;11.57;26.43;750.51;1.33;702.22;1.42;
09:07:57.087849;11:07:56.872981;16029.00;16031.10;16030.99;16032.32;9.48;3.22;750.51;1.33;707.33;1.41;
09:07:57.197297;11:07:57.189304;16028.80;16030.90;16031.03;16032.03;18.50;-20.55;737.56;1.36;702.73;1.42;
09:07:58.323602;11:07:58.317606;16028.60;16030.70;16031.03;16032.03;-1.28;-40.12;746.10;1.34;702.73;1.42;
09:07:58.445528;11:07:58.317606;16028.60;16030.70;16031.18;16031.64;37.55;-55.06;746.10;1.34;714.15;1.40;
09:07:58.523480;11:07:58.317606;16028.60;16030.70;16030.85;16032.21;-19.79;-22.33;746.10;1.34;713.97;1.40;
09:07:58.637409;11:07:58.635410;16028.80;16030.90;16030.85;16032.21;0.27;-2.20;734.61;1.36;713.97;1.40;
09:08:00.252411;11:08:00.252411;16029.00;16031.10;16030.85;16032.21;20.13;17.73;747.40;1.34;713.97;1.40;
09:08:00.553228;11:08:00.553228;16028.80;16030.90;16030.85;16032.21;-0.11;-2.44;747.75;1.34;713.97;1.40;
09:08:02.283158;11:08:00.553228;16028.80;16030.90;16030.13;16032.18;2.82;68.87;747.75;1.34;746.55;1.34;
09:08:02.292152;11:08:02.292152;16028.80;16030.80;16030.13;16032.18;2.95;68.38;759.91;1.32;746.55;1.34;
09:08:02.374104;11:08:02.292152;16028.80;16030.80;16030.31;16032.18;3.08;50.07;759.91;1.32;739.30;1.35;
09:08:02.376101;11:08:02.292152;16028.80;16030.80;16030.31;16031.76;44.65;49.41;759.91;1.32;739.30;1.35;
09:08:02.628945;11:08:02.628945;16028.30;16030.40;16030.31;16031.76;-4.98;-0.45;757.02;1.32;739.30;1.35;
09:08:02.991719;11:08:02.991719;16028.60;16030.40;16030.31;16031.76;24.69;29.28;757.42;1.32;739.30;1.35;
09:08:02.992721;11:08:02.991719;16028.60;16030.70;16030.31;16031.76;24.26;28.91;757.42;1.32;739.30;1.35;
09:08:03.044689;11:08:02.991719;16028.60;16030.70;16030.56;16032.01;-0.92;3.79;757.42;1.32;744.84;1.34;
09:08:03.271548;11:08:03.271548;16028.50;16030.70;16030.56;16032.01;-10.71;-6.26;757.34;1.32;744.84;1.34;
09:08:03.271548;11:08:03.271548;16028.50;16030.60;16030.56;16032.01;-10.40;-6.21;757.34;1.32;744.84;1.34;
09:08:04.170992;11:08:03.271548;16028.50;16030.60;16030.53;16031.78;12.39;-3.15;757.34;1.32;716.78;1.40;
09:08:04.211968;11:08:03.271548;16028.50;16030.60;16030.50;16031.78;12.18;-0.06;757.34;1.32;716.78;1.40;
09:08:04.212968;11:08:03.271548;16028.50;16030.60;16030.50;16032.07;-16.55;0.03;757.34;1.32;716.78;1.40;
09:08:04.277928;11:08:03.271548;16028.50;16030.60;16030.47;16031.85;5.40;2.99;757.34;1.32;711.10;1.41;
09:08:05.223343;11:08:03.271548;16028.50;16030.60;16030.58;16031.99;-8.51;-7.94;757.34;1.32;717.37;1.39;
09:08:05.343268;11:08:03.271548;16028.50;16030.60;16030.49;16031.82;8.27;0.92;757.34;1.32;717.63;1.39;
09:08:05.384244;11:08:05.376249;16028.60;16030.70;16030.49;16031.82;18.05;10.78;774.71;1.29;717.63;1.39;
09:08:05.442212;11:08:05.376249;16028.60;16030.70;16030.61;16031.95;4.90;-1.67;774.71;1.29;714.33;1.40;
09:08:05.569130;11:08:05.376249;16028.60;16030.70;16030.53;16031.79;20.89;6.10;774.71;1.29;715.70;1.40;
09:08:05.670067;11:08:05.666069;16028.30;16030.40;16030.53;16031.79;-8.92;-23.93;772.03;1.30;715.70;1.40;
09:08:05.680061;11:08:05.666069;16028.30;16030.40;16030.33;16031.73;-2.99;-4.36;772.03;1.30;714.78;1.40;
09:08:06.013857;11:08:06.013857;16028.20;16030.30;16030.33;16031.73;-12.66;-14.39;772.61;1.29;714.78;1.40;
09:08:06.211733;11:08:06.013857;16028.20;16030.30;16030.64;16031.73;-12.33;-45.11;772.61;1.29;718.87;1.39;
09:08:06.213732;11:08:06.013857;16028.20;16030.30;16030.64;16031.93;-31.90;-44.93;772.61;1.29;718.87;1.39;
09:08:06.301677;11:08:06.300679;16028.50;16030.60;16030.64;16031.93;-1.77;-15.05;740.60;1.35;718.87;1.39;
09:08:07.438975;11:08:06.300679;16028.50;16030.60;16030.29;16032.02;-10.66;19.84;740.60;1.35;730.15;1.37;
09:08:07.539914;11:08:06.300679;16028.50;16030.60;16030.48;16032.09;-17.38;1.02;740.60;1.35;669.19;1.49;
09:08:07.569895;11:08:07.569895;16028.60;16030.70;16030.48;16032.09;-7.39;11.04;749.79;1.33;669.19;1.49;
09:08:07.752782;11:08:07.752782;16028.30;16030.70;16030.48;16032.09;-36.85;-18.64;748.77;1.34;669.19;1.49;
09:08:07.753780;11:08:07.752782;16028.30;16030.40;16030.48;16032.09;-36.53;-18.36;748.77;1.34;669.19;1.49;
09:08:09.474718;11:08:07.752782;16028.30;16030.40;16030.77;16032.09;-36.31;-46.89;748.77;1.34;686.53;1.46;
09:08:09.475719;11:08:07.752782;16028.30;16030.40;16030.77;16032.04;-31.14;-46.56;748.77;1.34;686.53;1.46;
09:08:09.754550;11:08:07.752782;16028.30;16030.40;16030.54;16032.02;-28.60;-23.46;748.77;1.34;688.07;1.45;
09:08:09.957422;11:08:09.951424;16028.60;16030.70;16030.54;16032.02;1.44;6.14;764.08;1.31;688.07;1.45;
09:08:09.976410;11:08:09.960419;16028.30;16030.40;16030.54;16032.02;-28.29;-23.63;760.78;1.31;688.07;1.45;
09:08:11.079728;11:08:09.960419;16028.30;16030.40;16030.71;16032.11;-37.01;-40.40;760.78;1.31;688.86;1.45;
09:08:11.080728;11:08:09.960419;16028.30;16030.40;16030.58;16031.99;-24.65;-27.10;760.78;1.31;687.94;1.45;
09:08:11.747317;11:08:09.960419;16028.30;16030.40;16030.72;16032.09;-34.19;-40.43;760.78;1.31;693.06;1.44;
09:08:11.829266;11:08:11.819271;16028.80;16030.90;16030.72;16032.09;16.03;9.74;776.22;1.29;693.06;1.44;
09:08:11.891227;11:08:11.819271;16028.80;16030.90;16030.73;16032.34;-8.60;8.82;776.22;1.29;693.25;1.44;
09:08:11.940197;11:08:11.819271;16028.80;16030.90;16031.00;16032.31;-5.75;-18.08;776.22;1.29;683.63;1.46;
09:08:12.049129;11:08:11.819271;16028.80;16030.90;16030.85;16032.22;3.00;-3.38;776.22;1.29;683.92;1.46;
09:08:12.148069;11:08:12.148069;16028.90;16030.90;16030.85;16032.22;12.95;6.52;776.65;1.29;683.92;1.46;
09:08:12.149068;11:08:12.148069;16028.90;16031.00;16030.85;16032.22;12.90;6.42;776.65;1.29;683.92;1.46;
09:08:12.629772;11:08:12.148069;16028.90;16031.00;16031.31;16032.22;12.87;-38.99;776.65;1.29;680.42;1.47;
09:08:12.660752;11:08:12.148069;16028.90;16031.00;16031.31;16032.26;8.98;-38.30;776.65;1.29;680.42;1.47;
09:08:12.927588;11:08:12.920592;16029.00;16031.10;16031.31;16032.26;19.01;-27.98;777.33;1.29;680.42;1.47;
09:08:13.187426;11:08:12.920592;16029.00;16031.10;16031.02;16032.30;14.79;1.09;777.33;1.29;678.67;1.47;
09:08:13.220406;11:08:13.219410;16028.90;16031.00;16031.02;16032.30;4.65;-8.97;777.58;1.29;678.67;1.47;
09:08:13.379309;11:08:13.219410;16028.90;16031.00;16031.10;16032.46;-11.23;-16.85;777.58;1.29;675.27;1.48;
09:08:13.538209;11:08:13.538209;16029.00;16031.10;16031.10;16032.46;-1.37;-6.91;730.41;1.37;675.27;1.48;
09:08:13.988486;11:08:13.538209;16029.00;16031.10;16031.10;16032.21;23.44;-6.77;730.41;1.37;680.09;1.47;
09:08:14.037457;11:08:14.036456;16028.90;16031.00;16031.10;16032.21;13.25;-16.63;732.22;1.37;680.09;1.47;
09:08:14.079431;11:08:14.036456;16028.90;16031.00;16031.06;16032.51;-16.34;-12.23;732.22;1.37;679.99;1.47;
09:08:14.302291;11:08:14.302291;16029.00;16031.10;16031.06;16032.51;-6.14;-2.08;731.63;1.37;679.99;1.47;
09:08:16.428045;11:08:14.302291;16029.00;16031.10;16031.28;16032.04;40.39;-23.91;731.63;1.37;696.29;1.44;
09:08:16.624921;11:08:14.302291;16029.00;16031.10;16030.46;16032.10;34.04;57.64;731.63;1.37;695.65;1.44;
09:08:16.723861;11:08:14.302291;16029.00;16031.10;16030.47;16031.60;83.25;55.88;731.63;1.37;680.24;1.47;
09:08:17.086637;11:08:14.302291;16029.00;16031.10;16030.58;16031.73;69.79;44.43;731.63;1.37;682.86;1.46;
09:08:17.180579;11:08:14.302291;16029.00;16031.10;16030.53;16032.04;38.64;48.95;731.63;1.37;662.58;1.51;
09:08:17.774212;11:08:17.774212;16028.90;16031.00;16030.53;16032.04;28.33;38.57;823.26;1.21;662.58;1.51;
09:08:18.068033;11:08:18.068033;16028.60;16030.70;16030.53;16032.04;-2.04;8.34;822.77;1.22;662.58;1.51;
09:08:18.649244;11:08:18.649244;16028.50;16030.70;16030.53;16032.04;-12.21;-1.69;821.46;1.22;662.58;1.51;
09:08:18.650244;11:08:18.649244;16028.50;16030.60;16030.53;16032.04;-12.38;-1.72;821.46;1.22;662.58;1.51;
09:08:20.151046;11:08:20.151046;16028.60;16030.70;16030.53;16032.04;-2.45;8.35;832.17;1.20;662.58;1.51;
09:08:21.008737;11:08:21.008737;16028.50;16030.70;16030.53;16032.04;-12.58;-1.81;838.78;1.19;662.58;1.51;
09:08:21.010737;11:08:21.008737;16028.50;16030.60;16030.53;16032.04;-12.51;-1.77;838.78;1.19;662.58;1.51;
09:08:21.374547;11:08:21.374547;16028.60;16030.70;16030.53;16032.04;-2.44;8.27;839.00;1.19;662.58;1.51;
09:08:21.665396;11:08:21.665396;16028.50;16030.60;16030.53;16032.04;-12.27;-1.59;838.65;1.19;662.58;1.51;
09:08:21.959215;11:08:21.665396;16028.50;16030.60;16030.09;16031.48;43.24;42.01;838.65;1.19;709.37;1.41;
09:08:22.013183;11:08:22.013183;16028.00;16030.60;16030.09;16031.48;-6.75;-8.09;837.03;1.19;709.37;1.41;
09:08:22.014182;11:08:22.013183;16028.00;16030.10;16030.09;16031.48;-6.85;-7.99;837.03;1.19;709.37;1.41;
09:08:22.306587;11:08:22.305588;16027.80;16029.90;16030.09;16031.48;-26.75;-27.52;835.43;1.20;709.37;1.41;
09:08:22.350562;11:08:22.305588;16027.80;16029.90;16030.05;16031.27;-5.53;-23.09;835.43;1.20;710.34;1.41;
09:08:22.444503;11:08:22.305588;16027.80;16029.90;16029.96;16031.61;-39.17;-13.95;835.43;1.20;710.21;1.41;
09:08:22.629388;11:08:22.629388;16028.00;16029.90;16029.96;16031.61;-19.01;5.99;835.56;1.20;710.21;1.41;
09:08:22.631388;11:08:22.629388;16028.00;16030.10;16029.96;16031.61;-18.95;5.78;835.56;1.20;710.21;1.41;
09:08:22.834809;11:08:22.629388;16028.00;16030.10;16030.03;16031.29;12.99;-1.16;835.56;1.20;696.32;1.44;
09:08:22.901768;11:08:22.629388;16028.00;16030.10;16029.78;16031.29;12.93;23.62;835.56;1.20;696.04;1.44;
09:08:22.959732;11:08:22.959732;16027.80;16029.90;16029.78;16031.29;-7.14;3.60;835.95;1.20;696.04;1.44;
09:08:24.857712;11:08:22.959732;16027.80;16029.90;16029.65;16031.16;5.94;16.67;835.95;1.20;714.59;1.40;
09:08:24.882695;11:08:24.882695;16027.60;16029.70;16029.65;16031.16;-13.98;-3.26;833.78;1.20;714.59;1.40;
09:08:25.060587;11:08:24.882695;16027.60;16029.70;16029.55;16031.02;0.06;6.81;833.78;1.20;715.59;1.40;
09:08:25.211492;11:08:25.211492;16027.50;16029.60;16029.55;16031.02;-9.80;-3.02;833.76;1.20;715.59;1.40;
09:08:25.476330;11:08:25.211492;16027.50;16029.60;16029.45;16030.62;29.62;6.86;833.76;1.20;702.38;1.42;
09:08:25.545286;11:08:25.545286;16027.30;16029.40;16029.45;16030.62;9.34;-12.96;811.53;1.23;702.38;1.42;
09:08:26.030659;11:08:26.030659;16027.20;16029.30;16029.45;16030.62;-0.51;-22.76;813.91;1.23;702.38;1.42;
09:08:26.319478;11:08:26.319478;16027.30;16029.30;16029.45;16030.62;9.22;-12.59;811.60;1.23;702.38;1.42;
09:08:26.322475;11:08:26.319478;16027.30;16029.40;16029.45;16030.62;9.24;-12.20;811.60;1.23;702.38;1.42;
09:08:30.634160;11:08:30.634160;16027.10;16029.40;16029.45;16030.62;-10.74;-31.81;851.89;1.17;702.38;1.42;
09:08:30.635161;11:08:30.634160;16027.10;16029.20;16029.45;16030.62;-10.72;-31.42;851.89;1.17;702.38;1.42;
09:08:30.694637;11:08:30.634160;16027.10;16029.20;16029.24;16030.33;18.21;-10.04;851.89;1.17;753.53;1.33;
09:08:30.787579;11:08:30.634160;16027.10;16029.20;16029.41;16030.65;-13.56;-26.72;851.89;1.17;725.61;1.38;
09:08:30.941486;11:08:30.941486;16027.30;16029.20;16029.41;16030.65;6.56;-6.84;847.01;1.18;725.61;1.38;
09:08:30.942483;11:08:30.941486;16027.30;16029.40;16029.41;16030.65;6.48;-7.16;847.01;1.18;725.61;1.38;
09:08:31.322700;11:08:31.322700;16027.50;16029.60;16029.41;16030.65;26.59;12.17;847.66;1.18;725.61;1.38;
09:08:31.662617;11:08:31.662617;16027.30;16029.60;16029.41;16030.65;6.33;-7.97;846.29;1.18;725.61;1.38;
09:08:31.663617;11:08:31.662617;16027.30;16029.40;16029.41;16030.65;6.27;-7.91;846.29;1.18;725.61;1.38;
09:08:32.668250;11:08:31.662617;16027.30;16029.40;16029.23;16030.65;6.41;10.17;846.29;1.18;743.42;1.35;
09:08:32.669250;11:08:31.662617;16027.30;16029.40;16029.23;16030.58;13.28;10.05;846.29;1.18;743.42;1.35;
09:08:32.694233;11:08:32.694233;16027.10;16029.40;16029.23;16030.58;-6.62;-9.15;853.47;1.17;743.42;1.35;
09:08:32.696232;11:08:32.694233;16027.10;16029.20;16029.23;16030.58;-6.52;-8.35;853.47;1.17;743.42;1.35;
09:08:32.768189;11:08:32.694233;16027.10;16029.20;16029.00;16030.57;-5.43;15.04;853.47;1.17;731.38;1.37;
09:08:33.121962;11:08:33.121962;16027.30;16029.40;16029.00;16030.57;14.88;35.23;804.72;1.24;731.38;1.37;
09:08:33.175929;11:08:33.121962;16027.30;16029.40;16029.26;16030.81;-9.07;9.18;804.72;1.24;728.62;1.37;
09:08:33.283861;11:08:33.121962;16027.30;16029.40;16029.08;16030.74;-1.79;27.25;804.72;1.24;703.36;1.42;
09:08:33.417825;11:08:33.417825;16027.00;16029.40;16029.08;16030.74;-31.21;-2.38;772.19;1.30;703.36;1.42;
09:08:33.418815;11:08:33.417825;16027.00;16029.10;16029.08;16030.74;-30.88;-2.26;772.19;1.30;703.36;1.42;
09:08:33.822623;11:08:33.417825;16027.00;16029.10;16029.26;16030.81;-37.58;-20.06;772.19;1.30;706.77;1.41;
09:08:33.839612;11:08:33.837614;16027.30;16029.40;16029.26;16030.81;-7.58;9.84;773.30;1.29;706.77;1.41;
09:08:34.190001;11:08:34.189001;16027.50;16029.60;16029.26;16030.81;12.45;29.57;766.56;1.30;706.77;1.41;
09:08:35.424239;11:08:34.189001;16027.50;16029.60;16029.56;16031.00;-6.33;-0.37;766.56;1.30;720.75;1.39;
09:08:36.225743;11:08:36.225743;16027.60;16029.70;16029.56;16031.00;3.50;9.59;784.10;1.28;720.75;1.39;
09:08:37.864913;11:08:37.864913;16027.50;16029.60;16029.56;16031.00;-6.35;-0.32;796.48;1.26;720.75;1.39;
09:08:39.016744;11:08:39.016744;16027.60;16029.70;16029.56;16031.00;3.56;9.56;804.69;1.24;720.75;1.39;
09:08:39.058718;11:08:39.016744;16027.60;16029.70;16029.89;16031.00;3.64;-23.14;804.69;1.24;745.58;1.34;
09:08:39.063716;11:08:39.016744;16027.60;16029.70;16029.89;16031.18;-14.00;-22.74;804.69;1.24;745.58;1.34;
09:08:39.299734;11:08:39.291701;16027.80;16029.90;16029.89;16031.18;6.03;-2.66;804.59;1.24;745.58;1.34;
09:08:39.949734;11:08:39.941739;16027.60;16029.70;16029.89;16031.18;-13.58;-22.30;779.44;1.28;745.58;1.34;
09:08:40.009808;11:08:39.941739;16027.60;16029.70;16029.56;16031.25;-20.42;10.43;779.44;1.28;748.13;1.34;
09:08:40.090760;11:08:39.941739;16027.60;16029.70;16029.56;160.31;1571202.86;10.36;779.44;1.28;743.40;1.35;
09:08:40.091759;11:08:39.941739;16027.60;16029.70;16029.56;16031.00;-15866.27;10.19;779.44;1.28;743.40;1.35;
09:08:40.268241;11:08:40.267687;16027.80;16029.90;16029.56;16031.00;-15846.60;29.51;778.01;1.29;743.40;1.35;
09:08:40.593576;11:08:40.593576;16027.50;16029.60;16029.56;16031.00;-15876.83;-0.87;777.83;1.29;743.40;1.35;
09:08:40.927536;11:08:40.920541;16027.80;16029.90;16029.56;16031.00;-15847.06;28.75;778.11;1.29;743.40;1.35;
09:08:40.971552;11:08:40.920541;16027.80;16029.90;16029.81;16031.26;-15873.12;3.97;778.11;1.29;734.65;1.36;
09:08:41.228388;11:08:41.227390;16027.90;16030.00;16029.81;16031.26;-15863.35;13.90;765.38;1.31;734.65;1.36;
09:08:41.516210;11:08:41.227390;16027.90;16030.00;16029.47;16031.10;-15847.64;47.59;765.38;1.31;738.81;1.35;
09:08:41.585166;11:08:41.585166;16027.60;16030.00;16029.47;16031.10;-15877.93;17.28;765.40;1.31;738.81;1.35;
09:08:41.588166;11:08:41.585166;16027.60;16029.70;16029.47;16031.10;-15878.22;16.97;765.40;1.31;738.81;1.35;
09:08:41.821136;11:08:41.821136;16027.50;16029.60;16029.47;16031.10;-15888.41;6.47;761.89;1.31;738.81;1.35;
09:08:42.179853;11:08:42.179853;16027.60;16029.70;16029.47;16031.10;-15878.65;15.87;762.02;1.31;738.81;1.35;
09:08:48.116156;11:08:42.179853;16027.60;16029.70;16029.87;16030.94;-15863.03;-24.10;762.02;1.31;791.49;1.26;
09:08:48.157131;11:08:48.157131;16027.80;16029.90;16029.87;16030.94;-15843.31;-3.97;817.85;1.22;791.49;1.26;
09:08:48.215098;11:08:48.157131;16027.80;16029.90;16029.73;16031.34;-15883.49;9.72;817.85;1.22;786.42;1.27;
09:08:51.976925;11:08:51.970930;16027.70;16029.80;16029.73;16031.34;-15893.66;-0.66;852.62;1.17;786.42;1.27;
09:08:52.004952;11:08:51.970930;16027.70;16029.80;16030.04;16030.78;-15838.27;-31.60;852.62;1.17;821.08;1.22;
09:08:52.516916;11:08:51.970930;16027.70;16029.80;16029.85;16031.21;-15881.55;-12.87;852.62;1.17;807.57;1.24;
09:08:52.609927;11:08:51.970930;16027.70;16029.80;16029.52;16031.05;-15865.49;20.03;852.62;1.17;791.23;1.26;
09:08:52.639909;11:08:52.639909;16027.80;16029.90;16029.52;16031.05;-15855.78;29.82;832.80;1.20;791.23;1.26;
09:08:52.883812;11:08:52.883812;16027.60;16029.90;16029.52;16031.05;-15875.84;9.54;831.58;1.20;791.23;1.26;
09:08:52.884814;11:08:52.883812;16027.60;16029.70;16029.52;16031.05;-15875.81;9.41;831.58;1.20;791.23;1.26;
09:08:53.160647;11:08:52.883812;16027.60;16029.70;16029.53;16031.28;-15898.45;8.39;831.58;1.20;783.43;1.28;
09:08:53.200622;11:08:53.200622;16027.50;16029.60;16029.53;16031.28;-15907.99;-1.53;826.84;1.21;783.43;1.28;
09:08:53.355948;11:08:53.200622;16027.50;16029.60;16029.52;16031.04;-15883.77;-0.92;826.84;1.21;768.90;1.30;
09:08:53.498860;11:08:53.498860;16027.60;16029.60;16029.52;16031.04;-15873.69;8.59;826.84;1.21;768.90;1.30;
09:08:53.499861;11:08:53.498860;16027.60;16029.70;16029.52;16031.04;-15873.51;8.20;826.84;1.21;768.90;1.30;
09:08:55.657093;11:08:55.656092;16027.50;16029.60;16029.52;16031.04;-15883.27;-1.80;840.95;1.19;768.90;1.30;
09:08:55.716054;11:08:55.656092;16027.50;16029.60;16029.52;16030.80;-15859.37;-1.90;840.95;1.19;785.62;1.27;
09:08:55.825987;11:08:55.656092;16027.50;16029.60;16028.76;16030.31;-15811.12;73.16;840.95;1.19;784.79;1.27;
09:08:56.006876;11:08:56.002878;16026.80;16028.90;16029.40;16030.66;-15915.72;-60.34;840.90;1.19;782.50;1.28;
09:08:56.276708;11:08:56.276708;16027.30;16028.90;16029.40;16030.66;-15865.57;-10.34;840.57;1.19;782.50;1.28;
09:08:56.277708;11:08:56.276708;16027.30;16029.40;16029.40;16030.66;-15865.52;-10.44;840.57;1.19;782.50;1.28;
09:08:58.201036;11:08:56.276708;16027.30;16029.40;16028.99;16030.32;-15832.11;30.09;840.57;1.19;796.57;1.26;
09:08:58.336990;11:08:56.276708;16027.30;16029.40;16028.79;16030.27;-15827.65;49.52;840.57;1.19;770.11;1.30;
09:08:58.373998;11:08:58.373998;16027.00;16029.10;16028.79;16030.27;-15857.42;19.03;851.19;1.17;770.11;1.30;
09:08:58.557094;11:08:58.557094;16026.80;16029.10;16028.79;16030.27;-15877.05;-0.44;850.10;1.18;770.11;1.30;
09:08:58.558137;11:08:58.557094;16026.80;16028.90;16028.79;16030.27;-15876.18;0.08;850.10;1.18;770.11;1.30;
09:09:00.050213;11:09:00.031220;16026.90;16029.00;16028.79;16030.27;-15865.54;10.39;856.80;1.17;770.11;1.30;
09:09:00.371008;11:09:00.371008;16026.80;16028.90;16028.79;16030.27;-15875.11;0.85;857.31;1.17;770.11;1.30;
09:09:01.365413;11:09:00.371008;16026.80;16028.90;16029.21;16030.86;-15933.19;-40.37;857.31;1.17;799.13;1.25;
09:09:01.401392;11:09:01.389400;16026.90;16029.00;16029.21;16030.86;-15922.67;-29.99;861.62;1.16;799.13;1.25;
09:09:01.453359;11:09:01.389400;16026.90;16029.00;16029.07;16030.49;-15885.62;-15.85;861.62;1.16;799.21;1.25;
09:09:01.693262;11:09:01.693262;16027.30;16029.40;16029.07;16030.49;-15845.97;23.89;861.07;1.16;799.21;1.25;
09:09:02.295960;11:09:01.693262;16027.30;16029.40;16028.96;16030.35;-15832.36;34.62;861.07;1.16;806.63;1.24;
09:09:02.310951;11:09:02.310951;16026.80;16029.40;16028.96;16030.35;-15882.35;-15.25;861.14;1.16;806.63;1.24;
09:09:02.311950;11:09:02.310951;16026.80;16028.90;16028.96;16030.35;-15882.34;-15.12;861.14;1.16;806.63;1.24;
09:09:02.406891;11:09:02.310951;16026.80;16028.90;16028.79;16030.27;-15874.31;1.94;861.14;1.16;801.89;1.25;
09:09:03.325241;11:09:02.310951;16026.80;16028.90;16029.16;16030.27;-15874.38;-34.73;861.14;1.16;809.92;1.23;
09:09:03.328241;11:09:02.310951;16026.80;16028.90;16029.16;16030.15;-15862.01;-33.96;861.14;1.16;809.92;1.23;
09:09:03.373214;11:09:03.373214;16027.00;16029.10;16029.16;16030.15;-15842.34;-13.89;869.58;1.15;809.92;1.23;
09:09:03.885252;11:09:03.373214;16027.00;16029.10;16028.74;16030.32;-15859.50;27.76;869.58;1.15;813.08;1.23;
