12:35:43.383756> Binance - O6Lyrsb3[MARGIN] An error occurred while sending the request.
12:35:44.271057> WebSocket connected! Start [MARGIN] @depth@100ms process...
12:35:44.357056> Lenta has started...Start SubscribeToTradeStream @trade [{accType}] process...
12:35:44.358054> WebSocket connected! Start Partial @depth10 [MARGIN] process...
12:35:44.566077> WebSocket connected! Start Partial @depth10 [Future] process...
12:35:44.649073> New Max DevBuy: 0.00000000 GapBuy:-0.03100000 avgGapBuy:-0.03100000 deviationBuy:0.00000000
12:35:44.649073> Ask1: 99.47000000 Bid1:99.46000000 Ask2:99.4410 Bid2:99.4390
12:35:44.649073> New Min DevSell: 0.00000000 GapSell:-0.01900000 avgGapSell:-0.01900000 deviationSell:0.00000000
12:35:44.650074> Ask1: 99.47000000 Bid1:99.46000000 Ask2:99.4410 Bid2:99.4390
12:35:44.661080> New Max DevBuy: 0.00000000 GapBuy:-0.03100000 avgGapBuy:-0.03100000 deviationBuy:0.00000000
12:35:44.662075> Ask1: 99.47000000 Bid1:99.46000000 Ask2:99.4410 Bid2:99.4390
12:35:44.662075> New Min DevSell: 0.00000000 GapSell:-0.01900000 avgGapSell:-0.01900000 deviationSell:0.00000000
12:35:44.663075> Ask1: 99.47000000 Bid1:99.46000000 Ask2:99.4410 Bid2:99.4390
12:35:44.665073> New Max DevBuy: 0.00000000 GapBuy:-0.03100000 avgGapBuy:-0.03100000 deviationBuy:0.00000000
12:35:44.666073> Ask1: 99.47000000 Bid1:99.46000000 Ask2:99.4410 Bid2:99.4390
12:35:44.666073> New Min DevSell: 0.00000000 GapSell:-0.01900000 avgGapSell:-0.01900000 deviationSell:0.00000000
12:35:44.666073> Ask1: 99.47000000 Bid1:99.46000000 Ask2:99.4410 Bid2:99.4390
12:35:44.667073> New Max DevBuy: 0.00000000 GapBuy:-0.03100000 avgGapBuy:-0.03100000 deviationBuy:0.00000000
12:35:44.667073> Ask1: 99.47000000 Bid1:99.46000000 Ask2:99.4410 Bid2:99.4390
12:35:44.667073> New Min DevSell: 0.00000000 GapSell:-0.01900000 avgGapSell:-0.01900000 deviationSell:0.00000000
12:35:44.667073> Ask1: 99.47000000 Bid1:99.46000000 Ask2:99.4410 Bid2:99.4390
12:35:44.669074> New Max DevBuy: 0.00000000 GapBuy:-0.03100000 avgGapBuy:-0.03100000 deviationBuy:0.00000000
12:35:44.669074> Ask1: 99.47000000 Bid1:99.46000000 Ask2:99.4410 Bid2:99.4390
12:35:44.669074> New Min DevSell: 0.00000000 GapSell:-0.01900000 avgGapSell:-0.01900000 deviationSell:0.00000000
12:35:44.669074> Ask1: 99.47000000 Bid1:99.46000000 Ask2:99.4410 Bid2:99.4390
12:35:44.670075> New Max DevBuy: 0.00000000 GapBuy:-0.03100000 avgGapBuy:-0.03100000 deviationBuy:0.00000000
12:35:44.670075> Ask1: 99.47000000 Bid1:99.46000000 Ask2:99.4410 Bid2:99.4390
12:35:44.670075> New Min DevSell: 0.00000000 GapSell:-0.01900000 avgGapSell:-0.01900000 deviationSell:0.00000000
12:35:44.671079> Ask1: 99.47000000 Bid1:99.46000000 Ask2:99.4410 Bid2:99.4390
12:35:44.673074> New Max DevBuy: 0.00000000 GapBuy:-0.03100000 avgGapBuy:-0.03100000 deviationBuy:0.00000000
12:35:44.673074> Ask1: 99.47000000 Bid1:99.46000000 Ask2:99.4410 Bid2:99.4390
12:35:44.673074> New Min DevSell: 0.00000000 GapSell:-0.01900000 avgGapSell:-0.01900000 deviationSell:0.00000000
12:35:44.673074> Ask1: 99.47000000 Bid1:99.46000000 Ask2:99.4410 Bid2:99.4390
12:35:44.676076> New Max DevBuy: 0.00000000 GapBuy:-0.03100000 avgGapBuy:-0.03100000 deviationBuy:0.00000000
12:35:44.676076> Ask1: 99.47000000 Bid1:99.46000000 Ask2:99.4410 Bid2:99.4390
12:35:44.676076> New Min DevSell: 0.00000000 GapSell:-0.01900000 avgGapSell:-0.01900000 deviationSell:0.00000000
12:35:44.676076> Ask1: 99.47000000 Bid1:99.46000000 Ask2:99.4410 Bid2:99.4390
12:35:44.678076> New Max DevBuy: 0.00000000 GapBuy:-0.03100000 avgGapBuy:-0.03100000 deviationBuy:0.00000000
12:35:44.678076> Ask1: 99.47000000 Bid1:99.46000000 Ask2:99.4410 Bid2:99.4390
12:35:44.678076> New Min DevSell: 0.00000000 GapSell:-0.01900000 avgGapSell:-0.01900000 deviationSell:0.00000000
12:35:44.678076> Ask1: 99.47000000 Bid1:99.46000000 Ask2:99.4410 Bid2:99.4390
12:35:44.680077> New Max DevBuy: 0.00000000 GapBuy:-0.03100000 avgGapBuy:-0.03100000 deviationBuy:0.00000000
12:35:44.680077> Ask1: 99.47000000 Bid1:99.46000000 Ask2:99.4410 Bid2:99.4390
12:35:44.680077> New Min DevSell: 0.00000000 GapSell:-0.01900000 avgGapSell:-0.01900000 deviationSell:0.00000000
12:35:44.680077> Ask1: 99.47000000 Bid1:99.46000000 Ask2:99.4410 Bid2:99.4390
12:35:44.682077> New Max DevBuy: 0.00000000 GapBuy:-0.03100000 avgGapBuy:-0.03100000 deviationBuy:0.00000000
12:35:44.682077> Ask1: 99.47000000 Bid1:99.46000000 Ask2:99.4410 Bid2:99.4390
12:35:44.682077> New Min DevSell: 0.00000000 GapSell:-0.01900000 avgGapSell:-0.01900000 deviationSell:0.00000000
12:35:44.682077> Ask1: 99.47000000 Bid1:99.46000000 Ask2:99.4410 Bid2:99.4390
12:35:44.684078> New Max DevBuy: 0.00000000 GapBuy:-0.03100000 avgGapBuy:-0.03100000 deviationBuy:0.00000000
12:35:44.684078> Ask1: 99.47000000 Bid1:99.46000000 Ask2:99.4410 Bid2:99.4390
12:35:44.684078> New Min DevSell: 0.00000000 GapSell:-0.01900000 avgGapSell:-0.01900000 deviationSell:0.00000000
12:35:44.684078> Ask1: 99.47000000 Bid1:99.46000000 Ask2:99.4410 Bid2:99.4390
12:35:44.686077> New Max DevBuy: 0.00000000 GapBuy:-0.03100000 avgGapBuy:-0.03100000 deviationBuy:0.00000000
12:35:44.686077> Ask1: 99.47000000 Bid1:99.46000000 Ask2:99.4410 Bid2:99.4390
12:35:44.686077> New Min DevSell: 0.00000000 GapSell:-0.01900000 avgGapSell:-0.01900000 deviationSell:0.00000000
12:35:44.686077> Ask1: 99.47000000 Bid1:99.46000000 Ask2:99.4410 Bid2:99.4390
12:35:44.688077> New Max DevBuy: 0.00000000 GapBuy:-0.03100000 avgGapBuy:-0.03100000 deviationBuy:0.00000000
12:35:44.688077> Ask1: 99.47000000 Bid1:99.46000000 Ask2:99.4410 Bid2:99.4390
12:35:44.688077> New Min DevSell: 0.00000000 GapSell:-0.01900000 avgGapSell:-0.01900000 deviationSell:0.00000000
12:35:44.688077> Ask1: 99.47000000 Bid1:99.46000000 Ask2:99.4410 Bid2:99.4390
12:35:44.689077> New Max DevBuy: 0.00000000 GapBuy:-0.03100000 avgGapBuy:-0.03100000 deviationBuy:0.00000000
12:35:44.689077> Ask1: 99.47000000 Bid1:99.46000000 Ask2:99.4410 Bid2:99.4390
12:35:44.689077> New Min DevSell: 0.00000000 GapSell:-0.01900000 avgGapSell:-0.01900000 deviationSell:0.00000000
12:35:44.689077> Ask1: 99.47000000 Bid1:99.46000000 Ask2:99.4410 Bid2:99.4390
12:35:44.691076> New Max DevBuy: 0.00000000 GapBuy:-0.03100000 avgGapBuy:-0.03100000 deviationBuy:0.00000000
12:35:44.691076> Ask1: 99.47000000 Bid1:99.46000000 Ask2:99.4410 Bid2:99.4390
12:35:44.691076> New Min DevSell: 0.00000000 GapSell:-0.01900000 avgGapSell:-0.01900000 deviationSell:0.00000000
12:35:44.691076> Ask1: 99.47000000 Bid1:99.46000000 Ask2:99.4410 Bid2:99.4390
12:35:44.692076> New Max DevBuy: 0.00000000 GapBuy:-0.03100000 avgGapBuy:-0.03100000 deviationBuy:0.00000000
12:35:44.692076> Ask1: 99.47000000 Bid1:99.46000000 Ask2:99.4410 Bid2:99.4390
12:35:44.692076> New Min DevSell: 0.00000000 GapSell:-0.01900000 avgGapSell:-0.01900000 deviationSell:0.00000000
12:35:44.692076> Ask1: 99.47000000 Bid1:99.46000000 Ask2:99.4410 Bid2:99.4390
12:35:44.694089> New Max DevBuy: 0.00000000 GapBuy:-0.03100000 avgGapBuy:-0.03100000 deviationBuy:0.00000000
12:35:44.694089> Ask1: 99.47000000 Bid1:99.46000000 Ask2:99.4410 Bid2:99.4390
12:35:44.694089> New Min DevSell: 0.00000000 GapSell:-0.01900000 avgGapSell:-0.01900000 deviationSell:0.00000000
12:35:44.694089> Ask1: 99.47000000 Bid1:99.46000000 Ask2:99.4410 Bid2:99.4390
12:35:44.696076> New Max DevBuy: 0.00000000 GapBuy:-0.03100000 avgGapBuy:-0.03100000 deviationBuy:0.00000000
12:35:44.696076> Ask1: 99.47000000 Bid1:99.46000000 Ask2:99.4410 Bid2:99.4390
12:35:44.696076> New Min DevSell: 0.00000000 GapSell:-0.01900000 avgGapSell:-0.01900000 deviationSell:0.00000000
12:35:44.696076> Ask1: 99.47000000 Bid1:99.46000000 Ask2:99.4410 Bid2:99.4390
12:35:44.697077> New Max DevBuy: 0.00000000 GapBuy:-0.03100000 avgGapBuy:-0.03100000 deviationBuy:0.00000000
12:35:44.697077> Ask1: 99.47000000 Bid1:99.46000000 Ask2:99.4410 Bid2:99.4390
12:35:44.697077> New Min DevSell: 0.00000000 GapSell:-0.01900000 avgGapSell:-0.01900000 deviationSell:0.00000000
12:35:44.697077> Ask1: 99.47000000 Bid1:99.46000000 Ask2:99.4410 Bid2:99.4390
12:35:44.699075> New Max DevBuy: 0.00000000 GapBuy:-0.03100000 avgGapBuy:-0.03100000 deviationBuy:0.00000000
12:35:44.699075> Ask1: 99.47000000 Bid1:99.46000000 Ask2:99.4410 Bid2:99.4390
12:35:44.699075> New Min DevSell: 0.00000000 GapSell:-0.01900000 avgGapSell:-0.01900000 deviationSell:0.00000000
12:35:44.699075> Ask1: 99.47000000 Bid1:99.46000000 Ask2:99.4410 Bid2:99.4390
12:35:44.701076> New Max DevBuy: 0.00000000 GapBuy:-0.03100000 avgGapBuy:-0.03100000 deviationBuy:0.00000000
12:35:44.701076> Ask1: 99.47000000 Bid1:99.46000000 Ask2:99.4410 Bid2:99.4390
12:35:44.701076> New Min DevSell: 0.00000000 GapSell:-0.01900000 avgGapSell:-0.01900000 deviationSell:0.00000000
12:35:44.701076> Ask1: 99.47000000 Bid1:99.46000000 Ask2:99.4410 Bid2:99.4390
12:35:44.703076> New Max DevBuy: 0.00000000 GapBuy:-0.03100000 avgGapBuy:-0.03100000 deviationBuy:0.00000000
12:35:44.703076> Ask1: 99.47000000 Bid1:99.46000000 Ask2:99.4410 Bid2:99.4390
12:35:44.703076> New Min DevSell: 0.00000000 GapSell:-0.01900000 avgGapSell:-0.01900000 deviationSell:0.00000000
12:35:44.703076> Ask1: 99.47000000 Bid1:99.46000000 Ask2:99.4410 Bid2:99.4390
12:35:44.704077> New Max DevBuy: 0.00000000 GapBuy:-0.03100000 avgGapBuy:-0.03100000 deviationBuy:0.00000000
12:35:44.704077> Ask1: 99.47000000 Bid1:99.46000000 Ask2:99.4410 Bid2:99.4390
12:35:44.704077> New Min DevSell: 0.00000000 GapSell:-0.01900000 avgGapSell:-0.01900000 deviationSell:0.00000000
12:35:44.704077> Ask1: 99.47000000 Bid1:99.46000000 Ask2:99.4410 Bid2:99.4390
12:35:44.706075> New Max DevBuy: 0.00000000 GapBuy:-0.03100000 avgGapBuy:-0.03100000 deviationBuy:0.00000000
12:35:44.706075> Ask1: 99.47000000 Bid1:99.46000000 Ask2:99.4410 Bid2:99.4390
12:35:44.706075> New Min DevSell: 0.00000000 GapSell:-0.01900000 avgGapSell:-0.01900000 deviationSell:0.00000000
12:35:44.706075> Ask1: 99.47000000 Bid1:99.46000000 Ask2:99.4410 Bid2:99.4390
12:35:44.707077> New Max DevBuy: 0.00000000 GapBuy:-0.03100000 avgGapBuy:-0.03100000 deviationBuy:0.00000000
12:35:44.707077> Ask1: 99.47000000 Bid1:99.46000000 Ask2:99.4410 Bid2:99.4390
12:35:44.707077> New Min DevSell: 0.00000000 GapSell:-0.01900000 avgGapSell:-0.01900000 deviationSell:0.00000000
12:35:44.707077> Ask1: 99.47000000 Bid1:99.46000000 Ask2:99.4410 Bid2:99.4390
12:35:44.708077> New Max DevBuy: 0.00000000 GapBuy:-0.03100000 avgGapBuy:-0.03100000 deviationBuy:0.00000000
12:35:44.708077> Ask1: 99.47000000 Bid1:99.46000000 Ask2:99.4410 Bid2:99.4390
12:35:44.708077> New Min DevSell: 0.00000000 GapSell:-0.01900000 avgGapSell:-0.01900000 deviationSell:0.00000000
12:35:44.724078> Ask1: 99.47000000 Bid1:99.46000000 Ask2:99.4410 Bid2:99.4390
12:35:44.725078> New Max DevBuy: 0.00000000 GapBuy:-0.03100000 avgGapBuy:-0.03100000 deviationBuy:0.00000000
12:35:44.725078> Ask1: 99.47000000 Bid1:99.46000000 Ask2:99.4410 Bid2:99.4390
12:35:44.725078> New Min DevSell: 0.00000000 GapSell:-0.01900000 avgGapSell:-0.01900000 deviationSell:0.00000000
12:35:44.725078> Ask1: 99.47000000 Bid1:99.46000000 Ask2:99.4410 Bid2:99.4390
12:35:44.726078> New Max DevBuy: 0.00000000 GapBuy:-0.03100000 avgGapBuy:-0.03100000 deviationBuy:0.00000000
12:35:44.726078> Ask1: 99.47000000 Bid1:99.46000000 Ask2:99.4410 Bid2:99.4390
12:35:44.726078> New Min DevSell: 0.00000000 GapSell:-0.01900000 avgGapSell:-0.01900000 deviationSell:0.00000000
12:35:44.726078> Ask1: 99.47000000 Bid1:99.46000000 Ask2:99.4410 Bid2:99.4390
12:35:44.728077> New Max DevBuy: 0.00000000 GapBuy:-0.03100000 avgGapBuy:-0.03100000 deviationBuy:0.00000000
12:35:44.728077> Ask1: 99.47000000 Bid1:99.46000000 Ask2:99.4410 Bid2:99.4390
12:35:44.728077> New Min DevSell: 0.00000000 GapSell:-0.01900000 avgGapSell:-0.01900000 deviationSell:0.00000000
12:35:44.728077> Ask1: 99.47000000 Bid1:99.46000000 Ask2:99.4410 Bid2:99.4390
12:35:44.730079> New Max DevBuy: 0.00000000 GapBuy:-0.03100000 avgGapBuy:-0.03100000 deviationBuy:0.00000000
12:35:44.730079> Ask1: 99.47000000 Bid1:99.46000000 Ask2:99.4410 Bid2:99.4390
12:35:44.730079> New Min DevSell: 0.00000000 GapSell:-0.01900000 avgGapSell:-0.01900000 deviationSell:0.00000000
12:35:44.730079> Ask1: 99.47000000 Bid1:99.46000000 Ask2:99.4410 Bid2:99.4390
12:35:44.731080> New Max DevBuy: 0.00000000 GapBuy:-0.03100000 avgGapBuy:-0.03100000 deviationBuy:0.00000000
12:35:44.731080> Ask1: 99.47000000 Bid1:99.46000000 Ask2:99.4410 Bid2:99.4390
12:35:44.731080> New Min DevSell: 0.00000000 GapSell:-0.01900000 avgGapSell:-0.01900000 deviationSell:0.00000000
12:35:44.731080> Ask1: 99.47000000 Bid1:99.46000000 Ask2:99.4410 Bid2:99.4390
12:35:44.733079> New Max DevBuy: 0.00000000 GapBuy:-0.03100000 avgGapBuy:-0.03100000 deviationBuy:0.00000000
12:35:44.733079> Ask1: 99.47000000 Bid1:99.46000000 Ask2:99.4410 Bid2:99.4390
12:35:44.733079> New Min DevSell: 0.00000000 GapSell:-0.01900000 avgGapSell:-0.01900000 deviationSell:0.00000000
12:35:44.733079> Ask1: 99.47000000 Bid1:99.46000000 Ask2:99.4410 Bid2:99.4390
12:35:44.734079> New Max DevBuy: 0.00000000 GapBuy:-0.03100000 avgGapBuy:-0.03100000 deviationBuy:0.00000000
12:35:44.734079> Ask1: 99.47000000 Bid1:99.46000000 Ask2:99.4410 Bid2:99.4390
12:35:44.734079> New Min DevSell: 0.00000000 GapSell:-0.01900000 avgGapSell:-0.01900000 deviationSell:0.00000000
12:35:44.734079> Ask1: 99.47000000 Bid1:99.46000000 Ask2:99.4410 Bid2:99.4390
12:35:44.735080> New Max DevBuy: 0.00000000 GapBuy:-0.03100000 avgGapBuy:-0.03100000 deviationBuy:0.00000000
12:35:44.741079> Ask1: 99.47000000 Bid1:99.46000000 Ask2:99.4440 Bid2:99.4430
12:35:44.742079> New Min DevSell: 0.00000000 GapSell:-0.01900000 avgGapSell:-0.01900000 deviationSell:0.00000000
12:35:44.742079> Ask1: 99.47000000 Bid1:99.46000000 Ask2:99.4440 Bid2:99.4430
12:35:44.744080> New Max DevBuy: 0.00200000 GapBuy:-0.02700000 avgGapBuy:-0.02900000 deviationBuy:0.00200000
12:35:44.744080> Ask1: 99.47000000 Bid1:99.46000000 Ask2:99.4440 Bid2:99.4430
12:35:44.744080> New Min DevSell: 0.00300000 GapSell:-0.01600000 avgGapSell:-0.01900000 deviationSell:0.00300000
12:35:44.744080> Ask1: 99.47000000 Bid1:99.46000000 Ask2:99.4440 Bid2:99.4430
12:35:45.595961> WebSocket connected! Start Partial @depth10 [Future] process...
12:35:46.001847> BinanceFuture - O6Lyrsb3[USD_M] USD_M Balance: 0 USDT
12:35:46.401870> New Min DevSell: -0.01700000 GapSell:-0.03600000 avgGapSell:-0.01900000 deviationSell:-0.01700000
12:35:46.401870> Ask1: 99.47000000 Bid1:99.46000000 Ask2:99.4240 Bid2:99.4230
12:35:47.207822> New Max DevBuy: 0.0032857142857142857142857143 GapBuy:-0.03500000 avgGapBuy:-0.0382857142857142857142857143 deviationBuy:0.0032857142857142857142857143
12:35:47.207822> Ask1: 99.47000000 Bid1:99.46000000 Ask2:99.4360 Bid2:99.4350
12:35:47.891401> New Max DevBuy: 0.02300000 GapBuy:-0.01200000 avgGapBuy:-0.03500000 deviationBuy:0.02300000
12:35:47.891401> Ask1: 99.47000000 Bid1:99.46000000 Ask2:99.4600 Bid2:99.4580
12:35:49.675724> New Max DevBuy: 0.0714583333333333333333333333 GapBuy:0.04200000 avgGapBuy:-0.0294583333333333333333333333 deviationBuy:0.0714583333333333333333333333
12:35:49.675724> Ask1: 99.53000000 Bid1:99.52000000 Ask2:99.4940 Bid2:99.4930
12:35:59.007520> New Min DevSell: -0.01900000 GapSell:-0.03800000 avgGapSell:-0.01900000 deviationSell:-0.01900000
12:35:59.007520> Ask1: 99.53000000 Bid1:99.52000000 Ask2:99.4820 Bid2:99.4810
12:36:06.383196> New Min DevSell: -0.02000000 GapSell:-0.03900000 avgGapSell:-0.01900000 deviationSell:-0.02000000
12:36:06.384196> Ask1: 99.55000000 Bid1:99.54000000 Ask2:99.5010 Bid2:99.5000
12:36:18.025812> New Min DevSell: -0.02200000 GapSell:-0.04100000 avgGapSell:-0.01900000 deviationSell:-0.02200000
12:36:18.026804> Ask1: 99.48000000 Bid1:99.47000000 Ask2:99.4290 Bid2:99.4280
