15:32:48.889482> Binance - O6Lyrsb3[MARGIN] MARGIN Balance: 0 USDT
15:32:49.233504> WebSocket connected! Start [MARGIN] @depth@100ms process...
15:32:49.234503> WebSocket connected! Start Partial @depth10 [MARGIN] process...
15:32:49.234503> Lenta has started...Start SubscribeToTradeStream @trade [{accType}] process...
15:32:49.409511> WebSocket connected! Start Partial @depth10 [Future] process...
15:32:53.927465> Lenta has started...Start SubscribeToTradeStream @trade [{accType}] process...
15:32:54.684507> WebSocket connected! Start [MARGIN] @depth@100ms process...
15:32:54.685506> WebSocket connected! Start Partial @depth10 [MARGIN] process...
15:32:58.057699> BinanceFuture - O6Lyrsb3[USD_M] USD_M Balance: 0 USDT
15:32:59.832802> WebSocket connected! Start Partial @depth10 [Future] process...
15:37:03.853760> Binance - O6Lyrsb3[MARGIN] Api Error Code: -1100 Message: Illegal characters found in a parameter.
15:37:03.855758> [1Leg]: Sell FAILED solusdt;Gap=-0.02500000;Price=100.77
15:37:06.804885> Binance - O6Lyrsb3[MARGIN] Api Error Code: -1100 Message: Illegal characters found in a parameter.
15:37:06.805884> [1Leg]: Sell FAILED solusdt;Gap=-0.02100000;Price=100.68
15:37:12.130157> Binance - O6Lyrsb3[MARGIN] Api Error Code: -1100 Message: Illegal characters found in a parameter.
15:37:12.131156> [1Leg]: Sell FAILED solusdt;Gap=-0.02200000;Price=100.70
15:37:15.195250> Binance - O6Lyrsb3[MARGIN] Api Error Code: -1100 Message: Illegal characters found in a parameter.
15:37:15.196249> [1Leg]: Sell FAILED solusdt;Gap=-0.02300000;Price=100.71
15:37:17.764220> Binance - O6Lyrsb3[MARGIN] Api Error Code: -1100 Message: Illegal characters found in a parameter.
15:37:17.764220> [1Leg]: Sell FAILED solusdt;Gap=-0.02600000;Price=100.83
