12:39:36.937050> Binance - O6Lyrsb3[MARGIN] An error occurred while sending the request.
12:39:37.658094> WebSocket connected! Start Partial @depth10 [MARGIN] process...
12:39:37.666092> WebSocket connected! Start [MARGIN] @depth@100ms process...
12:39:37.675094> Lenta has started...Start SubscribeToTradeStream @trade [{accType}] process...
12:39:38.229127> WebSocket connected! Start Partial @depth10 [Future] process...
12:39:38.320130> New Max DevBuy: 0.00000000 GapBuy:-0.01900000 avgGapBuy:-0.01900000 deviationBuy:0.00000000
12:39:38.326132> Ask1: 99.05000000 Bid1:99.04000000 Ask2:99.0240 Bid2:99.0230
12:39:38.330132> New Min DevSell: 0.00000000 GapSell:-0.00800000 avgGapSell:-0.00800000 deviationSell:0.00000000
12:39:38.333132> Ask1: 99.05000000 Bid1:99.04000000 Ask2:99.0240 Bid2:99.0230
12:39:38.337131> New Max DevBuy: -0.00400000 GapBuy:-0.02700000 avgGapBuy:-0.02300000 deviationBuy:-0.00400000
12:39:38.341133> Ask1: 99.05000000 Bid1:99.04000000 Ask2:99.0240 Bid2:99.0230
12:39:38.344133> New Min DevSell: -0.00800000 GapSell:-0.01600000 avgGapSell:-0.00800000 deviationSell:-0.00800000
12:39:38.347133> Ask1: 99.05000000 Bid1:99.04000000 Ask2:99.0240 Bid2:99.0230
12:39:38.635149> New Min DevSell: -0.01200000 GapSell:-0.02000000 avgGapSell:-0.00800000 deviationSell:-0.01200000
12:39:38.651150> Ask1: 99.05000000 Bid1:99.04000000 Ask2:99.0260 Bid2:99.0220
12:39:38.662150> New Max DevBuy: -0.00175000 GapBuy:-0.02800000 avgGapBuy:-0.02625000 deviationBuy:-0.00175000
12:39:38.665151> Ask1: 99.05000000 Bid1:99.04000000 Ask2:99.0260 Bid2:99.0220
12:39:38.984170> New Max DevBuy: 0.00020000 GapBuy:-0.02600000 avgGapBuy:-0.02620000 deviationBuy:0.00020000
12:39:38.985170> Ask1: 99.05000000 Bid1:99.04000000 Ask2:99.0250 Bid2:99.0240
12:39:39.760212> WebSocket connected! Start Partial @depth10 [Future] process...
12:39:40.550258> New Min DevSell: -0.01900000 GapSell:-0.02700000 avgGapSell:-0.00800000 deviationSell:-0.01900000
12:39:40.550258> Ask1: 99.07000000 Bid1:99.06000000 Ask2:99.0330 Bid2:99.0320
12:39:40.876277> BinanceFuture - O6Lyrsb3[USD_M] USD_M Balance: 0 USDT
12:39:41.757327> New Max DevBuy: 0.0054545454545454545454545455 GapBuy:-0.02300000 avgGapBuy:-0.0284545454545454545454545455 deviationBuy:0.0054545454545454545454545455
12:39:41.757327> Ask1: 99.06000000 Bid1:99.05000000 Ask2:99.0380 Bid2:99.0370
12:39:41.786330> New Max DevBuy: 0.0068333333333333333333333333 GapBuy:-0.02100000 avgGapBuy:-0.0278333333333333333333333333 deviationBuy:0.0068333333333333333333333333
12:39:41.792331> Ask1: 99.06000000 Bid1:99.05000000 Ask2:99.0400 Bid2:99.0390
12:39:43.223412> New Max DevBuy: 0.0132666666666666666666666667 GapBuy:-0.01300000 avgGapBuy:-0.0262666666666666666666666667 deviationBuy:0.0132666666666666666666666667
12:39:43.230412> Ask1: 99.05000000 Bid1:99.04000000 Ask2:99.0380 Bid2:99.0370
