18:20:36.157960> WebSocket connected! Start [MARGIN] @depth@100ms process...
18:20:36.189964> WebSocket connected! Start Partial @depth10 [MARGIN] process...
18:20:36.227965> Lenta has started...Start SubscribeToTradeStream @trade [{accType}] process...
18:20:36.393973> Lenta has started...Start SubscribeToAggTradeStream @aggTrade [future] process...
18:20:36.420976> WebSocket connected! Start Partial @depth10 [Future] process...
18:20:36.524982> Binance - Vxxv1AWf[MARGIN] MARGIN Balance: 195.23331179 USDT
18:20:36.533981> New Max DevBuy: 0.00000000 GapBuy:-0.04000000 avgGapBuy:-0.04000000 deviationBuy:0.00000000
18:20:36.533981> Ask1: 101.06000000 Bid1:101.05000000 Ask2:101.0210 Bid2:101.0200
18:20:36.533981> New Min DevSell: 0.00000000 GapSell:-0.02900000 avgGapSell:-0.02900000 deviationSell:0.00000000
18:20:36.533981> Ask1: 101.06000000 Bid1:101.05000000 Ask2:101.0210 Bid2:101.0200
18:20:39.070729> Lenta has started...Start SubscribeToTradeStream @trade [{accType}] process...
18:20:39.081721> WebSocket connected! Start Partial @depth10 [MARGIN] process...
18:20:39.081721> WebSocket connected! Start [MARGIN] @depth@100ms process...
18:20:39.142724> Lenta has started...Start SubscribeToAggTradeStream @aggTrade [future] process...
18:20:39.143724> WebSocket connected! Start Partial @depth10 [Future] process...
18:20:39.180726> BinanceFuture - Vxxv1AWf[USD_M] USD_M Balance: 69.44887885 USDT
18:28:47.454042> Unable to read data from the transport connection: An existing connection was forcibly closed by the remote host.
18:28:47.455043> WebSocket [SubscribeToAggTradeStream()] [Closed] [future] and reconnect again..
18:28:47.457043> WebSocket [SubscribePartialDepthStream()] [future] error: Unable to read data from the transport connection: An existing connection was forcibly closed by the remote host.
18:28:47.458043> WebSocket [SubscribePartialDepthStream()] [Closed] [future] and reconnect again..
18:28:50.862143> Unable to read data from the transport connection: An existing connection was forcibly closed by the remote host.
18:28:50.862143> WebSocket [SubscribePartialDepthStream()] [future] error: Unable to read data from the transport connection: An existing connection was forcibly closed by the remote host.
18:28:50.868145> WebSocket [SubscribePartialDepthStream()] [Closed] [future] and reconnect again..
18:28:50.868145> WebSocket [SubscribeToAggTradeStream()] [Closed] [future] and reconnect again..
18:28:55.764242> BinanceFuture - Vxxv1AWf[USD_M] Reconect to WebSocket #
18:28:55.765241> WebSocket [SubscribePartialDepthStream()] [Closed] [future] and reconnect again [during Task.Delay]..
18:28:55.767239> BinanceFuture - Vxxv1AWf[USD_M] Reconect to WebSocket #
18:28:55.768241> WebSocket [SubscribeToAggTradeStream()] [Closed] [future] and reconnect again [with Task.Delay]..
18:28:56.456604> BinanceFuture - Vxxv1AWf[USD_M] Reconect to WebSocket #
18:28:56.460607> WebSocket [SubscribeToAggTradeStream()] [Closed] [future] and reconnect again [with Task.Delay]..
18:28:56.461611> BinanceFuture - Vxxv1AWf[USD_M] Reconect to WebSocket #
18:28:56.462614> WebSocket [SubscribePartialDepthStream()] [Closed] [future] and reconnect again [during Task.Delay]..
18:28:58.842310> Lenta has started...Start SubscribeToAggTradeStream @aggTrade [future] process...
18:28:58.966341> Binance - Vxxv1AWf[MARGIN] Api Error Code: -2010 Message: Account has insufficient balance for requested action.
18:29:03.276538> Lenta has started...Start SubscribeToAggTradeStream @aggTrade [future] process...
18:29:03.277539> WebSocket connected! Start @depth [Future] process...
18:29:03.277539> WebSocket connected! Start @depth [Future] process...
18:29:03.281540> WebSocket connected! Start @depth [Future] process...
18:29:03.281540> Lenta has started...Start SubscribeToAggTradeStream @aggTrade [future] process...
18:29:03.282540> Lenta has started...Start SubscribeToAggTradeStream @aggTrade [future] process...
18:29:03.372566> [1Leg]: Sell FAILED solusdt;Gap=0;Price=100.99000
18:29:04.336951> WebSocket connected! Start @depth [Future] process...
