12:11:29.680148> WebSocket connected! Start [MARGIN] @depth@100ms process...
12:11:29.684149> Lenta has started...Start SubscribeToTradeStream @trade [{accType}] process...
12:11:29.739162> WebSocket connected! Start Partial @depth10 [MARGIN] process...
12:11:29.970172> Lenta has started...Start SubscribeToAggTradeStream @aggTrade [future] process...
12:11:29.972169> WebSocket connected! Start Partial @depth10 [Future] process...
12:11:30.101173> New Max DevBuy: 0.00000000 GapBuy:-0.05700000 avgGapBuy:-0.05700000 deviationBuy:0.00000000
12:11:30.101173> Ask1: 100.70000000 Bid1:100.69000000 Ask2:100.6440 Bid2:100.6430
12:11:30.101173> New Min DevSell: 0.00000000 GapSell:-0.04600000 avgGapSell:-0.04600000 deviationSell:0.00000000
12:11:30.102173> Ask1: 100.70000000 Bid1:100.69000000 Ask2:100.6440 Bid2:100.6430
12:11:30.103173> Lenta has started...Start SubscribeToTradeStream @trade [{accType}] process...
12:11:30.161178> WebSocket connected! Start [MARGIN] @depth@100ms process...
12:11:30.218178> WebSocket connected! Start Partial @depth10 [MARGIN] process...
12:11:30.230179> Binance - Vxxv1AWf[MARGIN] MARGIN Balance: 195.23093654 USDT
12:11:33.015944> WebSocket connected! Start Partial @depth10 [Future] process...
12:11:33.016943> Lenta has started...Start SubscribeToAggTradeStream @aggTrade [future] process...
12:11:33.880799> BinanceFuture - Vxxv1AWf[USD_M] USD_M Balance: 0 USDT
12:11:33.881798> Binance - Vxxv1AWf[MARGIN] Api Error Code: -2010 Message: Account has insufficient balance for requested action.
12:11:45.045292> [1Leg]: Sell FAILED solusdt;Gap=0;Price=100.81000
12:11:53.075427> New Max DevBuy: -0.00150000 GapBuy:-0.06000000 avgGapBuy:-0.05850000 deviationBuy:-0.00150000
12:11:53.076427> Ask1: 100.81000000 Bid1:100.80000000 Ask2:100.7510 Bid2:100.7500
12:11:53.076427> New Min DevSell: -0.00300000 GapSell:-0.04900000 avgGapSell:-0.04600000 deviationSell:-0.00300000
12:11:53.077427> Ask1: 100.81000000 Bid1:100.80000000 Ask2:100.7510 Bid2:100.7500
12:11:53.501452> New Min DevSell: -0.02100000 GapSell:-0.06700000 avgGapSell:-0.04600000 deviationSell:-0.02100000
12:11:53.503452> Ask1: 100.81000000 Bid1:100.80000000 Ask2:100.7330 Bid2:100.7320
12:11:53.554453> New Max DevBuy: 0.01275000 GapBuy:-0.04800000 avgGapBuy:-0.06075000 deviationBuy:0.01275000
12:11:53.554453> Ask1: 100.78000000 Bid1:100.77000000 Ask2:100.7330 Bid2:100.7320
12:11:55.012249> New Min DevSell: -0.04100000 GapSell:-0.08700000 avgGapSell:-0.04600000 deviationSell:-0.04100000
12:11:55.012249> Ask1: 100.77000000 Bid1:100.76000000 Ask2:100.6730 Bid2:100.6720
12:12:05.407251> New Max DevBuy: 0.03087500 GapBuy:-0.03100000 avgGapBuy:-0.06187500 deviationBuy:0.03087500
12:12:05.407251> Ask1: 100.75000000 Bid1:100.74000000 Ask2:100.7200 Bid2:100.7190
12:12:25.096197> New Max DevBuy: 0.0501818181818181818181818182 GapBuy:-0.00500000 avgGapBuy:-0.0551818181818181818181818182 deviationBuy:0.0501818181818181818181818182
12:12:25.097193> Ask1: 100.77000000 Bid1:100.76000000 Ask2:100.7660 Bid2:100.7650
