19:17:23.599324> WebSocket connected! Start [MARGIN] @depth@100ms process...
19:17:23.599324> WebSocket connected! Start Partial @depth10 [MARGIN] process...
19:17:23.653329> Lenta has started...Start SubscribeToTradeStream @trade [{accType}] process...
19:17:23.883341> Lenta has started...Start SubscribeToAggTradeStream @aggTrade [future] process...
19:17:23.890347> WebSocket connected! Start Partial @depth10 [Future] process...
19:17:24.133370> New Max DevBuy: 0.00000000 GapBuy:-0.03000000 avgGapBuy:-0.03000000 deviationBuy:0.00000000
19:17:24.134356> Ask1: 100.41000000 Bid1:100.40000000 Ask2:100.3810 Bid2:100.3800
19:17:24.134356> New Min DevSell: 0.00000000 GapSell:-0.01900000 avgGapSell:-0.01900000 deviationSell:0.00000000
19:17:24.134356> Ask1: 100.41000000 Bid1:100.40000000 Ask2:100.3810 Bid2:100.3800
19:17:24.135356> New Max DevBuy: 0.00000000 GapBuy:-0.03000000 avgGapBuy:-0.03000000 deviationBuy:0.00000000
19:17:24.135356> Ask1: 100.41000000 Bid1:100.40000000 Ask2:100.3810 Bid2:100.3800
19:17:24.136356> New Min DevSell: 0.00000000 GapSell:-0.01900000 avgGapSell:-0.01900000 deviationSell:0.00000000
19:17:24.136356> Ask1: 100.41000000 Bid1:100.40000000 Ask2:100.3810 Bid2:100.3800
19:17:24.137356> New Max DevBuy: 0.00000000 GapBuy:-0.03000000 avgGapBuy:-0.03000000 deviationBuy:0.00000000
19:17:24.137356> Ask1: 100.41000000 Bid1:100.40000000 Ask2:100.3810 Bid2:100.3800
19:17:24.137356> New Min DevSell: 0.00000000 GapSell:-0.01900000 avgGapSell:-0.01900000 deviationSell:0.00000000
19:17:24.138357> Ask1: 100.41000000 Bid1:100.40000000 Ask2:100.3810 Bid2:100.3800
19:17:24.139367> New Max DevBuy: 0.00000000 GapBuy:-0.03000000 avgGapBuy:-0.03000000 deviationBuy:0.00000000
19:17:24.139367> Ask1: 100.41000000 Bid1:100.40000000 Ask2:100.3810 Bid2:100.3800
19:17:24.139367> New Min DevSell: 0.00000000 GapSell:-0.01900000 avgGapSell:-0.01900000 deviationSell:0.00000000
19:17:24.139367> Ask1: 100.41000000 Bid1:100.40000000 Ask2:100.3810 Bid2:100.3800
19:17:24.141362> New Max DevBuy: 0.00000000 GapBuy:-0.03000000 avgGapBuy:-0.03000000 deviationBuy:0.00000000
19:17:24.141362> Ask1: 100.41000000 Bid1:100.40000000 Ask2:100.3810 Bid2:100.3800
19:17:24.141362> New Min DevSell: 0.00000000 GapSell:-0.01900000 avgGapSell:-0.01900000 deviationSell:0.00000000
19:17:24.141362> Ask1: 100.41000000 Bid1:100.40000000 Ask2:100.3810 Bid2:100.3800
19:17:24.142371> New Max DevBuy: 0.00000000 GapBuy:-0.03000000 avgGapBuy:-0.03000000 deviationBuy:0.00000000
19:17:24.142371> Ask1: 100.41000000 Bid1:100.40000000 Ask2:100.3810 Bid2:100.3800
19:17:24.142371> New Min DevSell: 0.00000000 GapSell:-0.01900000 avgGapSell:-0.01900000 deviationSell:0.00000000
19:17:24.142371> Ask1: 100.41000000 Bid1:100.40000000 Ask2:100.3810 Bid2:100.3800
19:17:24.144366> New Max DevBuy: 0.00000000 GapBuy:-0.03000000 avgGapBuy:-0.03000000 deviationBuy:0.00000000
19:17:24.145356> Ask1: 100.41000000 Bid1:100.40000000 Ask2:100.3810 Bid2:100.3800
19:17:24.146356> New Min DevSell: 0.00000000 GapSell:-0.01900000 avgGapSell:-0.01900000 deviationSell:0.00000000
19:17:24.146356> Ask1: 100.41000000 Bid1:100.40000000 Ask2:100.3810 Bid2:100.3800
19:17:24.147358> New Max DevBuy: 0.00000000 GapBuy:-0.03000000 avgGapBuy:-0.03000000 deviationBuy:0.00000000
19:17:24.147358> Ask1: 100.41000000 Bid1:100.40000000 Ask2:100.3810 Bid2:100.3800
19:17:24.147358> New Min DevSell: 0.00000000 GapSell:-0.01900000 avgGapSell:-0.01900000 deviationSell:0.00000000
19:17:24.147358> Ask1: 100.41000000 Bid1:100.40000000 Ask2:100.3810 Bid2:100.3800
19:17:24.149357> New Max DevBuy: 0.00000000 GapBuy:-0.03000000 avgGapBuy:-0.03000000 deviationBuy:0.00000000
19:17:24.149357> Ask1: 100.41000000 Bid1:100.40000000 Ask2:100.3810 Bid2:100.3800
19:17:24.149357> New Min DevSell: 0.00000000 GapSell:-0.01900000 avgGapSell:-0.01900000 deviationSell:0.00000000
19:17:24.150357> Ask1: 100.41000000 Bid1:100.40000000 Ask2:100.3810 Bid2:100.3800
19:17:24.151357> New Max DevBuy: 0.00000000 GapBuy:-0.03000000 avgGapBuy:-0.03000000 deviationBuy:0.00000000
19:17:24.151357> Ask1: 100.41000000 Bid1:100.40000000 Ask2:100.3810 Bid2:100.3800
19:17:24.151357> New Min DevSell: 0.00000000 GapSell:-0.01900000 avgGapSell:-0.01900000 deviationSell:0.00000000
19:17:24.151357> Ask1: 100.41000000 Bid1:100.40000000 Ask2:100.3810 Bid2:100.3800
19:17:24.153357> New Max DevBuy: 0.00000000 GapBuy:-0.03000000 avgGapBuy:-0.03000000 deviationBuy:0.00000000
19:17:24.153357> Ask1: 100.41000000 Bid1:100.40000000 Ask2:100.3810 Bid2:100.3800
19:17:24.153357> New Min DevSell: 0.00000000 GapSell:-0.01900000 avgGapSell:-0.01900000 deviationSell:0.00000000
19:17:24.153357> Ask1: 100.41000000 Bid1:100.40000000 Ask2:100.3810 Bid2:100.3800
19:17:24.155358> New Max DevBuy: 0.00000000 GapBuy:-0.03000000 avgGapBuy:-0.03000000 deviationBuy:0.00000000
19:17:24.155358> Ask1: 100.41000000 Bid1:100.40000000 Ask2:100.3810 Bid2:100.3800
19:17:24.155358> New Min DevSell: 0.00000000 GapSell:-0.01900000 avgGapSell:-0.01900000 deviationSell:0.00000000
19:17:24.155358> Ask1: 100.41000000 Bid1:100.40000000 Ask2:100.3810 Bid2:100.3800
19:17:24.157357> New Max DevBuy: 0.00000000 GapBuy:-0.03000000 avgGapBuy:-0.03000000 deviationBuy:0.00000000
19:17:24.157357> Ask1: 100.41000000 Bid1:100.40000000 Ask2:100.3810 Bid2:100.3800
19:17:24.157357> New Min DevSell: 0.00000000 GapSell:-0.01900000 avgGapSell:-0.01900000 deviationSell:0.00000000
19:17:24.158358> Ask1: 100.41000000 Bid1:100.40000000 Ask2:100.3810 Bid2:100.3800
19:17:24.159358> New Max DevBuy: 0.00000000 GapBuy:-0.03000000 avgGapBuy:-0.03000000 deviationBuy:0.00000000
19:17:24.159358> Ask1: 100.41000000 Bid1:100.40000000 Ask2:100.3810 Bid2:100.3800
19:17:24.159358> New Min DevSell: 0.00000000 GapSell:-0.01900000 avgGapSell:-0.01900000 deviationSell:0.00000000
19:17:24.159358> Ask1: 100.41000000 Bid1:100.40000000 Ask2:100.3810 Bid2:100.3800
19:17:24.161358> New Max DevBuy: 0.00000000 GapBuy:-0.03000000 avgGapBuy:-0.03000000 deviationBuy:0.00000000
19:17:24.161358> Ask1: 100.41000000 Bid1:100.40000000 Ask2:100.3810 Bid2:100.3800
19:17:24.162357> New Min DevSell: 0.00000000 GapSell:-0.01900000 avgGapSell:-0.01900000 deviationSell:0.00000000
19:17:24.162357> Ask1: 100.41000000 Bid1:100.40000000 Ask2:100.3810 Bid2:100.3800
19:17:24.166357> New Max DevBuy: 0.00000000 GapBuy:-0.03000000 avgGapBuy:-0.03000000 deviationBuy:0.00000000
19:17:24.166357> Ask1: 100.41000000 Bid1:100.40000000 Ask2:100.3810 Bid2:100.3800
19:17:24.166357> New Min DevSell: 0.00000000 GapSell:-0.01900000 avgGapSell:-0.01900000 deviationSell:0.00000000
19:17:24.167358> Ask1: 100.41000000 Bid1:100.40000000 Ask2:100.3810 Bid2:100.3800
19:17:24.169368> New Max DevBuy: 0.00000000 GapBuy:-0.03000000 avgGapBuy:-0.03000000 deviationBuy:0.00000000
19:17:24.170358> Ask1: 100.41000000 Bid1:100.40000000 Ask2:100.3810 Bid2:100.3800
19:17:24.170358> New Min DevSell: 0.00000000 GapSell:-0.01900000 avgGapSell:-0.01900000 deviationSell:0.00000000
19:17:24.171358> Ask1: 100.41000000 Bid1:100.40000000 Ask2:100.3810 Bid2:100.3800
19:17:24.173369> New Max DevBuy: 0.00000000 GapBuy:-0.03000000 avgGapBuy:-0.03000000 deviationBuy:0.00000000
19:17:24.173369> Ask1: 100.41000000 Bid1:100.40000000 Ask2:100.3810 Bid2:100.3800
19:17:24.173369> New Min DevSell: 0.00000000 GapSell:-0.01900000 avgGapSell:-0.01900000 deviationSell:0.00000000
19:17:24.174359> Ask1: 100.41000000 Bid1:100.40000000 Ask2:100.3810 Bid2:100.3800
19:17:24.175358> New Max DevBuy: 0.00000000 GapBuy:-0.03000000 avgGapBuy:-0.03000000 deviationBuy:0.00000000
19:17:24.175358> Ask1: 100.41000000 Bid1:100.40000000 Ask2:100.3810 Bid2:100.3800
19:17:24.176358> New Min DevSell: 0.00000000 GapSell:-0.01900000 avgGapSell:-0.01900000 deviationSell:0.00000000
19:17:24.176358> Ask1: 100.41000000 Bid1:100.40000000 Ask2:100.3810 Bid2:100.3800
19:17:24.177358> New Max DevBuy: 0.00000000 GapBuy:-0.03000000 avgGapBuy:-0.03000000 deviationBuy:0.00000000
19:17:24.177358> Ask1: 100.41000000 Bid1:100.40000000 Ask2:100.3810 Bid2:100.3800
19:17:24.178359> New Min DevSell: 0.00000000 GapSell:-0.01900000 avgGapSell:-0.01900000 deviationSell:0.00000000
19:17:24.178359> Ask1: 100.41000000 Bid1:100.40000000 Ask2:100.3810 Bid2:100.3800
19:17:24.179359> New Max DevBuy: 0.00000000 GapBuy:-0.03000000 avgGapBuy:-0.03000000 deviationBuy:0.00000000
19:17:24.179359> Ask1: 100.41000000 Bid1:100.40000000 Ask2:100.3810 Bid2:100.3800
19:17:24.179359> New Min DevSell: 0.00000000 GapSell:-0.01900000 avgGapSell:-0.01900000 deviationSell:0.00000000
19:17:24.180359> Ask1: 100.41000000 Bid1:100.40000000 Ask2:100.3810 Bid2:100.3800
19:17:24.181360> New Max DevBuy: 0.00000000 GapBuy:-0.03000000 avgGapBuy:-0.03000000 deviationBuy:0.00000000
19:17:24.181360> Ask1: 100.41000000 Bid1:100.40000000 Ask2:100.3810 Bid2:100.3800
19:17:24.181360> New Min DevSell: 0.00000000 GapSell:-0.01900000 avgGapSell:-0.01900000 deviationSell:0.00000000
19:17:24.182361> Ask1: 100.41000000 Bid1:100.40000000 Ask2:100.3810 Bid2:100.3800
19:17:24.184372> New Max DevBuy: 0.00000000 GapBuy:-0.03000000 avgGapBuy:-0.03000000 deviationBuy:0.00000000
19:17:24.184372> Ask1: 100.41000000 Bid1:100.40000000 Ask2:100.3810 Bid2:100.3800
19:17:24.184372> New Min DevSell: 0.00000000 GapSell:-0.01900000 avgGapSell:-0.01900000 deviationSell:0.00000000
19:17:24.185359> Ask1: 100.41000000 Bid1:100.40000000 Ask2:100.3810 Bid2:100.3800
19:17:24.187368> New Max DevBuy: 0.00000000 GapBuy:-0.03000000 avgGapBuy:-0.03000000 deviationBuy:0.00000000
19:17:24.187368> Ask1: 100.41000000 Bid1:100.40000000 Ask2:100.3810 Bid2:100.3800
19:17:24.187368> New Min DevSell: 0.00000000 GapSell:-0.01900000 avgGapSell:-0.01900000 deviationSell:0.00000000
19:17:24.188359> Ask1: 100.41000000 Bid1:100.40000000 Ask2:100.3810 Bid2:100.3800
19:17:24.189359> New Max DevBuy: 0.00000000 GapBuy:-0.03000000 avgGapBuy:-0.03000000 deviationBuy:0.00000000
19:17:24.189359> Ask1: 100.41000000 Bid1:100.40000000 Ask2:100.3810 Bid2:100.3800
19:17:24.189359> New Min DevSell: 0.00000000 GapSell:-0.01900000 avgGapSell:-0.01900000 deviationSell:0.00000000
19:17:24.189359> Ask1: 100.41000000 Bid1:100.40000000 Ask2:100.3810 Bid2:100.3800
19:17:24.190360> New Max DevBuy: 0.00000000 GapBuy:-0.03000000 avgGapBuy:-0.03000000 deviationBuy:0.00000000
19:17:24.190360> Ask1: 100.41000000 Bid1:100.40000000 Ask2:100.3810 Bid2:100.3800
19:17:24.190360> New Min DevSell: 0.00000000 GapSell:-0.01900000 avgGapSell:-0.01900000 deviationSell:0.00000000
19:17:24.190360> Ask1: 100.41000000 Bid1:100.40000000 Ask2:100.3810 Bid2:100.3800
19:17:24.191360> New Max DevBuy: 0.00000000 GapBuy:-0.03000000 avgGapBuy:-0.03000000 deviationBuy:0.00000000
19:17:24.192359> Ask1: 100.41000000 Bid1:100.40000000 Ask2:100.3810 Bid2:100.3800
19:17:24.192359> New Min DevSell: 0.00000000 GapSell:-0.01900000 avgGapSell:-0.01900000 deviationSell:0.00000000
19:17:24.192359> Ask1: 100.41000000 Bid1:100.40000000 Ask2:100.3810 Bid2:100.3800
19:17:24.193360> New Max DevBuy: 0.00000000 GapBuy:-0.03000000 avgGapBuy:-0.03000000 deviationBuy:0.00000000
19:17:24.193360> Ask1: 100.41000000 Bid1:100.40000000 Ask2:100.3810 Bid2:100.3800
19:17:24.193360> New Min DevSell: 0.00000000 GapSell:-0.01900000 avgGapSell:-0.01900000 deviationSell:0.00000000
19:17:24.193360> Ask1: 100.41000000 Bid1:100.40000000 Ask2:100.3810 Bid2:100.3800
19:17:24.195359> New Max DevBuy: 0.00000000 GapBuy:-0.03000000 avgGapBuy:-0.03000000 deviationBuy:0.00000000
19:17:24.195359> Ask1: 100.41000000 Bid1:100.40000000 Ask2:100.3810 Bid2:100.3800
19:17:24.196360> New Min DevSell: 0.00000000 GapSell:-0.01900000 avgGapSell:-0.01900000 deviationSell:0.00000000
19:17:24.196360> Ask1: 100.41000000 Bid1:100.40000000 Ask2:100.3810 Bid2:100.3800
19:17:24.198361> New Max DevBuy: 0.00000000 GapBuy:-0.03000000 avgGapBuy:-0.03000000 deviationBuy:0.00000000
19:17:24.199359> Ask1: 100.41000000 Bid1:100.40000000 Ask2:100.3810 Bid2:100.3800
19:17:24.199359> New Min DevSell: 0.00000000 GapSell:-0.01900000 avgGapSell:-0.01900000 deviationSell:0.00000000
19:17:24.199359> Ask1: 100.41000000 Bid1:100.40000000 Ask2:100.3810 Bid2:100.3800
19:17:24.201360> New Max DevBuy: 0.00000000 GapBuy:-0.03000000 avgGapBuy:-0.03000000 deviationBuy:0.00000000
19:17:24.201360> Ask1: 100.41000000 Bid1:100.40000000 Ask2:100.3810 Bid2:100.3800
19:17:24.201360> New Min DevSell: 0.00000000 GapSell:-0.01900000 avgGapSell:-0.01900000 deviationSell:0.00000000
19:17:24.201360> Ask1: 100.41000000 Bid1:100.40000000 Ask2:100.3810 Bid2:100.3800
19:17:24.202361> New Max DevBuy: 0.00000000 GapBuy:-0.03000000 avgGapBuy:-0.03000000 deviationBuy:0.00000000
19:17:24.202361> Ask1: 100.41000000 Bid1:100.40000000 Ask2:100.3810 Bid2:100.3800
19:17:24.202361> New Min DevSell: 0.00000000 GapSell:-0.01900000 avgGapSell:-0.01900000 deviationSell:0.00000000
19:17:24.202361> Ask1: 100.41000000 Bid1:100.40000000 Ask2:100.3810 Bid2:100.3800
19:17:24.204360> New Max DevBuy: 0.00000000 GapBuy:-0.03000000 avgGapBuy:-0.03000000 deviationBuy:0.00000000
19:17:24.204360> Ask1: 100.41000000 Bid1:100.40000000 Ask2:100.3810 Bid2:100.3800
19:17:24.204360> New Min DevSell: 0.00000000 GapSell:-0.01900000 avgGapSell:-0.01900000 deviationSell:0.00000000
19:17:24.204360> Ask1: 100.41000000 Bid1:100.40000000 Ask2:100.3810 Bid2:100.3800
19:17:24.206369> New Max DevBuy: 0.00000000 GapBuy:-0.03000000 avgGapBuy:-0.03000000 deviationBuy:0.00000000
19:17:24.206369> Ask1: 100.41000000 Bid1:100.40000000 Ask2:100.3810 Bid2:100.3800
19:17:24.206369> New Min DevSell: 0.00000000 GapSell:-0.01900000 avgGapSell:-0.01900000 deviationSell:0.00000000
19:17:24.207360> Ask1: 100.41000000 Bid1:100.40000000 Ask2:100.3810 Bid2:100.3800
19:17:24.209370> New Max DevBuy: 0.00000000 GapBuy:-0.03000000 avgGapBuy:-0.03000000 deviationBuy:0.00000000
19:17:24.209370> Ask1: 100.41000000 Bid1:100.40000000 Ask2:100.3810 Bid2:100.3800
19:17:24.209370> New Min DevSell: 0.00000000 GapSell:-0.01900000 avgGapSell:-0.01900000 deviationSell:0.00000000
19:17:24.209370> Ask1: 100.41000000 Bid1:100.40000000 Ask2:100.3810 Bid2:100.3800
19:17:24.212370> New Max DevBuy: 0.00000000 GapBuy:-0.03000000 avgGapBuy:-0.03000000 deviationBuy:0.00000000
19:17:24.212370> Ask1: 100.41000000 Bid1:100.40000000 Ask2:100.3810 Bid2:100.3800
19:17:24.212370> New Min DevSell: 0.00000000 GapSell:-0.01900000 avgGapSell:-0.01900000 deviationSell:0.00000000
19:17:24.212370> Ask1: 100.41000000 Bid1:100.40000000 Ask2:100.3810 Bid2:100.3800
19:17:24.215361> New Max DevBuy: 0.00000000 GapBuy:-0.03000000 avgGapBuy:-0.03000000 deviationBuy:0.00000000
19:17:24.215361> Ask1: 100.41000000 Bid1:100.40000000 Ask2:100.3810 Bid2:100.3800
19:17:24.215361> New Min DevSell: 0.00000000 GapSell:-0.01900000 avgGapSell:-0.01900000 deviationSell:0.00000000
19:17:24.216361> Ask1: 100.41000000 Bid1:100.40000000 Ask2:100.3810 Bid2:100.3800
19:17:24.218371> New Max DevBuy: 0.00000000 GapBuy:-0.03000000 avgGapBuy:-0.03000000 deviationBuy:0.00000000
19:17:24.218371> Ask1: 100.41000000 Bid1:100.40000000 Ask2:100.3810 Bid2:100.3800
19:17:24.218371> New Min DevSell: 0.00000000 GapSell:-0.01900000 avgGapSell:-0.01900000 deviationSell:0.00000000
19:17:24.219362> Ask1: 100.41000000 Bid1:100.40000000 Ask2:100.3810 Bid2:100.3800
19:17:24.221361> New Max DevBuy: 0.00000000 GapBuy:-0.03000000 avgGapBuy:-0.03000000 deviationBuy:0.00000000
19:17:24.221361> Ask1: 100.41000000 Bid1:100.40000000 Ask2:100.3810 Bid2:100.3800
19:17:24.221361> New Min DevSell: 0.00000000 GapSell:-0.01900000 avgGapSell:-0.01900000 deviationSell:0.00000000
19:17:24.222361> Ask1: 100.41000000 Bid1:100.40000000 Ask2:100.3810 Bid2:100.3800
19:17:24.223361> New Max DevBuy: 0.00000000 GapBuy:-0.03000000 avgGapBuy:-0.03000000 deviationBuy:0.00000000
19:17:24.224362> Ask1: 100.41000000 Bid1:100.40000000 Ask2:100.3810 Bid2:100.3800
19:17:24.224362> New Min DevSell: 0.00000000 GapSell:-0.01900000 avgGapSell:-0.01900000 deviationSell:0.00000000
19:17:24.224362> Ask1: 100.41000000 Bid1:100.40000000 Ask2:100.3810 Bid2:100.3800
19:17:24.226363> New Max DevBuy: 0.00000000 GapBuy:-0.03000000 avgGapBuy:-0.03000000 deviationBuy:0.00000000
19:17:24.226363> Ask1: 100.41000000 Bid1:100.40000000 Ask2:100.3810 Bid2:100.3800
19:17:24.226363> New Min DevSell: 0.00000000 GapSell:-0.01900000 avgGapSell:-0.01900000 deviationSell:0.00000000
19:17:24.226363> Ask1: 100.41000000 Bid1:100.40000000 Ask2:100.3810 Bid2:100.3800
19:17:24.228362> New Max DevBuy: 0.00000000 GapBuy:-0.03000000 avgGapBuy:-0.03000000 deviationBuy:0.00000000
19:17:24.228362> Ask1: 100.41000000 Bid1:100.40000000 Ask2:100.3810 Bid2:100.3800
19:17:24.228362> New Min DevSell: 0.00000000 GapSell:-0.01900000 avgGapSell:-0.01900000 deviationSell:0.00000000
19:17:24.228362> Ask1: 100.41000000 Bid1:100.40000000 Ask2:100.3810 Bid2:100.3800
19:17:24.230362> New Max DevBuy: 0.00000000 GapBuy:-0.03000000 avgGapBuy:-0.03000000 deviationBuy:0.00000000
19:17:24.230362> Ask1: 100.41000000 Bid1:100.40000000 Ask2:100.3810 Bid2:100.3800
19:17:24.230362> New Min DevSell: 0.00000000 GapSell:-0.01900000 avgGapSell:-0.01900000 deviationSell:0.00000000
19:17:24.230362> Ask1: 100.41000000 Bid1:100.40000000 Ask2:100.3810 Bid2:100.3800
19:17:24.232363> New Max DevBuy: 0.00000000 GapBuy:-0.03000000 avgGapBuy:-0.03000000 deviationBuy:0.00000000
19:17:24.232363> Ask1: 100.41000000 Bid1:100.40000000 Ask2:100.3810 Bid2:100.3800
19:17:24.233362> New Min DevSell: 0.00000000 GapSell:-0.01900000 avgGapSell:-0.01900000 deviationSell:0.00000000
19:17:24.233362> Ask1: 100.41000000 Bid1:100.40000000 Ask2:100.3810 Bid2:100.3800
19:17:24.235362> New Max DevBuy: 0.00000000 GapBuy:-0.03000000 avgGapBuy:-0.03000000 deviationBuy:0.00000000
19:17:24.235362> Ask1: 100.41000000 Bid1:100.40000000 Ask2:100.3810 Bid2:100.3800
19:17:24.235362> New Min DevSell: 0.00000000 GapSell:-0.01900000 avgGapSell:-0.01900000 deviationSell:0.00000000
19:17:24.235362> Ask1: 100.41000000 Bid1:100.40000000 Ask2:100.3810 Bid2:100.3800
19:17:24.238372> New Max DevBuy: 0.00000000 GapBuy:-0.03000000 avgGapBuy:-0.03000000 deviationBuy:0.00000000
19:17:24.238372> Ask1: 100.41000000 Bid1:100.40000000 Ask2:100.3810 Bid2:100.3800
19:17:24.238372> New Min DevSell: 0.00000000 GapSell:-0.01900000 avgGapSell:-0.01900000 deviationSell:0.00000000
19:17:24.239362> Ask1: 100.41000000 Bid1:100.40000000 Ask2:100.3810 Bid2:100.3800
19:17:24.241370> New Max DevBuy: 0.00000000 GapBuy:-0.03000000 avgGapBuy:-0.03000000 deviationBuy:0.00000000
19:17:24.241370> Ask1: 100.41000000 Bid1:100.40000000 Ask2:100.3810 Bid2:100.3800
19:17:24.241370> New Min DevSell: 0.00000000 GapSell:-0.01900000 avgGapSell:-0.01900000 deviationSell:0.00000000
19:17:24.242362> Ask1: 100.41000000 Bid1:100.40000000 Ask2:100.3810 Bid2:100.3800
19:17:24.244363> New Max DevBuy: 0.00000000 GapBuy:-0.03000000 avgGapBuy:-0.03000000 deviationBuy:0.00000000
19:17:24.244363> Ask1: 100.41000000 Bid1:100.40000000 Ask2:100.3810 Bid2:100.3800
19:17:24.245362> New Min DevSell: 0.00000000 GapSell:-0.01900000 avgGapSell:-0.01900000 deviationSell:0.00000000
19:17:24.245362> Ask1: 100.41000000 Bid1:100.40000000 Ask2:100.3810 Bid2:100.3800
19:17:24.246379> New Max DevBuy: 0.00000000 GapBuy:-0.03000000 avgGapBuy:-0.03000000 deviationBuy:0.00000000
19:17:24.246379> Ask1: 100.41000000 Bid1:100.40000000 Ask2:100.3810 Bid2:100.3800
19:17:24.246379> New Min DevSell: 0.00000000 GapSell:-0.01900000 avgGapSell:-0.01900000 deviationSell:0.00000000
19:17:24.246379> Ask1: 100.41000000 Bid1:100.40000000 Ask2:100.3810 Bid2:100.3800
19:17:24.248363> New Max DevBuy: 0.00000000 GapBuy:-0.03000000 avgGapBuy:-0.03000000 deviationBuy:0.00000000
19:17:24.248363> Ask1: 100.41000000 Bid1:100.40000000 Ask2:100.3810 Bid2:100.3800
19:17:24.248363> New Min DevSell: 0.00000000 GapSell:-0.01900000 avgGapSell:-0.01900000 deviationSell:0.00000000
19:17:24.248363> Ask1: 100.41000000 Bid1:100.40000000 Ask2:100.3810 Bid2:100.3800
19:17:24.249363> New Max DevBuy: 0.00000000 GapBuy:-0.03000000 avgGapBuy:-0.03000000 deviationBuy:0.00000000
19:17:24.252363> Ask1: 100.41000000 Bid1:100.40000000 Ask2:100.3810 Bid2:100.3800
19:17:24.252363> New Min DevSell: 0.00000000 GapSell:-0.01900000 avgGapSell:-0.01900000 deviationSell:0.00000000
19:17:24.253364> Ask1: 100.41000000 Bid1:100.40000000 Ask2:100.3810 Bid2:100.3800
19:17:24.255377> New Max DevBuy: -0.00500000 GapBuy:-0.04000000 avgGapBuy:-0.03500000 deviationBuy:-0.00500000
19:17:24.255377> Ask1: 100.41000000 Bid1:100.40000000 Ask2:100.3710 Bid2:100.3700
19:17:24.255377> New Min DevSell: -0.01000000 GapSell:-0.02900000 avgGapSell:-0.01900000 deviationSell:-0.01000000
19:17:24.255377> Ask1: 100.41000000 Bid1:100.40000000 Ask2:100.3710 Bid2:100.3700
19:17:24.337376> Lenta has started...Start SubscribeToTradeStream @trade [{accType}] process...
19:17:24.357373> New Max DevBuy: -0.0026666666666666666666666667 GapBuy:-0.03900000 avgGapBuy:-0.0363333333333333333333333333 deviationBuy:-0.0026666666666666666666666667
19:17:24.365369> Ask1: 100.41000000 Bid1:100.40000000 Ask2:100.3720 Bid2:100.3710
19:17:24.396378> WebSocket connected! Start [MARGIN] @depth@100ms process...
19:17:24.405371> WebSocket connected! Start Partial @depth10 [MARGIN] process...
19:17:24.679276> Lenta has started...Start SubscribeToAggTradeStream @aggTrade [future] process...
19:17:24.731272> WebSocket connected! Start Partial @depth10 [Future] process...
19:17:25.044292> BinanceFuture - Vxxv1AWf[USD_M] USD_M Balance: 69.44887885 USDT
19:17:25.326574> Binance - Vxxv1AWf[MARGIN] MARGIN Balance: 195.23014809 USDT
19:17:25.556486> New Min DevSell: -0.01500000 GapSell:-0.03400000 avgGapSell:-0.01900000 deviationSell:-0.01500000
19:17:25.557487> Ask1: 100.41000000 Bid1:100.40000000 Ask2:100.3660 Bid2:100.3650
19:17:25.726473> New Max DevBuy: 0.00280000 GapBuy:-0.03500000 avgGapBuy:-0.03780000 deviationBuy:0.00280000
19:17:25.726473> Ask1: 100.40000000 Bid1:100.39000000 Ask2:100.3660 Bid2:100.3650
19:17:27.740201> New Min DevSell: -0.01600000 GapSell:-0.03500000 avgGapSell:-0.01900000 deviationSell:-0.01600000
19:17:27.741201> Ask1: 100.40000000 Bid1:100.39000000 Ask2:100.3550 Bid2:100.3540
19:17:28.770123> New Max DevBuy: 0.00325000 GapBuy:-0.03600000 avgGapBuy:-0.03925000 deviationBuy:0.00325000
19:17:28.770123> Ask1: 100.40000000 Bid1:100.39000000 Ask2:100.3650 Bid2:100.3640
19:17:29.096130> New Min DevSell: -0.01900000 GapSell:-0.03800000 avgGapSell:-0.01900000 deviationSell:-0.01900000
19:17:29.097133> Ask1: 100.40000000 Bid1:100.39000000 Ask2:100.3520 Bid2:100.3510
19:17:29.772092> New Min DevSell: -0.02100000 GapSell:-0.04000000 avgGapSell:-0.01900000 deviationSell:-0.02100000
19:17:29.772092> Ask1: 100.39000000 Bid1:100.38000000 Ask2:100.3400 Bid2:100.3390
19:17:42.484088> New Min DevSell: -0.02300000 GapSell:-0.04200000 avgGapSell:-0.01900000 deviationSell:-0.02300000
19:17:42.733102> Ask1: 100.36000000 Bid1:100.35000000 Ask2:100.3100 Bid2:100.3090
19:17:51.018650> New Max DevBuy: 0.0080322580645161290322580645 GapBuy:-0.03600000 avgGapBuy:-0.0440322580645161290322580645 deviationBuy:0.0080322580645161290322580645
19:17:51.018650> Ask1: 100.36000000 Bid1:100.35000000 Ask2:100.3250 Bid2:100.3240
19:17:51.021651> New Max DevBuy: 0.01068750 GapBuy:-0.03300000 avgGapBuy:-0.04368750 deviationBuy:0.01068750
19:17:51.028651> Ask1: 100.36000000 Bid1:100.35000000 Ask2:100.3300 Bid2:100.3290
19:17:52.655243> New Max DevBuy: 0.0120277777777777777777777778 GapBuy:-0.03100000 avgGapBuy:-0.0430277777777777777777777778 deviationBuy:0.0120277777777777777777777778
19:17:52.656242> Ask1: 100.36000000 Bid1:100.35000000 Ask2:100.3300 Bid2:100.3290
19:18:06.001028> New Min DevSell: -0.04100000 GapSell:-0.06000000 avgGapSell:-0.01900000 deviationSell:-0.04100000
19:18:06.001028> Ask1: 100.37000000 Bid1:100.36000000 Ask2:100.3000 Bid2:100.2990
19:18:07.773115> New Max DevBuy: 0.0147115384615384615384615385 GapBuy:-0.02900000 avgGapBuy:-0.0437115384615384615384615385 deviationBuy:0.0147115384615384615384615385
19:18:07.773115> Ask1: 100.32000000 Bid1:100.31000000 Ask2:100.2920 Bid2:100.2910
19:18:07.876685> New Max DevBuy: 0.0163148148148148148148148148 GapBuy:-0.02700000 avgGapBuy:-0.0433148148148148148148148148 deviationBuy:0.0163148148148148148148148148
19:18:07.876685> Ask1: 100.33000000 Bid1:100.32000000 Ask2:100.3040 Bid2:100.3030
19:18:28.309686> New Max DevBuy: 0.0229746835443037974683544304 GapBuy:-0.02000000 avgGapBuy:-0.0429746835443037974683544304 deviationBuy:0.0229746835443037974683544304
19:18:28.309686> Ask1: 100.27000000 Bid1:100.26000000 Ask2:100.2510 Bid2:100.2500
19:18:40.571839> New Max DevBuy: 0.0496559139784946236559139785 GapBuy:0.00800000 avgGapBuy:-0.0416559139784946236559139785 deviationBuy:0.0496559139784946236559139785
19:18:40.571839> Ask1: 100.22000000 Bid1:100.20000000 Ask2:100.2290 Bid2:100.2280
