17:21:42.257549> Lenta has started...Start SubscribeToTradeStream @trade [{accType}] process...
17:21:42.259551> Lenta has started...Start SubscribeToAggTradeStream @aggTrade [future] process...
17:21:42.259551> WebSocket connected! Start Partial @depth10 [Future] process...
17:21:42.260549> WebSocket connected! Start Partial @depth10 [MARGIN] process...
17:21:43.317608> WebSocket connected! Start [MARGIN] @depth@100ms process...
17:21:43.325609> WebSocket connected! Start [MARGIN] @depth@100ms process...
17:21:43.367614> New Max DevBuy: 0.00000000 GapBuy:-0.02100000 avgGapBuy:-0.02100000 deviationBuy:0.00000000
17:21:43.374614> Ask1: 100.6310 Bid1:100.6300 Ask2:100.62000000 Bid2:100.61000000
17:21:43.378619> New Min DevSell: 0.00000000 GapSell:-0.01000000 avgGapSell:-0.01000000 deviationSell:0.00000000
17:21:43.382613> Ask1: 100.6310 Bid1:100.6300 Ask2:100.62000000 Bid2:100.61000000
17:21:44.105653> Lenta has started...Start SubscribeToTradeStream @trade [{accType}] process...
17:21:44.118655> WebSocket connected! Start Partial @depth10 [MARGIN] process...
17:21:44.386670> WebSocket connected! Start Partial @depth10 [Future] process...
17:21:44.401674> Lenta has started...Start SubscribeToAggTradeStream @aggTrade [future] process...
17:22:00.056550> Binance - Vxxv1AWf[MARGIN] MARGIN Balance: 195.23164768 USDT
17:22:17.142971> BinanceFuture - Vxxv1AWf[USD_M] Api Error Code: -5021 Message: Due to the order could not be filled immediately, the FOK order has been rejected. The order will not be recorded in the order history
17:22:17.159983> BinanceFuture - Vxxv1AWf[USD_M] USD_M Balance: 69.44887885 USDT
17:22:17.179977> [1Leg]: Sell FAILED solusdt;Gap=0;Price=100.61500
17:22:19.369750> New Max DevBuy: 0.02550000 GapBuy:0.03000000 avgGapBuy:0.00450000 deviationBuy:0.02550000
17:22:19.370750> Ask1: 100.5200 Bid1:100.5190 Ask2:100.56000000 Bid2:100.55000000
17:22:19.370750> New Min DevSell: 0.05100000 GapSell:0.04100000 avgGapSell:-0.01000000 deviationSell:0.05100000
17:22:19.371750> Ask1: 100.5200 Bid1:100.5190 Ask2:100.56000000 Bid2:100.55000000
17:22:19.809776> New Min DevSell: 0.03100000 GapSell:0.02100000 avgGapSell:-0.01000000 deviationSell:0.03100000
17:22:19.817776> Ask1: 100.5500 Bid1:100.5490 Ask2:100.57000000 Bid2:100.56000000
