11:19:54.542554> WebSocket connected! Start Partial @depth10 [MARGIN] process...
11:19:54.558147> WebSocket connected! Start [MARGIN] @depth@100ms process...
11:19:54.589400> Lenta has started...Start SubscribeToTradeStream @trade [{accType}] process...
11:19:54.761276> Lenta has started...Start SubscribeToAggTradeStream @aggTrade [future] process...
11:19:54.792522> WebSocket connected! Start Partial @depth10 [Future] process...
11:19:55.167523> Binance - Vxxv1AWf[MARGIN] MARGIN Balance: 195.22938439 USDT
11:19:55.339402> WebSocket connected! Start Partial @depth10 [MARGIN] process...
11:19:55.339402> Lenta has started...Start SubscribeToTradeStream @trade [{accType}] process...
11:19:55.386279> WebSocket connected! Start [MARGIN] @depth@100ms process...
11:19:55.667547> Binance - Vxxv1AWf[MARGIN] Api Error Code: -2010 Message: Account has insufficient balance for requested action.
11:19:55.667547> [1Leg]: Sell FAILED solusdt;Gap=0;Price=100.26000
11:19:55.667547> New Max DevBuy: 0.00000000 GapBuy:-0.06000000 avgGapBuy:-0.06000000 deviationBuy:0.00000000
11:19:55.667547> Ask1: 100.26000000 Bid1:100.25000000 Ask2:100.2010 Bid2:100.2000
11:19:55.667547> New Min DevSell: 0.00000000 GapSell:-0.04900000 avgGapSell:-0.04900000 deviationSell:0.00000000
11:19:55.667547> Ask1: 100.26000000 Bid1:100.25000000 Ask2:100.2010 Bid2:100.2000
11:19:55.683150> New Max DevBuy: 0.00000000 GapBuy:-0.06000000 avgGapBuy:-0.06000000 deviationBuy:0.00000000
11:19:55.683150> Ask1: 100.26000000 Bid1:100.25000000 Ask2:100.2010 Bid2:100.2000
11:19:55.683150> New Min DevSell: 0.00000000 GapSell:-0.04900000 avgGapSell:-0.04900000 deviationSell:0.00000000
11:19:55.683150> Ask1: 100.26000000 Bid1:100.25000000 Ask2:100.2010 Bid2:100.2000
11:19:55.698774> New Max DevBuy: 0.00000000 GapBuy:-0.06000000 avgGapBuy:-0.06000000 deviationBuy:0.00000000
11:19:55.698774> Ask1: 100.26000000 Bid1:100.25000000 Ask2:100.2010 Bid2:100.2000
11:19:55.698774> New Min DevSell: 0.00000000 GapSell:-0.04900000 avgGapSell:-0.04900000 deviationSell:0.00000000
11:19:55.698774> Ask1: 100.26000000 Bid1:100.25000000 Ask2:100.2010 Bid2:100.2000
11:19:55.714402> New Max DevBuy: 0.00000000 GapBuy:-0.06000000 avgGapBuy:-0.06000000 deviationBuy:0.00000000
11:19:55.714402> Ask1: 100.26000000 Bid1:100.25000000 Ask2:100.2010 Bid2:100.2000
11:19:55.714402> New Min DevSell: 0.00000000 GapSell:-0.04900000 avgGapSell:-0.04900000 deviationSell:0.00000000
11:19:55.714402> Ask1: 100.26000000 Bid1:100.25000000 Ask2:100.2010 Bid2:100.2000
11:19:55.730026> New Max DevBuy: 0.00000000 GapBuy:-0.06000000 avgGapBuy:-0.06000000 deviationBuy:0.00000000
11:19:55.730026> Ask1: 100.26000000 Bid1:100.25000000 Ask2:100.2010 Bid2:100.2000
11:19:55.730026> New Min DevSell: 0.00000000 GapSell:-0.04900000 avgGapSell:-0.04900000 deviationSell:0.00000000
11:19:55.730026> Ask1: 100.26000000 Bid1:100.25000000 Ask2:100.2010 Bid2:100.2000
11:19:55.730026> Lenta has started...Start SubscribeToAggTradeStream @aggTrade [future] process...
11:19:55.745753> New Max DevBuy: 0.00000000 GapBuy:-0.06000000 avgGapBuy:-0.06000000 deviationBuy:0.00000000
11:19:55.745753> Ask1: 100.26000000 Bid1:100.25000000 Ask2:100.2010 Bid2:100.2000
11:19:55.745753> New Min DevSell: 0.00000000 GapSell:-0.04900000 avgGapSell:-0.04900000 deviationSell:0.00000000
11:19:55.745753> Ask1: 100.26000000 Bid1:100.25000000 Ask2:100.2010 Bid2:100.2000
11:19:55.761276> New Max DevBuy: 0.00000000 GapBuy:-0.06000000 avgGapBuy:-0.06000000 deviationBuy:0.00000000
11:19:55.761276> Ask1: 100.26000000 Bid1:100.25000000 Ask2:100.2010 Bid2:100.2000
11:19:55.761276> New Min DevSell: 0.00000000 GapSell:-0.04900000 avgGapSell:-0.04900000 deviationSell:0.00000000
11:19:55.761276> Ask1: 100.26000000 Bid1:100.25000000 Ask2:100.2010 Bid2:100.2000
11:19:55.776901> New Max DevBuy: 0.00000000 GapBuy:-0.06000000 avgGapBuy:-0.06000000 deviationBuy:0.00000000
11:19:55.776901> Ask1: 100.26000000 Bid1:100.25000000 Ask2:100.2010 Bid2:100.2000
11:19:55.776901> New Min DevSell: 0.00000000 GapSell:-0.04900000 avgGapSell:-0.04900000 deviationSell:0.00000000
11:19:55.776901> Ask1: 100.26000000 Bid1:100.25000000 Ask2:100.2010 Bid2:100.2000
11:19:55.792523> New Max DevBuy: 0.00000000 GapBuy:-0.06000000 avgGapBuy:-0.06000000 deviationBuy:0.00000000
11:19:55.792523> Ask1: 100.26000000 Bid1:100.25000000 Ask2:100.2010 Bid2:100.2000
11:19:55.792523> New Min DevSell: 0.00000000 GapSell:-0.04900000 avgGapSell:-0.04900000 deviationSell:0.00000000
11:19:55.792523> Ask1: 100.26000000 Bid1:100.25000000 Ask2:100.2010 Bid2:100.2000
11:19:55.808151> New Max DevBuy: 0.00000000 GapBuy:-0.06000000 avgGapBuy:-0.06000000 deviationBuy:0.00000000
11:19:55.808151> Ask1: 100.26000000 Bid1:100.25000000 Ask2:100.2010 Bid2:100.2000
11:19:55.808151> New Min DevSell: 0.00000000 GapSell:-0.04900000 avgGapSell:-0.04900000 deviationSell:0.00000000
11:19:55.808151> Ask1: 100.26000000 Bid1:100.25000000 Ask2:100.2010 Bid2:100.2000
11:19:55.823777> New Max DevBuy: 0.00000000 GapBuy:-0.06000000 avgGapBuy:-0.06000000 deviationBuy:0.00000000
11:19:55.823777> Ask1: 100.26000000 Bid1:100.25000000 Ask2:100.2010 Bid2:100.2000
11:19:55.823777> New Min DevSell: 0.00000000 GapSell:-0.04900000 avgGapSell:-0.04900000 deviationSell:0.00000000
11:19:55.823777> Ask1: 100.26000000 Bid1:100.25000000 Ask2:100.2010 Bid2:100.2000
11:19:55.839403> New Max DevBuy: 0.00000000 GapBuy:-0.06000000 avgGapBuy:-0.06000000 deviationBuy:0.00000000
11:19:55.839403> Ask1: 100.26000000 Bid1:100.25000000 Ask2:100.2010 Bid2:100.2000
11:19:55.839403> New Min DevSell: 0.00000000 GapSell:-0.04900000 avgGapSell:-0.04900000 deviationSell:0.00000000
11:19:55.839403> Ask1: 100.26000000 Bid1:100.25000000 Ask2:100.2010 Bid2:100.2000
11:19:55.855026> New Max DevBuy: 0.00000000 GapBuy:-0.06000000 avgGapBuy:-0.06000000 deviationBuy:0.00000000
11:19:55.855026> Ask1: 100.26000000 Bid1:100.25000000 Ask2:100.2010 Bid2:100.2000
11:19:55.855026> New Min DevSell: 0.00000000 GapSell:-0.04900000 avgGapSell:-0.04900000 deviationSell:0.00000000
11:19:55.855026> Ask1: 100.26000000 Bid1:100.25000000 Ask2:100.2010 Bid2:100.2000
11:19:55.870650> New Max DevBuy: 0.00000000 GapBuy:-0.06000000 avgGapBuy:-0.06000000 deviationBuy:0.00000000
11:19:55.870650> Ask1: 100.26000000 Bid1:100.25000000 Ask2:100.2010 Bid2:100.2000
11:19:55.870650> New Min DevSell: 0.00000000 GapSell:-0.04900000 avgGapSell:-0.04900000 deviationSell:0.00000000
11:19:55.870650> Ask1: 100.26000000 Bid1:100.25000000 Ask2:100.2010 Bid2:100.2000
11:19:55.886271> New Max DevBuy: 0.00000000 GapBuy:-0.06000000 avgGapBuy:-0.06000000 deviationBuy:0.00000000
11:19:55.886271> Ask1: 100.26000000 Bid1:100.25000000 Ask2:100.2010 Bid2:100.2000
11:19:55.886271> New Min DevSell: 0.00000000 GapSell:-0.04900000 avgGapSell:-0.04900000 deviationSell:0.00000000
11:19:55.901899> Ask1: 100.26000000 Bid1:100.25000000 Ask2:100.2010 Bid2:100.2000
11:19:55.917524> New Max DevBuy: 0.00000000 GapBuy:-0.06000000 avgGapBuy:-0.06000000 deviationBuy:0.00000000
11:19:55.917524> Ask1: 100.26000000 Bid1:100.25000000 Ask2:100.2010 Bid2:100.2000
11:19:55.917524> New Min DevSell: 0.00000000 GapSell:-0.04900000 avgGapSell:-0.04900000 deviationSell:0.00000000
11:19:55.917524> Ask1: 100.26000000 Bid1:100.25000000 Ask2:100.2010 Bid2:100.2000
11:19:55.933148> New Max DevBuy: 0.00000000 GapBuy:-0.06000000 avgGapBuy:-0.06000000 deviationBuy:0.00000000
11:19:55.933148> Ask1: 100.26000000 Bid1:100.25000000 Ask2:100.2010 Bid2:100.2000
11:19:55.933148> New Min DevSell: 0.00000000 GapSell:-0.04900000 avgGapSell:-0.04900000 deviationSell:0.00000000
11:19:55.933148> Ask1: 100.26000000 Bid1:100.25000000 Ask2:100.2010 Bid2:100.2000
11:19:55.948778> New Max DevBuy: 0.00000000 GapBuy:-0.06000000 avgGapBuy:-0.06000000 deviationBuy:0.00000000
11:19:55.948778> Ask1: 100.26000000 Bid1:100.25000000 Ask2:100.2010 Bid2:100.2000
11:19:55.948778> New Min DevSell: 0.00000000 GapSell:-0.04900000 avgGapSell:-0.04900000 deviationSell:0.00000000
11:19:55.948778> Ask1: 100.26000000 Bid1:100.25000000 Ask2:100.2010 Bid2:100.2000
11:19:55.964407> New Max DevBuy: 0.00000000 GapBuy:-0.06000000 avgGapBuy:-0.06000000 deviationBuy:0.00000000
11:19:55.964407> Ask1: 100.26000000 Bid1:100.25000000 Ask2:100.2010 Bid2:100.2000
11:19:55.964407> New Min DevSell: 0.00000000 GapSell:-0.04900000 avgGapSell:-0.04900000 deviationSell:0.00000000
11:19:55.964407> Ask1: 100.26000000 Bid1:100.25000000 Ask2:100.2010 Bid2:100.2000
11:19:55.980031> New Max DevBuy: 0.00000000 GapBuy:-0.06000000 avgGapBuy:-0.06000000 deviationBuy:0.00000000
11:19:55.980031> Ask1: 100.26000000 Bid1:100.25000000 Ask2:100.2010 Bid2:100.2000
11:19:55.980031> New Min DevSell: 0.00000000 GapSell:-0.04900000 avgGapSell:-0.04900000 deviationSell:0.00000000
11:19:55.980031> Ask1: 100.26000000 Bid1:100.25000000 Ask2:100.2010 Bid2:100.2000
11:19:55.995662> New Max DevBuy: 0.00000000 GapBuy:-0.06000000 avgGapBuy:-0.06000000 deviationBuy:0.00000000
11:19:55.995662> Ask1: 100.26000000 Bid1:100.25000000 Ask2:100.2010 Bid2:100.2000
11:19:55.995662> New Min DevSell: 0.00000000 GapSell:-0.04900000 avgGapSell:-0.04900000 deviationSell:0.00000000
11:19:55.995662> Ask1: 100.26000000 Bid1:100.25000000 Ask2:100.2010 Bid2:100.2000
11:19:56.011274> New Max DevBuy: 0.00000000 GapBuy:-0.06000000 avgGapBuy:-0.06000000 deviationBuy:0.00000000
11:19:56.011274> Ask1: 100.26000000 Bid1:100.25000000 Ask2:100.2010 Bid2:100.2000
11:19:56.011274> New Min DevSell: 0.00000000 GapSell:-0.04900000 avgGapSell:-0.04900000 deviationSell:0.00000000
11:19:56.011274> Ask1: 100.26000000 Bid1:100.25000000 Ask2:100.2010 Bid2:100.2000
11:19:56.026898> New Max DevBuy: 0.00000000 GapBuy:-0.06000000 avgGapBuy:-0.06000000 deviationBuy:0.00000000
11:19:56.026898> Ask1: 100.26000000 Bid1:100.25000000 Ask2:100.2010 Bid2:100.2000
11:19:56.026898> New Min DevSell: 0.00000000 GapSell:-0.04900000 avgGapSell:-0.04900000 deviationSell:0.00000000
11:19:56.026898> Ask1: 100.26000000 Bid1:100.25000000 Ask2:100.2010 Bid2:100.2000
11:19:56.042524> New Max DevBuy: 0.00000000 GapBuy:-0.06000000 avgGapBuy:-0.06000000 deviationBuy:0.00000000
11:19:56.042524> Ask1: 100.26000000 Bid1:100.25000000 Ask2:100.2010 Bid2:100.2000
11:19:56.042524> New Min DevSell: 0.00000000 GapSell:-0.04900000 avgGapSell:-0.04900000 deviationSell:0.00000000
11:19:56.042524> Ask1: 100.26000000 Bid1:100.25000000 Ask2:100.2010 Bid2:100.2000
11:19:56.073780> New Max DevBuy: 0.00000000 GapBuy:-0.06000000 avgGapBuy:-0.06000000 deviationBuy:0.00000000
11:19:56.073780> Ask1: 100.26000000 Bid1:100.25000000 Ask2:100.2010 Bid2:100.2000
11:19:56.073780> New Min DevSell: 0.00000000 GapSell:-0.04900000 avgGapSell:-0.04900000 deviationSell:0.00000000
11:19:56.073780> Ask1: 100.26000000 Bid1:100.25000000 Ask2:100.2010 Bid2:100.2000
11:19:56.105025> New Max DevBuy: 0.00000000 GapBuy:-0.06000000 avgGapBuy:-0.06000000 deviationBuy:0.00000000
11:19:56.136272> Ask1: 100.26000000 Bid1:100.25000000 Ask2:100.2010 Bid2:100.2000
11:19:56.136272> New Min DevSell: 0.00000000 GapSell:-0.04900000 avgGapSell:-0.04900000 deviationSell:0.00000000
11:19:56.136272> Ask1: 100.26000000 Bid1:100.25000000 Ask2:100.2010 Bid2:100.2000
11:19:56.151906> BinanceFuture - Vxxv1AWf[USD_M] USD_M Balance: 0 USDT
11:19:56.198776> New Max DevBuy: 0.00000000 GapBuy:-0.06000000 avgGapBuy:-0.06000000 deviationBuy:0.00000000
11:19:56.198776> Ask1: 100.26000000 Bid1:100.25000000 Ask2:100.2010 Bid2:100.2000
11:19:56.198776> New Min DevSell: 0.00000000 GapSell:-0.04900000 avgGapSell:-0.04900000 deviationSell:0.00000000
11:19:56.198776> Ask1: 100.26000000 Bid1:100.25000000 Ask2:100.2010 Bid2:100.2000
11:19:56.214425> New Max DevBuy: 0.00000000 GapBuy:-0.06000000 avgGapBuy:-0.06000000 deviationBuy:0.00000000
11:19:56.214425> Ask1: 100.26000000 Bid1:100.25000000 Ask2:100.2010 Bid2:100.2000
11:19:56.214425> New Min DevSell: 0.00000000 GapSell:-0.04900000 avgGapSell:-0.04900000 deviationSell:0.00000000
11:19:56.214425> Ask1: 100.26000000 Bid1:100.25000000 Ask2:100.2010 Bid2:100.2000
11:19:56.230031> New Max DevBuy: 0.00000000 GapBuy:-0.06000000 avgGapBuy:-0.06000000 deviationBuy:0.00000000
11:19:56.230031> Ask1: 100.26000000 Bid1:100.25000000 Ask2:100.2010 Bid2:100.2000
11:19:56.230031> New Min DevSell: 0.00000000 GapSell:-0.04900000 avgGapSell:-0.04900000 deviationSell:0.00000000
11:19:56.230031> Ask1: 100.26000000 Bid1:100.25000000 Ask2:100.2010 Bid2:100.2000
11:19:56.245668> New Max DevBuy: 0.00000000 GapBuy:-0.06000000 avgGapBuy:-0.06000000 deviationBuy:0.00000000
11:19:56.245668> Ask1: 100.26000000 Bid1:100.25000000 Ask2:100.2010 Bid2:100.2000
11:19:56.245668> New Min DevSell: 0.00000000 GapSell:-0.04900000 avgGapSell:-0.04900000 deviationSell:0.00000000
11:19:56.245668> Ask1: 100.26000000 Bid1:100.25000000 Ask2:100.2010 Bid2:100.2000
11:19:56.261323> New Max DevBuy: 0.00000000 GapBuy:-0.06000000 avgGapBuy:-0.06000000 deviationBuy:0.00000000
11:19:56.261323> Ask1: 100.26000000 Bid1:100.25000000 Ask2:100.2010 Bid2:100.2000
11:19:56.261323> New Min DevSell: 0.00000000 GapSell:-0.04900000 avgGapSell:-0.04900000 deviationSell:0.00000000
11:19:56.261323> Ask1: 100.26000000 Bid1:100.25000000 Ask2:100.2010 Bid2:100.2000
11:19:56.276913> New Max DevBuy: 0.00000000 GapBuy:-0.06000000 avgGapBuy:-0.06000000 deviationBuy:0.00000000
11:19:56.276913> Ask1: 100.26000000 Bid1:100.25000000 Ask2:100.2010 Bid2:100.2000
11:19:56.276913> New Min DevSell: 0.00000000 GapSell:-0.04900000 avgGapSell:-0.04900000 deviationSell:0.00000000
11:19:56.276913> Ask1: 100.26000000 Bid1:100.25000000 Ask2:100.2010 Bid2:100.2000
11:19:56.292531> New Max DevBuy: 0.00000000 GapBuy:-0.06000000 avgGapBuy:-0.06000000 deviationBuy:0.00000000
11:19:56.292531> Ask1: 100.26000000 Bid1:100.25000000 Ask2:100.2010 Bid2:100.2000
11:19:56.292531> New Min DevSell: 0.00000000 GapSell:-0.04900000 avgGapSell:-0.04900000 deviationSell:0.00000000
11:19:56.292531> Ask1: 100.26000000 Bid1:100.25000000 Ask2:100.2010 Bid2:100.2000
11:19:56.308156> New Max DevBuy: 0.00000000 GapBuy:-0.06000000 avgGapBuy:-0.06000000 deviationBuy:0.00000000
11:19:56.308156> Ask1: 100.26000000 Bid1:100.25000000 Ask2:100.2010 Bid2:100.2000
11:19:56.308156> New Min DevSell: 0.00000000 GapSell:-0.04900000 avgGapSell:-0.04900000 deviationSell:0.00000000
11:19:56.308156> Ask1: 100.26000000 Bid1:100.25000000 Ask2:100.2010 Bid2:100.2000
11:19:56.323776> New Max DevBuy: 0.00000000 GapBuy:-0.06000000 avgGapBuy:-0.06000000 deviationBuy:0.00000000
11:19:56.323776> Ask1: 100.26000000 Bid1:100.25000000 Ask2:100.2010 Bid2:100.2000
11:19:56.323776> New Min DevSell: 0.00000000 GapSell:-0.04900000 avgGapSell:-0.04900000 deviationSell:0.00000000
11:19:56.323776> Ask1: 100.26000000 Bid1:100.25000000 Ask2:100.2010 Bid2:100.2000
11:19:56.339403> New Max DevBuy: 0.00000000 GapBuy:-0.06000000 avgGapBuy:-0.06000000 deviationBuy:0.00000000
11:19:56.339403> Ask1: 100.26000000 Bid1:100.25000000 Ask2:100.2010 Bid2:100.2000
11:19:56.339403> New Min DevSell: 0.00000000 GapSell:-0.04900000 avgGapSell:-0.04900000 deviationSell:0.00000000
11:19:56.339403> Ask1: 100.26000000 Bid1:100.25000000 Ask2:100.2010 Bid2:100.2000
11:19:56.355033> New Max DevBuy: 0.00000000 GapBuy:-0.06000000 avgGapBuy:-0.06000000 deviationBuy:0.00000000
11:19:56.355033> Ask1: 100.26000000 Bid1:100.25000000 Ask2:100.2010 Bid2:100.2000
11:19:56.355033> New Min DevSell: 0.00000000 GapSell:-0.04900000 avgGapSell:-0.04900000 deviationSell:0.00000000
11:19:56.355033> Ask1: 100.26000000 Bid1:100.25000000 Ask2:100.2010 Bid2:100.2000
11:19:56.370676> New Max DevBuy: 0.00000000 GapBuy:-0.06000000 avgGapBuy:-0.06000000 deviationBuy:0.00000000
11:19:56.370676> Ask1: 100.26000000 Bid1:100.25000000 Ask2:100.2010 Bid2:100.2000
11:19:56.370676> New Min DevSell: 0.00000000 GapSell:-0.04900000 avgGapSell:-0.04900000 deviationSell:0.00000000
11:19:56.370676> Ask1: 100.26000000 Bid1:100.25000000 Ask2:100.2010 Bid2:100.2000
11:19:56.386281> New Max DevBuy: 0.00000000 GapBuy:-0.06000000 avgGapBuy:-0.06000000 deviationBuy:0.00000000
11:19:56.386281> Ask1: 100.26000000 Bid1:100.25000000 Ask2:100.2010 Bid2:100.2000
11:19:56.386281> New Min DevSell: 0.00000000 GapSell:-0.04900000 avgGapSell:-0.04900000 deviationSell:0.00000000
11:19:56.386281> Ask1: 100.26000000 Bid1:100.25000000 Ask2:100.2010 Bid2:100.2000
11:19:56.401908> WebSocket connected! Start Partial @depth10 [Future] process...
11:19:56.401908> New Max DevBuy: 0.00000000 GapBuy:-0.06000000 avgGapBuy:-0.06000000 deviationBuy:0.00000000
11:19:56.401908> Ask1: 100.26000000 Bid1:100.25000000 Ask2:100.2010 Bid2:100.2000
11:19:56.401908> New Min DevSell: 0.00000000 GapSell:-0.04900000 avgGapSell:-0.04900000 deviationSell:0.00000000
11:19:56.401908> Ask1: 100.26000000 Bid1:100.25000000 Ask2:100.2010 Bid2:100.2000
11:19:56.417531> New Max DevBuy: 0.00000000 GapBuy:-0.06000000 avgGapBuy:-0.06000000 deviationBuy:0.00000000
11:19:56.417531> Ask1: 100.26000000 Bid1:100.25000000 Ask2:100.2010 Bid2:100.2000
11:19:56.417531> New Min DevSell: 0.00000000 GapSell:-0.04900000 avgGapSell:-0.04900000 deviationSell:0.00000000
11:19:56.417531> Ask1: 100.26000000 Bid1:100.25000000 Ask2:100.2010 Bid2:100.2000
11:19:56.433189> New Max DevBuy: 0.00000000 GapBuy:-0.06000000 avgGapBuy:-0.06000000 deviationBuy:0.00000000
11:19:56.433189> Ask1: 100.26000000 Bid1:100.25000000 Ask2:100.2010 Bid2:100.2000
11:19:56.433189> New Min DevSell: 0.00000000 GapSell:-0.04900000 avgGapSell:-0.04900000 deviationSell:0.00000000
11:19:56.433189> Ask1: 100.26000000 Bid1:100.25000000 Ask2:100.2010 Bid2:100.2000
11:19:56.448779> New Max DevBuy: 0.00000000 GapBuy:-0.06000000 avgGapBuy:-0.06000000 deviationBuy:0.00000000
11:19:56.448779> Ask1: 100.26000000 Bid1:100.25000000 Ask2:100.2010 Bid2:100.2000
11:19:56.448779> New Min DevSell: 0.00000000 GapSell:-0.04900000 avgGapSell:-0.04900000 deviationSell:0.00000000
11:19:56.448779> Ask1: 100.26000000 Bid1:100.25000000 Ask2:100.2010 Bid2:100.2000
11:19:56.464406> New Max DevBuy: 0.00000000 GapBuy:-0.06000000 avgGapBuy:-0.06000000 deviationBuy:0.00000000
11:19:56.464406> Ask1: 100.26000000 Bid1:100.25000000 Ask2:100.2010 Bid2:100.2000
11:19:56.464406> New Min DevSell: 0.00000000 GapSell:-0.04900000 avgGapSell:-0.04900000 deviationSell:0.00000000
11:19:56.464406> Ask1: 100.26000000 Bid1:100.25000000 Ask2:100.2010 Bid2:100.2000
11:19:56.480061> New Max DevBuy: 0.00000000 GapBuy:-0.06000000 avgGapBuy:-0.06000000 deviationBuy:0.00000000
11:19:56.480061> Ask1: 100.26000000 Bid1:100.25000000 Ask2:100.2010 Bid2:100.2000
11:19:56.480061> New Min DevSell: 0.00000000 GapSell:-0.04900000 avgGapSell:-0.04900000 deviationSell:0.00000000
11:19:56.480061> Ask1: 100.26000000 Bid1:100.25000000 Ask2:100.2010 Bid2:100.2000
11:19:56.495715> New Max DevBuy: 0.00000000 GapBuy:-0.06000000 avgGapBuy:-0.06000000 deviationBuy:0.00000000
11:19:56.495715> Ask1: 100.26000000 Bid1:100.25000000 Ask2:100.2010 Bid2:100.2000
11:19:56.495715> New Min DevSell: 0.00000000 GapSell:-0.04900000 avgGapSell:-0.04900000 deviationSell:0.00000000
11:19:56.495715> Ask1: 100.26000000 Bid1:100.25000000 Ask2:100.2010 Bid2:100.2000
11:19:56.511311> New Max DevBuy: 0.00000000 GapBuy:-0.06000000 avgGapBuy:-0.06000000 deviationBuy:0.00000000
11:19:56.511311> Ask1: 100.26000000 Bid1:100.25000000 Ask2:100.2010 Bid2:100.2000
11:19:56.511311> New Min DevSell: 0.00000000 GapSell:-0.04900000 avgGapSell:-0.04900000 deviationSell:0.00000000
11:19:56.511311> Ask1: 100.26000000 Bid1:100.25000000 Ask2:100.2010 Bid2:100.2000
11:19:56.526917> New Max DevBuy: 0.00000000 GapBuy:-0.06000000 avgGapBuy:-0.06000000 deviationBuy:0.00000000
11:19:56.526917> Ask1: 100.26000000 Bid1:100.25000000 Ask2:100.2010 Bid2:100.2000
11:19:56.526917> New Min DevSell: 0.00000000 GapSell:-0.04900000 avgGapSell:-0.04900000 deviationSell:0.00000000
11:19:56.526917> Ask1: 100.26000000 Bid1:100.25000000 Ask2:100.2010 Bid2:100.2000
11:19:56.542539> New Max DevBuy: 0.00000000 GapBuy:-0.06000000 avgGapBuy:-0.06000000 deviationBuy:0.00000000
11:19:56.542539> Ask1: 100.26000000 Bid1:100.25000000 Ask2:100.2010 Bid2:100.2000
11:19:56.542539> New Min DevSell: 0.00000000 GapSell:-0.04900000 avgGapSell:-0.04900000 deviationSell:0.00000000
11:19:56.542539> Ask1: 100.26000000 Bid1:100.25000000 Ask2:100.2010 Bid2:100.2000
11:19:56.558189> New Max DevBuy: 0.00000000 GapBuy:-0.06000000 avgGapBuy:-0.06000000 deviationBuy:0.00000000
11:19:56.558189> Ask1: 100.26000000 Bid1:100.25000000 Ask2:100.2010 Bid2:100.2000
11:19:56.558189> New Min DevSell: 0.00000000 GapSell:-0.04900000 avgGapSell:-0.04900000 deviationSell:0.00000000
11:19:56.558189> Ask1: 100.26000000 Bid1:100.25000000 Ask2:100.2010 Bid2:100.2000
11:19:56.573784> New Max DevBuy: 0.00000000 GapBuy:-0.06000000 avgGapBuy:-0.06000000 deviationBuy:0.00000000
11:19:56.573784> Ask1: 100.26000000 Bid1:100.25000000 Ask2:100.2010 Bid2:100.2000
11:19:56.573784> New Min DevSell: 0.00000000 GapSell:-0.04900000 avgGapSell:-0.04900000 deviationSell:0.00000000
11:19:56.573784> Ask1: 100.26000000 Bid1:100.25000000 Ask2:100.2010 Bid2:100.2000
11:19:56.589402> New Max DevBuy: 0.00500000 GapBuy:-0.05000000 avgGapBuy:-0.05500000 deviationBuy:0.00500000
11:19:56.589402> Ask1: 100.25000000 Bid1:100.24000000 Ask2:100.2010 Bid2:100.2000
11:19:56.589402> New Min DevSell: 0.01000000 GapSell:-0.03900000 avgGapSell:-0.04900000 deviationSell:0.01000000
11:19:56.589402> Ask1: 100.25000000 Bid1:100.24000000 Ask2:100.2010 Bid2:100.2000
11:19:56.964417> New Max DevBuy: 0.0093333333333333333333333333 GapBuy:-0.04100000 avgGapBuy:-0.0503333333333333333333333333 deviationBuy:0.0093333333333333333333333333
11:19:56.964417> Ask1: 100.25000000 Bid1:100.24000000 Ask2:100.2100 Bid2:100.2090
11:20:01.105084> New Min DevSell: 0.00900000 GapSell:-0.04000000 avgGapSell:-0.04900000 deviationSell:0.00900000
11:20:01.105084> Ask1: 100.24000000 Bid1:100.23000000 Ask2:100.1900 Bid2:100.1890
11:20:01.214449> New Min DevSell: 0.00800000 GapSell:-0.04100000 avgGapSell:-0.04900000 deviationSell:0.00800000
11:20:01.214449> Ask1: 100.24000000 Bid1:100.23000000 Ask2:100.1890 Bid2:100.1880
11:20:03.605059> New Min DevSell: -0.00100000 GapSell:-0.05000000 avgGapSell:-0.04900000 deviationSell:-0.00100000
11:20:03.605059> Ask1: 100.24000000 Bid1:100.23000000 Ask2:100.1800 Bid2:100.1790
11:20:06.105059> New Max DevBuy: 0.0093888888888888888888888889 GapBuy:-0.03900000 avgGapBuy:-0.0483888888888888888888888889 deviationBuy:0.0093888888888888888888888889
11:20:06.105059> Ask1: 100.21000000 Bid1:100.20000000 Ask2:100.1730 Bid2:100.1710
11:20:06.198798> New Max DevBuy: 0.0098421052631578947368421053 GapBuy:-0.03800000 avgGapBuy:-0.0478421052631578947368421053 deviationBuy:0.0098421052631578947368421053
11:20:06.198798> Ask1: 100.21000000 Bid1:100.20000000 Ask2:100.1730 Bid2:100.1720
11:20:06.308170> New Max DevBuy: 0.01125000 GapBuy:-0.03600000 avgGapBuy:-0.04725000 deviationBuy:0.01125000
11:20:06.308170> Ask1: 100.21000000 Bid1:100.20000000 Ask2:100.1750 Bid2:100.1740
11:20:10.683196> New Min DevSell: -0.01400000 GapSell:-0.06300000 avgGapSell:-0.04900000 deviationSell:-0.01400000
11:20:10.683196> Ask1: 100.19000000 Bid1:100.18000000 Ask2:100.1170 Bid2:100.1160
11:20:11.808220> New Max DevBuy: 0.0147297297297297297297297297 GapBuy:-0.03400000 avgGapBuy:-0.0487297297297297297297297297 deviationBuy:0.0147297297297297297297297297
11:20:11.808220> Ask1: 100.15000000 Bid1:100.14000000 Ask2:100.1170 Bid2:100.1160
11:20:30.339788> New Max DevBuy: 0.0226785714285714285714285714 GapBuy:-0.02600000 avgGapBuy:-0.0486785714285714285714285714 deviationBuy:0.0226785714285714285714285714
11:20:30.339788> Ask1: 100.15000000 Bid1:100.14000000 Ask2:100.1250 Bid2:100.1240
11:21:02.636724> New Max DevBuy: 0.0527142857142857142857142857 GapBuy:0.00600000 avgGapBuy:-0.0467142857142857142857142857 deviationBuy:0.0527142857142857142857142857
11:21:02.636724> Ask1: 100.17000000 Bid1:100.16000000 Ask2:100.1770 Bid2:100.1760
