19:22:27.238516> Lenta has started...Start SubscribeToTradeStream @trade [{accType}] process...
19:22:27.281526> WebSocket connected! Start [MARGIN] @depth@100ms process...
19:22:27.288527> WebSocket connected! Start Partial @depth10 [MARGIN] process...
19:22:27.537533> Lenta has started...Start SubscribeToAggTradeStream @aggTrade [future] process...
19:22:27.584536> WebSocket connected! Start Partial @depth10 [Future] process...
19:22:27.637540> New Max DevBuy: 0.00000000 GapBuy:-0.04300000 avgGapBuy:-0.04300000 deviationBuy:0.00000000
19:22:27.637540> Ask1: 100.20000000 Bid1:100.19000000 Ask2:100.1580 Bid2:100.1570
19:22:27.638543> New Min DevSell: 0.00000000 GapSell:-0.03200000 avgGapSell:-0.03200000 deviationSell:0.00000000
19:22:27.638543> Ask1: 100.20000000 Bid1:100.19000000 Ask2:100.1580 Bid2:100.1570
19:22:27.657542> WebSocket connected! Start [MARGIN] @depth@100ms process...
19:22:27.721545> Lenta has started...Start SubscribeToTradeStream @trade [{accType}] process...
19:22:27.753546> Binance - Vxxv1AWf[MARGIN] MARGIN Balance: 195.22909402 USDT
19:22:27.778549> WebSocket connected! Start Partial @depth10 [MARGIN] process...
19:22:28.036562> Binance - Vxxv1AWf[MARGIN] Api Error Code: -2010 Message: Account has insufficient balance for requested action.
19:22:28.037563> [1Leg]: Sell FAILED solusdt;Gap=0;Price=100.20000
19:22:28.038563> New Max DevBuy: 0.00000000 GapBuy:-0.04300000 avgGapBuy:-0.04300000 deviationBuy:0.00000000
19:22:28.038563> Ask1: 100.20000000 Bid1:100.19000000 Ask2:100.1580 Bid2:100.1570
19:22:28.038563> New Min DevSell: 0.00000000 GapSell:-0.03200000 avgGapSell:-0.03200000 deviationSell:0.00000000
19:22:28.038563> Ask1: 100.20000000 Bid1:100.19000000 Ask2:100.1580 Bid2:100.1570
19:22:28.040562> New Max DevBuy: 0.00000000 GapBuy:-0.04300000 avgGapBuy:-0.04300000 deviationBuy:0.00000000
19:22:28.040562> Ask1: 100.20000000 Bid1:100.19000000 Ask2:100.1580 Bid2:100.1570
19:22:28.040562> New Min DevSell: 0.00000000 GapSell:-0.03200000 avgGapSell:-0.03200000 deviationSell:0.00000000
19:22:28.040562> Ask1: 100.20000000 Bid1:100.19000000 Ask2:100.1580 Bid2:100.1570
19:22:28.041562> New Max DevBuy: 0.00000000 GapBuy:-0.04300000 avgGapBuy:-0.04300000 deviationBuy:0.00000000
19:22:28.041562> Ask1: 100.20000000 Bid1:100.19000000 Ask2:100.1580 Bid2:100.1570
19:22:28.041562> New Min DevSell: 0.00000000 GapSell:-0.03200000 avgGapSell:-0.03200000 deviationSell:0.00000000
19:22:28.041562> Ask1: 100.20000000 Bid1:100.19000000 Ask2:100.1580 Bid2:100.1570
19:22:28.043562> New Max DevBuy: 0.00000000 GapBuy:-0.04300000 avgGapBuy:-0.04300000 deviationBuy:0.00000000
19:22:28.043562> Ask1: 100.20000000 Bid1:100.19000000 Ask2:100.1580 Bid2:100.1570
19:22:28.043562> New Min DevSell: 0.00000000 GapSell:-0.03200000 avgGapSell:-0.03200000 deviationSell:0.00000000
19:22:28.043562> Ask1: 100.20000000 Bid1:100.19000000 Ask2:100.1580 Bid2:100.1570
19:22:28.046562> New Max DevBuy: 0.00000000 GapBuy:-0.04300000 avgGapBuy:-0.04300000 deviationBuy:0.00000000
19:22:28.046562> Ask1: 100.20000000 Bid1:100.19000000 Ask2:100.1580 Bid2:100.1570
19:22:28.047564> New Min DevSell: 0.00000000 GapSell:-0.03200000 avgGapSell:-0.03200000 deviationSell:0.00000000
19:22:28.047564> Ask1: 100.20000000 Bid1:100.19000000 Ask2:100.1580 Bid2:100.1570
19:22:28.049563> New Max DevBuy: 0.00000000 GapBuy:-0.04300000 avgGapBuy:-0.04300000 deviationBuy:0.00000000
19:22:28.050563> Ask1: 100.20000000 Bid1:100.19000000 Ask2:100.1580 Bid2:100.1570
19:22:28.050563> New Min DevSell: 0.00000000 GapSell:-0.03200000 avgGapSell:-0.03200000 deviationSell:0.00000000
19:22:28.050563> Ask1: 100.20000000 Bid1:100.19000000 Ask2:100.1580 Bid2:100.1570
19:22:28.052559> New Max DevBuy: 0.00000000 GapBuy:-0.04300000 avgGapBuy:-0.04300000 deviationBuy:0.00000000
19:22:28.052559> Ask1: 100.20000000 Bid1:100.19000000 Ask2:100.1580 Bid2:100.1570
19:22:28.052559> New Min DevSell: 0.00000000 GapSell:-0.03200000 avgGapSell:-0.03200000 deviationSell:0.00000000
19:22:28.052559> Ask1: 100.20000000 Bid1:100.19000000 Ask2:100.1580 Bid2:100.1570
19:22:28.053572> New Max DevBuy: 0.00000000 GapBuy:-0.04300000 avgGapBuy:-0.04300000 deviationBuy:0.00000000
19:22:28.053572> Ask1: 100.20000000 Bid1:100.19000000 Ask2:100.1580 Bid2:100.1570
19:22:28.053572> New Min DevSell: 0.00000000 GapSell:-0.03200000 avgGapSell:-0.03200000 deviationSell:0.00000000
19:22:28.053572> Ask1: 100.20000000 Bid1:100.19000000 Ask2:100.1580 Bid2:100.1570
19:22:28.055560> New Max DevBuy: 0.00000000 GapBuy:-0.04300000 avgGapBuy:-0.04300000 deviationBuy:0.00000000
19:22:28.055560> Ask1: 100.20000000 Bid1:100.19000000 Ask2:100.1580 Bid2:100.1570
19:22:28.055560> New Min DevSell: 0.00000000 GapSell:-0.03200000 avgGapSell:-0.03200000 deviationSell:0.00000000
19:22:28.055560> Ask1: 100.20000000 Bid1:100.19000000 Ask2:100.1580 Bid2:100.1570
19:22:28.056560> New Max DevBuy: 0.00000000 GapBuy:-0.04300000 avgGapBuy:-0.04300000 deviationBuy:0.00000000
19:22:28.056560> Ask1: 100.20000000 Bid1:100.19000000 Ask2:100.1580 Bid2:100.1570
19:22:28.056560> New Min DevSell: 0.00000000 GapSell:-0.03200000 avgGapSell:-0.03200000 deviationSell:0.00000000
19:22:28.056560> Ask1: 100.20000000 Bid1:100.19000000 Ask2:100.1580 Bid2:100.1570
19:22:28.058560> New Max DevBuy: 0.00000000 GapBuy:-0.04300000 avgGapBuy:-0.04300000 deviationBuy:0.00000000
19:22:28.058560> Ask1: 100.20000000 Bid1:100.19000000 Ask2:100.1580 Bid2:100.1570
19:22:28.058560> New Min DevSell: 0.00000000 GapSell:-0.03200000 avgGapSell:-0.03200000 deviationSell:0.00000000
19:22:28.058560> Ask1: 100.20000000 Bid1:100.19000000 Ask2:100.1580 Bid2:100.1570
19:22:28.059561> New Max DevBuy: 0.00000000 GapBuy:-0.04300000 avgGapBuy:-0.04300000 deviationBuy:0.00000000
19:22:28.059561> Ask1: 100.20000000 Bid1:100.19000000 Ask2:100.1580 Bid2:100.1570
19:22:28.059561> New Min DevSell: 0.00000000 GapSell:-0.03200000 avgGapSell:-0.03200000 deviationSell:0.00000000
19:22:28.059561> Ask1: 100.20000000 Bid1:100.19000000 Ask2:100.1580 Bid2:100.1570
19:22:28.061560> New Max DevBuy: 0.00000000 GapBuy:-0.04300000 avgGapBuy:-0.04300000 deviationBuy:0.00000000
19:22:28.061560> Ask1: 100.20000000 Bid1:100.19000000 Ask2:100.1580 Bid2:100.1570
19:22:28.061560> New Min DevSell: 0.00000000 GapSell:-0.03200000 avgGapSell:-0.03200000 deviationSell:0.00000000
19:22:28.061560> Ask1: 100.20000000 Bid1:100.19000000 Ask2:100.1580 Bid2:100.1570
19:22:28.062562> New Max DevBuy: 0.00000000 GapBuy:-0.04300000 avgGapBuy:-0.04300000 deviationBuy:0.00000000
19:22:28.062562> Ask1: 100.20000000 Bid1:100.19000000 Ask2:100.1580 Bid2:100.1570
19:22:28.062562> New Min DevSell: 0.00000000 GapSell:-0.03200000 avgGapSell:-0.03200000 deviationSell:0.00000000
19:22:28.062562> Ask1: 100.20000000 Bid1:100.19000000 Ask2:100.1580 Bid2:100.1570
19:22:28.064560> New Max DevBuy: 0.00000000 GapBuy:-0.04300000 avgGapBuy:-0.04300000 deviationBuy:0.00000000
19:22:28.064560> Ask1: 100.20000000 Bid1:100.19000000 Ask2:100.1580 Bid2:100.1570
19:22:28.064560> New Min DevSell: 0.00000000 GapSell:-0.03200000 avgGapSell:-0.03200000 deviationSell:0.00000000
19:22:28.064560> Ask1: 100.20000000 Bid1:100.19000000 Ask2:100.1580 Bid2:100.1570
19:22:28.065560> New Max DevBuy: 0.00000000 GapBuy:-0.04300000 avgGapBuy:-0.04300000 deviationBuy:0.00000000
19:22:28.065560> Ask1: 100.20000000 Bid1:100.19000000 Ask2:100.1580 Bid2:100.1570
19:22:28.065560> New Min DevSell: 0.00000000 GapSell:-0.03200000 avgGapSell:-0.03200000 deviationSell:0.00000000
19:22:28.065560> Ask1: 100.20000000 Bid1:100.19000000 Ask2:100.1580 Bid2:100.1570
19:22:28.067560> New Max DevBuy: 0.00000000 GapBuy:-0.04300000 avgGapBuy:-0.04300000 deviationBuy:0.00000000
19:22:28.067560> Ask1: 100.20000000 Bid1:100.19000000 Ask2:100.1580 Bid2:100.1570
19:22:28.067560> New Min DevSell: 0.00000000 GapSell:-0.03200000 avgGapSell:-0.03200000 deviationSell:0.00000000
19:22:28.067560> Ask1: 100.20000000 Bid1:100.19000000 Ask2:100.1580 Bid2:100.1570
19:22:28.068561> New Max DevBuy: 0.00000000 GapBuy:-0.04300000 avgGapBuy:-0.04300000 deviationBuy:0.00000000
19:22:28.068561> Ask1: 100.20000000 Bid1:100.19000000 Ask2:100.1580 Bid2:100.1570
19:22:28.068561> New Min DevSell: 0.00000000 GapSell:-0.03200000 avgGapSell:-0.03200000 deviationSell:0.00000000
19:22:28.068561> Ask1: 100.20000000 Bid1:100.19000000 Ask2:100.1580 Bid2:100.1570
19:22:28.070563> New Max DevBuy: 0.00000000 GapBuy:-0.04300000 avgGapBuy:-0.04300000 deviationBuy:0.00000000
19:22:28.070563> Ask1: 100.20000000 Bid1:100.19000000 Ask2:100.1580 Bid2:100.1570
19:22:28.070563> New Min DevSell: 0.00000000 GapSell:-0.03200000 avgGapSell:-0.03200000 deviationSell:0.00000000
19:22:28.070563> Ask1: 100.20000000 Bid1:100.19000000 Ask2:100.1580 Bid2:100.1570
19:22:28.078562> New Max DevBuy: 0.00000000 GapBuy:-0.04300000 avgGapBuy:-0.04300000 deviationBuy:0.00000000
19:22:28.078562> Ask1: 100.20000000 Bid1:100.19000000 Ask2:100.1580 Bid2:100.1570
19:22:28.079565> New Min DevSell: 0.00000000 GapSell:-0.03200000 avgGapSell:-0.03200000 deviationSell:0.00000000
19:22:28.079565> Ask1: 100.20000000 Bid1:100.19000000 Ask2:100.1580 Bid2:100.1570
19:22:28.081562> New Max DevBuy: 0.00000000 GapBuy:-0.04300000 avgGapBuy:-0.04300000 deviationBuy:0.00000000
19:22:28.081562> Ask1: 100.20000000 Bid1:100.19000000 Ask2:100.1580 Bid2:100.1570
19:22:28.081562> New Min DevSell: 0.00000000 GapSell:-0.03200000 avgGapSell:-0.03200000 deviationSell:0.00000000
19:22:28.081562> Ask1: 100.20000000 Bid1:100.19000000 Ask2:100.1580 Bid2:100.1570
19:22:28.111566> New Max DevBuy: 0.00000000 GapBuy:-0.04300000 avgGapBuy:-0.04300000 deviationBuy:0.00000000
19:22:28.111566> Ask1: 100.20000000 Bid1:100.19000000 Ask2:100.1580 Bid2:100.1570
19:22:28.111566> New Min DevSell: 0.00000000 GapSell:-0.03200000 avgGapSell:-0.03200000 deviationSell:0.00000000
19:22:28.112565> Ask1: 100.20000000 Bid1:100.19000000 Ask2:100.1580 Bid2:100.1570
19:22:28.113566> New Max DevBuy: 0.00000000 GapBuy:-0.04300000 avgGapBuy:-0.04300000 deviationBuy:0.00000000
19:22:28.113566> Ask1: 100.20000000 Bid1:100.19000000 Ask2:100.1580 Bid2:100.1570
19:22:28.113566> New Min DevSell: 0.00000000 GapSell:-0.03200000 avgGapSell:-0.03200000 deviationSell:0.00000000
19:22:28.113566> Ask1: 100.20000000 Bid1:100.19000000 Ask2:100.1580 Bid2:100.1570
19:22:28.114566> New Max DevBuy: 0.00000000 GapBuy:-0.04300000 avgGapBuy:-0.04300000 deviationBuy:0.00000000
19:22:28.114566> Ask1: 100.20000000 Bid1:100.19000000 Ask2:100.1580 Bid2:100.1570
19:22:28.114566> New Min DevSell: 0.00000000 GapSell:-0.03200000 avgGapSell:-0.03200000 deviationSell:0.00000000
19:22:28.114566> Ask1: 100.20000000 Bid1:100.19000000 Ask2:100.1580 Bid2:100.1570
19:22:28.121567> New Max DevBuy: 0.00000000 GapBuy:-0.04300000 avgGapBuy:-0.04300000 deviationBuy:0.00000000
19:22:28.121567> Ask1: 100.20000000 Bid1:100.19000000 Ask2:100.1580 Bid2:100.1570
19:22:28.121567> New Min DevSell: 0.00000000 GapSell:-0.03200000 avgGapSell:-0.03200000 deviationSell:0.00000000
19:22:28.122567> Ask1: 100.20000000 Bid1:100.19000000 Ask2:100.1580 Bid2:100.1570
19:22:28.124567> New Max DevBuy: 0.00000000 GapBuy:-0.04300000 avgGapBuy:-0.04300000 deviationBuy:0.00000000
19:22:28.124567> Ask1: 100.20000000 Bid1:100.19000000 Ask2:100.1580 Bid2:100.1570
19:22:28.124567> New Min DevSell: 0.00000000 GapSell:-0.03200000 avgGapSell:-0.03200000 deviationSell:0.00000000
19:22:28.124567> Ask1: 100.20000000 Bid1:100.19000000 Ask2:100.1580 Bid2:100.1570
19:22:28.127567> New Max DevBuy: 0.00000000 GapBuy:-0.04300000 avgGapBuy:-0.04300000 deviationBuy:0.00000000
19:22:28.127567> Ask1: 100.20000000 Bid1:100.19000000 Ask2:100.1580 Bid2:100.1570
19:22:28.127567> New Min DevSell: 0.00000000 GapSell:-0.03200000 avgGapSell:-0.03200000 deviationSell:0.00000000
19:22:28.127567> Ask1: 100.20000000 Bid1:100.19000000 Ask2:100.1580 Bid2:100.1570
19:22:28.128568> New Max DevBuy: 0.00000000 GapBuy:-0.04300000 avgGapBuy:-0.04300000 deviationBuy:0.00000000
19:22:28.128568> Ask1: 100.20000000 Bid1:100.19000000 Ask2:100.1580 Bid2:100.1570
19:22:28.128568> New Min DevSell: 0.00000000 GapSell:-0.03200000 avgGapSell:-0.03200000 deviationSell:0.00000000
19:22:28.128568> Ask1: 100.20000000 Bid1:100.19000000 Ask2:100.1580 Bid2:100.1570
19:22:28.129568> New Max DevBuy: 0.00000000 GapBuy:-0.04300000 avgGapBuy:-0.04300000 deviationBuy:0.00000000
19:22:28.129568> Ask1: 100.20000000 Bid1:100.19000000 Ask2:100.1580 Bid2:100.1570
19:22:28.129568> New Min DevSell: 0.00000000 GapSell:-0.03200000 avgGapSell:-0.03200000 deviationSell:0.00000000
19:22:28.129568> Ask1: 100.20000000 Bid1:100.19000000 Ask2:100.1580 Bid2:100.1570
19:22:28.131567> New Max DevBuy: 0.00000000 GapBuy:-0.04300000 avgGapBuy:-0.04300000 deviationBuy:0.00000000
19:22:28.131567> Ask1: 100.20000000 Bid1:100.19000000 Ask2:100.1580 Bid2:100.1570
19:22:28.131567> New Min DevSell: 0.00000000 GapSell:-0.03200000 avgGapSell:-0.03200000 deviationSell:0.00000000
19:22:28.131567> Ask1: 100.20000000 Bid1:100.19000000 Ask2:100.1580 Bid2:100.1570
19:22:28.132568> New Max DevBuy: 0.00000000 GapBuy:-0.04300000 avgGapBuy:-0.04300000 deviationBuy:0.00000000
19:22:28.132568> Ask1: 100.20000000 Bid1:100.19000000 Ask2:100.1580 Bid2:100.1570
19:22:28.134568> New Min DevSell: 0.00000000 GapSell:-0.03200000 avgGapSell:-0.03200000 deviationSell:0.00000000
19:22:28.134568> Ask1: 100.20000000 Bid1:100.19000000 Ask2:100.1580 Bid2:100.1570
19:22:28.135568> New Max DevBuy: 0.00000000 GapBuy:-0.04300000 avgGapBuy:-0.04300000 deviationBuy:0.00000000
19:22:28.135568> Ask1: 100.20000000 Bid1:100.19000000 Ask2:100.1580 Bid2:100.1570
19:22:28.136567> New Min DevSell: 0.00000000 GapSell:-0.03200000 avgGapSell:-0.03200000 deviationSell:0.00000000
19:22:28.137569> Ask1: 100.20000000 Bid1:100.19000000 Ask2:100.1580 Bid2:100.1570
19:22:28.161569> New Max DevBuy: 0.00000000 GapBuy:-0.04300000 avgGapBuy:-0.04300000 deviationBuy:0.00000000
19:22:28.161569> Ask1: 100.20000000 Bid1:100.19000000 Ask2:100.1580 Bid2:100.1570
19:22:28.161569> New Min DevSell: 0.00000000 GapSell:-0.03200000 avgGapSell:-0.03200000 deviationSell:0.00000000
19:22:28.162569> Ask1: 100.20000000 Bid1:100.19000000 Ask2:100.1580 Bid2:100.1570
19:22:28.163570> New Max DevBuy: 0.00000000 GapBuy:-0.04300000 avgGapBuy:-0.04300000 deviationBuy:0.00000000
19:22:28.163570> Ask1: 100.20000000 Bid1:100.19000000 Ask2:100.1580 Bid2:100.1570
19:22:28.163570> New Min DevSell: 0.00000000 GapSell:-0.03200000 avgGapSell:-0.03200000 deviationSell:0.00000000
19:22:28.163570> Ask1: 100.20000000 Bid1:100.19000000 Ask2:100.1580 Bid2:100.1570
19:22:28.166569> New Max DevBuy: 0.00000000 GapBuy:-0.04300000 avgGapBuy:-0.04300000 deviationBuy:0.00000000
19:22:28.166569> Ask1: 100.20000000 Bid1:100.19000000 Ask2:100.1580 Bid2:100.1570
19:22:28.166569> New Min DevSell: 0.00000000 GapSell:-0.03200000 avgGapSell:-0.03200000 deviationSell:0.00000000
19:22:28.166569> Ask1: 100.20000000 Bid1:100.19000000 Ask2:100.1580 Bid2:100.1570
19:22:28.167569> New Max DevBuy: 0.00000000 GapBuy:-0.04300000 avgGapBuy:-0.04300000 deviationBuy:0.00000000
19:22:28.168569> Ask1: 100.20000000 Bid1:100.19000000 Ask2:100.1580 Bid2:100.1570
19:22:28.168569> New Min DevSell: 0.00000000 GapSell:-0.03200000 avgGapSell:-0.03200000 deviationSell:0.00000000
19:22:28.168569> Ask1: 100.20000000 Bid1:100.19000000 Ask2:100.1580 Bid2:100.1570
19:22:28.169571> New Max DevBuy: 0.00000000 GapBuy:-0.04300000 avgGapBuy:-0.04300000 deviationBuy:0.00000000
19:22:28.169571> Ask1: 100.20000000 Bid1:100.19000000 Ask2:100.1580 Bid2:100.1570
19:22:28.169571> New Min DevSell: 0.00000000 GapSell:-0.03200000 avgGapSell:-0.03200000 deviationSell:0.00000000
19:22:28.169571> Ask1: 100.20000000 Bid1:100.19000000 Ask2:100.1580 Bid2:100.1570
19:22:28.176570> New Max DevBuy: 0.00000000 GapBuy:-0.04300000 avgGapBuy:-0.04300000 deviationBuy:0.00000000
19:22:28.176570> Ask1: 100.20000000 Bid1:100.19000000 Ask2:100.1580 Bid2:100.1570
19:22:28.177570> New Min DevSell: 0.00000000 GapSell:-0.03200000 avgGapSell:-0.03200000 deviationSell:0.00000000
19:22:28.177570> Ask1: 100.20000000 Bid1:100.19000000 Ask2:100.1580 Bid2:100.1570
19:22:28.178570> New Max DevBuy: 0.00000000 GapBuy:-0.04300000 avgGapBuy:-0.04300000 deviationBuy:0.00000000
19:22:28.179569> Ask1: 100.20000000 Bid1:100.19000000 Ask2:100.1580 Bid2:100.1570
19:22:28.179569> New Min DevSell: 0.00000000 GapSell:-0.03200000 avgGapSell:-0.03200000 deviationSell:0.00000000
19:22:28.179569> Ask1: 100.20000000 Bid1:100.19000000 Ask2:100.1580 Bid2:100.1570
19:22:28.182570> New Max DevBuy: 0.00000000 GapBuy:-0.04300000 avgGapBuy:-0.04300000 deviationBuy:0.00000000
19:22:28.183569> Ask1: 100.20000000 Bid1:100.19000000 Ask2:100.1580 Bid2:100.1570
19:22:28.183569> New Min DevSell: 0.00000000 GapSell:-0.03200000 avgGapSell:-0.03200000 deviationSell:0.00000000
19:22:28.183569> Ask1: 100.20000000 Bid1:100.19000000 Ask2:100.1580 Bid2:100.1570
19:22:28.184577> New Max DevBuy: 0.00000000 GapBuy:-0.04300000 avgGapBuy:-0.04300000 deviationBuy:0.00000000
19:22:28.184577> Ask1: 100.20000000 Bid1:100.19000000 Ask2:100.1580 Bid2:100.1570
19:22:28.184577> New Min DevSell: 0.00000000 GapSell:-0.03200000 avgGapSell:-0.03200000 deviationSell:0.00000000
19:22:28.184577> Ask1: 100.20000000 Bid1:100.19000000 Ask2:100.1580 Bid2:100.1570
19:22:28.187570> New Max DevBuy: 0.00000000 GapBuy:-0.04300000 avgGapBuy:-0.04300000 deviationBuy:0.00000000
19:22:28.187570> Ask1: 100.20000000 Bid1:100.19000000 Ask2:100.1580 Bid2:100.1570
19:22:28.187570> New Min DevSell: 0.00000000 GapSell:-0.03200000 avgGapSell:-0.03200000 deviationSell:0.00000000
19:22:28.187570> Ask1: 100.20000000 Bid1:100.19000000 Ask2:100.1580 Bid2:100.1570
19:22:28.188572> New Max DevBuy: 0.00000000 GapBuy:-0.04300000 avgGapBuy:-0.04300000 deviationBuy:0.00000000
19:22:28.188572> Ask1: 100.20000000 Bid1:100.19000000 Ask2:100.1580 Bid2:100.1570
19:22:28.188572> New Min DevSell: 0.00000000 GapSell:-0.03200000 avgGapSell:-0.03200000 deviationSell:0.00000000
19:22:28.188572> Ask1: 100.20000000 Bid1:100.19000000 Ask2:100.1580 Bid2:100.1570
19:22:28.193570> New Max DevBuy: 0.00000000 GapBuy:-0.04300000 avgGapBuy:-0.04300000 deviationBuy:0.00000000
19:22:28.193570> Ask1: 100.20000000 Bid1:100.19000000 Ask2:100.1580 Bid2:100.1570
19:22:28.194570> New Min DevSell: 0.00000000 GapSell:-0.03200000 avgGapSell:-0.03200000 deviationSell:0.00000000
19:22:28.194570> Ask1: 100.20000000 Bid1:100.19000000 Ask2:100.1580 Bid2:100.1570
19:22:28.195571> New Max DevBuy: 0.00000000 GapBuy:-0.04300000 avgGapBuy:-0.04300000 deviationBuy:0.00000000
19:22:28.195571> Ask1: 100.20000000 Bid1:100.19000000 Ask2:100.1580 Bid2:100.1570
19:22:28.195571> New Min DevSell: 0.00000000 GapSell:-0.03200000 avgGapSell:-0.03200000 deviationSell:0.00000000
19:22:28.195571> Ask1: 100.20000000 Bid1:100.19000000 Ask2:100.1580 Bid2:100.1570
19:22:28.197571> New Max DevBuy: 0.00000000 GapBuy:-0.04300000 avgGapBuy:-0.04300000 deviationBuy:0.00000000
19:22:28.197571> Ask1: 100.20000000 Bid1:100.19000000 Ask2:100.1580 Bid2:100.1570
19:22:28.197571> New Min DevSell: 0.00000000 GapSell:-0.03200000 avgGapSell:-0.03200000 deviationSell:0.00000000
19:22:28.197571> Ask1: 100.20000000 Bid1:100.19000000 Ask2:100.1580 Bid2:100.1570
19:22:28.199573> New Max DevBuy: 0.00000000 GapBuy:-0.04300000 avgGapBuy:-0.04300000 deviationBuy:0.00000000
19:22:28.199573> Ask1: 100.20000000 Bid1:100.19000000 Ask2:100.1580 Bid2:100.1570
19:22:28.199573> New Min DevSell: 0.00000000 GapSell:-0.03200000 avgGapSell:-0.03200000 deviationSell:0.00000000
19:22:28.199573> Ask1: 100.20000000 Bid1:100.19000000 Ask2:100.1580 Bid2:100.1570
19:22:28.201571> New Max DevBuy: 0.00000000 GapBuy:-0.04300000 avgGapBuy:-0.04300000 deviationBuy:0.00000000
19:22:28.201571> Ask1: 100.20000000 Bid1:100.19000000 Ask2:100.1580 Bid2:100.1570
19:22:28.201571> New Min DevSell: 0.00000000 GapSell:-0.03200000 avgGapSell:-0.03200000 deviationSell:0.00000000
19:22:28.201571> Ask1: 100.20000000 Bid1:100.19000000 Ask2:100.1580 Bid2:100.1570
19:22:28.202572> New Max DevBuy: 0.00000000 GapBuy:-0.04300000 avgGapBuy:-0.04300000 deviationBuy:0.00000000
19:22:28.202572> Ask1: 100.20000000 Bid1:100.19000000 Ask2:100.1580 Bid2:100.1570
19:22:28.202572> New Min DevSell: 0.00000000 GapSell:-0.03200000 avgGapSell:-0.03200000 deviationSell:0.00000000
19:22:28.202572> Ask1: 100.20000000 Bid1:100.19000000 Ask2:100.1580 Bid2:100.1570
19:22:28.204571> New Max DevBuy: 0.01000000 GapBuy:-0.02300000 avgGapBuy:-0.03300000 deviationBuy:0.01000000
19:22:28.204571> Ask1: 100.18000000 Bid1:100.17000000 Ask2:100.1580 Bid2:100.1570
19:22:28.204571> New Min DevSell: 0.02000000 GapSell:-0.01200000 avgGapSell:-0.03200000 deviationSell:0.02000000
19:22:28.204571> Ask1: 100.18000000 Bid1:100.17000000 Ask2:100.1580 Bid2:100.1570
19:22:28.246574> New Min DevSell: 0.01000000 GapSell:-0.02200000 avgGapSell:-0.03200000 deviationSell:0.01000000
19:22:28.247576> Ask1: 100.18000000 Bid1:100.17000000 Ask2:100.1480 Bid2:100.1470
19:22:28.401591> Lenta has started...Start SubscribeToAggTradeStream @aggTrade [future] process...
19:22:28.405581> WebSocket connected! Start Partial @depth10 [Future] process...
19:22:29.058620> New Min DevSell: 0.00800000 GapSell:-0.02400000 avgGapSell:-0.03200000 deviationSell:0.00800000
19:22:29.058620> Ask1: 100.17000000 Bid1:100.16000000 Ask2:100.1360 Bid2:100.1350
19:22:30.026674> BinanceFuture - Vxxv1AWf[USD_M] USD_M Balance: 69.44887885 USDT
19:22:31.748053> New Min DevSell: 0.00700000 GapSell:-0.02500000 avgGapSell:-0.03200000 deviationSell:0.00700000
19:22:31.748053> Ask1: 100.17000000 Bid1:100.16000000 Ask2:100.1350 Bid2:100.1340
19:22:31.958075> New Min DevSell: 0.00500000 GapSell:-0.02700000 avgGapSell:-0.03200000 deviationSell:0.00500000
19:22:31.958075> Ask1: 100.17000000 Bid1:100.16000000 Ask2:100.1330 Bid2:100.1320
19:22:32.723105> New Min DevSell: 0.00200000 GapSell:-0.03000000 avgGapSell:-0.03200000 deviationSell:0.00200000
19:22:32.723105> Ask1: 100.17000000 Bid1:100.16000000 Ask2:100.1300 Bid2:100.1290
19:22:33.522151> New Min DevSell: -0.00200000 GapSell:-0.03400000 avgGapSell:-0.03200000 deviationSell:-0.00200000
19:22:33.522151> Ask1: 100.17000000 Bid1:100.16000000 Ask2:100.1260 Bid2:100.1250
