19:16:12.191141> WebSocket connected! Start Partial @depth10 [MARGIN] process...
19:16:12.204123> Lenta has started...Start SubscribeToTradeStream @trade [{accType}] process...
19:16:12.281128> WebSocket connected! Start [MARGIN] @depth@100ms process...
19:16:12.431136> Lenta has started...Start SubscribeToAggTradeStream @aggTrade [future] process...
19:16:12.437136> WebSocket connected! Start Partial @depth10 [Future] process...
19:16:12.438138> Binance - Vxxv1AWf[MARGIN] MARGIN Balance: 195.23014516 USDT
19:16:12.509141> New Max DevBuy: 0.00000000 GapBuy:-0.03000000 avgGapBuy:-0.03000000 deviationBuy:0.00000000
19:16:12.509141> Ask1: 100.53000000 Bid1:100.52000000 Ask2:100.5010 Bid2:100.5000
19:16:12.510140> New Min DevSell: 0.00000000 GapSell:-0.01900000 avgGapSell:-0.01900000 deviationSell:0.00000000
19:16:12.510140> Ask1: 100.53000000 Bid1:100.52000000 Ask2:100.5010 Bid2:100.5000
19:16:12.511141> New Max DevBuy: 0.00000000 GapBuy:-0.03000000 avgGapBuy:-0.03000000 deviationBuy:0.00000000
19:16:12.518141> Ask1: 100.53000000 Bid1:100.52000000 Ask2:100.5010 Bid2:100.5000
19:16:12.519142> New Min DevSell: 0.00000000 GapSell:-0.01900000 avgGapSell:-0.01900000 deviationSell:0.00000000
19:16:12.519142> Ask1: 100.53000000 Bid1:100.52000000 Ask2:100.5010 Bid2:100.5000
19:16:12.520142> New Max DevBuy: 0.00000000 GapBuy:-0.03000000 avgGapBuy:-0.03000000 deviationBuy:0.00000000
19:16:12.520142> Ask1: 100.53000000 Bid1:100.52000000 Ask2:100.5010 Bid2:100.5000
19:16:12.520142> New Min DevSell: 0.00000000 GapSell:-0.01900000 avgGapSell:-0.01900000 deviationSell:0.00000000
19:16:12.521144> Ask1: 100.53000000 Bid1:100.52000000 Ask2:100.5010 Bid2:100.5000
19:16:12.523141> New Max DevBuy: 0.00000000 GapBuy:-0.03000000 avgGapBuy:-0.03000000 deviationBuy:0.00000000
19:16:12.523141> Ask1: 100.53000000 Bid1:100.52000000 Ask2:100.5010 Bid2:100.5000
19:16:12.523141> New Min DevSell: 0.00000000 GapSell:-0.01900000 avgGapSell:-0.01900000 deviationSell:0.00000000
19:16:12.524143> Ask1: 100.53000000 Bid1:100.52000000 Ask2:100.5010 Bid2:100.5000
19:16:12.526141> New Max DevBuy: 0.00000000 GapBuy:-0.03000000 avgGapBuy:-0.03000000 deviationBuy:0.00000000
19:16:12.526141> Ask1: 100.53000000 Bid1:100.52000000 Ask2:100.5010 Bid2:100.5000
19:16:12.526141> New Min DevSell: 0.00000000 GapSell:-0.01900000 avgGapSell:-0.01900000 deviationSell:0.00000000
19:16:12.527142> Ask1: 100.53000000 Bid1:100.52000000 Ask2:100.5010 Bid2:100.5000
19:16:12.528145> New Max DevBuy: 0.00000000 GapBuy:-0.03000000 avgGapBuy:-0.03000000 deviationBuy:0.00000000
19:16:12.528145> Ask1: 100.53000000 Bid1:100.52000000 Ask2:100.5010 Bid2:100.5000
19:16:12.528145> New Min DevSell: 0.00000000 GapSell:-0.01900000 avgGapSell:-0.01900000 deviationSell:0.00000000
19:16:12.528145> Ask1: 100.53000000 Bid1:100.52000000 Ask2:100.5010 Bid2:100.5000
19:16:12.531143> New Max DevBuy: 0.00000000 GapBuy:-0.03000000 avgGapBuy:-0.03000000 deviationBuy:0.00000000
19:16:12.531143> Ask1: 100.53000000 Bid1:100.52000000 Ask2:100.5010 Bid2:100.5000
19:16:12.531143> New Min DevSell: 0.00000000 GapSell:-0.01900000 avgGapSell:-0.01900000 deviationSell:0.00000000
19:16:12.531143> Ask1: 100.53000000 Bid1:100.52000000 Ask2:100.5010 Bid2:100.5000
19:16:12.533142> New Max DevBuy: 0.00000000 GapBuy:-0.03000000 avgGapBuy:-0.03000000 deviationBuy:0.00000000
19:16:12.533142> Ask1: 100.53000000 Bid1:100.52000000 Ask2:100.5010 Bid2:100.5000
19:16:12.533142> New Min DevSell: 0.00000000 GapSell:-0.01900000 avgGapSell:-0.01900000 deviationSell:0.00000000
19:16:12.533142> Ask1: 100.53000000 Bid1:100.52000000 Ask2:100.5010 Bid2:100.5000
19:16:12.534143> New Max DevBuy: 0.00000000 GapBuy:-0.03000000 avgGapBuy:-0.03000000 deviationBuy:0.00000000
19:16:12.534143> Ask1: 100.53000000 Bid1:100.52000000 Ask2:100.5010 Bid2:100.5000
19:16:12.534143> New Min DevSell: 0.00000000 GapSell:-0.01900000 avgGapSell:-0.01900000 deviationSell:0.00000000
19:16:12.534143> Ask1: 100.53000000 Bid1:100.52000000 Ask2:100.5010 Bid2:100.5000
19:16:12.536142> New Max DevBuy: 0.00000000 GapBuy:-0.03000000 avgGapBuy:-0.03000000 deviationBuy:0.00000000
19:16:12.536142> Ask1: 100.53000000 Bid1:100.52000000 Ask2:100.5010 Bid2:100.5000
19:16:12.536142> New Min DevSell: 0.00000000 GapSell:-0.01900000 avgGapSell:-0.01900000 deviationSell:0.00000000
19:16:12.536142> Ask1: 100.53000000 Bid1:100.52000000 Ask2:100.5010 Bid2:100.5000
19:16:12.537142> New Max DevBuy: 0.00000000 GapBuy:-0.03000000 avgGapBuy:-0.03000000 deviationBuy:0.00000000
19:16:12.537142> Ask1: 100.53000000 Bid1:100.52000000 Ask2:100.5010 Bid2:100.5000
19:16:12.537142> New Min DevSell: 0.00000000 GapSell:-0.01900000 avgGapSell:-0.01900000 deviationSell:0.00000000
19:16:12.537142> Ask1: 100.53000000 Bid1:100.52000000 Ask2:100.5010 Bid2:100.5000
19:16:12.538142> New Max DevBuy: 0.00000000 GapBuy:-0.03000000 avgGapBuy:-0.03000000 deviationBuy:0.00000000
19:16:12.538142> Ask1: 100.53000000 Bid1:100.52000000 Ask2:100.5010 Bid2:100.5000
19:16:12.538142> New Min DevSell: 0.00000000 GapSell:-0.01900000 avgGapSell:-0.01900000 deviationSell:0.00000000
19:16:12.538142> Ask1: 100.53000000 Bid1:100.52000000 Ask2:100.5010 Bid2:100.5000
19:16:12.539143> New Max DevBuy: 0.00000000 GapBuy:-0.03000000 avgGapBuy:-0.03000000 deviationBuy:0.00000000
19:16:12.539143> Ask1: 100.53000000 Bid1:100.52000000 Ask2:100.5010 Bid2:100.5000
19:16:12.539143> New Min DevSell: 0.00000000 GapSell:-0.01900000 avgGapSell:-0.01900000 deviationSell:0.00000000
19:16:12.539143> Ask1: 100.53000000 Bid1:100.52000000 Ask2:100.5010 Bid2:100.5000
19:16:12.541142> New Max DevBuy: 0.00000000 GapBuy:-0.03000000 avgGapBuy:-0.03000000 deviationBuy:0.00000000
19:16:12.541142> Ask1: 100.53000000 Bid1:100.52000000 Ask2:100.5010 Bid2:100.5000
19:16:12.541142> New Min DevSell: 0.00000000 GapSell:-0.01900000 avgGapSell:-0.01900000 deviationSell:0.00000000
19:16:12.541142> Ask1: 100.53000000 Bid1:100.52000000 Ask2:100.5010 Bid2:100.5000
19:16:12.548143> New Max DevBuy: 0.00000000 GapBuy:-0.03000000 avgGapBuy:-0.03000000 deviationBuy:0.00000000
19:16:12.550142> Ask1: 100.53000000 Bid1:100.52000000 Ask2:100.5010 Bid2:100.5000
19:16:12.550142> New Min DevSell: 0.00000000 GapSell:-0.01900000 avgGapSell:-0.01900000 deviationSell:0.00000000
19:16:12.551143> Ask1: 100.53000000 Bid1:100.52000000 Ask2:100.5010 Bid2:100.5000
19:16:12.552143> New Max DevBuy: 0.00000000 GapBuy:-0.03000000 avgGapBuy:-0.03000000 deviationBuy:0.00000000
19:16:12.553142> Ask1: 100.53000000 Bid1:100.52000000 Ask2:100.5010 Bid2:100.5000
19:16:12.553142> New Min DevSell: 0.00000000 GapSell:-0.01900000 avgGapSell:-0.01900000 deviationSell:0.00000000
19:16:12.563143> Ask1: 100.53000000 Bid1:100.52000000 Ask2:100.5010 Bid2:100.5000
19:16:12.581144> WebSocket connected! Start [MARGIN] @depth@100ms process...
19:16:12.581144> Lenta has started...Start SubscribeToTradeStream @trade [{accType}] process...
19:16:12.582145> New Max DevBuy: 0.00000000 GapBuy:-0.03000000 avgGapBuy:-0.03000000 deviationBuy:0.00000000
19:16:12.582145> Ask1: 100.53000000 Bid1:100.52000000 Ask2:100.5010 Bid2:100.5000
19:16:12.582145> New Min DevSell: 0.00000000 GapSell:-0.01900000 avgGapSell:-0.01900000 deviationSell:0.00000000
19:16:12.583145> Ask1: 100.53000000 Bid1:100.52000000 Ask2:100.5010 Bid2:100.5000
19:16:12.584146> New Max DevBuy: 0.00000000 GapBuy:-0.03000000 avgGapBuy:-0.03000000 deviationBuy:0.00000000
19:16:12.584146> Ask1: 100.53000000 Bid1:100.52000000 Ask2:100.5010 Bid2:100.5000
19:16:12.584146> New Min DevSell: 0.00000000 GapSell:-0.01900000 avgGapSell:-0.01900000 deviationSell:0.00000000
19:16:12.584146> Ask1: 100.53000000 Bid1:100.52000000 Ask2:100.5010 Bid2:100.5000
19:16:12.586144> New Max DevBuy: 0.00000000 GapBuy:-0.03000000 avgGapBuy:-0.03000000 deviationBuy:0.00000000
19:16:12.586144> Ask1: 100.53000000 Bid1:100.52000000 Ask2:100.5010 Bid2:100.5000
19:16:12.586144> New Min DevSell: 0.00000000 GapSell:-0.01900000 avgGapSell:-0.01900000 deviationSell:0.00000000
19:16:12.586144> Ask1: 100.53000000 Bid1:100.52000000 Ask2:100.5010 Bid2:100.5000
19:16:12.587146> New Max DevBuy: 0.00000000 GapBuy:-0.03000000 avgGapBuy:-0.03000000 deviationBuy:0.00000000
19:16:12.587146> Ask1: 100.53000000 Bid1:100.52000000 Ask2:100.5010 Bid2:100.5000
19:16:12.587146> New Min DevSell: 0.00000000 GapSell:-0.01900000 avgGapSell:-0.01900000 deviationSell:0.00000000
19:16:12.587146> Ask1: 100.53000000 Bid1:100.52000000 Ask2:100.5010 Bid2:100.5000
19:16:12.589145> New Max DevBuy: 0.00000000 GapBuy:-0.03000000 avgGapBuy:-0.03000000 deviationBuy:0.00000000
19:16:12.589145> Ask1: 100.53000000 Bid1:100.52000000 Ask2:100.5010 Bid2:100.5000
19:16:12.589145> New Min DevSell: 0.00000000 GapSell:-0.01900000 avgGapSell:-0.01900000 deviationSell:0.00000000
19:16:12.589145> Ask1: 100.53000000 Bid1:100.52000000 Ask2:100.5010 Bid2:100.5000
19:16:12.590145> New Max DevBuy: 0.00000000 GapBuy:-0.03000000 avgGapBuy:-0.03000000 deviationBuy:0.00000000
19:16:12.590145> Ask1: 100.53000000 Bid1:100.52000000 Ask2:100.5010 Bid2:100.5000
19:16:12.590145> New Min DevSell: 0.00000000 GapSell:-0.01900000 avgGapSell:-0.01900000 deviationSell:0.00000000
19:16:12.590145> Ask1: 100.53000000 Bid1:100.52000000 Ask2:100.5010 Bid2:100.5000
19:16:12.592143> New Max DevBuy: 0.00000000 GapBuy:-0.03000000 avgGapBuy:-0.03000000 deviationBuy:0.00000000
19:16:12.592143> Ask1: 100.53000000 Bid1:100.52000000 Ask2:100.5010 Bid2:100.5000
19:16:12.592143> New Min DevSell: 0.00000000 GapSell:-0.01900000 avgGapSell:-0.01900000 deviationSell:0.00000000
19:16:12.592143> Ask1: 100.53000000 Bid1:100.52000000 Ask2:100.5010 Bid2:100.5000
19:16:12.593146> New Max DevBuy: 0.00000000 GapBuy:-0.03000000 avgGapBuy:-0.03000000 deviationBuy:0.00000000
19:16:12.593146> Ask1: 100.53000000 Bid1:100.52000000 Ask2:100.5010 Bid2:100.5000
19:16:12.593146> New Min DevSell: 0.00000000 GapSell:-0.01900000 avgGapSell:-0.01900000 deviationSell:0.00000000
19:16:12.593146> Ask1: 100.53000000 Bid1:100.52000000 Ask2:100.5010 Bid2:100.5000
19:16:12.595145> New Max DevBuy: 0.00000000 GapBuy:-0.03000000 avgGapBuy:-0.03000000 deviationBuy:0.00000000
19:16:12.595145> Ask1: 100.53000000 Bid1:100.52000000 Ask2:100.5010 Bid2:100.5000
19:16:12.595145> New Min DevSell: 0.00000000 GapSell:-0.01900000 avgGapSell:-0.01900000 deviationSell:0.00000000
19:16:12.595145> Ask1: 100.53000000 Bid1:100.52000000 Ask2:100.5010 Bid2:100.5000
19:16:12.597144> New Max DevBuy: 0.00000000 GapBuy:-0.03000000 avgGapBuy:-0.03000000 deviationBuy:0.00000000
19:16:12.597144> Ask1: 100.53000000 Bid1:100.52000000 Ask2:100.5010 Bid2:100.5000
19:16:12.597144> New Min DevSell: 0.00000000 GapSell:-0.01900000 avgGapSell:-0.01900000 deviationSell:0.00000000
19:16:12.597144> Ask1: 100.53000000 Bid1:100.52000000 Ask2:100.5010 Bid2:100.5000
19:16:12.598145> New Max DevBuy: 0.00000000 GapBuy:-0.03000000 avgGapBuy:-0.03000000 deviationBuy:0.00000000
19:16:12.598145> Ask1: 100.53000000 Bid1:100.52000000 Ask2:100.5010 Bid2:100.5000
19:16:12.598145> New Min DevSell: 0.00000000 GapSell:-0.01900000 avgGapSell:-0.01900000 deviationSell:0.00000000
19:16:12.598145> Ask1: 100.53000000 Bid1:100.52000000 Ask2:100.5010 Bid2:100.5000
19:16:12.599146> New Max DevBuy: 0.00000000 GapBuy:-0.03000000 avgGapBuy:-0.03000000 deviationBuy:0.00000000
19:16:12.599146> Ask1: 100.53000000 Bid1:100.52000000 Ask2:100.5010 Bid2:100.5000
19:16:12.599146> New Min DevSell: 0.00000000 GapSell:-0.01900000 avgGapSell:-0.01900000 deviationSell:0.00000000
19:16:12.599146> Ask1: 100.53000000 Bid1:100.52000000 Ask2:100.5010 Bid2:100.5000
19:16:12.601145> New Max DevBuy: 0.00000000 GapBuy:-0.03000000 avgGapBuy:-0.03000000 deviationBuy:0.00000000
19:16:12.601145> Ask1: 100.53000000 Bid1:100.52000000 Ask2:100.5010 Bid2:100.5000
19:16:12.601145> New Min DevSell: 0.00000000 GapSell:-0.01900000 avgGapSell:-0.01900000 deviationSell:0.00000000
19:16:12.601145> Ask1: 100.53000000 Bid1:100.52000000 Ask2:100.5010 Bid2:100.5000
19:16:12.602146> New Max DevBuy: 0.00000000 GapBuy:-0.03000000 avgGapBuy:-0.03000000 deviationBuy:0.00000000
19:16:12.602146> Ask1: 100.53000000 Bid1:100.52000000 Ask2:100.5010 Bid2:100.5000
19:16:12.602146> New Min DevSell: 0.00000000 GapSell:-0.01900000 avgGapSell:-0.01900000 deviationSell:0.00000000
19:16:12.602146> Ask1: 100.53000000 Bid1:100.52000000 Ask2:100.5010 Bid2:100.5000
19:16:12.604145> New Max DevBuy: 0.00000000 GapBuy:-0.03000000 avgGapBuy:-0.03000000 deviationBuy:0.00000000
19:16:12.604145> Ask1: 100.53000000 Bid1:100.52000000 Ask2:100.5010 Bid2:100.5000
19:16:12.604145> New Min DevSell: 0.00000000 GapSell:-0.01900000 avgGapSell:-0.01900000 deviationSell:0.00000000
19:16:12.604145> Ask1: 100.53000000 Bid1:100.52000000 Ask2:100.5010 Bid2:100.5000
19:16:12.605146> New Max DevBuy: 0.00000000 GapBuy:-0.03000000 avgGapBuy:-0.03000000 deviationBuy:0.00000000
19:16:12.605146> Ask1: 100.53000000 Bid1:100.52000000 Ask2:100.5010 Bid2:100.5000
19:16:12.605146> New Min DevSell: 0.00000000 GapSell:-0.01900000 avgGapSell:-0.01900000 deviationSell:0.00000000
19:16:12.605146> Ask1: 100.53000000 Bid1:100.52000000 Ask2:100.5010 Bid2:100.5000
19:16:12.607144> New Max DevBuy: 0.00000000 GapBuy:-0.03000000 avgGapBuy:-0.03000000 deviationBuy:0.00000000
19:16:12.607144> Ask1: 100.53000000 Bid1:100.52000000 Ask2:100.5010 Bid2:100.5000
19:16:12.607144> New Min DevSell: 0.00000000 GapSell:-0.01900000 avgGapSell:-0.01900000 deviationSell:0.00000000
19:16:12.607144> Ask1: 100.53000000 Bid1:100.52000000 Ask2:100.5010 Bid2:100.5000
19:16:12.608147> New Max DevBuy: 0.00000000 GapBuy:-0.03000000 avgGapBuy:-0.03000000 deviationBuy:0.00000000
19:16:12.608147> Ask1: 100.53000000 Bid1:100.52000000 Ask2:100.5010 Bid2:100.5000
19:16:12.608147> New Min DevSell: 0.00000000 GapSell:-0.01900000 avgGapSell:-0.01900000 deviationSell:0.00000000
19:16:12.608147> Ask1: 100.53000000 Bid1:100.52000000 Ask2:100.5010 Bid2:100.5000
19:16:12.610145> New Max DevBuy: 0.00000000 GapBuy:-0.03000000 avgGapBuy:-0.03000000 deviationBuy:0.00000000
19:16:12.610145> Ask1: 100.53000000 Bid1:100.52000000 Ask2:100.5010 Bid2:100.5000
19:16:12.610145> New Min DevSell: 0.00000000 GapSell:-0.01900000 avgGapSell:-0.01900000 deviationSell:0.00000000
19:16:12.610145> Ask1: 100.53000000 Bid1:100.52000000 Ask2:100.5010 Bid2:100.5000
19:16:12.611147> New Max DevBuy: 0.00000000 GapBuy:-0.03000000 avgGapBuy:-0.03000000 deviationBuy:0.00000000
19:16:12.611147> Ask1: 100.53000000 Bid1:100.52000000 Ask2:100.5010 Bid2:100.5000
19:16:12.611147> New Min DevSell: 0.00000000 GapSell:-0.01900000 avgGapSell:-0.01900000 deviationSell:0.00000000
19:16:12.611147> Ask1: 100.53000000 Bid1:100.52000000 Ask2:100.5010 Bid2:100.5000
19:16:12.613145> New Max DevBuy: 0.00000000 GapBuy:-0.03000000 avgGapBuy:-0.03000000 deviationBuy:0.00000000
19:16:12.613145> Ask1: 100.53000000 Bid1:100.52000000 Ask2:100.5010 Bid2:100.5000
19:16:12.613145> New Min DevSell: 0.00000000 GapSell:-0.01900000 avgGapSell:-0.01900000 deviationSell:0.00000000
19:16:12.613145> Ask1: 100.53000000 Bid1:100.52000000 Ask2:100.5010 Bid2:100.5000
19:16:12.614146> New Max DevBuy: 0.00000000 GapBuy:-0.03000000 avgGapBuy:-0.03000000 deviationBuy:0.00000000
19:16:12.614146> Ask1: 100.53000000 Bid1:100.52000000 Ask2:100.5010 Bid2:100.5000
19:16:12.614146> New Min DevSell: 0.00000000 GapSell:-0.01900000 avgGapSell:-0.01900000 deviationSell:0.00000000
19:16:12.614146> Ask1: 100.53000000 Bid1:100.52000000 Ask2:100.5010 Bid2:100.5000
19:16:12.638148> New Max DevBuy: 0.00000000 GapBuy:-0.03000000 avgGapBuy:-0.03000000 deviationBuy:0.00000000
19:16:12.638148> Ask1: 100.53000000 Bid1:100.52000000 Ask2:100.5010 Bid2:100.5000
19:16:12.639146> New Min DevSell: 0.00000000 GapSell:-0.01900000 avgGapSell:-0.01900000 deviationSell:0.00000000
19:16:12.639146> Ask1: 100.53000000 Bid1:100.52000000 Ask2:100.5010 Bid2:100.5000
19:16:12.644147> New Max DevBuy: 0.00000000 GapBuy:-0.03000000 avgGapBuy:-0.03000000 deviationBuy:0.00000000
19:16:12.644147> Ask1: 100.53000000 Bid1:100.52000000 Ask2:100.5010 Bid2:100.5000
19:16:12.644147> New Min DevSell: 0.00000000 GapSell:-0.01900000 avgGapSell:-0.01900000 deviationSell:0.00000000
19:16:12.644147> Ask1: 100.53000000 Bid1:100.52000000 Ask2:100.5010 Bid2:100.5000
19:16:12.647147> New Max DevBuy: 0.00000000 GapBuy:-0.03000000 avgGapBuy:-0.03000000 deviationBuy:0.00000000
19:16:12.647147> Ask1: 100.53000000 Bid1:100.52000000 Ask2:100.5010 Bid2:100.5000
19:16:12.647147> New Min DevSell: 0.00000000 GapSell:-0.01900000 avgGapSell:-0.01900000 deviationSell:0.00000000
19:16:12.647147> Ask1: 100.53000000 Bid1:100.52000000 Ask2:100.5010 Bid2:100.5000
19:16:12.648148> New Max DevBuy: 0.00000000 GapBuy:-0.03000000 avgGapBuy:-0.03000000 deviationBuy:0.00000000
19:16:12.648148> Ask1: 100.53000000 Bid1:100.52000000 Ask2:100.5010 Bid2:100.5000
19:16:12.648148> New Min DevSell: 0.00000000 GapSell:-0.01900000 avgGapSell:-0.01900000 deviationSell:0.00000000
19:16:12.648148> Ask1: 100.53000000 Bid1:100.52000000 Ask2:100.5010 Bid2:100.5000
19:16:12.649149> New Max DevBuy: 0.00000000 GapBuy:-0.03000000 avgGapBuy:-0.03000000 deviationBuy:0.00000000
19:16:12.649149> Ask1: 100.53000000 Bid1:100.52000000 Ask2:100.5010 Bid2:100.5000
19:16:12.650148> New Min DevSell: 0.00000000 GapSell:-0.01900000 avgGapSell:-0.01900000 deviationSell:0.00000000
19:16:12.650148> Ask1: 100.53000000 Bid1:100.52000000 Ask2:100.5010 Bid2:100.5000
19:16:12.651149> New Max DevBuy: 0.00000000 GapBuy:-0.03000000 avgGapBuy:-0.03000000 deviationBuy:0.00000000
19:16:12.651149> Ask1: 100.53000000 Bid1:100.52000000 Ask2:100.5010 Bid2:100.5000
19:16:12.652148> New Min DevSell: 0.00000000 GapSell:-0.01900000 avgGapSell:-0.01900000 deviationSell:0.00000000
19:16:12.652148> Ask1: 100.53000000 Bid1:100.52000000 Ask2:100.5010 Bid2:100.5000
19:16:12.656147> New Max DevBuy: 0.00000000 GapBuy:-0.03000000 avgGapBuy:-0.03000000 deviationBuy:0.00000000
19:16:12.657150> Ask1: 100.53000000 Bid1:100.52000000 Ask2:100.5010 Bid2:100.5000
19:16:12.657150> New Min DevSell: 0.00000000 GapSell:-0.01900000 avgGapSell:-0.01900000 deviationSell:0.00000000
19:16:12.657150> Ask1: 100.53000000 Bid1:100.52000000 Ask2:100.5010 Bid2:100.5000
19:16:12.659147> New Max DevBuy: 0.00000000 GapBuy:-0.03000000 avgGapBuy:-0.03000000 deviationBuy:0.00000000
19:16:12.659147> Ask1: 100.53000000 Bid1:100.52000000 Ask2:100.5010 Bid2:100.5000
19:16:12.659147> New Min DevSell: 0.00000000 GapSell:-0.01900000 avgGapSell:-0.01900000 deviationSell:0.00000000
19:16:12.659147> Ask1: 100.53000000 Bid1:100.52000000 Ask2:100.5010 Bid2:100.5000
19:16:12.660151> New Max DevBuy: 0.00000000 GapBuy:-0.03000000 avgGapBuy:-0.03000000 deviationBuy:0.00000000
19:16:12.660151> Ask1: 100.53000000 Bid1:100.52000000 Ask2:100.5010 Bid2:100.5000
19:16:12.660151> New Min DevSell: 0.00000000 GapSell:-0.01900000 avgGapSell:-0.01900000 deviationSell:0.00000000
19:16:12.660151> Ask1: 100.53000000 Bid1:100.52000000 Ask2:100.5010 Bid2:100.5000
19:16:12.661151> New Max DevBuy: 0.00000000 GapBuy:-0.03000000 avgGapBuy:-0.03000000 deviationBuy:0.00000000
19:16:12.661151> Ask1: 100.53000000 Bid1:100.52000000 Ask2:100.5010 Bid2:100.5000
19:16:12.661151> New Min DevSell: 0.00000000 GapSell:-0.01900000 avgGapSell:-0.01900000 deviationSell:0.00000000
19:16:12.661151> Ask1: 100.53000000 Bid1:100.52000000 Ask2:100.5010 Bid2:100.5000
19:16:12.663148> New Max DevBuy: 0.00000000 GapBuy:-0.03000000 avgGapBuy:-0.03000000 deviationBuy:0.00000000
19:16:12.663148> Ask1: 100.53000000 Bid1:100.52000000 Ask2:100.5010 Bid2:100.5000
19:16:12.663148> New Min DevSell: 0.00000000 GapSell:-0.01900000 avgGapSell:-0.01900000 deviationSell:0.00000000
19:16:12.663148> Ask1: 100.53000000 Bid1:100.52000000 Ask2:100.5010 Bid2:100.5000
19:16:12.664151> New Max DevBuy: 0.00000000 GapBuy:-0.03000000 avgGapBuy:-0.03000000 deviationBuy:0.00000000
19:16:12.664151> Ask1: 100.53000000 Bid1:100.52000000 Ask2:100.5010 Bid2:100.5000
19:16:12.665150> New Min DevSell: 0.00000000 GapSell:-0.01900000 avgGapSell:-0.01900000 deviationSell:0.00000000
19:16:12.665150> Ask1: 100.53000000 Bid1:100.52000000 Ask2:100.5010 Bid2:100.5000
19:16:12.666149> WebSocket connected! Start Partial @depth10 [MARGIN] process...
19:16:12.667149> New Max DevBuy: 0.00000000 GapBuy:-0.03000000 avgGapBuy:-0.03000000 deviationBuy:0.00000000
19:16:12.667149> Ask1: 100.53000000 Bid1:100.52000000 Ask2:100.5010 Bid2:100.5000
19:16:12.667149> New Min DevSell: 0.00000000 GapSell:-0.01900000 avgGapSell:-0.01900000 deviationSell:0.00000000
19:16:12.668150> Ask1: 100.53000000 Bid1:100.52000000 Ask2:100.5010 Bid2:100.5000
19:16:12.670149> New Max DevBuy: 0.00000000 GapBuy:-0.03000000 avgGapBuy:-0.03000000 deviationBuy:0.00000000
19:16:12.670149> Ask1: 100.53000000 Bid1:100.52000000 Ask2:100.5010 Bid2:100.5000
19:16:12.671149> New Min DevSell: 0.00000000 GapSell:-0.01900000 avgGapSell:-0.01900000 deviationSell:0.00000000
19:16:12.671149> Ask1: 100.53000000 Bid1:100.52000000 Ask2:100.5010 Bid2:100.5000
19:16:12.687149> New Max DevBuy: 0.00000000 GapBuy:-0.03000000 avgGapBuy:-0.03000000 deviationBuy:0.00000000
19:16:12.688149> Ask1: 100.53000000 Bid1:100.52000000 Ask2:100.5010 Bid2:100.5000
19:16:12.688149> New Min DevSell: 0.00000000 GapSell:-0.01900000 avgGapSell:-0.01900000 deviationSell:0.00000000
19:16:12.688149> Ask1: 100.53000000 Bid1:100.52000000 Ask2:100.5010 Bid2:100.5000
19:16:12.704151> New Max DevBuy: 0.00000000 GapBuy:-0.03000000 avgGapBuy:-0.03000000 deviationBuy:0.00000000
19:16:12.705150> Ask1: 100.53000000 Bid1:100.52000000 Ask2:100.5010 Bid2:100.5000
19:16:12.705150> New Min DevSell: 0.00000000 GapSell:-0.01900000 avgGapSell:-0.01900000 deviationSell:0.00000000
19:16:12.705150> Ask1: 100.53000000 Bid1:100.52000000 Ask2:100.5010 Bid2:100.5000
19:16:12.706151> New Max DevBuy: 0.00000000 GapBuy:-0.03000000 avgGapBuy:-0.03000000 deviationBuy:0.00000000
19:16:12.706151> Ask1: 100.53000000 Bid1:100.52000000 Ask2:100.5010 Bid2:100.5000
19:16:12.706151> New Min DevSell: 0.00000000 GapSell:-0.01900000 avgGapSell:-0.01900000 deviationSell:0.00000000
19:16:12.706151> Ask1: 100.53000000 Bid1:100.52000000 Ask2:100.5010 Bid2:100.5000
19:16:12.707152> New Max DevBuy: 0.00000000 GapBuy:-0.03000000 avgGapBuy:-0.03000000 deviationBuy:0.00000000
19:16:12.707152> Ask1: 100.53000000 Bid1:100.52000000 Ask2:100.5010 Bid2:100.5000
19:16:12.707152> New Min DevSell: 0.00000000 GapSell:-0.01900000 avgGapSell:-0.01900000 deviationSell:0.00000000
19:16:12.707152> Ask1: 100.53000000 Bid1:100.52000000 Ask2:100.5010 Bid2:100.5000
19:16:12.727152> New Max DevBuy: 0.00000000 GapBuy:-0.03000000 avgGapBuy:-0.03000000 deviationBuy:0.00000000
19:16:12.738153> Ask1: 100.53000000 Bid1:100.52000000 Ask2:100.5010 Bid2:100.5000
19:16:12.738153> New Min DevSell: 0.00000000 GapSell:-0.01900000 avgGapSell:-0.01900000 deviationSell:0.00000000
19:16:12.739154> Ask1: 100.53000000 Bid1:100.52000000 Ask2:100.5010 Bid2:100.5000
19:16:12.740154> New Max DevBuy: 0.00000000 GapBuy:-0.03000000 avgGapBuy:-0.03000000 deviationBuy:0.00000000
19:16:12.740154> Ask1: 100.53000000 Bid1:100.52000000 Ask2:100.5010 Bid2:100.5000
19:16:12.740154> New Min DevSell: 0.00000000 GapSell:-0.01900000 avgGapSell:-0.01900000 deviationSell:0.00000000
19:16:12.740154> Ask1: 100.53000000 Bid1:100.52000000 Ask2:100.5010 Bid2:100.5000
19:16:12.741154> New Max DevBuy: 0.00000000 GapBuy:-0.03000000 avgGapBuy:-0.03000000 deviationBuy:0.00000000
19:16:12.741154> Ask1: 100.53000000 Bid1:100.52000000 Ask2:100.5010 Bid2:100.5000
19:16:12.741154> New Min DevSell: 0.00000000 GapSell:-0.01900000 avgGapSell:-0.01900000 deviationSell:0.00000000
19:16:12.741154> Ask1: 100.53000000 Bid1:100.52000000 Ask2:100.5010 Bid2:100.5000
19:16:12.742155> New Max DevBuy: 0.00000000 GapBuy:-0.03000000 avgGapBuy:-0.03000000 deviationBuy:0.00000000
19:16:12.742155> Ask1: 100.53000000 Bid1:100.52000000 Ask2:100.5010 Bid2:100.5000
19:16:12.742155> New Min DevSell: 0.00000000 GapSell:-0.01900000 avgGapSell:-0.01900000 deviationSell:0.00000000
19:16:12.742155> Ask1: 100.53000000 Bid1:100.52000000 Ask2:100.5010 Bid2:100.5000
19:16:12.744154> New Max DevBuy: 0.00000000 GapBuy:-0.03000000 avgGapBuy:-0.03000000 deviationBuy:0.00000000
19:16:12.744154> Ask1: 100.53000000 Bid1:100.52000000 Ask2:100.5010 Bid2:100.5000
19:16:12.744154> New Min DevSell: 0.00000000 GapSell:-0.01900000 avgGapSell:-0.01900000 deviationSell:0.00000000
19:16:12.744154> Ask1: 100.53000000 Bid1:100.52000000 Ask2:100.5010 Bid2:100.5000
19:16:12.745156> New Max DevBuy: 0.00000000 GapBuy:-0.03000000 avgGapBuy:-0.03000000 deviationBuy:0.00000000
19:16:12.745156> Ask1: 100.53000000 Bid1:100.52000000 Ask2:100.5010 Bid2:100.5000
19:16:12.745156> New Min DevSell: 0.00000000 GapSell:-0.01900000 avgGapSell:-0.01900000 deviationSell:0.00000000
19:16:12.745156> Ask1: 100.53000000 Bid1:100.52000000 Ask2:100.5010 Bid2:100.5000
19:16:12.747155> New Max DevBuy: 0.00000000 GapBuy:-0.03000000 avgGapBuy:-0.03000000 deviationBuy:0.00000000
19:16:12.747155> Ask1: 100.53000000 Bid1:100.52000000 Ask2:100.5010 Bid2:100.5000
19:16:12.747155> New Min DevSell: 0.00000000 GapSell:-0.01900000 avgGapSell:-0.01900000 deviationSell:0.00000000
19:16:12.748155> Ask1: 100.53000000 Bid1:100.52000000 Ask2:100.5010 Bid2:100.5000
19:16:12.770155> New Max DevBuy: 0.01650000 GapBuy:0.00300000 avgGapBuy:-0.01350000 deviationBuy:0.01650000
19:16:12.806157> Ask1: 100.53000000 Bid1:100.52000000 Ask2:100.5340 Bid2:100.5330
19:16:12.810160> New Min DevSell: 0.03300000 GapSell:0.01400000 avgGapSell:-0.01900000 deviationSell:0.03300000
19:16:12.810160> Ask1: 100.53000000 Bid1:100.52000000 Ask2:100.5340 Bid2:100.5330
19:16:12.848160> New Min DevSell: 0.00300000 GapSell:-0.01600000 avgGapSell:-0.01900000 deviationSell:0.00300000
19:16:12.848160> Ask1: 100.56000000 Bid1:100.55000000 Ask2:100.5340 Bid2:100.5330
19:16:12.857157> New Min DevSell: -0.00200000 GapSell:-0.02100000 avgGapSell:-0.01900000 deviationSell:-0.00200000
19:16:12.857157> Ask1: 100.56000000 Bid1:100.55000000 Ask2:100.5290 Bid2:100.5280
19:16:13.362200> WebSocket connected! Start Partial @depth10 [Future] process...
19:16:13.393195> Lenta has started...Start SubscribeToAggTradeStream @aggTrade [future] process...
19:16:13.834214> BinanceFuture - Vxxv1AWf[USD_M] USD_M Balance: 69.44887885 USDT
19:16:15.800460> New Min DevSell: -0.01200000 GapSell:-0.03100000 avgGapSell:-0.01900000 deviationSell:-0.01200000
19:16:15.801459> Ask1: 100.57000000 Bid1:100.56000000 Ask2:100.5290 Bid2:100.5280
19:16:23.375873> New Min DevSell: -0.01900000 GapSell:-0.03800000 avgGapSell:-0.01900000 deviationSell:-0.01900000
19:16:23.376872> Ask1: 100.52000000 Bid1:100.51000000 Ask2:100.4790 Bid2:100.4780
19:16:23.468879> New Min DevSell: -0.02000000 GapSell:-0.03900000 avgGapSell:-0.01900000 deviationSell:-0.02000000
19:16:23.469877> Ask1: 100.51000000 Bid1:100.50000000 Ask2:100.4610 Bid2:100.4600
19:16:28.681164> New Max DevBuy: 0.0172051282051282051282051282 GapBuy:-0.01400000 avgGapBuy:-0.0312051282051282051282051282 deviationBuy:0.0172051282051282051282051282
19:16:28.681164> Ask1: 100.45000000 Bid1:100.44000000 Ask2:100.4370 Bid2:100.4360
19:16:31.748120> New Max DevBuy: 0.0314905660377358490566037736 GapBuy:0.00300000 avgGapBuy:-0.0284905660377358490566037736 deviationBuy:0.0314905660377358490566037736
19:16:31.748120> Ask1: 100.51000000 Bid1:100.50000000 Ask2:100.5140 Bid2:100.5130
19:16:40.445173> New Min DevSell: -0.03300000 GapSell:-0.05200000 avgGapSell:-0.01900000 deviationSell:-0.03300000
19:16:40.446148> Ask1: 100.57000000 Bid1:100.56000000 Ask2:100.5080 Bid2:100.5070
