10:28:55.873351> Binance - 9aH7UMrw[MARGIN] Api Error Code: -2015 Message: Invalid API-key, IP, or permissions for action.
10:28:56.459391> BinanceFuture - 9aH7UMrw[USD_M] Api Error Code: -2015 Message: Invalid API-key, IP, or permissions for action, request ip: 194.146.38.45
10:28:56.468385> Lenta has started...Start SubscribeToTradeStream @trade [{accType}] process...
10:28:56.479386> WebSocket connected! Start Partial @depth10 [MARGIN] process...
10:28:56.484409> WebSocket connected! Start [MARGIN] @depth@100ms process...
10:28:56.698397> Lenta has started...Start SubscribeToAggTradeStream @aggTrade [future] process...
10:28:56.788402> WebSocket connected! Start Partial @depth10 [Future] process...
10:28:56.840403> New Max DevBuy: 0.00000000 GapBuy:-0.04900000 avgGapBuy:-0.04900000 deviationBuy:0.00000000
10:28:56.841405> Ask1: 100.97000000 Bid1:100.96000000 Ask2:100.9220 Bid2:100.9210
10:28:56.841405> New Min DevSell: 0.00000000 GapSell:-0.03800000 avgGapSell:-0.03800000 deviationSell:0.00000000
10:28:56.841405> Ask1: 100.97000000 Bid1:100.96000000 Ask2:100.9220 Bid2:100.9210
10:28:56.843405> New Max DevBuy: 0.00000000 GapBuy:-0.04900000 avgGapBuy:-0.04900000 deviationBuy:0.00000000
10:28:56.843405> Ask1: 100.97000000 Bid1:100.96000000 Ask2:100.9220 Bid2:100.9210
10:28:56.843405> New Min DevSell: 0.00000000 GapSell:-0.03800000 avgGapSell:-0.03800000 deviationSell:0.00000000
10:28:56.843405> Ask1: 100.97000000 Bid1:100.96000000 Ask2:100.9220 Bid2:100.9210
10:28:56.845404> New Max DevBuy: 0.00000000 GapBuy:-0.04900000 avgGapBuy:-0.04900000 deviationBuy:0.00000000
10:28:56.845404> Ask1: 100.97000000 Bid1:100.96000000 Ask2:100.9220 Bid2:100.9210
10:28:56.845404> New Min DevSell: 0.00000000 GapSell:-0.03800000 avgGapSell:-0.03800000 deviationSell:0.00000000
10:28:56.845404> Ask1: 100.97000000 Bid1:100.96000000 Ask2:100.9220 Bid2:100.9210
10:28:56.846405> New Max DevBuy: 0.00000000 GapBuy:-0.04900000 avgGapBuy:-0.04900000 deviationBuy:0.00000000
10:28:56.846405> Ask1: 100.97000000 Bid1:100.96000000 Ask2:100.9220 Bid2:100.9210
10:28:56.846405> New Min DevSell: 0.00000000 GapSell:-0.03800000 avgGapSell:-0.03800000 deviationSell:0.00000000
10:28:56.846405> Ask1: 100.97000000 Bid1:100.96000000 Ask2:100.9220 Bid2:100.9210
10:28:56.847406> New Max DevBuy: 0.00000000 GapBuy:-0.04900000 avgGapBuy:-0.04900000 deviationBuy:0.00000000
10:28:56.847406> Ask1: 100.97000000 Bid1:100.96000000 Ask2:100.9220 Bid2:100.9210
10:28:56.847406> New Min DevSell: 0.00000000 GapSell:-0.03800000 avgGapSell:-0.03800000 deviationSell:0.00000000
10:28:56.847406> Ask1: 100.97000000 Bid1:100.96000000 Ask2:100.9220 Bid2:100.9210
10:28:56.848407> New Max DevBuy: 0.00000000 GapBuy:-0.04900000 avgGapBuy:-0.04900000 deviationBuy:0.00000000
10:28:56.848407> Ask1: 100.97000000 Bid1:100.96000000 Ask2:100.9220 Bid2:100.9210
10:28:56.848407> New Min DevSell: 0.00000000 GapSell:-0.03800000 avgGapSell:-0.03800000 deviationSell:0.00000000
10:28:56.848407> Ask1: 100.97000000 Bid1:100.96000000 Ask2:100.9220 Bid2:100.9210
10:28:56.850405> New Max DevBuy: 0.00000000 GapBuy:-0.04900000 avgGapBuy:-0.04900000 deviationBuy:0.00000000
10:28:56.850405> Ask1: 100.97000000 Bid1:100.96000000 Ask2:100.9220 Bid2:100.9210
10:28:56.850405> New Min DevSell: 0.00000000 GapSell:-0.03800000 avgGapSell:-0.03800000 deviationSell:0.00000000
10:28:56.850405> Ask1: 100.97000000 Bid1:100.96000000 Ask2:100.9220 Bid2:100.9210
10:28:56.852406> New Max DevBuy: 0.00000000 GapBuy:-0.04900000 avgGapBuy:-0.04900000 deviationBuy:0.00000000
10:28:56.852406> Ask1: 100.97000000 Bid1:100.96000000 Ask2:100.9220 Bid2:100.9210
10:28:56.852406> New Min DevSell: 0.00000000 GapSell:-0.03800000 avgGapSell:-0.03800000 deviationSell:0.00000000
10:28:56.852406> Ask1: 100.97000000 Bid1:100.96000000 Ask2:100.9220 Bid2:100.9210
10:28:56.854405> New Max DevBuy: 0.00000000 GapBuy:-0.04900000 avgGapBuy:-0.04900000 deviationBuy:0.00000000
10:28:56.854405> Ask1: 100.97000000 Bid1:100.96000000 Ask2:100.9220 Bid2:100.9210
10:28:56.854405> New Min DevSell: 0.00000000 GapSell:-0.03800000 avgGapSell:-0.03800000 deviationSell:0.00000000
10:28:56.854405> Ask1: 100.97000000 Bid1:100.96000000 Ask2:100.9220 Bid2:100.9210
10:28:56.855405> New Max DevBuy: 0.00000000 GapBuy:-0.04900000 avgGapBuy:-0.04900000 deviationBuy:0.00000000
10:28:56.855405> Ask1: 100.97000000 Bid1:100.96000000 Ask2:100.9220 Bid2:100.9210
10:28:56.855405> New Min DevSell: 0.00000000 GapSell:-0.03800000 avgGapSell:-0.03800000 deviationSell:0.00000000
10:28:56.855405> Ask1: 100.97000000 Bid1:100.96000000 Ask2:100.9220 Bid2:100.9210
10:28:56.857405> New Max DevBuy: 0.00000000 GapBuy:-0.04900000 avgGapBuy:-0.04900000 deviationBuy:0.00000000
10:28:56.857405> Ask1: 100.97000000 Bid1:100.96000000 Ask2:100.9220 Bid2:100.9210
10:28:56.857405> New Min DevSell: 0.00000000 GapSell:-0.03800000 avgGapSell:-0.03800000 deviationSell:0.00000000
10:28:56.857405> Ask1: 100.97000000 Bid1:100.96000000 Ask2:100.9220 Bid2:100.9210
10:28:56.859405> New Max DevBuy: 0.00000000 GapBuy:-0.04900000 avgGapBuy:-0.04900000 deviationBuy:0.00000000
10:28:56.859405> Ask1: 100.97000000 Bid1:100.96000000 Ask2:100.9220 Bid2:100.9210
10:28:56.859405> New Min DevSell: 0.00000000 GapSell:-0.03800000 avgGapSell:-0.03800000 deviationSell:0.00000000
10:28:56.859405> Ask1: 100.97000000 Bid1:100.96000000 Ask2:100.9220 Bid2:100.9210
10:28:56.861407> New Max DevBuy: 0.00000000 GapBuy:-0.04900000 avgGapBuy:-0.04900000 deviationBuy:0.00000000
10:28:56.861407> Ask1: 100.97000000 Bid1:100.96000000 Ask2:100.9220 Bid2:100.9210
10:28:56.861407> New Min DevSell: 0.00000000 GapSell:-0.03800000 avgGapSell:-0.03800000 deviationSell:0.00000000
10:28:56.861407> Ask1: 100.97000000 Bid1:100.96000000 Ask2:100.9220 Bid2:100.9210
10:28:56.862408> New Max DevBuy: 0.00000000 GapBuy:-0.04900000 avgGapBuy:-0.04900000 deviationBuy:0.00000000
10:28:56.862408> Ask1: 100.97000000 Bid1:100.96000000 Ask2:100.9220 Bid2:100.9210
10:28:56.862408> New Min DevSell: 0.00000000 GapSell:-0.03800000 avgGapSell:-0.03800000 deviationSell:0.00000000
10:28:56.862408> Ask1: 100.97000000 Bid1:100.96000000 Ask2:100.9220 Bid2:100.9210
10:28:56.863409> New Max DevBuy: 0.00000000 GapBuy:-0.04900000 avgGapBuy:-0.04900000 deviationBuy:0.00000000
10:28:56.863409> Ask1: 100.97000000 Bid1:100.96000000 Ask2:100.9220 Bid2:100.9210
10:28:56.863409> New Min DevSell: 0.00000000 GapSell:-0.03800000 avgGapSell:-0.03800000 deviationSell:0.00000000
10:28:56.863409> Ask1: 100.97000000 Bid1:100.96000000 Ask2:100.9220 Bid2:100.9210
10:28:56.865405> New Max DevBuy: 0.00000000 GapBuy:-0.04900000 avgGapBuy:-0.04900000 deviationBuy:0.00000000
10:28:56.865405> Ask1: 100.97000000 Bid1:100.96000000 Ask2:100.9220 Bid2:100.9210
10:28:56.865405> New Min DevSell: 0.00000000 GapSell:-0.03800000 avgGapSell:-0.03800000 deviationSell:0.00000000
10:28:56.865405> Ask1: 100.97000000 Bid1:100.96000000 Ask2:100.9220 Bid2:100.9210
10:28:56.866406> New Max DevBuy: 0.00000000 GapBuy:-0.04900000 avgGapBuy:-0.04900000 deviationBuy:0.00000000
10:28:56.866406> Ask1: 100.97000000 Bid1:100.96000000 Ask2:100.9220 Bid2:100.9210
10:28:56.866406> New Min DevSell: 0.00000000 GapSell:-0.03800000 avgGapSell:-0.03800000 deviationSell:0.00000000
10:28:56.866406> Ask1: 100.97000000 Bid1:100.96000000 Ask2:100.9220 Bid2:100.9210
10:28:56.868407> New Max DevBuy: 0.00000000 GapBuy:-0.04900000 avgGapBuy:-0.04900000 deviationBuy:0.00000000
10:28:56.868407> Ask1: 100.97000000 Bid1:100.96000000 Ask2:100.9220 Bid2:100.9210
10:28:56.868407> New Min DevSell: 0.00000000 GapSell:-0.03800000 avgGapSell:-0.03800000 deviationSell:0.00000000
10:28:56.868407> Ask1: 100.97000000 Bid1:100.96000000 Ask2:100.9220 Bid2:100.9210
10:28:56.870406> New Max DevBuy: 0.00000000 GapBuy:-0.04900000 avgGapBuy:-0.04900000 deviationBuy:0.00000000
10:28:56.870406> Ask1: 100.97000000 Bid1:100.96000000 Ask2:100.9220 Bid2:100.9210
10:28:56.870406> New Min DevSell: 0.00000000 GapSell:-0.03800000 avgGapSell:-0.03800000 deviationSell:0.00000000
10:28:56.870406> Ask1: 100.97000000 Bid1:100.96000000 Ask2:100.9220 Bid2:100.9210
10:28:56.871406> New Max DevBuy: 0.00000000 GapBuy:-0.04900000 avgGapBuy:-0.04900000 deviationBuy:0.00000000
10:28:56.871406> Ask1: 100.97000000 Bid1:100.96000000 Ask2:100.9220 Bid2:100.9210
10:28:56.871406> New Min DevSell: 0.00000000 GapSell:-0.03800000 avgGapSell:-0.03800000 deviationSell:0.00000000
10:28:56.871406> Ask1: 100.97000000 Bid1:100.96000000 Ask2:100.9220 Bid2:100.9210
10:28:56.872407> New Max DevBuy: 0.00000000 GapBuy:-0.04900000 avgGapBuy:-0.04900000 deviationBuy:0.00000000
10:28:56.872407> Ask1: 100.97000000 Bid1:100.96000000 Ask2:100.9220 Bid2:100.9210
10:28:56.872407> New Min DevSell: 0.00000000 GapSell:-0.03800000 avgGapSell:-0.03800000 deviationSell:0.00000000
10:28:56.872407> Ask1: 100.97000000 Bid1:100.96000000 Ask2:100.9220 Bid2:100.9210
10:28:56.874408> New Max DevBuy: 0.00000000 GapBuy:-0.04900000 avgGapBuy:-0.04900000 deviationBuy:0.00000000
10:28:56.874408> Ask1: 100.97000000 Bid1:100.96000000 Ask2:100.9220 Bid2:100.9210
10:28:56.874408> New Min DevSell: 0.00000000 GapSell:-0.03800000 avgGapSell:-0.03800000 deviationSell:0.00000000
10:28:56.874408> Ask1: 100.97000000 Bid1:100.96000000 Ask2:100.9220 Bid2:100.9210
10:28:56.876407> New Max DevBuy: 0.00000000 GapBuy:-0.04900000 avgGapBuy:-0.04900000 deviationBuy:0.00000000
10:28:56.876407> Ask1: 100.97000000 Bid1:100.96000000 Ask2:100.9220 Bid2:100.9210
10:28:56.876407> New Min DevSell: 0.00000000 GapSell:-0.03800000 avgGapSell:-0.03800000 deviationSell:0.00000000
10:28:56.876407> Ask1: 100.97000000 Bid1:100.96000000 Ask2:100.9220 Bid2:100.9210
10:28:56.878407> New Max DevBuy: 0.00000000 GapBuy:-0.04900000 avgGapBuy:-0.04900000 deviationBuy:0.00000000
10:28:56.878407> Ask1: 100.97000000 Bid1:100.96000000 Ask2:100.9220 Bid2:100.9210
10:28:56.878407> New Min DevSell: 0.00000000 GapSell:-0.03800000 avgGapSell:-0.03800000 deviationSell:0.00000000
10:28:56.878407> Ask1: 100.97000000 Bid1:100.96000000 Ask2:100.9220 Bid2:100.9210
10:28:56.880404> New Max DevBuy: 0.00000000 GapBuy:-0.04900000 avgGapBuy:-0.04900000 deviationBuy:0.00000000
10:28:56.880404> Ask1: 100.97000000 Bid1:100.96000000 Ask2:100.9220 Bid2:100.9210
10:28:56.880404> New Min DevSell: 0.00000000 GapSell:-0.03800000 avgGapSell:-0.03800000 deviationSell:0.00000000
10:28:56.880404> Ask1: 100.97000000 Bid1:100.96000000 Ask2:100.9220 Bid2:100.9210
10:28:56.881406> New Max DevBuy: 0.00000000 GapBuy:-0.04900000 avgGapBuy:-0.04900000 deviationBuy:0.00000000
10:28:56.881406> Ask1: 100.97000000 Bid1:100.96000000 Ask2:100.9220 Bid2:100.9210
10:28:56.881406> New Min DevSell: 0.00000000 GapSell:-0.03800000 avgGapSell:-0.03800000 deviationSell:0.00000000
10:28:56.881406> Ask1: 100.97000000 Bid1:100.96000000 Ask2:100.9220 Bid2:100.9210
10:28:56.883404> New Max DevBuy: 0.00000000 GapBuy:-0.04900000 avgGapBuy:-0.04900000 deviationBuy:0.00000000
10:28:56.883404> Ask1: 100.97000000 Bid1:100.96000000 Ask2:100.9220 Bid2:100.9210
10:28:56.883404> New Min DevSell: 0.00000000 GapSell:-0.03800000 avgGapSell:-0.03800000 deviationSell:0.00000000
10:28:56.883404> Ask1: 100.97000000 Bid1:100.96000000 Ask2:100.9220 Bid2:100.9210
10:28:56.884407> New Max DevBuy: 0.00000000 GapBuy:-0.04900000 avgGapBuy:-0.04900000 deviationBuy:0.00000000
10:28:56.884407> Ask1: 100.97000000 Bid1:100.96000000 Ask2:100.9220 Bid2:100.9210
10:28:56.884407> New Min DevSell: 0.00000000 GapSell:-0.03800000 avgGapSell:-0.03800000 deviationSell:0.00000000
10:28:56.884407> Ask1: 100.97000000 Bid1:100.96000000 Ask2:100.9220 Bid2:100.9210
10:28:56.885407> New Max DevBuy: 0.00000000 GapBuy:-0.04900000 avgGapBuy:-0.04900000 deviationBuy:0.00000000
10:28:56.885407> Ask1: 100.97000000 Bid1:100.96000000 Ask2:100.9220 Bid2:100.9210
10:28:56.885407> New Min DevSell: 0.00000000 GapSell:-0.03800000 avgGapSell:-0.03800000 deviationSell:0.00000000
10:28:56.885407> Ask1: 100.97000000 Bid1:100.96000000 Ask2:100.9220 Bid2:100.9210
10:28:56.886407> New Max DevBuy: 0.00000000 GapBuy:-0.04900000 avgGapBuy:-0.04900000 deviationBuy:0.00000000
10:28:56.886407> Ask1: 100.97000000 Bid1:100.96000000 Ask2:100.9220 Bid2:100.9210
10:28:56.886407> New Min DevSell: 0.00000000 GapSell:-0.03800000 avgGapSell:-0.03800000 deviationSell:0.00000000
10:28:56.886407> Ask1: 100.97000000 Bid1:100.96000000 Ask2:100.9220 Bid2:100.9210
10:28:56.887409> New Max DevBuy: 0.00000000 GapBuy:-0.04900000 avgGapBuy:-0.04900000 deviationBuy:0.00000000
10:28:56.887409> Ask1: 100.97000000 Bid1:100.96000000 Ask2:100.9220 Bid2:100.9210
10:28:56.887409> New Min DevSell: 0.00000000 GapSell:-0.03800000 avgGapSell:-0.03800000 deviationSell:0.00000000
10:28:56.887409> Ask1: 100.97000000 Bid1:100.96000000 Ask2:100.9220 Bid2:100.9210
10:28:56.889408> New Max DevBuy: 0.00000000 GapBuy:-0.04900000 avgGapBuy:-0.04900000 deviationBuy:0.00000000
10:28:56.889408> Ask1: 100.97000000 Bid1:100.96000000 Ask2:100.9220 Bid2:100.9210
10:28:56.889408> New Min DevSell: 0.00000000 GapSell:-0.03800000 avgGapSell:-0.03800000 deviationSell:0.00000000
10:28:56.890409> Ask1: 100.97000000 Bid1:100.96000000 Ask2:100.9220 Bid2:100.9210
10:28:56.915409> New Max DevBuy: 0.00000000 GapBuy:-0.04900000 avgGapBuy:-0.04900000 deviationBuy:0.00000000
10:28:56.916410> Ask1: 100.97000000 Bid1:100.96000000 Ask2:100.9220 Bid2:100.9210
10:28:56.916410> New Min DevSell: 0.00000000 GapSell:-0.03800000 avgGapSell:-0.03800000 deviationSell:0.00000000
10:28:56.916410> Ask1: 100.97000000 Bid1:100.96000000 Ask2:100.9220 Bid2:100.9210
10:28:56.918410> New Max DevBuy: 0.00000000 GapBuy:-0.04900000 avgGapBuy:-0.04900000 deviationBuy:0.00000000
10:28:56.918410> Ask1: 100.97000000 Bid1:100.96000000 Ask2:100.9220 Bid2:100.9210
10:28:56.918410> New Min DevSell: 0.00000000 GapSell:-0.03800000 avgGapSell:-0.03800000 deviationSell:0.00000000
10:28:56.918410> Ask1: 100.97000000 Bid1:100.96000000 Ask2:100.9220 Bid2:100.9210
10:28:56.920409> New Max DevBuy: 0.00000000 GapBuy:-0.04900000 avgGapBuy:-0.04900000 deviationBuy:0.00000000
10:28:56.920409> Ask1: 100.97000000 Bid1:100.96000000 Ask2:100.9220 Bid2:100.9210
10:28:56.920409> New Min DevSell: 0.00000000 GapSell:-0.03800000 avgGapSell:-0.03800000 deviationSell:0.00000000
10:28:56.920409> Ask1: 100.97000000 Bid1:100.96000000 Ask2:100.9220 Bid2:100.9210
10:28:56.923409> New Max DevBuy: 0.00000000 GapBuy:-0.04900000 avgGapBuy:-0.04900000 deviationBuy:0.00000000
10:28:56.923409> Ask1: 100.97000000 Bid1:100.96000000 Ask2:100.9220 Bid2:100.9210
10:28:56.923409> New Min DevSell: 0.00000000 GapSell:-0.03800000 avgGapSell:-0.03800000 deviationSell:0.00000000
10:28:56.923409> Ask1: 100.97000000 Bid1:100.96000000 Ask2:100.9220 Bid2:100.9210
10:28:56.924410> New Max DevBuy: 0.00000000 GapBuy:-0.04900000 avgGapBuy:-0.04900000 deviationBuy:0.00000000
10:28:56.924410> Ask1: 100.97000000 Bid1:100.96000000 Ask2:100.9220 Bid2:100.9210
10:28:56.924410> New Min DevSell: 0.00000000 GapSell:-0.03800000 avgGapSell:-0.03800000 deviationSell:0.00000000
10:28:56.924410> Ask1: 100.97000000 Bid1:100.96000000 Ask2:100.9220 Bid2:100.9210
10:28:56.926409> New Max DevBuy: 0.00000000 GapBuy:-0.04900000 avgGapBuy:-0.04900000 deviationBuy:0.00000000
10:28:56.926409> Ask1: 100.97000000 Bid1:100.96000000 Ask2:100.9220 Bid2:100.9210
10:28:56.926409> New Min DevSell: 0.00000000 GapSell:-0.03800000 avgGapSell:-0.03800000 deviationSell:0.00000000
10:28:56.926409> Ask1: 100.97000000 Bid1:100.96000000 Ask2:100.9220 Bid2:100.9210
10:28:56.927410> New Max DevBuy: 0.00000000 GapBuy:-0.04900000 avgGapBuy:-0.04900000 deviationBuy:0.00000000
10:28:56.927410> Ask1: 100.97000000 Bid1:100.96000000 Ask2:100.9220 Bid2:100.9210
10:28:56.927410> New Min DevSell: 0.00000000 GapSell:-0.03800000 avgGapSell:-0.03800000 deviationSell:0.00000000
10:28:56.927410> Ask1: 100.97000000 Bid1:100.96000000 Ask2:100.9220 Bid2:100.9210
10:28:56.929410> New Max DevBuy: 0.00000000 GapBuy:-0.04900000 avgGapBuy:-0.04900000 deviationBuy:0.00000000
10:28:56.929410> Ask1: 100.97000000 Bid1:100.96000000 Ask2:100.9220 Bid2:100.9210
10:28:56.929410> New Min DevSell: 0.00000000 GapSell:-0.03800000 avgGapSell:-0.03800000 deviationSell:0.00000000
10:28:56.929410> Ask1: 100.97000000 Bid1:100.96000000 Ask2:100.9220 Bid2:100.9210
10:28:56.930412> New Max DevBuy: 0.00000000 GapBuy:-0.04900000 avgGapBuy:-0.04900000 deviationBuy:0.00000000
10:28:56.930412> Ask1: 100.97000000 Bid1:100.96000000 Ask2:100.9220 Bid2:100.9210
10:28:56.930412> New Min DevSell: 0.00000000 GapSell:-0.03800000 avgGapSell:-0.03800000 deviationSell:0.00000000
10:28:56.930412> Ask1: 100.97000000 Bid1:100.96000000 Ask2:100.9220 Bid2:100.9210
10:28:56.932410> New Max DevBuy: 0.00000000 GapBuy:-0.04900000 avgGapBuy:-0.04900000 deviationBuy:0.00000000
10:28:56.932410> Ask1: 100.97000000 Bid1:100.96000000 Ask2:100.9220 Bid2:100.9210
10:28:56.932410> New Min DevSell: 0.00000000 GapSell:-0.03800000 avgGapSell:-0.03800000 deviationSell:0.00000000
10:28:56.932410> Ask1: 100.97000000 Bid1:100.96000000 Ask2:100.9220 Bid2:100.9210
10:28:56.933413> New Max DevBuy: 0.00000000 GapBuy:-0.04900000 avgGapBuy:-0.04900000 deviationBuy:0.00000000
10:28:56.933413> Ask1: 100.97000000 Bid1:100.96000000 Ask2:100.9220 Bid2:100.9210
10:28:56.933413> New Min DevSell: 0.00000000 GapSell:-0.03800000 avgGapSell:-0.03800000 deviationSell:0.00000000
10:28:56.933413> Ask1: 100.97000000 Bid1:100.96000000 Ask2:100.9220 Bid2:100.9210
10:28:56.935410> New Max DevBuy: 0.00000000 GapBuy:-0.04900000 avgGapBuy:-0.04900000 deviationBuy:0.00000000
10:28:56.935410> Ask1: 100.97000000 Bid1:100.96000000 Ask2:100.9220 Bid2:100.9210
10:28:56.935410> New Min DevSell: 0.00000000 GapSell:-0.03800000 avgGapSell:-0.03800000 deviationSell:0.00000000
10:28:56.935410> Ask1: 100.97000000 Bid1:100.96000000 Ask2:100.9220 Bid2:100.9210
10:28:56.936411> New Max DevBuy: 0.00000000 GapBuy:-0.04900000 avgGapBuy:-0.04900000 deviationBuy:0.00000000
10:28:56.936411> Ask1: 100.97000000 Bid1:100.96000000 Ask2:100.9220 Bid2:100.9210
10:28:56.936411> New Min DevSell: 0.00000000 GapSell:-0.03800000 avgGapSell:-0.03800000 deviationSell:0.00000000
10:28:56.936411> Ask1: 100.97000000 Bid1:100.96000000 Ask2:100.9220 Bid2:100.9210
10:28:56.938411> New Max DevBuy: 0.00000000 GapBuy:-0.04900000 avgGapBuy:-0.04900000 deviationBuy:0.00000000
10:28:56.938411> Ask1: 100.97000000 Bid1:100.96000000 Ask2:100.9220 Bid2:100.9210
10:28:56.938411> New Min DevSell: 0.00000000 GapSell:-0.03800000 avgGapSell:-0.03800000 deviationSell:0.00000000
10:28:56.938411> Ask1: 100.97000000 Bid1:100.96000000 Ask2:100.9220 Bid2:100.9210
10:28:56.939411> New Max DevBuy: 0.00000000 GapBuy:-0.04900000 avgGapBuy:-0.04900000 deviationBuy:0.00000000
10:28:56.939411> Ask1: 100.97000000 Bid1:100.96000000 Ask2:100.9220 Bid2:100.9210
10:28:56.939411> New Min DevSell: 0.00000000 GapSell:-0.03800000 avgGapSell:-0.03800000 deviationSell:0.00000000
10:28:56.939411> Ask1: 100.97000000 Bid1:100.96000000 Ask2:100.9220 Bid2:100.9210
10:28:56.941412> New Max DevBuy: 0.00000000 GapBuy:-0.04900000 avgGapBuy:-0.04900000 deviationBuy:0.00000000
10:28:56.941412> Ask1: 100.97000000 Bid1:100.96000000 Ask2:100.9220 Bid2:100.9210
10:28:56.941412> New Min DevSell: 0.00000000 GapSell:-0.03800000 avgGapSell:-0.03800000 deviationSell:0.00000000
10:28:56.941412> Ask1: 100.97000000 Bid1:100.96000000 Ask2:100.9220 Bid2:100.9210
10:28:56.943411> New Max DevBuy: 0.00000000 GapBuy:-0.04900000 avgGapBuy:-0.04900000 deviationBuy:0.00000000
10:28:56.943411> Ask1: 100.97000000 Bid1:100.96000000 Ask2:100.9220 Bid2:100.9210
10:28:56.943411> New Min DevSell: 0.00000000 GapSell:-0.03800000 avgGapSell:-0.03800000 deviationSell:0.00000000
10:28:56.943411> Ask1: 100.97000000 Bid1:100.96000000 Ask2:100.9220 Bid2:100.9210
10:28:56.944412> New Max DevBuy: 0.00000000 GapBuy:-0.04900000 avgGapBuy:-0.04900000 deviationBuy:0.00000000
10:28:56.944412> Ask1: 100.97000000 Bid1:100.96000000 Ask2:100.9220 Bid2:100.9210
10:28:56.944412> New Min DevSell: 0.00000000 GapSell:-0.03800000 avgGapSell:-0.03800000 deviationSell:0.00000000
10:28:56.944412> Ask1: 100.97000000 Bid1:100.96000000 Ask2:100.9220 Bid2:100.9210
10:28:56.946411> New Max DevBuy: 0.00000000 GapBuy:-0.04900000 avgGapBuy:-0.04900000 deviationBuy:0.00000000
10:28:56.946411> Ask1: 100.97000000 Bid1:100.96000000 Ask2:100.9220 Bid2:100.9210
10:28:56.946411> New Min DevSell: 0.00000000 GapSell:-0.03800000 avgGapSell:-0.03800000 deviationSell:0.00000000
10:28:56.946411> Ask1: 100.97000000 Bid1:100.96000000 Ask2:100.9220 Bid2:100.9210
10:28:56.947412> New Max DevBuy: 0.00000000 GapBuy:-0.04900000 avgGapBuy:-0.04900000 deviationBuy:0.00000000
10:28:56.947412> Ask1: 100.97000000 Bid1:100.96000000 Ask2:100.9220 Bid2:100.9210
10:28:56.947412> New Min DevSell: 0.00000000 GapSell:-0.03800000 avgGapSell:-0.03800000 deviationSell:0.00000000
10:28:56.947412> Ask1: 100.97000000 Bid1:100.96000000 Ask2:100.9220 Bid2:100.9210
10:28:56.949411> New Max DevBuy: 0.00000000 GapBuy:-0.04900000 avgGapBuy:-0.04900000 deviationBuy:0.00000000
10:28:56.949411> Ask1: 100.97000000 Bid1:100.96000000 Ask2:100.9220 Bid2:100.9210
10:28:56.949411> New Min DevSell: 0.00000000 GapSell:-0.03800000 avgGapSell:-0.03800000 deviationSell:0.00000000
10:28:56.949411> Ask1: 100.97000000 Bid1:100.96000000 Ask2:100.9220 Bid2:100.9210
10:28:56.950413> New Max DevBuy: 0.00000000 GapBuy:-0.04900000 avgGapBuy:-0.04900000 deviationBuy:0.00000000
10:28:56.950413> Ask1: 100.97000000 Bid1:100.96000000 Ask2:100.9220 Bid2:100.9210
10:28:56.950413> New Min DevSell: 0.00000000 GapSell:-0.03800000 avgGapSell:-0.03800000 deviationSell:0.00000000
10:28:56.950413> Ask1: 100.97000000 Bid1:100.96000000 Ask2:100.9220 Bid2:100.9210
10:28:56.952412> New Max DevBuy: 0.00000000 GapBuy:-0.04900000 avgGapBuy:-0.04900000 deviationBuy:0.00000000
10:28:56.952412> Ask1: 100.97000000 Bid1:100.96000000 Ask2:100.9220 Bid2:100.9210
10:28:56.952412> New Min DevSell: 0.00000000 GapSell:-0.03800000 avgGapSell:-0.03800000 deviationSell:0.00000000
10:28:56.952412> Ask1: 100.97000000 Bid1:100.96000000 Ask2:100.9220 Bid2:100.9210
10:28:56.953412> New Max DevBuy: 0.00000000 GapBuy:-0.04900000 avgGapBuy:-0.04900000 deviationBuy:0.00000000
10:28:56.953412> Ask1: 100.97000000 Bid1:100.96000000 Ask2:100.9220 Bid2:100.9210
10:28:56.953412> New Min DevSell: 0.00000000 GapSell:-0.03800000 avgGapSell:-0.03800000 deviationSell:0.00000000
10:28:56.953412> Ask1: 100.97000000 Bid1:100.96000000 Ask2:100.9220 Bid2:100.9210
10:28:56.955412> New Max DevBuy: 0.00000000 GapBuy:-0.04900000 avgGapBuy:-0.04900000 deviationBuy:0.00000000
10:28:56.955412> Ask1: 100.97000000 Bid1:100.96000000 Ask2:100.9220 Bid2:100.9210
10:28:56.955412> New Min DevSell: 0.00000000 GapSell:-0.03800000 avgGapSell:-0.03800000 deviationSell:0.00000000
10:28:56.955412> Ask1: 100.97000000 Bid1:100.96000000 Ask2:100.9220 Bid2:100.9210
10:28:56.957412> New Max DevBuy: 0.00000000 GapBuy:-0.04900000 avgGapBuy:-0.04900000 deviationBuy:0.00000000
10:28:56.957412> Ask1: 100.97000000 Bid1:100.96000000 Ask2:100.9220 Bid2:100.9210
10:28:56.957412> New Min DevSell: 0.00000000 GapSell:-0.03800000 avgGapSell:-0.03800000 deviationSell:0.00000000
10:28:56.957412> Ask1: 100.97000000 Bid1:100.96000000 Ask2:100.9220 Bid2:100.9210
10:28:56.959412> New Max DevBuy: 0.00000000 GapBuy:-0.04900000 avgGapBuy:-0.04900000 deviationBuy:0.00000000
10:28:56.959412> Ask1: 100.97000000 Bid1:100.96000000 Ask2:100.9220 Bid2:100.9210
10:28:56.959412> New Min DevSell: 0.00000000 GapSell:-0.03800000 avgGapSell:-0.03800000 deviationSell:0.00000000
10:28:56.959412> Ask1: 100.97000000 Bid1:100.96000000 Ask2:100.9220 Bid2:100.9210
10:28:56.960412> New Max DevBuy: 0.00000000 GapBuy:-0.04900000 avgGapBuy:-0.04900000 deviationBuy:0.00000000
10:28:56.960412> Ask1: 100.97000000 Bid1:100.96000000 Ask2:100.9220 Bid2:100.9210
10:28:56.960412> New Min DevSell: 0.00000000 GapSell:-0.03800000 avgGapSell:-0.03800000 deviationSell:0.00000000
10:28:56.960412> Ask1: 100.97000000 Bid1:100.96000000 Ask2:100.9220 Bid2:100.9210
10:28:56.962412> New Max DevBuy: 0.00000000 GapBuy:-0.04900000 avgGapBuy:-0.04900000 deviationBuy:0.00000000
10:28:56.962412> Ask1: 100.97000000 Bid1:100.96000000 Ask2:100.9220 Bid2:100.9210
10:28:56.962412> New Min DevSell: 0.00000000 GapSell:-0.03800000 avgGapSell:-0.03800000 deviationSell:0.00000000
10:28:56.962412> Ask1: 100.97000000 Bid1:100.96000000 Ask2:100.9220 Bid2:100.9210
10:28:56.963413> New Max DevBuy: 0.00000000 GapBuy:-0.04900000 avgGapBuy:-0.04900000 deviationBuy:0.00000000
10:28:56.963413> Ask1: 100.97000000 Bid1:100.96000000 Ask2:100.9220 Bid2:100.9210
10:28:56.963413> New Min DevSell: 0.00000000 GapSell:-0.03800000 avgGapSell:-0.03800000 deviationSell:0.00000000
10:28:56.963413> Ask1: 100.97000000 Bid1:100.96000000 Ask2:100.9220 Bid2:100.9210
10:28:56.965411> New Max DevBuy: 0.00000000 GapBuy:-0.04900000 avgGapBuy:-0.04900000 deviationBuy:0.00000000
10:28:56.965411> Ask1: 100.97000000 Bid1:100.96000000 Ask2:100.9220 Bid2:100.9210
10:28:56.965411> New Min DevSell: 0.00000000 GapSell:-0.03800000 avgGapSell:-0.03800000 deviationSell:0.00000000
10:28:56.965411> Ask1: 100.97000000 Bid1:100.96000000 Ask2:100.9220 Bid2:100.9210
10:28:56.966413> New Max DevBuy: 0.00000000 GapBuy:-0.04900000 avgGapBuy:-0.04900000 deviationBuy:0.00000000
10:28:56.966413> Ask1: 100.97000000 Bid1:100.96000000 Ask2:100.9220 Bid2:100.9210
10:28:56.971411> New Min DevSell: 0.00000000 GapSell:-0.03800000 avgGapSell:-0.03800000 deviationSell:0.00000000
10:28:56.971411> Ask1: 100.97000000 Bid1:100.96000000 Ask2:100.9220 Bid2:100.9210
10:28:56.973413> New Max DevBuy: 0.00000000 GapBuy:-0.04900000 avgGapBuy:-0.04900000 deviationBuy:0.00000000
10:28:56.973413> Ask1: 100.97000000 Bid1:100.96000000 Ask2:100.9220 Bid2:100.9210
10:28:56.973413> New Min DevSell: 0.00000000 GapSell:-0.03800000 avgGapSell:-0.03800000 deviationSell:0.00000000
10:28:56.973413> Ask1: 100.97000000 Bid1:100.96000000 Ask2:100.9220 Bid2:100.9210
10:28:56.975411> New Max DevBuy: 0.00000000 GapBuy:-0.04900000 avgGapBuy:-0.04900000 deviationBuy:0.00000000
10:28:56.975411> Ask1: 100.97000000 Bid1:100.96000000 Ask2:100.9220 Bid2:100.9210
10:28:56.975411> New Min DevSell: 0.00000000 GapSell:-0.03800000 avgGapSell:-0.03800000 deviationSell:0.00000000
10:28:56.975411> Ask1: 100.97000000 Bid1:100.96000000 Ask2:100.9220 Bid2:100.9210
10:28:56.976412> New Max DevBuy: 0.00000000 GapBuy:-0.04900000 avgGapBuy:-0.04900000 deviationBuy:0.00000000
10:28:56.976412> Ask1: 100.97000000 Bid1:100.96000000 Ask2:100.9220 Bid2:100.9210
10:28:56.976412> New Min DevSell: 0.00000000 GapSell:-0.03800000 avgGapSell:-0.03800000 deviationSell:0.00000000
10:28:56.976412> Ask1: 100.97000000 Bid1:100.96000000 Ask2:100.9220 Bid2:100.9210
10:28:56.977413> New Max DevBuy: 0.00000000 GapBuy:-0.04900000 avgGapBuy:-0.04900000 deviationBuy:0.00000000
10:28:56.977413> Ask1: 100.97000000 Bid1:100.96000000 Ask2:100.9220 Bid2:100.9210
10:28:56.977413> New Min DevSell: 0.00000000 GapSell:-0.03800000 avgGapSell:-0.03800000 deviationSell:0.00000000
10:28:56.977413> Ask1: 100.97000000 Bid1:100.96000000 Ask2:100.9220 Bid2:100.9210
10:28:56.979412> New Max DevBuy: 0.00000000 GapBuy:-0.04900000 avgGapBuy:-0.04900000 deviationBuy:0.00000000
10:28:56.979412> Ask1: 100.97000000 Bid1:100.96000000 Ask2:100.9220 Bid2:100.9210
10:28:56.979412> New Min DevSell: 0.00000000 GapSell:-0.03800000 avgGapSell:-0.03800000 deviationSell:0.00000000
10:28:56.979412> Ask1: 100.97000000 Bid1:100.96000000 Ask2:100.9220 Bid2:100.9210
10:28:56.982419> New Max DevBuy: 0.00000000 GapBuy:-0.04900000 avgGapBuy:-0.04900000 deviationBuy:0.00000000
10:28:56.982419> Ask1: 100.97000000 Bid1:100.96000000 Ask2:100.9220 Bid2:100.9210
10:28:56.982419> New Min DevSell: 0.00000000 GapSell:-0.03800000 avgGapSell:-0.03800000 deviationSell:0.00000000
10:28:56.982419> Ask1: 100.97000000 Bid1:100.96000000 Ask2:100.9220 Bid2:100.9210
10:28:56.984413> New Max DevBuy: 0.00000000 GapBuy:-0.04900000 avgGapBuy:-0.04900000 deviationBuy:0.00000000
10:28:56.984413> Ask1: 100.97000000 Bid1:100.96000000 Ask2:100.9220 Bid2:100.9210
10:28:56.984413> New Min DevSell: 0.00000000 GapSell:-0.03800000 avgGapSell:-0.03800000 deviationSell:0.00000000
10:28:56.984413> Ask1: 100.97000000 Bid1:100.96000000 Ask2:100.9220 Bid2:100.9210
10:28:56.985413> New Max DevBuy: 0.00000000 GapBuy:-0.04900000 avgGapBuy:-0.04900000 deviationBuy:0.00000000
10:28:56.985413> Ask1: 100.97000000 Bid1:100.96000000 Ask2:100.9220 Bid2:100.9210
10:28:56.985413> New Min DevSell: 0.00000000 GapSell:-0.03800000 avgGapSell:-0.03800000 deviationSell:0.00000000
10:28:56.985413> Ask1: 100.97000000 Bid1:100.96000000 Ask2:100.9220 Bid2:100.9210
10:28:56.987412> New Max DevBuy: 0.00000000 GapBuy:-0.04900000 avgGapBuy:-0.04900000 deviationBuy:0.00000000
10:28:56.987412> Ask1: 100.97000000 Bid1:100.96000000 Ask2:100.9220 Bid2:100.9210
10:28:56.987412> New Min DevSell: 0.00000000 GapSell:-0.03800000 avgGapSell:-0.03800000 deviationSell:0.00000000
10:28:56.987412> Ask1: 100.97000000 Bid1:100.96000000 Ask2:100.9220 Bid2:100.9210
10:28:56.988413> New Max DevBuy: 0.00000000 GapBuy:-0.04900000 avgGapBuy:-0.04900000 deviationBuy:0.00000000
10:28:56.988413> Ask1: 100.97000000 Bid1:100.96000000 Ask2:100.9220 Bid2:100.9210
10:28:56.988413> New Min DevSell: 0.00000000 GapSell:-0.03800000 avgGapSell:-0.03800000 deviationSell:0.00000000
10:28:56.988413> Ask1: 100.97000000 Bid1:100.96000000 Ask2:100.9220 Bid2:100.9210
10:28:56.990414> New Max DevBuy: 0.00000000 GapBuy:-0.04900000 avgGapBuy:-0.04900000 deviationBuy:0.00000000
10:28:56.990414> Ask1: 100.97000000 Bid1:100.96000000 Ask2:100.9220 Bid2:100.9210
10:28:56.990414> New Min DevSell: 0.00000000 GapSell:-0.03800000 avgGapSell:-0.03800000 deviationSell:0.00000000
10:28:56.990414> Ask1: 100.97000000 Bid1:100.96000000 Ask2:100.9220 Bid2:100.9210
10:28:56.991414> New Max DevBuy: 0.00000000 GapBuy:-0.04900000 avgGapBuy:-0.04900000 deviationBuy:0.00000000
10:28:56.991414> Ask1: 100.97000000 Bid1:100.96000000 Ask2:100.9220 Bid2:100.9210
10:28:56.991414> New Min DevSell: 0.00000000 GapSell:-0.03800000 avgGapSell:-0.03800000 deviationSell:0.00000000
10:28:56.991414> Ask1: 100.97000000 Bid1:100.96000000 Ask2:100.9220 Bid2:100.9210
10:28:56.994412> New Max DevBuy: 0.00000000 GapBuy:-0.04900000 avgGapBuy:-0.04900000 deviationBuy:0.00000000
10:28:56.994412> Ask1: 100.97000000 Bid1:100.96000000 Ask2:100.9220 Bid2:100.9210
10:28:56.994412> New Min DevSell: 0.00000000 GapSell:-0.03800000 avgGapSell:-0.03800000 deviationSell:0.00000000
10:28:56.994412> Ask1: 100.97000000 Bid1:100.96000000 Ask2:100.9220 Bid2:100.9210
10:28:56.995414> New Max DevBuy: 0.00000000 GapBuy:-0.04900000 avgGapBuy:-0.04900000 deviationBuy:0.00000000
10:28:56.995414> Ask1: 100.97000000 Bid1:100.96000000 Ask2:100.9220 Bid2:100.9210
10:28:56.995414> New Min DevSell: 0.00000000 GapSell:-0.03800000 avgGapSell:-0.03800000 deviationSell:0.00000000
10:28:56.995414> Ask1: 100.97000000 Bid1:100.96000000 Ask2:100.9220 Bid2:100.9210
10:28:56.996414> New Max DevBuy: 0.00000000 GapBuy:-0.04900000 avgGapBuy:-0.04900000 deviationBuy:0.00000000
10:28:56.996414> Ask1: 100.97000000 Bid1:100.96000000 Ask2:100.9220 Bid2:100.9210
10:28:56.996414> New Min DevSell: 0.00000000 GapSell:-0.03800000 avgGapSell:-0.03800000 deviationSell:0.00000000
10:28:56.996414> Ask1: 100.97000000 Bid1:100.96000000 Ask2:100.9220 Bid2:100.9210
10:28:56.997415> New Max DevBuy: 0.00000000 GapBuy:-0.04900000 avgGapBuy:-0.04900000 deviationBuy:0.00000000
10:28:56.997415> Ask1: 100.97000000 Bid1:100.96000000 Ask2:100.9220 Bid2:100.9210
10:28:56.997415> New Min DevSell: 0.00000000 GapSell:-0.03800000 avgGapSell:-0.03800000 deviationSell:0.00000000
10:28:56.997415> Ask1: 100.97000000 Bid1:100.96000000 Ask2:100.9220 Bid2:100.9210
10:28:56.999414> New Max DevBuy: 0.00000000 GapBuy:-0.04900000 avgGapBuy:-0.04900000 deviationBuy:0.00000000
10:28:56.999414> Ask1: 100.97000000 Bid1:100.96000000 Ask2:100.9220 Bid2:100.9210
10:28:56.999414> New Min DevSell: 0.00000000 GapSell:-0.03800000 avgGapSell:-0.03800000 deviationSell:0.00000000
10:28:56.999414> Ask1: 100.97000000 Bid1:100.96000000 Ask2:100.9220 Bid2:100.9210
10:28:57.002415> New Max DevBuy: 0.00000000 GapBuy:-0.04900000 avgGapBuy:-0.04900000 deviationBuy:0.00000000
10:28:57.002415> Ask1: 100.97000000 Bid1:100.96000000 Ask2:100.9220 Bid2:100.9210
10:28:57.002415> New Min DevSell: 0.00000000 GapSell:-0.03800000 avgGapSell:-0.03800000 deviationSell:0.00000000
10:28:57.002415> Ask1: 100.97000000 Bid1:100.96000000 Ask2:100.9220 Bid2:100.9210
10:28:57.005413> New Max DevBuy: 0.00000000 GapBuy:-0.04900000 avgGapBuy:-0.04900000 deviationBuy:0.00000000
10:28:57.005413> Ask1: 100.97000000 Bid1:100.96000000 Ask2:100.9220 Bid2:100.9210
10:28:57.005413> New Min DevSell: 0.00000000 GapSell:-0.03800000 avgGapSell:-0.03800000 deviationSell:0.00000000
10:28:57.005413> Ask1: 100.97000000 Bid1:100.96000000 Ask2:100.9220 Bid2:100.9210
10:28:57.006415> New Max DevBuy: 0.00000000 GapBuy:-0.04900000 avgGapBuy:-0.04900000 deviationBuy:0.00000000
10:28:57.006415> Ask1: 100.97000000 Bid1:100.96000000 Ask2:100.9220 Bid2:100.9210
10:28:57.006415> New Min DevSell: 0.00000000 GapSell:-0.03800000 avgGapSell:-0.03800000 deviationSell:0.00000000
10:28:57.006415> Ask1: 100.97000000 Bid1:100.96000000 Ask2:100.9220 Bid2:100.9210
10:28:57.007415> New Max DevBuy: 0.00000000 GapBuy:-0.04900000 avgGapBuy:-0.04900000 deviationBuy:0.00000000
10:28:57.007415> Ask1: 100.97000000 Bid1:100.96000000 Ask2:100.9220 Bid2:100.9210
10:28:57.007415> New Min DevSell: 0.00000000 GapSell:-0.03800000 avgGapSell:-0.03800000 deviationSell:0.00000000
10:28:57.007415> Ask1: 100.97000000 Bid1:100.96000000 Ask2:100.9220 Bid2:100.9210
10:28:57.009416> New Max DevBuy: 0.00000000 GapBuy:-0.04900000 avgGapBuy:-0.04900000 deviationBuy:0.00000000
10:28:57.009416> Ask1: 100.97000000 Bid1:100.96000000 Ask2:100.9220 Bid2:100.9210
10:28:57.009416> New Min DevSell: 0.00000000 GapSell:-0.03800000 avgGapSell:-0.03800000 deviationSell:0.00000000
10:28:57.009416> Ask1: 100.97000000 Bid1:100.96000000 Ask2:100.9220 Bid2:100.9210
10:28:57.011415> New Max DevBuy: 0.00000000 GapBuy:-0.04900000 avgGapBuy:-0.04900000 deviationBuy:0.00000000
10:28:57.011415> Ask1: 100.97000000 Bid1:100.96000000 Ask2:100.9220 Bid2:100.9210
10:28:57.011415> New Min DevSell: 0.00000000 GapSell:-0.03800000 avgGapSell:-0.03800000 deviationSell:0.00000000
10:28:57.012417> Ask1: 100.97000000 Bid1:100.96000000 Ask2:100.9220 Bid2:100.9210
10:28:57.014416> New Max DevBuy: 0.00000000 GapBuy:-0.04900000 avgGapBuy:-0.04900000 deviationBuy:0.00000000
10:28:57.014416> Ask1: 100.97000000 Bid1:100.96000000 Ask2:100.9220 Bid2:100.9210
10:28:57.014416> New Min DevSell: 0.00000000 GapSell:-0.03800000 avgGapSell:-0.03800000 deviationSell:0.00000000
10:28:57.015415> Ask1: 100.97000000 Bid1:100.96000000 Ask2:100.9220 Bid2:100.9210
10:28:57.016415> New Max DevBuy: 0.00000000 GapBuy:-0.04900000 avgGapBuy:-0.04900000 deviationBuy:0.00000000
10:28:57.016415> Ask1: 100.97000000 Bid1:100.96000000 Ask2:100.9220 Bid2:100.9210
10:28:57.016415> New Min DevSell: 0.00000000 GapSell:-0.03800000 avgGapSell:-0.03800000 deviationSell:0.00000000
10:28:57.016415> Ask1: 100.97000000 Bid1:100.96000000 Ask2:100.9220 Bid2:100.9210
10:28:57.019416> New Max DevBuy: 0.00000000 GapBuy:-0.04900000 avgGapBuy:-0.04900000 deviationBuy:0.00000000
10:28:57.019416> Ask1: 100.97000000 Bid1:100.96000000 Ask2:100.9220 Bid2:100.9210
10:28:57.019416> New Min DevSell: 0.00000000 GapSell:-0.03800000 avgGapSell:-0.03800000 deviationSell:0.00000000
10:28:57.020418> Ask1: 100.97000000 Bid1:100.96000000 Ask2:100.9220 Bid2:100.9210
10:28:57.022416> New Max DevBuy: 0.00000000 GapBuy:-0.04900000 avgGapBuy:-0.04900000 deviationBuy:0.00000000
10:28:57.022416> Ask1: 100.97000000 Bid1:100.96000000 Ask2:100.9220 Bid2:100.9210
10:28:57.022416> New Min DevSell: 0.00000000 GapSell:-0.03800000 avgGapSell:-0.03800000 deviationSell:0.00000000
10:28:57.022416> Ask1: 100.97000000 Bid1:100.96000000 Ask2:100.9220 Bid2:100.9210
10:28:57.023418> New Max DevBuy: 0.00000000 GapBuy:-0.04900000 avgGapBuy:-0.04900000 deviationBuy:0.00000000
10:28:57.023418> Ask1: 100.97000000 Bid1:100.96000000 Ask2:100.9220 Bid2:100.9210
10:28:57.023418> New Min DevSell: 0.00000000 GapSell:-0.03800000 avgGapSell:-0.03800000 deviationSell:0.00000000
10:28:57.023418> Ask1: 100.97000000 Bid1:100.96000000 Ask2:100.9220 Bid2:100.9210
10:28:57.025416> New Max DevBuy: 0.00000000 GapBuy:-0.04900000 avgGapBuy:-0.04900000 deviationBuy:0.00000000
10:28:57.025416> Ask1: 100.97000000 Bid1:100.96000000 Ask2:100.9220 Bid2:100.9210
10:28:57.025416> New Min DevSell: 0.00000000 GapSell:-0.03800000 avgGapSell:-0.03800000 deviationSell:0.00000000
10:28:57.026419> Ask1: 100.97000000 Bid1:100.96000000 Ask2:100.9220 Bid2:100.9210
10:28:57.027427> New Max DevBuy: 0.00000000 GapBuy:-0.04900000 avgGapBuy:-0.04900000 deviationBuy:0.00000000
10:28:57.027427> Ask1: 100.97000000 Bid1:100.96000000 Ask2:100.9220 Bid2:100.9210
10:28:57.027427> New Min DevSell: 0.00000000 GapSell:-0.03800000 avgGapSell:-0.03800000 deviationSell:0.00000000
10:28:57.028421> Ask1: 100.97000000 Bid1:100.96000000 Ask2:100.9220 Bid2:100.9210
10:28:57.029423> New Max DevBuy: 0.00000000 GapBuy:-0.04900000 avgGapBuy:-0.04900000 deviationBuy:0.00000000
10:28:57.029423> Ask1: 100.97000000 Bid1:100.96000000 Ask2:100.9220 Bid2:100.9210
10:28:57.029423> New Min DevSell: 0.00000000 GapSell:-0.03800000 avgGapSell:-0.03800000 deviationSell:0.00000000
10:28:57.030417> Ask1: 100.97000000 Bid1:100.96000000 Ask2:100.9220 Bid2:100.9210
10:28:57.031421> New Max DevBuy: 0.00000000 GapBuy:-0.04900000 avgGapBuy:-0.04900000 deviationBuy:0.00000000
10:28:57.031421> Ask1: 100.97000000 Bid1:100.96000000 Ask2:100.9220 Bid2:100.9210
10:28:57.031421> New Min DevSell: 0.00000000 GapSell:-0.03800000 avgGapSell:-0.03800000 deviationSell:0.00000000
10:28:57.031421> Ask1: 100.97000000 Bid1:100.96000000 Ask2:100.9220 Bid2:100.9210
10:28:57.033422> New Max DevBuy: 0.00000000 GapBuy:-0.04900000 avgGapBuy:-0.04900000 deviationBuy:0.00000000
10:28:57.033422> Ask1: 100.97000000 Bid1:100.96000000 Ask2:100.9220 Bid2:100.9210
10:28:57.033422> New Min DevSell: 0.00000000 GapSell:-0.03800000 avgGapSell:-0.03800000 deviationSell:0.00000000
10:28:57.034421> Ask1: 100.97000000 Bid1:100.96000000 Ask2:100.9220 Bid2:100.9210
10:28:57.036416> New Max DevBuy: 0.00000000 GapBuy:-0.04900000 avgGapBuy:-0.04900000 deviationBuy:0.00000000
10:28:57.036416> Ask1: 100.97000000 Bid1:100.96000000 Ask2:100.9220 Bid2:100.9210
10:28:57.037420> New Min DevSell: 0.00000000 GapSell:-0.03800000 avgGapSell:-0.03800000 deviationSell:0.00000000
10:28:57.037420> Ask1: 100.97000000 Bid1:100.96000000 Ask2:100.9220 Bid2:100.9210
10:28:57.038427> New Max DevBuy: 0.00000000 GapBuy:-0.04900000 avgGapBuy:-0.04900000 deviationBuy:0.00000000
10:28:57.038427> Ask1: 100.97000000 Bid1:100.96000000 Ask2:100.9220 Bid2:100.9210
10:28:57.038427> New Min DevSell: 0.00000000 GapSell:-0.03800000 avgGapSell:-0.03800000 deviationSell:0.00000000
10:28:57.039421> Ask1: 100.97000000 Bid1:100.96000000 Ask2:100.9220 Bid2:100.9210
10:28:57.040421> New Max DevBuy: 0.00000000 GapBuy:-0.04900000 avgGapBuy:-0.04900000 deviationBuy:0.00000000
10:28:57.040421> Ask1: 100.97000000 Bid1:100.96000000 Ask2:100.9220 Bid2:100.9210
10:28:57.040421> New Min DevSell: 0.00000000 GapSell:-0.03800000 avgGapSell:-0.03800000 deviationSell:0.00000000
10:28:57.040421> Ask1: 100.97000000 Bid1:100.96000000 Ask2:100.9220 Bid2:100.9210
10:28:57.042419> New Max DevBuy: 0.00000000 GapBuy:-0.04900000 avgGapBuy:-0.04900000 deviationBuy:0.00000000
10:28:57.042419> Ask1: 100.97000000 Bid1:100.96000000 Ask2:100.9220 Bid2:100.9210
10:28:57.042419> New Min DevSell: 0.00000000 GapSell:-0.03800000 avgGapSell:-0.03800000 deviationSell:0.00000000
10:28:57.043423> Ask1: 100.97000000 Bid1:100.96000000 Ask2:100.9220 Bid2:100.9210
10:28:57.045419> New Max DevBuy: 0.00000000 GapBuy:-0.04900000 avgGapBuy:-0.04900000 deviationBuy:0.00000000
10:28:57.045419> Ask1: 100.97000000 Bid1:100.96000000 Ask2:100.9220 Bid2:100.9210
10:28:57.046425> New Min DevSell: 0.00000000 GapSell:-0.03800000 avgGapSell:-0.03800000 deviationSell:0.00000000
10:28:57.046425> Ask1: 100.97000000 Bid1:100.96000000 Ask2:100.9220 Bid2:100.9210
10:28:57.048419> New Max DevBuy: 0.00000000 GapBuy:-0.04900000 avgGapBuy:-0.04900000 deviationBuy:0.00000000
10:28:57.048419> Ask1: 100.97000000 Bid1:100.96000000 Ask2:100.9220 Bid2:100.9210
10:28:57.048419> New Min DevSell: 0.00000000 GapSell:-0.03800000 avgGapSell:-0.03800000 deviationSell:0.00000000
10:28:57.049417> Ask1: 100.97000000 Bid1:100.96000000 Ask2:100.9220 Bid2:100.9210
10:28:57.050418> New Max DevBuy: 0.00000000 GapBuy:-0.04900000 avgGapBuy:-0.04900000 deviationBuy:0.00000000
10:28:57.050418> Ask1: 100.97000000 Bid1:100.96000000 Ask2:100.9220 Bid2:100.9210
10:28:57.050418> New Min DevSell: 0.00000000 GapSell:-0.03800000 avgGapSell:-0.03800000 deviationSell:0.00000000
10:28:57.050418> Ask1: 100.97000000 Bid1:100.96000000 Ask2:100.9220 Bid2:100.9210
10:28:57.053417> New Max DevBuy: 0.00000000 GapBuy:-0.04900000 avgGapBuy:-0.04900000 deviationBuy:0.00000000
10:28:57.053417> Ask1: 100.97000000 Bid1:100.96000000 Ask2:100.9220 Bid2:100.9210
10:28:57.053417> New Min DevSell: 0.00000000 GapSell:-0.03800000 avgGapSell:-0.03800000 deviationSell:0.00000000
10:28:57.053417> Ask1: 100.97000000 Bid1:100.96000000 Ask2:100.9220 Bid2:100.9210
10:28:57.056418> New Max DevBuy: 0.00000000 GapBuy:-0.04900000 avgGapBuy:-0.04900000 deviationBuy:0.00000000
10:28:57.056418> Ask1: 100.97000000 Bid1:100.96000000 Ask2:100.9220 Bid2:100.9210
10:28:57.056418> New Min DevSell: 0.00000000 GapSell:-0.03800000 avgGapSell:-0.03800000 deviationSell:0.00000000
10:28:57.056418> Ask1: 100.97000000 Bid1:100.96000000 Ask2:100.9220 Bid2:100.9210
10:28:57.058417> New Max DevBuy: 0.00000000 GapBuy:-0.04900000 avgGapBuy:-0.04900000 deviationBuy:0.00000000
10:28:57.058417> Ask1: 100.97000000 Bid1:100.96000000 Ask2:100.9220 Bid2:100.9210
10:28:57.058417> New Min DevSell: 0.00000000 GapSell:-0.03800000 avgGapSell:-0.03800000 deviationSell:0.00000000
10:28:57.058417> Ask1: 100.97000000 Bid1:100.96000000 Ask2:100.9220 Bid2:100.9210
10:28:57.060418> New Max DevBuy: 0.00000000 GapBuy:-0.04900000 avgGapBuy:-0.04900000 deviationBuy:0.00000000
10:28:57.060418> Ask1: 100.97000000 Bid1:100.96000000 Ask2:100.9220 Bid2:100.9210
10:28:57.060418> New Min DevSell: 0.00000000 GapSell:-0.03800000 avgGapSell:-0.03800000 deviationSell:0.00000000
10:28:57.060418> Ask1: 100.97000000 Bid1:100.96000000 Ask2:100.9220 Bid2:100.9210
10:28:57.063416> New Max DevBuy: 0.00000000 GapBuy:-0.04900000 avgGapBuy:-0.04900000 deviationBuy:0.00000000
10:28:57.063416> Ask1: 100.97000000 Bid1:100.96000000 Ask2:100.9220 Bid2:100.9210
10:28:57.063416> New Min DevSell: 0.00000000 GapSell:-0.03800000 avgGapSell:-0.03800000 deviationSell:0.00000000
10:28:57.063416> Ask1: 100.97000000 Bid1:100.96000000 Ask2:100.9220 Bid2:100.9210
10:28:57.065420> New Max DevBuy: 0.00000000 GapBuy:-0.04900000 avgGapBuy:-0.04900000 deviationBuy:0.00000000
10:28:57.065420> Ask1: 100.97000000 Bid1:100.96000000 Ask2:100.9220 Bid2:100.9210
10:28:57.065420> New Min DevSell: 0.00000000 GapSell:-0.03800000 avgGapSell:-0.03800000 deviationSell:0.00000000
10:28:57.066419> Ask1: 100.97000000 Bid1:100.96000000 Ask2:100.9220 Bid2:100.9210
10:28:57.068417> New Max DevBuy: 0.00000000 GapBuy:-0.04900000 avgGapBuy:-0.04900000 deviationBuy:0.00000000
10:28:57.068417> Ask1: 100.97000000 Bid1:100.96000000 Ask2:100.9220 Bid2:100.9210
10:28:57.068417> New Min DevSell: 0.00000000 GapSell:-0.03800000 avgGapSell:-0.03800000 deviationSell:0.00000000
10:28:57.068417> Ask1: 100.97000000 Bid1:100.96000000 Ask2:100.9220 Bid2:100.9210
10:28:57.070415> New Max DevBuy: 0.00000000 GapBuy:-0.04900000 avgGapBuy:-0.04900000 deviationBuy:0.00000000
10:28:57.070415> Ask1: 100.97000000 Bid1:100.96000000 Ask2:100.9220 Bid2:100.9210
10:28:57.070415> New Min DevSell: 0.00000000 GapSell:-0.03800000 avgGapSell:-0.03800000 deviationSell:0.00000000
10:28:57.070415> Ask1: 100.97000000 Bid1:100.96000000 Ask2:100.9220 Bid2:100.9210
10:28:57.071417> New Max DevBuy: 0.00000000 GapBuy:-0.04900000 avgGapBuy:-0.04900000 deviationBuy:0.00000000
10:28:57.071417> Ask1: 100.97000000 Bid1:100.96000000 Ask2:100.9220 Bid2:100.9210
10:28:57.071417> New Min DevSell: 0.00000000 GapSell:-0.03800000 avgGapSell:-0.03800000 deviationSell:0.00000000
10:28:57.071417> Ask1: 100.97000000 Bid1:100.96000000 Ask2:100.9220 Bid2:100.9210
10:28:57.072417> New Max DevBuy: 0.00000000 GapBuy:-0.04900000 avgGapBuy:-0.04900000 deviationBuy:0.00000000
10:28:57.072417> Ask1: 100.97000000 Bid1:100.96000000 Ask2:100.9220 Bid2:100.9210
10:28:57.072417> New Min DevSell: 0.00000000 GapSell:-0.03800000 avgGapSell:-0.03800000 deviationSell:0.00000000
10:28:57.072417> Ask1: 100.97000000 Bid1:100.96000000 Ask2:100.9220 Bid2:100.9210
10:28:57.073418> New Max DevBuy: 0.00000000 GapBuy:-0.04900000 avgGapBuy:-0.04900000 deviationBuy:0.00000000
10:28:57.073418> Ask1: 100.97000000 Bid1:100.96000000 Ask2:100.9220 Bid2:100.9210
10:28:57.076418> New Min DevSell: 0.00000000 GapSell:-0.03800000 avgGapSell:-0.03800000 deviationSell:0.00000000
10:28:57.076418> Ask1: 100.97000000 Bid1:100.96000000 Ask2:100.9220 Bid2:100.9210
10:28:57.077421> New Max DevBuy: 0.00000000 GapBuy:-0.04900000 avgGapBuy:-0.04900000 deviationBuy:0.00000000
10:28:57.077421> Ask1: 100.97000000 Bid1:100.96000000 Ask2:100.9220 Bid2:100.9210
10:28:57.077421> New Min DevSell: 0.00000000 GapSell:-0.03800000 avgGapSell:-0.03800000 deviationSell:0.00000000
10:28:57.077421> Ask1: 100.97000000 Bid1:100.96000000 Ask2:100.9220 Bid2:100.9210
10:28:57.079419> New Max DevBuy: 0.00000000 GapBuy:-0.04900000 avgGapBuy:-0.04900000 deviationBuy:0.00000000
10:28:57.079419> Ask1: 100.97000000 Bid1:100.96000000 Ask2:100.9220 Bid2:100.9210
10:28:57.079419> New Min DevSell: 0.00000000 GapSell:-0.03800000 avgGapSell:-0.03800000 deviationSell:0.00000000
10:28:57.079419> Ask1: 100.97000000 Bid1:100.96000000 Ask2:100.9220 Bid2:100.9210
10:28:57.080419> New Max DevBuy: 0.00000000 GapBuy:-0.04900000 avgGapBuy:-0.04900000 deviationBuy:0.00000000
10:28:57.080419> Ask1: 100.97000000 Bid1:100.96000000 Ask2:100.9220 Bid2:100.9210
10:28:57.080419> New Min DevSell: 0.00000000 GapSell:-0.03800000 avgGapSell:-0.03800000 deviationSell:0.00000000
10:28:57.080419> Ask1: 100.97000000 Bid1:100.96000000 Ask2:100.9220 Bid2:100.9210
10:28:57.082434> New Max DevBuy: 0.00000000 GapBuy:-0.04900000 avgGapBuy:-0.04900000 deviationBuy:0.00000000
10:28:57.082434> Ask1: 100.97000000 Bid1:100.96000000 Ask2:100.9220 Bid2:100.9210
10:28:57.082434> New Min DevSell: 0.00000000 GapSell:-0.03800000 avgGapSell:-0.03800000 deviationSell:0.00000000
10:28:57.082434> Ask1: 100.97000000 Bid1:100.96000000 Ask2:100.9220 Bid2:100.9210
10:28:57.084428> New Max DevBuy: 0.00000000 GapBuy:-0.04900000 avgGapBuy:-0.04900000 deviationBuy:0.00000000
10:28:57.084428> Ask1: 100.97000000 Bid1:100.96000000 Ask2:100.9220 Bid2:100.9210
10:28:57.084428> New Min DevSell: 0.00000000 GapSell:-0.03800000 avgGapSell:-0.03800000 deviationSell:0.00000000
10:28:57.084428> Ask1: 100.97000000 Bid1:100.96000000 Ask2:100.9220 Bid2:100.9210
10:28:57.086428> New Max DevBuy: 0.00000000 GapBuy:-0.04900000 avgGapBuy:-0.04900000 deviationBuy:0.00000000
10:28:57.086428> Ask1: 100.97000000 Bid1:100.96000000 Ask2:100.9220 Bid2:100.9210
10:28:57.086428> New Min DevSell: 0.00000000 GapSell:-0.03800000 avgGapSell:-0.03800000 deviationSell:0.00000000
10:28:57.086428> Ask1: 100.97000000 Bid1:100.96000000 Ask2:100.9220 Bid2:100.9210
10:28:57.088416> New Max DevBuy: 0.00000000 GapBuy:-0.04900000 avgGapBuy:-0.04900000 deviationBuy:0.00000000
10:28:57.088416> Ask1: 100.97000000 Bid1:100.96000000 Ask2:100.9220 Bid2:100.9210
10:28:57.088416> New Min DevSell: 0.00000000 GapSell:-0.03800000 avgGapSell:-0.03800000 deviationSell:0.00000000
10:28:57.088416> Ask1: 100.97000000 Bid1:100.96000000 Ask2:100.9220 Bid2:100.9210
10:28:57.089422> New Max DevBuy: 0.00000000 GapBuy:-0.04900000 avgGapBuy:-0.04900000 deviationBuy:0.00000000
10:28:57.089422> Ask1: 100.97000000 Bid1:100.96000000 Ask2:100.9220 Bid2:100.9210
10:28:57.089422> New Min DevSell: 0.00000000 GapSell:-0.03800000 avgGapSell:-0.03800000 deviationSell:0.00000000
10:28:57.089422> Ask1: 100.97000000 Bid1:100.96000000 Ask2:100.9220 Bid2:100.9210
10:28:57.091418> New Max DevBuy: 0.00000000 GapBuy:-0.04900000 avgGapBuy:-0.04900000 deviationBuy:0.00000000
10:28:57.091418> Ask1: 100.97000000 Bid1:100.96000000 Ask2:100.9220 Bid2:100.9210
10:28:57.091418> New Min DevSell: 0.00000000 GapSell:-0.03800000 avgGapSell:-0.03800000 deviationSell:0.00000000
10:28:57.091418> Ask1: 100.97000000 Bid1:100.96000000 Ask2:100.9220 Bid2:100.9210
10:28:57.093416> New Max DevBuy: 0.00000000 GapBuy:-0.04900000 avgGapBuy:-0.04900000 deviationBuy:0.00000000
10:28:57.093416> Ask1: 100.97000000 Bid1:100.96000000 Ask2:100.9220 Bid2:100.9210
10:28:57.093416> New Min DevSell: 0.00000000 GapSell:-0.03800000 avgGapSell:-0.03800000 deviationSell:0.00000000
10:28:57.093416> Ask1: 100.97000000 Bid1:100.96000000 Ask2:100.9220 Bid2:100.9210
10:28:57.094418> New Max DevBuy: 0.00000000 GapBuy:-0.04900000 avgGapBuy:-0.04900000 deviationBuy:0.00000000
10:28:57.094418> Ask1: 100.97000000 Bid1:100.96000000 Ask2:100.9220 Bid2:100.9210
10:28:57.094418> New Min DevSell: 0.00000000 GapSell:-0.03800000 avgGapSell:-0.03800000 deviationSell:0.00000000
10:28:57.094418> Ask1: 100.97000000 Bid1:100.96000000 Ask2:100.9220 Bid2:100.9210
10:28:57.096417> New Max DevBuy: 0.00000000 GapBuy:-0.04900000 avgGapBuy:-0.04900000 deviationBuy:0.00000000
10:28:57.096417> Ask1: 100.97000000 Bid1:100.96000000 Ask2:100.9220 Bid2:100.9210
10:28:57.096417> New Min DevSell: 0.00000000 GapSell:-0.03800000 avgGapSell:-0.03800000 deviationSell:0.00000000
10:28:57.096417> Ask1: 100.97000000 Bid1:100.96000000 Ask2:100.9220 Bid2:100.9210
10:28:57.097421> New Max DevBuy: 0.00000000 GapBuy:-0.04900000 avgGapBuy:-0.04900000 deviationBuy:0.00000000
10:28:57.097421> Ask1: 100.97000000 Bid1:100.96000000 Ask2:100.9220 Bid2:100.9210
10:28:57.097421> New Min DevSell: 0.00000000 GapSell:-0.03800000 avgGapSell:-0.03800000 deviationSell:0.00000000
10:28:57.097421> Ask1: 100.97000000 Bid1:100.96000000 Ask2:100.9220 Bid2:100.9210
10:28:57.099417> New Max DevBuy: 0.00000000 GapBuy:-0.04900000 avgGapBuy:-0.04900000 deviationBuy:0.00000000
10:28:57.099417> Ask1: 100.97000000 Bid1:100.96000000 Ask2:100.9220 Bid2:100.9210
10:28:57.099417> New Min DevSell: 0.00000000 GapSell:-0.03800000 avgGapSell:-0.03800000 deviationSell:0.00000000
10:28:57.099417> Ask1: 100.97000000 Bid1:100.96000000 Ask2:100.9220 Bid2:100.9210
10:28:57.100418> New Max DevBuy: 0.00000000 GapBuy:-0.04900000 avgGapBuy:-0.04900000 deviationBuy:0.00000000
10:28:57.100418> Ask1: 100.97000000 Bid1:100.96000000 Ask2:100.9220 Bid2:100.9210
10:28:57.100418> New Min DevSell: 0.00000000 GapSell:-0.03800000 avgGapSell:-0.03800000 deviationSell:0.00000000
10:28:57.100418> Ask1: 100.97000000 Bid1:100.96000000 Ask2:100.9220 Bid2:100.9210
10:28:57.101420> New Max DevBuy: 0.00000000 GapBuy:-0.04900000 avgGapBuy:-0.04900000 deviationBuy:0.00000000
10:28:57.101420> Ask1: 100.97000000 Bid1:100.96000000 Ask2:100.9220 Bid2:100.9210
10:28:57.101420> New Min DevSell: 0.00000000 GapSell:-0.03800000 avgGapSell:-0.03800000 deviationSell:0.00000000
10:28:57.101420> Ask1: 100.97000000 Bid1:100.96000000 Ask2:100.9220 Bid2:100.9210
10:28:57.102422> New Max DevBuy: 0.00000000 GapBuy:-0.04900000 avgGapBuy:-0.04900000 deviationBuy:0.00000000
10:28:57.102422> Ask1: 100.97000000 Bid1:100.96000000 Ask2:100.9220 Bid2:100.9210
10:28:57.102422> New Min DevSell: 0.00000000 GapSell:-0.03800000 avgGapSell:-0.03800000 deviationSell:0.00000000
10:28:57.102422> Ask1: 100.97000000 Bid1:100.96000000 Ask2:100.9220 Bid2:100.9210
10:28:57.104420> New Max DevBuy: 0.00000000 GapBuy:-0.04900000 avgGapBuy:-0.04900000 deviationBuy:0.00000000
10:28:57.104420> Ask1: 100.97000000 Bid1:100.96000000 Ask2:100.9220 Bid2:100.9210
10:28:57.104420> New Min DevSell: 0.00000000 GapSell:-0.03800000 avgGapSell:-0.03800000 deviationSell:0.00000000
10:28:57.104420> Ask1: 100.97000000 Bid1:100.96000000 Ask2:100.9220 Bid2:100.9210
10:28:57.106417> New Max DevBuy: 0.00000000 GapBuy:-0.04900000 avgGapBuy:-0.04900000 deviationBuy:0.00000000
10:28:57.106417> Ask1: 100.97000000 Bid1:100.96000000 Ask2:100.9220 Bid2:100.9210
10:28:57.106417> New Min DevSell: 0.00000000 GapSell:-0.03800000 avgGapSell:-0.03800000 deviationSell:0.00000000
10:28:57.106417> Ask1: 100.97000000 Bid1:100.96000000 Ask2:100.9220 Bid2:100.9210
10:28:57.107418> New Max DevBuy: 0.00000000 GapBuy:-0.04900000 avgGapBuy:-0.04900000 deviationBuy:0.00000000
10:28:57.107418> Ask1: 100.97000000 Bid1:100.96000000 Ask2:100.9220 Bid2:100.9210
10:28:57.107418> New Min DevSell: 0.00000000 GapSell:-0.03800000 avgGapSell:-0.03800000 deviationSell:0.00000000
10:28:57.107418> Ask1: 100.97000000 Bid1:100.96000000 Ask2:100.9220 Bid2:100.9210
10:28:57.109419> New Max DevBuy: 0.00000000 GapBuy:-0.04900000 avgGapBuy:-0.04900000 deviationBuy:0.00000000
10:28:57.109419> Ask1: 100.97000000 Bid1:100.96000000 Ask2:100.9220 Bid2:100.9210
10:28:57.109419> New Min DevSell: 0.00000000 GapSell:-0.03800000 avgGapSell:-0.03800000 deviationSell:0.00000000
10:28:57.109419> Ask1: 100.97000000 Bid1:100.96000000 Ask2:100.9220 Bid2:100.9210
10:28:57.110422> New Max DevBuy: 0.00000000 GapBuy:-0.04900000 avgGapBuy:-0.04900000 deviationBuy:0.00000000
10:28:57.110422> Ask1: 100.97000000 Bid1:100.96000000 Ask2:100.9220 Bid2:100.9210
10:28:57.110422> New Min DevSell: 0.00000000 GapSell:-0.03800000 avgGapSell:-0.03800000 deviationSell:0.00000000
10:28:57.110422> Ask1: 100.97000000 Bid1:100.96000000 Ask2:100.9220 Bid2:100.9210
10:28:57.112423> New Max DevBuy: 0.00000000 GapBuy:-0.04900000 avgGapBuy:-0.04900000 deviationBuy:0.00000000
10:28:57.112423> Ask1: 100.97000000 Bid1:100.96000000 Ask2:100.9220 Bid2:100.9210
10:28:57.112423> New Min DevSell: 0.00000000 GapSell:-0.03800000 avgGapSell:-0.03800000 deviationSell:0.00000000
10:28:57.112423> Ask1: 100.97000000 Bid1:100.96000000 Ask2:100.9220 Bid2:100.9210
10:28:57.114421> New Max DevBuy: 0.00000000 GapBuy:-0.04900000 avgGapBuy:-0.04900000 deviationBuy:0.00000000
10:28:57.114421> Ask1: 100.97000000 Bid1:100.96000000 Ask2:100.9220 Bid2:100.9210
10:28:57.114421> New Min DevSell: 0.00000000 GapSell:-0.03800000 avgGapSell:-0.03800000 deviationSell:0.00000000
10:28:57.114421> Ask1: 100.97000000 Bid1:100.96000000 Ask2:100.9220 Bid2:100.9210
10:28:57.116420> New Max DevBuy: 0.00000000 GapBuy:-0.04900000 avgGapBuy:-0.04900000 deviationBuy:0.00000000
10:28:57.116420> Ask1: 100.97000000 Bid1:100.96000000 Ask2:100.9220 Bid2:100.9210
10:28:57.116420> New Min DevSell: 0.00000000 GapSell:-0.03800000 avgGapSell:-0.03800000 deviationSell:0.00000000
10:28:57.116420> Ask1: 100.97000000 Bid1:100.96000000 Ask2:100.9220 Bid2:100.9210
10:28:57.117422> New Max DevBuy: 0.00000000 GapBuy:-0.04900000 avgGapBuy:-0.04900000 deviationBuy:0.00000000
10:28:57.117422> Ask1: 100.97000000 Bid1:100.96000000 Ask2:100.9220 Bid2:100.9210
10:28:57.117422> New Min DevSell: 0.00000000 GapSell:-0.03800000 avgGapSell:-0.03800000 deviationSell:0.00000000
10:28:57.117422> Ask1: 100.97000000 Bid1:100.96000000 Ask2:100.9220 Bid2:100.9210
10:28:57.119419> New Max DevBuy: 0.00000000 GapBuy:-0.04900000 avgGapBuy:-0.04900000 deviationBuy:0.00000000
10:28:57.119419> Ask1: 100.97000000 Bid1:100.96000000 Ask2:100.9220 Bid2:100.9210
10:28:57.119419> New Min DevSell: 0.00000000 GapSell:-0.03800000 avgGapSell:-0.03800000 deviationSell:0.00000000
10:28:57.119419> Ask1: 100.97000000 Bid1:100.96000000 Ask2:100.9220 Bid2:100.9210
10:28:57.120420> New Max DevBuy: 0.00000000 GapBuy:-0.04900000 avgGapBuy:-0.04900000 deviationBuy:0.00000000
10:28:57.120420> Ask1: 100.97000000 Bid1:100.96000000 Ask2:100.9220 Bid2:100.9210
10:28:57.120420> New Min DevSell: 0.00000000 GapSell:-0.03800000 avgGapSell:-0.03800000 deviationSell:0.00000000
10:28:57.120420> Ask1: 100.97000000 Bid1:100.96000000 Ask2:100.9220 Bid2:100.9210
10:28:57.121421> New Max DevBuy: 0.00000000 GapBuy:-0.04900000 avgGapBuy:-0.04900000 deviationBuy:0.00000000
10:28:57.121421> Ask1: 100.97000000 Bid1:100.96000000 Ask2:100.9220 Bid2:100.9210
10:28:57.121421> New Min DevSell: 0.00000000 GapSell:-0.03800000 avgGapSell:-0.03800000 deviationSell:0.00000000
10:28:57.121421> Ask1: 100.97000000 Bid1:100.96000000 Ask2:100.9220 Bid2:100.9210
10:28:57.123418> New Max DevBuy: 0.00000000 GapBuy:-0.04900000 avgGapBuy:-0.04900000 deviationBuy:0.00000000
10:28:57.123418> Ask1: 100.97000000 Bid1:100.96000000 Ask2:100.9220 Bid2:100.9210
10:28:57.123418> New Min DevSell: 0.00000000 GapSell:-0.03800000 avgGapSell:-0.03800000 deviationSell:0.00000000
10:28:57.123418> Ask1: 100.97000000 Bid1:100.96000000 Ask2:100.9220 Bid2:100.9210
10:28:57.124419> New Max DevBuy: 0.00000000 GapBuy:-0.04900000 avgGapBuy:-0.04900000 deviationBuy:0.00000000
10:28:57.124419> Ask1: 100.97000000 Bid1:100.96000000 Ask2:100.9220 Bid2:100.9210
10:28:57.124419> New Min DevSell: 0.00000000 GapSell:-0.03800000 avgGapSell:-0.03800000 deviationSell:0.00000000
10:28:57.124419> Ask1: 100.97000000 Bid1:100.96000000 Ask2:100.9220 Bid2:100.9210
10:28:57.126420> New Max DevBuy: 0.00000000 GapBuy:-0.04900000 avgGapBuy:-0.04900000 deviationBuy:0.00000000
10:28:57.126420> Ask1: 100.97000000 Bid1:100.96000000 Ask2:100.9220 Bid2:100.9210
10:28:57.126420> New Min DevSell: 0.00000000 GapSell:-0.03800000 avgGapSell:-0.03800000 deviationSell:0.00000000
10:28:57.126420> Ask1: 100.97000000 Bid1:100.96000000 Ask2:100.9220 Bid2:100.9210
10:28:57.127422> New Max DevBuy: 0.00000000 GapBuy:-0.04900000 avgGapBuy:-0.04900000 deviationBuy:0.00000000
10:28:57.127422> Ask1: 100.97000000 Bid1:100.96000000 Ask2:100.9220 Bid2:100.9210
10:28:57.127422> New Min DevSell: 0.00000000 GapSell:-0.03800000 avgGapSell:-0.03800000 deviationSell:0.00000000
10:28:57.127422> Ask1: 100.97000000 Bid1:100.96000000 Ask2:100.9220 Bid2:100.9210
10:28:57.129421> New Max DevBuy: 0.00000000 GapBuy:-0.04900000 avgGapBuy:-0.04900000 deviationBuy:0.00000000
10:28:57.129421> Ask1: 100.97000000 Bid1:100.96000000 Ask2:100.9220 Bid2:100.9210
10:28:57.129421> New Min DevSell: 0.00000000 GapSell:-0.03800000 avgGapSell:-0.03800000 deviationSell:0.00000000
10:28:57.129421> Ask1: 100.97000000 Bid1:100.96000000 Ask2:100.9220 Bid2:100.9210
10:28:57.130425> New Max DevBuy: 0.00000000 GapBuy:-0.04900000 avgGapBuy:-0.04900000 deviationBuy:0.00000000
10:28:57.130425> Ask1: 100.97000000 Bid1:100.96000000 Ask2:100.9220 Bid2:100.9210
10:28:57.130425> New Min DevSell: 0.00000000 GapSell:-0.03800000 avgGapSell:-0.03800000 deviationSell:0.00000000
10:28:57.130425> Ask1: 100.97000000 Bid1:100.96000000 Ask2:100.9220 Bid2:100.9210
10:28:57.132421> New Max DevBuy: 0.00000000 GapBuy:-0.04900000 avgGapBuy:-0.04900000 deviationBuy:0.00000000
10:28:57.132421> Ask1: 100.97000000 Bid1:100.96000000 Ask2:100.9220 Bid2:100.9210
10:28:57.132421> New Min DevSell: 0.00000000 GapSell:-0.03800000 avgGapSell:-0.03800000 deviationSell:0.00000000
10:28:57.132421> Ask1: 100.97000000 Bid1:100.96000000 Ask2:100.9220 Bid2:100.9210
10:28:57.133423> New Max DevBuy: 0.00000000 GapBuy:-0.04900000 avgGapBuy:-0.04900000 deviationBuy:0.00000000
10:28:57.133423> Ask1: 100.97000000 Bid1:100.96000000 Ask2:100.9220 Bid2:100.9210
10:28:57.133423> New Min DevSell: 0.00000000 GapSell:-0.03800000 avgGapSell:-0.03800000 deviationSell:0.00000000
10:28:57.133423> Ask1: 100.97000000 Bid1:100.96000000 Ask2:100.9220 Bid2:100.9210
10:28:57.164423> New Max DevBuy: 0.00000000 GapBuy:-0.04900000 avgGapBuy:-0.04900000 deviationBuy:0.00000000
10:28:57.165423> Ask1: 100.97000000 Bid1:100.96000000 Ask2:100.9220 Bid2:100.9210
10:28:57.165423> New Min DevSell: 0.00000000 GapSell:-0.03800000 avgGapSell:-0.03800000 deviationSell:0.00000000
10:28:57.166424> Ask1: 100.97000000 Bid1:100.96000000 Ask2:100.9220 Bid2:100.9210
10:28:57.167426> New Max DevBuy: 0.00000000 GapBuy:-0.04900000 avgGapBuy:-0.04900000 deviationBuy:0.00000000
10:28:57.167426> Ask1: 100.97000000 Bid1:100.96000000 Ask2:100.9220 Bid2:100.9210
10:28:57.167426> New Min DevSell: 0.00000000 GapSell:-0.03800000 avgGapSell:-0.03800000 deviationSell:0.00000000
10:28:57.167426> Ask1: 100.97000000 Bid1:100.96000000 Ask2:100.9220 Bid2:100.9210
10:28:57.169424> New Max DevBuy: 0.00000000 GapBuy:-0.04900000 avgGapBuy:-0.04900000 deviationBuy:0.00000000
10:28:57.169424> Ask1: 100.97000000 Bid1:100.96000000 Ask2:100.9220 Bid2:100.9210
10:28:57.169424> New Min DevSell: 0.00000000 GapSell:-0.03800000 avgGapSell:-0.03800000 deviationSell:0.00000000
10:28:57.169424> Ask1: 100.97000000 Bid1:100.96000000 Ask2:100.9220 Bid2:100.9210
10:28:57.170425> New Max DevBuy: 0.00000000 GapBuy:-0.04900000 avgGapBuy:-0.04900000 deviationBuy:0.00000000
10:28:57.170425> Ask1: 100.97000000 Bid1:100.96000000 Ask2:100.9220 Bid2:100.9210
10:28:57.170425> New Min DevSell: 0.00000000 GapSell:-0.03800000 avgGapSell:-0.03800000 deviationSell:0.00000000
10:28:57.170425> Ask1: 100.97000000 Bid1:100.96000000 Ask2:100.9220 Bid2:100.9210
10:28:57.172424> New Max DevBuy: 0.00000000 GapBuy:-0.04900000 avgGapBuy:-0.04900000 deviationBuy:0.00000000
10:28:57.172424> Ask1: 100.97000000 Bid1:100.96000000 Ask2:100.9220 Bid2:100.9210
10:28:57.172424> New Min DevSell: 0.00000000 GapSell:-0.03800000 avgGapSell:-0.03800000 deviationSell:0.00000000
10:28:57.172424> Ask1: 100.97000000 Bid1:100.96000000 Ask2:100.9220 Bid2:100.9210
10:28:57.173425> New Max DevBuy: 0.00000000 GapBuy:-0.04900000 avgGapBuy:-0.04900000 deviationBuy:0.00000000
10:28:57.173425> Ask1: 100.97000000 Bid1:100.96000000 Ask2:100.9220 Bid2:100.9210
10:28:57.173425> New Min DevSell: 0.00000000 GapSell:-0.03800000 avgGapSell:-0.03800000 deviationSell:0.00000000
10:28:57.173425> Ask1: 100.97000000 Bid1:100.96000000 Ask2:100.9220 Bid2:100.9210
10:28:57.175424> New Max DevBuy: 0.00000000 GapBuy:-0.04900000 avgGapBuy:-0.04900000 deviationBuy:0.00000000
10:28:57.175424> Ask1: 100.97000000 Bid1:100.96000000 Ask2:100.9220 Bid2:100.9210
10:28:57.175424> New Min DevSell: 0.00000000 GapSell:-0.03800000 avgGapSell:-0.03800000 deviationSell:0.00000000
10:28:57.175424> Ask1: 100.97000000 Bid1:100.96000000 Ask2:100.9220 Bid2:100.9210
10:28:57.176425> New Max DevBuy: 0.00000000 GapBuy:-0.04900000 avgGapBuy:-0.04900000 deviationBuy:0.00000000
10:28:57.176425> Ask1: 100.97000000 Bid1:100.96000000 Ask2:100.9250 Bid2:100.9240
10:28:57.176425> New Min DevSell: 0.00000000 GapSell:-0.03800000 avgGapSell:-0.03800000 deviationSell:0.00000000
10:28:57.176425> Ask1: 100.97000000 Bid1:100.96000000 Ask2:100.9250 Bid2:100.9240
10:28:57.179426> New Max DevBuy: 0.00150000 GapBuy:-0.04600000 avgGapBuy:-0.04750000 deviationBuy:0.00150000
10:28:57.179426> Ask1: 100.97000000 Bid1:100.96000000 Ask2:100.9250 Bid2:100.9240
10:28:57.179426> New Min DevSell: 0.00300000 GapSell:-0.03500000 avgGapSell:-0.03800000 deviationSell:0.00300000
10:28:57.180426> Ask1: 100.97000000 Bid1:100.96000000 Ask2:100.9250 Bid2:100.9240
