19:26:20.618316> WebSocket connected! Start Partial @depth10 [MARGIN] process...
19:26:20.654317> Lenta has started...Start SubscribeToTradeStream @trade [{accType}] process...
19:26:20.658321> WebSocket connected! Start [MARGIN] @depth@100ms process...
19:26:20.843327> WebSocket connected! Start Partial @depth10 [Future] process...
19:26:20.950332> Lenta has started...Start SubscribeToAggTradeStream @aggTrade [future] process...
19:26:21.034339> Lenta has started...Start SubscribeToTradeStream @trade [{accType}] process...
19:26:21.042340> WebSocket connected! Start Partial @depth10 [MARGIN] process...
19:26:21.087342> WebSocket connected! Start [MARGIN] @depth@100ms process...
19:26:21.091344> Binance - Vxxv1AWf[MARGIN] MARGIN Balance: 195.22860699 USDT
19:26:21.285355> Binance - Vxxv1AWf[MARGIN] Api Error Code: -2010 Message: Account has insufficient balance for requested action.
19:26:21.286354> [1Leg]: Sell FAILED solusdt;Gap=0;Price=100.13000
19:26:21.602379> Binance - Vxxv1AWf[MARGIN] Api Error Code: -2010 Message: Account has insufficient balance for requested action.
19:26:21.603373> [1Leg]: Sell FAILED solusdt;Gap=0;Price=100.13000
19:26:21.717378> WebSocket connected! Start Partial @depth10 [Future] process...
19:26:21.800390> Lenta has started...Start SubscribeToAggTradeStream @aggTrade [future] process...
19:26:22.008395> Binance - Vxxv1AWf[MARGIN] Api Error Code: -2010 Message: Account has insufficient balance for requested action.
19:26:22.008395> [1Leg]: Sell FAILED solusdt;Gap=0;Price=100.13000
19:26:22.151403> BinanceFuture - Vxxv1AWf[USD_M] USD_M Balance: 69.44887885 USDT
19:26:22.310412> Binance - Vxxv1AWf[MARGIN] Api Error Code: -2010 Message: Account has insufficient balance for requested action.
19:26:22.310412> [1Leg]: Sell FAILED solusdt;Gap=0;Price=100.13000
19:26:22.625435> Binance - Vxxv1AWf[MARGIN] Api Error Code: -2010 Message: Account has insufficient balance for requested action.
19:26:22.626431> [1Leg]: Sell FAILED solusdt;Gap=0;Price=100.13000
19:26:23.395230> Binance - Vxxv1AWf[MARGIN] Api Error Code: -2010 Message: Account has insufficient balance for requested action.
19:26:23.397231> [1Leg]: Sell FAILED solusdt;Gap=0;Price=100.13000
19:26:23.741248> Binance - Vxxv1AWf[MARGIN] Api Error Code: -2010 Message: Account has insufficient balance for requested action.
19:26:23.741248> [1Leg]: Sell FAILED solusdt;Gap=0;Price=100.13000
19:26:24.696755> Binance - Vxxv1AWf[MARGIN] Api Error Code: -2010 Message: Account has insufficient balance for requested action.
19:26:24.698755> [1Leg]: Sell FAILED solusdt;Gap=0;Price=100.12000
