12:10:17.368743> WebSocket connected! Start Partial @depth10 [MARGIN] process...
12:10:17.432748> WebSocket connected! Start [MARGIN] @depth@100ms process...
12:10:17.433748> Lenta has started...Start SubscribeToTradeStream @trade [{accType}] process...
12:10:18.639816> Lenta has started...Start SubscribeToTradeStream @trade [{accType}] process...
12:10:18.641815> WebSocket connected! Start Partial @depth10 [Future] process...
12:10:18.737822> WebSocket connected! Start [MARGIN] @depth@100ms process...
12:10:18.744822> WebSocket connected! Start Partial @depth10 [MARGIN] process...
12:10:18.809827> Lenta has started...Start SubscribeToAggTradeStream @aggTrade [future] process...
12:10:18.816828> Binance - Vxxv1AWf[MARGIN] MARGIN Balance: 195.23093893 USDT
12:10:18.818828> New Max DevBuy: 0.00000000 GapBuy:-0.04400000 avgGapBuy:-0.04400000 deviationBuy:0.00000000
12:10:18.819828> Ask1: 100.57000000 Bid1:100.56000000 Ask2:100.5270 Bid2:100.5260
12:10:18.819828> New Min DevSell: 0.00000000 GapSell:-0.03300000 avgGapSell:-0.03300000 deviationSell:0.00000000
12:10:18.819828> Ask1: 100.57000000 Bid1:100.56000000 Ask2:100.5270 Bid2:100.5260
12:10:18.946834> Lenta has started...Start SubscribeToAggTradeStream @aggTrade [future] process...
12:10:18.947832> WebSocket connected! Start Partial @depth10 [Future] process...
12:10:19.310856> Binance - Vxxv1AWf[MARGIN] Api Error Code: -2010 Message: Account has insufficient balance for requested action.
12:10:19.311855> [1Leg]: Sell FAILED solusdt;Gap=0;Price=100.57000
12:10:19.312857> New Max DevBuy: 0.00000000 GapBuy:-0.04400000 avgGapBuy:-0.04400000 deviationBuy:0.00000000
12:10:19.312857> Ask1: 100.57000000 Bid1:100.56000000 Ask2:100.5270 Bid2:100.5260
12:10:19.312857> New Min DevSell: 0.00000000 GapSell:-0.03300000 avgGapSell:-0.03300000 deviationSell:0.00000000
12:10:19.313855> Ask1: 100.57000000 Bid1:100.56000000 Ask2:100.5270 Bid2:100.5260
12:10:19.314856> New Max DevBuy: 0.00000000 GapBuy:-0.04400000 avgGapBuy:-0.04400000 deviationBuy:0.00000000
12:10:19.314856> Ask1: 100.57000000 Bid1:100.56000000 Ask2:100.5270 Bid2:100.5260
12:10:19.314856> New Min DevSell: 0.00000000 GapSell:-0.03300000 avgGapSell:-0.03300000 deviationSell:0.00000000
12:10:19.314856> Ask1: 100.57000000 Bid1:100.56000000 Ask2:100.5270 Bid2:100.5260
12:10:19.317856> New Max DevBuy: 0.00000000 GapBuy:-0.04400000 avgGapBuy:-0.04400000 deviationBuy:0.00000000
12:10:19.317856> Ask1: 100.57000000 Bid1:100.56000000 Ask2:100.5270 Bid2:100.5260
12:10:19.317856> New Min DevSell: 0.00000000 GapSell:-0.03300000 avgGapSell:-0.03300000 deviationSell:0.00000000
12:10:19.318856> Ask1: 100.57000000 Bid1:100.56000000 Ask2:100.5270 Bid2:100.5260
12:10:19.319857> New Max DevBuy: 0.00000000 GapBuy:-0.04400000 avgGapBuy:-0.04400000 deviationBuy:0.00000000
12:10:19.319857> Ask1: 100.57000000 Bid1:100.56000000 Ask2:100.5270 Bid2:100.5260
12:10:19.319857> New Min DevSell: 0.00000000 GapSell:-0.03300000 avgGapSell:-0.03300000 deviationSell:0.00000000
12:10:19.320856> Ask1: 100.57000000 Bid1:100.56000000 Ask2:100.5270 Bid2:100.5260
12:10:19.321857> New Max DevBuy: 0.00000000 GapBuy:-0.04400000 avgGapBuy:-0.04400000 deviationBuy:0.00000000
12:10:19.321857> Ask1: 100.57000000 Bid1:100.56000000 Ask2:100.5270 Bid2:100.5260
12:10:19.321857> New Min DevSell: 0.00000000 GapSell:-0.03300000 avgGapSell:-0.03300000 deviationSell:0.00000000
12:10:19.321857> Ask1: 100.57000000 Bid1:100.56000000 Ask2:100.5270 Bid2:100.5260
12:10:19.329857> New Max DevBuy: 0.00000000 GapBuy:-0.04400000 avgGapBuy:-0.04400000 deviationBuy:0.00000000
12:10:19.329857> Ask1: 100.57000000 Bid1:100.56000000 Ask2:100.5270 Bid2:100.5260
12:10:19.330858> New Min DevSell: 0.00000000 GapSell:-0.03300000 avgGapSell:-0.03300000 deviationSell:0.00000000
12:10:19.330858> Ask1: 100.57000000 Bid1:100.56000000 Ask2:100.5270 Bid2:100.5260
12:10:19.332858> New Max DevBuy: 0.00000000 GapBuy:-0.04400000 avgGapBuy:-0.04400000 deviationBuy:0.00000000
12:10:19.332858> Ask1: 100.57000000 Bid1:100.56000000 Ask2:100.5270 Bid2:100.5260
12:10:19.332858> New Min DevSell: 0.00000000 GapSell:-0.03300000 avgGapSell:-0.03300000 deviationSell:0.00000000
12:10:19.356857> Ask1: 100.57000000 Bid1:100.56000000 Ask2:100.5270 Bid2:100.5260
12:10:19.364859> New Max DevBuy: 0.00000000 GapBuy:-0.04400000 avgGapBuy:-0.04400000 deviationBuy:0.00000000
12:10:19.368860> Ask1: 100.57000000 Bid1:100.56000000 Ask2:100.5270 Bid2:100.5260
12:10:19.371858> New Min DevSell: 0.00000000 GapSell:-0.03300000 avgGapSell:-0.03300000 deviationSell:0.00000000
12:10:19.375860> Ask1: 100.57000000 Bid1:100.56000000 Ask2:100.5270 Bid2:100.5260
12:10:19.380858> New Max DevBuy: 0.00000000 GapBuy:-0.04400000 avgGapBuy:-0.04400000 deviationBuy:0.00000000
12:10:19.383860> Ask1: 100.57000000 Bid1:100.56000000 Ask2:100.5270 Bid2:100.5260
12:10:19.387860> New Min DevSell: 0.00000000 GapSell:-0.03300000 avgGapSell:-0.03300000 deviationSell:0.00000000
12:10:19.389859> Ask1: 100.57000000 Bid1:100.56000000 Ask2:100.5270 Bid2:100.5260
12:10:19.416861> New Max DevBuy: 0.00000000 GapBuy:-0.04400000 avgGapBuy:-0.04400000 deviationBuy:0.00000000
12:10:19.420861> Ask1: 100.57000000 Bid1:100.56000000 Ask2:100.5270 Bid2:100.5260
12:10:19.424861> New Min DevSell: 0.00000000 GapSell:-0.03300000 avgGapSell:-0.03300000 deviationSell:0.00000000
12:10:19.463864> Ask1: 100.57000000 Bid1:100.56000000 Ask2:100.5270 Bid2:100.5260
12:10:19.670876> New Max DevBuy: 0.00000000 GapBuy:-0.04400000 avgGapBuy:-0.04400000 deviationBuy:0.00000000
12:10:19.930891> Ask1: 100.57000000 Bid1:100.56000000 Ask2:100.5270 Bid2:100.5260
12:10:19.931891> New Min DevSell: 0.00000000 GapSell:-0.03300000 avgGapSell:-0.03300000 deviationSell:0.00000000
12:10:19.931891> Ask1: 100.57000000 Bid1:100.56000000 Ask2:100.5270 Bid2:100.5260
12:10:19.932892> New Max DevBuy: 0.00000000 GapBuy:-0.04400000 avgGapBuy:-0.04400000 deviationBuy:0.00000000
12:10:19.932892> Ask1: 100.57000000 Bid1:100.56000000 Ask2:100.5270 Bid2:100.5260
12:10:19.932892> New Min DevSell: 0.00000000 GapSell:-0.03300000 avgGapSell:-0.03300000 deviationSell:0.00000000
12:10:19.933891> Ask1: 100.57000000 Bid1:100.56000000 Ask2:100.5270 Bid2:100.5260
12:10:19.934893> New Max DevBuy: 0.00000000 GapBuy:-0.04400000 avgGapBuy:-0.04400000 deviationBuy:0.00000000
12:10:19.934893> Ask1: 100.57000000 Bid1:100.56000000 Ask2:100.5270 Bid2:100.5260
12:10:19.934893> New Min DevSell: 0.00000000 GapSell:-0.03300000 avgGapSell:-0.03300000 deviationSell:0.00000000
12:10:19.934893> Ask1: 100.57000000 Bid1:100.56000000 Ask2:100.5270 Bid2:100.5260
12:10:19.936892> New Max DevBuy: 0.00000000 GapBuy:-0.04400000 avgGapBuy:-0.04400000 deviationBuy:0.00000000
12:10:19.936892> Ask1: 100.57000000 Bid1:100.56000000 Ask2:100.5270 Bid2:100.5260
12:10:19.936892> New Min DevSell: 0.00000000 GapSell:-0.03300000 avgGapSell:-0.03300000 deviationSell:0.00000000
12:10:19.937892> Ask1: 100.57000000 Bid1:100.56000000 Ask2:100.5270 Bid2:100.5260
12:10:19.939892> New Max DevBuy: 0.00000000 GapBuy:-0.04400000 avgGapBuy:-0.04400000 deviationBuy:0.00000000
12:10:19.939892> Ask1: 100.57000000 Bid1:100.56000000 Ask2:100.5270 Bid2:100.5260
12:10:19.939892> New Min DevSell: 0.00000000 GapSell:-0.03300000 avgGapSell:-0.03300000 deviationSell:0.00000000
12:10:19.940893> Ask1: 100.57000000 Bid1:100.56000000 Ask2:100.5270 Bid2:100.5260
12:10:19.942892> New Max DevBuy: 0.00000000 GapBuy:-0.04400000 avgGapBuy:-0.04400000 deviationBuy:0.00000000
12:10:19.942892> Ask1: 100.57000000 Bid1:100.56000000 Ask2:100.5270 Bid2:100.5260
12:10:19.942892> New Min DevSell: 0.00000000 GapSell:-0.03300000 avgGapSell:-0.03300000 deviationSell:0.00000000
12:10:19.943890> Ask1: 100.57000000 Bid1:100.56000000 Ask2:100.5270 Bid2:100.5260
12:10:19.944892> New Max DevBuy: 0.00000000 GapBuy:-0.04400000 avgGapBuy:-0.04400000 deviationBuy:0.00000000
12:10:19.944892> Ask1: 100.57000000 Bid1:100.56000000 Ask2:100.5270 Bid2:100.5260
12:10:19.944892> New Min DevSell: 0.00000000 GapSell:-0.03300000 avgGapSell:-0.03300000 deviationSell:0.00000000
12:10:19.945892> Ask1: 100.57000000 Bid1:100.56000000 Ask2:100.5270 Bid2:100.5260
12:10:19.946892> New Max DevBuy: 0.00000000 GapBuy:-0.04400000 avgGapBuy:-0.04400000 deviationBuy:0.00000000
12:10:19.946892> Ask1: 100.57000000 Bid1:100.56000000 Ask2:100.5270 Bid2:100.5260
12:10:19.946892> New Min DevSell: 0.00000000 GapSell:-0.03300000 avgGapSell:-0.03300000 deviationSell:0.00000000
12:10:19.947892> Ask1: 100.57000000 Bid1:100.56000000 Ask2:100.5270 Bid2:100.5260
12:10:19.948893> New Max DevBuy: 0.00000000 GapBuy:-0.04400000 avgGapBuy:-0.04400000 deviationBuy:0.00000000
12:10:19.948893> Ask1: 100.57000000 Bid1:100.56000000 Ask2:100.5270 Bid2:100.5260
12:10:19.948893> New Min DevSell: 0.00000000 GapSell:-0.03300000 avgGapSell:-0.03300000 deviationSell:0.00000000
12:10:19.949893> Ask1: 100.57000000 Bid1:100.56000000 Ask2:100.5270 Bid2:100.5260
12:10:20.005894> BinanceFuture - Vxxv1AWf[USD_M] USD_M Balance: 0 USDT
12:10:20.234908> New Max DevBuy: 0.00000000 GapBuy:-0.04400000 avgGapBuy:-0.04400000 deviationBuy:0.00000000
12:10:20.283911> Ask1: 100.57000000 Bid1:100.56000000 Ask2:100.5270 Bid2:100.5260
12:10:20.284916> New Min DevSell: 0.00000000 GapSell:-0.03300000 avgGapSell:-0.03300000 deviationSell:0.00000000
12:10:20.284916> Ask1: 100.57000000 Bid1:100.56000000 Ask2:100.5270 Bid2:100.5260
12:10:20.286912> New Max DevBuy: 0.00000000 GapBuy:-0.04400000 avgGapBuy:-0.04400000 deviationBuy:0.00000000
12:10:20.286912> Ask1: 100.57000000 Bid1:100.56000000 Ask2:100.5270 Bid2:100.5260
12:10:20.286912> New Min DevSell: 0.00000000 GapSell:-0.03300000 avgGapSell:-0.03300000 deviationSell:0.00000000
12:10:20.287916> Ask1: 100.57000000 Bid1:100.56000000 Ask2:100.5270 Bid2:100.5260
12:10:20.289911> New Max DevBuy: 0.00000000 GapBuy:-0.04400000 avgGapBuy:-0.04400000 deviationBuy:0.00000000
12:10:20.289911> Ask1: 100.57000000 Bid1:100.56000000 Ask2:100.5270 Bid2:100.5260
12:10:20.289911> New Min DevSell: 0.00000000 GapSell:-0.03300000 avgGapSell:-0.03300000 deviationSell:0.00000000
12:10:20.290915> Ask1: 100.57000000 Bid1:100.56000000 Ask2:100.5270 Bid2:100.5260
12:10:20.292912> New Max DevBuy: 0.00000000 GapBuy:-0.04400000 avgGapBuy:-0.04400000 deviationBuy:0.00000000
12:10:20.292912> Ask1: 100.57000000 Bid1:100.56000000 Ask2:100.5270 Bid2:100.5260
12:10:20.292912> New Min DevSell: 0.00000000 GapSell:-0.03300000 avgGapSell:-0.03300000 deviationSell:0.00000000
12:10:20.293913> Ask1: 100.57000000 Bid1:100.56000000 Ask2:100.5270 Bid2:100.5260
12:10:20.295912> New Max DevBuy: 0.00000000 GapBuy:-0.04400000 avgGapBuy:-0.04400000 deviationBuy:0.00000000
12:10:20.295912> Ask1: 100.57000000 Bid1:100.56000000 Ask2:100.5270 Bid2:100.5260
12:10:20.295912> New Min DevSell: 0.00000000 GapSell:-0.03300000 avgGapSell:-0.03300000 deviationSell:0.00000000
12:10:20.295912> Ask1: 100.57000000 Bid1:100.56000000 Ask2:100.5270 Bid2:100.5260
12:10:20.296914> New Max DevBuy: 0.00000000 GapBuy:-0.04400000 avgGapBuy:-0.04400000 deviationBuy:0.00000000
12:10:20.296914> Ask1: 100.57000000 Bid1:100.56000000 Ask2:100.5270 Bid2:100.5260
12:10:20.296914> New Min DevSell: 0.00000000 GapSell:-0.03300000 avgGapSell:-0.03300000 deviationSell:0.00000000
12:10:20.296914> Ask1: 100.57000000 Bid1:100.56000000 Ask2:100.5270 Bid2:100.5260
12:10:20.298914> New Max DevBuy: 0.00000000 GapBuy:-0.04400000 avgGapBuy:-0.04400000 deviationBuy:0.00000000
12:10:20.298914> Ask1: 100.57000000 Bid1:100.56000000 Ask2:100.5270 Bid2:100.5260
12:10:20.298914> New Min DevSell: 0.00000000 GapSell:-0.03300000 avgGapSell:-0.03300000 deviationSell:0.00000000
12:10:20.299918> Ask1: 100.57000000 Bid1:100.56000000 Ask2:100.5270 Bid2:100.5260
12:10:20.301915> New Max DevBuy: 0.00000000 GapBuy:-0.04400000 avgGapBuy:-0.04400000 deviationBuy:0.00000000
12:10:20.301915> Ask1: 100.57000000 Bid1:100.56000000 Ask2:100.5270 Bid2:100.5260
12:10:20.301915> New Min DevSell: 0.00000000 GapSell:-0.03300000 avgGapSell:-0.03300000 deviationSell:0.00000000
12:10:20.302913> Ask1: 100.57000000 Bid1:100.56000000 Ask2:100.5270 Bid2:100.5260
12:10:20.303917> New Max DevBuy: 0.00000000 GapBuy:-0.04400000 avgGapBuy:-0.04400000 deviationBuy:0.00000000
12:10:20.303917> Ask1: 100.57000000 Bid1:100.56000000 Ask2:100.5270 Bid2:100.5260
12:10:20.304913> New Min DevSell: 0.00000000 GapSell:-0.03300000 avgGapSell:-0.03300000 deviationSell:0.00000000
12:10:20.304913> Ask1: 100.57000000 Bid1:100.56000000 Ask2:100.5270 Bid2:100.5260
12:10:20.306916> New Max DevBuy: 0.00000000 GapBuy:-0.04400000 avgGapBuy:-0.04400000 deviationBuy:0.00000000
12:10:20.306916> Ask1: 100.57000000 Bid1:100.56000000 Ask2:100.5270 Bid2:100.5260
12:10:20.306916> New Min DevSell: 0.00000000 GapSell:-0.03300000 avgGapSell:-0.03300000 deviationSell:0.00000000
12:10:20.307915> Ask1: 100.57000000 Bid1:100.56000000 Ask2:100.5270 Bid2:100.5260
12:10:20.309918> New Max DevBuy: 0.00000000 GapBuy:-0.04400000 avgGapBuy:-0.04400000 deviationBuy:0.00000000
12:10:20.309918> Ask1: 100.57000000 Bid1:100.56000000 Ask2:100.5270 Bid2:100.5260
12:10:20.310913> New Min DevSell: 0.00000000 GapSell:-0.03300000 avgGapSell:-0.03300000 deviationSell:0.00000000
12:10:20.310913> Ask1: 100.57000000 Bid1:100.56000000 Ask2:100.5270 Bid2:100.5260
12:10:20.312917> New Max DevBuy: 0.00000000 GapBuy:-0.04400000 avgGapBuy:-0.04400000 deviationBuy:0.00000000
12:10:20.312917> Ask1: 100.57000000 Bid1:100.56000000 Ask2:100.5270 Bid2:100.5260
12:10:20.313913> New Min DevSell: 0.00000000 GapSell:-0.03300000 avgGapSell:-0.03300000 deviationSell:0.00000000
12:10:20.313913> Ask1: 100.57000000 Bid1:100.56000000 Ask2:100.5270 Bid2:100.5260
12:10:20.314916> New Max DevBuy: 0.00000000 GapBuy:-0.04400000 avgGapBuy:-0.04400000 deviationBuy:0.00000000
12:10:20.314916> Ask1: 100.57000000 Bid1:100.56000000 Ask2:100.5270 Bid2:100.5260
12:10:20.314916> New Min DevSell: 0.00000000 GapSell:-0.03300000 avgGapSell:-0.03300000 deviationSell:0.00000000
12:10:20.315916> Ask1: 100.57000000 Bid1:100.56000000 Ask2:100.5270 Bid2:100.5260
12:10:20.317916> New Max DevBuy: 0.00000000 GapBuy:-0.04400000 avgGapBuy:-0.04400000 deviationBuy:0.00000000
12:10:20.317916> Ask1: 100.57000000 Bid1:100.56000000 Ask2:100.5270 Bid2:100.5260
12:10:20.318919> New Min DevSell: 0.00000000 GapSell:-0.03300000 avgGapSell:-0.03300000 deviationSell:0.00000000
12:10:20.318919> Ask1: 100.57000000 Bid1:100.56000000 Ask2:100.5270 Bid2:100.5260
12:10:20.320914> New Max DevBuy: 0.00000000 GapBuy:-0.04400000 avgGapBuy:-0.04400000 deviationBuy:0.00000000
12:10:20.320914> Ask1: 100.57000000 Bid1:100.56000000 Ask2:100.5270 Bid2:100.5260
12:10:20.320914> New Min DevSell: 0.00000000 GapSell:-0.03300000 avgGapSell:-0.03300000 deviationSell:0.00000000
12:10:20.320914> Ask1: 100.57000000 Bid1:100.56000000 Ask2:100.5270 Bid2:100.5260
12:10:20.323913> New Max DevBuy: 0.00000000 GapBuy:-0.04400000 avgGapBuy:-0.04400000 deviationBuy:0.00000000
12:10:20.323913> Ask1: 100.57000000 Bid1:100.56000000 Ask2:100.5270 Bid2:100.5260
12:10:20.323913> New Min DevSell: 0.00000000 GapSell:-0.03300000 avgGapSell:-0.03300000 deviationSell:0.00000000
12:10:20.324915> Ask1: 100.57000000 Bid1:100.56000000 Ask2:100.5270 Bid2:100.5260
12:10:20.326913> New Max DevBuy: 0.00000000 GapBuy:-0.04400000 avgGapBuy:-0.04400000 deviationBuy:0.00000000
12:10:20.326913> Ask1: 100.57000000 Bid1:100.56000000 Ask2:100.5270 Bid2:100.5260
12:10:20.326913> New Min DevSell: 0.00000000 GapSell:-0.03300000 avgGapSell:-0.03300000 deviationSell:0.00000000
12:10:20.326913> Ask1: 100.57000000 Bid1:100.56000000 Ask2:100.5270 Bid2:100.5260
12:10:20.329914> New Max DevBuy: 0.00000000 GapBuy:-0.04400000 avgGapBuy:-0.04400000 deviationBuy:0.00000000
12:10:20.329914> Ask1: 100.57000000 Bid1:100.56000000 Ask2:100.5270 Bid2:100.5260
12:10:20.329914> New Min DevSell: 0.00000000 GapSell:-0.03300000 avgGapSell:-0.03300000 deviationSell:0.00000000
12:10:20.330915> Ask1: 100.57000000 Bid1:100.56000000 Ask2:100.5270 Bid2:100.5260
12:10:20.332914> New Max DevBuy: 0.00000000 GapBuy:-0.04400000 avgGapBuy:-0.04400000 deviationBuy:0.00000000
12:10:20.332914> Ask1: 100.57000000 Bid1:100.56000000 Ask2:100.5270 Bid2:100.5260
12:10:20.332914> New Min DevSell: 0.00000000 GapSell:-0.03300000 avgGapSell:-0.03300000 deviationSell:0.00000000
12:10:20.333916> Ask1: 100.57000000 Bid1:100.56000000 Ask2:100.5270 Bid2:100.5260
12:10:20.335914> New Max DevBuy: 0.00000000 GapBuy:-0.04400000 avgGapBuy:-0.04400000 deviationBuy:0.00000000
12:10:20.335914> Ask1: 100.57000000 Bid1:100.56000000 Ask2:100.5270 Bid2:100.5260
12:10:20.335914> New Min DevSell: 0.00000000 GapSell:-0.03300000 avgGapSell:-0.03300000 deviationSell:0.00000000
12:10:20.336915> Ask1: 100.57000000 Bid1:100.56000000 Ask2:100.5270 Bid2:100.5260
12:10:20.338914> New Max DevBuy: 0.00000000 GapBuy:-0.04400000 avgGapBuy:-0.04400000 deviationBuy:0.00000000
12:10:20.338914> Ask1: 100.57000000 Bid1:100.56000000 Ask2:100.5270 Bid2:100.5260
12:10:20.338914> New Min DevSell: 0.00000000 GapSell:-0.03300000 avgGapSell:-0.03300000 deviationSell:0.00000000
12:10:20.339915> Ask1: 100.57000000 Bid1:100.56000000 Ask2:100.5270 Bid2:100.5260
12:10:20.341915> New Max DevBuy: 0.00000000 GapBuy:-0.04400000 avgGapBuy:-0.04400000 deviationBuy:0.00000000
12:10:20.341915> Ask1: 100.57000000 Bid1:100.56000000 Ask2:100.5270 Bid2:100.5260
12:10:20.341915> New Min DevSell: 0.00000000 GapSell:-0.03300000 avgGapSell:-0.03300000 deviationSell:0.00000000
12:10:20.342917> Ask1: 100.57000000 Bid1:100.56000000 Ask2:100.5270 Bid2:100.5260
12:10:20.344914> New Max DevBuy: 0.00000000 GapBuy:-0.04400000 avgGapBuy:-0.04400000 deviationBuy:0.00000000
12:10:20.344914> Ask1: 100.57000000 Bid1:100.56000000 Ask2:100.5270 Bid2:100.5260
12:10:20.344914> New Min DevSell: 0.00000000 GapSell:-0.03300000 avgGapSell:-0.03300000 deviationSell:0.00000000
12:10:20.345916> Ask1: 100.57000000 Bid1:100.56000000 Ask2:100.5270 Bid2:100.5260
12:10:20.347914> New Max DevBuy: 0.00000000 GapBuy:-0.04400000 avgGapBuy:-0.04400000 deviationBuy:0.00000000
12:10:20.347914> Ask1: 100.57000000 Bid1:100.56000000 Ask2:100.5270 Bid2:100.5260
12:10:20.347914> New Min DevSell: 0.00000000 GapSell:-0.03300000 avgGapSell:-0.03300000 deviationSell:0.00000000
12:10:20.347914> Ask1: 100.57000000 Bid1:100.56000000 Ask2:100.5270 Bid2:100.5260
12:10:20.350915> New Max DevBuy: 0.00000000 GapBuy:-0.04400000 avgGapBuy:-0.04400000 deviationBuy:0.00000000
12:10:20.350915> Ask1: 100.57000000 Bid1:100.56000000 Ask2:100.5270 Bid2:100.5260
12:10:20.350915> New Min DevSell: 0.00000000 GapSell:-0.03300000 avgGapSell:-0.03300000 deviationSell:0.00000000
12:10:20.350915> Ask1: 100.57000000 Bid1:100.56000000 Ask2:100.5270 Bid2:100.5260
12:10:20.352915> New Max DevBuy: 0.00000000 GapBuy:-0.04400000 avgGapBuy:-0.04400000 deviationBuy:0.00000000
12:10:20.352915> Ask1: 100.57000000 Bid1:100.56000000 Ask2:100.5270 Bid2:100.5260
12:10:20.352915> New Min DevSell: 0.00000000 GapSell:-0.03300000 avgGapSell:-0.03300000 deviationSell:0.00000000
12:10:20.353915> Ask1: 100.57000000 Bid1:100.56000000 Ask2:100.5270 Bid2:100.5260
12:10:20.354919> New Max DevBuy: 0.00000000 GapBuy:-0.04400000 avgGapBuy:-0.04400000 deviationBuy:0.00000000
12:10:20.354919> Ask1: 100.57000000 Bid1:100.56000000 Ask2:100.5270 Bid2:100.5260
12:10:20.355915> New Min DevSell: 0.00000000 GapSell:-0.03300000 avgGapSell:-0.03300000 deviationSell:0.00000000
12:10:20.355915> Ask1: 100.57000000 Bid1:100.56000000 Ask2:100.5270 Bid2:100.5260
12:10:20.357925> New Max DevBuy: 0.00000000 GapBuy:-0.04400000 avgGapBuy:-0.04400000 deviationBuy:0.00000000
12:10:20.357925> Ask1: 100.57000000 Bid1:100.56000000 Ask2:100.5270 Bid2:100.5260
12:10:20.358914> New Min DevSell: 0.00000000 GapSell:-0.03300000 avgGapSell:-0.03300000 deviationSell:0.00000000
12:10:20.358914> Ask1: 100.57000000 Bid1:100.56000000 Ask2:100.5270 Bid2:100.5260
12:10:20.359916> New Max DevBuy: 0.00000000 GapBuy:-0.04400000 avgGapBuy:-0.04400000 deviationBuy:0.00000000
12:10:20.359916> Ask1: 100.57000000 Bid1:100.56000000 Ask2:100.5270 Bid2:100.5260
12:10:20.359916> New Min DevSell: 0.00000000 GapSell:-0.03300000 avgGapSell:-0.03300000 deviationSell:0.00000000
12:10:20.360914> Ask1: 100.57000000 Bid1:100.56000000 Ask2:100.5270 Bid2:100.5260
12:10:20.361917> New Max DevBuy: 0.00000000 GapBuy:-0.04400000 avgGapBuy:-0.04400000 deviationBuy:0.00000000
12:10:20.361917> Ask1: 100.57000000 Bid1:100.56000000 Ask2:100.5270 Bid2:100.5260
12:10:20.361917> New Min DevSell: 0.00000000 GapSell:-0.03300000 avgGapSell:-0.03300000 deviationSell:0.00000000
12:10:20.362916> Ask1: 100.57000000 Bid1:100.56000000 Ask2:100.5270 Bid2:100.5260
12:10:20.363916> New Max DevBuy: 0.00000000 GapBuy:-0.04400000 avgGapBuy:-0.04400000 deviationBuy:0.00000000
12:10:20.363916> Ask1: 100.57000000 Bid1:100.56000000 Ask2:100.5270 Bid2:100.5260
12:10:20.363916> New Min DevSell: 0.00000000 GapSell:-0.03300000 avgGapSell:-0.03300000 deviationSell:0.00000000
12:10:20.364917> Ask1: 100.57000000 Bid1:100.56000000 Ask2:100.5270 Bid2:100.5260
12:10:20.365917> New Max DevBuy: 0.00000000 GapBuy:-0.04400000 avgGapBuy:-0.04400000 deviationBuy:0.00000000
12:10:20.365917> Ask1: 100.57000000 Bid1:100.56000000 Ask2:100.5270 Bid2:100.5260
12:10:20.365917> New Min DevSell: 0.00000000 GapSell:-0.03300000 avgGapSell:-0.03300000 deviationSell:0.00000000
12:10:20.365917> Ask1: 100.57000000 Bid1:100.56000000 Ask2:100.5270 Bid2:100.5260
12:10:20.367918> New Max DevBuy: 0.00000000 GapBuy:-0.04400000 avgGapBuy:-0.04400000 deviationBuy:0.00000000
12:10:20.367918> Ask1: 100.57000000 Bid1:100.56000000 Ask2:100.5270 Bid2:100.5260
12:10:20.367918> New Min DevSell: 0.00000000 GapSell:-0.03300000 avgGapSell:-0.03300000 deviationSell:0.00000000
12:10:20.647932> Ask1: 100.57000000 Bid1:100.56000000 Ask2:100.5270 Bid2:100.5260
12:10:20.648933> New Max DevBuy: 0.00000000 GapBuy:-0.04400000 avgGapBuy:-0.04400000 deviationBuy:0.00000000
12:10:20.648933> Ask1: 100.57000000 Bid1:100.56000000 Ask2:100.5270 Bid2:100.5260
12:10:20.648933> New Min DevSell: 0.00000000 GapSell:-0.03300000 avgGapSell:-0.03300000 deviationSell:0.00000000
12:10:20.649932> Ask1: 100.57000000 Bid1:100.56000000 Ask2:100.5270 Bid2:100.5260
12:10:20.650934> New Max DevBuy: 0.00000000 GapBuy:-0.04400000 avgGapBuy:-0.04400000 deviationBuy:0.00000000
12:10:20.650934> Ask1: 100.57000000 Bid1:100.56000000 Ask2:100.5270 Bid2:100.5260
12:10:20.650934> New Min DevSell: 0.00000000 GapSell:-0.03300000 avgGapSell:-0.03300000 deviationSell:0.00000000
12:10:20.651932> Ask1: 100.57000000 Bid1:100.56000000 Ask2:100.5270 Bid2:100.5260
12:10:20.652934> New Max DevBuy: 0.00000000 GapBuy:-0.04400000 avgGapBuy:-0.04400000 deviationBuy:0.00000000
12:10:20.652934> Ask1: 100.57000000 Bid1:100.56000000 Ask2:100.5270 Bid2:100.5260
12:10:20.652934> New Min DevSell: 0.00000000 GapSell:-0.03300000 avgGapSell:-0.03300000 deviationSell:0.00000000
12:10:20.652934> Ask1: 100.57000000 Bid1:100.56000000 Ask2:100.5270 Bid2:100.5260
12:10:20.654932> New Max DevBuy: 0.00000000 GapBuy:-0.04400000 avgGapBuy:-0.04400000 deviationBuy:0.00000000
12:10:20.654932> Ask1: 100.57000000 Bid1:100.56000000 Ask2:100.5270 Bid2:100.5260
12:10:20.654932> New Min DevSell: 0.00000000 GapSell:-0.03300000 avgGapSell:-0.03300000 deviationSell:0.00000000
12:10:20.654932> Ask1: 100.57000000 Bid1:100.56000000 Ask2:100.5270 Bid2:100.5260
12:10:20.656933> New Max DevBuy: 0.00000000 GapBuy:-0.04400000 avgGapBuy:-0.04400000 deviationBuy:0.00000000
12:10:20.656933> Ask1: 100.57000000 Bid1:100.56000000 Ask2:100.5270 Bid2:100.5260
12:10:20.662933> New Min DevSell: 0.00000000 GapSell:-0.03300000 avgGapSell:-0.03300000 deviationSell:0.00000000
12:10:20.662933> Ask1: 100.57000000 Bid1:100.56000000 Ask2:100.5270 Bid2:100.5260
12:10:20.664933> New Max DevBuy: 0.00000000 GapBuy:-0.04400000 avgGapBuy:-0.04400000 deviationBuy:0.00000000
12:10:20.664933> Ask1: 100.57000000 Bid1:100.56000000 Ask2:100.5270 Bid2:100.5260
12:10:20.664933> New Min DevSell: 0.00000000 GapSell:-0.03300000 avgGapSell:-0.03300000 deviationSell:0.00000000
12:10:20.664933> Ask1: 100.57000000 Bid1:100.56000000 Ask2:100.5270 Bid2:100.5260
12:10:20.665934> New Max DevBuy: 0.00000000 GapBuy:-0.04400000 avgGapBuy:-0.04400000 deviationBuy:0.00000000
12:10:20.665934> Ask1: 100.57000000 Bid1:100.56000000 Ask2:100.5270 Bid2:100.5260
12:10:20.665934> New Min DevSell: 0.00000000 GapSell:-0.03300000 avgGapSell:-0.03300000 deviationSell:0.00000000
12:10:20.665934> Ask1: 100.57000000 Bid1:100.56000000 Ask2:100.5270 Bid2:100.5260
12:10:20.668933> New Max DevBuy: 0.00000000 GapBuy:-0.04400000 avgGapBuy:-0.04400000 deviationBuy:0.00000000
12:10:20.668933> Ask1: 100.57000000 Bid1:100.56000000 Ask2:100.5270 Bid2:100.5260
12:10:20.668933> New Min DevSell: 0.00000000 GapSell:-0.03300000 avgGapSell:-0.03300000 deviationSell:0.00000000
12:10:20.668933> Ask1: 100.57000000 Bid1:100.56000000 Ask2:100.5270 Bid2:100.5260
12:10:20.670935> New Max DevBuy: 0.00000000 GapBuy:-0.04400000 avgGapBuy:-0.04400000 deviationBuy:0.00000000
12:10:20.670935> Ask1: 100.57000000 Bid1:100.56000000 Ask2:100.5270 Bid2:100.5260
12:10:20.670935> New Min DevSell: 0.00000000 GapSell:-0.03300000 avgGapSell:-0.03300000 deviationSell:0.00000000
12:10:20.670935> Ask1: 100.57000000 Bid1:100.56000000 Ask2:100.5270 Bid2:100.5260
12:10:20.672934> New Max DevBuy: 0.00000000 GapBuy:-0.04400000 avgGapBuy:-0.04400000 deviationBuy:0.00000000
12:10:20.672934> Ask1: 100.57000000 Bid1:100.56000000 Ask2:100.5270 Bid2:100.5260
12:10:20.672934> New Min DevSell: 0.00000000 GapSell:-0.03300000 avgGapSell:-0.03300000 deviationSell:0.00000000
12:10:20.672934> Ask1: 100.57000000 Bid1:100.56000000 Ask2:100.5270 Bid2:100.5260
12:10:20.673933> New Max DevBuy: 0.00000000 GapBuy:-0.04400000 avgGapBuy:-0.04400000 deviationBuy:0.00000000
12:10:20.673933> Ask1: 100.57000000 Bid1:100.56000000 Ask2:100.5270 Bid2:100.5260
12:10:20.673933> New Min DevSell: 0.00000000 GapSell:-0.03300000 avgGapSell:-0.03300000 deviationSell:0.00000000
12:10:20.673933> Ask1: 100.57000000 Bid1:100.56000000 Ask2:100.5270 Bid2:100.5260
12:10:20.675933> New Max DevBuy: 0.00000000 GapBuy:-0.04400000 avgGapBuy:-0.04400000 deviationBuy:0.00000000
12:10:20.675933> Ask1: 100.57000000 Bid1:100.56000000 Ask2:100.5270 Bid2:100.5260
12:10:20.675933> New Min DevSell: 0.00000000 GapSell:-0.03300000 avgGapSell:-0.03300000 deviationSell:0.00000000
12:10:20.675933> Ask1: 100.57000000 Bid1:100.56000000 Ask2:100.5270 Bid2:100.5260
12:10:20.676933> New Max DevBuy: 0.00000000 GapBuy:-0.04400000 avgGapBuy:-0.04400000 deviationBuy:0.00000000
12:10:20.676933> Ask1: 100.57000000 Bid1:100.56000000 Ask2:100.5270 Bid2:100.5260
12:10:20.991952> New Min DevSell: 0.00000000 GapSell:-0.03300000 avgGapSell:-0.03300000 deviationSell:0.00000000
12:10:20.991952> Ask1: 100.57000000 Bid1:100.56000000 Ask2:100.5300 Bid2:100.5290
12:10:20.992952> New Max DevBuy: 0.00150000 GapBuy:-0.04100000 avgGapBuy:-0.04250000 deviationBuy:0.00150000
12:10:20.992952> Ask1: 100.57000000 Bid1:100.56000000 Ask2:100.5300 Bid2:100.5290
12:10:20.992952> New Min DevSell: 0.00300000 GapSell:-0.03000000 avgGapSell:-0.03300000 deviationSell:0.00300000
12:10:20.992952> Ask1: 100.57000000 Bid1:100.56000000 Ask2:100.5300 Bid2:100.5290
12:10:23.432093> New Min DevSell: -0.00500000 GapSell:-0.03800000 avgGapSell:-0.03300000 deviationSell:-0.00500000
12:10:23.433094> Ask1: 100.57000000 Bid1:100.56000000 Ask2:100.5220 Bid2:100.5210
12:10:23.594098> New Max DevBuy: 0.00425000 GapBuy:-0.03900000 avgGapBuy:-0.04325000 deviationBuy:0.00425000
12:10:23.617101> Ask1: 100.56000000 Bid1:100.55000000 Ask2:100.5220 Bid2:100.5210
12:10:24.453158> New Max DevBuy: 0.0076666666666666666666666667 GapBuy:-0.03300000 avgGapBuy:-0.0406666666666666666666666667 deviationBuy:0.0076666666666666666666666667
12:10:24.454155> Ask1: 100.56000000 Bid1:100.55000000 Ask2:100.5280 Bid2:100.5270
12:10:24.575158> New Max DevBuy: 0.01000000 GapBuy:-0.02900000 avgGapBuy:-0.03900000 deviationBuy:0.01000000
12:10:24.575158> Ask1: 100.56000000 Bid1:100.55000000 Ask2:100.5320 Bid2:100.5310
12:10:30.557875> New Max DevBuy: 0.0125833333333333333333333333 GapBuy:-0.02400000 avgGapBuy:-0.0365833333333333333333333333 deviationBuy:0.0125833333333333333333333333
12:10:30.557875> Ask1: 100.58000000 Bid1:100.57000000 Ask2:100.5570 Bid2:100.5560
12:10:34.876288> New Min DevSell: -0.00600000 GapSell:-0.03900000 avgGapSell:-0.03300000 deviationSell:-0.00600000
12:10:34.877292> Ask1: 100.59000000 Bid1:100.58000000 Ask2:100.5410 Bid2:100.5400
