12:07:41.134747> WebSocket connected! Start Partial @depth10 [MARGIN] process...
12:07:41.136743> Lenta has started...Start SubscribeToTradeStream @trade [{accType}] process...
12:07:41.136743> WebSocket connected! Start [MARGIN] @depth@100ms process...
12:07:41.137745> WebSocket connected! Start Partial @depth10 [Future] process...
12:07:41.295751> Lenta has started...Start SubscribeToAggTradeStream @aggTrade [future] process...
12:07:41.902789> New Max DevBuy: 0.00000000 GapBuy:-0.04500000 avgGapBuy:-0.04500000 deviationBuy:0.00000000
12:07:41.903788> Ask1: 100.77000000 Bid1:100.76000000 Ask2:100.7260 Bid2:100.7250
12:07:41.903788> New Min DevSell: 0.00000000 GapSell:-0.03400000 avgGapSell:-0.03400000 deviationSell:0.00000000
12:07:41.904788> Ask1: 100.77000000 Bid1:100.76000000 Ask2:100.7260 Bid2:100.7250
12:07:44.812954> Lenta has started...Start SubscribeToTradeStream @trade [{accType}] process...
12:07:48.823184> WebSocket connected! Start [MARGIN] @depth@100ms process...
12:07:48.824184> WebSocket connected! Start Partial @depth10 [MARGIN] process...
12:07:48.825185> WebSocket connected! Start Partial @depth10 [Future] process...
12:07:48.825185> Lenta has started...Start SubscribeToAggTradeStream @aggTrade [future] process...
12:07:48.851187> Binance - Vxxv1AWf[MARGIN] MARGIN Balance: 0 USDT
12:07:49.568228> BinanceFuture - Vxxv1AWf[USD_M] USD_M Balance: 0 USDT
12:08:57.973572> Binance - Vxxv1AWf[MARGIN] Api Error Code: -1021 Message: Timestamp for this request is outside of the recvWindow.
12:08:57.974569> [1Leg]: Sell FAILED solusdt;Gap=0;Price=100.66000
12:08:57.979569> New Max DevBuy: 0.00000000 GapBuy:-0.04500000 avgGapBuy:-0.04500000 deviationBuy:0.00000000
12:08:57.980569> Ask1: 100.66000000 Bid1:100.65000000 Ask2:100.6160 Bid2:100.6150
12:08:57.980569> New Min DevSell: 0.00000000 GapSell:-0.03400000 avgGapSell:-0.03400000 deviationSell:0.00000000
12:08:58.001572> Ask1: 100.66000000 Bid1:100.65000000 Ask2:100.6160 Bid2:100.6150
12:08:58.003571> New Max DevBuy: 0.00000000 GapBuy:-0.04500000 avgGapBuy:-0.04500000 deviationBuy:0.00000000
12:08:58.003571> Ask1: 100.66000000 Bid1:100.65000000 Ask2:100.6160 Bid2:100.6150
12:08:58.003571> New Min DevSell: 0.00000000 GapSell:-0.03400000 avgGapSell:-0.03400000 deviationSell:0.00000000
12:08:58.004571> Ask1: 100.66000000 Bid1:100.65000000 Ask2:100.6160 Bid2:100.6150
12:08:58.005572> New Max DevBuy: 0.00000000 GapBuy:-0.04500000 avgGapBuy:-0.04500000 deviationBuy:0.00000000
12:08:58.005572> Ask1: 100.66000000 Bid1:100.65000000 Ask2:100.6160 Bid2:100.6150
12:08:58.005572> New Min DevSell: 0.00000000 GapSell:-0.03400000 avgGapSell:-0.03400000 deviationSell:0.00000000
12:08:58.006571> Ask1: 100.66000000 Bid1:100.65000000 Ask2:100.6160 Bid2:100.6150
12:08:58.007572> New Max DevBuy: 0.00000000 GapBuy:-0.04500000 avgGapBuy:-0.04500000 deviationBuy:0.00000000
12:08:58.007572> Ask1: 100.66000000 Bid1:100.65000000 Ask2:100.6160 Bid2:100.6150
12:08:58.007572> New Min DevSell: 0.00000000 GapSell:-0.03400000 avgGapSell:-0.03400000 deviationSell:0.00000000
12:08:58.007572> Ask1: 100.66000000 Bid1:100.65000000 Ask2:100.6160 Bid2:100.6150
12:08:58.010572> New Max DevBuy: 0.00000000 GapBuy:-0.04500000 avgGapBuy:-0.04500000 deviationBuy:0.00000000
12:08:58.010572> Ask1: 100.66000000 Bid1:100.65000000 Ask2:100.6160 Bid2:100.6150
12:08:58.010572> New Min DevSell: 0.00000000 GapSell:-0.03400000 avgGapSell:-0.03400000 deviationSell:0.00000000
12:08:58.010572> Ask1: 100.66000000 Bid1:100.65000000 Ask2:100.6160 Bid2:100.6150
12:08:58.012574> New Max DevBuy: 0.00000000 GapBuy:-0.04500000 avgGapBuy:-0.04500000 deviationBuy:0.00000000
12:08:58.012574> Ask1: 100.66000000 Bid1:100.65000000 Ask2:100.6160 Bid2:100.6150
12:08:58.012574> New Min DevSell: 0.00000000 GapSell:-0.03400000 avgGapSell:-0.03400000 deviationSell:0.00000000
12:08:58.013572> Ask1: 100.66000000 Bid1:100.65000000 Ask2:100.6160 Bid2:100.6150
12:08:58.014572> New Max DevBuy: 0.00000000 GapBuy:-0.04500000 avgGapBuy:-0.04500000 deviationBuy:0.00000000
12:08:58.014572> Ask1: 100.66000000 Bid1:100.65000000 Ask2:100.6160 Bid2:100.6150
12:08:58.014572> New Min DevSell: 0.00000000 GapSell:-0.03400000 avgGapSell:-0.03400000 deviationSell:0.00000000
12:08:58.015575> Ask1: 100.66000000 Bid1:100.65000000 Ask2:100.6160 Bid2:100.6150
12:08:58.017572> New Max DevBuy: 0.00000000 GapBuy:-0.04500000 avgGapBuy:-0.04500000 deviationBuy:0.00000000
12:08:58.017572> Ask1: 100.66000000 Bid1:100.65000000 Ask2:100.6160 Bid2:100.6150
12:08:58.017572> New Min DevSell: 0.00000000 GapSell:-0.03400000 avgGapSell:-0.03400000 deviationSell:0.00000000
12:08:58.018573> Ask1: 100.66000000 Bid1:100.65000000 Ask2:100.6160 Bid2:100.6150
12:08:58.225584> New Max DevBuy: 0.00000000 GapBuy:-0.04500000 avgGapBuy:-0.04500000 deviationBuy:0.00000000
12:08:58.225584> Ask1: 100.66000000 Bid1:100.65000000 Ask2:100.6160 Bid2:100.6150
12:08:58.226584> New Min DevSell: 0.00000000 GapSell:-0.03400000 avgGapSell:-0.03400000 deviationSell:0.00000000
12:08:58.226584> Ask1: 100.66000000 Bid1:100.65000000 Ask2:100.6160 Bid2:100.6150
12:08:58.230586> New Max DevBuy: 0.00000000 GapBuy:-0.04500000 avgGapBuy:-0.04500000 deviationBuy:0.00000000
12:08:58.230586> Ask1: 100.66000000 Bid1:100.65000000 Ask2:100.6160 Bid2:100.6150
12:08:58.231584> New Min DevSell: 0.00000000 GapSell:-0.03400000 avgGapSell:-0.03400000 deviationSell:0.00000000
12:08:58.231584> Ask1: 100.66000000 Bid1:100.65000000 Ask2:100.6160 Bid2:100.6150
12:08:58.234591> New Max DevBuy: 0.00000000 GapBuy:-0.04500000 avgGapBuy:-0.04500000 deviationBuy:0.00000000
12:08:58.234591> Ask1: 100.66000000 Bid1:100.65000000 Ask2:100.6160 Bid2:100.6150
12:08:58.235585> New Min DevSell: 0.00000000 GapSell:-0.03400000 avgGapSell:-0.03400000 deviationSell:0.00000000
12:08:58.235585> Ask1: 100.66000000 Bid1:100.65000000 Ask2:100.6160 Bid2:100.6150
12:08:58.237585> New Max DevBuy: 0.00000000 GapBuy:-0.04500000 avgGapBuy:-0.04500000 deviationBuy:0.00000000
12:08:58.237585> Ask1: 100.66000000 Bid1:100.65000000 Ask2:100.6160 Bid2:100.6150
12:08:58.238584> New Min DevSell: 0.00000000 GapSell:-0.03400000 avgGapSell:-0.03400000 deviationSell:0.00000000
12:08:58.239584> Ask1: 100.66000000 Bid1:100.65000000 Ask2:100.6160 Bid2:100.6150
12:08:58.240585> New Max DevBuy: 0.00000000 GapBuy:-0.04500000 avgGapBuy:-0.04500000 deviationBuy:0.00000000
12:08:58.240585> Ask1: 100.66000000 Bid1:100.65000000 Ask2:100.6160 Bid2:100.6150
12:08:58.240585> New Min DevSell: 0.00000000 GapSell:-0.03400000 avgGapSell:-0.03400000 deviationSell:0.00000000
12:08:58.241585> Ask1: 100.66000000 Bid1:100.65000000 Ask2:100.6160 Bid2:100.6150
12:08:58.244584> New Max DevBuy: 0.00000000 GapBuy:-0.04500000 avgGapBuy:-0.04500000 deviationBuy:0.00000000
12:08:58.245585> Ask1: 100.66000000 Bid1:100.65000000 Ask2:100.6160 Bid2:100.6150
12:08:58.245585> New Min DevSell: 0.00000000 GapSell:-0.03400000 avgGapSell:-0.03400000 deviationSell:0.00000000
12:08:58.245585> Ask1: 100.66000000 Bid1:100.65000000 Ask2:100.6160 Bid2:100.6150
12:08:58.247598> New Max DevBuy: 0.00000000 GapBuy:-0.04500000 avgGapBuy:-0.04500000 deviationBuy:0.00000000
12:08:58.247598> Ask1: 100.66000000 Bid1:100.65000000 Ask2:100.6160 Bid2:100.6150
12:08:58.248584> New Min DevSell: 0.00000000 GapSell:-0.03400000 avgGapSell:-0.03400000 deviationSell:0.00000000
12:08:58.248584> Ask1: 100.66000000 Bid1:100.65000000 Ask2:100.6160 Bid2:100.6150
12:08:58.250585> New Max DevBuy: 0.00000000 GapBuy:-0.04500000 avgGapBuy:-0.04500000 deviationBuy:0.00000000
12:08:58.250585> Ask1: 100.66000000 Bid1:100.65000000 Ask2:100.6160 Bid2:100.6150
12:08:58.251585> New Min DevSell: 0.00000000 GapSell:-0.03400000 avgGapSell:-0.03400000 deviationSell:0.00000000
12:08:58.251585> Ask1: 100.66000000 Bid1:100.65000000 Ask2:100.6160 Bid2:100.6150
12:08:58.253585> New Max DevBuy: 0.00000000 GapBuy:-0.04500000 avgGapBuy:-0.04500000 deviationBuy:0.00000000
12:08:58.253585> Ask1: 100.66000000 Bid1:100.65000000 Ask2:100.6160 Bid2:100.6150
12:08:58.254585> New Min DevSell: 0.00000000 GapSell:-0.03400000 avgGapSell:-0.03400000 deviationSell:0.00000000
12:08:58.254585> Ask1: 100.66000000 Bid1:100.65000000 Ask2:100.6160 Bid2:100.6150
12:08:58.256586> New Max DevBuy: 0.00000000 GapBuy:-0.04500000 avgGapBuy:-0.04500000 deviationBuy:0.00000000
12:08:58.257585> Ask1: 100.66000000 Bid1:100.65000000 Ask2:100.6160 Bid2:100.6150
12:08:58.257585> New Min DevSell: 0.00000000 GapSell:-0.03400000 avgGapSell:-0.03400000 deviationSell:0.00000000
12:08:58.260585> Ask1: 100.66000000 Bid1:100.65000000 Ask2:100.6160 Bid2:100.6150
12:08:58.292587> New Max DevBuy: 0.00000000 GapBuy:-0.04500000 avgGapBuy:-0.04500000 deviationBuy:0.00000000
12:08:58.293588> Ask1: 100.66000000 Bid1:100.65000000 Ask2:100.6160 Bid2:100.6150
12:08:58.294588> New Min DevSell: 0.00000000 GapSell:-0.03400000 avgGapSell:-0.03400000 deviationSell:0.00000000
12:08:58.294588> Ask1: 100.66000000 Bid1:100.65000000 Ask2:100.6160 Bid2:100.6150
12:08:58.297587> New Max DevBuy: 0.00000000 GapBuy:-0.04500000 avgGapBuy:-0.04500000 deviationBuy:0.00000000
12:08:58.298587> Ask1: 100.66000000 Bid1:100.65000000 Ask2:100.6160 Bid2:100.6150
12:08:58.299588> New Min DevSell: 0.00000000 GapSell:-0.03400000 avgGapSell:-0.03400000 deviationSell:0.00000000
12:08:58.299588> Ask1: 100.66000000 Bid1:100.65000000 Ask2:100.6160 Bid2:100.6150
12:08:58.301588> New Max DevBuy: 0.00000000 GapBuy:-0.04500000 avgGapBuy:-0.04500000 deviationBuy:0.00000000
12:08:58.302588> Ask1: 100.66000000 Bid1:100.65000000 Ask2:100.6160 Bid2:100.6150
12:08:58.303589> New Min DevSell: 0.00000000 GapSell:-0.03400000 avgGapSell:-0.03400000 deviationSell:0.00000000
12:08:58.303589> Ask1: 100.66000000 Bid1:100.65000000 Ask2:100.6160 Bid2:100.6150
12:08:58.306588> New Max DevBuy: 0.00000000 GapBuy:-0.04500000 avgGapBuy:-0.04500000 deviationBuy:0.00000000
12:08:58.306588> Ask1: 100.66000000 Bid1:100.65000000 Ask2:100.6160 Bid2:100.6150
12:08:58.306588> New Min DevSell: 0.00000000 GapSell:-0.03400000 avgGapSell:-0.03400000 deviationSell:0.00000000
12:08:58.307590> Ask1: 100.66000000 Bid1:100.65000000 Ask2:100.6160 Bid2:100.6150
12:08:58.309588> New Max DevBuy: 0.00000000 GapBuy:-0.04500000 avgGapBuy:-0.04500000 deviationBuy:0.00000000
12:08:58.309588> Ask1: 100.66000000 Bid1:100.65000000 Ask2:100.6160 Bid2:100.6150
12:08:58.310589> New Min DevSell: 0.00000000 GapSell:-0.03400000 avgGapSell:-0.03400000 deviationSell:0.00000000
12:08:58.310589> Ask1: 100.66000000 Bid1:100.65000000 Ask2:100.6160 Bid2:100.6150
12:08:58.311589> New Max DevBuy: 0.00000000 GapBuy:-0.04500000 avgGapBuy:-0.04500000 deviationBuy:0.00000000
12:08:58.311589> Ask1: 100.66000000 Bid1:100.65000000 Ask2:100.6160 Bid2:100.6150
12:08:58.312589> New Min DevSell: 0.00000000 GapSell:-0.03400000 avgGapSell:-0.03400000 deviationSell:0.00000000
12:08:58.312589> Ask1: 100.66000000 Bid1:100.65000000 Ask2:100.6160 Bid2:100.6150
12:08:58.313590> New Max DevBuy: 0.00000000 GapBuy:-0.04500000 avgGapBuy:-0.04500000 deviationBuy:0.00000000
12:08:58.313590> Ask1: 100.66000000 Bid1:100.65000000 Ask2:100.6160 Bid2:100.6150
12:08:58.313590> New Min DevSell: 0.00000000 GapSell:-0.03400000 avgGapSell:-0.03400000 deviationSell:0.00000000
12:08:58.314589> Ask1: 100.66000000 Bid1:100.65000000 Ask2:100.6160 Bid2:100.6150
12:08:58.316589> New Max DevBuy: 0.00000000 GapBuy:-0.04500000 avgGapBuy:-0.04500000 deviationBuy:0.00000000
12:08:58.316589> Ask1: 100.66000000 Bid1:100.65000000 Ask2:100.6160 Bid2:100.6150
12:08:58.316589> New Min DevSell: 0.00000000 GapSell:-0.03400000 avgGapSell:-0.03400000 deviationSell:0.00000000
12:08:58.317589> Ask1: 100.66000000 Bid1:100.65000000 Ask2:100.6160 Bid2:100.6150
12:08:58.318590> New Max DevBuy: 0.00000000 GapBuy:-0.04500000 avgGapBuy:-0.04500000 deviationBuy:0.00000000
12:08:58.318590> Ask1: 100.66000000 Bid1:100.65000000 Ask2:100.6160 Bid2:100.6150
12:08:58.318590> New Min DevSell: 0.00000000 GapSell:-0.03400000 avgGapSell:-0.03400000 deviationSell:0.00000000
12:08:58.319590> Ask1: 100.66000000 Bid1:100.65000000 Ask2:100.6160 Bid2:100.6150
12:08:58.321590> New Max DevBuy: 0.00000000 GapBuy:-0.04500000 avgGapBuy:-0.04500000 deviationBuy:0.00000000
12:08:58.321590> Ask1: 100.66000000 Bid1:100.65000000 Ask2:100.6160 Bid2:100.6150
12:08:58.321590> New Min DevSell: 0.00000000 GapSell:-0.03400000 avgGapSell:-0.03400000 deviationSell:0.00000000
12:08:58.322591> Ask1: 100.66000000 Bid1:100.65000000 Ask2:100.6160 Bid2:100.6150
12:08:58.325591> New Max DevBuy: 0.00000000 GapBuy:-0.04500000 avgGapBuy:-0.04500000 deviationBuy:0.00000000
12:08:58.326591> Ask1: 100.66000000 Bid1:100.65000000 Ask2:100.6160 Bid2:100.6150
12:08:58.326591> New Min DevSell: 0.00000000 GapSell:-0.03400000 avgGapSell:-0.03400000 deviationSell:0.00000000
12:08:58.326591> Ask1: 100.66000000 Bid1:100.65000000 Ask2:100.6160 Bid2:100.6150
12:08:58.327592> New Max DevBuy: 0.00000000 GapBuy:-0.04500000 avgGapBuy:-0.04500000 deviationBuy:0.00000000
12:08:58.327592> Ask1: 100.66000000 Bid1:100.65000000 Ask2:100.6160 Bid2:100.6150
12:08:58.327592> New Min DevSell: 0.00000000 GapSell:-0.03400000 avgGapSell:-0.03400000 deviationSell:0.00000000
12:08:58.328591> Ask1: 100.66000000 Bid1:100.65000000 Ask2:100.6160 Bid2:100.6150
12:08:58.330590> New Max DevBuy: 0.00000000 GapBuy:-0.04500000 avgGapBuy:-0.04500000 deviationBuy:0.00000000
12:08:58.330590> Ask1: 100.66000000 Bid1:100.65000000 Ask2:100.6160 Bid2:100.6150
12:08:58.330590> New Min DevSell: 0.00000000 GapSell:-0.03400000 avgGapSell:-0.03400000 deviationSell:0.00000000
12:08:58.331590> Ask1: 100.66000000 Bid1:100.65000000 Ask2:100.6160 Bid2:100.6150
12:08:58.333591> New Max DevBuy: 0.00000000 GapBuy:-0.04500000 avgGapBuy:-0.04500000 deviationBuy:0.00000000
12:08:58.333591> Ask1: 100.66000000 Bid1:100.65000000 Ask2:100.6160 Bid2:100.6150
12:08:58.333591> New Min DevSell: 0.00000000 GapSell:-0.03400000 avgGapSell:-0.03400000 deviationSell:0.00000000
12:08:58.334591> Ask1: 100.66000000 Bid1:100.65000000 Ask2:100.6160 Bid2:100.6150
12:08:58.336591> New Max DevBuy: 0.00000000 GapBuy:-0.04500000 avgGapBuy:-0.04500000 deviationBuy:0.00000000
12:08:58.336591> Ask1: 100.66000000 Bid1:100.65000000 Ask2:100.6160 Bid2:100.6150
12:08:58.336591> New Min DevSell: 0.00000000 GapSell:-0.03400000 avgGapSell:-0.03400000 deviationSell:0.00000000
12:08:58.339590> Ask1: 100.66000000 Bid1:100.65000000 Ask2:100.6160 Bid2:100.6150
12:08:58.340591> New Max DevBuy: 0.00000000 GapBuy:-0.04500000 avgGapBuy:-0.04500000 deviationBuy:0.00000000
12:08:58.340591> Ask1: 100.66000000 Bid1:100.65000000 Ask2:100.6160 Bid2:100.6150
12:08:58.340591> New Min DevSell: 0.00000000 GapSell:-0.03400000 avgGapSell:-0.03400000 deviationSell:0.00000000
12:08:58.341590> Ask1: 100.66000000 Bid1:100.65000000 Ask2:100.6160 Bid2:100.6150
12:08:58.342592> New Max DevBuy: 0.00000000 GapBuy:-0.04500000 avgGapBuy:-0.04500000 deviationBuy:0.00000000
12:08:58.342592> Ask1: 100.66000000 Bid1:100.65000000 Ask2:100.6160 Bid2:100.6150
12:08:58.342592> New Min DevSell: 0.00000000 GapSell:-0.03400000 avgGapSell:-0.03400000 deviationSell:0.00000000
12:08:58.342592> Ask1: 100.66000000 Bid1:100.65000000 Ask2:100.6160 Bid2:100.6150
12:08:58.345597> New Max DevBuy: 0.00000000 GapBuy:-0.04500000 avgGapBuy:-0.04500000 deviationBuy:0.00000000
12:08:58.345597> Ask1: 100.66000000 Bid1:100.65000000 Ask2:100.6160 Bid2:100.6150
12:08:58.346591> New Min DevSell: 0.00000000 GapSell:-0.03400000 avgGapSell:-0.03400000 deviationSell:0.00000000
12:08:58.346591> Ask1: 100.66000000 Bid1:100.65000000 Ask2:100.6160 Bid2:100.6150
12:08:58.351594> New Max DevBuy: 0.00000000 GapBuy:-0.04500000 avgGapBuy:-0.04500000 deviationBuy:0.00000000
12:08:58.351594> Ask1: 100.66000000 Bid1:100.65000000 Ask2:100.6160 Bid2:100.6150
12:08:58.352593> New Min DevSell: 0.00000000 GapSell:-0.03400000 avgGapSell:-0.03400000 deviationSell:0.00000000
12:08:58.352593> Ask1: 100.66000000 Bid1:100.65000000 Ask2:100.6160 Bid2:100.6150
12:08:58.354592> New Max DevBuy: 0.00000000 GapBuy:-0.04500000 avgGapBuy:-0.04500000 deviationBuy:0.00000000
12:08:58.354592> Ask1: 100.66000000 Bid1:100.65000000 Ask2:100.6160 Bid2:100.6150
12:08:58.354592> New Min DevSell: 0.00000000 GapSell:-0.03400000 avgGapSell:-0.03400000 deviationSell:0.00000000
12:08:58.354592> Ask1: 100.66000000 Bid1:100.65000000 Ask2:100.6160 Bid2:100.6150
12:08:58.356592> New Max DevBuy: 0.00000000 GapBuy:-0.04500000 avgGapBuy:-0.04500000 deviationBuy:0.00000000
12:08:58.356592> Ask1: 100.66000000 Bid1:100.65000000 Ask2:100.6160 Bid2:100.6150
12:08:58.356592> New Min DevSell: 0.00000000 GapSell:-0.03400000 avgGapSell:-0.03400000 deviationSell:0.00000000
12:08:58.359591> Ask1: 100.66000000 Bid1:100.65000000 Ask2:100.6160 Bid2:100.6150
12:08:58.360592> New Max DevBuy: 0.00000000 GapBuy:-0.04500000 avgGapBuy:-0.04500000 deviationBuy:0.00000000
12:08:58.360592> Ask1: 100.66000000 Bid1:100.65000000 Ask2:100.6160 Bid2:100.6150
12:08:58.360592> New Min DevSell: 0.00000000 GapSell:-0.03400000 avgGapSell:-0.03400000 deviationSell:0.00000000
12:08:58.361592> Ask1: 100.66000000 Bid1:100.65000000 Ask2:100.6160 Bid2:100.6150
12:08:58.375592> New Max DevBuy: 0.00000000 GapBuy:-0.04500000 avgGapBuy:-0.04500000 deviationBuy:0.00000000
12:08:58.376593> Ask1: 100.66000000 Bid1:100.65000000 Ask2:100.6160 Bid2:100.6150
12:08:58.376593> New Min DevSell: 0.00000000 GapSell:-0.03400000 avgGapSell:-0.03400000 deviationSell:0.00000000
12:08:58.377592> Ask1: 100.66000000 Bid1:100.65000000 Ask2:100.6160 Bid2:100.6150
12:08:58.378593> New Max DevBuy: 0.00000000 GapBuy:-0.04500000 avgGapBuy:-0.04500000 deviationBuy:0.00000000
12:08:58.379593> Ask1: 100.66000000 Bid1:100.65000000 Ask2:100.6160 Bid2:100.6150
12:08:58.379593> New Min DevSell: 0.00000000 GapSell:-0.03400000 avgGapSell:-0.03400000 deviationSell:0.00000000
12:08:58.380591> Ask1: 100.66000000 Bid1:100.65000000 Ask2:100.6160 Bid2:100.6150
12:08:58.382593> New Max DevBuy: 0.00000000 GapBuy:-0.04500000 avgGapBuy:-0.04500000 deviationBuy:0.00000000
12:08:58.382593> Ask1: 100.66000000 Bid1:100.65000000 Ask2:100.6160 Bid2:100.6150
12:08:58.383594> New Min DevSell: 0.00000000 GapSell:-0.03400000 avgGapSell:-0.03400000 deviationSell:0.00000000
12:08:58.383594> Ask1: 100.66000000 Bid1:100.65000000 Ask2:100.6160 Bid2:100.6150
12:08:58.385593> New Max DevBuy: 0.00000000 GapBuy:-0.04500000 avgGapBuy:-0.04500000 deviationBuy:0.00000000
12:08:58.385593> Ask1: 100.66000000 Bid1:100.65000000 Ask2:100.6160 Bid2:100.6150
12:08:58.385593> New Min DevSell: 0.00000000 GapSell:-0.03400000 avgGapSell:-0.03400000 deviationSell:0.00000000
12:08:58.386594> Ask1: 100.66000000 Bid1:100.65000000 Ask2:100.6160 Bid2:100.6150
12:08:58.388593> New Max DevBuy: 0.00000000 GapBuy:-0.04500000 avgGapBuy:-0.04500000 deviationBuy:0.00000000
12:08:58.389596> Ask1: 100.66000000 Bid1:100.65000000 Ask2:100.6160 Bid2:100.6150
12:08:58.389596> New Min DevSell: 0.00000000 GapSell:-0.03400000 avgGapSell:-0.03400000 deviationSell:0.00000000
12:08:58.390594> Ask1: 100.66000000 Bid1:100.65000000 Ask2:100.6160 Bid2:100.6150
12:08:58.391596> New Max DevBuy: 0.00000000 GapBuy:-0.04500000 avgGapBuy:-0.04500000 deviationBuy:0.00000000
12:08:58.391596> Ask1: 100.66000000 Bid1:100.65000000 Ask2:100.6160 Bid2:100.6150
12:08:58.391596> New Min DevSell: 0.00000000 GapSell:-0.03400000 avgGapSell:-0.03400000 deviationSell:0.00000000
12:08:58.392593> Ask1: 100.66000000 Bid1:100.65000000 Ask2:100.6160 Bid2:100.6150
12:08:58.393595> New Max DevBuy: 0.00000000 GapBuy:-0.04500000 avgGapBuy:-0.04500000 deviationBuy:0.00000000
12:08:58.393595> Ask1: 100.66000000 Bid1:100.65000000 Ask2:100.6160 Bid2:100.6150
12:08:58.393595> New Min DevSell: 0.00000000 GapSell:-0.03400000 avgGapSell:-0.03400000 deviationSell:0.00000000
12:08:58.394597> Ask1: 100.66000000 Bid1:100.65000000 Ask2:100.6160 Bid2:100.6150
12:08:58.396594> New Max DevBuy: 0.00000000 GapBuy:-0.04500000 avgGapBuy:-0.04500000 deviationBuy:0.00000000
12:08:58.396594> Ask1: 100.66000000 Bid1:100.65000000 Ask2:100.6160 Bid2:100.6150
12:08:58.397594> New Min DevSell: 0.00000000 GapSell:-0.03400000 avgGapSell:-0.03400000 deviationSell:0.00000000
12:08:58.397594> Ask1: 100.66000000 Bid1:100.65000000 Ask2:100.6160 Bid2:100.6150
12:08:58.398594> New Max DevBuy: 0.00000000 GapBuy:-0.04500000 avgGapBuy:-0.04500000 deviationBuy:0.00000000
12:08:58.398594> Ask1: 100.66000000 Bid1:100.65000000 Ask2:100.6160 Bid2:100.6150
12:08:58.398594> New Min DevSell: 0.00000000 GapSell:-0.03400000 avgGapSell:-0.03400000 deviationSell:0.00000000
12:08:58.399595> Ask1: 100.66000000 Bid1:100.65000000 Ask2:100.6160 Bid2:100.6150
12:08:58.401594> New Max DevBuy: 0.00000000 GapBuy:-0.04500000 avgGapBuy:-0.04500000 deviationBuy:0.00000000
12:08:58.401594> Ask1: 100.66000000 Bid1:100.65000000 Ask2:100.6160 Bid2:100.6150
12:08:58.402594> New Min DevSell: 0.00000000 GapSell:-0.03400000 avgGapSell:-0.03400000 deviationSell:0.00000000
12:08:58.402594> Ask1: 100.66000000 Bid1:100.65000000 Ask2:100.6160 Bid2:100.6150
12:08:58.405595> New Max DevBuy: 0.00000000 GapBuy:-0.04500000 avgGapBuy:-0.04500000 deviationBuy:0.00000000
12:08:58.405595> Ask1: 100.66000000 Bid1:100.65000000 Ask2:100.6160 Bid2:100.6150
12:08:58.406595> New Min DevSell: 0.00000000 GapSell:-0.03400000 avgGapSell:-0.03400000 deviationSell:0.00000000
12:08:58.406595> Ask1: 100.66000000 Bid1:100.65000000 Ask2:100.6160 Bid2:100.6150
12:08:58.409594> New Max DevBuy: 0.00000000 GapBuy:-0.04500000 avgGapBuy:-0.04500000 deviationBuy:0.00000000
12:08:58.409594> Ask1: 100.66000000 Bid1:100.65000000 Ask2:100.6160 Bid2:100.6150
12:08:58.410595> New Min DevSell: 0.00000000 GapSell:-0.03400000 avgGapSell:-0.03400000 deviationSell:0.00000000
12:08:58.410595> Ask1: 100.66000000 Bid1:100.65000000 Ask2:100.6160 Bid2:100.6150
12:08:58.412596> New Max DevBuy: 0.00000000 GapBuy:-0.04500000 avgGapBuy:-0.04500000 deviationBuy:0.00000000
12:08:58.412596> Ask1: 100.66000000 Bid1:100.65000000 Ask2:100.6160 Bid2:100.6150
12:08:58.413595> New Min DevSell: 0.00000000 GapSell:-0.03400000 avgGapSell:-0.03400000 deviationSell:0.00000000
12:08:58.413595> Ask1: 100.66000000 Bid1:100.65000000 Ask2:100.6160 Bid2:100.6150
12:08:58.416595> New Max DevBuy: 0.00000000 GapBuy:-0.04500000 avgGapBuy:-0.04500000 deviationBuy:0.00000000
12:08:58.416595> Ask1: 100.66000000 Bid1:100.65000000 Ask2:100.6160 Bid2:100.6150
12:08:58.417595> New Min DevSell: 0.00000000 GapSell:-0.03400000 avgGapSell:-0.03400000 deviationSell:0.00000000
12:08:58.417595> Ask1: 100.66000000 Bid1:100.65000000 Ask2:100.6160 Bid2:100.6150
12:08:58.419596> New Max DevBuy: 0.00000000 GapBuy:-0.04500000 avgGapBuy:-0.04500000 deviationBuy:0.00000000
12:08:58.419596> Ask1: 100.66000000 Bid1:100.65000000 Ask2:100.6160 Bid2:100.6150
12:08:58.420595> New Min DevSell: 0.00000000 GapSell:-0.03400000 avgGapSell:-0.03400000 deviationSell:0.00000000
12:08:58.420595> Ask1: 100.66000000 Bid1:100.65000000 Ask2:100.6160 Bid2:100.6150
12:08:58.422597> New Max DevBuy: 0.00000000 GapBuy:-0.04500000 avgGapBuy:-0.04500000 deviationBuy:0.00000000
12:08:58.422597> Ask1: 100.66000000 Bid1:100.65000000 Ask2:100.6160 Bid2:100.6150
12:08:58.423596> New Min DevSell: 0.00000000 GapSell:-0.03400000 avgGapSell:-0.03400000 deviationSell:0.00000000
12:08:58.423596> Ask1: 100.66000000 Bid1:100.65000000 Ask2:100.6160 Bid2:100.6150
12:08:58.426597> New Max DevBuy: 0.00000000 GapBuy:-0.04500000 avgGapBuy:-0.04500000 deviationBuy:0.00000000
12:08:58.426597> Ask1: 100.66000000 Bid1:100.65000000 Ask2:100.6160 Bid2:100.6150
12:08:58.427597> New Min DevSell: 0.00000000 GapSell:-0.03400000 avgGapSell:-0.03400000 deviationSell:0.00000000
12:08:58.427597> Ask1: 100.66000000 Bid1:100.65000000 Ask2:100.6160 Bid2:100.6150
12:08:58.430596> New Max DevBuy: 0.00000000 GapBuy:-0.04500000 avgGapBuy:-0.04500000 deviationBuy:0.00000000
12:08:58.430596> Ask1: 100.66000000 Bid1:100.65000000 Ask2:100.6160 Bid2:100.6150
12:08:58.431597> New Min DevSell: 0.00000000 GapSell:-0.03400000 avgGapSell:-0.03400000 deviationSell:0.00000000
12:08:58.431597> Ask1: 100.66000000 Bid1:100.65000000 Ask2:100.6160 Bid2:100.6150
12:08:58.433596> New Max DevBuy: 0.00000000 GapBuy:-0.04500000 avgGapBuy:-0.04500000 deviationBuy:0.00000000
12:08:58.433596> Ask1: 100.66000000 Bid1:100.65000000 Ask2:100.6160 Bid2:100.6150
12:08:58.434597> New Min DevSell: 0.00000000 GapSell:-0.03400000 avgGapSell:-0.03400000 deviationSell:0.00000000
12:08:58.434597> Ask1: 100.66000000 Bid1:100.65000000 Ask2:100.6160 Bid2:100.6150
12:08:58.437625> New Max DevBuy: 0.00000000 GapBuy:-0.04500000 avgGapBuy:-0.04500000 deviationBuy:0.00000000
12:08:58.437625> Ask1: 100.66000000 Bid1:100.65000000 Ask2:100.6160 Bid2:100.6150
12:08:58.439594> New Min DevSell: 0.00000000 GapSell:-0.03400000 avgGapSell:-0.03400000 deviationSell:0.00000000
12:08:58.440596> Ask1: 100.66000000 Bid1:100.65000000 Ask2:100.6160 Bid2:100.6150
12:08:58.441597> New Max DevBuy: 0.00000000 GapBuy:-0.04500000 avgGapBuy:-0.04500000 deviationBuy:0.00000000
12:08:58.441597> Ask1: 100.66000000 Bid1:100.65000000 Ask2:100.6160 Bid2:100.6150
12:08:58.442597> New Min DevSell: 0.00000000 GapSell:-0.03400000 avgGapSell:-0.03400000 deviationSell:0.00000000
12:08:58.442597> Ask1: 100.66000000 Bid1:100.65000000 Ask2:100.6160 Bid2:100.6150
12:08:58.445596> New Max DevBuy: 0.00000000 GapBuy:-0.04500000 avgGapBuy:-0.04500000 deviationBuy:0.00000000
12:08:58.445596> Ask1: 100.66000000 Bid1:100.65000000 Ask2:100.6160 Bid2:100.6150
12:08:58.446597> New Min DevSell: 0.00000000 GapSell:-0.03400000 avgGapSell:-0.03400000 deviationSell:0.00000000
12:08:58.446597> Ask1: 100.66000000 Bid1:100.65000000 Ask2:100.6160 Bid2:100.6150
12:08:58.448607> New Max DevBuy: 0.00000000 GapBuy:-0.04500000 avgGapBuy:-0.04500000 deviationBuy:0.00000000
12:08:58.448607> Ask1: 100.66000000 Bid1:100.65000000 Ask2:100.6160 Bid2:100.6150
12:08:58.448607> New Min DevSell: 0.00000000 GapSell:-0.03400000 avgGapSell:-0.03400000 deviationSell:0.00000000
12:08:58.449596> Ask1: 100.66000000 Bid1:100.65000000 Ask2:100.6160 Bid2:100.6150
12:08:58.450596> New Max DevBuy: 0.00000000 GapBuy:-0.04500000 avgGapBuy:-0.04500000 deviationBuy:0.00000000
12:08:58.451598> Ask1: 100.66000000 Bid1:100.65000000 Ask2:100.6160 Bid2:100.6150
12:08:58.451598> New Min DevSell: 0.00000000 GapSell:-0.03400000 avgGapSell:-0.03400000 deviationSell:0.00000000
12:08:58.451598> Ask1: 100.66000000 Bid1:100.65000000 Ask2:100.6160 Bid2:100.6150
12:08:58.453605> New Max DevBuy: 0.00000000 GapBuy:-0.04500000 avgGapBuy:-0.04500000 deviationBuy:0.00000000
12:08:58.458599> Ask1: 100.66000000 Bid1:100.65000000 Ask2:100.6160 Bid2:100.6150
12:08:58.459597> New Min DevSell: 0.00000000 GapSell:-0.03400000 avgGapSell:-0.03400000 deviationSell:0.00000000
12:08:58.460599> Ask1: 100.66000000 Bid1:100.65000000 Ask2:100.6160 Bid2:100.6150
12:08:58.462609> New Max DevBuy: 0.00000000 GapBuy:-0.04500000 avgGapBuy:-0.04500000 deviationBuy:0.00000000
12:08:58.463597> Ask1: 100.66000000 Bid1:100.65000000 Ask2:100.6160 Bid2:100.6150
12:08:58.463597> New Min DevSell: 0.00000000 GapSell:-0.03400000 avgGapSell:-0.03400000 deviationSell:0.00000000
12:08:58.464598> Ask1: 100.66000000 Bid1:100.65000000 Ask2:100.6160 Bid2:100.6150
12:08:58.466598> New Max DevBuy: 0.00000000 GapBuy:-0.04500000 avgGapBuy:-0.04500000 deviationBuy:0.00000000
12:08:58.466598> Ask1: 100.66000000 Bid1:100.65000000 Ask2:100.6160 Bid2:100.6150
12:08:58.466598> New Min DevSell: 0.00000000 GapSell:-0.03400000 avgGapSell:-0.03400000 deviationSell:0.00000000
12:08:58.467597> Ask1: 100.66000000 Bid1:100.65000000 Ask2:100.6160 Bid2:100.6150
12:08:58.468598> New Max DevBuy: 0.00000000 GapBuy:-0.04500000 avgGapBuy:-0.04500000 deviationBuy:0.00000000
12:08:58.468598> Ask1: 100.66000000 Bid1:100.65000000 Ask2:100.6160 Bid2:100.6150
12:08:58.469595> New Min DevSell: 0.00000000 GapSell:-0.03400000 avgGapSell:-0.03400000 deviationSell:0.00000000
12:08:58.469595> Ask1: 100.66000000 Bid1:100.65000000 Ask2:100.6160 Bid2:100.6150
12:08:58.471602> New Max DevBuy: 0.00000000 GapBuy:-0.04500000 avgGapBuy:-0.04500000 deviationBuy:0.00000000
12:08:58.471602> Ask1: 100.66000000 Bid1:100.65000000 Ask2:100.6160 Bid2:100.6150
12:08:58.472597> New Min DevSell: 0.00000000 GapSell:-0.03400000 avgGapSell:-0.03400000 deviationSell:0.00000000
12:08:58.472597> Ask1: 100.66000000 Bid1:100.65000000 Ask2:100.6160 Bid2:100.6150
12:08:58.474597> New Max DevBuy: 0.00000000 GapBuy:-0.04500000 avgGapBuy:-0.04500000 deviationBuy:0.00000000
12:08:58.474597> Ask1: 100.66000000 Bid1:100.65000000 Ask2:100.6160 Bid2:100.6150
12:08:58.475596> New Min DevSell: 0.00000000 GapSell:-0.03400000 avgGapSell:-0.03400000 deviationSell:0.00000000
12:08:58.475596> Ask1: 100.66000000 Bid1:100.65000000 Ask2:100.6160 Bid2:100.6150
12:08:58.477611> New Max DevBuy: 0.00000000 GapBuy:-0.04500000 avgGapBuy:-0.04500000 deviationBuy:0.00000000
12:08:58.477611> Ask1: 100.66000000 Bid1:100.65000000 Ask2:100.6160 Bid2:100.6150
12:08:58.477611> New Min DevSell: 0.00000000 GapSell:-0.03400000 avgGapSell:-0.03400000 deviationSell:0.00000000
12:08:58.478598> Ask1: 100.66000000 Bid1:100.65000000 Ask2:100.6160 Bid2:100.6150
12:08:58.479599> New Max DevBuy: 0.00000000 GapBuy:-0.04500000 avgGapBuy:-0.04500000 deviationBuy:0.00000000
12:08:58.479599> Ask1: 100.66000000 Bid1:100.65000000 Ask2:100.6160 Bid2:100.6150
12:08:58.480599> New Min DevSell: 0.00000000 GapSell:-0.03400000 avgGapSell:-0.03400000 deviationSell:0.00000000
12:08:58.480599> Ask1: 100.66000000 Bid1:100.65000000 Ask2:100.6160 Bid2:100.6150
12:08:58.483610> New Max DevBuy: 0.00000000 GapBuy:-0.04500000 avgGapBuy:-0.04500000 deviationBuy:0.00000000
12:08:58.483610> Ask1: 100.66000000 Bid1:100.65000000 Ask2:100.6160 Bid2:100.6150
12:08:58.483610> New Min DevSell: 0.00000000 GapSell:-0.03400000 avgGapSell:-0.03400000 deviationSell:0.00000000
12:08:58.484598> Ask1: 100.66000000 Bid1:100.65000000 Ask2:100.6160 Bid2:100.6150
12:08:58.485599> New Max DevBuy: 0.00000000 GapBuy:-0.04500000 avgGapBuy:-0.04500000 deviationBuy:0.00000000
12:08:58.485599> Ask1: 100.66000000 Bid1:100.65000000 Ask2:100.6160 Bid2:100.6150
12:08:58.486602> New Min DevSell: 0.00000000 GapSell:-0.03400000 avgGapSell:-0.03400000 deviationSell:0.00000000
12:08:58.486602> Ask1: 100.66000000 Bid1:100.65000000 Ask2:100.6160 Bid2:100.6150
12:08:58.492598> New Max DevBuy: 0.00000000 GapBuy:-0.04500000 avgGapBuy:-0.04500000 deviationBuy:0.00000000
12:08:58.492598> Ask1: 100.66000000 Bid1:100.65000000 Ask2:100.6160 Bid2:100.6150
12:08:58.492598> New Min DevSell: 0.00000000 GapSell:-0.03400000 avgGapSell:-0.03400000 deviationSell:0.00000000
12:08:58.493599> Ask1: 100.66000000 Bid1:100.65000000 Ask2:100.6160 Bid2:100.6150
12:08:58.494600> New Max DevBuy: 0.00000000 GapBuy:-0.04500000 avgGapBuy:-0.04500000 deviationBuy:0.00000000
12:08:58.494600> Ask1: 100.66000000 Bid1:100.65000000 Ask2:100.6160 Bid2:100.6150
12:08:58.495598> New Min DevSell: 0.00000000 GapSell:-0.03400000 avgGapSell:-0.03400000 deviationSell:0.00000000
12:08:58.495598> Ask1: 100.66000000 Bid1:100.65000000 Ask2:100.6160 Bid2:100.6150
12:08:58.496599> New Max DevBuy: 0.00000000 GapBuy:-0.04500000 avgGapBuy:-0.04500000 deviationBuy:0.00000000
12:08:58.496599> Ask1: 100.66000000 Bid1:100.65000000 Ask2:100.6160 Bid2:100.6150
12:08:58.497599> New Min DevSell: 0.00000000 GapSell:-0.03400000 avgGapSell:-0.03400000 deviationSell:0.00000000
12:08:58.497599> Ask1: 100.66000000 Bid1:100.65000000 Ask2:100.6160 Bid2:100.6150
12:08:58.498599> New Max DevBuy: 0.00000000 GapBuy:-0.04500000 avgGapBuy:-0.04500000 deviationBuy:0.00000000
12:08:58.498599> Ask1: 100.66000000 Bid1:100.65000000 Ask2:100.6160 Bid2:100.6150
12:08:58.498599> New Min DevSell: 0.00000000 GapSell:-0.03400000 avgGapSell:-0.03400000 deviationSell:0.00000000
12:08:58.499599> Ask1: 100.66000000 Bid1:100.65000000 Ask2:100.6160 Bid2:100.6150
12:08:58.501598> New Max DevBuy: 0.00000000 GapBuy:-0.04500000 avgGapBuy:-0.04500000 deviationBuy:0.00000000
12:08:58.501598> Ask1: 100.66000000 Bid1:100.65000000 Ask2:100.6160 Bid2:100.6150
12:08:58.502600> New Min DevSell: 0.00000000 GapSell:-0.03400000 avgGapSell:-0.03400000 deviationSell:0.00000000
12:08:58.502600> Ask1: 100.66000000 Bid1:100.65000000 Ask2:100.6160 Bid2:100.6150
12:08:58.504607> New Max DevBuy: 0.00000000 GapBuy:-0.04500000 avgGapBuy:-0.04500000 deviationBuy:0.00000000
12:08:58.505599> Ask1: 100.66000000 Bid1:100.65000000 Ask2:100.6160 Bid2:100.6150
12:08:58.506611> New Min DevSell: 0.00000000 GapSell:-0.03400000 avgGapSell:-0.03400000 deviationSell:0.00000000
12:08:58.507604> Ask1: 100.66000000 Bid1:100.65000000 Ask2:100.6160 Bid2:100.6150
12:08:58.509614> New Max DevBuy: 0.00000000 GapBuy:-0.04500000 avgGapBuy:-0.04500000 deviationBuy:0.00000000
12:08:58.509614> Ask1: 100.66000000 Bid1:100.65000000 Ask2:100.6160 Bid2:100.6150
12:08:58.509614> New Min DevSell: 0.00000000 GapSell:-0.03400000 avgGapSell:-0.03400000 deviationSell:0.00000000
12:08:58.510599> Ask1: 100.66000000 Bid1:100.65000000 Ask2:100.6160 Bid2:100.6150
12:08:58.543603> New Max DevBuy: 0.00000000 GapBuy:-0.04500000 avgGapBuy:-0.04500000 deviationBuy:0.00000000
12:08:58.543603> Ask1: 100.66000000 Bid1:100.65000000 Ask2:100.6160 Bid2:100.6150
12:08:58.543603> New Min DevSell: 0.00000000 GapSell:-0.03400000 avgGapSell:-0.03400000 deviationSell:0.00000000
12:08:58.544602> Ask1: 100.66000000 Bid1:100.65000000 Ask2:100.6160 Bid2:100.6150
12:08:58.546603> New Max DevBuy: 0.00000000 GapBuy:-0.04500000 avgGapBuy:-0.04500000 deviationBuy:0.00000000
12:08:58.546603> Ask1: 100.66000000 Bid1:100.65000000 Ask2:100.6160 Bid2:100.6150
12:08:58.547603> New Min DevSell: 0.00000000 GapSell:-0.03400000 avgGapSell:-0.03400000 deviationSell:0.00000000
12:08:58.548604> Ask1: 100.66000000 Bid1:100.65000000 Ask2:100.6160 Bid2:100.6150
12:08:58.549606> New Max DevBuy: 0.00000000 GapBuy:-0.04500000 avgGapBuy:-0.04500000 deviationBuy:0.00000000
12:08:58.549606> Ask1: 100.66000000 Bid1:100.65000000 Ask2:100.6160 Bid2:100.6150
12:08:58.550604> New Min DevSell: 0.00000000 GapSell:-0.03400000 avgGapSell:-0.03400000 deviationSell:0.00000000
12:08:58.550604> Ask1: 100.66000000 Bid1:100.65000000 Ask2:100.6160 Bid2:100.6150
12:08:58.552606> New Max DevBuy: 0.00000000 GapBuy:-0.04500000 avgGapBuy:-0.04500000 deviationBuy:0.00000000
12:08:58.553603> Ask1: 100.66000000 Bid1:100.65000000 Ask2:100.6160 Bid2:100.6150
12:08:58.553603> New Min DevSell: 0.00000000 GapSell:-0.03400000 avgGapSell:-0.03400000 deviationSell:0.00000000
12:08:58.554603> Ask1: 100.66000000 Bid1:100.65000000 Ask2:100.6160 Bid2:100.6150
12:08:58.561603> New Max DevBuy: 0.00000000 GapBuy:-0.04500000 avgGapBuy:-0.04500000 deviationBuy:0.00000000
12:08:58.561603> Ask1: 100.66000000 Bid1:100.65000000 Ask2:100.6160 Bid2:100.6150
12:08:58.562603> New Min DevSell: 0.00000000 GapSell:-0.03400000 avgGapSell:-0.03400000 deviationSell:0.00000000
12:08:58.562603> Ask1: 100.66000000 Bid1:100.65000000 Ask2:100.6160 Bid2:100.6150
12:08:58.564604> New Max DevBuy: 0.00000000 GapBuy:-0.04500000 avgGapBuy:-0.04500000 deviationBuy:0.00000000
12:08:58.564604> Ask1: 100.66000000 Bid1:100.65000000 Ask2:100.6160 Bid2:100.6150
12:08:58.565603> New Min DevSell: 0.00000000 GapSell:-0.03400000 avgGapSell:-0.03400000 deviationSell:0.00000000
12:08:58.565603> Ask1: 100.66000000 Bid1:100.65000000 Ask2:100.6160 Bid2:100.6150
12:08:58.567604> New Max DevBuy: 0.00000000 GapBuy:-0.04500000 avgGapBuy:-0.04500000 deviationBuy:0.00000000
12:08:58.567604> Ask1: 100.66000000 Bid1:100.65000000 Ask2:100.6160 Bid2:100.6150
12:08:58.569604> New Min DevSell: 0.00000000 GapSell:-0.03400000 avgGapSell:-0.03400000 deviationSell:0.00000000
12:08:58.570604> Ask1: 100.66000000 Bid1:100.65000000 Ask2:100.6160 Bid2:100.6150
12:08:58.571604> New Max DevBuy: 0.00000000 GapBuy:-0.04500000 avgGapBuy:-0.04500000 deviationBuy:0.00000000
12:08:58.571604> Ask1: 100.66000000 Bid1:100.65000000 Ask2:100.6160 Bid2:100.6150
12:08:58.572604> New Min DevSell: 0.00000000 GapSell:-0.03400000 avgGapSell:-0.03400000 deviationSell:0.00000000
12:08:58.572604> Ask1: 100.66000000 Bid1:100.65000000 Ask2:100.6160 Bid2:100.6150
12:08:58.573605> New Max DevBuy: 0.00000000 GapBuy:-0.04500000 avgGapBuy:-0.04500000 deviationBuy:0.00000000
12:08:58.573605> Ask1: 100.66000000 Bid1:100.65000000 Ask2:100.6160 Bid2:100.6150
12:08:58.574604> New Min DevSell: 0.00000000 GapSell:-0.03400000 avgGapSell:-0.03400000 deviationSell:0.00000000
12:08:58.574604> Ask1: 100.66000000 Bid1:100.65000000 Ask2:100.6160 Bid2:100.6150
12:08:58.578603> New Max DevBuy: 0.00000000 GapBuy:-0.04500000 avgGapBuy:-0.04500000 deviationBuy:0.00000000
12:08:58.578603> Ask1: 100.66000000 Bid1:100.65000000 Ask2:100.6160 Bid2:100.6150
12:08:58.578603> New Min DevSell: 0.00000000 GapSell:-0.03400000 avgGapSell:-0.03400000 deviationSell:0.00000000
12:08:58.579604> Ask1: 100.66000000 Bid1:100.65000000 Ask2:100.6160 Bid2:100.6150
12:08:58.581604> New Max DevBuy: 0.00000000 GapBuy:-0.04500000 avgGapBuy:-0.04500000 deviationBuy:0.00000000
12:08:58.581604> Ask1: 100.66000000 Bid1:100.65000000 Ask2:100.6160 Bid2:100.6150
12:08:58.582606> New Min DevSell: 0.00000000 GapSell:-0.03400000 avgGapSell:-0.03400000 deviationSell:0.00000000
12:08:58.582606> Ask1: 100.66000000 Bid1:100.65000000 Ask2:100.6160 Bid2:100.6150
12:08:58.584605> New Max DevBuy: 0.00000000 GapBuy:-0.04500000 avgGapBuy:-0.04500000 deviationBuy:0.00000000
12:08:58.584605> Ask1: 100.66000000 Bid1:100.65000000 Ask2:100.6160 Bid2:100.6150
12:08:58.585604> New Min DevSell: 0.00000000 GapSell:-0.03400000 avgGapSell:-0.03400000 deviationSell:0.00000000
12:08:58.585604> Ask1: 100.66000000 Bid1:100.65000000 Ask2:100.6160 Bid2:100.6150
12:08:58.587605> New Max DevBuy: 0.00000000 GapBuy:-0.04500000 avgGapBuy:-0.04500000 deviationBuy:0.00000000
12:08:58.587605> Ask1: 100.66000000 Bid1:100.65000000 Ask2:100.6160 Bid2:100.6150
12:08:58.588604> New Min DevSell: 0.00000000 GapSell:-0.03400000 avgGapSell:-0.03400000 deviationSell:0.00000000
12:08:58.588604> Ask1: 100.66000000 Bid1:100.65000000 Ask2:100.6160 Bid2:100.6150
12:08:58.591604> New Max DevBuy: 0.00000000 GapBuy:-0.04500000 avgGapBuy:-0.04500000 deviationBuy:0.00000000
12:08:58.591604> Ask1: 100.66000000 Bid1:100.65000000 Ask2:100.6160 Bid2:100.6150
12:08:58.592605> New Min DevSell: 0.00000000 GapSell:-0.03400000 avgGapSell:-0.03400000 deviationSell:0.00000000
12:08:58.592605> Ask1: 100.66000000 Bid1:100.65000000 Ask2:100.6160 Bid2:100.6150
12:08:58.594606> New Max DevBuy: 0.00000000 GapBuy:-0.04500000 avgGapBuy:-0.04500000 deviationBuy:0.00000000
12:08:58.596604> Ask1: 100.66000000 Bid1:100.65000000 Ask2:100.6160 Bid2:100.6150
12:08:58.596604> New Min DevSell: 0.00000000 GapSell:-0.03400000 avgGapSell:-0.03400000 deviationSell:0.00000000
12:08:58.596604> Ask1: 100.66000000 Bid1:100.65000000 Ask2:100.6160 Bid2:100.6150
12:08:58.622606> New Max DevBuy: 0.00500000 GapBuy:-0.03500000 avgGapBuy:-0.04000000 deviationBuy:0.00500000
12:08:58.623606> Ask1: 100.65000000 Bid1:100.64000000 Ask2:100.6160 Bid2:100.6150
12:08:58.625605> New Min DevSell: 0.01000000 GapSell:-0.02400000 avgGapSell:-0.03400000 deviationSell:0.01000000
12:08:58.626606> Ask1: 100.65000000 Bid1:100.64000000 Ask2:100.6160 Bid2:100.6150
12:08:59.231641> New Min DevSell: 0.00900000 GapSell:-0.02500000 avgGapSell:-0.03400000 deviationSell:0.00900000
12:08:59.232642> Ask1: 100.65000000 Bid1:100.64000000 Ask2:100.6150 Bid2:100.6140
12:08:59.341648> New Min DevSell: 0.00500000 GapSell:-0.02900000 avgGapSell:-0.03400000 deviationSell:0.00500000
12:08:59.342648> Ask1: 100.65000000 Bid1:100.64000000 Ask2:100.6110 Bid2:100.6100
12:09:01.448775> New Min DevSell: 0.00000000 GapSell:-0.03400000 avgGapSell:-0.03400000 deviationSell:0.00000000
12:09:01.449772> Ask1: 100.65000000 Bid1:100.64000000 Ask2:100.6060 Bid2:100.6050
12:09:01.452777> New Min DevSell: 0.00000000 GapSell:-0.03400000 avgGapSell:-0.03400000 deviationSell:0.00000000
12:09:01.452777> Ask1: 100.65000000 Bid1:100.64000000 Ask2:100.6060 Bid2:100.6050
12:09:01.454776> New Min DevSell: 0.00000000 GapSell:-0.03400000 avgGapSell:-0.03400000 deviationSell:0.00000000
12:09:01.454776> Ask1: 100.65000000 Bid1:100.64000000 Ask2:100.6060 Bid2:100.6050
12:09:01.456777> New Min DevSell: 0.00000000 GapSell:-0.03400000 avgGapSell:-0.03400000 deviationSell:0.00000000
12:09:01.456777> Ask1: 100.65000000 Bid1:100.64000000 Ask2:100.6060 Bid2:100.6050
12:09:01.458776> New Min DevSell: 0.00000000 GapSell:-0.03400000 avgGapSell:-0.03400000 deviationSell:0.00000000
12:09:01.458776> Ask1: 100.65000000 Bid1:100.64000000 Ask2:100.6060 Bid2:100.6050
12:09:01.460775> New Min DevSell: 0.00000000 GapSell:-0.03400000 avgGapSell:-0.03400000 deviationSell:0.00000000
12:09:01.460775> Ask1: 100.65000000 Bid1:100.64000000 Ask2:100.6060 Bid2:100.6050
12:09:01.462785> New Min DevSell: 0.00000000 GapSell:-0.03400000 avgGapSell:-0.03400000 deviationSell:0.00000000
12:09:01.462785> Ask1: 100.65000000 Bid1:100.64000000 Ask2:100.6060 Bid2:100.6050
12:09:01.464775> New Min DevSell: 0.00000000 GapSell:-0.03400000 avgGapSell:-0.03400000 deviationSell:0.00000000
12:09:01.464775> Ask1: 100.65000000 Bid1:100.64000000 Ask2:100.6060 Bid2:100.6050
12:09:01.466805> New Min DevSell: 0.00000000 GapSell:-0.03400000 avgGapSell:-0.03400000 deviationSell:0.00000000
12:09:01.466805> Ask1: 100.65000000 Bid1:100.64000000 Ask2:100.6060 Bid2:100.6050
12:09:01.468780> New Min DevSell: 0.00000000 GapSell:-0.03400000 avgGapSell:-0.03400000 deviationSell:0.00000000
12:09:01.468780> Ask1: 100.65000000 Bid1:100.64000000 Ask2:100.6060 Bid2:100.6050
12:09:01.470780> New Min DevSell: 0.00000000 GapSell:-0.03400000 avgGapSell:-0.03400000 deviationSell:0.00000000
12:09:01.470780> Ask1: 100.65000000 Bid1:100.64000000 Ask2:100.6060 Bid2:100.6050
12:09:01.472778> New Min DevSell: 0.00000000 GapSell:-0.03400000 avgGapSell:-0.03400000 deviationSell:0.00000000
12:09:01.472778> Ask1: 100.65000000 Bid1:100.64000000 Ask2:100.6060 Bid2:100.6050
12:09:01.474777> New Min DevSell: 0.00000000 GapSell:-0.03400000 avgGapSell:-0.03400000 deviationSell:0.00000000
12:09:01.474777> Ask1: 100.65000000 Bid1:100.64000000 Ask2:100.6060 Bid2:100.6050
12:09:01.476776> New Min DevSell: 0.00000000 GapSell:-0.03400000 avgGapSell:-0.03400000 deviationSell:0.00000000
12:09:01.476776> Ask1: 100.65000000 Bid1:100.64000000 Ask2:100.6060 Bid2:100.6050
12:09:01.478776> New Min DevSell: 0.00000000 GapSell:-0.03400000 avgGapSell:-0.03400000 deviationSell:0.00000000
12:09:01.478776> Ask1: 100.65000000 Bid1:100.64000000 Ask2:100.6060 Bid2:100.6050
12:09:01.480802> New Min DevSell: 0.00000000 GapSell:-0.03400000 avgGapSell:-0.03400000 deviationSell:0.00000000
12:09:01.480802> Ask1: 100.65000000 Bid1:100.64000000 Ask2:100.6060 Bid2:100.6050
12:09:01.482780> New Min DevSell: 0.00000000 GapSell:-0.03400000 avgGapSell:-0.03400000 deviationSell:0.00000000
12:09:01.482780> Ask1: 100.65000000 Bid1:100.64000000 Ask2:100.6060 Bid2:100.6050
12:09:01.484781> New Min DevSell: 0.00000000 GapSell:-0.03400000 avgGapSell:-0.03400000 deviationSell:0.00000000
12:09:01.484781> Ask1: 100.65000000 Bid1:100.64000000 Ask2:100.6060 Bid2:100.6050
12:09:01.486767> New Min DevSell: 0.00000000 GapSell:-0.03400000 avgGapSell:-0.03400000 deviationSell:0.00000000
12:09:01.487769> Ask1: 100.65000000 Bid1:100.64000000 Ask2:100.6060 Bid2:100.6050
12:09:01.489779> New Min DevSell: 0.00000000 GapSell:-0.03400000 avgGapSell:-0.03400000 deviationSell:0.00000000
12:09:01.489779> Ask1: 100.65000000 Bid1:100.64000000 Ask2:100.6060 Bid2:100.6050
12:09:01.491766> New Min DevSell: 0.00000000 GapSell:-0.03400000 avgGapSell:-0.03400000 deviationSell:0.00000000
12:09:01.491766> Ask1: 100.65000000 Bid1:100.64000000 Ask2:100.6060 Bid2:100.6050
12:09:01.494770> New Min DevSell: 0.00000000 GapSell:-0.03400000 avgGapSell:-0.03400000 deviationSell:0.00000000
12:09:01.494770> Ask1: 100.65000000 Bid1:100.64000000 Ask2:100.6060 Bid2:100.6050
12:09:01.497799> New Min DevSell: 0.00000000 GapSell:-0.03400000 avgGapSell:-0.03400000 deviationSell:0.00000000
12:09:01.497799> Ask1: 100.65000000 Bid1:100.64000000 Ask2:100.6060 Bid2:100.6050
12:09:01.500769> New Min DevSell: 0.00000000 GapSell:-0.03400000 avgGapSell:-0.03400000 deviationSell:0.00000000
12:09:01.500769> Ask1: 100.65000000 Bid1:100.64000000 Ask2:100.6060 Bid2:100.6050
12:09:01.502769> New Min DevSell: 0.00000000 GapSell:-0.03400000 avgGapSell:-0.03400000 deviationSell:0.00000000
12:09:01.502769> Ask1: 100.65000000 Bid1:100.64000000 Ask2:100.6060 Bid2:100.6050
12:09:01.508769> New Min DevSell: 0.00000000 GapSell:-0.03400000 avgGapSell:-0.03400000 deviationSell:0.00000000
12:09:01.508769> Ask1: 100.65000000 Bid1:100.64000000 Ask2:100.6060 Bid2:100.6050
12:09:01.510770> New Min DevSell: 0.00000000 GapSell:-0.03400000 avgGapSell:-0.03400000 deviationSell:0.00000000
12:09:01.510770> Ask1: 100.65000000 Bid1:100.64000000 Ask2:100.6060 Bid2:100.6050
12:09:01.512769> New Min DevSell: 0.00000000 GapSell:-0.03400000 avgGapSell:-0.03400000 deviationSell:0.00000000
12:09:01.512769> Ask1: 100.65000000 Bid1:100.64000000 Ask2:100.6060 Bid2:100.6050
12:09:01.515780> New Min DevSell: 0.00000000 GapSell:-0.03400000 avgGapSell:-0.03400000 deviationSell:0.00000000
12:09:01.515780> Ask1: 100.65000000 Bid1:100.64000000 Ask2:100.6060 Bid2:100.6050
12:09:01.517770> New Min DevSell: 0.00000000 GapSell:-0.03400000 avgGapSell:-0.03400000 deviationSell:0.00000000
12:09:01.517770> Ask1: 100.65000000 Bid1:100.64000000 Ask2:100.6060 Bid2:100.6050
12:09:01.519771> New Min DevSell: 0.00000000 GapSell:-0.03400000 avgGapSell:-0.03400000 deviationSell:0.00000000
12:09:01.519771> Ask1: 100.65000000 Bid1:100.64000000 Ask2:100.6060 Bid2:100.6050
12:09:01.521783> New Min DevSell: 0.00000000 GapSell:-0.03400000 avgGapSell:-0.03400000 deviationSell:0.00000000
12:09:01.521783> Ask1: 100.65000000 Bid1:100.64000000 Ask2:100.6060 Bid2:100.6050
12:09:01.523783> New Min DevSell: 0.00000000 GapSell:-0.03400000 avgGapSell:-0.03400000 deviationSell:0.00000000
12:09:01.523783> Ask1: 100.65000000 Bid1:100.64000000 Ask2:100.6060 Bid2:100.6050
12:09:01.525770> New Min DevSell: 0.00000000 GapSell:-0.03400000 avgGapSell:-0.03400000 deviationSell:0.00000000
12:09:01.525770> Ask1: 100.65000000 Bid1:100.64000000 Ask2:100.6060 Bid2:100.6050
12:09:01.528780> New Min DevSell: 0.00000000 GapSell:-0.03400000 avgGapSell:-0.03400000 deviationSell:0.00000000
12:09:01.528780> Ask1: 100.65000000 Bid1:100.64000000 Ask2:100.6060 Bid2:100.6050
12:09:01.530790> New Min DevSell: 0.00000000 GapSell:-0.03400000 avgGapSell:-0.03400000 deviationSell:0.00000000
12:09:01.530790> Ask1: 100.65000000 Bid1:100.64000000 Ask2:100.6060 Bid2:100.6050
12:09:01.532789> New Min DevSell: 0.00000000 GapSell:-0.03400000 avgGapSell:-0.03400000 deviationSell:0.00000000
12:09:01.532789> Ask1: 100.65000000 Bid1:100.64000000 Ask2:100.6060 Bid2:100.6050
12:09:01.534779> New Min DevSell: 0.00000000 GapSell:-0.03400000 avgGapSell:-0.03400000 deviationSell:0.00000000
12:09:01.534779> Ask1: 100.65000000 Bid1:100.64000000 Ask2:100.6060 Bid2:100.6050
12:09:01.536779> New Min DevSell: 0.00000000 GapSell:-0.03400000 avgGapSell:-0.03400000 deviationSell:0.00000000
12:09:01.536779> Ask1: 100.65000000 Bid1:100.64000000 Ask2:100.6060 Bid2:100.6050
12:09:01.538778> New Min DevSell: 0.00000000 GapSell:-0.03400000 avgGapSell:-0.03400000 deviationSell:0.00000000
12:09:01.538778> Ask1: 100.65000000 Bid1:100.64000000 Ask2:100.6060 Bid2:100.6050
12:09:01.540771> New Min DevSell: 0.00000000 GapSell:-0.03400000 avgGapSell:-0.03400000 deviationSell:0.00000000
12:09:01.540771> Ask1: 100.65000000 Bid1:100.64000000 Ask2:100.6060 Bid2:100.6050
12:09:01.543771> New Min DevSell: 0.00000000 GapSell:-0.03400000 avgGapSell:-0.03400000 deviationSell:0.00000000
12:09:01.543771> Ask1: 100.65000000 Bid1:100.64000000 Ask2:100.6060 Bid2:100.6050
12:09:01.548771> New Min DevSell: 0.00000000 GapSell:-0.03400000 avgGapSell:-0.03400000 deviationSell:0.00000000
12:09:01.549771> Ask1: 100.65000000 Bid1:100.64000000 Ask2:100.6060 Bid2:100.6050
12:09:01.551773> New Min DevSell: 0.00000000 GapSell:-0.03400000 avgGapSell:-0.03400000 deviationSell:0.00000000
12:09:01.551773> Ask1: 100.65000000 Bid1:100.64000000 Ask2:100.6060 Bid2:100.6050
12:09:01.555772> New Min DevSell: 0.00000000 GapSell:-0.03400000 avgGapSell:-0.03400000 deviationSell:0.00000000
12:09:01.556772> Ask1: 100.65000000 Bid1:100.64000000 Ask2:100.6060 Bid2:100.6050
12:09:01.557772> New Min DevSell: 0.00000000 GapSell:-0.03400000 avgGapSell:-0.03400000 deviationSell:0.00000000
12:09:01.557772> Ask1: 100.65000000 Bid1:100.64000000 Ask2:100.6060 Bid2:100.6050
12:09:01.602775> New Min DevSell: -0.00300000 GapSell:-0.03700000 avgGapSell:-0.03400000 deviationSell:-0.00300000
12:09:01.602775> Ask1: 100.65000000 Bid1:100.64000000 Ask2:100.6030 Bid2:100.6020
12:09:10.927914> New Min DevSell: -0.01000000 GapSell:-0.04400000 avgGapSell:-0.03400000 deviationSell:-0.01000000
12:09:10.927914> Ask1: 100.64000000 Bid1:100.63000000 Ask2:100.5860 Bid2:100.5850
