17:26:05.462721> Binance - Vxxv1AWf[SPOT] SPOT Balance: 0.00000000 USDT
17:26:05.879302> WebSocket connected! Start Partial @depth20 [Future] process...
17:26:05.879302> WebSocket connected! Start @depth [Future] process...
17:26:05.881302> Lenta has started...Start SubscribeToAggTradeStream @aggTrade [future] process...
17:26:05.883302> WebSocket connected! Start @bookTicker [Future] process...
17:26:05.945312> WebSocket connected! Start [SPOT] @depth@100ms process...
17:26:05.958305> WebSocket connected! Start @bookTicker ...
17:26:05.973307> WebSocket connected! Start Partial @depth20 [SPOT] process...
17:26:05.980307> (Closing... Elapsted: 62765980 ms.)
17:26:05.983308> BookTicker was closed by Custom!
17:26:05.985307> Lenta has started...Start SubscribeToTradeStream @trade [{accType}] process...
17:26:05.991308> WebSocket connected! Start Partial @depth20 [SPOT] process...
17:26:06.009309> (Closing... Elapsted: 62766009 ms.)
17:26:06.010310> MarketDepth was closed by Custom!
17:26:06.028310> WebSocket connected! Start @bookTicker ...
17:26:06.059312> WebSocket connected! Start [SPOT] @depth@100ms process...
17:26:06.474453> WebSocket connected! Start Partial @depth20 [Future] process...
17:26:06.497337> Lenta has started...Start SubscribeToAggTradeStream @aggTrade [future] process...
17:26:06.498338> BinanceFuture - Vxxv1AWf[USD_M] USD_M Balance: 6.25838444 USDT
17:26:06.926372> Lenta has started...Start SubscribeToTradeStream @trade [{accType}] process...
17:26:06.997364> WebSocket connected! Start @bookTicker [Future] process...
17:26:07.002365> WebSocket connected! Start @depth [Future] process...
17:26:36.031085> (Closing... Elapsted: 30021 ms.)
17:26:37.112151> WebSocket connected! Start @depth [Future] process...
17:26:41.333872> BinanceFuture - Vxxv1AWf[USD_M] Reconect to WebSocket #
17:26:41.334869> WebSocket [ConnectToDepthStream()] [Closed] [future] and reconnect again [during Task.Delay]..
17:26:42.340945> WebSocket connected! Start @depth [Future] process...
17:27:00.276648> (Closing... Elapsted: 62820276 ms.)
17:27:01.431716> Lenta has started...Start SubscribeToAggTradeStream @aggTrade [future] process...
17:27:05.694974> BinanceFuture - Vxxv1AWf[USD_M] Reconect to WebSocket #
17:27:05.697976> WebSocket [SubscribeToAggTradeStream()] [Closed] [future] and reconnect again [with Task.Delay]..
17:27:06.054981> (Closing... Elapsted: 30021 ms.)
17:27:06.807105> Lenta has started...Start SubscribeToAggTradeStream @aggTrade [future] process...
17:27:07.135123> WebSocket connected! Start @depth [Future] process...
17:27:11.418369> BinanceFuture - Vxxv1AWf[USD_M] Reconect to WebSocket #
17:27:11.419371> WebSocket [ConnectToDepthStream()] [Closed] [future] and reconnect again [during Task.Delay]..
17:27:12.656439> WebSocket connected! Start @depth [Future] process...
17:27:36.102783> (Closing... Elapsted: 30047 ms.)
17:27:38.332920> WebSocket connected! Start @depth [Future] process...
17:27:42.530152> BinanceFuture - Vxxv1AWf[USD_M] Reconect to WebSocket #
17:27:42.545154> WebSocket [ConnectToDepthStream()] [Closed] [future] and reconnect again [during Task.Delay]..
17:27:45.583328> WebSocket connected! Start @depth [Future] process...
17:28:06.119506> (Closing... Elapsted: 30016 ms.)
17:28:08.271628> WebSocket connected! Start @depth [Future] process...
17:28:16.993128> BinanceFuture - Vxxv1AWf[USD_M] Reconect to WebSocket #
17:28:17.086137> WebSocket [ConnectToDepthStream()] [Closed] [future] and reconnect again [during Task.Delay]..
17:28:19.271260> WebSocket connected! Start @depth [Future] process...
17:28:36.203229> (Closing... Elapsted: 30083 ms.)
17:28:38.978390> WebSocket connected! Start @depth [Future] process...
17:29:06.212952> (Closing... Elapsted: 30008 ms.)
17:29:06.714981> WebSocket [SubscribeBookTickerStream()] [future] error: Unable to read data from the transport connection: An existing connection was forcibly closed by the remote host.
17:29:07.768040> WebSocket [SubscribeBookTickerStream()] [future] error: Unable to read data from the transport connection: An existing connection was forcibly closed by the remote host.
17:29:11.868282> WebSocket connected! Start @depth [Future] process...
17:29:36.272674> (Closing... Elapsted: 30054 ms.)
17:29:38.919825> WebSocket connected! Start @depth [Future] process...
17:29:46.569265> BinanceFuture - Vxxv1AWf[USD_M] Reconect to WebSocket #
17:29:46.570268> WebSocket [ConnectToDepthStream()] [Closed] [future] and reconnect again [during Task.Delay]..
17:29:49.939459> WebSocket connected! Start @depth [Future] process...
17:30:06.311406> (Closing... Elapsted: 30038 ms.)
17:30:11.537697> WebSocket connected! Start @depth [Future] process...
17:30:16.963006> BinanceFuture - Vxxv1AWf[USD_M] Reconect to WebSocket #
17:30:17.684048> WebSocket [ConnectToDepthStream()] [Closed] [future] and reconnect again [during Task.Delay]..
17:30:22.446324> WebSocket connected! Start @depth [Future] process...
17:30:36.505134> (Closing... Elapsted: 30004 ms.)
17:30:39.766315> WebSocket [ConnectToDepthStream()] [future] error: Unable to read data from the transport connection: An existing connection was forcibly closed by the remote host.
17:30:39.775315> WebSocket [ConnectToDepthStream()] [future] error: Unable to read data from the transport connection: An existing connection was forcibly closed by the remote host.
17:30:41.055391> WebSocket connected! Start @depth [Future] process...
17:30:44.819606> BinanceFuture - Vxxv1AWf[USD_M] Reconect to WebSocket #
17:30:44.820606> WebSocket [ConnectToDepthStream()] [Closed] [future] and reconnect again [during Task.Delay]..
17:30:44.821606> BinanceFuture - Vxxv1AWf[USD_M] Reconect to WebSocket #
17:30:44.822607> WebSocket [ConnectToDepthStream()] [Closed] [future] and reconnect again [during Task.Delay]..
17:30:46.653710> WebSocket connected! Start @depth [Future] process...
17:30:46.766716> BinanceFuture - Vxxv1AWf[USD_M] Reconect to WebSocket #
17:30:46.767718> WebSocket [ConnectToDepthStream()] [Closed] [future] and reconnect again [during Task.Delay]..
17:30:47.904782> WebSocket connected! Start @depth [Future] process...
17:30:50.409928> WebSocket connected! Start @depth [Future] process...
17:31:06.665857> (Closing... Elapsted: 30158 ms.)
17:31:13.854271> WebSocket connected! Start @depth [Future] process...
17:31:36.848591> (Closing... Elapsted: 30182 ms.)
17:31:39.997768> WebSocket [ConnectToDepthStream()] [future] error: Unable to read data from the transport connection: An existing connection was forcibly closed by the remote host.
17:31:44.852061> WebSocket connected! Start @depth [Future] process...
17:31:47.115178> BinanceFuture - Vxxv1AWf[USD_M] Reconect to WebSocket #
17:31:47.116181> WebSocket [ConnectToDepthStream()] [Closed] [future] and reconnect again [during Task.Delay]..
17:31:51.871450> WebSocket connected! Start @depth [Future] process...
17:32:06.877308> (Closing... Elapsted: 30003 ms.)
17:32:09.576465> WebSocket connected! Start @depth [Future] process...
17:32:12.696643> WebSocket [ConnectToDepthStream()] [future] error: Unable to read data from the transport connection: An existing connection was forcibly closed by the remote host.
17:32:17.274906> BinanceFuture - Vxxv1AWf[USD_M] Reconect to WebSocket #
17:32:17.274906> WebSocket [ConnectToDepthStream()] [Closed] [future] and reconnect again [during Task.Delay]..
17:32:17.712934> BinanceFuture - Vxxv1AWf[USD_M] Reconect to WebSocket #
17:32:17.712934> WebSocket [ConnectToDepthStream()] [Closed] [future] and reconnect again [during Task.Delay]..
17:32:20.252079> WebSocket connected! Start @depth [Future] process...
17:32:20.690101> WebSocket connected! Start @depth [Future] process...
17:32:33.818856> WebSocket [ConnectToDepthStream()] [future] error: Received an unexpected EOF or 0 bytes from the transport stream.
17:32:36.945033> (Closing... Elapsted: 30067 ms.)
17:32:38.857143> BinanceFuture - Vxxv1AWf[USD_M] Reconect to WebSocket #
17:32:38.861143> WebSocket [ConnectToDepthStream()] [Closed] [future] and reconnect again [during Task.Delay]..
17:32:40.508239> WebSocket connected! Start @depth [Future] process...
17:32:41.338287> WebSocket connected! Start @depth [Future] process...
17:32:42.163330> WebSocket [ConnectToDepthStream()] [future] error: Unable to read data from the transport connection: An existing connection was forcibly closed by the remote host.
17:32:47.303628> BinanceFuture - Vxxv1AWf[USD_M] Reconect to WebSocket #
17:32:47.303628> WebSocket [ConnectToDepthStream()] [Closed] [future] and reconnect again [during Task.Delay]..
17:32:50.418806> WebSocket connected! Start @depth [Future] process...
17:33:07.380777> (Closing... Elapsted: 30434 ms.)
17:33:07.402778> WebSocket [ConnectToDepthStream()] [future] error: Unable to read data from the transport connection: An existing connection was forcibly closed by the remote host.
17:33:07.360777> (Closing... Elapsted: 30414 ms.)
17:33:07.566788> MarketDepth was closed by Custom!
17:33:08.763860> Unable to read data from the transport connection: An existing connection was forcibly closed by the remote host.
17:33:09.589907> WebSocket [ConnectToDepthStream()] [future] error: Unable to read data from the transport connection: An existing connection was forcibly closed by the remote host.
17:33:11.911040> WebSocket connected! Start @depth [Future] process...
17:33:12.371065> WebSocket connected! Start @depth [Future] process...
17:33:37.653513> (Closing... Elapsted: 30087 ms.)
17:33:41.286725> WebSocket [ConnectToDepthStream()] [future] error: Unable to read data from the transport connection: An existing connection was forcibly closed by the remote host.
17:33:41.335726> WebSocket connected! Start @depth [Future] process...
17:33:42.109769> WebSocket [ConnectToDepthStream()] [future] error: Unable to read data from the transport connection: An existing connection was forcibly closed by the remote host.
17:33:45.714978> WebSocket [ConnectToDepthStream()] [future] error: Unable to read data from the transport connection: An existing connection was forcibly closed by the remote host.
17:33:47.920104> BinanceFuture - Vxxv1AWf[USD_M] Reconect to WebSocket #
17:33:47.938104> WebSocket [ConnectToDepthStream()] [Closed] [future] and reconnect again [during Task.Delay]..
17:33:49.542199> WebSocket [ConnectToDepthStream()] [future] error: Unable to read data from the transport connection: An existing connection was forcibly closed by the remote host.
17:33:50.667262> WebSocket connected! Start @depth [Future] process...
17:33:50.758267> BinanceFuture - Vxxv1AWf[USD_M] Reconect to WebSocket #
17:33:50.759267> WebSocket [ConnectToDepthStream()] [Closed] [future] and reconnect again [during Task.Delay]..
17:33:54.558485> BinanceFuture - Vxxv1AWf[USD_M] Reconect to WebSocket #
17:33:54.558485> WebSocket [ConnectToDepthStream()] [Closed] [future] and reconnect again [during Task.Delay]..
17:33:54.906505> WebSocket connected! Start @depth [Future] process...
17:33:55.638545> WebSocket [ConnectToDepthStream()] [future] error: Unable to read data from the transport connection: An existing connection was forcibly closed by the remote host.
17:33:57.483653> WebSocket connected! Start @depth [Future] process...
17:34:00.910850> BinanceFuture - Vxxv1AWf[USD_M] Reconect to WebSocket #
17:34:00.910850> WebSocket [ConnectToDepthStream()] [Closed] [future] and reconnect again [during Task.Delay]..
17:34:04.917078> WebSocket connected! Start @depth [Future] process...
17:34:07.665236> (Closing... Elapsted: 30012 ms.)
17:34:07.705238> (Closing... Elapsted: 30052 ms.)
17:34:07.884248> (Closing... Elapsted: 30231 ms.)
17:34:07.931252> (Closing... Elapsted: 30278 ms.)
17:34:07.984255> (Closing... Elapsted: 30331 ms.)
17:34:08.046259> MarketDepth was closed by Custom!
17:34:08.048260> WebSocket [ConnectToDepthStream()] [future] error: A request to send or receive data was disallowed because the socket is not connected and (when sending on a datagram socket using a sendto call) no address was supplied
17:34:08.049259> WebSocket [ConnectToDepthStream()] [future] error: A request to send or receive data was disallowed because the socket is not connected and (when sending on a datagram socket using a sendto call) no address was supplied
17:34:08.049259> WebSocket [ConnectToDepthStream()] [future] error: A request to send or receive data was disallowed because the socket is not connected and (when sending on a datagram socket using a sendto call) no address was supplied
17:34:11.628464> WebSocket connected! Start @depth [Future] process...
17:34:12.314502> WebSocket connected! Start @depth [Future] process...
17:34:12.598525> WebSocket connected! Start @depth [Future] process...
17:34:13.007545> WebSocket [ConnectToDepthStream()] [future] error: Unable to read data from the transport connection: An established connection was aborted by the software in your host machine.
17:34:13.281558> BinanceFuture - Vxxv1AWf[USD_M] Reconect to WebSocket #
17:34:13.282558> WebSocket [ConnectToDepthStream()] [Closed] [future] and reconnect again [during Task.Delay]..
17:34:13.765584> WebSocket connected! Start @depth [Future] process...
17:34:13.769586> WebSocket connected! Start @depth [Future] process...
17:34:16.290731> WebSocket connected! Start @depth [Future] process...
17:34:38.506006> (Closing... Elapsted: 30052 ms.)
17:34:42.606238> WebSocket [ConnectToDepthStream()] [future] error: Unable to read data from the transport connection: An existing connection was forcibly closed by the remote host.
17:34:44.199331> WebSocket connected! Start @depth [Future] process...
17:34:51.267735> WebSocket [ConnectToDepthStream()] [future] error: Unable to read data from the transport connection: An existing connection was forcibly closed by the remote host.
17:35:08.603729> (Closing... Elapsted: 30096 ms.)
17:35:11.301884> WebSocket connected! Start @depth [Future] process...
17:35:12.069930> WebSocket [ConnectToDepthStream()] [future] error: Unable to read data from the transport connection: An existing connection was forcibly closed by the remote host.
17:35:13.102994> WebSocket [ConnectToDepthStream()] [future] error: Unable to read data from the transport connection: An existing connection was forcibly closed by the remote host.
17:35:17.089217> BinanceFuture - Vxxv1AWf[USD_M] Reconect to WebSocket #
17:35:17.089217> WebSocket [ConnectToDepthStream()] [Closed] [future] and reconnect again [during Task.Delay]..
17:35:18.105274> BinanceFuture - Vxxv1AWf[USD_M] Reconect to WebSocket #
17:35:18.105274> WebSocket [ConnectToDepthStream()] [Closed] [future] and reconnect again [during Task.Delay]..
17:35:18.651315> BinanceFuture - Vxxv1AWf[USD_M] Reconect to WebSocket #
17:35:18.652307> WebSocket [ConnectToDepthStream()] [Closed] [future] and reconnect again [during Task.Delay]..
17:35:19.573359> WebSocket [ConnectToDepthStream()] [future] error: Unable to read data from the transport connection: An existing connection was forcibly closed by the remote host.
17:35:20.780427> WebSocket connected! Start @depth [Future] process...
17:35:21.982497> WebSocket connected! Start @depth [Future] process...
17:35:21.983498> WebSocket connected! Start @depth [Future] process...
17:35:24.908670> BinanceFuture - Vxxv1AWf[USD_M] Reconect to WebSocket #
17:35:24.909665> WebSocket [ConnectToDepthStream()] [Closed] [future] and reconnect again [during Task.Delay]..
17:35:28.486868> WebSocket connected! Start @depth [Future] process...
17:35:38.629450> (Closing... Elapsted: 30025 ms.)
17:35:43.597736> WebSocket connected! Start @depth [Future] process...
17:35:48.697027> BinanceFuture - Vxxv1AWf[USD_M] Reconect to WebSocket #
17:35:48.697027> WebSocket [ConnectToDepthStream()] [Closed] [future] and reconnect again [during Task.Delay]..
17:35:53.623311> WebSocket connected! Start @depth [Future] process...
17:36:08.713178> (Closing... Elapsted: 30083 ms.)
17:36:08.717177> ConnectToBookTickerStream [SPOT] [Error]: System.IO.IOException: Unable to read data from the transport connection: An existing connection was forcibly closed by the remote host. ---> System.Net.Sockets.SocketException: An existing connection was forcibly closed by the remote host
   at System.Net.Sockets.Socket.BeginReceive(Byte[] buffer, Int32 offset, Int32 size, SocketFlags socketFlags, AsyncCallback callback, Object state)
   at System.Net.Sockets.NetworkStream.BeginRead(Byte[] buffer, Int32 offset, Int32 size, AsyncCallback callback, Object state)
   --- End of inner exception stack trace ---
   at System.Net.Security._SslStream.EndRead(IAsyncResult asyncResult)
   at System.Net.Security.SslStream.EndRead(IAsyncResult asyncResult)
   at SuperSocket.ClientEngine.AuthenticatedStreamTcpSession.OnDataRead(IAsyncResult result)
17:36:08.718177> WebSocket [ConnectToDepthStream()] [Closed] [SPOT] and reconnect again..
17:36:13.804468> Binance - Vxxv1AWf[SPOT] Reconect to WebSocket #
17:36:13.965478> WebSocket [ConnectToDepthStream()] [Closed] [SPOT] and reconnect again [with Task.Delay]..
17:36:14.255494> WebSocket [ConnectToDepthStream()] [future] error: Unable to read data from the transport connection: An existing connection was forcibly closed by the remote host.
17:36:14.827526> WebSocket [ConnectToDepthStream()] [future] error: Unable to read data from the transport connection: An existing connection was forcibly closed by the remote host.
17:36:15.402560> WebSocket [ConnectToDepthStream()] [future] error: Unable to read data from the transport connection: An existing connection was forcibly closed by the remote host.
17:36:19.109772> WebSocket connected! Start @depth [Future] process...
17:36:19.188776> WebSocket connected! Start @bookTicker ...
17:36:23.623031> WebSocket connected! Start @bookTicker ...
17:36:38.722897> (Closing... Elapsted: 30009 ms.)
17:36:47.903423> WebSocket connected! Start @depth [Future] process...
17:36:48.604464> WebSocket [ConnectToDepthStream()] [future] error: Received an unexpected EOF or 0 bytes from the transport stream.
17:36:49.288504> BinanceFuture - Vxxv1AWf[USD_M] Reconect to WebSocket #
17:36:49.288504> WebSocket [ConnectToDepthStream()] [Closed] [future] and reconnect again [during Task.Delay]..
17:36:53.616749> BinanceFuture - Vxxv1AWf[USD_M] Reconect to WebSocket #
17:36:53.775764> WebSocket [ConnectToDepthStream()] [Closed] [future] and reconnect again [during Task.Delay]..
17:36:55.245844> WebSocket connected! Start @depth [Future] process...
17:36:56.047890> WebSocket [ConnectToDepthStream()] [future] error: Unable to read data from the transport connection: An existing connection was forcibly closed by the remote host.
17:36:58.249015> WebSocket connected! Start @depth [Future] process...
17:37:00.655153> BinanceFuture - Vxxv1AWf[USD_M] Reconect to WebSocket #
17:37:01.051176> WebSocket [ConnectToDepthStream()] [Closed] [future] and reconnect again [during Task.Delay]..
17:37:01.088179> BinanceFuture - Vxxv1AWf[USD_M] Reconect to WebSocket #
17:37:01.104180> WebSocket [ConnectToDepthStream()] [Closed] [future] and reconnect again [during Task.Delay]..
17:37:04.487374> WebSocket connected! Start @depth [Future] process...
17:37:04.489374> WebSocket connected! Start @depth [Future] process...
17:37:07.945574> WebSocket [SubscribePartialDepthStream()] [future] error: Unable to write data to the transport connection: An existing connection was forcibly closed by the remote host.
17:37:08.731620> (Closing... Elapsted: 30004 ms.)
17:37:13.111869> BinanceFuture - Vxxv1AWf[USD_M] Reconect to WebSocket #
17:37:13.169870> WebSocket [SubscribePartialDepthStream()] [Closed] [future] and reconnect again [during Task.Delay]..
17:37:15.651014> WebSocket connected! Start @depth [Future] process...
17:37:17.742138> WebSocket connected! Start @depth [Future] process...
17:37:23.528468> WebSocket [ConnectToDepthStream()] [future] error: Unable to read data from the transport connection: An existing connection was forcibly closed by the remote host.
17:37:39.253369> (Closing... Elapsted: 30504 ms.)
17:37:44.011646> WebSocket [ConnectToDepthStream()] [future] error: Unable to read data from the transport connection: An established connection was aborted by the software in your host machine.
17:37:48.266885> WebSocket connected! Start @depth [Future] process...
17:38:08.633053> ConnectToBookTickerStream [SPOT] [Error]: System.IO.IOException: Unable to read data from the transport connection: An existing connection was forcibly closed by the remote host. ---> System.Net.Sockets.SocketException: An existing connection was forcibly closed by the remote host
   at System.Net.Sockets.Socket.BeginReceive(Byte[] buffer, Int32 offset, Int32 size, SocketFlags socketFlags, AsyncCallback callback, Object state)
   at System.Net.Sockets.NetworkStream.BeginRead(Byte[] buffer, Int32 offset, Int32 size, AsyncCallback callback, Object state)
   --- End of inner exception stack trace ---
   at System.Net.Security._SslStream.EndRead(IAsyncResult asyncResult)
   at System.Net.Security.SslStream.EndRead(IAsyncResult asyncResult)
   at SuperSocket.ClientEngine.AuthenticatedStreamTcpSession.OnDataRead(IAsyncResult result)
17:38:08.689055> WebSocket [ConnectToDepthStream()] [Closed] [SPOT] and reconnect again..
17:38:09.308090> (Closing... Elapsted: 30054 ms.)
17:38:13.512334> WebSocket connected! Start @depth [Future] process...
17:38:13.691342> Binance - Vxxv1AWf[SPOT] Reconect to WebSocket #
17:38:13.692342> WebSocket [ConnectToDepthStream()] [Closed] [SPOT] and reconnect again [with Task.Delay]..
17:38:17.257550> WebSocket connected! Start @bookTicker ...
17:38:19.395670> BinanceFuture - Vxxv1AWf[USD_M] Reconect to WebSocket #
17:38:19.914699> WebSocket [ConnectToDepthStream()] [Closed] [future] and reconnect again [during Task.Delay]..
17:38:24.568967> WebSocket connected! Start @bookTicker ...
17:38:24.957988> WebSocket connected! Start @depth [Future] process...
17:38:39.357814> (Closing... Elapsted: 30048 ms.)
17:38:43.070027> WebSocket connected! Start @depth [Future] process...
17:38:49.366387> WebSocket [ConnectToDepthStream()] [future] error: Unable to read data from the transport connection: An existing connection was forcibly closed by the remote host.
17:38:49.604401> BinanceFuture - Vxxv1AWf[USD_M] Reconect to WebSocket #
17:38:49.621402> WebSocket [ConnectToDepthStream()] [Closed] [future] and reconnect again [during Task.Delay]..
17:38:54.510683> BinanceFuture - Vxxv1AWf[USD_M] Reconect to WebSocket #
17:38:54.510683> WebSocket [ConnectToDepthStream()] [Closed] [future] and reconnect again [during Task.Delay]..
17:38:56.458795> WebSocket [ConnectToDepthStream()] [future] error: Unable to read data from the transport connection: An existing connection was forcibly closed by the remote host.
17:38:57.654872> WebSocket connected! Start @depth [Future] process...
17:38:57.945878> BinanceFuture - Vxxv1AWf[USD_M] Reconect to WebSocket #
17:38:57.958880> WebSocket [ConnectToDepthStream()] [Closed] [future] and reconnect again [during Task.Delay]..
17:38:59.263954> WebSocket [ConnectToDepthStream()] [future] error: Unable to write data to the transport connection: An existing connection was forcibly closed by the remote host.
17:39:00.159008> WebSocket connected! Start @depth [Future] process...
17:39:01.627101> BinanceFuture - Vxxv1AWf[USD_M] Reconect to WebSocket #
17:39:01.628102> WebSocket [ConnectToDepthStream()] [Closed] [future] and reconnect again [during Task.Delay]..
17:39:03.227183> WebSocket connected! Start @depth [Future] process...
17:39:07.087404> WebSocket connected! Start @depth [Future] process...
17:39:09.938567> (Closing... Elapsted: 30419 ms.)
17:39:14.125806> WebSocket connected! Start @depth [Future] process...
17:39:17.040977> WebSocket [ConnectToDepthStream()] [future] error: Unable to read data from the transport connection: An existing connection was forcibly closed by the remote host.
17:39:21.597237> WebSocket [ConnectToDepthStream()] [future] error: Unable to read data from the transport connection: An existing connection was forcibly closed by the remote host.
17:39:40.013291> (Closing... Elapsted: 30074 ms.)
17:39:42.726447> WebSocket connected! Start @depth [Future] process...
17:40:10.066016> (Closing... Elapsted: 30052 ms.)
17:40:12.916192> WebSocket connected! Start @depth [Future] process...
17:40:14.636276> WebSocket [ConnectToDepthStream()] [future] error: Unable to read data from the transport connection: An existing connection was forcibly closed by the remote host.
17:40:19.694567> BinanceFuture - Vxxv1AWf[USD_M] Reconect to WebSocket #
17:40:19.696568> WebSocket [ConnectToDepthStream()] [Closed] [future] and reconnect again [during Task.Delay]..
17:40:20.080588> BinanceFuture - Vxxv1AWf[USD_M] Reconect to WebSocket #
17:40:20.087632> WebSocket [ConnectToDepthStream()] [Closed] [future] and reconnect again [during Task.Delay]..
17:40:23.183768> WebSocket connected! Start @depth [Future] process...
17:40:23.669793> WebSocket connected! Start @depth [Future] process...
17:40:40.135742> (Closing... Elapsted: 30068 ms.)
17:40:41.941844> WebSocket connected! Start @depth [Future] process...
17:40:50.179315> BinanceFuture - Vxxv1AWf[USD_M] Reconect to WebSocket #
17:40:50.180316> WebSocket [ConnectToDepthStream()] [Closed] [future] and reconnect again [during Task.Delay]..
17:40:51.829410> WebSocket connected! Start @depth [Future] process...
17:40:58.885817> WebSocket [ConnectToDepthStream()] [future] error: Unable to read data from the transport connection: An existing connection was forcibly closed by the remote host.
17:41:00.969933> WebSocket [ConnectToDepthStream()] [future] error: Unable to read data from the transport connection: An existing connection was forcibly closed by the remote host.
17:41:03.996105> BinanceFuture - Vxxv1AWf[USD_M] Reconect to WebSocket #
17:41:03.997109> WebSocket [ConnectToDepthStream()] [Closed] [future] and reconnect again [during Task.Delay]..
17:41:04.478136> WebSocket [ConnectToDepthStream()] [future] error: Unable to read data from the transport connection: An existing connection was forcibly closed by the remote host.
17:41:05.522196> WebSocket connected! Start @depth [Future] process...
17:41:05.995225> BinanceFuture - Vxxv1AWf[USD_M] Reconect to WebSocket #
17:41:05.996224> WebSocket [ConnectToDepthStream()] [Closed] [future] and reconnect again [during Task.Delay]..
17:41:08.071340> WebSocket connected! Start @depth [Future] process...
17:41:10.139458> (Closing... Elapsted: 30003 ms.)
17:41:11.859558> WebSocket connected! Start @depth [Future] process...
17:41:16.314815> WebSocket [ConnectToDepthStream()] [future] error: Unable to read data from the transport connection: An existing connection was forcibly closed by the remote host.
17:41:40.141181> (Closing... Elapsted: 30001 ms.)
17:41:42.214298> WebSocket connected! Start @depth [Future] process...
17:41:42.480323> WebSocket [ConnectToDepthStream()] [future] error: Unable to read data from the transport connection: An existing connection was forcibly closed by the remote host.
17:41:52.228873> WebSocket [ConnectToDepthStream()] [future] error: Unable to read data from the transport connection: An existing connection was forcibly closed by the remote host.
17:42:06.305678> BinanceFuture - Vxxv1AWf[USD_M] Reconect to WebSocket #
17:42:06.305678> WebSocket [ConnectToDepthStream()] [Closed] [future] and reconnect again [during Task.Delay]..
17:42:08.475805> WebSocket connected! Start @depth [Future] process...
17:42:10.241912> (Closing... Elapsted: 30070 ms.)
17:42:11.871997> WebSocket connected! Start @depth [Future] process...
17:42:20.408487> BinanceFuture - Vxxv1AWf[USD_M] Reconect to WebSocket #
17:42:20.422491> WebSocket [ConnectToDepthStream()] [Closed] [future] and reconnect again [during Task.Delay]..
17:42:22.164590> WebSocket connected! Start @depth [Future] process...
17:42:40.263627> (Closing... Elapsted: 30011 ms.)
17:42:41.710711> WebSocket connected! Start @depth [Future] process...
17:42:50.517258> BinanceFuture - Vxxv1AWf[USD_M] Reconect to WebSocket #
17:42:50.518256> WebSocket [ConnectToDepthStream()] [Closed] [future] and reconnect again [during Task.Delay]..
17:42:51.894294> WebSocket connected! Start @depth [Future] process...
17:43:06.869166> WebSocket [ConnectToDepthStream()] [future] error: Unable to read data from the transport connection: An existing connection was forcibly closed by the remote host.
17:43:10.314350> (Closing... Elapsted: 30050 ms.)
17:43:11.957445> BinanceFuture - Vxxv1AWf[USD_M] Reconect to WebSocket #
17:43:11.957445> WebSocket [ConnectToDepthStream()] [Closed] [future] and reconnect again [during Task.Delay]..
17:43:12.189458> WebSocket connected! Start @depth [Future] process...
17:43:13.598537> WebSocket connected! Start @depth [Future] process...
17:43:20.577937> BinanceFuture - Vxxv1AWf[USD_M] Reconect to WebSocket #
17:43:20.578941> WebSocket [ConnectToDepthStream()] [Closed] [future] and reconnect again [during Task.Delay]..
17:43:22.130028> WebSocket connected! Start @depth [Future] process...
17:43:40.395074> (Closing... Elapsted: 30078 ms.)
17:43:42.086172> WebSocket connected! Start @depth [Future] process...
17:43:44.668322> WebSocket [ConnectToDepthStream()] [future] error: Unable to read data from the transport connection: An existing connection was forcibly closed by the remote host.
