21:55:07.272281> Binance - Vxxv1AWf[SPOT] SPOT Balance: 0.00000000 USDT
21:55:07.944318> WebSocket connected! Start Partial @depth20 [SPOT] process...
21:55:07.944318> WebSocket connected! Start @bookTicker ...
21:55:07.947319> WebSocket connected! Start @bookTicker [Future] process...
21:55:07.948320> WebSocket connected! Start [SPOT] @depth@100ms process...
21:55:07.945320> WebSocket connected! Start Partial @depth20 [Future] process...
21:55:07.951319> Lenta has started...Start SubscribeToTradeStream @trade [{accType}] process...
21:55:08.002321> WebSocket connected! Start @bookTicker ...
21:55:08.009323> Lenta has started...Start SubscribeToTradeStream @trade [{accType}] process...
21:55:08.057325> WebSocket connected! Start Partial @depth20 [SPOT] process...
21:55:08.067326> WebSocket connected! Start [SPOT] @depth@100ms process...
21:55:08.085326> (Closing... Elapsted: 78908085 ms.)
21:55:08.088327> BookTicker was closed by Custom!
21:55:08.443350> WebSocket connected! Start @depth [Future] process...
21:55:08.444349> Lenta has started...Start SubscribeToAggTradeStream @aggTrade [future] process...
21:55:08.459347> WebSocket connected! Start Partial @depth20 [Future] process...
21:55:08.469350> (Closing... Elapsted: 78908469 ms.)
21:55:08.503351> BinanceFuture - Vxxv1AWf[USD_M] USD_M Balance: 6.25838444 USDT
21:55:08.776368> (Closing... Elapsted: 78908776 ms.)
21:55:09.006393> WebSocket connected! Start @depth [Future] process...
21:55:09.102384> WebSocket connected! Start @bookTicker [Future] process...
21:55:09.273394> Lenta has started...Start SubscribeToAggTradeStream @aggTrade [future] process...
21:55:09.479407> WebSocket connected! Start @depth [Future] process...
21:55:09.789444> Lenta has started...Start SubscribeToAggTradeStream @aggTrade [future] process...
21:55:13.756214> BinanceFuture - Vxxv1AWf[USD_M] Reconect to WebSocket #
21:55:13.758214> WebSocket [ConnectToDepthStream()] [Closed] [future] and reconnect again [during Task.Delay]..
21:55:14.037230> BinanceFuture - Vxxv1AWf[USD_M] Reconect to WebSocket #
21:55:14.038229> WebSocket [SubscribeToAggTradeStream()] [Closed] [future] and reconnect again [with Task.Delay]..
21:55:14.854278> WebSocket connected! Start @depth [Future] process...
21:55:15.138292> Lenta has started...Start SubscribeToAggTradeStream @aggTrade [future] process...
22:04:26.148269> (Closing... Elapsted: 557677 ms.)
22:04:26.263275> (Closing... Elapsted: 558174 ms.)
22:04:26.302276> (Closing... Elapsted: 557525 ms.)
22:04:28.051376> WebSocket [SubscribePartialDepthStream()] [future] error: Unable to read data from the transport connection: An existing connection was forcibly closed by the remote host.
22:04:28.053378> WebSocket [SubscribePartialDepthStream()] [future] error: Unable to read data from the transport connection: An existing connection was forcibly closed by the remote host.
22:04:28.139383> WebSocket [SubscribeBookTickerStream()] [future] error: Unable to write data to the transport connection: An existing connection was forcibly closed by the remote host.
22:04:28.144383> WebSocket [ConnectToDepthStream()] [future] error: Unable to read data from the transport connection: An existing connection was forcibly closed by the remote host.
22:04:28.247388> WebSocket [ConnectToDepthStream()] [future] error: Unable to write data to the transport connection: An existing connection was forcibly closed by the remote host.
22:04:28.297392> WebSocket [SubscribeBookTickerStream()] [future] error: Unable to write data to the transport connection: An existing connection was forcibly closed by the remote host.
