17:38:39.631766> Lenta has started...Start SubscribeToAggTradeStream @aggTrade [future] process...
17:38:39.631766> WebSocket connected! Start @depth [Future] process...
17:38:39.657767> Lenta has started...Start SubscribeToTradeStream @trade [{accType}] process...
17:38:39.657767> WebSocket connected! Start [MARGIN] @depth@100ms process...
17:38:39.663772> WebSocket connected! Start Partial @depth20 [Future] process...
17:38:39.779775> WebSocket connected! Start [MARGIN] @depth@100ms process...
17:38:39.791783> WebSocket connected! Start Partial @depth20 [MARGIN] process...
17:38:39.830779> Lenta has started...Start SubscribeToTradeStream @trade [{accType}] process...
17:38:39.876782> Binance - Vxxv1AWf[MARGIN] MARGIN Balance: 0.53978699 USDT
17:38:40.435691> WebSocket connected! Start @depth [Future] process...
17:38:40.480230> WebSocket connected! Start Partial @depth20 [Future] process...
17:38:40.483193> Lenta has started...Start SubscribeToAggTradeStream @aggTrade [future] process...
17:38:40.641350> WebSocket connected! Start Partial @depth20 [MARGIN] process...
17:38:41.177273> BinanceFuture - Vxxv1AWf[USD_M] USD_M Balance: 0.66986043 USDT
17:39:44.227805> WebSocket [ConnectToDepthStream()] [future] error: Unable to read data from the transport connection: An established connection was aborted by the software in your host machine.
17:39:44.535825> WebSocket [ConnectToDepthStream()] [Closed] [future] and reconnect again..
17:39:45.775896> WebSocket connected! Start @depth [Future] process...
17:39:49.672137> BinanceFuture - Vxxv1AWf[USD_M] Reconect to WebSocket #
17:39:49.673117> WebSocket [ConnectToDepthStream()] [Closed] [future] and reconnect again [during Task.Delay]..
17:39:50.710176> WebSocket connected! Start @depth [Future] process...
17:39:57.196548> WebSocket [ConnectToDepthStream()] [future] error: Received an unexpected EOF or 0 bytes from the transport stream.
17:39:57.197550> WebSocket [ConnectToDepthStream()] [Closed] [future] and reconnect again..
17:39:58.355615> WebSocket connected! Start @depth [Future] process...
17:40:02.281840> BinanceFuture - Vxxv1AWf[USD_M] Reconect to WebSocket #
17:40:02.298842> WebSocket [ConnectToDepthStream()] [Closed] [future] and reconnect again [during Task.Delay]..
17:40:03.693922> WebSocket connected! Start @depth [Future] process...
17:40:43.431199> Unable to read data from the transport connection: An existing connection was forcibly closed by the remote host.
17:40:44.671270> Unable to read data from the transport connection: An existing connection was forcibly closed by the remote host.
17:40:48.447486> BinanceFuture - Vxxv1AWf[USD_M] Reconect to WebSocket #
17:40:48.448488> WebSocket [SubscribeToAggTradeStream()] [Closed] [future] and reconnect again [with Task.Delay]..
17:40:49.818568> BinanceFuture - Vxxv1AWf[USD_M] Reconect to WebSocket #
17:40:49.819568> WebSocket [SubscribeToAggTradeStream()] [Closed] [future] and reconnect again [with Task.Delay]..
17:40:50.289593> WebSocket [ConnectToDepthStream()] [Closed] [future] and reconnect again..
17:40:50.291596> Lenta has started...Start SubscribeToAggTradeStream @aggTrade [future] process...
17:40:51.367657> Lenta has started...Start SubscribeToAggTradeStream @aggTrade [future] process...
17:40:51.714674> WebSocket connected! Start @depth [Future] process...
17:40:55.351884> BinanceFuture - Vxxv1AWf[USD_M] Reconect to WebSocket #
17:40:55.352885> WebSocket [ConnectToDepthStream()] [Closed] [future] and reconnect again [during Task.Delay]..
17:40:56.791966> WebSocket connected! Start @depth [Future] process...
17:40:58.935089> WebSocket [ConnectToDepthStream()] [future] error: Unable to read data from the transport connection: An existing connection was forcibly closed by the remote host.
17:40:58.936090> WebSocket [ConnectToDepthStream()] [Closed] [future] and reconnect again..
17:41:00.161162> WebSocket connected! Start @depth [Future] process...
17:41:38.754372> WebSocket [ConnectToDepthStream()] [future] error: Received an unexpected EOF or 0 bytes from the transport stream.
17:41:38.757372> WebSocket [ConnectToDepthStream()] [Closed] [future] and reconnect again..
17:41:44.138680> WebSocket connected! Start @depth [Future] process...
17:41:47.154857> WebSocket [ConnectToDepthStream()] [future] error: Received an unexpected EOF or 0 bytes from the transport stream.
17:41:47.183856> WebSocket [ConnectToDepthStream()] [Closed] [future] and reconnect again..
17:41:50.695057> WebSocket connected! Start @depth [Future] process...
17:41:57.758462> WebSocket [ConnectToDepthStream()] [future] error: Unable to read data from the transport connection: An established connection was aborted by the software in your host machine.
17:41:57.758462> WebSocket [ConnectToDepthStream()] [Closed] [future] and reconnect again..
17:41:58.106481> WebSocket [ConnectToDepthStream()] [future] error: Unable to read data from the transport connection: An existing connection was forcibly closed by the remote host.
17:41:58.107482> WebSocket [ConnectToDepthStream()] [Closed] [future] and reconnect again..
17:42:00.415612> Unable to read data from the transport connection: An existing connection was forcibly closed by the remote host.
17:42:01.515679> WebSocket connected! Start @depth [Future] process...
17:42:02.474732> WebSocket connected! Start @depth [Future] process...
17:42:03.065767> BinanceFuture - Vxxv1AWf[USD_M] Reconect to WebSocket #
17:42:03.066767> WebSocket [ConnectToDepthStream()] [Closed] [future] and reconnect again [during Task.Delay]..
17:42:03.359783> BinanceFuture - Vxxv1AWf[USD_M] Reconect to WebSocket #
17:42:03.359783> WebSocket [ConnectToDepthStream()] [Closed] [future] and reconnect again [during Task.Delay]..
17:42:05.513908> BinanceFuture - Vxxv1AWf[USD_M] Reconect to WebSocket #
17:42:05.515906> WebSocket [SubscribeToAggTradeStream()] [Closed] [future] and reconnect again [with Task.Delay]..
17:42:06.357955> WebSocket connected! Start @depth [Future] process...
17:42:06.901984> WebSocket connected! Start @depth [Future] process...
17:42:07.651028> Lenta has started...Start SubscribeToAggTradeStream @aggTrade [future] process...
