16:42:05.197115> WebSocket connected! Start @bookTicker [Future] process...
16:42:05.197115> Lenta has started...Start SubscribeToAggTradeStream @aggTrade [future] process...
16:42:05.208114> WebSocket connected! Start Partial @depth20 [SPOT] process...
16:42:05.280119> Binance - Vxxv1AWf[SPOT] SPOT Balance: 0.00000000 USDT
16:42:05.736870> Lenta has started...Start SubscribeToAggTradeStream @aggTrade [future] process...
16:42:05.740862> WebSocket connected! Start @bookTicker [Future] process...
16:42:05.786865> WebSocket connected! Start @depth [Future] process...
16:42:05.917874> WebSocket connected! Start Partial @depth20 [SPOT] process...
16:42:05.951873> WebSocket connected! Start @bookTicker ...
16:42:06.179958> WebSocket connected! Start @depth [Future] process...
16:42:06.181896> WebSocket connected! Start Partial @depth20 [Future] process...
16:42:06.340939> WebSocket connected! Start [SPOT] @depth@100ms process...
16:42:06.523922> Lenta has started...Start SubscribeToTradeStream @trade [{accType}] process...
16:42:06.742933> Lenta has started...Start SubscribeToTradeStream @trade [{accType}] process...
16:42:06.758921> WebSocket connected! Start Partial @depth20 [Future] process...
16:42:08.756115> WebSocket connected! Start [SPOT] @depth@100ms process...
16:42:09.115301> WebSocket connected! Start @bookTicker ...
16:42:26.153373> BinanceFuture - Vxxv1AWf[USD_M] USD_M Balance: 0.07599264 USDT
16:42:42.594671> BinanceFuture - Vxxv1AWf[USD_M] Reconect to WebSocket #
16:42:42.595668> WebSocket [SubscribeBookTickerStream()] [Closed] [future] and reconnect again [during Task.Delay]..
16:42:43.634669> WebSocket connected! Start @depth [Future] process...
16:42:48.993208> BinanceFuture - Vxxv1AWf[USD_M] Reconect to WebSocket #
16:42:48.993208> WebSocket [SubscribeBookTickerStream()] [Closed] [future] and reconnect again [during Task.Delay]..
16:42:51.596719> WebSocket connected! Start @depth [Future] process...
16:43:38.053623> BinanceFuture - Vxxv1AWf[USD_M] Reconect to WebSocket #
16:43:38.055622> WebSocket [ConnectToDepthStream()] [Closed] [future] and reconnect again [during Task.Delay]..
16:43:39.115685> WebSocket connected! Start @depth [Future] process...
16:43:46.351721> BinanceFuture - Vxxv1AWf[USD_M] Reconect to WebSocket #
16:43:46.352722> WebSocket [ConnectToDepthStream()] [Closed] [future] and reconnect again [during Task.Delay]..
16:43:48.047592> WebSocket connected! Start @depth [Future] process...
16:44:18.601800> BinanceFuture - Vxxv1AWf[USD_M] Reconect to WebSocket #
16:44:18.602803> WebSocket [ConnectToDepthStream()] [Closed] [future] and reconnect again [during Task.Delay]..
16:44:19.743350> WebSocket connected! Start @depth [Future] process...
