12:45:53.361069> Lenta has started...Start SubscribeToTradeStream @trade [{accType}] process...
12:45:53.361069> WebSocket connected! Start Partial @depth20 [Future] process...
12:45:53.366076> Lenta has started...Start SubscribeToAggTradeStream @aggTrade [future] process...
12:45:53.368071> WebSocket connected! Start [SPOT] @depth@100ms process...
12:45:53.458081> WebSocket connected! Start [SPOT] @depth@100ms process...
12:45:53.475077> WebSocket connected! Start Partial @depth20 [SPOT] process...
12:45:53.511079> WebSocket connected! Start @bookTicker ...
12:45:53.666088> Binance - Vxxv1AWf[SPOT] SPOT Balance: 0.00000000 USDT
12:45:53.952105> WebSocket connected! Start @depth [Future] process...
12:45:53.952105> Lenta has started...Start SubscribeToAggTradeStream @aggTrade [future] process...
12:45:53.993107> WebSocket connected! Start @bookTicker ...
12:45:54.102113> WebSocket connected! Start Partial @depth20 [SPOT] process...
12:45:54.363213> WebSocket connected! Start @depth [Future] process...
12:45:54.682016> WebSocket connected! Start Partial @depth20 [Future] process...
12:45:54.685018> WebSocket connected! Start @bookTicker [Future] process...
12:45:54.900028> WebSocket connected! Start @bookTicker [Future] process...
12:45:55.277466> Lenta has started...Start SubscribeToTradeStream @trade [{accType}] process...
12:45:58.592602> BinanceFuture - Vxxv1AWf[USD_M] USD_M Balance: 0.07599264 USDT
12:46:59.754333> BinanceFuture - Vxxv1AWf[USD_M] Reconect to WebSocket #
12:46:59.756320> WebSocket [SubscribeBookTickerStream()] [Closed] [future] and reconnect again [during Task.Delay]..
12:47:00.807380> WebSocket connected! Start @depth [Future] process...
12:47:33.629386> BinanceFuture - Vxxv1AWf[USD_M] Reconect to WebSocket #
12:47:33.631390> WebSocket [SubscribeBookTickerStream()] [Closed] [future] and reconnect again [during Task.Delay]..
12:47:34.662443> WebSocket connected! Start @depth [Future] process...
