09:14:35.425412> Lenta has started...Start SubscribeToTradeStream @trade [{accType}] process...
09:14:35.425412> WebSocket connected! Start [MARGIN] @depth@100ms process...
09:14:35.426411> WebSocket connected! Start Partial @depth20 [Future] process...
09:14:35.439412> WebSocket connected! Start @bookTicker ...
09:14:35.441410> WebSocket connected! Start @bookTicker [Future] process...
09:14:35.442411> WebSocket connected! Start Partial @depth20 [MARGIN] process...
09:14:35.473414> Lenta has started...Start SubscribeToAggTradeStream @aggTrade [future] process...
09:14:35.473414> WebSocket connected! Start @depth [Future] process...
09:14:35.474413> Lenta has started...Start SubscribeToTradeStream @trade [{accType}] process...
09:14:35.475414> WebSocket connected! Start @bookTicker ...
09:14:35.516415> WebSocket connected! Start [MARGIN] @depth@100ms process...
09:14:35.537415> WebSocket connected! Start Partial @depth20 [MARGIN] process...
09:14:35.898438> Binance - Vxxv1AWf[MARGIN] MARGIN Balance: 0.54304815 USDT
09:14:35.915439> WebSocket connected! Start @depth [Future] process...
09:14:35.919439> WebSocket connected! Start @bookTicker [Future] process...
09:14:35.962443> Lenta has started...Start SubscribeToAggTradeStream @aggTrade [future] process...
09:14:35.967443> WebSocket connected! Start Partial @depth20 [Future] process...
09:14:36.433489> BinanceFuture - Vxxv1AWf[USD_M] USD_M Balance: 18.14083188 USDT
09:18:36.216505> WebSocket [SubscribeBookTickerStream()] [future] error: Unable to read data from the transport connection: An existing connection was forcibly closed by the remote host.
09:18:41.454804> BinanceFuture - Vxxv1AWf[USD_M] Reconect to WebSocket #
09:18:41.455806> WebSocket [SubscribeBookTickerStream()] [Closed] [future] and reconnect again [during Task.Delay]..
09:18:44.256969> WebSocket connected! Start @depth [Future] process...
09:19:36.729973> WebSocket [SubscribeBookTickerStream()] [future] error: Unable to read data from the transport connection: An existing connection was forcibly closed by the remote host.
09:19:42.286293> BinanceFuture - Vxxv1AWf[USD_M] Reconect to WebSocket #
09:19:42.286293> WebSocket [SubscribeBookTickerStream()] [Closed] [future] and reconnect again [during Task.Delay]..
09:19:49.370698> WebSocket connected! Start @depth [Future] process...
