12:40:07.913648> WebSocket connected! Start Partial @depth20 [MARGIN] process...
12:40:07.917645> WebSocket connected! Start @depth [Future] process...
12:40:07.921646> Lenta has started...Start SubscribeToAggTradeStream @aggTrade [future] process...
12:40:07.994650> WebSocket connected! Start [MARGIN] @depth@100ms process...
12:40:08.013650> Binance - Vxxv1AWf[MARGIN] MARGIN Balance: 0.54115815 USDT
12:40:08.121657> WebSocket connected! Start Partial @depth20 [MARGIN] process...
12:40:08.171659> WebSocket connected! Start [MARGIN] @depth@100ms process...
12:40:08.186660> Lenta has started...Start SubscribeToTradeStream @trade [{accType}] process...
12:40:08.497678> Lenta has started...Start SubscribeToAggTradeStream @aggTrade [future] process...
12:40:08.498678> WebSocket connected! Start @depth [Future] process...
12:40:08.511678> WebSocket connected! Start Partial @depth20 [Future] process...
12:40:08.579683> WebSocket connected! Start Partial @depth20 [Future] process...
12:40:08.818702> Lenta has started...Start SubscribeToTradeStream @trade [{accType}] process...
12:40:09.062709> BinanceFuture - Vxxv1AWf[USD_M] USD_M Balance: 0.66986043 USDT
12:42:12.654135> WebSocket [ConnectToDepthStream()] [Closed] [future] and reconnect again..
12:42:12.955150> WebSocket [ConnectToDepthStream()] [Closed] [future] and reconnect again..
12:42:15.940324> WebSocket connected! Start @depth [Future] process...
12:42:16.970382> WebSocket connected! Start @depth [Future] process...
12:42:17.718426> BinanceFuture - Vxxv1AWf[USD_M] Reconect to WebSocket #
12:42:17.718426> WebSocket [ConnectToDepthStream()] [Closed] [future] and reconnect again [during Task.Delay]..
12:42:19.294515> BinanceFuture - Vxxv1AWf[USD_M] Reconect to WebSocket #
12:42:19.295517> WebSocket [ConnectToDepthStream()] [Closed] [future] and reconnect again [during Task.Delay]..
12:42:24.744828> WebSocket connected! Start @depth [Future] process...
12:42:26.022901> WebSocket connected! Start @depth [Future] process...
12:44:50.815041> WebSocket [ConnectToDepthStream()] [future] error: Unable to read data from the transport connection: An existing connection was forcibly closed by the remote host.
12:44:50.816041> WebSocket [ConnectToDepthStream()] [Closed] [future] and reconnect again..
12:44:58.077460> BinanceFuture - Vxxv1AWf[USD_M] Reconect to WebSocket #
12:44:58.119462> WebSocket [ConnectToDepthStream()] [Closed] [future] and reconnect again [during Task.Delay]..
