12:59:00.564723> Binance - Vxxv1AWf[SPOT] SPOT Balance: 0.00000000 USDT
12:59:01.353769> Lenta has started...Start SubscribeToAggTradeStream @aggTrade [future] process...
12:59:01.354774> WebSocket connected! Start Partial @depth20 [SPOT] process...
12:59:01.355776> WebSocket connected! Start @bookTicker [Future] process...
12:59:01.434772> WebSocket connected! Start [SPOT] @depth@100ms process...
12:59:01.435773> WebSocket connected! Start Partial @depth20 [Future] process...
12:59:01.435773> Lenta has started...Start SubscribeToTradeStream @trade [{accType}] process...
12:59:01.436775> WebSocket connected! Start @bookTicker ...
12:59:01.436775> WebSocket connected! Start [SPOT] @depth@100ms process...
12:59:01.436775> WebSocket connected! Start @bookTicker ...
12:59:01.437772> WebSocket connected! Start @depth [Future] process...
12:59:01.437772> WebSocket connected! Start Partial @depth20 [SPOT] process...
12:59:01.438774> Lenta has started...Start SubscribeToTradeStream @trade [{accType}] process...
12:59:01.657787> BinanceFuture - Vxxv1AWf[USD_M] USD_M Balance: 6.25838444 USDT
12:59:01.658786> Lenta has started...Start SubscribeToAggTradeStream @aggTrade [future] process...
12:59:01.668788> WebSocket connected! Start @depth [Future] process...
12:59:01.676788> WebSocket connected! Start Partial @depth20 [Future] process...
12:59:01.676788> WebSocket connected! Start @bookTicker [Future] process...
13:00:01.835480> (Closing... Elapsted: 60135 ms.)
13:00:02.991453> WebSocket connected! Start @bookTicker [Future] process...
13:00:07.288313> BinanceFuture - Vxxv1AWf[USD_M] Reconect to WebSocket #
13:00:07.289307> WebSocket [SubscribeBookTickerStream()] [Closed] [future] and reconnect again [during Task.Delay]..
13:00:08.303378> WebSocket connected! Start @depth [Future] process...
13:01:01.985042> (Closing... Elapsted: 120286 ms.)
13:01:03.054654> WebSocket connected! Start @bookTicker [Future] process...
13:01:07.330265> BinanceFuture - Vxxv1AWf[USD_M] Reconect to WebSocket #
13:01:07.330265> WebSocket [SubscribeBookTickerStream()] [Closed] [future] and reconnect again [during Task.Delay]..
13:01:08.485331> WebSocket connected! Start @depth [Future] process...
13:02:02.289416> (Closing... Elapsted: 180591 ms.)
13:02:03.372476> WebSocket connected! Start @bookTicker [Future] process...
13:02:07.564718> BinanceFuture - Vxxv1AWf[USD_M] Reconect to WebSocket #
13:02:07.564718> WebSocket [SubscribeBookTickerStream()] [Closed] [future] and reconnect again [during Task.Delay]..
13:02:08.899796> WebSocket connected! Start @depth [Future] process...
