22:39:45.596240> Binance - Vxxv1AWf[SPOT] SPOT Balance: 0.00000000 USDT
22:39:46.040299> Lenta has started...Start SubscribeToTradeStream @trade [{accType}] process...
22:39:46.040299> WebSocket connected! Start @depth [Future] process...
22:39:46.040299> WebSocket connected! Start [SPOT] @depth@100ms process...
22:39:46.050300> WebSocket connected! Start @bookTicker ...
22:39:46.060298> WebSocket connected! Start @bookTicker [Future] process...
22:39:46.064300> Lenta has started...Start SubscribeToAggTradeStream @aggTrade [future] process...
22:39:46.077301> WebSocket connected! Start Partial @depth20 [Future] process...
22:39:46.085301> WebSocket connected! Start Partial @depth20 [SPOT] process...
22:39:46.132308> WebSocket connected! Start Partial @depth20 [SPOT] process...
22:39:46.153306> WebSocket connected! Start @bookTicker ...
22:39:46.177308> WebSocket connected! Start [SPOT] @depth@100ms process...
22:39:46.184312> Lenta has started...Start SubscribeToTradeStream @trade [{accType}] process...
22:39:46.625332> WebSocket connected! Start Partial @depth20 [Future] process...
22:39:46.630343> WebSocket connected! Start @bookTicker [Future] process...
22:39:46.668337> BinanceFuture - Vxxv1AWf[USD_M] USD_M Balance: 0.59335425 USDT
22:39:46.669336> Lenta has started...Start SubscribeToAggTradeStream @aggTrade [future] process...
22:39:46.736340> WebSocket connected! Start @depth [Future] process...
22:41:03.280658> WebSocket [ConnectToDepthStream()] [future] error: Received an unexpected EOF or 0 bytes from the transport stream.
22:41:03.299660> WebSocket [ConnectToDepthStream()] [future] error: Received an unexpected EOF or 0 bytes from the transport stream.
22:41:08.291904> BinanceFuture - Vxxv1AWf[USD_M] Reconect to WebSocket #
22:41:08.292907> WebSocket [ConnectToDepthStream()] [Closed] [future] and reconnect again [during Task.Delay]..
22:41:08.321935> BinanceFuture - Vxxv1AWf[USD_M] Reconect to WebSocket #
22:41:08.323928> WebSocket [ConnectToDepthStream()] [Closed] [future] and reconnect again [during Task.Delay]..
22:41:09.311051> WebSocket connected! Start @depth [Future] process...
22:41:09.353049> WebSocket connected! Start @depth [Future] process...
22:41:11.215167> BinanceFuture - Vxxv1AWf[USD_M] Reconect to WebSocket #
22:41:11.216157> WebSocket [SubscribeBookTickerStream()] [Closed] [future] and reconnect again [during Task.Delay]..
22:41:11.683342> BinanceFuture - Vxxv1AWf[USD_M] Reconect to WebSocket #
22:41:11.684351> WebSocket [SubscribeBookTickerStream()] [Closed] [future] and reconnect again [during Task.Delay]..
22:41:12.200998> WebSocket connected! Start @depth [Future] process...
22:41:12.771025> WebSocket connected! Start @depth [Future] process...
