14:13:02.747701> Binance - Vxxv1AWf[SPOT] SPOT Balance: 0.00000000 USDT
14:13:03.277733> WebSocket connected! Start @bookTicker ...
14:13:03.278732> WebSocket connected! Start [SPOT] @depth@100ms process...
14:13:03.280734> WebSocket connected! Start Partial @depth20 [SPOT] process...
14:13:03.286732> Lenta has started...Start SubscribeToTradeStream @trade [{accType}] process...
14:13:03.307733> Lenta has started...Start SubscribeToTradeStream @trade [{accType}] process...
14:13:03.310735> WebSocket connected! Start @bookTicker ...
14:13:03.314734> WebSocket connected! Start Partial @depth20 [SPOT] process...
14:13:03.318734> WebSocket connected! Start @depth [Future] process...
14:13:03.323735> WebSocket connected! Start @bookTicker [Future] process...
14:13:03.326735> Lenta has started...Start SubscribeToAggTradeStream @aggTrade [future] process...
14:13:03.332732> WebSocket connected! Start [SPOT] @depth@100ms process...
14:13:03.330735> WebSocket connected! Start Partial @depth20 [Future] process...
14:13:03.455743> (Closing... Elapsted: 51183455 ms.)
14:13:23.822946> AggTrade was closed by Custom!
14:13:23.830947> (Closing... Elapsted: 51203830 ms.)
14:13:23.831946> BookTicker was closed by Custom!
14:13:23.863947> (Closing... Elapsted: 51203863 ms.)
14:13:23.871948> MarketDepth was closed by Custom!
14:13:23.951950> BinanceFuture - Vxxv1AWf[USD_M] USD_M Balance: 6.25838444 USDT
14:13:24.155963> WebSocket connected! Start Partial @depth20 [Future] process...
14:13:24.158963> WebSocket connected! Start @depth [Future] process...
14:13:24.162964> WebSocket connected! Start @bookTicker [Future] process...
14:13:24.188964> Lenta has started...Start SubscribeToAggTradeStream @aggTrade [future] process...
14:13:25.201020> Lenta has started...Start SubscribeToAggTradeStream @aggTrade [future] process...
14:13:25.215024> WebSocket connected! Start @depth [Future] process...
14:13:25.215024> WebSocket connected! Start @bookTicker [Future] process...
14:13:30.986353> BinanceFuture - Vxxv1AWf[USD_M] Reconect to WebSocket #
14:13:30.987356> WebSocket [SubscribeBookTickerStream()] [Closed] [future] and reconnect again [during Task.Delay]..
14:13:32.372434> WebSocket connected! Start @depth [Future] process...
14:13:55.795779> (Closing... Elapsted: 31922 ms.)
14:14:49.739906> (Closing... Elapsted: 53691 ms.)
14:14:49.743905> MarketDepth was closed by Custom!
14:15:04.826094> BinanceFuture - Vxxv1AWf[USD_M] Reconect to WebSocket #
14:15:04.827092> WebSocket [ConnectToDepthStream()] [Closed] [future] and reconnect again [during Task.Delay]..
