23:15:43.233969> Binance - Vxxv1AWf[SPOT] SPOT Balance: 0.00000000 USDT
23:15:43.242968> WebSocket connected! Start @bookTicker [Future] process...
23:15:43.246968> Lenta has started...Start SubscribeToTradeStream @trade [{accType}] process...
23:15:43.252968> WebSocket connected! Start Partial @depth20 [Future] process...
23:15:43.253969> WebSocket connected! Start [SPOT] @depth@100ms process...
23:15:43.254969> WebSocket connected! Start Partial @depth20 [SPOT] process...
23:15:43.255969> WebSocket connected! Start @bookTicker ...
23:15:43.268970> Lenta has started...Start SubscribeToAggTradeStream @aggTrade [future] process...
23:15:43.269969> WebSocket connected! Start @depth [Future] process...
23:15:43.332972> WebSocket connected! Start [SPOT] @depth@100ms process...
23:15:43.333972> WebSocket connected! Start Partial @depth20 [SPOT] process...
23:15:43.340975> WebSocket connected! Start @bookTicker ...
23:15:43.364976> Lenta has started...Start SubscribeToTradeStream @trade [{accType}] process...
23:15:43.372978> (Closing... Elapsted: 83743371 ms.)
23:15:43.372978> (Closing... Elapsted: 83743372 ms.)
23:15:43.374976> BookTicker was closed by Custom!
23:15:43.376976> MarketDepth was closed by Custom!
23:15:43.683994> (Closing... Elapsted: 83743683 ms.)
23:15:43.685998> AggTrade was closed by Custom!
23:15:43.794997> WebSocket connected! Start Partial @depth20 [Future] process...
23:15:43.835003> BinanceFuture - Vxxv1AWf[USD_M] USD_M Balance: 6.25838444 USDT
23:15:44.356196> WebSocket connected! Start @bookTicker [Future] process...
23:15:44.383199> WebSocket connected! Start @depth [Future] process...
23:15:44.701209> Lenta has started...Start SubscribeToAggTradeStream @aggTrade [future] process...
