10:17:26.755473> Binance - Vxxv1AWf[MARGIN] MARGIN Balance: 0.56983635 USDT
10:17:26.943482> Lenta has started...Start SubscribeToAggTradeStream @aggTrade [future] process...
10:17:26.962483> WebSocket connected! Start @depth [Future] process...
10:17:26.971485> Lenta has started...Start SubscribeToTradeStream @trade [{accType}] process...
10:17:26.976488> WebSocket connected! Start Partial @depth20 [Future] process...
10:17:26.981485> Lenta has started...Start SubscribeToTradeStream @trade [{accType}] process...
10:17:26.987485> WebSocket connected! Start [MARGIN] @depth@100ms process...
10:17:26.992485> WebSocket connected! Start Partial @depth20 [MARGIN] process...
10:17:26.996487> WebSocket connected! Start [MARGIN] @depth@100ms process...
10:17:26.947482> WebSocket connected! Start Partial @depth20 [MARGIN] process...
10:17:28.066545> WebSocket connected! Start @depth [Future] process...
10:17:28.075546> Lenta has started...Start SubscribeToAggTradeStream @aggTrade [future] process...
10:17:28.085548> WebSocket connected! Start Partial @depth20 [Future] process...
10:17:29.037606> BinanceFuture - Vxxv1AWf[USD_M] USD_M Balance: 0.66986043 USDT
10:46:46.950416> WebSocket [ConnectToDepthStream()] [future] error: Unable to read data from the transport connection: An existing connection was forcibly closed by the remote host.
10:46:52.185718> BinanceFuture - Vxxv1AWf[USD_M] Reconect to WebSocket #
10:46:52.185718> WebSocket [ConnectToDepthStream()] [Closed] [future] and reconnect again [during Task.Delay]..
10:46:53.508795> WebSocket connected! Start @depth [Future] process...
10:48:28.941267> WebSocket [ConnectToDepthStream()] [future] error: Unable to read data from the transport connection: An existing connection was forcibly closed by the remote host.
10:48:33.991554> BinanceFuture - Vxxv1AWf[USD_M] Reconect to WebSocket #
10:48:33.998555> WebSocket [ConnectToDepthStream()] [Closed] [future] and reconnect again [during Task.Delay]..
10:48:35.321630> WebSocket connected! Start @depth [Future] process...
