10:51:49.187496> WebSocket connected! Start @depth [Future] process...
10:51:49.189513> WebSocket connected! Start @bookTicker [Future] process...
10:51:49.189513> WebSocket connected! Start Partial @depth20 [Future] process...
10:51:49.206494> WebSocket connected! Start [SPOT] @depth@100ms process...
10:51:49.207494> Lenta has started...Start SubscribeToTradeStream @trade [{accType}] process...
10:51:49.220498> WebSocket connected! Start Partial @depth20 [SPOT] process...
10:51:49.221494> Lenta has started...Start SubscribeToAggTradeStream @aggTrade [future] process...
10:51:49.225494> WebSocket connected! Start @bookTicker ...
10:51:49.248551> Lenta has started...Start SubscribeToTradeStream @trade [{accType}] process...
10:51:49.256496> WebSocket connected! Start @bookTicker ...
10:51:49.257497> WebSocket connected! Start Partial @depth20 [SPOT] process...
10:51:49.282498> WebSocket connected! Start [SPOT] @depth@100ms process...
10:51:49.303500> Binance - Vxxv1AWf[SPOT] SPOT Balance: 0.00000000 USDT
10:51:49.516517> WebSocket connected! Start @bookTicker [Future] process...
10:51:49.724533> WebSocket connected! Start @depth [Future] process...
10:51:49.736527> WebSocket connected! Start Partial @depth20 [Future] process...
10:51:49.746528> Lenta has started...Start SubscribeToAggTradeStream @aggTrade [future] process...
10:51:50.312566> BinanceFuture - Vxxv1AWf[USD_M] USD_M Balance: 0.00271518 USDT
10:59:38.280929> BinanceFuture - Vxxv1AWf[USD_M] Reconect SubscribeBookTickerStream WebSocket #
10:59:38.324950> WebSocket [SubscribeBookTickerStream()] [Closed] [future] and reconnect again [during Task.Delay]..
10:59:48.349505> WebSocket connected! Start @bookTicker [Future] process...
11:01:13.223373> WebSocket [SubscribeBookTickerStream()] [future] error: Unable to read data from the transport connection: An existing connection was forcibly closed by the remote host.
11:01:18.261660> BinanceFuture - Vxxv1AWf[USD_M] Reconect SubscribeBookTickerStream WebSocket #
11:01:19.925759> WebSocket [SubscribeBookTickerStream()] [Closed] [future] and reconnect again [during Task.Delay]..
11:01:26.461132> WebSocket connected! Start @bookTicker [Future] process...
11:02:23.175382> BinanceFuture - Vxxv1AWf[USD_M] Reconect SubscribeBookTickerStream WebSocket #
11:02:23.175382> WebSocket [SubscribeBookTickerStream()] [Closed] [future] and reconnect again [during Task.Delay]..
11:02:24.407454> WebSocket connected! Start @bookTicker [Future] process...
