18:06:23.815372> WebSocket connected! Start Partial @depth20 [SPOT] process...
18:06:23.815372> WebSocket connected! Start @depth [Future] process...
18:06:23.826369> Lenta has started...Start SubscribeToAggTradeStream @aggTrade [future] process...
18:06:23.870373> WebSocket connected! Start Partial @depth20 [Future] process...
18:06:23.914375> Binance - Vxxv1AWf[SPOT] SPOT Balance: 0.00000000 USDT
18:06:24.097387> WebSocket connected! Start Partial @depth20 [SPOT] process...
18:06:24.688629> WebSocket connected! Start Partial @depth20 [Future] process...
18:06:24.698637> Lenta has started...Start SubscribeToAggTradeStream @aggTrade [future] process...
18:06:24.705633> WebSocket connected! Start @depth [Future] process...
18:06:25.230646> BinanceFuture - Vxxv1AWf[USD_M] USD_M Balance: 0.00928352 USDT
19:31:18.357044>  DevBUY (+): 66.97937500 avgGapBuy:64.50062500 
19:31:34.980305>  DevBUY (+): 98.93937500 avgGapBuy:64.50062500 
19:31:47.792023>  DevBUY (+): 100.43937500 avgGapBuy:64.50062500 
19:31:48.013033>  DevBUY (-): 91.22937500 avgGapBuy:64.50062500 
22:21:06.867559> WebSocket [ConnectToDepthStream()] [future] error: Unable to read data from the transport connection: An existing connection was forcibly closed by the remote host.
22:22:45.947365> BinanceFuture - Vxxv1AWf[USD_M] Reconect ConnectToDepthStream() to WebSocket #
22:22:45.948366> WebSocket [ConnectToDepthStream()] [Closed] [future] and reconnect again [during Task.Delay]..
22:22:47.690464> WebSocket connected! Start @depth [Future] process...
22:52:59.497786> WebSocket [ConnectToDepthStream()] [future] error: Unable to write data to the transport connection: An established connection was aborted by the software in your host machine.
22:53:04.508750> BinanceFuture - Vxxv1AWf[USD_M] Reconect ConnectToDepthStream() to WebSocket #
22:53:04.510749> WebSocket [ConnectToDepthStream()] [Closed] [future] and reconnect again [during Task.Delay]..
22:53:05.709816> WebSocket connected! Start @depth [Future] process...
22:55:47.759923> WebSocket [ConnectToDepthStream()] [future] error: Unable to read data from the transport connection: An existing connection was forcibly closed by the remote host.
