21:24:54.814820> Binance - Vxxv1AWf[SPOT] SPOT Balance: 0.00000000 USDT
21:24:55.583862> WebSocket connected! Start @bookTicker [Future] process...
21:24:55.591865> WebSocket connected! Start @bookTicker ...
21:24:55.594865> Lenta has started...Start SubscribeToTradeStream @trade [{accType}] process...
21:24:55.607865> WebSocket connected! Start @depth [Future] process...
21:24:55.609868> WebSocket connected! Start [SPOT] @depth@100ms process...
21:24:55.622871> WebSocket connected! Start Partial @depth20 [Future] process...
21:24:55.623868> Lenta has started...Start SubscribeToTradeStream @trade [{accType}] process...
21:24:55.632868> WebSocket connected! Start @bookTicker ...
21:24:55.634868> WebSocket connected! Start [SPOT] @depth@100ms process...
21:24:55.637868> Lenta has started...Start SubscribeToAggTradeStream @aggTrade [future] process...
21:24:55.639868> WebSocket connected! Start Partial @depth20 [SPOT] process...
21:24:55.652868> WebSocket connected! Start Partial @depth20 [SPOT] process...
21:24:55.722880> WebSocket connected! Start Partial @depth20 [Future] process...
21:24:55.843882> Lenta has started...Start SubscribeToAggTradeStream @aggTrade [future] process...
21:24:55.859878> WebSocket connected! Start @bookTicker [Future] process...
21:24:55.897882> WebSocket connected! Start @depth [Future] process...
21:24:55.909883> BinanceFuture - Vxxv1AWf[USD_M] USD_M Balance: 0.59335425 USDT
21:25:10.609875> Exec time: 36421501
21:25:10.641879> Exec time: 36503073
21:25:10.655878> Exec time: 435
21:25:10.656880> Exec time: 10
21:25:10.659878> Exec time: 10
21:25:10.660878> Exec time: 10
21:25:10.669879> Exec time: 12
21:25:10.670878> Exec time: 13
21:25:10.683879> Exec time: 15
21:25:10.684879> Exec time: 9
21:25:10.687880> Exec time: 10
21:25:10.688879> Exec time: 10
21:25:10.691880> Exec time: 9
21:25:10.692880> Exec time: 9
21:25:10.696881> Exec time: 14
21:25:10.697881> Exec time: 10
21:25:10.704880> Exec time: 13
21:25:10.705880> Exec time: 10
21:25:10.708881> Exec time: 10
21:25:10.709881> Exec time: 9
21:25:10.713882> Exec time: 17
21:25:10.714881> Exec time: 13
21:25:10.719882> Exec time: 28
21:25:10.720881> Exec time: 9
21:25:10.731883> Exec time: 24
21:25:10.737883> Exec time: 20
21:25:10.738884> Exec time: 12
21:25:10.742882> Exec time: 17
21:25:10.743883> Exec time: 11
21:25:10.746883> Exec time: 14
21:25:10.748885> Exec time: 14
21:25:10.754884> Exec time: 14
21:25:10.755884> Exec time: 10
21:25:10.759884> Exec time: 13
21:25:10.760885> Exec time: 10
21:25:10.763885> Exec time: 12
21:25:10.764887> Exec time: 10
21:25:10.768886> Exec time: 12
21:25:10.771887> Exec time: 13
21:25:10.778883> Exec time: 15
21:25:10.781885> Exec time: 11
21:25:10.785884> Exec time: 16
21:25:10.786887> Exec time: 10
21:25:10.789886> Exec time: 20
21:25:10.790886> Exec time: 9
21:25:10.793888> Exec time: 11
21:25:10.794886> Exec time: 10
21:25:10.800886> Exec time: 12
21:25:10.801887> Exec time: 9
21:25:10.804885> Exec time: 10
21:25:10.805887> Exec time: 10
21:25:10.808887> Exec time: 11
21:25:10.809887> Exec time: 10
21:25:10.812887> Exec time: 9
21:25:10.813887> Exec time: 11
21:25:10.819888> Exec time: 14
21:25:10.820887> Exec time: 9
21:25:10.823888> Exec time: 11
21:25:10.824887> Exec time: 9
21:25:10.827887> Exec time: 9
21:25:10.831888> Exec time: 20
21:25:10.835889> Exec time: 11
21:25:10.836888> Exec time: 10
21:25:10.842889> Exec time: 12
21:25:10.843890> Exec time: 10
21:25:10.847888> Exec time: 13
21:25:10.848889> Exec time: 9
21:25:10.851890> Exec time: 17
21:25:10.852889> Exec time: 9
21:25:10.853892> Exec time: 12
21:25:10.853892> Exec time: 12
21:25:10.857888> Exec time: 10
21:25:10.857888> Exec time: 10
21:25:10.857888> Exec time: 9
21:25:10.858889> Exec time: 9
21:25:10.859891> Exec time: 10
21:25:10.865892> Exec time: 15
21:25:10.866890> Exec time: 9
21:25:10.867890> Exec time: 11
21:25:10.871891> Exec time: 13
21:25:10.871891> Exec time: 13
21:25:10.872892> Exec time: 10
21:25:10.875891> Exec time: 12
21:25:10.876890> Exec time: 10
21:25:10.877893> Exec time: 9
21:25:10.877893> Exec time: 9
21:25:10.878890> Exec time: 9
21:25:10.881892> Exec time: 14
21:25:10.882892> Exec time: 14
21:25:10.882892> Exec time: 13
21:25:10.887891> Exec time: 17
21:25:10.887891> Exec time: 9
21:25:10.888893> Exec time: 10
21:25:10.892893> Exec time: 14
21:25:10.892893> Exec time: 11
21:25:10.893892> Exec time: 10
21:25:10.894892> Exec time: 10
21:25:10.894892> Exec time: 14
21:25:10.894892> Exec time: 10
21:25:10.895893> Exec time: 10
21:25:10.895893> Exec time: 9
21:25:10.900892> Exec time: 29
21:25:10.902907> Exec time: 30
21:25:10.903906> Exec time: 47
21:25:10.904895> Exec time: 21
21:25:10.905899> Exec time: 32
21:25:10.908910> Exec time: 52
21:25:10.915892> Exec time: 19
21:25:10.916894> Exec time: 9
21:25:10.916894> Exec time: 10
21:25:10.925897> Exec time: 17
21:25:10.926905> Exec time: 23
21:25:10.928906> Exec time: 15
21:25:10.934903> Exec time: 27
21:25:10.938903> Exec time: 40
21:25:10.939913> Exec time: 44
21:25:10.940902> Exec time: 27
21:25:10.947909> Exec time: 101
21:25:10.948901> Exec time: 24
21:25:10.949906> Exec time: 26
21:25:10.962905> Exec time: 30
21:25:10.963899> Exec time: 16
21:25:10.972901> Exec time: 42
21:25:10.974897> Exec time: 22
21:25:10.977915> Exec time: 30
21:25:10.985896> Exec time: 14
21:25:10.985896> Exec time: 9
21:25:10.990900> Exec time: 17
21:25:10.990900> Exec time: 13
21:25:10.994897> Exec time: 12
21:25:10.995898> Exec time: 10
21:25:10.999899> Exec time: 20
21:25:11.000899> Exec time: 15
21:25:11.008898> Exec time: 16
21:25:11.009898> Exec time: 11
21:25:11.012898> Exec time: 15
21:25:11.013899> Exec time: 14
21:25:11.017899> Exec time: 14
21:25:11.513926> Exec time: 19
21:25:11.533929> Exec time: 20
21:25:11.539927> Exec time: 12
21:25:11.543928> Exec time: 10
21:25:11.544928> Exec time: 8
21:25:11.544928> Exec time: 7
21:25:11.544928> Exec time: 7
21:25:11.544928> Exec time: 9
21:25:11.545928> Exec time: 10
21:25:11.545928> Exec time: 9
21:25:11.545928> Exec time: 9
21:25:11.546928> Exec time: 8
21:25:11.546928> Exec time: 16
21:25:11.546928> Exec time: 9
21:25:11.547929> Exec time: 10
21:25:11.547929> Exec time: 10
21:25:11.547929> Exec time: 9
21:25:11.547929> Exec time: 8
21:25:11.548929> Exec time: 9
21:25:11.548929> Exec time: 9
21:25:11.548929> Exec time: 8
21:25:11.548929> Exec time: 9
21:25:11.549929> Exec time: 27
21:25:11.549929> Exec time: 12
21:25:11.554929> Exec time: 13
21:25:11.554929> Exec time: 10
21:25:11.554929> Exec time: 9
21:25:11.555929> Exec time: 9
21:25:11.555929> Exec time: 9
21:25:11.556937> Exec time: 32
21:25:11.557947> Exec time: 10
21:25:11.557947> Exec time: 9
21:25:11.558930> Exec time: 9
21:25:11.558930> Exec time: 35
21:25:11.559934> Exec time: 22
21:25:11.560930> Exec time: 9
21:25:11.560930> Exec time: 9
21:25:11.560930> Exec time: 10
21:25:11.561929> Exec time: 9
21:25:11.561929> Exec time: 8
21:25:11.561929> Exec time: 10
21:25:11.562930> Exec time: 9
21:25:11.562930> Exec time: 8
21:25:11.563930> Exec time: 11
21:25:11.563930> Exec time: 9
21:25:11.564930> Exec time: 10
21:25:11.564930> Exec time: 10
21:25:11.565930> Exec time: 10
21:25:11.565930> Exec time: 8
21:25:11.565930> Exec time: 10
21:25:11.566930> Exec time: 10
21:25:11.566930> Exec time: 14
21:25:11.566930> Exec time: 10
21:25:11.567929> Exec time: 9
21:25:11.567929> Exec time: 9
21:25:11.567929> Exec time: 9
21:25:11.568930> Exec time: 9
21:25:11.568930> Exec time: 9
21:25:11.568930> Exec time: 9
21:25:11.569931> Exec time: 8
21:25:11.569931> Exec time: 9
21:25:11.569931> Exec time: 8
21:25:11.570931> Exec time: 10
21:25:11.570931> Exec time: 18
21:25:11.571930> Exec time: 11
21:25:11.571930> Exec time: 12
21:25:11.576930> Exec time: 13
21:25:11.577930> Exec time: 10
21:25:11.577930> Exec time: 8
21:25:11.577930> Exec time: 7
21:25:11.577930> Exec time: 7
21:25:11.578931> Exec time: 9
21:25:11.578931> Exec time: 8
21:25:11.582930> Exec time: 14
21:25:11.582930> Exec time: 10
21:25:11.582930> Exec time: 8
21:25:11.589931> Exec time: 14
21:25:11.589931> Exec time: 9
21:25:11.593930> Exec time: 10
21:25:11.593930> Exec time: 9
21:25:11.597931> Exec time: 9
21:25:11.663936> Exec time: 16
21:25:11.676937> Exec time: 16
21:25:11.683936> Exec time: 14
21:25:11.771942> Exec time: 22
21:25:11.797942> Exec time: 2403
21:25:12.292971> Exec time: 19
21:25:12.299981> Exec time: 28
21:25:12.569985> Exec time: 24
21:25:12.570988> Exec time: 11
21:25:12.570988> Exec time: 21
21:25:12.571987> Exec time: 94
21:25:12.571987> Exec time: 10
21:25:12.571987> Exec time: 8
21:25:12.576986> Exec time: 32
21:25:12.577987> Exec time: 11
21:25:12.578986> Exec time: 10
21:25:12.583987> Exec time: 19
21:25:12.584987> Exec time: 11
21:25:12.584987> Exec time: 8
21:25:12.584987> Exec time: 7
21:25:12.584987> Exec time: 7
21:25:12.585988> Exec time: 8
21:25:12.590988> Exec time: 19
21:25:12.591988> Exec time: 14
21:25:12.591988> Exec time: 11
21:25:12.591988> Exec time: 10
21:25:12.592990> Exec time: 11
21:25:12.592990> Exec time: 8
21:25:12.592990> Exec time: 11
21:25:12.593990> Exec time: 10
21:25:12.597990> Exec time: 20
21:25:12.604995> Exec time: 23
21:25:12.604995> Exec time: 10
21:25:12.605988> Exec time: 9
21:25:12.605988> Exec time: 9
21:25:12.605988> Exec time: 8
21:25:12.606988> Exec time: 18
21:25:12.614992> Exec time: 25
21:25:12.619992> Exec time: 25
21:25:12.732998> Exec time: 22
21:25:12.762998> Exec time: 16
21:25:12.883006> Exec time: 19
21:25:12.897008> Exec time: 23
21:25:13.126020> Exec time: 29
21:25:13.128022> Exec time: 19
21:25:13.244027> Exec time: 19
21:25:13.259029> Exec time: 28
21:25:13.286030> Exec time: 23
21:25:13.294029> Exec time: 15
21:25:13.309032> Exec time: 20
21:25:13.311032> Exec time: 18
21:25:13.364041> Exec time: 27
21:25:13.365045> Exec time: 41
21:25:13.366044> Exec time: 24
21:25:13.367038> Exec time: 11
21:25:13.367038> Exec time: 25
21:25:13.368035> Exec time: 15
21:25:13.368035> Exec time: 15
21:25:13.369032> Exec time: 21
21:25:13.369032> Exec time: 17
21:25:13.369032> Exec time: 9
21:25:13.370047> Exec time: 16
21:25:13.370047> Exec time: 28
21:25:13.391034> Exec time: 55
21:25:13.392034> Exec time: 11
21:25:13.393034> Exec time: 13
21:25:13.387035> Exec time: 19
21:25:13.406034> Exec time: 19
21:25:13.406034> Exec time: 11
21:25:13.407036> Exec time: 10
21:25:13.407036> Exec time: 16
21:25:13.407036> Exec time: 13
21:25:13.441038> Exec time: 20
21:25:13.449038> Exec time: 20
21:25:13.450040> Exec time: 12
21:25:13.450040> Exec time: 9
21:25:13.450040> Exec time: 10
21:25:13.451038> Exec time: 11
21:25:13.451038> Exec time: 10
21:25:13.451038> Exec time: 10
21:25:13.452037> Exec time: 10
21:25:13.452037> Exec time: 11
21:25:13.453039> Exec time: 11
21:25:13.589045> Exec time: 18
21:25:13.589045> Exec time: 11
21:25:13.592047> Exec time: 15
21:25:13.606046> Exec time: 16
21:25:13.620052> Exec time: 19
21:25:13.620052> Exec time: 11
21:25:13.622056> Exec time: 11
21:25:13.622056> Exec time: 10
21:25:13.623048> Exec time: 11
21:25:13.623048> Exec time: 10
21:25:13.633050> Exec time: 21
21:25:13.633050> Exec time: 12
21:25:13.634049> Exec time: 13
21:25:13.634049> Exec time: 10
21:25:13.635047> Exec time: 12
21:25:13.636048> Exec time: 11
21:25:13.636048> Exec time: 11
21:25:13.637049> Exec time: 10
21:25:13.647079> Exec time: 25
21:25:13.648051> Exec time: 16
21:25:13.757055> Exec time: 16
21:25:13.766057> Exec time: 17
21:25:13.945080> Exec time: 19
21:25:13.946097> Exec time: 13
21:25:14.082083> Exec time: 69
21:25:14.096081> Exec time: 66
21:25:14.282085> Exec time: 21
21:25:14.295089> Exec time: 21
21:25:14.513098> Exec time: 23
21:25:14.535100> Exec time: 14
21:25:14.587103> Exec time: 18
21:25:14.593102> Exec time: 13
21:25:14.607103> Exec time: 13
21:25:14.608103> Exec time: 9
21:25:14.609104> Exec time: 9
21:25:14.609104> Exec time: 10
21:25:14.609104> Exec time: 8
21:25:14.610106> Exec time: 10
21:25:14.610106> Exec time: 9
21:25:14.610106> Exec time: 9
21:25:14.710110> Exec time: 21
21:25:14.719111> Exec time: 16
21:25:15.120137> Exec time: 26
21:25:15.129135> Exec time: 28
21:25:15.269142> Exec time: 25
21:25:15.270173> Exec time: 18
21:25:15.511157> Exec time: 19
21:25:15.724167> Exec time: 30
21:25:15.754171> Exec time: 22
21:25:15.755170> Exec time: 10
21:25:15.976183> Exec time: 21
21:25:15.984183> Exec time: 12
21:25:16.017184> Exec time: 12
21:25:16.021185> Exec time: 10
21:25:16.023184> Exec time: 10
21:25:16.023184> Exec time: 9
21:25:16.023184> Exec time: 10
21:25:16.023184> Exec time: 8
21:25:16.024186> Exec time: 8
21:25:16.024186> Exec time: 8
21:25:16.029191> Exec time: 14
21:25:16.029191> Exec time: 11
21:25:16.041188> Exec time: 18
21:25:16.041188> Exec time: 10
21:25:16.041188> Exec time: 14
21:25:16.042186> Exec time: 8
21:25:16.042186> Exec time: 7
21:25:16.042186> Exec time: 7
21:25:16.042186> Exec time: 7
21:25:16.042186> Exec time: 7
21:25:16.043187> Exec time: 7
21:25:16.043187> Exec time: 7
21:25:16.043187> Exec time: 7
21:25:16.043187> Exec time: 7
21:25:16.043187> Exec time: 8
21:25:16.044191> Exec time: 7
21:25:16.044191> Exec time: 8
21:25:16.044191> Exec time: 7
21:25:16.044191> Exec time: 8
21:25:16.045189> Exec time: 10
21:25:16.045189> Exec time: 8
21:25:16.045189> Exec time: 6
21:25:16.045189> Exec time: 7
21:25:16.045189> Exec time: 7
21:25:16.046187> Exec time: 7
21:25:16.046187> Exec time: 7
21:25:16.046187> Exec time: 9
21:25:16.046187> Exec time: 8
21:25:16.047192> Exec time: 8
21:25:16.047192> Exec time: 7
21:25:16.047192> Exec time: 7
21:25:16.047192> Exec time: 10
21:25:16.048187> Exec time: 8
21:25:16.048187> Exec time: 9
21:25:16.048187> Exec time: 8
21:25:16.048187> Exec time: 8
21:25:16.049187> Exec time: 9
21:25:16.049187> Exec time: 8
21:25:16.168195> Exec time: 25
21:25:16.169196> Exec time: 12
21:25:16.377205> Exec time: 31
21:25:16.385206> Exec time: 14
21:25:16.395210> Exec time: 13
21:25:16.468210> Exec time: 21
21:25:16.499211> Exec time: 23
21:25:16.512211> Exec time: 19
21:25:16.831231> Exec time: 23
21:25:16.835234> Exec time: 19
21:25:17.226264> Exec time: 20
21:25:17.240253> Exec time: 23
21:25:17.895292> BinanceFuture - Vxxv1AWf[USD_M] Reconect to WebSocket #
21:25:17.897293> WebSocket [SubscribeBookTickerStream()] [Closed] [future] and reconnect again [during Task.Delay]..
21:25:18.170322> Exec time: 70
21:25:18.184319> Exec time: 61
21:25:18.291316> Exec time: 21
21:25:18.308316> Exec time: 19
21:25:18.511327> Exec time: 41
21:25:18.523327> Exec time: 13
21:25:19.115395> WebSocket connected! Start @depth [Future] process...
21:25:19.260372> Exec time: 21
21:25:19.272373> Exec time: 16
21:25:19.768404> Exec time: 25
21:25:19.780403> Exec time: 28
21:25:19.811403> Exec time: 18
21:25:19.812402> Exec time: 12
21:25:19.812402> Exec time: 12
21:25:19.812402> Exec time: 9
21:25:19.813403> Exec time: 10
21:25:19.813403> Exec time: 8
21:25:19.825403> Exec time: 27
21:25:19.825403> Exec time: 16
21:25:19.826406> Exec time: 12
21:25:19.826406> Exec time: 8
21:25:19.826406> Exec time: 10
21:25:19.826406> Exec time: 8
21:25:19.978415> Exec time: 26
21:25:19.993413> Exec time: 17
21:25:20.186426> Exec time: 25
21:25:20.191427> Exec time: 23
21:25:20.244427> Exec time: 24
21:25:20.262435> Exec time: 18
21:25:20.449439> Exec time: 26
21:25:20.454441> Exec time: 21
21:25:21.052475> Exec time: 36
21:25:21.065475> Exec time: 17
21:25:21.242484> Exec time: 19
21:25:21.254486> Exec time: 18
21:25:21.254486> Exec time: 11
21:25:21.305487> Exec time: 18
21:25:21.305487> Exec time: 11
21:25:21.312489> Exec time: 17
21:25:21.518510> Exec time: 106
21:25:21.521510> Exec time: 17
21:25:21.569505> Exec time: 19
21:25:21.570504> Exec time: 11
21:25:21.579504> Exec time: 19
21:25:21.579504> Exec time: 10
21:25:21.580504> Exec time: 10
21:25:21.580504> Exec time: 9
21:25:21.581506> Exec time: 10
21:25:21.581506> Exec time: 12
21:25:21.582505> Exec time: 10
21:25:21.582505> Exec time: 13
21:25:21.621507> Exec time: 17
21:25:21.622507> Exec time: 20
21:25:21.849519> Exec time: 19
21:25:21.849519> Exec time: 16
21:25:21.851520> Exec time: 11
21:25:21.851520> Exec time: 12
21:25:22.038531> Exec time: 17
21:25:22.039534> Exec time: 14
21:25:22.175538> Exec time: 20
21:25:22.184538> Exec time: 12
21:25:22.216541> Exec time: 21
21:25:22.242546> Exec time: 23
21:25:22.354548> Exec time: 19
21:25:22.355560> Exec time: 30
21:25:22.356561> Exec time: 34
21:25:22.357556> Exec time: 11
21:25:22.357556> Exec time: 9
21:25:22.357556> Exec time: 9
21:25:22.358562> Exec time: 50
21:25:22.359560> Exec time: 29
21:25:22.359560> Exec time: 19
21:25:22.360550> Exec time: 10
21:25:22.360550> Exec time: 9
21:25:22.360550> Exec time: 11
21:25:22.372550> Exec time: 18
21:25:22.372550> Exec time: 10
21:25:22.565562> Exec time: 22
21:25:22.565562> Exec time: 12
21:25:22.576563> Exec time: 42
21:25:22.576563> Exec time: 13
21:25:23.073592> Exec time: 163
21:25:23.087598> Exec time: 45
21:25:23.286603> Exec time: 21
21:25:23.555624> Exec time: 43
21:25:23.558617> Exec time: 46
21:25:23.606630> Exec time: 26
21:25:23.915640> Exec time: 25
21:25:23.916640> Exec time: 13
21:25:23.950639> Exec time: 24
21:25:23.958642> Exec time: 25
21:25:24.322660> Exec time: 22
21:25:24.336664> Exec time: 25
21:25:24.561678> Exec time: 57
21:25:24.576674> Exec time: 28
21:25:24.711683> Exec time: 22
21:25:24.725686> Exec time: 31
21:25:25.763744> Exec time: 1
21:25:25.763744> Exec time: 0
21:25:25.763744> Exec time: 0
21:25:25.763744> Exec time: 0
21:25:25.763744> Exec time: 0
21:25:25.763744> Exec time: 0
21:25:25.763744> Exec time: 0
21:25:25.763744> Exec time: 0
21:25:25.763744> Exec time: 0
21:25:25.763744> Exec time: 0
21:25:25.763744> Exec time: 0
21:25:25.763744> Exec time: 0
21:25:25.763744> Exec time: 0
21:25:25.769745> Exec time: 18
21:25:25.774743> Exec time: 16
21:25:25.779744> Exec time: 15
21:25:25.844750> Exec time: 19
21:25:25.884751> Exec time: 21
21:25:25.885751> Exec time: 11
21:25:25.885751> Exec time: 10
21:25:25.885751> Exec time: 8
21:25:25.886754> Exec time: 12
21:25:25.886754> Exec time: 10
21:25:25.886754> Exec time: 9
21:25:25.918753> Exec time: 23
21:25:25.931755> Exec time: 25
21:25:26.068760> Exec time: 19
21:25:26.089763> Exec time: 46
21:25:26.232774> Exec time: 67
21:25:26.246773> Exec time: 22
21:25:26.509787> Exec time: 16
21:25:26.524787> Exec time: 15
21:25:27.330844> Exec time: 53
21:25:27.410837> Exec time: 21
21:25:27.669852> Exec time: 30
21:25:27.716855> Exec time: 21
21:25:27.794861> Exec time: 17
21:25:27.801862> Exec time: 35
21:25:27.809862> Exec time: 16
21:25:27.916868> Exec time: 28
21:25:28.072874> Exec time: 2376
21:25:28.084875> Exec time: 13
21:25:28.259887> Exec time: 2373
21:25:28.260887> Exec time: 2390
21:25:28.703915> Exec time: 18
21:25:28.703915> Exec time: 10
21:25:29.089934> Exec time: 21
21:25:29.099936> Exec time: 19
21:25:29.323953> Exec time: 21
21:25:29.413952> Exec time: 22
21:25:29.605962> Exec time: 68
21:25:29.614963> Exec time: 23
21:25:29.707972> Exec time: 36
21:25:29.724973> Exec time: 13
21:25:29.872980> Exec time: 20
21:25:29.873980> Exec time: 15
21:25:30.362006> Exec time: 26
21:25:30.370008> Exec time: 12
21:25:30.492015> Exec time: 20
21:25:30.506016> Exec time: 20
21:25:30.641027> Exec time: 34
21:25:30.896042> Exec time: 51
21:25:30.906045> Exec time: 44
21:25:30.908047> Exec time: 12
21:25:30.951042> Exec time: 51
21:25:30.953044> Exec time: 53
21:25:31.038046> Exec time: 22
21:25:31.049046> Exec time: 25
21:25:31.311063> Exec time: 19
21:25:31.325063> Exec time: 18
21:25:31.625082> Exec time: 18
21:25:31.628079> Exec time: 14
21:25:32.342128> Exec time: 27
21:25:32.356121> Exec time: 19
21:25:32.945341> Exec time: 64
21:25:32.958339> Exec time: 20
21:25:33.347355> Exec time: 25
21:25:33.360359> Exec time: 21
21:25:34.236888> Exec time: 72
21:25:34.246834> Exec time: 25
21:25:34.383864> Exec time: 50
21:25:34.395844> Exec time: 20
21:25:34.662857> Exec time: 20
21:25:34.673864> Exec time: 21
21:25:34.976858> Exec time: 31
21:25:34.989877> Exec time: 66
21:25:35.484496> Exec time: 21
21:25:35.498183> Exec time: 0
21:25:35.693509> Exec time: 19
21:25:35.700510> Exec time: 20
21:25:35.771529> Exec time: 22
21:25:35.786570> Exec time: 19
21:25:35.853519> Exec time: 21
21:25:35.866530> Exec time: 26
21:25:35.913532> Exec time: 22
21:25:35.927523> Exec time: 20
21:25:36.063532> Exec time: 24
21:25:36.078534> Exec time: 28
21:25:36.603564> Exec time: 27
21:25:36.623563> Exec time: 33
21:25:36.668566> Exec time: 20
21:25:36.681566> Exec time: 19
21:25:36.819574> Exec time: 20
21:25:36.832575> Exec time: 22
21:25:37.103595> Exec time: 73
21:25:37.117591> Exec time: 22
21:25:38.180074> Exec time: 48
21:25:38.192634> Exec time: 86
21:25:38.353625> Exec time: 43
21:25:38.369627> Exec time: 47
21:25:38.530634> Exec time: 24
21:25:38.532635> Exec time: 18
21:25:39.005390> Exec time: 19
21:25:39.020398> Exec time: 22
21:25:39.080381> Exec time: 31
21:25:39.081381> Exec time: 10
21:25:39.081381> Exec time: 8
21:25:39.081381> Exec time: 7
21:25:39.081381> Exec time: 13
21:25:39.082382> Exec time: 9
21:25:39.082382> Exec time: 16
21:25:39.083383> Exec time: 14
21:25:39.083383> Exec time: 15
21:25:39.084383> Exec time: 15
21:25:39.084383> Exec time: 13
21:25:39.095382> Exec time: 17
21:25:39.095382> Exec time: 10
21:25:39.096382> Exec time: 10
21:25:39.096382> Exec time: 11
21:25:39.097382> Exec time: 10
21:25:39.097382> Exec time: 11
21:25:39.097382> Exec time: 10
21:25:39.098382> Exec time: 14
21:25:39.098382> Exec time: 11
21:25:39.099381> Exec time: 10
21:25:39.099381> Exec time: 14
21:25:39.101382> Exec time: 13
21:25:39.101382> Exec time: 10
21:25:39.101382> Exec time: 10
21:25:39.102382> Exec time: 10
21:25:39.102382> Exec time: 10
21:25:39.102382> Exec time: 9
21:25:39.103384> Exec time: 38
21:25:39.103384> Exec time: 8
21:25:39.103384> Exec time: 7
21:25:39.107383> Exec time: 11
21:25:39.107383> Exec time: 11
21:25:39.108385> Exec time: 10
21:25:39.108385> Exec time: 10
21:25:39.109382> Exec time: 14
21:25:39.109382> Exec time: 11
21:25:39.110383> Exec time: 10
21:25:39.110383> Exec time: 10
21:25:39.111383> Exec time: 10
21:25:39.139384> Exec time: 18
21:25:39.153385> Exec time: 19
21:25:39.234388> Exec time: 19
21:25:39.248399> Exec time: 16
21:25:39.365401> Exec time: 25
21:25:39.366399> Exec time: 12
21:25:39.460406> Exec time: 18
21:25:39.474411> Exec time: 19
21:25:39.611488> Exec time: 21
21:25:39.627414> Exec time: 18
21:25:40.239448> Exec time: 22
21:25:40.251460> Exec time: 18
21:25:40.361456> Exec time: 21
21:25:40.375457> Exec time: 18
21:25:40.517464> Exec time: 35
21:25:40.522480> Exec time: 21
21:25:40.658472> Exec time: 16
21:25:40.678471> Exec time: 21
21:25:41.010152> Exec time: 21
21:25:41.011155> Exec time: 12
21:25:41.017155> Exec time: 26
21:25:41.018153> Exec time: 14
21:25:41.018153> Exec time: 10
21:25:41.026153> Exec time: 23
21:25:41.027155> Exec time: 13
21:25:41.030155> Exec time: 26
21:25:41.031155> Exec time: 21
21:25:41.032155> Exec time: 15
21:25:41.039156> Exec time: 21
21:25:41.053156> Exec time: 27
21:25:41.053156> Exec time: 11
21:25:41.053156> Exec time: 12
21:25:41.054157> Exec time: 9
21:25:41.054157> Exec time: 11
21:25:41.054157> Exec time: 9
21:25:41.061155> Exec time: 19
21:25:41.061155> Exec time: 11
21:25:41.061155> Exec time: 8
21:25:41.062156> Exec time: 8
21:25:41.066169> Exec time: 18
21:25:41.067157> Exec time: 20
21:25:41.067157> Exec time: 12
21:25:41.067157> Exec time: 9
21:25:41.068156> Exec time: 15
21:25:41.082157> Exec time: 25
21:25:41.082157> Exec time: 11
21:25:41.083157> Exec time: 11
21:25:41.083157> Exec time: 10
21:25:41.093156> Exec time: 21
21:25:41.093156> Exec time: 10
21:25:41.094158> Exec time: 9
21:25:41.094158> Exec time: 10
21:25:41.094158> Exec time: 9
21:25:41.095157> Exec time: 10
21:25:41.095157> Exec time: 8
21:25:41.095157> Exec time: 7
21:25:41.095157> Exec time: 7
21:25:41.095157> Exec time: 8
21:25:41.100157> Exec time: 14
21:25:41.106159> Exec time: 18
21:25:41.107158> Exec time: 11
21:25:41.107158> Exec time: 10
21:25:41.108158> Exec time: 9
21:25:41.108158> Exec time: 9
21:25:41.108158> Exec time: 9
21:25:41.108158> Exec time: 9
21:25:41.109158> Exec time: 9
21:25:41.109158> Exec time: 8
21:25:41.109158> Exec time: 9
21:25:41.117158> Exec time: 15
21:25:41.252298> Exec time: 52
21:25:41.266167> Exec time: 21
21:25:41.314174> Exec time: 20
21:25:41.328171> Exec time: 21
21:25:41.390177> Exec time: 30
21:25:41.404179> Exec time: 21
21:25:41.540188> Exec time: 24
21:25:41.554187> Exec time: 25
21:25:41.821209> Exec time: 22
21:25:41.835200> Exec time: 29
21:25:42.292233> Exec time: 22
21:25:42.312227> Exec time: 24
21:25:42.551254> Exec time: 22
21:25:42.565256> Exec time: 21
21:25:42.651248> Exec time: 20
21:25:42.651248> Exec time: 10
21:25:42.660255> Exec time: 22
21:25:42.661248> Exec time: 14
21:25:42.665248> Exec time: 16
21:25:42.665248> Exec time: 11
21:25:42.665248> Exec time: 16
21:25:42.671253> Exec time: 17
21:25:42.675249> Exec time: 16
21:25:42.679249> Exec time: 16
21:25:42.723254> Exec time: 19
21:25:42.724252> Exec time: 33
21:25:42.724252> Exec time: 10
21:25:42.725251> Exec time: 10
21:25:42.725251> Exec time: 10
21:25:42.733250> Exec time: 16
21:25:42.736252> Exec time: 14
21:25:42.736252> Exec time: 10
21:25:42.737252> Exec time: 10
21:25:42.737252> Exec time: 8
21:25:42.783265> Exec time: 29
21:25:42.797257> Exec time: 22
21:25:42.838258> Exec time: 18
21:25:42.839258> Exec time: 12
21:25:42.839258> Exec time: 12
21:25:42.840257> Exec time: 11
21:25:42.840257> Exec time: 15
21:25:42.843261> Exec time: 12
21:25:42.843261> Exec time: 15
21:25:42.844260> Exec time: 10
21:25:42.844260> Exec time: 11
21:25:42.844260> Exec time: 9
21:25:42.858271> Exec time: 25
21:25:42.872261> Exec time: 22
21:25:43.009269> Exec time: 21
21:25:43.037278> Exec time: 45
21:25:43.330059> Exec time: 27
21:25:43.344052> Exec time: 26
21:25:43.361053> Exec time: 17
21:25:43.375064> Exec time: 26
21:25:43.438066> Exec time: 26
21:25:43.452059> Exec time: 19
21:25:43.589064> Exec time: 24
21:25:43.602066> Exec time: 24
21:25:43.890091> Exec time: 23
21:25:43.903085> Exec time: 23
21:25:44.040094> Exec time: 28
21:25:44.057092> Exec time: 31
21:25:44.183118> Exec time: 30
21:25:44.196104> Exec time: 23
21:25:44.268104> Exec time: 22
21:25:44.282113> Exec time: 44
21:25:44.290113> Exec time: 22
21:25:44.304107> Exec time: 22
21:25:44.444120> Exec time: 29
21:25:44.453129> Exec time: 26
21:25:44.641126> Exec time: 24
21:25:44.659126> Exec time: 25
21:25:45.075392> Exec time: 20
21:25:45.089392> Exec time: 19
21:25:45.282407> Exec time: 48
21:25:45.306406> Exec time: 21
21:25:45.490432> Exec time: 24
21:25:45.512417> Exec time: 19
21:25:45.938198> Exec time: 47
21:25:45.952194> Exec time: 27
21:25:45.987197> Exec time: 22
21:25:46.001196> Exec time: 26
21:25:46.113203> Exec time: 24
21:25:46.133213> Exec time: 19
21:25:46.263212> Exec time: 20
21:25:46.277212> Exec time: 19
21:25:46.624254> Exec time: 114
21:25:46.634250> Exec time: 21
21:25:47.293818> Exec time: 23
21:25:47.307815> Exec time: 21
21:25:47.444824> Exec time: 23
21:25:47.467825> Exec time: 21
21:25:48.251557> Exec time: 42
21:25:48.265549> Exec time: 20
21:25:48.401556> Exec time: 23
21:25:48.415558> Exec time: 36
21:25:48.671571> Exec time: 17
21:25:48.682572> Exec time: 19
21:25:49.401884> Exec time: 19
21:25:49.416885> Exec time: 19
21:25:50.006223> Exec time: 21
21:25:50.019224> Exec time: 19
21:25:50.335296> Exec time: 24
21:25:50.349241> Exec time: 24
21:25:50.705272> Exec time: 83
21:25:50.718264> Exec time: 23
21:25:50.854284> Exec time: 23
21:25:50.868272> Exec time: 22
21:25:51.177302> Exec time: 119
21:25:51.191291> Exec time: 22
21:25:51.266303> Exec time: 94
21:25:51.287312> Exec time: 79
21:25:51.335314> Exec time: 42
21:25:51.349311> Exec time: 47
21:25:51.487309> Exec time: 21
21:25:51.512310> Exec time: 26
21:25:51.900331> Exec time: 26
21:25:51.915334> Exec time: 20
21:25:52.150351> Exec time: 20
21:25:52.168347> Exec time: 23
21:25:52.300365> Exec time: 22
21:25:52.314354> Exec time: 20
21:25:52.731206> Exec time: 19
21:25:52.762208> Exec time: 22
21:25:53.212067> Exec time: 44
21:25:53.225099> Exec time: 65
21:25:53.316072> Exec time: 27
21:25:53.330096> Exec time: 59
21:25:53.466080> Exec time: 20
21:25:53.485080> Exec time: 21
21:25:53.529097> Exec time: 22
21:25:53.542085> Exec time: 21
21:25:53.679099> Exec time: 21
21:25:53.693098> Exec time: 33
21:25:53.909105> Exec time: 19
21:25:53.917111> Exec time: 28
21:25:54.296590> Exec time: 26
21:25:54.309572> Exec time: 21
21:25:54.519582> Exec time: 20
21:25:54.531584> Exec time: 21
21:25:54.709611> Exec time: 44
21:25:54.724594> Exec time: 26
21:25:54.941612> Exec time: 21
21:25:54.955613> Exec time: 19
21:25:55.324030> Exec time: 47
21:25:55.342040> Exec time: 47
21:25:55.485045> Exec time: 62
21:25:55.498038> Exec time: 22
21:25:55.634046> Exec time: 20
21:25:55.649046> Exec time: 22
21:25:56.236078> Exec time: 23
21:25:56.251081> Exec time: 24
21:25:56.355086> Exec time: 29
21:25:56.369092> Exec time: 30
21:25:56.700110> Exec time: 63
21:25:56.713108> Exec time: 20
21:25:57.093128> Exec time: 20
21:25:57.177135> Exec time: 20
21:25:57.351143> Exec time: 30
21:25:57.427145> Exec time: 20
21:25:57.532153> Exec time: 20
21:25:57.545154> Exec time: 21
21:25:57.563158> Exec time: 18
21:25:57.799168> Exec time: 22
21:25:57.856170> Exec time: 16
21:25:57.873173> Exec time: 16
21:25:57.891175> Exec time: 22
21:25:57.905176> Exec time: 26
21:25:58.172192> Exec time: 2406
