16:55:41.637438> Binance - Vxxv1AWf[SPOT] SPOT Balance: 0.00000000 USDT
16:55:41.751445> Lenta has started...Start SubscribeToAggTradeStream @aggTrade [future] process...
16:55:41.752445> WebSocket connected! Start Partial @depth20 [SPOT] process...
16:55:41.888451> WebSocket connected! Start Partial @depth20 [Future] process...
16:55:42.627500> Lenta has started...Start SubscribeToTradeStream @trade [{accType}] process...
16:55:43.173526> WebSocket connected! Start Partial @depth20 [SPOT] process...
16:55:43.233528> WebSocket connected! Start [SPOT] @depth@100ms process...
16:55:43.419538> WebSocket connected! Start @bookTicker [Future] process...
16:55:43.431539> WebSocket connected! Start @depth [Future] process...
16:55:43.545547> WebSocket connected! Start [SPOT] @depth@100ms process...
16:55:43.984573> WebSocket connected! Start @bookTicker [Future] process...
16:55:44.063575> WebSocket connected! Start @bookTicker ...
16:55:44.314590> WebSocket connected! Start @bookTicker ...
16:55:44.627608> Lenta has started...Start SubscribeToAggTradeStream @aggTrade [future] process...
16:55:44.924625> Lenta has started...Start SubscribeToTradeStream @trade [{accType}] process...
16:55:47.492407> WebSocket connected! Start Partial @depth20 [Future] process...
16:55:53.961902> BinanceFuture - Vxxv1AWf[USD_M] USD_M Balance: 0.07599264 USDT
16:55:57.046407> WebSocket connected! Start @depth [Future] process...
16:56:58.222181> BinanceFuture - Vxxv1AWf[USD_M] Reconect to WebSocket #
16:56:58.223173> WebSocket [SubscribeBookTickerStream()] [Closed] [future] and reconnect again [during Task.Delay]..
16:57:07.156858> WebSocket connected! Start @depth [Future] process...
16:57:13.022539> BinanceFuture - Vxxv1AWf[USD_M] Reconect to WebSocket #
16:57:13.022539> WebSocket [SubscribeBookTickerStream()] [Closed] [future] and reconnect again [during Task.Delay]..
16:57:15.189711> WebSocket connected! Start @depth [Future] process...
16:57:42.601375> BinanceFuture - Vxxv1AWf[USD_M] Reconect to WebSocket #
16:57:42.602366> WebSocket [ConnectToDepthStream()] [Closed] [future] and reconnect again [during Task.Delay]..
16:57:55.041999> WebSocket connected! Start @depth [Future] process...
16:58:54.617168> BinanceFuture - Vxxv1AWf[USD_M] Reconect to WebSocket #
16:58:54.617168> WebSocket [ConnectToDepthStream()] [Closed] [future] and reconnect again [during Task.Delay]..
16:58:55.661959> WebSocket connected! Start @depth [Future] process...
16:59:07.716969> WebSocket [ConnectToDepthStream()] [future] error: Unable to read data from the transport connection: An existing connection was forcibly closed by the remote host.
16:59:12.736696> BinanceFuture - Vxxv1AWf[USD_M] Reconect to WebSocket #
16:59:12.736696> WebSocket [ConnectToDepthStream()] [Closed] [future] and reconnect again [during Task.Delay]..
16:59:13.760006> WebSocket connected! Start @depth [Future] process...
17:01:15.510598> WebSocket [ConnectToDepthStream()] [future] error: Unable to read data from the transport connection: An existing connection was forcibly closed by the remote host.
17:01:20.519455> BinanceFuture - Vxxv1AWf[USD_M] Reconect to WebSocket #
17:01:20.523453> WebSocket [ConnectToDepthStream()] [Closed] [future] and reconnect again [during Task.Delay]..
17:01:24.459838> WebSocket connected! Start @depth [Future] process...
17:01:58.421120> WebSocket [ConnectToDepthStream()] [future] error: Unable to read data from the transport connection: An existing connection was forcibly closed by the remote host.
17:02:03.446865> BinanceFuture - Vxxv1AWf[USD_M] Reconect to WebSocket #
17:02:03.446865> WebSocket [ConnectToDepthStream()] [Closed] [future] and reconnect again [during Task.Delay]..
17:02:04.478309> WebSocket connected! Start @depth [Future] process...
17:06:25.033578> WebSocket [ConnectToDepthStream()] [future] error: Unable to read data from the transport connection: An existing connection was forcibly closed by the remote host.
17:06:30.053631> BinanceFuture - Vxxv1AWf[USD_M] Reconect to WebSocket #
17:06:30.054626> WebSocket [ConnectToDepthStream()] [Closed] [future] and reconnect again [during Task.Delay]..
17:06:31.490892> WebSocket connected! Start @depth [Future] process...
17:12:06.040090> WebSocket [ConnectToDepthStream()] [future] error: Unable to read data from the transport connection: An existing connection was forcibly closed by the remote host.
17:12:11.083393> BinanceFuture - Vxxv1AWf[USD_M] Reconect to WebSocket #
17:12:11.084380> WebSocket [ConnectToDepthStream()] [Closed] [future] and reconnect again [during Task.Delay]..
17:12:13.251512> WebSocket connected! Start @depth [Future] process...
17:14:59.038538> WebSocket [ConnectToDepthStream()] [future] error: Unable to read data from the transport connection: An existing connection was forcibly closed by the remote host.
17:15:04.071298> BinanceFuture - Vxxv1AWf[USD_M] Reconect to WebSocket #
17:15:04.072299> WebSocket [ConnectToDepthStream()] [Closed] [future] and reconnect again [during Task.Delay]..
17:15:12.618787> WebSocket connected! Start @depth [Future] process...
17:15:16.469007> WebSocket [ConnectToDepthStream()] [future] error: Unable to read data from the transport connection: An existing connection was forcibly closed by the remote host.
17:15:21.546305> BinanceFuture - Vxxv1AWf[USD_M] Reconect to WebSocket #
17:15:21.547304> WebSocket [ConnectToDepthStream()] [Closed] [future] and reconnect again [during Task.Delay]..
17:15:25.040501> WebSocket connected! Start @depth [Future] process...
17:15:34.028015> WebSocket [ConnectToDepthStream()] [future] error: Unable to read data from the transport connection: An existing connection was forcibly closed by the remote host.
17:15:39.050303> BinanceFuture - Vxxv1AWf[USD_M] Reconect to WebSocket #
17:15:39.050303> WebSocket [ConnectToDepthStream()] [Closed] [future] and reconnect again [during Task.Delay]..
17:15:40.162368> WebSocket connected! Start @depth [Future] process...
17:17:14.307310> WebSocket [ConnectToDepthStream()] [future] error: Unable to read data from the transport connection: An existing connection was forcibly closed by the remote host.
17:17:19.328246> BinanceFuture - Vxxv1AWf[USD_M] Reconect to WebSocket #
17:17:19.328246> WebSocket [ConnectToDepthStream()] [Closed] [future] and reconnect again [during Task.Delay]..
17:17:20.796997> WebSocket connected! Start @depth [Future] process...
17:18:43.582448> WebSocket [SubscribePartialDepthStream()] [SPOT] error: Unable to read data from the transport connection: An existing connection was forcibly closed by the remote host.
17:18:43.583449> WebSocket [ConnectToDepthStream()] [Closed] [SPOT] and reconnect again..
17:18:45.606563> WebSocket connected! Start [SPOT] @depth@100ms process...
17:18:48.609735> Binance - Vxxv1AWf[SPOT] Reconect to WebSocket #
17:18:48.613736> WebSocket [ConnectToDepthStream()] [Closed] [SPOT] and reconnect again [during Task.Delay]..
17:18:49.931812> WebSocket connected! Start [SPOT] @depth@100ms process...
17:20:41.499208> WebSocket [ConnectToDepthStream()] [future] error: Unable to read data from the transport connection: An existing connection was forcibly closed by the remote host.
17:20:46.516495> BinanceFuture - Vxxv1AWf[USD_M] Reconect to WebSocket #
17:20:46.569500> WebSocket [ConnectToDepthStream()] [Closed] [future] and reconnect again [during Task.Delay]..
17:20:49.000640> WebSocket connected! Start @depth [Future] process...
17:21:15.875180> WebSocket [ConnectToDepthStream()] [future] error: Unable to read data from the transport connection: An existing connection was forcibly closed by the remote host.
17:21:21.027474> BinanceFuture - Vxxv1AWf[USD_M] Reconect to WebSocket #
17:21:21.028476> WebSocket [ConnectToDepthStream()] [Closed] [future] and reconnect again [during Task.Delay]..
17:21:23.272604> WebSocket connected! Start @depth [Future] process...
17:22:26.516230> WebSocket [ConnectToDepthStream()] [future] error: Unable to read data from the transport connection: An existing connection was forcibly closed by the remote host.
17:22:31.567519> BinanceFuture - Vxxv1AWf[USD_M] Reconect to WebSocket #
17:22:31.569519> WebSocket [ConnectToDepthStream()] [Closed] [future] and reconnect again [during Task.Delay]..
17:22:34.251674> WebSocket connected! Start @depth [Future] process...
17:23:23.382504> WebSocket [ConnectToDepthStream()] [future] error: Unable to read data from the transport connection: An existing connection was forcibly closed by the remote host.
17:23:28.442809> BinanceFuture - Vxxv1AWf[USD_M] Reconect to WebSocket #
17:23:28.442809> WebSocket [ConnectToDepthStream()] [Closed] [future] and reconnect again [during Task.Delay]..
17:23:30.487900> WebSocket connected! Start @depth [Future] process...
17:27:49.960777> WebSocket [ConnectToDepthStream()] [future] error: Unable to read data from the transport connection: An existing connection was forcibly closed by the remote host.
17:27:55.021069> BinanceFuture - Vxxv1AWf[USD_M] Reconect to WebSocket #
17:27:55.022066> WebSocket [ConnectToDepthStream()] [Closed] [future] and reconnect again [during Task.Delay]..
17:27:57.718220> WebSocket connected! Start @depth [Future] process...
17:29:27.108346> WebSocket [ConnectToDepthStream()] [future] error: Unable to read data from the transport connection: An existing connection was forcibly closed by the remote host.
17:29:32.123634> BinanceFuture - Vxxv1AWf[USD_M] Reconect to WebSocket #
17:29:32.124634> WebSocket [ConnectToDepthStream()] [Closed] [future] and reconnect again [during Task.Delay]..
17:29:33.957738> WebSocket connected! Start @depth [Future] process...
17:29:36.131863> WebSocket [ConnectToDepthStream()] [future] error: Unable to read data from the transport connection: An existing connection was forcibly closed by the remote host.
17:29:41.164152> BinanceFuture - Vxxv1AWf[USD_M] Reconect to WebSocket #
17:29:41.185152> WebSocket [ConnectToDepthStream()] [Closed] [future] and reconnect again [during Task.Delay]..
17:29:45.764416> WebSocket connected! Start @depth [Future] process...
17:30:32.984124> WebSocket [ConnectToDepthStream()] [future] error: Unable to read data from the transport connection: An existing connection was forcibly closed by the remote host.
17:30:38.117447> BinanceFuture - Vxxv1AWf[USD_M] Reconect to WebSocket #
17:30:38.118418> WebSocket [ConnectToDepthStream()] [Closed] [future] and reconnect again [during Task.Delay]..
17:30:42.363660> WebSocket connected! Start @depth [Future] process...
17:34:59.140409> WebSocket [ConnectToDepthStream()] [future] error: Unable to read data from the transport connection: An existing connection was forcibly closed by the remote host.
17:35:04.184673> BinanceFuture - Vxxv1AWf[USD_M] Reconect to WebSocket #
17:35:04.184673> WebSocket [ConnectToDepthStream()] [Closed] [future] and reconnect again [during Task.Delay]..
17:35:05.842771> WebSocket connected! Start @depth [Future] process...
17:35:37.500584> WebSocket [ConnectToDepthStream()] [future] error: Unable to read data from the transport connection: An existing connection was forcibly closed by the remote host.
17:35:42.540902> BinanceFuture - Vxxv1AWf[USD_M] Reconect to WebSocket #
17:35:42.541873> WebSocket [ConnectToDepthStream()] [Closed] [future] and reconnect again [during Task.Delay]..
17:35:43.905968> WebSocket connected! Start @depth [Future] process...
17:36:45.694496> WebSocket [ConnectToDepthStream()] [future] error: Unable to read data from the transport connection: An existing connection was forcibly closed by the remote host.
17:36:46.992568> WebSocket [ConnectToDepthStream()] [future] error: Unable to read data from the transport connection: An existing connection was forcibly closed by the remote host.
17:36:50.728785> BinanceFuture - Vxxv1AWf[USD_M] Reconect to WebSocket #
17:36:50.734785> WebSocket [ConnectToDepthStream()] [Closed] [future] and reconnect again [during Task.Delay]..
17:36:52.012856> BinanceFuture - Vxxv1AWf[USD_M] Reconect to WebSocket #
17:36:52.012856> WebSocket [ConnectToDepthStream()] [Closed] [future] and reconnect again [during Task.Delay]..
17:36:52.656892> WebSocket connected! Start @depth [Future] process...
17:36:53.613950> WebSocket connected! Start @depth [Future] process...
17:39:08.759695> WebSocket [ConnectToDepthStream()] [future] error: Unable to read data from the transport connection: An existing connection was forcibly closed by the remote host.
17:39:13.789989> BinanceFuture - Vxxv1AWf[USD_M] Reconect to WebSocket #
17:39:13.790996> WebSocket [ConnectToDepthStream()] [Closed] [future] and reconnect again [during Task.Delay]..
17:39:17.655207> WebSocket connected! Start @depth [Future] process...
17:39:47.870940> WebSocket [ConnectToDepthStream()] [future] error: Unable to read data from the transport connection: An existing connection was forcibly closed by the remote host.
17:39:52.979231> BinanceFuture - Vxxv1AWf[USD_M] Reconect to WebSocket #
17:39:52.980233> WebSocket [ConnectToDepthStream()] [Closed] [future] and reconnect again [during Task.Delay]..
17:39:56.035410> WebSocket connected! Start @depth [Future] process...
17:41:55.223242> WebSocket [ConnectToDepthStream()] [future] error: Unable to read data from the transport connection: An existing connection was forcibly closed by the remote host.
17:41:55.824274> WebSocket [ConnectToDepthStream()] [future] error: Unable to read data from the transport connection: An existing connection was forcibly closed by the remote host.
17:42:00.236528> BinanceFuture - Vxxv1AWf[USD_M] Reconect to WebSocket #
17:42:00.237543> WebSocket [ConnectToDepthStream()] [Closed] [future] and reconnect again [during Task.Delay]..
17:42:00.826562> BinanceFuture - Vxxv1AWf[USD_M] Reconect to WebSocket #
17:42:00.828561> WebSocket [ConnectToDepthStream()] [Closed] [future] and reconnect again [during Task.Delay]..
17:42:02.529661> WebSocket connected! Start @depth [Future] process...
17:42:03.904739> WebSocket connected! Start @depth [Future] process...
17:43:21.134167> WebSocket [ConnectToDepthStream()] [future] error: Unable to read data from the transport connection: An existing connection was forcibly closed by the remote host.
17:43:26.160455> BinanceFuture - Vxxv1AWf[USD_M] Reconect to WebSocket #
17:43:26.161468> WebSocket [ConnectToDepthStream()] [Closed] [future] and reconnect again [during Task.Delay]..
17:43:28.713601> WebSocket connected! Start @depth [Future] process...
17:43:57.693264> WebSocket [ConnectToDepthStream()] [future] error: Unable to read data from the transport connection: An existing connection was forcibly closed by the remote host.
17:44:02.696548> BinanceFuture - Vxxv1AWf[USD_M] Reconect to WebSocket #
17:44:02.697550> WebSocket [ConnectToDepthStream()] [Closed] [future] and reconnect again [during Task.Delay]..
17:44:11.964087> WebSocket connected! Start @depth [Future] process...
17:46:04.928558> WebSocket [ConnectToDepthStream()] [future] error: Unable to read data from the transport connection: An existing connection was forcibly closed by the remote host.
17:46:07.973732> WebSocket [ConnectToDepthStream()] [future] error: Unable to read data from the transport connection: An existing connection was forcibly closed by the remote host.
17:46:10.039851> BinanceFuture - Vxxv1AWf[USD_M] Reconect to WebSocket #
17:46:10.047851> WebSocket [ConnectToDepthStream()] [Closed] [future] and reconnect again [during Task.Delay]..
17:46:11.514937> WebSocket connected! Start @depth [Future] process...
17:46:12.998020> BinanceFuture - Vxxv1AWf[USD_M] Reconect to WebSocket #
17:46:12.999019> WebSocket [ConnectToDepthStream()] [Closed] [future] and reconnect again [during Task.Delay]..
17:46:17.369272> WebSocket connected! Start @depth [Future] process...
17:47:54.560722> BinanceFuture - Vxxv1AWf[USD_M] Reconect to WebSocket #
17:47:54.560722> WebSocket [ConnectToDepthStream()] [Closed] [future] and reconnect again [during Task.Delay]..
17:47:56.763104> WebSocket connected! Start @depth [Future] process...
17:48:12.665404> WebSocket [ConnectToDepthStream()] [future] error: Unable to read data from the transport connection: An existing connection was forcibly closed by the remote host.
17:48:17.673044> BinanceFuture - Vxxv1AWf[USD_M] Reconect to WebSocket #
17:48:17.674044> WebSocket [ConnectToDepthStream()] [Closed] [future] and reconnect again [during Task.Delay]..
17:48:18.008065> WebSocket [ConnectToDepthStream()] [future] error: Unable to read data from the transport connection: An existing connection was forcibly closed by the remote host.
17:48:19.160631> WebSocket connected! Start @depth [Future] process...
17:48:23.023590> BinanceFuture - Vxxv1AWf[USD_M] Reconect to WebSocket #
17:48:23.023590> WebSocket [ConnectToDepthStream()] [Closed] [future] and reconnect again [during Task.Delay]..
17:48:24.825926> WebSocket connected! Start @depth [Future] process...
17:49:16.093796> WebSocket [ConnectToDepthStream()] [future] error: Unable to read data from the transport connection: An existing connection was forcibly closed by the remote host.
17:49:21.103251> BinanceFuture - Vxxv1AWf[USD_M] Reconect to WebSocket #
17:49:21.103251> WebSocket [ConnectToDepthStream()] [Closed] [future] and reconnect again [during Task.Delay]..
17:49:22.943247> WebSocket connected! Start @depth [Future] process...
17:49:58.925405> BinanceFuture - Vxxv1AWf[USD_M] Reconect to WebSocket #
17:49:58.926393> WebSocket [ConnectToDepthStream()] [Closed] [future] and reconnect again [during Task.Delay]..
17:50:07.464848> WebSocket connected! Start @depth [Future] process...
17:50:25.149966> WebSocket [ConnectToDepthStream()] [future] error: Unable to read data from the transport connection: An existing connection was forcibly closed by the remote host.
17:51:46.493728> WebSocket [SubscribePartialDepthStream()] [future] error: Unable to read data from the transport connection: An existing connection was forcibly closed by the remote host.
17:51:51.507268> BinanceFuture - Vxxv1AWf[USD_M] Reconect to WebSocket #
17:51:51.510270> WebSocket [SubscribePartialDepthStream()] [Closed] [future] and reconnect again [during Task.Delay]..
17:51:53.226620> WebSocket connected! Start @depth [Future] process...
17:52:08.190273> WebSocket [ConnectToDepthStream()] [future] error: Unable to read data from the transport connection: An existing connection was forcibly closed by the remote host.
17:52:13.195573> BinanceFuture - Vxxv1AWf[USD_M] Reconect to WebSocket #
17:52:13.195573> WebSocket [ConnectToDepthStream()] [Closed] [future] and reconnect again [during Task.Delay]..
17:52:15.198438> WebSocket connected! Start @depth [Future] process...
17:52:23.520858> WebSocket [ConnectToDepthStream()] [future] error: Unable to read data from the transport connection: An existing connection was forcibly closed by the remote host.
17:52:28.548063> BinanceFuture - Vxxv1AWf[USD_M] Reconect to WebSocket #
17:52:28.548063> WebSocket [ConnectToDepthStream()] [Closed] [future] and reconnect again [during Task.Delay]..
17:52:30.632156> WebSocket connected! Start @depth [Future] process...
17:53:54.373292> WebSocket [ConnectToDepthStream()] [future] error: Unable to read data from the transport connection: An existing connection was forcibly closed by the remote host.
17:53:59.393518> BinanceFuture - Vxxv1AWf[USD_M] Reconect to WebSocket #
17:53:59.394505> WebSocket [ConnectToDepthStream()] [Closed] [future] and reconnect again [during Task.Delay]..
17:54:09.175860> WebSocket connected! Start @depth [Future] process...
17:55:15.603355> WebSocket [ConnectToDepthStream()] [future] error: Unable to read data from the transport connection: An existing connection was forcibly closed by the remote host.
17:55:20.626949> BinanceFuture - Vxxv1AWf[USD_M] Reconect to WebSocket #
17:55:20.627941> WebSocket [ConnectToDepthStream()] [Closed] [future] and reconnect again [during Task.Delay]..
17:55:29.323917> WebSocket connected! Start @depth [Future] process...
17:55:31.211123> WebSocket [ConnectToDepthStream()] [future] error: Unable to read data from the transport connection: An existing connection was forcibly closed by the remote host.
17:55:36.221040> BinanceFuture - Vxxv1AWf[USD_M] Reconect to WebSocket #
17:55:36.222033> WebSocket [ConnectToDepthStream()] [Closed] [future] and reconnect again [during Task.Delay]..
17:56:01.430296> WebSocket connected! Start @depth [Future] process...
17:56:10.782683> WebSocket [ConnectToDepthStream()] [future] error: Unable to read data from the transport connection: An existing connection was forcibly closed by the remote host.
17:56:15.813041> BinanceFuture - Vxxv1AWf[USD_M] Reconect to WebSocket #
17:56:15.814033> WebSocket [ConnectToDepthStream()] [Closed] [future] and reconnect again [during Task.Delay]..
17:56:17.992852> WebSocket connected! Start @depth [Future] process...
17:58:38.942680> WebSocket [ConnectToDepthStream()] [Closed] [SPOT] and reconnect again..
17:58:41.047445> WebSocket connected! Start [SPOT] @depth@100ms process...
17:58:43.983597> Binance - Vxxv1AWf[SPOT] Reconect to WebSocket #
17:58:43.984590> WebSocket [ConnectToDepthStream()] [Closed] [SPOT] and reconnect again [during Task.Delay]..
17:58:46.598742> WebSocket connected! Start [SPOT] @depth@100ms process...
17:59:05.611511> WebSocket [ConnectToDepthStream()] [future] error: Unable to read data from the transport connection: An existing connection was forcibly closed by the remote host.
17:59:10.623964> BinanceFuture - Vxxv1AWf[USD_M] Reconect to WebSocket #
17:59:10.623964> WebSocket [ConnectToDepthStream()] [Closed] [future] and reconnect again [during Task.Delay]..
17:59:12.704702> WebSocket connected! Start @depth [Future] process...
17:59:30.694729> WebSocket [ConnectToDepthStream()] [future] error: Unable to read data from the transport connection: An existing connection was forcibly closed by the remote host.
17:59:35.780020> BinanceFuture - Vxxv1AWf[USD_M] Reconect to WebSocket #
17:59:35.780020> WebSocket [ConnectToDepthStream()] [Closed] [future] and reconnect again [during Task.Delay]..
17:59:39.166215> WebSocket connected! Start @depth [Future] process...
18:01:18.747035> WebSocket [ConnectToDepthStream()] [future] error: Unable to read data from the transport connection: An existing connection was forcibly closed by the remote host.
18:01:23.802681> BinanceFuture - Vxxv1AWf[USD_M] Reconect to WebSocket #
18:01:23.802681> WebSocket [ConnectToDepthStream()] [Closed] [future] and reconnect again [during Task.Delay]..
18:01:29.842119> WebSocket connected! Start @depth [Future] process...
18:02:04.712056> WebSocket [ConnectToDepthStream()] [future] error: Unable to read data from the transport connection: An existing connection was forcibly closed by the remote host.
18:02:09.730349> BinanceFuture - Vxxv1AWf[USD_M] Reconect to WebSocket #
18:02:09.731347> WebSocket [ConnectToDepthStream()] [Closed] [future] and reconnect again [during Task.Delay]..
18:02:14.246603> WebSocket [ConnectToDepthStream()] [future] error: Unable to read data from the transport connection: An existing connection was forcibly closed by the remote host.
18:02:16.486731> WebSocket connected! Start @depth [Future] process...
18:02:19.328895> BinanceFuture - Vxxv1AWf[USD_M] Reconect to WebSocket #
18:02:19.329896> WebSocket [ConnectToDepthStream()] [Closed] [future] and reconnect again [during Task.Delay]..
18:02:22.576081> WebSocket connected! Start @depth [Future] process...
