10:46:33.322999> WebSocket connected! Start Partial @depth20 [SPOT] process...
10:46:33.322999> WebSocket connected! Start @bookTicker [Future] process...
10:46:33.323999> WebSocket connected! Start @bookTicker ...
10:46:33.367007> Lenta has started...Start SubscribeToAggTradeStream @aggTrade [future] process...
10:46:33.369003> WebSocket connected! Start @depth [Future] process...
10:46:33.427005> Binance - Vxxv1AWf[SPOT] SPOT Balance: 0.00000000 USDT
10:46:33.427005> WebSocket connected! Start Partial @depth20 [Future] process...
10:46:33.428004> WebSocket connected! Start [SPOT] @depth@100ms process...
10:46:33.436005> Lenta has started...Start SubscribeToTradeStream @trade [{accType}] process...
10:46:33.447006> WebSocket connected! Start @bookTicker ...
10:46:33.468009> WebSocket connected! Start Partial @depth20 [SPOT] process...
10:46:33.492008> WebSocket connected! Start [SPOT] @depth@100ms process...
10:46:33.547011> Lenta has started...Start SubscribeToTradeStream @trade [{accType}] process...
10:46:33.928035> Lenta has started...Start SubscribeToAggTradeStream @aggTrade [future] process...
10:46:33.938033> WebSocket connected! Start Partial @depth20 [Future] process...
10:46:33.941040> WebSocket connected! Start @depth [Future] process...
10:46:33.961036> WebSocket connected! Start @bookTicker [Future] process...
10:46:34.466073> BinanceFuture - Vxxv1AWf[USD_M] USD_M Balance: 0.58403735 USDT
11:09:35.224038> WebSocket [ConnectToDepthStream()] [future] error: Unable to read data from the transport connection: An existing connection was forcibly closed by the remote host.
11:09:40.253329> BinanceFuture - Vxxv1AWf[USD_M] Reconect to WebSocket #
11:09:40.254329> WebSocket [ConnectToDepthStream()] [Closed] [future] and reconnect again [during Task.Delay]..
11:09:41.354401> WebSocket connected! Start @depth [Future] process...
11:15:42.990135> WebSocket [ConnectToDepthStream()] [future] error: Unable to read data from the transport connection: An existing connection was forcibly closed by the remote host.
11:15:48.073421> BinanceFuture - Vxxv1AWf[USD_M] Reconect to WebSocket #
11:15:48.073421> WebSocket [ConnectToDepthStream()] [Closed] [future] and reconnect again [during Task.Delay]..
11:15:49.321489> WebSocket connected! Start @depth [Future] process...
11:24:50.580527> WebSocket [ConnectToDepthStream()] [future] error: Unable to read data from the transport connection: An existing connection was forcibly closed by the remote host.
11:24:55.595829> BinanceFuture - Vxxv1AWf[USD_M] Reconect to WebSocket #
11:24:55.596811> WebSocket [ConnectToDepthStream()] [Closed] [future] and reconnect again [during Task.Delay]..
11:24:56.676876> WebSocket connected! Start @depth [Future] process...
11:28:36.964510> WebSocket [ConnectToDepthStream()] [future] error: Unable to read data from the transport connection: An existing connection was forcibly closed by the remote host.
11:28:42.097796> BinanceFuture - Vxxv1AWf[USD_M] Reconect to WebSocket #
11:28:42.098800> WebSocket [ConnectToDepthStream()] [Closed] [future] and reconnect again [during Task.Delay]..
11:28:43.442874> WebSocket connected! Start @depth [Future] process...
11:30:57.377554> WebSocket [ConnectToDepthStream()] [future] error: Unable to read data from the transport connection: An existing connection was forcibly closed by the remote host.
11:31:02.468853> BinanceFuture - Vxxv1AWf[USD_M] Reconect to WebSocket #
11:31:02.470858> WebSocket [ConnectToDepthStream()] [Closed] [future] and reconnect again [during Task.Delay]..
11:31:03.841926> WebSocket connected! Start @depth [Future] process...
11:33:45.115178> WebSocket [ConnectToDepthStream()] [future] error: Unable to read data from the transport connection: An existing connection was forcibly closed by the remote host.
11:33:50.232465> BinanceFuture - Vxxv1AWf[USD_M] Reconect to WebSocket #
11:33:50.233465> WebSocket [ConnectToDepthStream()] [Closed] [future] and reconnect again [during Task.Delay]..
11:33:51.457536> WebSocket connected! Start @depth [Future] process...
11:35:04.804741> WebSocket [ConnectToDepthStream()] [future] error: Unable to read data from the transport connection: An existing connection was forcibly closed by the remote host.
11:35:09.857462> BinanceFuture - Vxxv1AWf[USD_M] Reconect to WebSocket #
11:35:09.869464> WebSocket [ConnectToDepthStream()] [Closed] [future] and reconnect again [during Task.Delay]..
11:35:11.320546> WebSocket connected! Start @depth [Future] process...
11:40:52.510109> WebSocket [ConnectToDepthStream()] [future] error: Unable to read data from the transport connection: An existing connection was forcibly closed by the remote host.
11:40:57.525397> BinanceFuture - Vxxv1AWf[USD_M] Reconect to WebSocket #
11:40:57.607401> WebSocket [ConnectToDepthStream()] [Closed] [future] and reconnect again [during Task.Delay]..
11:41:00.674579> WebSocket connected! Start @depth [Future] process...
11:42:13.462976> WebSocket [ConnectToDepthStream()] [future] error: Unable to read data from the transport connection: An existing connection was forcibly closed by the remote host.
11:42:19.107296> BinanceFuture - Vxxv1AWf[USD_M] Reconect to WebSocket #
11:42:19.120299> WebSocket [ConnectToDepthStream()] [Closed] [future] and reconnect again [during Task.Delay]..
11:42:23.073526> WebSocket connected! Start @depth [Future] process...
11:42:50.083085> WebSocket [SubscribeBookTickerStream()] [future] error: Unable to read data from the transport connection: An existing connection was forcibly closed by the remote host.
11:42:50.262085> WebSocket [SubscribeBookTickerStream()] [future] error: Unable to read data from the transport connection: An existing connection was forcibly closed by the remote host.
11:42:55.334374> BinanceFuture - Vxxv1AWf[USD_M] Reconect to WebSocket #
11:42:55.343374> WebSocket [SubscribeBookTickerStream()] [Closed] [future] and reconnect again [during Task.Delay]..
11:42:55.580391> BinanceFuture - Vxxv1AWf[USD_M] Reconect to WebSocket #
11:42:55.815402> WebSocket [SubscribeBookTickerStream()] [Closed] [future] and reconnect again [during Task.Delay]..
11:43:00.616678> WebSocket connected! Start @depth [Future] process...
11:43:00.671678> WebSocket connected! Start @depth [Future] process...
11:43:02.318775> WebSocket [ConnectToDepthStream()] [future] error: Unable to read data from the transport connection: An existing connection was forcibly closed by the remote host.
11:43:07.386066> BinanceFuture - Vxxv1AWf[USD_M] Reconect to WebSocket #
11:43:07.387068> WebSocket [ConnectToDepthStream()] [Closed] [future] and reconnect again [during Task.Delay]..
11:43:10.692255> WebSocket connected! Start @depth [Future] process...
