21:50:01.330861> WebSocket connected! Start Partial @depth20 [Future] process...
21:50:01.332853> Lenta has started...Start SubscribeToAggTradeStream @aggTrade [future] process...
21:50:01.347850> WebSocket connected! Start Partial @depth20 [SPOT] process...
21:50:01.348853> WebSocket connected! Start @depth [Future] process...
21:50:01.367854> Binance - Vxxv1AWf[SPOT] SPOT Balance: 0.00000000 USDT
21:50:01.630867> WebSocket connected! Start Partial @depth20 [SPOT] process...
21:50:02.185955> WebSocket connected! Start @depth [Future] process...
21:50:02.190934> WebSocket connected! Start Partial @depth20 [Future] process...
21:50:02.232938> Lenta has started...Start SubscribeToAggTradeStream @aggTrade [future] process...
21:50:02.722780> BinanceFuture - Vxxv1AWf[USD_M] USD_M Balance: 0.00928352 USDT
22:10:45.430837> WebSocket [ConnectToDepthStream()] [future] error: Received an unexpected EOF or 0 bytes from the transport stream.
22:10:45.526841> WebSocket [ConnectToDepthStream()] [future] error: Received an unexpected EOF or 0 bytes from the transport stream.
22:10:50.442014> BinanceFuture - Vxxv1AWf[USD_M] Reconect ConnectToDepthStream() to WebSocket #
22:10:50.443002> WebSocket [ConnectToDepthStream()] [Closed] [future] and reconnect again [during Task.Delay]..
22:10:50.530007> BinanceFuture - Vxxv1AWf[USD_M] Reconect ConnectToDepthStream() to WebSocket #
22:10:50.530007> WebSocket [ConnectToDepthStream()] [Closed] [future] and reconnect again [during Task.Delay]..
22:10:51.478069> WebSocket connected! Start @depth [Future] process...
22:10:52.275638> WebSocket connected! Start @depth [Future] process...
22:16:50.851315> WebSocket [ConnectToDepthStream()] [future] error: Unable to read data from the transport connection: An existing connection was forcibly closed by the remote host.
22:19:20.986845> BinanceFuture - Vxxv1AWf[USD_M] Reconect ConnectToDepthStream() to WebSocket #
22:19:20.987844> WebSocket [ConnectToDepthStream()] [Closed] [future] and reconnect again [during Task.Delay]..
22:19:24.495045> WebSocket connected! Start @depth [Future] process...
22:23:15.103480> BinanceFuture - Vxxv1AWf[USD_M] Reconect ConnectToDepthStream() to WebSocket #
22:23:15.104466> WebSocket [ConnectToDepthStream()] [Closed] [future] and reconnect again [during Task.Delay]..
22:23:16.200528> WebSocket connected! Start @depth [Future] process...
