12:44:11.781840> Binance - Vxxv1AWf[SPOT] SPOT Balance: 0.00000000 USDT
12:44:11.840845> WebSocket connected! Start @bookTicker [Future] process...
12:44:11.840845> WebSocket connected! Start [SPOT] @depth@100ms process...
12:44:11.841844> WebSocket connected! Start @depth [Future] process...
12:44:11.841844> Lenta has started...Start SubscribeToTradeStream @trade [{accType}] process...
12:44:11.842847> WebSocket connected! Start Partial @depth20 [Future] process...
12:44:11.844844> WebSocket connected! Start @bookTicker ...
12:44:11.873846> Lenta has started...Start SubscribeToAggTradeStream @aggTrade [future] process...
12:44:11.874845> WebSocket connected! Start Partial @depth20 [SPOT] process...
12:44:12.005852> WebSocket connected! Start @bookTicker ...
12:44:12.023854> WebSocket connected! Start [SPOT] @depth@100ms process...
12:44:12.025856> Lenta has started...Start SubscribeToTradeStream @trade [{accType}] process...
12:44:12.026855> WebSocket connected! Start Partial @depth20 [SPOT] process...
12:44:12.218865> WebSocket connected! Start @bookTicker [Future] process...
12:44:12.482884> WebSocket connected! Start Partial @depth20 [Future] process...
12:44:12.493882> WebSocket connected! Start @depth [Future] process...
12:44:12.503889> Lenta has started...Start SubscribeToAggTradeStream @aggTrade [future] process...
12:44:13.063608> BinanceFuture - Vxxv1AWf[USD_M] USD_M Balance: 0.00271518 USDT
12:53:13.015130> WebSocket [SubscribeBookTickerStream()] [future] error: Unable to read data from the transport connection: An established connection was aborted by the software in your host machine.
12:53:14.661225> WebSocket [SubscribeBookTickerStream()] [future] error: Unable to read data from the transport connection: An established connection was aborted by the software in your host machine.
12:53:18.144428> BinanceFuture - Vxxv1AWf[USD_M] Reconect SubscribeBookTickerStream WebSocket #
12:53:18.175434> WebSocket [SubscribeBookTickerStream()] [Closed] [future] and reconnect again [during Task.Delay]..
12:53:19.704514> BinanceFuture - Vxxv1AWf[USD_M] Reconect SubscribeBookTickerStream WebSocket #
12:53:19.704514> WebSocket [SubscribeBookTickerStream()] [Closed] [future] and reconnect again [during Task.Delay]..
12:53:21.596620> WebSocket connected! Start @bookTicker [Future] process...
12:53:21.935640> WebSocket connected! Start @bookTicker [Future] process...
