16:48:43.622237> Binance - Vxxv1AWf[SPOT] SPOT Balance: 0.00000000 USDT
16:48:43.998233> WebSocket connected! Start Partial @depth20 [Future] process...
16:48:43.998233> WebSocket connected! Start @depth [Future] process...
16:48:44.140244> WebSocket connected! Start @bookTicker ...
16:48:44.146241> WebSocket connected! Start Partial @depth20 [SPOT] process...
16:48:44.226244> Lenta has started...Start SubscribeToTradeStream @trade [{accType}] process...
16:48:44.349251> WebSocket connected! Start Partial @depth20 [SPOT] process...
16:48:44.361252> WebSocket connected! Start @bookTicker ...
16:48:44.622875> Lenta has started...Start SubscribeToTradeStream @trade [{accType}] process...
16:48:44.967938> Lenta has started...Start SubscribeToAggTradeStream @aggTrade [future] process...
16:48:45.264489> WebSocket connected! Start @bookTicker [Future] process...
16:48:45.302573> WebSocket connected! Start Partial @depth20 [Future] process...
16:48:45.616502> WebSocket connected! Start [SPOT] @depth@100ms process...
16:48:45.640500> WebSocket connected! Start @bookTicker [Future] process...
16:48:45.780510> WebSocket connected! Start @depth [Future] process...
16:48:46.983546> Lenta has started...Start SubscribeToAggTradeStream @aggTrade [future] process...
16:48:53.366073> BinanceFuture - Vxxv1AWf[USD_M] USD_M Balance: 0.07599264 USDT
16:48:55.375506> WebSocket connected! Start [SPOT] @depth@100ms process...
16:49:48.941388> BinanceFuture - Vxxv1AWf[USD_M] Reconect to WebSocket #
16:49:48.943387> WebSocket [SubscribeBookTickerStream()] [Closed] [future] and reconnect again [during Task.Delay]..
16:49:55.320857> WebSocket connected! Start @depth [Future] process...
16:51:46.162622> WebSocket [ConnectToDepthStream()] [future] error: Unable to read data from the transport connection: An existing connection was forcibly closed by the remote host.
16:51:48.271738> WebSocket [SubscribePartialDepthStream()] [future] error: Unable to read data from the transport connection: An existing connection was forcibly closed by the remote host.
16:51:53.352029> BinanceFuture - Vxxv1AWf[USD_M] Reconect to WebSocket #
16:51:53.353029> WebSocket [ConnectToDepthStream()] [Closed] [future] and reconnect again [during Task.Delay]..
16:51:53.381031> WebSocket [ConnectToDepthStream()] [future] error: Unable to read data from the transport connection: An existing connection was forcibly closed by the remote host.
16:51:59.312720> BinanceFuture - Vxxv1AWf[USD_M] Reconect to WebSocket #
16:51:59.314733> WebSocket [SubscribePartialDepthStream()] [Closed] [future] and reconnect again [during Task.Delay]..
16:51:59.316722> BinanceFuture - Vxxv1AWf[USD_M] Reconect to WebSocket #
16:51:59.317720> WebSocket [ConnectToDepthStream()] [Closed] [future] and reconnect again [during Task.Delay]..
16:52:13.863995> WebSocket connected! Start @depth [Future] process...
16:52:13.871996> WebSocket connected! Start @depth [Future] process...
