11:51:29.643434> Binance - Vxxv1AWf[SPOT] SPOT Balance: 0.00000000 USDT
11:51:30.088927> Lenta has started...Start SubscribeToTradeStream @trade [{accType}] process...
11:51:30.089931> Lenta has started...Start SubscribeToAggTradeStream @aggTrade [future] process...
11:51:30.088927> WebSocket connected! Start Partial @depth20 [Future] process...
11:51:30.100930> WebSocket connected! Start Partial @depth20 [SPOT] process...
11:51:30.104930> WebSocket connected! Start [SPOT] @depth@100ms process...
11:51:30.105931> WebSocket connected! Start @bookTicker ...
11:51:30.107931> WebSocket connected! Start @bookTicker [Future] process...
11:51:30.130932> WebSocket connected! Start @depth [Future] process...
11:51:30.227938> WebSocket connected! Start [SPOT] @depth@100ms process...
11:51:30.228937> WebSocket connected! Start Partial @depth20 [SPOT] process...
11:51:30.241937> WebSocket connected! Start @bookTicker ...
11:51:30.273940> Lenta has started...Start SubscribeToTradeStream @trade [{accType}] process...
11:52:07.137845> Lenta has started...Start SubscribeToAggTradeStream @aggTrade [future] process...
11:52:07.140847> WebSocket connected! Start @depth [Future] process...
11:52:07.140847> WebSocket connected! Start @bookTicker [Future] process...
11:52:07.452876> BinanceFuture - Vxxv1AWf[USD_M] USD_M Balance: 6.25838444 USDT
11:52:07.462873> WebSocket connected! Start Partial @depth20 [Future] process...
11:52:17.422435> BinanceFuture - Vxxv1AWf[USD_M] Reconect to WebSocket #
11:52:17.424438> WebSocket [SubscribeBookTickerStream()] [Closed] [future] and reconnect again [during Task.Delay]..
11:52:18.528499> WebSocket connected! Start @depth [Future] process...
