14:00:20.788451> Lenta has started...Start SubscribeToTradeStream @trade [{accType}] process...
14:00:20.790449> WebSocket connected! Start Partial @depth20 [Future] process...
14:00:20.790449> WebSocket connected! Start @depth [Future] process...
14:00:20.799449> Binance - Vxxv1AWf[MARGIN] MARGIN Balance: 0.5204025 USDT
14:00:20.818449> Lenta has started...Start SubscribeToAggTradeStream @aggTrade [future] process...
14:00:20.823458> WebSocket connected! Start Partial @depth20 [MARGIN] process...
14:00:20.827450> WebSocket connected! Start [MARGIN] @depth@100ms process...
14:00:20.904454> Lenta has started...Start SubscribeToTradeStream @trade [{accType}] process...
14:00:20.905454> WebSocket connected! Start Partial @depth20 [MARGIN] process...
14:00:20.907453> WebSocket connected! Start [MARGIN] @depth@100ms process...
14:00:21.999097> WebSocket connected! Start Partial @depth20 [Future] process...
14:00:22.017100> WebSocket connected! Start @depth [Future] process...
14:00:22.053100> Lenta has started...Start SubscribeToAggTradeStream @aggTrade [future] process...
14:00:23.742530> BinanceFuture - Vxxv1AWf[USD_M] USD_M Balance: 0.66986043 USDT
14:17:22.005459> WebSocket [ConnectToDepthStream()] [future] error: Unable to write data to the transport connection: An existing connection was forcibly closed by the remote host.
14:17:22.008460> WebSocket [ConnectToDepthStream()] [Closed] [future] and reconnect again..
14:17:22.009460> WebSocket [ConnectToDepthStream()] [future] error: A request to send or receive data was disallowed because the socket is not connected and (when sending on a datagram socket using a sendto call) no address was supplied
14:17:25.582664> WebSocket connected! Start @depth [Future] process...
14:17:30.571949> BinanceFuture - Vxxv1AWf[USD_M] Reconect to WebSocket #
14:17:30.579962> WebSocket [ConnectToDepthStream()] [Closed] [future] and reconnect again [during Task.Delay]..
14:17:33.656127> WebSocket connected! Start @depth [Future] process...
14:20:04.964096> WebSocket [ConnectToDepthStream()] [future] error: Unable to read data from the transport connection: An existing connection was forcibly closed by the remote host.
14:20:04.992097> WebSocket [ConnectToDepthStream()] [Closed] [future] and reconnect again..
14:20:05.375121> WebSocket [ConnectToDepthStream()] [future] error: Unable to read data from the transport connection: An existing connection was forcibly closed by the remote host.
14:20:05.375121> WebSocket [ConnectToDepthStream()] [Closed] [future] and reconnect again..
14:20:08.833318> WebSocket connected! Start @depth [Future] process...
14:20:08.834318> WebSocket connected! Start @depth [Future] process...
14:20:11.418468> BinanceFuture - Vxxv1AWf[USD_M] Reconect to WebSocket #
14:20:11.418468> BinanceFuture - Vxxv1AWf[USD_M] Reconect to WebSocket #
14:20:11.420469> WebSocket [ConnectToDepthStream()] [Closed] [future] and reconnect again [during Task.Delay]..
14:20:11.419469> WebSocket [ConnectToDepthStream()] [Closed] [future] and reconnect again [during Task.Delay]..
14:20:15.098679> WebSocket connected! Start @depth [Future] process...
14:20:15.099678> WebSocket connected! Start @depth [Future] process...
14:21:38.864480> Bid error : The given key was not present in the dictionary.
14:23:23.663630> WebSocket [ConnectToDepthStream()] [future] error: Unable to read data from the transport connection: An existing connection was forcibly closed by the remote host.
14:23:23.664489> WebSocket [ConnectToDepthStream()] [Closed] [future] and reconnect again..
14:23:29.054797> BinanceFuture - Vxxv1AWf[USD_M] Reconect to WebSocket #
14:23:29.061798> WebSocket [ConnectToDepthStream()] [Closed] [future] and reconnect again [during Task.Delay]..
14:23:31.569943> WebSocket connected! Start @depth [Future] process...
14:23:33.915079> WebSocket connected! Start @depth [Future] process...
14:24:09.595122> WebSocket [ConnectToDepthStream()] [future] error: Unable to read data from the transport connection: An existing connection was forcibly closed by the remote host.
14:24:09.712129> WebSocket [ConnectToDepthStream()] [Closed] [future] and reconnect again..
14:24:14.909427> BinanceFuture - Vxxv1AWf[USD_M] Reconect to WebSocket #
14:24:14.910430> WebSocket [ConnectToDepthStream()] [Closed] [future] and reconnect again [during Task.Delay]..
14:24:16.607524> WebSocket connected! Start @depth [Future] process...
14:24:17.686587> WebSocket [ConnectToDepthStream()] [future] error: Unable to read data from the transport connection: An existing connection was forcibly closed by the remote host.
14:24:17.686587> WebSocket [ConnectToDepthStream()] [Closed] [future] and reconnect again..
14:24:20.104725> WebSocket connected! Start @depth [Future] process...
14:24:20.219731> WebSocket connected! Start @depth [Future] process...
14:24:22.745876> BinanceFuture - Vxxv1AWf[USD_M] Reconect to WebSocket #
14:24:23.131900> WebSocket [ConnectToDepthStream()] [Closed] [future] and reconnect again [during Task.Delay]..
14:24:25.048007> WebSocket connected! Start @depth [Future] process...
14:26:21.001657> WebSocket [ConnectToDepthStream()] [future] error: Unable to read data from the transport connection: An existing connection was forcibly closed by the remote host.
14:26:21.009658> WebSocket [ConnectToDepthStream()] [Closed] [future] and reconnect again..
14:26:21.069661> WebSocket [ConnectToDepthStream()] [future] error: Unable to read data from the transport connection: An existing connection was forcibly closed by the remote host.
14:26:21.070662> WebSocket [ConnectToDepthStream()] [Closed] [future] and reconnect again..
14:26:22.474742> WebSocket connected! Start @depth [Future] process...
14:26:22.674752> WebSocket connected! Start @depth [Future] process...
14:26:26.011944> BinanceFuture - Vxxv1AWf[USD_M] Reconect to WebSocket #
14:26:26.012945> WebSocket [ConnectToDepthStream()] [Closed] [future] and reconnect again [during Task.Delay]..
14:26:26.072947> BinanceFuture - Vxxv1AWf[USD_M] Reconect to WebSocket #
14:26:26.072947> WebSocket [ConnectToDepthStream()] [Closed] [future] and reconnect again [during Task.Delay]..
14:26:27.446026> WebSocket connected! Start @depth [Future] process...
14:26:27.511030> WebSocket connected! Start @depth [Future] process...
