23:45:12.145869> WebSocket connected! Start @depth [Future] process...
23:45:12.146867> WebSocket connected! Start [MARGIN] @depth@100ms process...
23:45:12.153868> Binance - Vxxv1AWf[MARGIN] MARGIN Balance: 0.53505213 USDT
23:45:12.167868> WebSocket connected! Start Partial @depth20 [Future] process...
23:45:12.174869> WebSocket connected! Start Partial @depth20 [MARGIN] process...
23:45:12.174869> Lenta has started...Start SubscribeToAggTradeStream @aggTrade [future] process...
23:45:12.180869> Lenta has started...Start SubscribeToTradeStream @trade [{accType}] process...
23:45:12.298884> Lenta has started...Start SubscribeToTradeStream @trade [{accType}] process...
23:45:12.305881> WebSocket connected! Start [MARGIN] @depth@100ms process...
23:45:12.368887> WebSocket connected! Start Partial @depth20 [MARGIN] process...
23:45:12.662641> WebSocket connected! Start @depth [Future] process...
23:45:12.725654> Lenta has started...Start SubscribeToAggTradeStream @aggTrade [future] process...
23:45:12.742877> WebSocket connected! Start Partial @depth20 [Future] process...
23:45:13.178230> BinanceFuture - Vxxv1AWf[USD_M] USD_M Balance: 0.66986043 USDT
23:52:39.725675> WebSocket [SubscribePartialDepthStream()] [future] error: Unable to write data to the transport connection: An existing connection was forcibly closed by the remote host.
23:52:42.429549> WebSocket [ConnectToDepthStream()] [future] error: Unable to read data from the transport connection: An existing connection was forcibly closed by the remote host.
23:52:44.333764> WebSocket [ConnectToDepthStream()] [future] error: Unable to write data to the transport connection: An existing connection was forcibly closed by the remote host.
23:52:44.373766> WebSocket [ConnectToDepthStream()] [future] error: Unable to write data to the transport connection: An existing connection was forcibly closed by the remote host.
23:52:44.475773> WebSocket [ConnectToDepthStream()] [Closed] [future] and reconnect again..
23:52:44.374766> WebSocket [ConnectToDepthStream()] [future] error: Unable to read data from the transport connection: An existing connection was forcibly closed by the remote host.
23:52:44.442769> WebSocket [SubscribePartialDepthStream()] [future] error: Unable to read data from the transport connection: An existing connection was forcibly closed by the remote host.
23:52:44.475773> WebSocket [SubscribePartialDepthStream()] [future] error: Unable to read data from the transport connection: An existing connection was forcibly closed by the remote host.
23:52:44.499774> WebSocket [SubscribePartialDepthStream()] [Closed] [future] and reconnect again..
23:52:44.614780> WebSocket [ConnectToDepthStream()] [Closed] [future] and reconnect again..
23:52:44.616780> WebSocket [SubscribePartialDepthStream()] [Closed] [future] and reconnect again..
23:52:44.373766> WebSocket [SubscribePartialDepthStream()] [future] error: Unable to write data to the transport connection: An existing connection was forcibly closed by the remote host.
