20:37:49.061913> Binance - Vxxv1AWf[SPOT] SPOT Balance: 0.00000000 USDT
20:37:49.825959> WebSocket connected! Start [SPOT] @depth@100ms process...
20:37:49.825959> Lenta has started...Start SubscribeToTradeStream @trade [{accType}] process...
20:37:49.826958> Lenta has started...Start SubscribeToAggTradeStream @aggTrade [future] process...
20:37:49.832958> WebSocket connected! Start @depth [Future] process...
20:37:49.833959> WebSocket connected! Start @bookTicker ...
20:37:49.849959> Lenta has started...Start SubscribeToTradeStream @trade [{accType}] process...
20:37:49.939966> WebSocket connected! Start Partial @depth20 [SPOT] process...
20:37:49.939966> WebSocket connected! Start Partial @depth20 [SPOT] process...
20:37:50.116974> Lenta has started...Start SubscribeToAggTradeStream @aggTrade [future] process...
20:37:50.126974> WebSocket connected! Start @bookTicker [Future] process...
20:37:50.610003> WebSocket connected! Start @bookTicker ...
20:37:50.614003> WebSocket connected! Start @depth [Future] process...
20:37:51.259039> WebSocket connected! Start Partial @depth20 [Future] process...
20:37:51.522056> WebSocket connected! Start Partial @depth20 [Future] process...
20:37:52.330100> WebSocket connected! Start [SPOT] @depth@100ms process...
20:37:54.701240> BinanceFuture - Vxxv1AWf[USD_M] USD_M Balance: 0.07599264 USDT
20:37:55.367116> WebSocket connected! Start @bookTicker [Future] process...
20:39:36.889171> WebSocket [SubscribeBookTickerStream()] [future] error: Unable to read data from the transport connection: An established connection was aborted by the software in your host machine.
20:40:17.160439> BinanceFuture - Vxxv1AWf[USD_M] Reconect to WebSocket #
20:40:17.161440> WebSocket [SubscribeBookTickerStream()] [Closed] [future] and reconnect again [during Task.Delay]..
20:40:17.662467> WebSocket [SubscribeBookTickerStream()] [future] error: Unable to read data from the transport connection: An existing connection was forcibly closed by the remote host.
20:40:17.834478> WebSocket [ConnectToDepthStream()] [future] error: Unable to read data from the transport connection: An existing connection was forcibly closed by the remote host.
20:40:17.838478> WebSocket [ConnectToDepthStream()] [future] error: Unable to read data from the transport connection: An existing connection was forcibly closed by the remote host.
20:40:18.452514> WebSocket connected! Start @depth [Future] process...
20:40:22.694756> BinanceFuture - Vxxv1AWf[USD_M] Reconect to WebSocket #
20:40:22.695758> WebSocket [SubscribeBookTickerStream()] [Closed] [future] and reconnect again [during Task.Delay]..
20:40:22.835765> BinanceFuture - Vxxv1AWf[USD_M] Reconect to WebSocket #
20:40:22.835765> WebSocket [ConnectToDepthStream()] [Closed] [future] and reconnect again [during Task.Delay]..
20:40:22.843766> BinanceFuture - Vxxv1AWf[USD_M] Reconect to WebSocket #
20:40:22.843766> WebSocket [ConnectToDepthStream()] [Closed] [future] and reconnect again [during Task.Delay]..
20:40:23.723827> WebSocket connected! Start @depth [Future] process...
20:40:23.898824> WebSocket connected! Start @depth [Future] process...
20:40:23.917827> WebSocket connected! Start @depth [Future] process...
20:43:33.009555> WebSocket [ConnectToDepthStream()] [future] error: Unable to write data to the transport connection: An existing connection was forcibly closed by the remote host.
20:43:35.731712> WebSocket [ConnectToDepthStream()] [future] error: Unable to read data from the transport connection: An existing connection was forcibly closed by the remote host.
20:43:39.524929> BinanceFuture - Vxxv1AWf[USD_M] Reconect to WebSocket #
20:43:39.525929> WebSocket [ConnectToDepthStream()] [Closed] [future] and reconnect again [during Task.Delay]..
20:43:40.909007> BinanceFuture - Vxxv1AWf[USD_M] Reconect to WebSocket #
20:43:40.910007> WebSocket [ConnectToDepthStream()] [Closed] [future] and reconnect again [during Task.Delay]..
20:43:53.487505> WebSocket connected! Start @depth [Future] process...
20:43:53.575511> WebSocket connected! Start @depth [Future] process...
20:45:23.650676> BinanceFuture - Vxxv1AWf[USD_M] Reconect to WebSocket #
20:45:23.801684> WebSocket [ConnectToDepthStream()] [Closed] [future] and reconnect again [during Task.Delay]..
20:45:26.146819> WebSocket connected! Start @depth [Future] process...
