11:05:17.232993> Binance - Vxxv1AWf[MARGIN] MARGIN Balance: 0.54765156 USDT
11:05:17.605016> WebSocket connected! Start @bookTicker [Future] process...
11:05:17.605016> Lenta has started...Start SubscribeToTradeStream @trade [{accType}] process...
11:05:17.606015> WebSocket connected! Start @depth [Future] process...
11:05:17.613041> Lenta has started...Start SubscribeToAggTradeStream @aggTrade [future] process...
11:05:17.616024> WebSocket connected! Start @bookTicker ...
11:05:17.618036> WebSocket connected! Start Partial @depth20 [Future] process...
11:05:17.658017> WebSocket connected! Start [MARGIN] @depth@100ms process...
11:05:17.659017> WebSocket connected! Start Partial @depth20 [MARGIN] process...
11:05:17.708023> WebSocket connected! Start @bookTicker ...
11:05:17.715020> Lenta has started...Start SubscribeToTradeStream @trade [{accType}] process...
11:05:17.741022> WebSocket connected! Start Partial @depth20 [MARGIN] process...
11:05:17.771026> WebSocket connected! Start [MARGIN] @depth@100ms process...
11:05:18.202056> WebSocket connected! Start @depth [Future] process...
11:05:18.207048> Lenta has started...Start SubscribeToAggTradeStream @aggTrade [future] process...
11:05:18.242053> WebSocket connected! Start @bookTicker [Future] process...
11:05:18.250060> WebSocket connected! Start Partial @depth20 [Future] process...
11:05:18.302054> BinanceFuture - Vxxv1AWf[USD_M] USD_M Balance: 18.14083188 USDT
11:05:52.958608> BinanceFuture - Vxxv1AWf[USD_M] Reconect to WebSocket #
11:05:52.959608> WebSocket [SubscribeBookTickerStream()] [Closed] [future] and reconnect again [during Task.Delay]..
11:05:54.217684> WebSocket connected! Start @depth [Future] process...
