16:45:30.482303> Binance - Vxxv1AWf[SPOT] SPOT Balance: 0.00000000 USDT
16:45:30.752317> Lenta has started...Start SubscribeToTradeStream @trade [{accType}] process...
16:45:31.041335> Lenta has started...Start SubscribeToAggTradeStream @aggTrade [future] process...
16:45:31.104339> Lenta has started...Start SubscribeToTradeStream @trade [{accType}] process...
16:45:31.608368> WebSocket connected! Start @bookTicker [Future] process...
16:45:31.642369> WebSocket connected! Start Partial @depth20 [SPOT] process...
16:45:31.937388> WebSocket connected! Start [SPOT] @depth@100ms process...
16:45:32.296407> WebSocket connected! Start [SPOT] @depth@100ms process...
16:45:32.885440> WebSocket connected! Start Partial @depth20 [Future] process...
16:45:33.753491> WebSocket connected! Start @bookTicker ...
16:45:34.774632> WebSocket connected! Start @bookTicker [Future] process...
16:45:34.975127> WebSocket connected! Start @depth [Future] process...
16:45:35.147147> WebSocket connected! Start @depth [Future] process...
16:45:35.323575> WebSocket connected! Start Partial @depth20 [Future] process...
16:45:35.562707> Lenta has started...Start SubscribeToAggTradeStream @aggTrade [future] process...
16:45:35.585709> WebSocket connected! Start Partial @depth20 [SPOT] process...
16:45:35.673390> WebSocket connected! Start @bookTicker ...
16:45:36.724716> BinanceFuture - Vxxv1AWf[USD_M] USD_M Balance: 0 USDT
16:46:07.638942> BinanceFuture - Vxxv1AWf[USD_M] Reconect to WebSocket #
16:46:07.639913> WebSocket [SubscribeBookTickerStream()] [Closed] [future] and reconnect again [during Task.Delay]..
16:46:08.682509> WebSocket connected! Start @bookTicker [Future] process...
16:46:14.452824> BinanceFuture - Vxxv1AWf[USD_M] Reconect to WebSocket #
16:46:14.452824> WebSocket [SubscribeBookTickerStream()] [Closed] [future] and reconnect again [during Task.Delay]..
16:46:15.505537> WebSocket connected! Start @bookTicker [Future] process...
16:46:52.329492> BinanceFuture - Vxxv1AWf[USD_M] Reconect to WebSocket #
16:46:52.329492> WebSocket [SubscribeBookTickerStream()] [Closed] [future] and reconnect again [during Task.Delay]..
16:46:55.388655> BinanceFuture - Vxxv1AWf[USD_M] Reconect to WebSocket #
16:46:55.389656> WebSocket [SubscribeBookTickerStream()] [Closed] [future] and reconnect again [during Task.Delay]..
