12:47:41.492916> Binance - Vxxv1AWf[SPOT] SPOT Balance: 0.00000000 USDT
12:47:42.047947> WebSocket connected! Start [SPOT] @depth@100ms process...
12:47:42.047947> WebSocket connected! Start Partial @depth20 [SPOT] process...
12:47:42.051966> WebSocket connected! Start @bookTicker [Future] process...
12:47:42.071955> WebSocket connected! Start [SPOT] @depth@100ms process...
12:47:42.073948> WebSocket connected! Start @depth [Future] process...
12:47:42.088949> Lenta has started...Start SubscribeToAggTradeStream @aggTrade [future] process...
12:47:42.091950> Lenta has started...Start SubscribeToTradeStream @trade [{accType}] process...
12:47:42.163953> Lenta has started...Start SubscribeToTradeStream @trade [{accType}] process...
12:47:42.164954> WebSocket connected! Start Partial @depth20 [SPOT] process...
12:47:42.172954> WebSocket connected! Start @bookTicker ...
12:47:42.173954> WebSocket connected! Start @bookTicker ...
12:47:42.175953> WebSocket connected! Start Partial @depth20 [Future] process...
12:47:42.262959> BinanceFuture - Vxxv1AWf[USD_M] USD_M Balance: 6.25838444 USDT
12:47:42.273959> Lenta has started...Start SubscribeToAggTradeStream @aggTrade [future] process...
12:47:42.274959> WebSocket connected! Start Partial @depth20 [Future] process...
12:47:42.276960> WebSocket connected! Start @bookTicker [Future] process...
12:47:42.341962> WebSocket connected! Start @depth [Future] process...
12:49:39.556829> (Closing... Elapsted: 61435 ms.)
12:49:46.901249> BookTicker was closed by Custom!
12:50:05.627402> WebSocket connected! Start @bookTicker [Future] process...
12:50:11.758762> (Closing... Elapsted: 80772 ms.)
12:50:38.588386> WebSocket connected! Start @bookTicker [Future] process...
12:50:43.547672> BinanceFuture - Vxxv1AWf[USD_M] Reconect to WebSocket #
12:50:43.551670> WebSocket [SubscribeBookTickerStream()] [Closed] [future] and reconnect again [during Task.Delay]..
12:50:43.940695> (Closing... Elapsted: 107692 ms.)
12:50:43.963694> (Closing... Elapsted: 107715 ms.)
12:50:43.964696> BookTicker was closed by Custom!
12:50:43.983694> (Closing... Elapsted: 107733 ms.)
12:50:43.983694> BookTicker was closed by Custom!
12:50:43.989696> (Closing... Elapsted: 107738 ms.)
12:50:43.989696> BookTicker was closed by Custom!
12:50:43.997695> (Closing... Elapsted: 107745 ms.)
12:50:43.997695> BookTicker was closed by Custom!
12:50:44.002695> (Closing... Elapsted: 107748 ms.)
12:50:44.002695> BookTicker was closed by Custom!
12:50:44.009695> (Closing... Elapsted: 107754 ms.)
12:50:44.009695> BookTicker was closed by Custom!
12:50:44.014696> (Closing... Elapsted: 107758 ms.)
12:50:44.014696> BookTicker was closed by Custom!
12:50:44.118700> (Closing... Elapsted: 107861 ms.)
12:50:44.128704> BookTicker was closed by Custom!
12:50:44.213708> (Closing... Elapsted: 107937 ms.)
12:50:44.214708> BookTicker was closed by Custom!
12:50:44.226709> (Closing... Elapsted: 107949 ms.)
12:50:44.227710> BookTicker was closed by Custom!
12:50:44.233710> (Closing... Elapsted: 107954 ms.)
12:50:44.235710> BookTicker was closed by Custom!
12:50:44.243711> (Closing... Elapsted: 107960 ms.)
12:50:44.244711> BookTicker was closed by Custom!
12:50:44.263711> (Closing... Elapsted: 107979 ms.)
12:50:44.264711> BookTicker was closed by Custom!
12:50:44.275711> (Closing... Elapsted: 107988 ms.)
12:50:44.275711> BookTicker was closed by Custom!
12:50:44.287712> (Closing... Elapsted: 107999 ms.)
12:50:44.287712> BookTicker was closed by Custom!
12:50:44.297717> (Closing... Elapsted: 108008 ms.)
12:50:44.297717> BookTicker was closed by Custom!
12:50:44.307713> (Closing... Elapsted: 108017 ms.)
12:50:44.307713> BookTicker was closed by Custom!
12:50:44.321712> (Closing... Elapsted: 108031 ms.)
12:50:44.322714> BookTicker was closed by Custom!
12:50:44.330715> (Closing... Elapsted: 108039 ms.)
12:50:44.330715> BookTicker was closed by Custom!
12:50:44.341715> (Closing... Elapsted: 108050 ms.)
12:50:44.342718> BookTicker was closed by Custom!
12:50:44.350715> (Closing... Elapsted: 108058 ms.)
12:50:44.350715> BookTicker was closed by Custom!
12:50:44.358717> (Closing... Elapsted: 108065 ms.)
12:50:44.358717> BookTicker was closed by Custom!
12:50:44.373719> (Closing... Elapsted: 108080 ms.)
12:50:44.374717> BookTicker was closed by Custom!
12:50:44.383718> (Closing... Elapsted: 108089 ms.)
12:50:44.392717> BookTicker was closed by Custom!
12:50:44.407721> (Closing... Elapsted: 108103 ms.)
12:50:44.407721> BookTicker was closed by Custom!
12:50:44.418720> (Closing... Elapsted: 108113 ms.)
12:50:44.418720> BookTicker was closed by Custom!
12:50:44.437719> (Closing... Elapsted: 108131 ms.)
12:50:44.443719> BookTicker was closed by Custom!
12:50:44.629731> (Closing... Elapsted: 108313 ms.)
12:50:44.630731> BookTicker was closed by Custom!
12:50:44.631730> (Closing... Elapsted: 108315 ms.)
12:50:44.632730> BookTicker was closed by Custom!
12:50:44.639733> (Closing... Elapsted: 108321 ms.)
12:50:44.639733> BookTicker was closed by Custom!
12:50:44.641733> (Closing... Elapsted: 108323 ms.)
12:50:44.641733> BookTicker was closed by Custom!
12:50:44.649734> (Closing... Elapsted: 108331 ms.)
12:50:44.649734> BookTicker was closed by Custom!
12:50:44.716738> (Closing... Elapsted: 108398 ms.)
12:50:44.717740> BookTicker was closed by Custom!
12:50:44.736740> (Closing... Elapsted: 108416 ms.)
12:50:44.737740> BookTicker was closed by Custom!
12:50:44.751739> (Closing... Elapsted: 108429 ms.)
12:50:44.751739> BookTicker was closed by Custom!
12:50:44.759740> (Closing... Elapsted: 108436 ms.)
12:50:44.760740> BookTicker was closed by Custom!
12:50:44.772739> (Closing... Elapsted: 108448 ms.)
12:50:44.772739> BookTicker was closed by Custom!
12:50:44.780744> (Closing... Elapsted: 108455 ms.)
12:50:44.781742> BookTicker was closed by Custom!
12:50:44.788741> (Closing... Elapsted: 108462 ms.)
12:50:44.788741> BookTicker was closed by Custom!
12:50:44.796741> (Closing... Elapsted: 108469 ms.)
12:50:44.796741> BookTicker was closed by Custom!
12:50:44.815744> (Closing... Elapsted: 108483 ms.)
12:50:44.831743> BookTicker was closed by Custom!
12:50:44.965751> (Closing... Elapsted: 108610 ms.)
12:50:44.972752> BookTicker was closed by Custom!
12:50:44.983752> WebSocket connected! Start @depth [Future] process...
12:50:45.009754> (Closing... Elapsted: 108639 ms.)
12:50:45.010754> BookTicker was closed by Custom!
12:50:45.017755> (Closing... Elapsted: 108646 ms.)
12:50:45.018755> BookTicker was closed by Custom!
12:50:45.024756> (Closing... Elapsted: 108652 ms.)
12:50:45.024756> BookTicker was closed by Custom!
12:50:45.066759> (Closing... Elapsted: 108694 ms.)
12:50:45.066759> BookTicker was closed by Custom!
12:50:45.070756> (Closing... Elapsted: 108697 ms.)
12:50:45.071759> BookTicker was closed by Custom!
12:50:45.084759> (Closing... Elapsted: 108710 ms.)
12:50:45.084759> BookTicker was closed by Custom!
12:50:45.087759> (Closing... Elapsted: 108712 ms.)
12:50:45.087759> BookTicker was closed by Custom!
12:50:45.095758> (Closing... Elapsted: 108719 ms.)
12:50:45.095758> BookTicker was closed by Custom!
12:50:45.098759> (Closing... Elapsted: 108722 ms.)
12:50:45.098759> BookTicker was closed by Custom!
12:50:45.111759> (Closing... Elapsted: 108734 ms.)
12:50:45.112761> BookTicker was closed by Custom!
12:50:45.114759> (Closing... Elapsted: 108736 ms.)
12:50:45.114759> BookTicker was closed by Custom!
12:50:45.121758> (Closing... Elapsted: 108743 ms.)
12:50:45.121758> BookTicker was closed by Custom!
12:50:45.124759> (Closing... Elapsted: 108745 ms.)
12:50:45.125760> BookTicker was closed by Custom!
12:50:45.134762> (Closing... Elapsted: 108754 ms.)
12:50:45.134762> BookTicker was closed by Custom!
12:50:45.137760> (Closing... Elapsted: 108756 ms.)
12:50:45.137760> BookTicker was closed by Custom!
12:50:45.152763> (Closing... Elapsted: 108771 ms.)
12:50:45.153768> BookTicker was closed by Custom!
12:50:45.156761> (Closing... Elapsted: 108774 ms.)
12:50:45.157762> BookTicker was closed by Custom!
12:50:45.165764> (Closing... Elapsted: 108782 ms.)
12:50:45.165764> BookTicker was closed by Custom!
12:50:45.168762> (Closing... Elapsted: 108784 ms.)
12:50:45.168762> BookTicker was closed by Custom!
12:50:45.176763> (Closing... Elapsted: 108791 ms.)
12:50:45.176763> BookTicker was closed by Custom!
12:50:45.179765> (Closing... Elapsted: 108793 ms.)
12:50:45.179765> BookTicker was closed by Custom!
12:50:45.186764> (Closing... Elapsted: 108800 ms.)
12:50:45.187764> BookTicker was closed by Custom!
12:50:45.189764> (Closing... Elapsted: 108802 ms.)
12:50:45.190765> BookTicker was closed by Custom!
12:50:45.204764> (Closing... Elapsted: 108816 ms.)
12:50:45.205765> BookTicker was closed by Custom!
12:50:45.207766> (Closing... Elapsted: 108818 ms.)
12:50:45.207766> BookTicker was closed by Custom!
12:50:45.215766> (Closing... Elapsted: 108826 ms.)
12:50:45.237766> BookTicker was closed by Custom!
12:50:45.284769> (Closing... Elapsted: 108868 ms.)
12:50:45.291769> BookTicker was closed by Custom!
12:50:45.440781> WebSocket connected! Start @bookTicker [Future] process...
12:50:45.442779> WebSocket connected! Start @bookTicker [Future] process...
12:50:45.449782> (Closing... Elapsted: 108902 ms.)
12:50:45.451790> BookTicker was closed by Custom!
12:50:45.458781> (Closing... Elapsted: 108907 ms.)
12:50:45.460787> BookTicker was closed by Custom!
12:50:45.482785> (Closing... Elapsted: 108928 ms.)
12:50:45.482785> BookTicker was closed by Custom!
12:50:45.485780> (Closing... Elapsted: 108930 ms.)
12:50:45.486782> BookTicker was closed by Custom!
12:50:45.503781> (Closing... Elapsted: 108947 ms.)
12:50:45.504785> BookTicker was closed by Custom!
12:50:45.508781> (Closing... Elapsted: 108950 ms.)
12:50:45.508781> BookTicker was closed by Custom!
12:50:45.548784> (Closing... Elapsted: 108989 ms.)
12:50:45.549784> BookTicker was closed by Custom!
12:50:45.552787> (Closing... Elapsted: 108992 ms.)
12:50:45.552787> BookTicker was closed by Custom!
12:50:45.561784> (Closing... Elapsted: 109000 ms.)
12:50:45.562785> BookTicker was closed by Custom!
12:50:45.565786> (Closing... Elapsted: 109002 ms.)
12:50:45.565786> BookTicker was closed by Custom!
12:50:45.761800> (Closing... Elapsted: 109196 ms.)
12:50:45.771806> BookTicker was closed by Custom!
12:50:45.779808> (Closing... Elapsted: 109203 ms.)
12:50:45.781802> BookTicker was closed by Custom!
12:50:45.830816> WebSocket connected! Start @bookTicker [Future] process...
12:50:45.831807> WebSocket connected! Start @bookTicker [Future] process...
12:50:45.833809> WebSocket connected! Start @bookTicker [Future] process...
12:50:45.834803> WebSocket connected! Start @bookTicker [Future] process...
12:50:45.983811> (Closing... Elapsted: 109404 ms.)
12:50:45.984809> BookTicker was closed by Custom!
12:50:45.986808> (Closing... Elapsted: 109406 ms.)
12:50:45.987812> BookTicker was closed by Custom!
12:50:46.194821> (Closing... Elapsted: 109613 ms.)
12:50:46.194821> BookTicker was closed by Custom!
12:50:46.196820> (Closing... Elapsted: 109614 ms.)
12:50:46.197824> BookTicker was closed by Custom!
12:50:46.340834> (Closing... Elapsted: 109758 ms.)
12:50:46.341837> BookTicker was closed by Custom!
12:50:46.708851> (Closing... Elapsted: 110123 ms.)
12:50:46.709853> BookTicker was closed by Custom!
12:50:46.713850> (Closing... Elapsted: 110126 ms.)
12:50:46.734853> BookTicker was closed by Custom!
12:50:46.965869> (Closing... Elapsted: 110349 ms.)
12:50:46.966869> BookTicker was closed by Custom!
12:50:46.969868> WebSocket connected! Start @bookTicker [Future] process...
12:50:46.976867> WebSocket connected! Start @bookTicker [Future] process...
12:50:46.977867> WebSocket connected! Start @bookTicker [Future] process...
12:50:46.981871> (Closing... Elapsted: 110363 ms.)
12:50:46.981871> BookTicker was closed by Custom!
12:50:46.998871> WebSocket connected! Start @bookTicker [Future] process...
12:50:46.999869> WebSocket connected! Start @bookTicker [Future] process...
12:50:47.000870> WebSocket connected! Start @bookTicker [Future] process...
12:50:47.008869> (Closing... Elapsted: 110389 ms.)
12:50:47.009873> BookTicker was closed by Custom!
12:50:47.014869> (Closing... Elapsted: 110393 ms.)
12:50:47.014869> BookTicker was closed by Custom!
12:50:47.053871> (Closing... Elapsted: 110431 ms.)
12:50:47.053871> BookTicker was closed by Custom!
12:50:47.058875> (Closing... Elapsted: 110435 ms.)
12:50:47.059873> BookTicker was closed by Custom!
12:50:47.084871> (Closing... Elapsted: 110460 ms.)
12:50:47.084871> BookTicker was closed by Custom!
12:50:47.088872> (Closing... Elapsted: 110462 ms.)
12:50:47.089881> BookTicker was closed by Custom!
12:50:47.260882> (Closing... Elapsted: 110633 ms.)
12:50:47.260882> BookTicker was closed by Custom!
12:50:47.276884> (Closing... Elapsted: 110648 ms.)
12:50:47.277885> BookTicker was closed by Custom!
12:50:47.279885> (Closing... Elapsted: 110650 ms.)
12:50:47.280885> BookTicker was closed by Custom!
12:50:47.291886> (Closing... Elapsted: 110660 ms.)
12:50:47.291886> BookTicker was closed by Custom!
12:50:47.294885> (Closing... Elapsted: 110662 ms.)
12:50:47.294885> BookTicker was closed by Custom!
12:50:48.175936> (Closing... Elapsted: 111543 ms.)
12:50:48.175936> BookTicker was closed by Custom!
12:50:48.411948> (Closing... Elapsted: 111778 ms.)
12:50:48.411948> BookTicker was closed by Custom!
12:50:48.415948> WebSocket connected! Start @bookTicker [Future] process...
12:50:48.415948> WebSocket connected! Start @bookTicker [Future] process...
12:50:48.416950> WebSocket connected! Start @bookTicker [Future] process...
12:50:48.417949> WebSocket connected! Start @bookTicker [Future] process...
12:50:48.417949> WebSocket connected! Start @bookTicker [Future] process...
12:50:48.418950> WebSocket connected! Start @bookTicker [Future] process...
12:50:48.419959> WebSocket connected! Start @bookTicker [Future] process...
12:50:48.420949> WebSocket connected! Start @bookTicker [Future] process...
12:50:48.420949> WebSocket connected! Start @bookTicker [Future] process...
12:50:48.421949> WebSocket connected! Start @bookTicker [Future] process...
12:50:48.421949> WebSocket connected! Start @bookTicker [Future] process...
12:50:48.422950> WebSocket connected! Start @bookTicker [Future] process...
12:50:48.422950> WebSocket connected! Start @bookTicker [Future] process...
12:50:48.423950> WebSocket connected! Start @bookTicker [Future] process...
12:50:48.424949> WebSocket connected! Start @bookTicker [Future] process...
12:50:49.602017> WebSocket connected! Start @bookTicker [Future] process...
12:50:49.603017> WebSocket connected! Start @bookTicker [Future] process...
12:50:49.603017> WebSocket connected! Start @bookTicker [Future] process...
12:50:49.604020> WebSocket connected! Start @bookTicker [Future] process...
12:50:49.605018> WebSocket connected! Start @bookTicker [Future] process...
12:50:49.605018> WebSocket connected! Start @bookTicker [Future] process...
12:50:49.606018> WebSocket connected! Start @bookTicker [Future] process...
12:50:49.606018> WebSocket connected! Start @bookTicker [Future] process...
12:50:49.607019> WebSocket connected! Start @bookTicker [Future] process...
12:50:49.607019> WebSocket connected! Start @bookTicker [Future] process...
12:50:49.608018> WebSocket connected! Start @bookTicker [Future] process...
12:50:49.608018> WebSocket connected! Start @bookTicker [Future] process...
12:50:49.609018> WebSocket connected! Start @bookTicker [Future] process...
12:50:49.612018> (Closing... Elapsted: 112977 ms.)
12:50:49.613019> BookTicker was closed by Custom!
12:50:49.617018> (Closing... Elapsted: 112981 ms.)
12:50:49.617018> BookTicker was closed by Custom!
12:50:49.655019> WebSocket connected! Start @bookTicker [Future] process...
12:50:49.655019> WebSocket connected! Start @bookTicker [Future] process...
12:50:49.656022> WebSocket connected! Start @bookTicker [Future] process...
12:50:49.799027> (Closing... Elapsted: 113161 ms.)
12:50:49.809029> BookTicker was closed by Custom!
12:50:49.846030> (Closing... Elapsted: 113190 ms.)
12:50:49.846030> BookTicker was closed by Custom!
12:50:49.881033> (Closing... Elapsted: 113225 ms.)
12:50:49.881033> BookTicker was closed by Custom!
12:50:49.916034> (Closing... Elapsted: 113259 ms.)
12:50:49.916034> BookTicker was closed by Custom!
12:50:50.093045> WebSocket connected! Start @bookTicker [Future] process...
12:50:50.190049> WebSocket connected! Start @bookTicker [Future] process...
12:50:50.197051> (Closing... Elapsted: 113539 ms.)
12:50:50.197051> BookTicker was closed by Custom!
12:50:50.364059> (Closing... Elapsted: 113705 ms.)
12:50:50.367059> BookTicker was closed by Custom!
12:50:50.379060> WebSocket connected! Start @bookTicker [Future] process...
12:50:50.379060> WebSocket connected! Start @bookTicker [Future] process...
12:50:50.380061> WebSocket connected! Start @bookTicker [Future] process...
12:50:50.490068> (Closing... Elapsted: 113827 ms.)
12:50:50.498069> BookTicker was closed by Custom!
12:50:50.584074> (Closing... Elapsted: 113903 ms.)
12:50:50.593075> BookTicker was closed by Custom!
12:50:50.658078> WebSocket connected! Start @bookTicker [Future] process...
12:50:50.660080> WebSocket connected! Start @bookTicker [Future] process...
12:50:50.661088> WebSocket connected! Start @bookTicker [Future] process...
12:50:50.662088> WebSocket connected! Start @bookTicker [Future] process...
12:50:50.662088> WebSocket connected! Start @bookTicker [Future] process...
12:50:50.663081> WebSocket connected! Start @bookTicker [Future] process...
12:50:50.663081> WebSocket connected! Start @bookTicker [Future] process...
12:50:50.663081> WebSocket connected! Start @bookTicker [Future] process...
12:50:50.664077> WebSocket connected! Start @bookTicker [Future] process...
12:50:50.664077> WebSocket connected! Start @bookTicker [Future] process...
12:50:50.665079> WebSocket connected! Start @bookTicker [Future] process...
12:50:50.665079> WebSocket connected! Start @bookTicker [Future] process...
12:50:50.677079> WebSocket connected! Start @bookTicker [Future] process...
12:50:50.677079> WebSocket connected! Start @bookTicker [Future] process...
12:50:50.678080> WebSocket connected! Start @bookTicker [Future] process...
12:50:50.678080> WebSocket connected! Start @bookTicker [Future] process...
12:50:50.678080> WebSocket connected! Start @bookTicker [Future] process...
12:50:50.679079> WebSocket connected! Start @bookTicker [Future] process...
12:50:50.679079> WebSocket connected! Start @bookTicker [Future] process...
12:50:50.905091> WebSocket connected! Start @bookTicker [Future] process...
12:50:50.815086> WebSocket connected! Start @bookTicker [Future] process...
12:50:51.085102> WebSocket connected! Start @bookTicker [Future] process...
12:50:51.090101> WebSocket connected! Start @bookTicker [Future] process...
12:50:51.091103> WebSocket connected! Start @bookTicker [Future] process...
12:50:51.092102> WebSocket connected! Start @bookTicker [Future] process...
12:50:51.092102> WebSocket connected! Start @bookTicker [Future] process...
12:50:51.092102> WebSocket connected! Start @bookTicker [Future] process...
12:50:51.093101> WebSocket connected! Start @bookTicker [Future] process...
12:50:51.093101> WebSocket connected! Start @bookTicker [Future] process...
12:50:51.093101> WebSocket connected! Start @bookTicker [Future] process...
12:50:51.091103> WebSocket connected! Start @bookTicker [Future] process...
12:50:51.096103> (Closing... Elapsted: 114401 ms.)
12:50:51.097109> BookTicker was closed by Custom!
12:50:51.108104> (Closing... Elapsted: 114411 ms.)
12:50:51.109108> BookTicker was closed by Custom!
12:50:51.135105> WebSocket connected! Start @bookTicker [Future] process...
12:50:51.135105> WebSocket connected! Start @bookTicker [Future] process...
12:50:51.135105> WebSocket connected! Start @bookTicker [Future] process...
12:50:51.135105> WebSocket connected! Start @bookTicker [Future] process...
12:50:51.136105> WebSocket connected! Start @bookTicker [Future] process...
12:50:51.136105> WebSocket connected! Start @bookTicker [Future] process...
12:50:51.136105> WebSocket connected! Start @bookTicker [Future] process...
12:50:51.145104> (Closing... Elapsted: 114447 ms.)
12:50:51.146114> BookTicker was closed by Custom!
12:50:51.179107> (Closing... Elapsted: 114480 ms.)
12:50:51.179107> BookTicker was closed by Custom!
12:50:51.391121> (Closing... Elapsted: 114692 ms.)
12:50:51.391121> BookTicker was closed by Custom!
12:50:51.446121> (Closing... Elapsted: 114746 ms.)
12:50:51.447124> BookTicker was closed by Custom!
12:50:51.475139> (Closing... Elapsted: 114774 ms.)
12:50:51.476132> BookTicker was closed by Custom!
12:50:51.503138> (Closing... Elapsted: 114800 ms.)
12:50:51.503138> BookTicker was closed by Custom!
12:50:51.525134> (Closing... Elapsted: 114821 ms.)
12:50:51.525134> BookTicker was closed by Custom!
12:50:51.547129> (Closing... Elapsted: 114842 ms.)
12:50:51.547129> BookTicker was closed by Custom!
12:50:51.571130> (Closing... Elapsted: 114866 ms.)
12:50:51.572130> BookTicker was closed by Custom!
12:50:51.747140> (Closing... Elapsted: 115041 ms.)
12:50:51.753140> BookTicker was closed by Custom!
12:50:51.789142> WebSocket connected! Start @bookTicker [Future] process...
12:50:51.790143> WebSocket connected! Start @bookTicker [Future] process...
12:50:51.791144> WebSocket connected! Start @bookTicker [Future] process...
12:50:51.795143> (Closing... Elapsted: 115079 ms.)
12:50:51.801143> BookTicker was closed by Custom!
12:50:51.827147> (Closing... Elapsted: 115105 ms.)
12:50:51.828145> BookTicker was closed by Custom!
12:50:51.851146> (Closing... Elapsted: 115128 ms.)
12:50:51.851146> BookTicker was closed by Custom!
12:50:51.879148> (Closing... Elapsted: 115155 ms.)
12:50:51.879148> BookTicker was closed by Custom!
12:50:51.900149> (Closing... Elapsted: 115175 ms.)
12:50:51.900149> BookTicker was closed by Custom!
12:50:51.925152> (Closing... Elapsted: 115199 ms.)
12:50:51.925152> BookTicker was closed by Custom!
12:50:51.927152> WebSocket connected! Start @bookTicker [Future] process...
12:50:51.949153> (Closing... Elapsted: 115223 ms.)
12:50:51.949153> BookTicker was closed by Custom!
12:50:52.200167> (Closing... Elapsted: 115473 ms.)
12:50:52.200167> BookTicker was closed by Custom!
12:50:52.214165> WebSocket connected! Start @bookTicker [Future] process...
12:50:52.215168> WebSocket connected! Start @bookTicker [Future] process...
12:50:52.215168> WebSocket connected! Start @bookTicker [Future] process...
12:50:52.215168> WebSocket connected! Start @bookTicker [Future] process...
12:50:52.216167> WebSocket connected! Start @bookTicker [Future] process...
12:50:52.217169> WebSocket connected! Start @bookTicker [Future] process...
12:50:52.217169> WebSocket connected! Start @bookTicker [Future] process...
12:50:52.218169> WebSocket connected! Start @bookTicker [Future] process...
12:50:52.218169> WebSocket connected! Start @bookTicker [Future] process...
12:50:52.218169> WebSocket connected! Start @bookTicker [Future] process...
12:50:52.219170> WebSocket connected! Start @bookTicker [Future] process...
12:50:52.236167> (Closing... Elapsted: 115508 ms.)
12:50:52.236167> BookTicker was closed by Custom!
12:50:52.273171> WebSocket connected! Start @bookTicker [Future] process...
12:50:52.275170> WebSocket connected! Start @bookTicker [Future] process...
12:50:52.285171> (Closing... Elapsted: 115556 ms.)
12:50:52.285171> BookTicker was closed by Custom!
12:50:52.312173> WebSocket connected! Start @bookTicker [Future] process...
12:50:52.312173> WebSocket connected! Start @bookTicker [Future] process...
12:50:52.318174> (Closing... Elapsted: 115588 ms.)
12:50:52.318174> BookTicker was closed by Custom!
12:50:52.373181> WebSocket connected! Start @bookTicker [Future] process...
12:50:52.374177> WebSocket connected! Start @bookTicker [Future] process...
12:50:52.381176> (Closing... Elapsted: 115651 ms.)
12:50:52.505184> BookTicker was closed by Custom!
12:50:52.546186> WebSocket connected! Start @bookTicker [Future] process...
12:50:52.548186> (Closing... Elapsted: 115684 ms.)
12:50:52.549186> BookTicker was closed by Custom!
12:50:52.569189> WebSocket connected! Start @bookTicker [Future] process...
12:50:52.573188> (Closing... Elapsted: 115707 ms.)
12:50:52.573188> BookTicker was closed by Custom!
12:50:52.577190> (Closing... Elapsted: 115711 ms.)
12:50:52.578190> BookTicker was closed by Custom!
12:50:52.621190> (Closing... Elapsted: 115754 ms.)
12:50:52.621190> BookTicker was closed by Custom!
12:50:52.637191> (Closing... Elapsted: 115769 ms.)
12:50:52.638192> BookTicker was closed by Custom!
12:50:52.650192> (Closing... Elapsted: 115789 ms.)
12:50:52.660687> BookTicker was closed by Custom!
12:50:52.759199> (Closing... Elapsted: 115885 ms.)
12:50:52.759199> BookTicker was closed by Custom!
12:50:52.795199> (Closing... Elapsted: 115921 ms.)
12:50:52.796200> BookTicker was closed by Custom!
12:50:52.816201> (Closing... Elapsted: 115940 ms.)
12:50:52.816201> BookTicker was closed by Custom!
12:50:52.862219> WebSocket connected! Start @bookTicker [Future] process...
12:50:52.871209> WebSocket connected! Start @bookTicker [Future] process...
12:50:52.875215> WebSocket connected! Start @bookTicker [Future] process...
12:50:52.876210> WebSocket connected! Start @bookTicker [Future] process...
12:50:52.876210> WebSocket connected! Start @bookTicker [Future] process...
12:50:52.913208> (Closing... Elapsted: 116036 ms.)
12:50:52.932208> BookTicker was closed by Custom!
12:50:53.055214> WebSocket connected! Start @bookTicker [Future] process...
12:50:53.058215> WebSocket connected! Start @bookTicker [Future] process...
12:50:53.102221> (Closing... Elapsted: 116201 ms.)
12:50:53.102221> BookTicker was closed by Custom!
12:50:53.162223> (Closing... Elapsted: 116260 ms.)
12:50:53.162223> BookTicker was closed by Custom!
12:50:53.174223> (Closing... Elapsted: 116271 ms.)
12:50:53.175222> BookTicker was closed by Custom!
12:50:53.205688> (Closing... Elapsted: 116301 ms.)
12:50:53.224228> BookTicker was closed by Custom!
12:50:53.326229> (Closing... Elapsted: 116397 ms.)
12:50:53.333232> BookTicker was closed by Custom!
12:50:53.368234> WebSocket connected! Start @bookTicker [Future] process...
12:50:53.368234> WebSocket connected! Start @bookTicker [Future] process...
12:50:53.368234> WebSocket connected! Start @bookTicker [Future] process...
12:50:53.369233> WebSocket connected! Start @bookTicker [Future] process...
12:50:53.369233> WebSocket connected! Start @bookTicker [Future] process...
12:50:53.369233> WebSocket connected! Start @bookTicker [Future] process...
12:50:53.369233> WebSocket connected! Start @bookTicker [Future] process...
12:50:53.370233> WebSocket connected! Start @bookTicker [Future] process...
12:50:53.370233> WebSocket connected! Start @bookTicker [Future] process...
12:50:53.370233> WebSocket connected! Start @bookTicker [Future] process...
12:50:53.371235> WebSocket connected! Start @bookTicker [Future] process...
12:50:53.371235> WebSocket connected! Start @bookTicker [Future] process...
12:50:53.371235> WebSocket connected! Start @bookTicker [Future] process...
12:50:53.372233> WebSocket connected! Start @bookTicker [Future] process...
12:50:53.377234> (Closing... Elapsted: 116436 ms.)
12:50:53.378233> BookTicker was closed by Custom!
12:50:53.405235> (Closing... Elapsted: 116463 ms.)
12:50:53.405235> BookTicker was closed by Custom!
12:50:53.445238> (Closing... Elapsted: 116502 ms.)
12:50:53.445238> BookTicker was closed by Custom!
12:50:53.451238> (Closing... Elapsted: 116508 ms.)
12:50:53.451238> BookTicker was closed by Custom!
12:50:53.478240> (Closing... Elapsted: 116534 ms.)
12:50:53.479240> BookTicker was closed by Custom!
12:50:53.496239> (Closing... Elapsted: 116551 ms.)
12:50:53.497241> BookTicker was closed by Custom!
12:50:53.528242> (Closing... Elapsted: 116583 ms.)
12:50:53.529241> BookTicker was closed by Custom!
12:50:53.534243> (Closing... Elapsted: 116587 ms.)
12:50:53.534243> BookTicker was closed by Custom!
12:50:53.812257> (Closing... Elapsted: 116865 ms.)
12:50:53.813259> BookTicker was closed by Custom!
12:50:53.819258> (Closing... Elapsted: 116871 ms.)
12:50:53.820258> BookTicker was closed by Custom!
12:50:53.826257> WebSocket connected! Start @bookTicker [Future] process...
12:50:53.843260> (Closing... Elapsted: 116895 ms.)
12:50:53.844259> BookTicker was closed by Custom!
12:50:53.848259> (Closing... Elapsted: 116898 ms.)
12:50:53.848259> BookTicker was closed by Custom!
12:50:53.871261> (Closing... Elapsted: 116921 ms.)
12:50:53.871261> BookTicker was closed by Custom!
12:50:53.875263> (Closing... Elapsted: 116925 ms.)
12:50:53.875263> BookTicker was closed by Custom!
12:50:53.899263> (Closing... Elapsted: 116949 ms.)
12:50:53.900263> BookTicker was closed by Custom!
12:50:53.961265> (Closing... Elapsted: 117009 ms.)
12:50:53.966265> BookTicker was closed by Custom!
12:50:54.240282> (Closing... Elapsted: 117277 ms.)
12:50:54.240282> BookTicker was closed by Custom!
12:50:54.243284> WebSocket connected! Start @bookTicker [Future] process...
12:50:54.243284> WebSocket connected! Start @bookTicker [Future] process...
12:50:54.243284> WebSocket connected! Start @bookTicker [Future] process...
12:50:54.244282> WebSocket connected! Start @bookTicker [Future] process...
12:50:54.244282> WebSocket connected! Start @bookTicker [Future] process...
12:50:54.244282> WebSocket connected! Start @bookTicker [Future] process...
12:50:54.244282> WebSocket connected! Start @bookTicker [Future] process...
12:50:54.245286> WebSocket connected! Start @bookTicker [Future] process...
12:50:54.245286> WebSocket connected! Start @bookTicker [Future] process...
12:50:54.248288> (Closing... Elapsted: 117283 ms.)
12:50:54.248288> BookTicker was closed by Custom!
12:50:54.264286> WebSocket connected! Start @bookTicker [Future] process...
12:50:54.265286> WebSocket connected! Start @bookTicker [Future] process...
12:50:54.364291> (Closing... Elapsted: 117398 ms.)
12:50:54.375293> BookTicker was closed by Custom!
12:50:54.478294> (Closing... Elapsted: 117493 ms.)
12:50:54.488295> BookTicker was closed by Custom!
12:50:54.524300> WebSocket connected! Start @bookTicker [Future] process...
12:50:54.524300> WebSocket connected! Start @bookTicker [Future] process...
12:50:54.527298> (Closing... Elapsted: 117523 ms.)
12:50:54.527298> BookTicker was closed by Custom!
12:50:54.532298> (Closing... Elapsted: 117527 ms.)
12:50:54.532298> BookTicker was closed by Custom!
12:50:54.570304> (Closing... Elapsted: 117565 ms.)
12:50:54.571305> BookTicker was closed by Custom!
12:50:54.577307> (Closing... Elapsted: 117571 ms.)
12:50:54.578303> BookTicker was closed by Custom!
12:50:54.623305> BinanceFuture - Vxxv1AWf[USD_M] Reconect to WebSocket #
12:50:54.623305> WebSocket [SubscribeBookTickerStream()] [Closed] [future] and reconnect again [during Task.Delay]..
12:50:54.923324> (Closing... Elapsted: 117916 ms.)
12:50:54.923324> BookTicker was closed by Custom!
12:50:55.059329> (Closing... Elapsted: 118051 ms.)
12:50:55.059329> BookTicker was closed by Custom!
12:50:55.422352> (Closing... Elapsted: 118414 ms.)
12:50:55.423352> BookTicker was closed by Custom!
12:50:55.438352> (Closing... Elapsted: 118429 ms.)
12:50:55.439354> BookTicker was closed by Custom!
12:50:55.441353> WebSocket connected! Start @bookTicker [Future] process...
12:50:55.620386> (Closing... Elapsted: 118609 ms.)
12:50:55.621374> BookTicker was closed by Custom!
12:50:55.959389> (Closing... Elapsted: 118946 ms.)
12:50:55.959389> BookTicker was closed by Custom!
12:50:56.014385> WebSocket connected! Start @bookTicker [Future] process...
12:50:56.014385> WebSocket connected! Start @bookTicker [Future] process...
12:50:56.018384> (Closing... Elapsted: 119003 ms.)
12:50:56.018384> BookTicker was closed by Custom!
12:50:56.018384> WebSocket connected! Start @bookTicker [Future] process...
12:50:56.019386> WebSocket connected! Start @bookTicker [Future] process...
12:50:56.019386> WebSocket connected! Start @bookTicker [Future] process...
12:50:56.024388> (Closing... Elapsted: 119009 ms.)
12:50:56.024388> BookTicker was closed by Custom!
12:50:56.076388> (Closing... Elapsted: 119061 ms.)
12:50:56.077390> BookTicker was closed by Custom!
12:50:56.081388> (Closing... Elapsted: 119065 ms.)
12:50:56.081388> BookTicker was closed by Custom!
12:50:56.328405> (Closing... Elapsted: 119312 ms.)
12:50:56.329404> BookTicker was closed by Custom!
12:50:56.334404> (Closing... Elapsted: 119317 ms.)
12:50:56.335403> BookTicker was closed by Custom!
12:50:56.362406> WebSocket connected! Start @bookTicker [Future] process...
12:50:56.363405> WebSocket connected! Start @bookTicker [Future] process...
12:50:56.363405> WebSocket connected! Start @bookTicker [Future] process...
12:50:56.363405> WebSocket connected! Start @bookTicker [Future] process...
12:50:56.484413> (Closing... Elapsted: 119465 ms.)
12:50:56.484413> BookTicker was closed by Custom!
12:50:56.489414> (Closing... Elapsted: 119470 ms.)
12:50:56.489414> BookTicker was closed by Custom!
12:50:56.526415> (Closing... Elapsted: 119512 ms.)
12:50:56.568415> BookTicker was closed by Custom!
12:50:56.641421> (Closing... Elapsted: 119578 ms.)
12:50:56.646421> BookTicker was closed by Custom!
12:50:57.142449> WebSocket connected! Start @bookTicker [Future] process...
12:50:57.147451> WebSocket connected! Start @bookTicker [Future] process...
12:50:57.148450> WebSocket connected! Start @bookTicker [Future] process...
12:50:57.148450> WebSocket connected! Start @bookTicker [Future] process...
12:50:57.149450> WebSocket connected! Start @bookTicker [Future] process...
12:50:57.149450> WebSocket connected! Start @bookTicker [Future] process...
12:50:57.150451> WebSocket connected! Start @bookTicker [Future] process...
12:50:57.150451> WebSocket connected! Start @bookTicker [Future] process...
12:50:57.150451> WebSocket connected! Start @bookTicker [Future] process...
12:50:57.153449> (Closing... Elapsted: 120081 ms.)
12:50:57.153449> BookTicker was closed by Custom!
12:50:57.156451> (Closing... Elapsted: 120084 ms.)
12:50:57.157450> BookTicker was closed by Custom!
12:50:57.176452> WebSocket connected! Start @bookTicker [Future] process...
12:50:57.176452> WebSocket connected! Start @bookTicker [Future] process...
12:50:57.177451> WebSocket connected! Start @bookTicker [Future] process...
12:50:57.177451> WebSocket connected! Start @bookTicker [Future] process...
12:50:57.177451> WebSocket connected! Start @bookTicker [Future] process...
12:50:57.178451> WebSocket connected! Start @bookTicker [Future] process...
12:50:57.178451> WebSocket connected! Start @bookTicker [Future] process...
12:50:57.186450> (Closing... Elapsted: 120113 ms.)
12:50:57.187454> BookTicker was closed by Custom!
12:50:57.190451> (Closing... Elapsted: 120116 ms.)
12:50:57.191453> BookTicker was closed by Custom!
12:50:57.223453> (Closing... Elapsted: 120147 ms.)
12:50:57.223453> BookTicker was closed by Custom!
12:50:57.262455> (Closing... Elapsted: 120186 ms.)
12:50:57.263461> BookTicker was closed by Custom!
12:50:57.298458> (Closing... Elapsted: 120220 ms.)
12:50:57.298458> BookTicker was closed by Custom!
12:50:57.521472> (Closing... Elapsted: 120444 ms.)
12:50:57.522471> BookTicker was closed by Custom!
12:50:57.681486> (Closing... Elapsted: 120603 ms.)
12:50:57.683485> BookTicker was closed by Custom!
12:50:57.684491> WebSocket connected! Start @bookTicker [Future] process...
12:50:57.684491> WebSocket connected! Start @bookTicker [Future] process...
12:50:57.685483> WebSocket connected! Start @bookTicker [Future] process...
12:50:57.686482> WebSocket connected! Start @bookTicker [Future] process...
12:50:57.687498> WebSocket connected! Start @bookTicker [Future] process...
12:50:57.688483> WebSocket connected! Start @bookTicker [Future] process...
12:50:57.690490> WebSocket connected! Start @bookTicker [Future] process...
12:50:57.774483> (Closing... Elapsted: 120693 ms.)
12:50:57.867491> BookTicker was closed by Custom!
12:50:57.914496> (Closing... Elapsted: 120730 ms.)
12:50:57.914496> BookTicker was closed by Custom!
12:50:57.918495> WebSocket connected! Start @bookTicker [Future] process...
12:50:57.919495> WebSocket connected! Start @bookTicker [Future] process...
12:50:57.919495> WebSocket connected! Start @bookTicker [Future] process...
12:50:57.919495> WebSocket connected! Start @bookTicker [Future] process...
12:50:57.925493> (Closing... Elapsted: 120740 ms.)
12:50:57.926495> BookTicker was closed by Custom!
12:50:57.937495> WebSocket connected! Start @bookTicker [Future] process...
12:50:57.940495> (Closing... Elapsted: 120755 ms.)
12:50:57.941496> BookTicker was closed by Custom!
12:50:58.051502> (Closing... Elapsted: 120865 ms.)
12:50:58.052503> BookTicker was closed by Custom!
12:50:58.084504> (Closing... Elapsted: 120897 ms.)
12:50:58.090504> BookTicker was closed by Custom!
12:50:58.330518> (Closing... Elapsted: 121137 ms.)
12:50:58.331520> BookTicker was closed by Custom!
12:50:58.341518> (Closing... Elapsted: 121147 ms.)
12:50:58.341518> BookTicker was closed by Custom!
12:50:58.374519> (Closing... Elapsted: 121179 ms.)
12:50:58.374519> BookTicker was closed by Custom!
12:50:58.389521> (Closing... Elapsted: 121193 ms.)
12:50:58.389521> BookTicker was closed by Custom!
12:50:58.417522> (Closing... Elapsted: 121221 ms.)
12:50:58.417522> BookTicker was closed by Custom!
12:50:58.428522> (Closing... Elapsted: 121231 ms.)
12:50:58.428522> BookTicker was closed by Custom!
12:50:58.452525> (Closing... Elapsted: 121254 ms.)
12:50:58.452525> BookTicker was closed by Custom!
12:50:58.783543> (Closing... Elapsted: 121584 ms.)
12:50:58.783543> BookTicker was closed by Custom!
12:50:58.810545> (Closing... Elapsted: 121611 ms.)
12:50:58.810545> BookTicker was closed by Custom!
12:50:58.837547> WebSocket connected! Start @bookTicker [Future] process...
12:50:58.843551> (Closing... Elapsted: 121644 ms.)
12:50:58.844555> BookTicker was closed by Custom!
12:50:59.107561> (Closing... Elapsted: 121905 ms.)
12:50:59.107561> BookTicker was closed by Custom!
12:50:59.113563> (Closing... Elapsted: 121911 ms.)
12:50:59.114564> BookTicker was closed by Custom!
12:50:59.141564> WebSocket connected! Start @bookTicker [Future] process...
12:50:59.142564> WebSocket connected! Start @bookTicker [Future] process...
12:50:59.142564> WebSocket connected! Start @bookTicker [Future] process...
12:50:59.149566> (Closing... Elapsted: 121946 ms.)
12:50:59.149566> BookTicker was closed by Custom!
12:50:59.156565> (Closing... Elapsted: 121951 ms.)
12:50:59.156565> BookTicker was closed by Custom!
12:50:59.194568> (Closing... Elapsted: 121989 ms.)
12:50:59.194568> BookTicker was closed by Custom!
12:50:59.201569> (Closing... Elapsted: 121995 ms.)
12:50:59.201569> BookTicker was closed by Custom!
12:50:59.229569> (Closing... Elapsted: 122022 ms.)
12:50:59.229569> BookTicker was closed by Custom!
12:50:59.234569> (Closing... Elapsted: 122027 ms.)
12:50:59.234569> BookTicker was closed by Custom!
12:50:59.371575> (Closing... Elapsted: 122160 ms.)
12:50:59.378577> BookTicker was closed by Custom!
12:50:59.473584> (Closing... Elapsted: 122250 ms.)
12:50:59.473584> BookTicker was closed by Custom!
12:50:59.506596> WebSocket connected! Start @bookTicker [Future] process...
12:50:59.507602> WebSocket connected! Start @bookTicker [Future] process...
12:50:59.507602> WebSocket connected! Start @bookTicker [Future] process...
12:50:59.933608> (Closing... Elapsted: 122710 ms.)
12:50:59.933608> BookTicker was closed by Custom!
12:50:59.936608> (Closing... Elapsted: 122712 ms.)
12:50:59.936608> BookTicker was closed by Custom!
12:50:59.985613> WebSocket connected! Start @depth [Future] process...
12:50:59.985613> WebSocket connected! Start @bookTicker [Future] process...
12:50:59.986614> WebSocket connected! Start @bookTicker [Future] process...
12:50:59.986614> WebSocket connected! Start @bookTicker [Future] process...
12:50:59.989613> WebSocket connected! Start @bookTicker [Future] process...
12:50:59.990614> WebSocket connected! Start @bookTicker [Future] process...
12:50:59.990614> WebSocket connected! Start @bookTicker [Future] process...
12:51:00.018616> WebSocket connected! Start @bookTicker [Future] process...
12:51:00.022615> (Closing... Elapsted: 122797 ms.)
12:51:00.022615> BookTicker was closed by Custom!
12:51:00.025616> (Closing... Elapsted: 122800 ms.)
12:51:00.028616> BookTicker was closed by Custom!
12:51:00.302630> (Closing... Elapsted: 123074 ms.)
12:51:00.303631> BookTicker was closed by Custom!
12:51:00.305631> (Closing... Elapsted: 123076 ms.)
12:51:00.305631> BookTicker was closed by Custom!
12:51:00.386638> WebSocket connected! Start @bookTicker [Future] process...
12:51:00.814660> (Closing... Elapsted: 123561 ms.)
12:51:00.832661> BookTicker was closed by Custom!
12:51:00.835661> (Closing... Elapsted: 123564 ms.)
12:51:00.835661> BookTicker was closed by Custom!
12:51:00.875663> WebSocket connected! Start @bookTicker [Future] process...
12:51:00.912666> (Closing... Elapsted: 123640 ms.)
12:51:00.912666> BookTicker was closed by Custom!
12:51:00.914668> (Closing... Elapsted: 123644 ms.)
12:51:00.926665> BookTicker was closed by Custom!
12:51:01.134682> (Closing... Elapsted: 123834 ms.)
12:51:01.135684> BookTicker was closed by Custom!
12:51:01.135684> WebSocket connected! Start @bookTicker [Future] process...
12:51:01.136680> WebSocket connected! Start @bookTicker [Future] process...
12:51:01.136680> WebSocket connected! Start @bookTicker [Future] process...
12:51:01.140678> (Closing... Elapsted: 123839 ms.)
12:51:01.141678> BookTicker was closed by Custom!
12:51:01.162680> WebSocket connected! Start @bookTicker [Future] process...
12:51:01.170683> (Closing... Elapsted: 123867 ms.)
12:51:01.170683> BookTicker was closed by Custom!
12:51:01.175680> (Closing... Elapsted: 123872 ms.)
12:51:01.176681> BookTicker was closed by Custom!
12:51:01.212683> (Closing... Elapsted: 123907 ms.)
12:51:01.212683> BookTicker was closed by Custom!
12:51:01.216684> (Closing... Elapsted: 123911 ms.)
12:51:01.217685> BookTicker was closed by Custom!
12:51:01.256686> (Closing... Elapsted: 123950 ms.)
12:51:01.256686> BookTicker was closed by Custom!
12:51:01.260684> (Closing... Elapsted: 123953 ms.)
12:51:01.260684> BookTicker was closed by Custom!
12:51:01.312687> (Closing... Elapsted: 124004 ms.)
12:51:01.312687> BookTicker was closed by Custom!
12:51:01.374690> (Closing... Elapsted: 124065 ms.)
12:51:01.379693> BookTicker was closed by Custom!
12:51:01.509698> (Closing... Elapsted: 124192 ms.)
12:51:01.509698> BookTicker was closed by Custom!
12:51:01.510700> WebSocket connected! Start @bookTicker [Future] process...
12:51:01.510700> WebSocket connected! Start @bookTicker [Future] process...
12:51:01.511700> WebSocket connected! Start @bookTicker [Future] process...
12:51:01.511700> WebSocket connected! Start @bookTicker [Future] process...
12:51:01.512700> WebSocket connected! Start @bookTicker [Future] process...
12:51:01.512700> WebSocket connected! Start @bookTicker [Future] process...
12:51:01.512700> WebSocket connected! Start @bookTicker [Future] process...
12:51:01.513700> WebSocket connected! Start @bookTicker [Future] process...
12:51:01.513700> WebSocket connected! Start @bookTicker [Future] process...
12:51:01.514701> WebSocket connected! Start @bookTicker [Future] process...
12:51:01.514701> WebSocket connected! Start @bookTicker [Future] process...
12:51:01.515702> WebSocket connected! Start @bookTicker [Future] process...
12:51:01.516701> WebSocket connected! Start @bookTicker [Future] process...
12:51:01.516701> WebSocket connected! Start @bookTicker [Future] process...
12:51:01.562702> (Closing... Elapsted: 124244 ms.)
12:51:01.563703> BookTicker was closed by Custom!
12:51:02.036731> (Closing... Elapsted: 124717 ms.)
12:51:02.037731> BookTicker was closed by Custom!
12:51:02.037731> WebSocket connected! Start @bookTicker [Future] process...
12:51:02.050731> WebSocket connected! Start @bookTicker [Future] process...
12:51:02.050731> WebSocket connected! Start @bookTicker [Future] process...
12:51:02.051731> WebSocket connected! Start @bookTicker [Future] process...
12:51:02.051731> WebSocket connected! Start @bookTicker [Future] process...
12:51:02.052731> WebSocket connected! Start @bookTicker [Future] process...
12:51:02.053736> WebSocket connected! Start @bookTicker [Future] process...
12:51:02.053736> WebSocket connected! Start @bookTicker [Future] process...
12:51:02.053736> WebSocket connected! Start @bookTicker [Future] process...
12:51:02.054732> WebSocket connected! Start @bookTicker [Future] process...
12:51:02.049731> (Closing... Elapsted: 124729 ms.)
12:51:02.056732> BookTicker was closed by Custom!
12:51:02.268744> (Closing... Elapsted: 124940 ms.)
12:51:02.268744> BookTicker was closed by Custom!
12:51:02.274747> (Closing... Elapsted: 124946 ms.)
12:51:02.274747> BookTicker was closed by Custom!
12:51:02.299747> WebSocket connected! Start @bookTicker [Future] process...
12:51:02.299747> WebSocket connected! Start @bookTicker [Future] process...
12:51:02.300745> WebSocket connected! Start @bookTicker [Future] process...
12:51:02.361754> WebSocket connected! Start @bookTicker [Future] process...
12:51:02.613764> (Closing... Elapsted: 125284 ms.)
12:51:02.614764> BookTicker was closed by Custom!
12:51:02.623765> (Closing... Elapsted: 125293 ms.)
12:51:02.631764> BookTicker was closed by Custom!
12:51:02.674768> (Closing... Elapsted: 125336 ms.)
12:51:02.675766> BookTicker was closed by Custom!
12:51:02.682766> (Closing... Elapsted: 125343 ms.)
12:51:02.683767> BookTicker was closed by Custom!
12:51:02.978785> (Closing... Elapsted: 125638 ms.)
12:51:02.979786> BookTicker was closed by Custom!
12:51:03.098790> (Closing... Elapsted: 125757 ms.)
12:51:03.101792> BookTicker was closed by Custom!
12:51:03.265801> WebSocket connected! Start @bookTicker [Future] process...
12:51:03.319804> WebSocket connected! Start @bookTicker [Future] process...
12:51:03.319804> WebSocket connected! Start @bookTicker [Future] process...
12:51:03.429811> (Closing... Elapsted: 126084 ms.)
12:51:03.429811> BookTicker was closed by Custom!
12:51:03.443811> (Closing... Elapsted: 126097 ms.)
12:51:03.443811> BookTicker was closed by Custom!
12:51:03.446813> WebSocket connected! Start @bookTicker [Future] process...
12:51:03.447812> WebSocket connected! Start @bookTicker [Future] process...
12:51:03.447812> WebSocket connected! Start @bookTicker [Future] process...
12:51:03.448812> WebSocket connected! Start @bookTicker [Future] process...
12:51:03.448812> WebSocket connected! Start @bookTicker [Future] process...
12:51:03.447812> WebSocket connected! Start @bookTicker [Future] process...
12:51:03.475813> (Closing... Elapsted: 126128 ms.)
12:51:03.475813> BookTicker was closed by Custom!
12:51:03.483814> (Closing... Elapsted: 126136 ms.)
12:51:03.483814> BookTicker was closed by Custom!
12:51:03.511820> (Closing... Elapsted: 126163 ms.)
12:51:03.512814> BookTicker was closed by Custom!
12:51:03.540815> (Closing... Elapsted: 126191 ms.)
12:51:03.540815> BookTicker was closed by Custom!
12:51:03.569818> (Closing... Elapsted: 126220 ms.)
12:51:03.570819> BookTicker was closed by Custom!
12:51:03.593820> (Closing... Elapsted: 126242 ms.)
12:51:03.593820> BookTicker was closed by Custom!
12:51:03.598821> WebSocket connected! Start @bookTicker [Future] process...
12:51:03.599819> WebSocket connected! Start @bookTicker [Future] process...
12:51:03.615821> WebSocket connected! Start @bookTicker [Future] process...
12:51:03.621824> (Closing... Elapsted: 126270 ms.)
12:51:03.621824> BookTicker was closed by Custom!
12:51:03.626822> (Closing... Elapsted: 126283 ms.)
12:51:03.626822> BookTicker was closed by Custom!
12:51:03.813830> (Closing... Elapsted: 126461 ms.)
12:51:03.814831> BookTicker was closed by Custom!
12:51:03.837833> (Closing... Elapsted: 126484 ms.)
12:51:03.838833> BookTicker was closed by Custom!
12:51:03.839834> WebSocket connected! Start @bookTicker [Future] process...
12:51:03.840837> WebSocket connected! Start @bookTicker [Future] process...
12:51:03.840837> WebSocket connected! Start @bookTicker [Future] process...
12:51:03.867836> WebSocket connected! Start @bookTicker [Future] process...
12:51:03.871835> (Closing... Elapsted: 126516 ms.)
12:51:03.871835> BookTicker was closed by Custom!
12:51:03.909839> (Closing... Elapsted: 126538 ms.)
12:51:03.909839> BookTicker was closed by Custom!
12:51:04.386865> (Closing... Elapsted: 127014 ms.)
12:51:04.611876> BookTicker was closed by Custom!
12:51:04.618876> (Closing... Elapsted: 127019 ms.)
12:51:04.618876> BookTicker was closed by Custom!
12:51:04.619879> WebSocket connected! Start @bookTicker [Future] process...
12:51:04.619879> WebSocket connected! Start @bookTicker [Future] process...
12:51:04.620884> WebSocket connected! Start @bookTicker [Future] process...
12:51:04.620884> WebSocket connected! Start @bookTicker [Future] process...
12:51:04.620884> WebSocket connected! Start @bookTicker [Future] process...
12:51:04.620884> WebSocket connected! Start @bookTicker [Future] process...
12:51:04.621879> WebSocket connected! Start @bookTicker [Future] process...
12:51:04.649888> WebSocket connected! Start @bookTicker [Future] process...
12:51:04.649888> WebSocket connected! Start @bookTicker [Future] process...
12:51:04.653882> (Closing... Elapsted: 127053 ms.)
12:51:04.653882> BookTicker was closed by Custom!
12:51:04.658880> (Closing... Elapsted: 127057 ms.)
12:51:04.658880> BookTicker was closed by Custom!
12:51:04.733885> (Closing... Elapsted: 127132 ms.)
12:51:04.734884> BookTicker was closed by Custom!
12:51:04.738886> (Closing... Elapsted: 127135 ms.)
12:51:04.738886> BookTicker was closed by Custom!
12:51:04.797889> (Closing... Elapsted: 127195 ms.)
12:51:04.797889> BookTicker was closed by Custom!
12:51:04.797889> (Closing... Elapsted: 127199 ms.)
12:51:04.797889> BookTicker was closed by Custom!
12:51:05.036903> (Closing... Elapsted: 127432 ms.)
12:51:05.037902> BookTicker was closed by Custom!
12:51:05.041901> (Closing... Elapsted: 127436 ms.)
12:51:05.041901> BookTicker was closed by Custom!
12:51:06.183967> (Closing... Elapsted: 128577 ms.)
12:51:06.183967> BookTicker was closed by Custom!
12:51:06.189968> (Closing... Elapsted: 128583 ms.)
12:51:06.189968> BookTicker was closed by Custom!
12:51:06.214969> WebSocket connected! Start @bookTicker [Future] process...
12:51:06.217974> WebSocket connected! Start @bookTicker [Future] process...
12:51:06.218974> WebSocket connected! Start @bookTicker [Future] process...
12:51:06.218974> WebSocket connected! Start @bookTicker [Future] process...
12:51:06.218974> WebSocket connected! Start @bookTicker [Future] process...
12:51:06.219974> WebSocket connected! Start @bookTicker [Future] process...
12:51:06.219974> WebSocket connected! Start @bookTicker [Future] process...
12:51:06.283976> (Closing... Elapsted: 128676 ms.)
12:51:06.284974> BookTicker was closed by Custom!
12:51:06.291975> (Closing... Elapsted: 128683 ms.)
12:51:06.292978> BookTicker was closed by Custom!
12:51:06.344976> (Closing... Elapsted: 128734 ms.)
12:51:06.393979> BookTicker was closed by Custom!
12:51:06.467982> (Closing... Elapsted: 128799 ms.)
12:51:06.473984> BookTicker was closed by Custom!
12:51:06.692000> WebSocket connected! Start @bookTicker [Future] process...
12:51:06.702000> (Closing... Elapsted: 129022 ms.)
12:51:06.703003> BookTicker was closed by Custom!
12:51:06.719998> (Closing... Elapsted: 129038 ms.)
12:51:06.719998> BookTicker was closed by Custom!
12:51:06.763012> (Closing... Elapsted: 129080 ms.)
12:51:06.765015> BookTicker was closed by Custom!
12:51:06.772001> (Closing... Elapsted: 129086 ms.)
12:51:06.772001> BookTicker was closed by Custom!
12:51:06.985013> (Closing... Elapsted: 129299 ms.)
12:51:06.988016> BookTicker was closed by Custom!
12:51:06.996014> (Closing... Elapsted: 129306 ms.)
12:51:06.996014> BookTicker was closed by Custom!
12:51:07.050016> WebSocket connected! Start @bookTicker [Future] process...
12:51:07.051020> WebSocket connected! Start @bookTicker [Future] process...
12:51:07.058017> (Closing... Elapsted: 129367 ms.)
12:51:07.059019> BookTicker was closed by Custom!
12:51:07.063017> (Closing... Elapsted: 129371 ms.)
12:51:07.064021> BookTicker was closed by Custom!
12:51:07.100021> (Closing... Elapsted: 129407 ms.)
12:51:07.100021> BookTicker was closed by Custom!
12:51:07.104019> (Closing... Elapsted: 129411 ms.)
12:51:07.104019> BookTicker was closed by Custom!
12:51:07.146024> (Closing... Elapsted: 129452 ms.)
12:51:07.146024> BookTicker was closed by Custom!
12:51:07.196032> (Closing... Elapsted: 129501 ms.)
12:51:07.202026> BookTicker was closed by Custom!
12:51:07.285031> WebSocket connected! Start @bookTicker [Future] process...
12:51:07.287033> (Closing... Elapsted: 129581 ms.)
12:51:07.288031> WebSocket connected! Start @bookTicker [Future] process...
12:51:07.298033> WebSocket connected! Start @bookTicker [Future] process...
12:51:07.300032> BookTicker was closed by Custom!
12:51:07.335036> (Closing... Elapsted: 129617 ms.)
12:51:07.335036> BookTicker was closed by Custom!
12:51:07.351036> (Closing... Elapsted: 129632 ms.)
12:51:07.351036> BookTicker was closed by Custom!
12:51:07.689053> (Closing... Elapsted: 129970 ms.)
12:51:07.690054> BookTicker was closed by Custom!
12:51:07.711056> (Closing... Elapsted: 129990 ms.)
12:51:07.711056> BookTicker was closed by Custom!
12:51:07.712059> WebSocket connected! Start @bookTicker [Future] process...
12:51:07.712059> WebSocket connected! Start @bookTicker [Future] process...
12:51:07.712059> WebSocket connected! Start @bookTicker [Future] process...
12:51:07.713056> WebSocket connected! Start @bookTicker [Future] process...
12:51:07.713056> WebSocket connected! Start @bookTicker [Future] process...
12:51:07.713056> WebSocket connected! Start @bookTicker [Future] process...
12:51:07.713056> WebSocket connected! Start @bookTicker [Future] process...
12:51:07.714055> WebSocket connected! Start @bookTicker [Future] process...
12:51:07.714055> WebSocket connected! Start @bookTicker [Future] process...
12:51:07.714055> WebSocket connected! Start @bookTicker [Future] process...
12:51:07.714055> WebSocket connected! Start @bookTicker [Future] process...
12:51:07.715057> WebSocket connected! Start @bookTicker [Future] process...
12:51:07.715057> WebSocket connected! Start @bookTicker [Future] process...
12:51:07.715057> WebSocket connected! Start @bookTicker [Future] process...
12:51:07.715057> WebSocket connected! Start @bookTicker [Future] process...
12:51:07.716056> WebSocket connected! Start @bookTicker [Future] process...
12:51:07.734057> WebSocket connected! Start @bookTicker [Future] process...
12:51:07.738055> WebSocket connected! Start @bookTicker [Future] process...
12:51:07.739059> WebSocket connected! Start @bookTicker [Future] process...
12:51:07.759060> (Closing... Elapsted: 130037 ms.)
12:51:07.759060> BookTicker was closed by Custom!
12:51:07.772061> (Closing... Elapsted: 130050 ms.)
12:51:07.773060> BookTicker was closed by Custom!
12:51:07.971072> (Closing... Elapsted: 130248 ms.)
12:51:07.972072> BookTicker was closed by Custom!
12:51:07.997073> (Closing... Elapsted: 130273 ms.)
12:51:07.997073> BookTicker was closed by Custom!
12:51:08.009073> WebSocket connected! Start @bookTicker [Future] process...
12:51:08.034073> (Closing... Elapsted: 130310 ms.)
12:51:08.035075> BookTicker was closed by Custom!
12:51:08.051075> (Closing... Elapsted: 130326 ms.)
12:51:08.052076> BookTicker was closed by Custom!
12:51:08.092085> (Closing... Elapsted: 130365 ms.)
12:51:08.092085> BookTicker was closed by Custom!
12:51:08.108079> (Closing... Elapsted: 130381 ms.)
12:51:08.108079> BookTicker was closed by Custom!
12:51:08.150082> (Closing... Elapsted: 130422 ms.)
12:51:08.150082> BookTicker was closed by Custom!
12:51:08.160081> (Closing... Elapsted: 130431 ms.)
12:51:08.160081> BookTicker was closed by Custom!
12:51:08.193082> (Closing... Elapsted: 130466 ms.)
12:51:08.235084> BookTicker was closed by Custom!
12:51:08.403095> (Closing... Elapsted: 130599 ms.)
12:51:08.403095> BookTicker was closed by Custom!
12:51:08.435096> WebSocket connected! Start @bookTicker [Future] process...
12:51:08.435096> WebSocket connected! Start @bookTicker [Future] process...
12:51:08.439096> (Closing... Elapsted: 130635 ms.)
12:51:08.439096> BookTicker was closed by Custom!
12:51:08.458097> (Closing... Elapsted: 130653 ms.)
12:51:08.458097> BookTicker was closed by Custom!
12:51:08.761114> (Closing... Elapsted: 130955 ms.)
12:51:08.761114> BookTicker was closed by Custom!
12:51:08.783118> (Closing... Elapsted: 130976 ms.)
12:51:08.783118> BookTicker was closed by Custom!
12:51:08.796121> WebSocket connected! Start @bookTicker [Future] process...
12:51:08.797118> WebSocket connected! Start @bookTicker [Future] process...
12:51:08.797118> WebSocket connected! Start @bookTicker [Future] process...
12:51:08.798120> WebSocket connected! Start @bookTicker [Future] process...
12:51:09.222142> (Closing... Elapsted: 131415 ms.)
12:51:09.227149> BookTicker was closed by Custom!
12:51:09.313155> (Closing... Elapsted: 131498 ms.)
12:51:09.315160> BookTicker was closed by Custom!
12:51:09.545161> WebSocket connected! Start @bookTicker [Future] process...
12:51:09.553163> (Closing... Elapsted: 131735 ms.)
12:51:09.553163> BookTicker was closed by Custom!
12:51:09.587161> (Closing... Elapsted: 131769 ms.)
12:51:09.588161> BookTicker was closed by Custom!
12:51:09.642165> (Closing... Elapsted: 131822 ms.)
12:51:09.642165> BookTicker was closed by Custom!
12:51:09.675171> (Closing... Elapsted: 131854 ms.)
12:51:09.676168> BookTicker was closed by Custom!
12:51:09.855180> (Closing... Elapsted: 132033 ms.)
12:51:09.856181> BookTicker was closed by Custom!
12:51:09.875179> (Closing... Elapsted: 132052 ms.)
12:51:09.876180> BookTicker was closed by Custom!
12:51:09.901183> WebSocket connected! Start @bookTicker [Future] process...
12:51:09.902182> WebSocket connected! Start @bookTicker [Future] process...
12:51:09.926184> (Closing... Elapsted: 132102 ms.)
12:51:09.926184> BookTicker was closed by Custom!
12:51:09.943182> (Closing... Elapsted: 132119 ms.)
12:51:09.944183> BookTicker was closed by Custom!
12:51:09.977185> (Closing... Elapsted: 132151 ms.)
12:51:09.977185> BookTicker was closed by Custom!
12:51:10.000187> (Closing... Elapsted: 132175 ms.)
12:51:10.001187> BookTicker was closed by Custom!
12:51:10.039191> (Closing... Elapsted: 132213 ms.)
12:51:10.040187> BookTicker was closed by Custom!
12:51:10.069191> (Closing... Elapsted: 132242 ms.)
12:51:10.070191> BookTicker was closed by Custom!
12:51:10.330206> (Closing... Elapsted: 132501 ms.)
12:51:10.332206> BookTicker was closed by Custom!
12:51:10.338208> (Closing... Elapsted: 132506 ms.)
12:51:10.338208> BookTicker was closed by Custom!
12:51:10.738227> WebSocket connected! Start @bookTicker [Future] process...
12:51:10.742228> WebSocket connected! Start @bookTicker [Future] process...
12:51:10.743228> WebSocket connected! Start @bookTicker [Future] process...
12:51:10.743228> WebSocket connected! Start @bookTicker [Future] process...
12:51:10.755228> (Closing... Elapsted: 132922 ms.)
12:51:10.756227> BookTicker was closed by Custom!
12:51:10.759228> (Closing... Elapsted: 132926 ms.)
12:51:10.760232> BookTicker was closed by Custom!
12:51:10.760232> WebSocket connected! Start @bookTicker [Future] process...
12:51:10.778232> WebSocket connected! Start @bookTicker [Future] process...
12:51:10.778232> WebSocket connected! Start @bookTicker [Future] process...
12:51:10.779232> WebSocket connected! Start @bookTicker [Future] process...
12:51:10.779232> WebSocket connected! Start @bookTicker [Future] process...
12:51:10.779232> WebSocket connected! Start @bookTicker [Future] process...
12:51:11.107249> (Closing... Elapsted: 133273 ms.)
12:51:11.107249> BookTicker was closed by Custom!
12:51:11.111251> (Closing... Elapsted: 133276 ms.)
12:51:11.111251> BookTicker was closed by Custom!
12:51:11.522272> (Closing... Elapsted: 133687 ms.)
12:51:11.523274> BookTicker was closed by Custom!
12:51:11.871294> (Closing... Elapsted: 134035 ms.)
12:51:11.873296> BookTicker was closed by Custom!
12:51:11.964303> (Closing... Elapsted: 134126 ms.)
12:51:11.966302> BookTicker was closed by Custom!
12:51:12.010318> (Closing... Elapsted: 134169 ms.)
12:51:12.011304> BookTicker was closed by Custom!
12:51:12.067305> (Closing... Elapsted: 134228 ms.)
12:51:12.067305> BookTicker was closed by Custom!
12:51:12.322321> (Closing... Elapsted: 134359 ms.)
12:51:12.322321> BookTicker was closed by Custom!
12:51:12.394323> WebSocket connected! Start @bookTicker [Future] process...
12:51:12.395325> WebSocket connected! Start @bookTicker [Future] process...
12:51:12.395325> WebSocket connected! Start @bookTicker [Future] process...
12:51:12.395325> WebSocket connected! Start @bookTicker [Future] process...
12:51:12.396325> WebSocket connected! Start @bookTicker [Future] process...
12:51:12.396325> WebSocket connected! Start @bookTicker [Future] process...
12:51:12.401327> (Closing... Elapsted: 134438 ms.)
12:51:12.402327> BookTicker was closed by Custom!
12:51:12.437328> (Closing... Elapsted: 134472 ms.)
12:51:12.438328> BookTicker was closed by Custom!
12:51:13.097366> (Closing... Elapsted: 135132 ms.)
12:51:13.134367> BookTicker was closed by Custom!
12:51:13.142368> (Closing... Elapsted: 135138 ms.)
12:51:13.142368> BookTicker was closed by Custom!
12:51:13.143369> WebSocket connected! Start @bookTicker [Future] process...
12:51:13.143369> WebSocket connected! Start @bookTicker [Future] process...
12:51:13.144368> WebSocket connected! Start @bookTicker [Future] process...
12:51:13.144368> WebSocket connected! Start @bookTicker [Future] process...
12:51:13.144368> WebSocket connected! Start @bookTicker [Future] process...
12:51:13.145368> WebSocket connected! Start @bookTicker [Future] process...
12:51:13.145368> WebSocket connected! Start @bookTicker [Future] process...
12:51:13.626395> WebSocket connected! Start @bookTicker [Future] process...
12:51:13.627396> WebSocket connected! Start @bookTicker [Future] process...
