14:17:06.879071> Binance - Vxxv1AWf[SPOT] SPOT Balance: 0.00000000 USDT
14:17:07.213741> WebSocket connected! Start @bookTicker [Future] process...
14:17:07.213741> WebSocket connected! Start @bookTicker ...
14:17:07.330746> (Closing... Elapsted: 51427330 ms.)
14:17:07.338762> BookTicker was closed by Custom!
14:17:07.411000> WebSocket connected! Start Partial @depth20 [Future] process...
14:17:07.416968> Lenta has started...Start SubscribeToAggTradeStream @aggTrade [future] process...
14:17:07.425956> WebSocket connected! Start @depth [Future] process...
14:17:07.426956> WebSocket connected! Start Partial @depth20 [SPOT] process...
14:17:07.461957> Lenta has started...Start SubscribeToTradeStream @trade [{accType}] process...
14:17:07.474961> WebSocket connected! Start Partial @depth20 [SPOT] process...
14:17:07.475961> WebSocket connected! Start [SPOT] @depth@100ms process...
14:17:07.476958> Lenta has started...Start SubscribeToTradeStream @trade [{accType}] process...
14:17:07.476958> WebSocket connected! Start [SPOT] @depth@100ms process...
14:17:07.503971> WebSocket connected! Start @bookTicker ...
14:17:07.566964> (Closing... Elapsted: 51427566 ms.)
14:17:07.569964> MarketDepth was closed by Custom!
14:17:07.700971> BinanceFuture - Vxxv1AWf[USD_M] USD_M Balance: 6.25838444 USDT
14:17:07.737978> Lenta has started...Start SubscribeToAggTradeStream @aggTrade [future] process...
14:17:07.745981> WebSocket connected! Start Partial @depth20 [Future] process...
14:17:07.768988> WebSocket connected! Start @bookTicker [Future] process...
14:17:08.332607> WebSocket connected! Start @bookTicker [Future] process...
14:17:08.621671> WebSocket connected! Start @depth [Future] process...
14:17:12.629387> (Closing... Elapsted: 51432629 ms.)
14:17:13.632898> Lenta has started...Start SubscribeToAggTradeStream @aggTrade [future] process...
14:17:17.961797> BinanceFuture - Vxxv1AWf[USD_M] Reconect to WebSocket #
14:17:17.963799> WebSocket [SubscribeToAggTradeStream()] [Closed] [future] and reconnect again [with Task.Delay]..
14:17:18.971542> Lenta has started...Start SubscribeToAggTradeStream @aggTrade [future] process...
14:17:37.653272> (Closing... Elapsted: 30080 ms.)
14:17:38.648334> WebSocket connected! Start @depth [Future] process...
14:17:43.008310> BinanceFuture - Vxxv1AWf[USD_M] Reconect to WebSocket #
14:17:43.008310> WebSocket [ConnectToDepthStream()] [Closed] [future] and reconnect again [during Task.Delay]..
14:17:44.137375> WebSocket connected! Start @depth [Future] process...
