17:27:39.985083> Binance - Vxxv1AWf[MARGIN] MARGIN Balance: 0.53417547 USDT
17:27:40.008075> WebSocket connected! Start @depth [Future] process...
17:27:40.009076> WebSocket connected! Start Partial @depth20 [MARGIN] process...
17:27:40.009076> WebSocket connected! Start @bookTicker ...
17:27:40.010076> WebSocket connected! Start [MARGIN] @depth@100ms process...
17:27:40.034077> WebSocket connected! Start Partial @depth20 [Future] process...
17:27:40.039077> Lenta has started...Start SubscribeToTradeStream @trade [{accType}] process...
17:27:40.051077> Lenta has started...Start SubscribeToAggTradeStream @aggTrade [future] process...
17:27:40.055078> WebSocket connected! Start @bookTicker [Future] process...
17:27:40.160100> WebSocket connected! Start Partial @depth20 [MARGIN] process...
17:27:40.183085> WebSocket connected! Start [MARGIN] @depth@100ms process...
17:27:40.227091> Lenta has started...Start SubscribeToTradeStream @trade [{accType}] process...
17:27:40.237088> WebSocket connected! Start @bookTicker ...
17:27:40.839943> Lenta has started...Start SubscribeToAggTradeStream @aggTrade [future] process...
17:27:40.856948> WebSocket connected! Start @bookTicker [Future] process...
17:27:40.892944> WebSocket connected! Start @depth [Future] process...
17:27:40.900941> WebSocket connected! Start Partial @depth20 [Future] process...
17:27:41.380018> BinanceFuture - Vxxv1AWf[USD_M] USD_M Balance: 18.14083188 USDT
17:30:04.512870> WebSocket [SubscribeBookTickerStream()] [future] error: Received an unexpected EOF or 0 bytes from the transport stream.
17:30:09.563158> BinanceFuture - Vxxv1AWf[USD_M] Reconect to WebSocket #
17:30:09.565158> WebSocket [SubscribeBookTickerStream()] [Closed] [future] and reconnect again [during Task.Delay]..
17:30:11.374264> WebSocket connected! Start @depth [Future] process...
17:31:41.671442> WebSocket [SubscribeBookTickerStream()] [future] error: Unable to read data from the transport connection: An existing connection was forcibly closed by the remote host.
17:31:47.196754> BinanceFuture - Vxxv1AWf[USD_M] Reconect to WebSocket #
17:31:47.285760> WebSocket [SubscribeBookTickerStream()] [Closed] [future] and reconnect again [during Task.Delay]..
17:31:50.896968> WebSocket connected! Start @depth [Future] process...
17:32:41.588876> Unable to read data from the transport connection: An existing connection was forcibly closed by the remote host.
17:32:42.784945> Unable to read data from the transport connection: An existing connection was forcibly closed by the remote host.
17:32:42.937954> WebSocket [ConnectToDepthStream()] [future] error: Unable to read data from the transport connection: An existing connection was forcibly closed by the remote host.
17:32:46.734170> BinanceFuture - Vxxv1AWf[USD_M] Reconect to WebSocket #
17:32:46.735171> WebSocket [SubscribeToAggTradeStream()] [Closed] [future] and reconnect again [with Task.Delay]..
17:32:47.829234> BinanceFuture - Vxxv1AWf[USD_M] Reconect to WebSocket #
17:32:47.943239> BinanceFuture - Vxxv1AWf[USD_M] Reconect to WebSocket #
17:32:47.966241> WebSocket [ConnectToDepthStream()] [Closed] [future] and reconnect again [during Task.Delay]..
17:32:47.967239> WebSocket [SubscribeToAggTradeStream()] [Closed] [future] and reconnect again [with Task.Delay]..
17:32:50.265373> Lenta has started...Start SubscribeToAggTradeStream @aggTrade [future] process...
17:32:51.038417> WebSocket connected! Start @depth [Future] process...
17:32:52.004474> Lenta has started...Start SubscribeToAggTradeStream @aggTrade [future] process...
17:33:41.759325> WebSocket [ConnectToDepthStream()] [future] error: Unable to read data from the transport connection: An existing connection was forcibly closed by the remote host.
17:33:47.013627> BinanceFuture - Vxxv1AWf[USD_M] Reconect to WebSocket #
17:33:47.264645> WebSocket [ConnectToDepthStream()] [Closed] [future] and reconnect again [during Task.Delay]..
17:33:52.036913> WebSocket connected! Start @depth [Future] process...
17:34:13.169125> WebSocket [ConnectToDepthStream()] [future] error: Unable to read data from the transport connection: An existing connection was forcibly closed by the remote host.
17:34:52.004353> WebSocket [ConnectToDepthStream()] [future] error: Unable to read data from the transport connection: An existing connection was forcibly closed by the remote host.
17:34:57.186651> BinanceFuture - Vxxv1AWf[USD_M] Reconect to WebSocket #
17:34:57.187651> WebSocket [ConnectToDepthStream()] [Closed] [future] and reconnect again [during Task.Delay]..
17:35:04.161051> WebSocket connected! Start @depth [Future] process...
17:35:51.737778> WebSocket [ConnectToDepthStream()] [future] error: Unable to read data from the transport connection: An existing connection was forcibly closed by the remote host.
17:35:57.227093> BinanceFuture - Vxxv1AWf[USD_M] Reconect to WebSocket #
17:35:57.630115> WebSocket [ConnectToDepthStream()] [Closed] [future] and reconnect again [during Task.Delay]..
17:36:02.161374> WebSocket connected! Start @depth [Future] process...
17:36:04.650518> WebSocket [ConnectToDepthStream()] [future] error: Unable to read data from the transport connection: An existing connection was forcibly closed by the remote host.
17:36:10.063830> BinanceFuture - Vxxv1AWf[USD_M] Reconect to WebSocket #
17:36:10.070834> WebSocket [ConnectToDepthStream()] [Closed] [future] and reconnect again [during Task.Delay]..
17:36:15.105118> WebSocket connected! Start @depth [Future] process...
17:38:03.580341> WebSocket [ConnectToDepthStream()] [future] error: Unable to read data from the transport connection: An existing connection was forcibly closed by the remote host.
17:38:08.815637> BinanceFuture - Vxxv1AWf[USD_M] Reconect to WebSocket #
17:38:08.816638> WebSocket [ConnectToDepthStream()] [Closed] [future] and reconnect again [during Task.Delay]..
17:38:14.379958> WebSocket connected! Start @depth [Future] process...
17:38:17.134113> WebSocket [ConnectToDepthStream()] [future] error: Unable to read data from the transport connection: An existing connection was forcibly closed by the remote host.
17:38:22.268409> BinanceFuture - Vxxv1AWf[USD_M] Reconect to WebSocket #
17:38:22.268409> WebSocket [ConnectToDepthStream()] [Closed] [future] and reconnect again [during Task.Delay]..
17:38:24.081515> WebSocket connected! Start @depth [Future] process...
17:40:26.152511> WebSocket [ConnectToDepthStream()] [future] error: Unable to read data from the transport connection: An existing connection was forcibly closed by the remote host.
17:40:31.350810> BinanceFuture - Vxxv1AWf[USD_M] Reconect to WebSocket #
17:40:31.606823> WebSocket [ConnectToDepthStream()] [Closed] [future] and reconnect again [during Task.Delay]..
17:40:35.739062> WebSocket connected! Start @depth [Future] process...
17:40:55.210178> WebSocket [ConnectToDepthStream()] [future] error: Unable to read data from the transport connection: An existing connection was forcibly closed by the remote host.
17:41:00.378477> BinanceFuture - Vxxv1AWf[USD_M] Reconect to WebSocket #
17:41:00.379478> WebSocket [ConnectToDepthStream()] [Closed] [future] and reconnect again [during Task.Delay]..
17:41:10.615061> WebSocket connected! Start @depth [Future] process...
17:41:17.232441> WebSocket [ConnectToDepthStream()] [future] error: Unable to read data from the transport connection: An existing connection was forcibly closed by the remote host.
17:41:22.364735> BinanceFuture - Vxxv1AWf[USD_M] Reconect to WebSocket #
17:41:22.416746> WebSocket [ConnectToDepthStream()] [Closed] [future] and reconnect again [during Task.Delay]..
17:41:30.552206> WebSocket connected! Start @depth [Future] process...
17:42:11.392546> WebSocket [ConnectToDepthStream()] [future] error: Unable to read data from the transport connection: An existing connection was forcibly closed by the remote host.
17:42:16.462840> BinanceFuture - Vxxv1AWf[USD_M] Reconect to WebSocket #
17:42:16.805856> WebSocket [ConnectToDepthStream()] [Closed] [future] and reconnect again [during Task.Delay]..
17:42:27.340462> WebSocket connected! Start @depth [Future] process...
17:42:38.873122> WebSocket [ConnectToDepthStream()] [future] error: Unable to read data from the transport connection: An existing connection was forcibly closed by the remote host.
17:42:42.793348> ConnectToBookTickerStream [MARGIN] [Error]: System.IO.IOException: Unable to read data from the transport connection: An existing connection was forcibly closed by the remote host. ---> System.Net.Sockets.SocketException: An existing connection was forcibly closed by the remote host
   at System.Net.Sockets.Socket.BeginReceive(Byte[] buffer, Int32 offset, Int32 size, SocketFlags socketFlags, AsyncCallback callback, Object state)
   at System.Net.Sockets.NetworkStream.BeginRead(Byte[] buffer, Int32 offset, Int32 size, AsyncCallback callback, Object state)
   --- End of inner exception stack trace ---
   at System.Net.Security._SslStream.EndRead(IAsyncResult asyncResult)
   at System.Net.Security.SslStream.EndRead(IAsyncResult asyncResult)
   at SuperSocket.ClientEngine.AuthenticatedStreamTcpSession.OnDataRead(IAsyncResult result)
17:42:42.794348> WebSocket [ConnectToDepthStream()] [Closed] [MARGIN] and reconnect again..
17:42:43.918411> BinanceFuture - Vxxv1AWf[USD_M] Reconect to WebSocket #
17:42:43.918411> WebSocket [ConnectToDepthStream()] [Closed] [future] and reconnect again [during Task.Delay]..
17:42:47.943642> Binance - Vxxv1AWf[MARGIN] Reconect to WebSocket #
17:42:47.944643> WebSocket [ConnectToDepthStream()] [Closed] [MARGIN] and reconnect again [with Task.Delay]..
17:42:50.178773> WebSocket connected! Start @depth [Future] process...
17:42:55.892099> WebSocket connected! Start @bookTicker ...
17:42:58.115228> WebSocket connected! Start @bookTicker ...
17:43:31.403134> WebSocket [ConnectToDepthStream()] [future] error: Unable to read data from the transport connection: An existing connection was forcibly closed by the remote host.
17:44:17.592784> WebSocket [ConnectToDepthStream()] [future] error: Received an unexpected EOF or 0 bytes from the transport stream.
17:44:22.607069> BinanceFuture - Vxxv1AWf[USD_M] Reconect to WebSocket #
17:44:22.619071> WebSocket [ConnectToDepthStream()] [Closed] [future] and reconnect again [during Task.Delay]..
17:44:33.189676> WebSocket connected! Start @depth [Future] process...
17:45:50.754123> WebSocket [ConnectToDepthStream()] [future] error: Unable to read data from the transport connection: An existing connection was forcibly closed by the remote host.
17:45:55.787414> BinanceFuture - Vxxv1AWf[USD_M] Reconect to WebSocket #
17:45:55.789414> WebSocket [ConnectToDepthStream()] [Closed] [future] and reconnect again [during Task.Delay]..
17:45:57.357504> WebSocket connected! Start @depth [Future] process...
