22:07:28.952474> Binance - Vxxv1AWf[SPOT] SPOT Balance: 0.00000000 USDT
22:07:29.352497> WebSocket connected! Start Partial @depth20 [Future] process...
22:07:29.352497> WebSocket connected! Start @depth [Future] process...
22:07:29.354498> Lenta has started...Start SubscribeToAggTradeStream @aggTrade [future] process...
22:07:29.355498> WebSocket connected! Start @bookTicker [Future] process...
22:07:29.362509> WebSocket connected! Start @bookTicker ...
22:07:29.369498> Lenta has started...Start SubscribeToTradeStream @trade [{accType}] process...
22:07:29.372498> WebSocket connected! Start [SPOT] @depth@100ms process...
22:07:29.395499> WebSocket connected! Start Partial @depth20 [SPOT] process...
22:07:29.484506> WebSocket connected! Start [SPOT] @depth@100ms process...
22:07:29.491506> (Closing... Elapsted: 79649491 ms.)
22:07:29.494506> WebSocket connected! Start @bookTicker ...
22:07:29.494506> Lenta has started...Start SubscribeToTradeStream @trade [{accType}] process...
22:07:29.496508> BookTicker was closed by Custom!
22:07:29.549508> (Closing... Elapsted: 79649549 ms.)
22:07:29.550510> MarketDepth was closed by Custom!
22:07:29.574508> WebSocket connected! Start Partial @depth20 [SPOT] process...
22:07:29.962531> Lenta has started...Start SubscribeToAggTradeStream @aggTrade [future] process...
22:07:29.979533> BinanceFuture - Vxxv1AWf[USD_M] USD_M Balance: 6.25838444 USDT
22:07:29.980534> WebSocket connected! Start Partial @depth20 [Future] process...
22:07:30.324553> (Closing... Elapsted: 79650324 ms.)
22:07:30.324553> (Closing... Elapsted: 79650324 ms.)
22:07:30.340553> AggTrade was closed by Custom!
22:07:30.502560> WebSocket connected! Start @bookTicker [Future] process...
22:07:30.602582> WebSocket connected! Start @depth [Future] process...
22:07:31.332824> Lenta has started...Start SubscribeToAggTradeStream @aggTrade [future] process...
22:07:31.349837> Lenta has started...Start SubscribeToAggTradeStream @aggTrade [future] process...
22:07:35.615833> BinanceFuture - Vxxv1AWf[USD_M] Reconect to WebSocket #
22:07:35.616824> WebSocket [SubscribeToAggTradeStream()] [Closed] [future] and reconnect again [with Task.Delay]..
22:07:36.618756> Lenta has started...Start SubscribeToAggTradeStream @aggTrade [future] process...
