23:13:46.019774> Binance - Vxxv1AWf[MARGIN] MARGIN Balance: 0.5248895 USDT
23:13:46.218983> WebSocket connected! Start @depth [Future] process...
23:13:46.218983> WebSocket connected! Start [MARGIN] @depth@100ms process...
23:13:46.225983> WebSocket connected! Start [MARGIN] @depth@100ms process...
23:13:46.229984> Lenta has started...Start SubscribeToAggTradeStream @aggTrade [future] process...
23:13:46.241983> Lenta has started...Start SubscribeToTradeStream @trade [{accType}] process...
23:13:46.255985> Lenta has started...Start SubscribeToTradeStream @trade [{accType}] process...
23:13:46.272987> WebSocket connected! Start Partial @depth20 [MARGIN] process...
23:13:46.277986> WebSocket connected! Start Partial @depth20 [Future] process...
23:13:46.277986> WebSocket connected! Start Partial @depth20 [MARGIN] process...
23:13:46.426007> WebSocket connected! Start Partial @depth20 [Future] process...
23:13:46.438001> Lenta has started...Start SubscribeToAggTradeStream @aggTrade [future] process...
23:13:46.485996> WebSocket connected! Start @depth [Future] process...
23:13:47.026987> BinanceFuture - Vxxv1AWf[USD_M] USD_M Balance: 0.66986043 USDT
23:17:34.051683> WebSocket [SubscribePartialDepthStream()] [future] error: Unable to read data from the transport connection: An established connection was aborted by the software in your host machine.
23:17:34.072680> WebSocket [SubscribePartialDepthStream()] [Closed] [future] and reconnect again..
23:17:35.290750> WebSocket connected! Start @depth [Future] process...
23:17:39.097968> BinanceFuture - Vxxv1AWf[USD_M] Reconect to WebSocket #
23:17:39.097968> WebSocket [SubscribePartialDepthStream()] [Closed] [future] and reconnect again [during Task.Delay]..
23:17:40.309035> WebSocket connected! Start @depth [Future] process...
23:17:40.845068> WebSocket [SubscribePartialDepthStream()] [Closed] [future] and reconnect again..
23:17:42.203146> WebSocket connected! Start @depth [Future] process...
23:17:45.852355> BinanceFuture - Vxxv1AWf[USD_M] Reconect to WebSocket #
23:17:45.852355> WebSocket [SubscribePartialDepthStream()] [Closed] [future] and reconnect again [during Task.Delay]..
23:17:47.126430> WebSocket connected! Start @depth [Future] process...
23:17:47.859479> WebSocket [ConnectToDepthStream()] [Closed] [future] and reconnect again..
23:17:49.545565> WebSocket connected! Start @depth [Future] process...
23:17:52.978763> BinanceFuture - Vxxv1AWf[USD_M] Reconect to WebSocket #
23:17:52.978763> WebSocket [ConnectToDepthStream()] [Closed] [future] and reconnect again [during Task.Delay]..
23:17:54.540853> WebSocket connected! Start @depth [Future] process...
