13:17:49.337040> Binance - Vxxv1AWf[SPOT] SPOT Balance: 0.00000000 USDT
13:17:49.991078> WebSocket connected! Start Partial @depth20 [Future] process...
13:17:49.991078> WebSocket connected! Start Partial @depth20 [SPOT] process...
13:17:49.992080> WebSocket connected! Start @bookTicker ...
13:17:50.034082> WebSocket connected! Start @bookTicker [Future] process...
13:17:50.036081> Lenta has started...Start SubscribeToAggTradeStream @aggTrade [future] process...
13:17:50.042082> WebSocket connected! Start @bookTicker ...
13:17:50.056083> WebSocket connected! Start @depth [Future] process...
13:17:50.057082> WebSocket connected! Start Partial @depth20 [SPOT] process...
13:17:50.055083> Lenta has started...Start SubscribeToTradeStream @trade [{accType}] process...
13:17:50.065083> WebSocket connected! Start [SPOT] @depth@100ms process...
13:17:50.095084> Lenta has started...Start SubscribeToTradeStream @trade [{accType}] process...
13:17:50.099085> WebSocket connected! Start [SPOT] @depth@100ms process...
13:17:50.246094> (Closing... Elapsted: 47870245 ms.)
13:17:50.249094> MarketDepth was closed by Custom!
13:17:50.485105> Lenta has started...Start SubscribeToAggTradeStream @aggTrade [future] process...
13:17:50.487110> WebSocket connected! Start @bookTicker [Future] process...
13:17:50.489105> BinanceFuture - Vxxv1AWf[USD_M] USD_M Balance: 6.25838444 USDT
13:17:50.521121> WebSocket connected! Start Partial @depth20 [Future] process...
13:17:51.247796> WebSocket connected! Start @depth [Future] process...
13:18:20.293699> (Closing... Elapsted: 30043 ms.)
13:18:20.549720> MarketDepth was closed by Custom!
13:18:21.281767> WebSocket connected! Start @depth [Future] process...
13:18:50.351797> (Closing... Elapsted: 30056 ms.)
13:18:50.673810> MarketDepth was closed by Custom!
13:18:51.415978> WebSocket connected! Start @depth [Future] process...
13:19:20.362491> (Closing... Elapsted: 30010 ms.)
13:19:20.723513> MarketDepth was closed by Custom!
13:19:21.789574> WebSocket connected! Start @depth [Future] process...
13:19:50.522697> (Closing... Elapsted: 30159 ms.)
13:19:52.342800> MarketDepth was closed by Custom!
13:19:53.430863> WebSocket connected! Start @depth [Future] process...
13:20:20.536633> (Closing... Elapsted: 30013 ms.)
13:20:20.866655> MarketDepth was closed by Custom!
13:20:21.693711> WebSocket connected! Start @depth [Future] process...
13:20:50.615039> (Closing... Elapsted: 30078 ms.)
13:20:50.964057> MarketDepth was closed by Custom!
13:20:51.644101> WebSocket connected! Start @depth [Future] process...
13:21:20.658891> (Closing... Elapsted: 30043 ms.)
13:21:21.011909> MarketDepth was closed by Custom!
13:21:21.957965> WebSocket connected! Start @depth [Future] process...
13:21:50.935630> (Closing... Elapsted: 30275 ms.)
13:21:54.803854> WebSocket connected! Start @depth [Future] process...
13:21:56.270931> MarketDepth was closed by Custom!
