00:34:50.482047> Binance - Vxxv1AWf[MARGIN] MARGIN Balance: 0.58214612 USDT
00:34:50.516048> WebSocket connected! Start @depth [Future] process...
00:34:50.538056> WebSocket connected! Start Partial @depth20 [Future] process...
00:34:50.539049> WebSocket connected! Start [MARGIN] @depth@100ms process...
00:34:50.552050> WebSocket connected! Start Partial @depth20 [MARGIN] process...
00:34:50.559048> Lenta has started...Start SubscribeToAggTradeStream @aggTrade [future] process...
00:34:50.539049> Lenta has started...Start SubscribeToTradeStream @trade [{accType}] process...
00:34:50.576053> WebSocket connected! Start @bookTicker [Future] process...
00:36:14.437019> WebSocket connected! Start Partial @depth20 [MARGIN] process...
00:36:14.439018> Lenta has started...Start SubscribeToTradeStream @trade [{accType}] process...
00:36:14.440019> WebSocket connected! Start [MARGIN] @depth@100ms process...
00:36:14.441019> Lenta has started...Start SubscribeToAggTradeStream @aggTrade [future] process...
00:36:14.441019> WebSocket connected! Start Partial @depth20 [Future] process...
00:36:14.441019> WebSocket connected! Start @depth [Future] process...
00:36:14.442020> WebSocket connected! Start @bookTicker [Future] process...
00:36:15.253063> BinanceFuture - Vxxv1AWf[USD_M] USD_M Balance: 0.66986043 USDT
00:36:22.803498> BinanceFuture - Vxxv1AWf[USD_M] Reconect to WebSocket #
00:36:22.804499> WebSocket [ConnectToDepthStream()] [Closed] [future] and reconnect again [during Task.Delay]..
00:36:22.832500> BinanceFuture - Vxxv1AWf[USD_M] Reconect to WebSocket #
00:36:22.832500> WebSocket [SubscribeBookTickerStream()] [Closed] [future] and reconnect again [during Task.Delay]..
00:36:22.908505> BinanceFuture - Vxxv1AWf[USD_M] Reconect to WebSocket #
00:36:22.908505> WebSocket [SubscribeBookTickerStream()] [Closed] [future] and reconnect again [during Task.Delay]..
00:36:22.997510> BinanceFuture - Vxxv1AWf[USD_M] Reconect to WebSocket #
00:36:22.997510> WebSocket [ConnectToDepthStream()] [Closed] [future] and reconnect again [during Task.Delay]..
00:36:24.034568> WebSocket connected! Start @depth [Future] process...
00:36:24.075584> WebSocket connected! Start @depth [Future] process...
00:36:24.359586> WebSocket connected! Start @depth [Future] process...
00:36:24.360589> WebSocket connected! Start @depth [Future] process...
00:39:46.777834> WebSocket [ConnectToDepthStream()] [future] error: Unable to read data from the transport connection: An existing connection was forcibly closed by the remote host.
00:39:46.791834> WebSocket [ConnectToDepthStream()] [future] error: Unable to read data from the transport connection: An existing connection was forcibly closed by the remote host.
00:40:10.300617> BinanceFuture - Vxxv1AWf[USD_M] Reconect to WebSocket #
00:40:10.300617> WebSocket [ConnectToDepthStream()] [Closed] [future] and reconnect again [during Task.Delay]..
00:40:10.301617> BinanceFuture - Vxxv1AWf[USD_M] Reconect to WebSocket #
00:40:10.301617> WebSocket [ConnectToDepthStream()] [Closed] [future] and reconnect again [during Task.Delay]..
00:39:46.899839> WebSocket [ConnectToDepthStream()] [future] error: Unable to read data from the transport connection: An existing connection was forcibly closed by the remote host.
00:40:10.305619> WebSocket [ConnectToDepthStream()] [future] error: Unable to read data from the transport connection: An existing connection was forcibly closed by the remote host.
00:40:11.373678> WebSocket connected! Start @depth [Future] process...
00:40:11.388677> WebSocket connected! Start @depth [Future] process...
00:40:15.304901> BinanceFuture - Vxxv1AWf[USD_M] Reconect to WebSocket #
00:40:15.312902> BinanceFuture - Vxxv1AWf[USD_M] Reconect to WebSocket #
00:40:15.571925> WebSocket [ConnectToDepthStream()] [Closed] [future] and reconnect again [during Task.Delay]..
00:40:15.572920> WebSocket [ConnectToDepthStream()] [Closed] [future] and reconnect again [during Task.Delay]..
00:40:16.759985> WebSocket connected! Start @depth [Future] process...
00:40:18.019059> WebSocket connected! Start @depth [Future] process...
00:43:22.350089> WebSocket [ConnectToDepthStream()] [future] error: Unable to read data from the transport connection: An existing connection was forcibly closed by the remote host.
00:43:22.415093> WebSocket [ConnectToDepthStream()] [future] error: Unable to read data from the transport connection: An existing connection was forcibly closed by the remote host.
00:43:22.415093> WebSocket [ConnectToDepthStream()] [future] error: Unable to read data from the transport connection: An existing connection was forcibly closed by the remote host.
00:43:22.424094> WebSocket [ConnectToDepthStream()] [future] error: Unable to read data from the transport connection: An existing connection was forcibly closed by the remote host.
00:43:38.416275> BinanceFuture - Vxxv1AWf[USD_M] Reconect to WebSocket #
00:43:38.417278> WebSocket [ConnectToDepthStream()] [Closed] [future] and reconnect again [during Task.Delay]..
00:43:38.418276> BinanceFuture - Vxxv1AWf[USD_M] Reconect to WebSocket #
00:43:38.418276> WebSocket [ConnectToDepthStream()] [Closed] [future] and reconnect again [during Task.Delay]..
00:43:38.419276> BinanceFuture - Vxxv1AWf[USD_M] Reconect to WebSocket #
00:43:38.419276> WebSocket [ConnectToDepthStream()] [Closed] [future] and reconnect again [during Task.Delay]..
00:43:38.420286> BinanceFuture - Vxxv1AWf[USD_M] Reconect to WebSocket #
00:43:38.420286> WebSocket [ConnectToDepthStream()] [Closed] [future] and reconnect again [during Task.Delay]..
00:45:10.663528> WebSocket connected! Start @depth [Future] process...
00:45:10.945542> WebSocket connected! Start @depth [Future] process...
00:45:10.964553> WebSocket connected! Start @depth [Future] process...
00:45:10.975541> WebSocket connected! Start @depth [Future] process...
