18:23:50.994234> Binance - Vxxv1AWf[MARGIN] MARGIN Balance: 0.51871381 USDT
18:23:51.212239> WebSocket connected! Start @depth [Future] process...
18:23:51.212239> WebSocket connected! Start Partial @depth20 [Future] process...
18:23:51.214239> Lenta has started...Start SubscribeToTradeStream @trade [{accType}] process...
18:23:51.214239> WebSocket connected! Start [MARGIN] @depth@100ms process...
18:23:51.227240> WebSocket connected! Start Partial @depth20 [MARGIN] process...
18:23:51.230240> Lenta has started...Start SubscribeToAggTradeStream @aggTrade [future] process...
18:24:03.358831> WebSocket connected! Start Partial @depth20 [MARGIN] process...
18:24:03.361829> Lenta has started...Start SubscribeToTradeStream @trade [{accType}] process...
18:24:03.361829> WebSocket connected! Start [MARGIN] @depth@100ms process...
18:24:03.437833> BinanceFuture - O6Lyrsb3[USD_M] USD_M Balance: 0.00000000 USDT
18:24:03.865857> WebSocket connected! Start @depth [Future] process...
18:24:03.869858> Lenta has started...Start SubscribeToAggTradeStream @aggTrade [future] process...
18:24:03.899858> WebSocket connected! Start Partial @depth20 [Future] process...
18:36:05.694946> WebSocket [ConnectToDepthStream()] [future] error: Unable to read data from the transport connection: An existing connection was forcibly closed by the remote host.
18:36:05.699945> WebSocket [ConnectToDepthStream()] [Closed] [future] and reconnect again..
18:36:07.482046> WebSocket connected! Start @depth [Future] process...
18:36:10.790236> BinanceFuture - O6Lyrsb3[USD_M] Reconect to WebSocket #
18:36:10.791239> WebSocket [ConnectToDepthStream()] [Closed] [future] and reconnect again [during Task.Delay]..
18:36:13.095371> WebSocket connected! Start @depth [Future] process...
