21:15:21.999775> Binance - Vxxv1AWf[SPOT] SPOT Balance: 0.00000000 USDT
21:15:22.445553> WebSocket connected! Start [SPOT] @depth@100ms process...
21:15:22.446553> Lenta has started...Start SubscribeToTradeStream @trade [{accType}] process...
21:15:22.447553> WebSocket connected! Start @depth [Future] process...
21:15:22.459554> WebSocket connected! Start @bookTicker [Future] process...
21:15:22.471554> WebSocket connected! Start Partial @depth20 [Future] process...
21:15:22.475555> WebSocket connected! Start @bookTicker ...
21:15:22.478554> WebSocket connected! Start Partial @depth20 [SPOT] process...
21:15:22.484553> Lenta has started...Start SubscribeToAggTradeStream @aggTrade [future] process...
21:15:22.528558> WebSocket connected! Start Partial @depth20 [SPOT] process...
21:15:22.555559> WebSocket connected! Start [SPOT] @depth@100ms process...
21:15:22.575564> WebSocket connected! Start @bookTicker ...
21:15:22.583568> Lenta has started...Start SubscribeToTradeStream @trade [{accType}] process...
21:15:22.963594> Lenta has started...Start SubscribeToAggTradeStream @aggTrade [future] process...
21:15:22.964582> WebSocket connected! Start @depth [Future] process...
21:15:23.031586> WebSocket connected! Start @bookTicker [Future] process...
21:15:23.036595> WebSocket connected! Start Partial @depth20 [Future] process...
21:15:23.799641> BinanceFuture - Vxxv1AWf[USD_M] USD_M Balance: 0.59335425 USDT
21:15:23.987641> Exec time: 100002
21:15:23.988640> Exec time: 0
21:15:24.015662> Exec time: 0
21:15:24.029649> Exec time: 0
21:15:24.742908> Exec time: 0
21:15:24.757904> Exec time: 0
21:15:24.911925> Exec time: 0
21:15:24.925920> Exec time: 0
21:15:25.062925> Exec time: 0
21:15:25.076926> Exec time: 0
21:15:25.694613> Exec time: 0
21:15:25.708559> Exec time: 0
21:15:25.964582> Exec time: 0
21:15:25.978575> Exec time: 0
21:15:26.237610> Exec time: 0
21:15:26.251594> Exec time: 0
21:15:27.446278> Exec time: 0
21:15:27.461268> Exec time: 0
21:15:27.597282> Exec time: 0
21:15:27.612273> Exec time: 0
21:15:28.569602> Exec time: 0
21:15:28.583593> Exec time: 0
21:15:28.738602> Exec time: 0
21:15:28.752602> Exec time: 0
21:15:28.932612> Exec time: 0
21:15:28.965635> Exec time: 0
21:15:29.083639> Exec time: 0
21:15:29.097637> Exec time: 0
21:15:29.563659> Exec time: 0
21:15:29.577706> Exec time: 0
21:15:30.478794> Exec time: 0
21:15:30.492792> Exec time: 0
21:15:32.258606> Exec time: 0
21:15:32.272615> Exec time: 0
21:15:32.408615> Exec time: 0
21:15:32.422618> Exec time: 0
21:15:32.924096> Exec time: 0
21:15:32.938096> Exec time: 0
21:15:33.361638> Exec time: 0
21:15:33.375647> Exec time: 0
21:15:33.585653> Exec time: 0
21:15:33.599646> Exec time: 0
21:15:34.146690> Exec time: 0
21:15:34.160875> Exec time: 0
21:15:34.511711> Exec time: 0
21:15:34.525700> Exec time: 0
21:15:34.808717> Exec time: 0
21:15:34.822718> Exec time: 0
21:15:35.066737> Exec time: 0
21:15:35.080740> Exec time: 0
21:15:36.190106> Exec time: 0
21:15:36.204103> Exec time: 0
21:15:36.574201> Exec time: 0
21:15:36.588123> Exec time: 0
21:15:36.683135> Exec time: 0
21:15:36.696137> Exec time: 0
21:15:36.723131> Exec time: 0
21:15:36.737138> Exec time: 0
21:15:36.873158> Exec time: 0
21:15:36.890140> Exec time: 0
21:15:37.120169> Exec time: 0
21:15:37.139154> Exec time: 0
21:15:37.270162> Exec time: 0
21:15:37.287163> Exec time: 0
21:15:37.481178> Exec time: 0
21:15:37.509184> Exec time: 0
21:15:37.567181> Exec time: 0
21:15:37.585181> Exec time: 0
21:15:37.718189> Exec time: 0
21:15:37.731189> Exec time: 0
21:15:38.055209> Exec time: 0
21:15:38.069220> Exec time: 0
21:15:38.447254> Exec time: 0
21:15:38.461240> Exec time: 0
21:15:39.041744> Exec time: 0
21:15:39.080739> Exec time: 0
21:15:39.092735> Exec time: 0
21:15:39.114739> Exec time: 0
21:15:39.209744> Exec time: 0
21:15:39.222747> Exec time: 0
21:15:39.359758> Exec time: 0
21:15:39.368755> Exec time: 0
21:15:39.368755> Exec time: 0
21:15:39.369753> Exec time: 0
21:15:39.370753> Exec time: 0
21:15:39.370753> Exec time: 0
21:15:39.370753> Exec time: 0
21:15:39.371753> Exec time: 0
21:15:39.371753> Exec time: 0
21:15:39.374753> Exec time: 0
21:15:39.374753> Exec time: 0
21:15:39.375754> Exec time: 0
21:15:39.382762> Exec time: 0
21:15:39.382762> Exec time: 0
21:15:39.383754> Exec time: 0
21:15:39.384754> Exec time: 0
21:15:39.384754> Exec time: 0
21:15:39.384754> Exec time: 0
21:15:39.384754> Exec time: 0
21:15:39.385755> Exec time: 0
21:15:39.392755> Exec time: 0
21:15:39.393754> Exec time: 0
21:15:39.480759> Exec time: 0
21:15:39.494759> Exec time: 0
21:15:39.518762> Exec time: 0
21:15:39.526772> Exec time: 0
21:15:39.612766> Exec time: 0
21:15:39.612766> Exec time: 0
21:15:39.613768> Exec time: 0
21:15:39.613768> Exec time: 0
21:15:39.613768> Exec time: 0
21:15:39.613768> Exec time: 0
21:15:39.614768> Exec time: 0
21:15:39.614768> Exec time: 0
21:15:39.614768> Exec time: 0
21:15:39.614768> Exec time: 0
21:15:39.615767> Exec time: 0
21:15:39.615767> Exec time: 0
21:15:39.615767> Exec time: 0
21:15:39.615767> Exec time: 0
21:15:39.616768> Exec time: 0
21:15:39.616768> Exec time: 0
21:15:39.616768> Exec time: 0
21:15:39.616768> Exec time: 0
21:15:39.616768> Exec time: 0
21:15:39.617768> Exec time: 0
21:15:39.617768> Exec time: 0
21:15:39.617768> Exec time: 0
21:15:39.617768> Exec time: 0
21:15:39.618768> Exec time: 0
21:15:39.618768> Exec time: 0
21:15:39.618768> Exec time: 0
21:15:39.618768> Exec time: 0
21:15:39.618768> Exec time: 0
21:15:39.619769> Exec time: 0
21:15:39.643769> Exec time: 0
21:15:39.644768> Exec time: 0
21:15:39.644768> Exec time: 0
21:15:39.644768> Exec time: 0
21:15:39.645769> Exec time: 0
21:15:39.645769> Exec time: 0
21:15:39.645769> Exec time: 0
21:15:39.645769> Exec time: 0
21:15:39.646769> Exec time: 0
21:15:39.646769> Exec time: 0
21:15:39.646769> Exec time: 0
21:15:39.646769> Exec time: 0
21:15:39.646769> Exec time: 0
21:15:39.647770> Exec time: 0
21:15:39.647770> Exec time: 0
21:15:39.647770> Exec time: 0
21:15:39.647770> Exec time: 0
21:15:39.647770> Exec time: 0
21:15:39.648769> Exec time: 0
21:15:39.648769> Exec time: 0
21:15:39.648769> Exec time: 0
21:15:39.648769> Exec time: 0
21:15:39.649769> Exec time: 0
21:15:39.649769> Exec time: 0
21:15:39.649769> Exec time: 0
21:15:39.649769> Exec time: 0
21:15:39.649769> Exec time: 0
21:15:39.650768> Exec time: 0
21:15:39.650768> Exec time: 0
21:15:39.664770> Exec time: 0
21:15:39.650768> Exec time: 0
21:15:39.813779> Exec time: 0
21:15:39.827790> Exec time: 0
21:15:39.827790> Exec time: 0
21:15:39.828781> Exec time: 0
21:15:39.828781> Exec time: 0
21:15:39.828781> Exec time: 0
21:15:39.837782> Exec time: 0
21:15:39.838781> Exec time: 0
21:15:39.839783> Exec time: 0
21:15:39.839783> Exec time: 0
21:15:39.841792> Exec time: 0
21:15:39.841792> Exec time: 0
21:15:39.842782> Exec time: 0
21:15:39.842782> Exec time: 0
21:15:39.851782> Exec time: 0
21:15:39.852781> Exec time: 0
21:15:39.853782> Exec time: 0
21:15:39.853782> Exec time: 0
21:15:39.989789> Exec time: 0
21:15:40.003790> Exec time: 0
21:15:40.078795> Exec time: 0
21:15:40.079794> Exec time: 0
21:15:40.111796> Exec time: 0
21:15:40.112797> Exec time: 0
21:15:40.113802> Exec time: 0
21:15:40.113802> Exec time: 0
21:15:40.113802> Exec time: 0
21:15:40.114797> Exec time: 0
21:15:40.120809> Exec time: 0
21:15:40.121797> Exec time: 0
21:15:40.187811> Exec time: 0
21:15:40.201800> Exec time: 0
21:15:40.315809> Exec time: 0
21:15:40.321809> Exec time: 0
21:15:40.329848> Exec time: 0
21:15:40.342811> Exec time: 0
21:15:40.465832> Exec time: 0
21:15:40.479817> Exec time: 0
21:15:41.174308> Exec time: 0
21:15:41.188257> Exec time: 0
21:15:41.429272> Exec time: 0
21:15:41.443273> Exec time: 0
21:15:41.635286> Exec time: 0
21:15:41.649295> Exec time: 0
21:15:41.787291> Exec time: 0
21:15:41.799294> Exec time: 0
21:15:42.194331> Exec time: 0
21:15:42.213319> Exec time: 0
