16:09:02.979388> WebSocket connected! Start Partial @depth20 [Future] process...
16:09:02.981389> WebSocket connected! Start @depth [Future] process...
16:09:02.981389> Lenta has started...Start SubscribeToAggTradeStream @aggTrade [future] process...
16:09:03.094396> WebSocket connected! Start Partial @depth20 [SPOT] process...
16:09:03.246405> Binance - Vxxv1AWf[SPOT] SPOT Balance: 0.00000000 USDT
16:09:03.631425> WebSocket connected! Start Partial @depth20 [Future] process...
16:09:03.816435> WebSocket connected! Start @depth [Future] process...
16:09:03.820435> WebSocket connected! Start Partial @depth20 [SPOT] process...
16:09:03.911444> Lenta has started...Start SubscribeToAggTradeStream @aggTrade [future] process...
16:09:04.442474> BinanceFuture - Vxxv1AWf[USD_M] USD_M Balance: 0.00928352 USDT
16:32:55.715329>  DevSELL (-): -65.15275000 avgGapSell:61.35275000 
16:34:01.295839>  DevSELL (-): -88.67275000 avgGapSell:61.35275000 
16:34:01.347843>  DevSELL (-): -94.64275000 avgGapSell:61.35275000 
16:34:01.348845>  DevSELL (-): -96.64275000 avgGapSell:61.35275000 
16:34:08.839272>  DevSELL (-): -119.84275000 avgGapSell:61.35275000 
16:34:08.842273>  DevSELL (+): -128.64275000 avgGapSell:61.35275000 
16:34:08.860275>  DevSELL (-): -128.64275000 avgGapSell:61.35275000 
16:34:10.942392> WebSocket [SubscribePartialDepthStream()] [future] error: Unable to read data from the transport connection: An established connection was aborted by the software in your host machine.
16:34:11.211407>  DevBUY (-): 95.46837500 avgGapBuy:61.21162500 
16:34:33.126664> BinanceFuture - Vxxv1AWf[USD_M] Reconect to WebSocket #
16:34:33.127668> WebSocket [SubscribePartialDepthStream()] [Closed] [future] and reconnect again [during Task.Delay]..
16:34:33.128665> BinanceFuture - Vxxv1AWf[USD_M] Reconect to WebSocket #
16:34:33.128665> WebSocket [SubscribePartialDepthStream()] [Closed] [future] and reconnect again [during Task.Delay]..
16:34:33.130665> BinanceFuture - Vxxv1AWf[USD_M] Reconect to WebSocket #
16:34:33.131665> WebSocket [SubscribeToAggTradeStream()] [Closed] [future] and reconnect again [with Task.Delay]..
16:34:33.135665> BinanceFuture - Vxxv1AWf[USD_M] Reconect to WebSocket #
16:34:33.135665> WebSocket [SubscribeToAggTradeStream()] [Closed] [future] and reconnect again [with Task.Delay]..
16:34:33.136666> BinanceFuture - Vxxv1AWf[USD_M] Reconect ConnectToDepthStream() to WebSocket #
16:34:33.136666> WebSocket [ConnectToDepthStream()] [Closed] [future] and reconnect again [during Task.Delay]..
16:34:34.148280> Lenta has started...Start SubscribeToAggTradeStream @aggTrade [future] process...
16:34:34.165269> WebSocket connected! Start @depth [Future] process...
16:34:34.242266> WebSocket connected! Start @depth [Future] process...
16:34:34.253266> WebSocket connected! Start @depth [Future] process...
16:34:34.261264> Lenta has started...Start SubscribeToAggTradeStream @aggTrade [future] process...
