17:10:15.757461> Binance - Vxxv1AWf[SPOT] SPOT Balance: 0.00000000 USDT
17:10:16.189244> WebSocket connected! Start Partial @depth20 [SPOT] process...
17:10:16.195248> Lenta has started...Start SubscribeToAggTradeStream @aggTrade [future] process...
17:10:16.204264> WebSocket connected! Start Partial @depth20 [Future] process...
17:10:16.214239> WebSocket connected! Start @depth [Future] process...
17:10:16.345240> WebSocket connected! Start Partial @depth20 [SPOT] process...
17:10:16.858093> Lenta has started...Start SubscribeToAggTradeStream @aggTrade [future] process...
17:10:16.864093> WebSocket connected! Start Partial @depth20 [Future] process...
17:10:16.884103> WebSocket connected! Start @depth [Future] process...
17:10:17.379207> BinanceFuture - Vxxv1AWf[USD_M] USD_M Balance: 100.31014487 USDT
17:43:23.663478> WebSocket [SubscribePartialDepthStream()] [future] error: Unable to read data from the transport connection: An existing connection was forcibly closed by the remote host.
17:43:23.663478> WebSocket [SubscribePartialDepthStream()] [SPOT] error: Unable to read data from the transport connection: An existing connection was forcibly closed by the remote host.
17:43:23.681475> WebSocket [ConnectToDepthStream()] [Closed] [SPOT] and reconnect again..
17:43:24.194505> WebSocket [ConnectToDepthStream()] [future] error: Unable to read data from the transport connection: An existing connection was forcibly closed by the remote host.
17:44:05.633949> BinanceFuture - Vxxv1AWf[USD_M] Reconect ConnectToDepthStream() to WebSocket #
17:44:05.634950> WebSocket [ConnectToDepthStream()] [Closed] [future] and reconnect again [during Task.Delay]..
17:44:05.637950> Binance - Vxxv1AWf[SPOT] Reconect to WebSocket #
17:44:05.637950> WebSocket [ConnectToDepthStream()] [Closed] [SPOT] and reconnect again [during Task.Delay]..
17:44:05.640952> BinanceFuture - Vxxv1AWf[USD_M] Reconect to WebSocket #
17:44:05.640952> WebSocket [SubscribePartialDepthStream()] [Closed] [future] and reconnect again [during Task.Delay]..
17:44:05.794960> WebSocket [SubscribePartialDepthStream()] [SPOT] error: Unable to read data from the transport connection: An existing connection was forcibly closed by the remote host.
17:44:05.821962> WebSocket [ConnectToDepthStream()] [Closed] [SPOT] and reconnect again..
17:44:05.821962> WebSocket [SubscribePartialDepthStream()] [SPOT] error: Unable to read data from the transport connection: An existing connection was forcibly closed by the remote host.
17:44:05.866962> WebSocket [ConnectToDepthStream()] [Closed] [SPOT] and reconnect again..
17:44:06.143979> WebSocket connected! Start [SPOT] @depth@1000ms process...
17:44:06.146979> WebSocket [ConnectToDepthStream()] [future] error: Unable to read data from the transport connection: An existing connection was forcibly closed by the remote host.
17:44:06.263006>  DevBUY (+): 0.00062750 avgGapBuy:0.00067250 
17:44:06.308990>  DevBUY (+): 0.00072750 avgGapBuy:0.00067250 
17:44:06.330991>  DevBUY (+): 0.00082750 avgGapBuy:0.00067250 
17:44:06.448998> WebSocket [SubscribePartialDepthStream()] [future] error: Unable to read data from the transport connection: An established connection was aborted by the software in your host machine.
17:44:06.484000>  DevBUY (+): 0.00092750 avgGapBuy:0.00067250 
17:44:06.484000> WebSocket [SubscribePartialDepthStream()] [SPOT] error: Unable to read data from the transport connection: An established connection was aborted by the software in your host machine.
17:44:06.575005> WebSocket [ConnectToDepthStream()] [Closed] [SPOT] and reconnect again..
17:44:06.633009>  DevBUY (+): 0.00102750 avgGapBuy:0.00067250 
17:44:06.751016>  DevBUY (+): 0.00122750 avgGapBuy:0.00067250 
17:44:06.875025> WebSocket [ConnectToDepthStream()] [future] error: Unable to read data from the transport connection: An established connection was aborted by the software in your host machine.
17:44:06.891022> WebSocket connected! Start [SPOT] @depth@1000ms process...
17:44:06.917022> WebSocket connected! Start [SPOT] @depth@1000ms process...
17:44:06.947026> WebSocket connected! Start @depth [Future] process...
17:44:06.965027> WebSocket connected! Start @depth [Future] process...
17:44:07.066033> WebSocket connected! Start [SPOT] @depth@1000ms process...
17:44:29.097377> BinanceFuture - Vxxv1AWf[USD_M] Reconect to WebSocket #
17:44:29.098383> WebSocket [SubscribeToAggTradeStream()] [Closed] [future] and reconnect again [with Task.Delay]..
17:44:29.131385> WebSocket connected! Start [SPOT] @depth@1000ms process...
17:44:29.133380> BinanceFuture - Vxxv1AWf[USD_M] Reconect to WebSocket #
17:44:29.134381> WebSocket [SubscribeToAggTradeStream()] [Closed] [future] and reconnect again [with Task.Delay]..
17:44:29.136380> BinanceFuture - Vxxv1AWf[USD_M] Reconect to WebSocket #
17:44:29.136380> WebSocket [SubscribeToAggTradeStream()] [Closed] [future] and reconnect again [with Task.Delay]..
17:44:29.137385> BinanceFuture - Vxxv1AWf[USD_M] Reconect to WebSocket #
17:44:29.137385> WebSocket [SubscribeToAggTradeStream()] [Closed] [future] and reconnect again [with Task.Delay]..
17:44:29.138381> BinanceFuture - Vxxv1AWf[USD_M] Reconect ConnectToDepthStream() to WebSocket #
17:44:29.138381> WebSocket [ConnectToDepthStream()] [Closed] [future] and reconnect again [during Task.Delay]..
17:44:29.139382> BinanceFuture - Vxxv1AWf[USD_M] Reconect ConnectToDepthStream() to WebSocket #
17:44:29.139382> WebSocket [ConnectToDepthStream()] [Closed] [future] and reconnect again [during Task.Delay]..
17:44:29.140384> BinanceFuture - Vxxv1AWf[USD_M] Reconect to WebSocket #
17:44:29.141380> WebSocket [SubscribePartialDepthStream()] [Closed] [future] and reconnect again [during Task.Delay]..
17:44:29.141380> BinanceFuture - Vxxv1AWf[USD_M] Reconect to WebSocket #
17:44:29.142382> WebSocket [SubscribePartialDepthStream()] [Closed] [future] and reconnect again [during Task.Delay]..
17:44:29.142382> Binance - Vxxv1AWf[SPOT] Reconect to WebSocket #
17:44:29.143384> WebSocket [ConnectToDepthStream()] [Closed] [SPOT] and reconnect again [during Task.Delay]..
17:44:29.143384> Binance - Vxxv1AWf[SPOT] Reconect to WebSocket #
17:44:29.144387> WebSocket [ConnectToDepthStream()] [Closed] [SPOT] and reconnect again [during Task.Delay]..
17:44:29.144387> Binance - Vxxv1AWf[SPOT] Reconect to WebSocket #
17:44:29.145393> WebSocket [ConnectToDepthStream()] [Closed] [SPOT] and reconnect again [during Task.Delay]..
17:44:30.240442> Lenta has started...Start SubscribeToAggTradeStream @aggTrade [future] process...
17:44:30.254449> WebSocket connected! Start @depth [Future] process...
17:44:30.282444> WebSocket connected! Start @depth [Future] process...
17:44:30.283446> Lenta has started...Start SubscribeToAggTradeStream @aggTrade [future] process...
17:44:30.283446> Lenta has started...Start SubscribeToAggTradeStream @aggTrade [future] process...
17:44:30.284446> WebSocket connected! Start @depth [Future] process...
17:44:30.290445> Lenta has started...Start SubscribeToAggTradeStream @aggTrade [future] process...
17:44:30.324456> WebSocket connected! Start @depth [Future] process...
17:44:30.360452> WebSocket connected! Start [SPOT] @depth@1000ms process...
17:44:30.418456> WebSocket connected! Start [SPOT] @depth@1000ms process...
17:44:30.520460> WebSocket connected! Start [SPOT] @depth@1000ms process...
