18:38:24.570902> WebSocket connected! Start @depth [Future] process...
18:38:24.570902> WebSocket connected! Start Partial @depth20 [Future] process...
18:38:24.572900> Lenta has started...Start SubscribeToAggTradeStream @aggTrade [future] process...
18:38:24.573900> WebSocket connected! Start [MARGIN] @depth@100ms process...
18:38:24.580899> WebSocket connected! Start Partial @depth20 [MARGIN] process...
18:38:24.627912> Lenta has started...Start SubscribeToTradeStream @trade [{accType}] process...
18:38:24.760912> Binance - Vxxv1AWf[MARGIN] MARGIN Balance: 0.51778871 USDT
18:38:25.131932> WebSocket connected! Start @depth [Future] process...
18:38:25.147931> BinanceFuture - O6Lyrsb3[USD_M] USD_M Balance: 0.00000000 USDT
18:38:25.214939> WebSocket connected! Start Partial @depth20 [Future] process...
18:38:25.217937> Lenta has started...Start SubscribeToTradeStream @trade [{accType}] process...
18:38:25.225937> Lenta has started...Start SubscribeToAggTradeStream @aggTrade [future] process...
18:38:25.490951> WebSocket connected! Start Partial @depth20 [MARGIN] process...
18:38:25.605958> WebSocket connected! Start [MARGIN] @depth@100ms process...
18:46:26.063433> WebSocket [ConnectToDepthStream()] [future] error: Unable to read data from the transport connection: An existing connection was forcibly closed by the remote host.
18:46:26.065433> WebSocket [ConnectToDepthStream()] [Closed] [future] and reconnect again..
18:46:28.474573> WebSocket connected! Start @depth [Future] process...
18:46:31.115659> BinanceFuture - O6Lyrsb3[USD_M] Reconect to WebSocket #
18:46:31.115659> WebSocket [ConnectToDepthStream()] [Closed] [future] and reconnect again [during Task.Delay]..
18:46:34.397846> WebSocket connected! Start @depth [Future] process...
18:46:53.605945> Bid error : The given key was not present in the dictionary.
18:47:27.095433> WebSocket [ConnectToDepthStream()] [future] error: Unable to read data from the transport connection: An existing connection was forcibly closed by the remote host.
18:47:27.154436> WebSocket [ConnectToDepthStream()] [Closed] [future] and reconnect again..
18:47:29.870589> WebSocket connected! Start @depth [Future] process...
18:47:32.221772> BinanceFuture - O6Lyrsb3[USD_M] Reconect to WebSocket #
18:47:32.222725> WebSocket [ConnectToDepthStream()] [Closed] [future] and reconnect again [during Task.Delay]..
18:47:33.915824> WebSocket connected! Start @depth [Future] process...
18:47:35.158906> WebSocket [ConnectToDepthStream()] [future] error: Unable to read data from the transport connection: An existing connection was forcibly closed by the remote host.
18:47:35.276899> WebSocket [ConnectToDepthStream()] [Closed] [future] and reconnect again..
18:47:37.111013> WebSocket connected! Start @depth [Future] process...
18:47:40.367190> BinanceFuture - O6Lyrsb3[USD_M] Reconect to WebSocket #
18:47:40.368193> WebSocket [ConnectToDepthStream()] [Closed] [future] and reconnect again [during Task.Delay]..
18:47:42.046287> WebSocket connected! Start @depth [Future] process...
18:48:56.461558> Unable to read data from the transport connection: An existing connection was forcibly closed by the remote host.
18:48:56.461558> Unable to read data from the transport connection: An existing connection was forcibly closed by the remote host.
18:48:56.462562> WebSocket [SubscribeToAggTradeStream()] [Closed] [future] and reconnect again..
18:48:56.462562> WebSocket [SubscribeToAggTradeStream()] [Closed] [future] and reconnect again..
18:48:58.761686> Lenta has started...Start SubscribeToAggTradeStream @aggTrade [future] process...
18:48:59.361722> Lenta has started...Start SubscribeToAggTradeStream @aggTrade [future] process...
18:49:01.489844> BinanceFuture - O6Lyrsb3[USD_M] Reconect to WebSocket #
18:49:01.489844> WebSocket [SubscribeToAggTradeStream()] [Closed] [future] and reconnect again [with Task.Delay]..
18:49:01.490843> BinanceFuture - O6Lyrsb3[USD_M] Reconect to WebSocket #
18:49:01.490843> WebSocket [SubscribeToAggTradeStream()] [Closed] [future] and reconnect again [with Task.Delay]..
18:49:03.865978> Lenta has started...Start SubscribeToAggTradeStream @aggTrade [future] process...
18:49:03.868980> Lenta has started...Start SubscribeToAggTradeStream @aggTrade [future] process...
18:49:06.076107> WebSocket [ConnectToDepthStream()] [future] error: Received an unexpected EOF or 0 bytes from the transport stream.
18:49:06.107107> WebSocket [ConnectToDepthStream()] [Closed] [future] and reconnect again..
18:49:08.719260> WebSocket connected! Start @depth [Future] process...
18:49:11.114394> BinanceFuture - O6Lyrsb3[USD_M] Reconect to WebSocket #
18:49:11.122397> WebSocket [ConnectToDepthStream()] [Closed] [future] and reconnect again [during Task.Delay]..
18:49:13.168511> WebSocket connected! Start @depth [Future] process...
18:49:37.636985> WebSocket [ConnectToDepthStream()] [future] error: Unable to read data from the transport connection: An existing connection was forcibly closed by the remote host.
18:49:37.651919> WebSocket [ConnectToDepthStream()] [Closed] [future] and reconnect again..
18:49:39.406017> WebSocket connected! Start @depth [Future] process...
18:49:42.732209> BinanceFuture - O6Lyrsb3[USD_M] Reconect to WebSocket #
18:49:42.733208> WebSocket [ConnectToDepthStream()] [Closed] [future] and reconnect again [during Task.Delay]..
18:49:45.111344> WebSocket connected! Start @depth [Future] process...
18:49:45.239363> WebSocket [ConnectToDepthStream()] [future] error: Unable to read data from the transport connection: An existing connection was forcibly closed by the remote host.
18:49:45.392358> WebSocket [ConnectToDepthStream()] [Closed] [future] and reconnect again..
18:49:47.095456> WebSocket connected! Start @depth [Future] process...
18:49:50.466652> BinanceFuture - O6Lyrsb3[USD_M] Reconect to WebSocket #
18:49:50.467652> WebSocket [ConnectToDepthStream()] [Closed] [future] and reconnect again [during Task.Delay]..
18:49:51.685720> WebSocket connected! Start @depth [Future] process...
