18:10:17.645309> Binance - Vxxv1AWf[SPOT] SPOT Balance: 0.00000000 USDT
18:10:18.097772> Lenta has started...Start SubscribeToAggTradeStream @aggTrade [future] process...
18:10:18.097772> Lenta has started...Start SubscribeToTradeStream @trade [{accType}] process...
18:10:18.097772> WebSocket connected! Start Partial @depth20 [Future] process...
18:10:18.104776> WebSocket connected! Start @depth [Future] process...
18:10:18.109776> WebSocket connected! Start Partial @depth20 [SPOT] process...
18:10:18.113775> WebSocket connected! Start @bookTicker ...
18:10:18.116776> WebSocket connected! Start [SPOT] @depth@100ms process...
18:10:18.121775> WebSocket connected! Start @bookTicker [Future] process...
18:10:18.202782> WebSocket connected! Start @bookTicker ...
18:10:18.226787> Lenta has started...Start SubscribeToTradeStream @trade [{accType}] process...
18:10:18.236784> WebSocket connected! Start Partial @depth20 [SPOT] process...
18:10:18.240788> WebSocket connected! Start [SPOT] @depth@100ms process...
18:10:18.633807> WebSocket connected! Start @depth [Future] process...
18:10:18.636864> WebSocket connected! Start @bookTicker [Future] process...
18:10:18.645806> WebSocket connected! Start Partial @depth20 [Future] process...
18:10:18.692809> Lenta has started...Start SubscribeToAggTradeStream @aggTrade [future] process...
18:10:18.760811> BinanceFuture - Vxxv1AWf[USD_M] USD_M Balance: 0.59335425 USDT
18:13:51.377512> BinanceFuture - Vxxv1AWf[USD_M] Reconect to WebSocket #
18:13:51.381517> WebSocket [SubscribeBookTickerStream()] [Closed] [future] and reconnect again [during Task.Delay]..
18:13:51.417517> BinanceFuture - Vxxv1AWf[USD_M] Reconect to WebSocket #
18:13:51.418514> WebSocket [SubscribeBookTickerStream()] [Closed] [future] and reconnect again [during Task.Delay]..
18:13:52.895598> WebSocket connected! Start @depth [Future] process...
18:13:53.015604> WebSocket connected! Start @depth [Future] process...
18:17:49.719393> WebSocket [SubscribePartialDepthStream()] [future] error: Unable to read data from the transport connection: An existing connection was forcibly closed by the remote host.
18:17:49.808404> WebSocket [ConnectToDepthStream()] [future] error: Unable to read data from the transport connection: An existing connection was forcibly closed by the remote host.
18:17:49.812404> Unable to read data from the transport connection: An existing connection was forcibly closed by the remote host.
18:17:49.815409> WebSocket [SubscribePartialDepthStream()] [future] error: Unable to read data from the transport connection: An existing connection was forcibly closed by the remote host.
18:17:49.862401> Unable to read data from the transport connection: An existing connection was forcibly closed by the remote host.
18:17:49.863402> WebSocket [ConnectToDepthStream()] [future] error: Unable to read data from the transport connection: An existing connection was forcibly closed by the remote host.
18:17:54.758682> BinanceFuture - Vxxv1AWf[USD_M] Reconect to WebSocket #
18:17:54.759683> WebSocket [SubscribePartialDepthStream()] [Closed] [future] and reconnect again [during Task.Delay]..
18:17:54.856685> BinanceFuture - Vxxv1AWf[USD_M] Reconect to WebSocket #
18:17:54.858687> BinanceFuture - Vxxv1AWf[USD_M] Reconect to WebSocket #
18:17:54.859686> WebSocket [SubscribePartialDepthStream()] [Closed] [future] and reconnect again [during Task.Delay]..
18:17:54.860688> BinanceFuture - Vxxv1AWf[USD_M] Reconect to WebSocket #
18:17:54.860688> WebSocket [ConnectToDepthStream()] [Closed] [future] and reconnect again [during Task.Delay]..
18:17:54.932690> BinanceFuture - Vxxv1AWf[USD_M] Reconect to WebSocket #
18:17:54.933691> WebSocket [ConnectToDepthStream()] [Closed] [future] and reconnect again [during Task.Delay]..
18:17:54.938692> WebSocket [SubscribeToAggTradeStream()] [Closed] [future] and reconnect again [with Task.Delay]..
18:17:56.416775> WebSocket connected! Start @depth [Future] process...
18:17:56.527782> WebSocket connected! Start @depth [Future] process...
18:17:56.531782> WebSocket connected! Start @depth [Future] process...
18:17:56.587785> WebSocket connected! Start @depth [Future] process...
18:17:56.893803> Lenta has started...Start SubscribeToAggTradeStream @aggTrade [future] process...
