19:32:01.978724> Lenta has started...Start SubscribeToTradeStream @trade [{accType}] process...
19:32:01.979716> WebSocket connected! Start Partial @depth20 [MARGIN] process...
19:32:01.980717> WebSocket connected! Start [MARGIN] @depth@100ms process...
19:32:02.004718> Lenta has started...Start SubscribeToAggTradeStream @aggTrade [future] process...
19:32:02.032723> WebSocket connected! Start @depth [Future] process...
19:32:02.155727> Binance - Vxxv1AWf[MARGIN] MARGIN Balance: 0.5260284 USDT
19:32:02.200732> WebSocket connected! Start Partial @depth20 [MARGIN] process...
19:32:02.200732> Lenta has started...Start SubscribeToTradeStream @trade [{accType}] process...
19:32:02.306736> WebSocket connected! Start Partial @depth20 [Future] process...
19:32:02.536746> WebSocket connected! Start [MARGIN] @depth@100ms process...
19:32:02.905782> Lenta has started...Start SubscribeToAggTradeStream @aggTrade [future] process...
19:32:03.073780> WebSocket connected! Start @depth [Future] process...
19:32:03.089779> WebSocket connected! Start Partial @depth20 [Future] process...
19:32:03.375798> BinanceFuture - Vxxv1AWf[USD_M] USD_M Balance: 0.66986043 USDT
19:36:39.588773> WebSocket [ConnectToDepthStream()] [future] error: Unable to read data from the transport connection: An existing connection was forcibly closed by the remote host.
19:36:39.592772> WebSocket [SubscribePartialDepthStream()] [future] error: Unable to read data from the transport connection: An existing connection was forcibly closed by the remote host.
19:36:39.593773> WebSocket [SubscribePartialDepthStream()] [future] error: Unable to read data from the transport connection: An existing connection was forcibly closed by the remote host.
19:36:39.712780> WebSocket [SubscribePartialDepthStream()] [Closed] [future] and reconnect again..
19:36:39.713779> WebSocket [SubscribePartialDepthStream()] [Closed] [future] and reconnect again..
19:36:39.714780> WebSocket [ConnectToDepthStream()] [Closed] [future] and reconnect again..
19:36:39.810785> WebSocket [ConnectToDepthStream()] [future] error: Unable to read data from the transport connection: An existing connection was forcibly closed by the remote host.
19:36:39.810785> WebSocket [ConnectToDepthStream()] [Closed] [future] and reconnect again..
19:36:41.115860> WebSocket connected! Start @depth [Future] process...
19:36:41.116860> WebSocket connected! Start @depth [Future] process...
19:36:41.211865> WebSocket connected! Start @depth [Future] process...
19:36:41.288868> WebSocket connected! Start @depth [Future] process...
19:36:44.764068> BinanceFuture - Vxxv1AWf[USD_M] Reconect to WebSocket #
19:36:44.765069> WebSocket [SubscribePartialDepthStream()] [Closed] [future] and reconnect again [during Task.Delay]..
19:36:44.765069> BinanceFuture - Vxxv1AWf[USD_M] Reconect to WebSocket #
19:36:44.766069> WebSocket [SubscribePartialDepthStream()] [Closed] [future] and reconnect again [during Task.Delay]..
19:36:44.767068> BinanceFuture - Vxxv1AWf[USD_M] Reconect to WebSocket #
19:36:44.772072> WebSocket [ConnectToDepthStream()] [Closed] [future] and reconnect again [during Task.Delay]..
19:36:44.829074> BinanceFuture - Vxxv1AWf[USD_M] Reconect to WebSocket #
19:36:44.829074> WebSocket [ConnectToDepthStream()] [Closed] [future] and reconnect again [during Task.Delay]..
19:36:46.222151> WebSocket connected! Start @depth [Future] process...
19:36:46.259154> WebSocket connected! Start @depth [Future] process...
19:36:46.571173> WebSocket connected! Start @depth [Future] process...
19:36:46.572175> WebSocket connected! Start @depth [Future] process...
19:37:46.677618> WebSocket [ConnectToDepthStream()] [future] error: Unable to read data from the transport connection: An existing connection was forcibly closed by the remote host.
19:37:46.678619> WebSocket [ConnectToDepthStream()] [Closed] [future] and reconnect again..
19:37:47.776682> WebSocket [ConnectToDepthStream()] [future] error: Unable to read data from the transport connection: An existing connection was forcibly closed by the remote host.
19:37:47.781680> WebSocket [ConnectToDepthStream()] [Closed] [future] and reconnect again..
19:37:49.742795> WebSocket connected! Start @depth [Future] process...
19:37:49.895806> WebSocket connected! Start @depth [Future] process...
19:37:51.715907> BinanceFuture - Vxxv1AWf[USD_M] Reconect to WebSocket #
19:37:51.759922> WebSocket [ConnectToDepthStream()] [Closed] [future] and reconnect again [during Task.Delay]..
19:37:52.793971> BinanceFuture - Vxxv1AWf[USD_M] Reconect to WebSocket #
19:37:52.827971> WebSocket [ConnectToDepthStream()] [Closed] [future] and reconnect again [during Task.Delay]..
19:37:53.577014> WebSocket connected! Start @depth [Future] process...
19:37:55.143104> WebSocket connected! Start @depth [Future] process...
19:38:21.354605> WebSocket [ConnectToDepthStream()] [Closed] [future] and reconnect again..
19:38:23.636739> WebSocket connected! Start @depth [Future] process...
19:38:26.363892> BinanceFuture - Vxxv1AWf[USD_M] Reconect to WebSocket #
19:38:26.363892> WebSocket [ConnectToDepthStream()] [Closed] [future] and reconnect again [during Task.Delay]..
19:38:28.412010> WebSocket connected! Start @depth [Future] process...
19:38:36.842502> WebSocket [ConnectToDepthStream()] [Closed] [future] and reconnect again..
19:38:37.965559> WebSocket [ConnectToDepthStream()] [future] error: Received an unexpected EOF or 0 bytes from the transport stream.
19:38:37.971560> WebSocket [ConnectToDepthStream()] [Closed] [future] and reconnect again..
19:38:39.086624> Unable to write data to the transport connection: An existing connection was forcibly closed by the remote host.
19:38:39.087626> WebSocket [SubscribeToAggTradeStream()] [Closed] [future] and reconnect again..
19:38:39.087626> A request to send or receive data was disallowed because the socket is not connected and (when sending on a datagram socket using a sendto call) no address was supplied
19:38:39.092623> Unable to write data to the transport connection: An existing connection was forcibly closed by the remote host.
19:38:39.093625> WebSocket [SubscribeToAggTradeStream()] [Closed] [future] and reconnect again..
19:38:39.093625> A request to send or receive data was disallowed because the socket is not connected and (when sending on a datagram socket using a sendto call) no address was supplied
19:38:39.732660> WebSocket connected! Start @depth [Future] process...
19:38:40.022677> WebSocket connected! Start @depth [Future] process...
19:38:40.638712> Lenta has started...Start SubscribeToAggTradeStream @aggTrade [future] process...
19:38:41.036775> Lenta has started...Start SubscribeToAggTradeStream @aggTrade [future] process...
19:38:42.068796> BinanceFuture - Vxxv1AWf[USD_M] Reconect to WebSocket #
19:38:42.068796> WebSocket [ConnectToDepthStream()] [Closed] [future] and reconnect again [during Task.Delay]..
