12:17:05.694540> WebSocket connected! Start Partial @depth20 [Future] process...
12:17:05.716536> WebSocket connected! Start @depth [Future] process...
12:17:05.717535> Lenta has started...Start SubscribeToTradeStream @trade [{accType}] process...
12:17:05.753538> Lenta has started...Start SubscribeToAggTradeStream @aggTrade [future] process...
12:17:05.757538> WebSocket connected! Start @bookTicker [Future] process...
12:17:05.762538> WebSocket connected! Start [SPOT] @depth@100ms process...
12:17:05.765539> WebSocket connected! Start [SPOT] @depth@100ms process...
12:17:05.774539> WebSocket connected! Start @bookTicker ...
12:17:05.785540> WebSocket connected! Start Partial @depth20 [SPOT] process...
12:17:05.817543> WebSocket connected! Start @bookTicker ...
12:17:05.818543> WebSocket connected! Start Partial @depth20 [SPOT] process...
12:17:05.836543> Lenta has started...Start SubscribeToTradeStream @trade [{accType}] process...
12:17:06.185563> Binance - Vxxv1AWf[SPOT] SPOT Balance: 0.00000000 USDT
12:17:06.508587> WebSocket connected! Start Partial @depth20 [Future] process...
12:17:06.553584> WebSocket connected! Start @depth [Future] process...
12:17:06.565598> WebSocket connected! Start @bookTicker [Future] process...
12:17:06.578586> Lenta has started...Start SubscribeToAggTradeStream @aggTrade [future] process...
12:17:07.042612> BinanceFuture - Vxxv1AWf[USD_M] USD_M Balance: 3.31060251 USDT
12:19:06.070378> WebSocket [SubscribeBookTickerStream()] [future] error: Unable to read data from the transport connection: An existing connection was forcibly closed by the remote host.
12:19:06.909423> WebSocket [SubscribeBookTickerStream()] [future] error: Unable to read data from the transport connection: An established connection was aborted by the software in your host machine.
12:19:11.091664> BinanceFuture - Vxxv1AWf[USD_M] Reconect to WebSocket #
12:19:11.126674> WebSocket [SubscribeBookTickerStream()] [Closed] [future] and reconnect again [during Task.Delay]..
12:19:11.949712> BinanceFuture - Vxxv1AWf[USD_M] Reconect to WebSocket #
12:19:12.025720> WebSocket [SubscribeBookTickerStream()] [Closed] [future] and reconnect again [during Task.Delay]..
12:19:12.523746> WebSocket connected! Start @depth [Future] process...
12:19:13.220785> WebSocket connected! Start @depth [Future] process...
12:25:14.077409> WebSocket [ConnectToDepthStream()] [future] error: Unable to read data from the transport connection: An existing connection was forcibly closed by the remote host.
12:25:19.206705> BinanceFuture - Vxxv1AWf[USD_M] Reconect to WebSocket #
12:25:19.207704> WebSocket [ConnectToDepthStream()] [Closed] [future] and reconnect again [during Task.Delay]..
12:25:23.342941> WebSocket connected! Start @depth [Future] process...
12:26:07.168456> WebSocket [ConnectToDepthStream()] [future] error: Unable to read data from the transport connection: An existing connection was forcibly closed by the remote host.
12:26:12.195741> BinanceFuture - Vxxv1AWf[USD_M] Reconect to WebSocket #
12:26:12.197742> WebSocket [ConnectToDepthStream()] [Closed] [future] and reconnect again [during Task.Delay]..
12:26:13.402809> WebSocket connected! Start @depth [Future] process...
12:29:07.379787> WebSocket [ConnectToDepthStream()] [future] error: Unable to read data from the transport connection: An existing connection was forcibly closed by the remote host.
12:29:12.477078> BinanceFuture - Vxxv1AWf[USD_M] Reconect to WebSocket #
12:29:12.478079> WebSocket [ConnectToDepthStream()] [Closed] [future] and reconnect again [during Task.Delay]..
12:29:13.602143> WebSocket connected! Start @depth [Future] process...
12:30:24.000179> WebSocket [ConnectToDepthStream()] [future] error: Unable to read data from the transport connection: An existing connection was forcibly closed by the remote host.
12:30:29.191477> BinanceFuture - Vxxv1AWf[USD_M] Reconect to WebSocket #
12:30:29.192478> WebSocket [ConnectToDepthStream()] [Closed] [future] and reconnect again [during Task.Delay]..
12:30:30.407548> WebSocket connected! Start @depth [Future] process...
12:32:14.321514> WebSocket [ConnectToDepthStream()] [future] error: Unable to read data from the transport connection: An existing connection was forcibly closed by the remote host.
12:32:19.358795> BinanceFuture - Vxxv1AWf[USD_M] Reconect to WebSocket #
12:32:19.359796> WebSocket [ConnectToDepthStream()] [Closed] [future] and reconnect again [during Task.Delay]..
12:32:20.816886> WebSocket connected! Start @depth [Future] process...
12:33:14.455953> WebSocket [ConnectToDepthStream()] [future] error: Unable to read data from the transport connection: An existing connection was forcibly closed by the remote host.
12:33:15.009986> WebSocket [ConnectToDepthStream()] [future] error: Unable to read data from the transport connection: An existing connection was forcibly closed by the remote host.
12:33:19.470240> BinanceFuture - Vxxv1AWf[USD_M] Reconect to WebSocket #
12:33:19.470240> WebSocket [ConnectToDepthStream()] [Closed] [future] and reconnect again [during Task.Delay]..
12:33:20.030273> BinanceFuture - Vxxv1AWf[USD_M] Reconect to WebSocket #
12:33:20.034272> WebSocket [ConnectToDepthStream()] [Closed] [future] and reconnect again [during Task.Delay]..
12:33:21.225341> WebSocket connected! Start @depth [Future] process...
12:33:21.773375> WebSocket connected! Start @depth [Future] process...
12:34:31.259356> WebSocket [ConnectToDepthStream()] [future] error: Unable to read data from the transport connection: An existing connection was forcibly closed by the remote host.
12:34:36.276645> BinanceFuture - Vxxv1AWf[USD_M] Reconect to WebSocket #
12:34:36.276645> WebSocket [ConnectToDepthStream()] [Closed] [future] and reconnect again [during Task.Delay]..
12:34:37.897736> WebSocket connected! Start @depth [Future] process...
12:35:23.988381> WebSocket [ConnectToDepthStream()] [future] error: Unable to read data from the transport connection: An existing connection was forcibly closed by the remote host.
12:35:29.015667> BinanceFuture - Vxxv1AWf[USD_M] Reconect to WebSocket #
12:35:29.022667> WebSocket [ConnectToDepthStream()] [Closed] [future] and reconnect again [during Task.Delay]..
12:35:30.151732> WebSocket connected! Start @depth [Future] process...
12:36:22.113713> WebSocket [ConnectToDepthStream()] [future] error: Unable to read data from the transport connection: An existing connection was forcibly closed by the remote host.
12:36:27.152005> BinanceFuture - Vxxv1AWf[USD_M] Reconect to WebSocket #
12:36:27.155003> WebSocket [ConnectToDepthStream()] [Closed] [future] and reconnect again [during Task.Delay]..
12:36:28.935104> WebSocket connected! Start @depth [Future] process...
12:37:23.057206> WebSocket [ConnectToDepthStream()] [future] error: Unable to read data from the transport connection: An existing connection was forcibly closed by the remote host.
12:37:28.101497> BinanceFuture - Vxxv1AWf[USD_M] Reconect to WebSocket #
12:37:28.102496> WebSocket [ConnectToDepthStream()] [Closed] [future] and reconnect again [during Task.Delay]..
12:37:29.387570> WebSocket connected! Start @depth [Future] process...
12:38:39.586595> WebSocket [ConnectToDepthStream()] [future] error: Unable to read data from the transport connection: An existing connection was forcibly closed by the remote host.
12:38:44.702889> BinanceFuture - Vxxv1AWf[USD_M] Reconect to WebSocket #
12:38:44.702889> WebSocket [ConnectToDepthStream()] [Closed] [future] and reconnect again [during Task.Delay]..
12:38:46.798007> WebSocket connected! Start @depth [Future] process...
12:41:29.898359> WebSocket [ConnectToDepthStream()] [future] error: Unable to read data from the transport connection: An existing connection was forcibly closed by the remote host.
12:41:29.937363> WebSocket [ConnectToDepthStream()] [future] error: Unable to read data from the transport connection: An existing connection was forcibly closed by the remote host.
12:41:34.913646> BinanceFuture - Vxxv1AWf[USD_M] Reconect to WebSocket #
12:41:34.921646> WebSocket [ConnectToDepthStream()] [Closed] [future] and reconnect again [during Task.Delay]..
12:41:34.942648> BinanceFuture - Vxxv1AWf[USD_M] Reconect to WebSocket #
12:41:34.942648> WebSocket [ConnectToDepthStream()] [Closed] [future] and reconnect again [during Task.Delay]..
12:41:36.367731> WebSocket connected! Start @depth [Future] process...
12:41:36.389736> WebSocket connected! Start @depth [Future] process...
12:45:31.596235> WebSocket [ConnectToDepthStream()] [future] error: Unable to read data from the transport connection: An existing connection was forcibly closed by the remote host.
12:45:36.671510> BinanceFuture - Vxxv1AWf[USD_M] Reconect to WebSocket #
12:45:36.686512> WebSocket [ConnectToDepthStream()] [Closed] [future] and reconnect again [during Task.Delay]..
12:45:38.104591> WebSocket [ConnectToDepthStream()] [future] error: Unable to read data from the transport connection: An existing connection was forcibly closed by the remote host.
12:45:41.522788> WebSocket connected! Start @depth [Future] process...
12:45:43.387894> BinanceFuture - Vxxv1AWf[USD_M] Reconect to WebSocket #
12:45:43.388896> WebSocket [ConnectToDepthStream()] [Closed] [future] and reconnect again [during Task.Delay]..
12:45:47.985158> WebSocket connected! Start @depth [Future] process...
