09:51:03.687355> WebSocket connected! Start @bookTicker [Future] process...
09:51:03.687355> Lenta has started...Start SubscribeToAggTradeStream @aggTrade [future] process...
09:51:03.689358> WebSocket connected! Start Partial @depth20 [SPOT] process...
09:51:03.688356> WebSocket connected! Start Partial @depth20 [Future] process...
09:51:03.702358> WebSocket connected! Start @bookTicker ...
09:51:03.721358> WebSocket connected! Start @depth [Future] process...
09:51:03.814364> WebSocket connected! Start [SPOT] @depth@100ms process...
09:51:03.823364> WebSocket connected! Start Partial @depth20 [SPOT] process...
09:51:03.824363> Lenta has started...Start SubscribeToTradeStream @trade [{accType}] process...
09:51:04.048375> WebSocket connected! Start [SPOT] @depth@100ms process...
09:51:04.241387> Binance - Vxxv1AWf[SPOT] SPOT Balance: 0.00000000 USDT
09:51:04.278394> WebSocket connected! Start Partial @depth20 [Future] process...
09:51:04.279390> WebSocket connected! Start @bookTicker [Future] process...
09:51:04.280390> WebSocket connected! Start @depth [Future] process...
09:51:04.322401> Lenta has started...Start SubscribeToAggTradeStream @aggTrade [future] process...
09:51:04.687420> Lenta has started...Start SubscribeToTradeStream @trade [{accType}] process...
09:51:04.822419> WebSocket connected! Start @bookTicker ...
09:51:05.883212> BinanceFuture - Vxxv1AWf[USD_M] USD_M Balance: 0.07599264 USDT
10:35:58.826014> BinanceFuture - Vxxv1AWf[USD_M] Reconect to WebSocket #
10:35:58.827013> WebSocket [SubscribeBookTickerStream()] [Closed] [future] and reconnect again [during Task.Delay]..
10:35:59.914582> WebSocket connected! Start @depth [Future] process...
10:42:08.608515> WebSocket [ConnectToDepthStream()] [future] error: Unable to read data from the transport connection: An established connection was aborted by the software in your host machine.
10:42:13.755808> BinanceFuture - Vxxv1AWf[USD_M] Reconect to WebSocket #
10:42:13.756807> WebSocket [ConnectToDepthStream()] [Closed] [future] and reconnect again [during Task.Delay]..
10:42:15.238894> WebSocket connected! Start @depth [Future] process...
10:45:29.023012> WebSocket [ConnectToDepthStream()] [future] error: Received an unexpected EOF or 0 bytes from the transport stream.
10:45:34.189302> BinanceFuture - Vxxv1AWf[USD_M] Reconect to WebSocket #
10:45:34.189302> WebSocket [ConnectToDepthStream()] [Closed] [future] and reconnect again [during Task.Delay]..
10:45:36.462430> WebSocket connected! Start @depth [Future] process...
10:45:41.982753> BinanceFuture - Vxxv1AWf[USD_M] Reconect to WebSocket #
10:45:41.983749> WebSocket [ConnectToDepthStream()] [Closed] [future] and reconnect again [during Task.Delay]..
10:45:43.147818> WebSocket connected! Start @depth [Future] process...
10:48:47.446385> BinanceFuture - Vxxv1AWf[USD_M] Reconect to WebSocket #
10:48:47.446385> WebSocket [ConnectToDepthStream()] [Closed] [future] and reconnect again [during Task.Delay]..
10:48:48.651454> WebSocket connected! Start @depth [Future] process...
10:50:14.950400> BinanceFuture - Vxxv1AWf[USD_M] Reconect to WebSocket #
10:50:14.956400> WebSocket [SubscribeBookTickerStream()] [Closed] [future] and reconnect again [during Task.Delay]..
10:50:16.265474> WebSocket connected! Start @depth [Future] process...
10:51:25.574451> BinanceFuture - Vxxv1AWf[USD_M] Reconect to WebSocket #
10:51:25.595465> WebSocket [ConnectToDepthStream()] [Closed] [future] and reconnect again [during Task.Delay]..
10:51:27.756574> WebSocket connected! Start @depth [Future] process...
10:51:28.392609> BinanceFuture - Vxxv1AWf[USD_M] Reconect to WebSocket #
10:51:28.392609> WebSocket [ConnectToDepthStream()] [Closed] [future] and reconnect again [during Task.Delay]..
10:51:29.656681> WebSocket connected! Start @depth [Future] process...
10:53:55.229028> WebSocket [ConnectToDepthStream()] [future] error: Received an unexpected EOF or 0 bytes from the transport stream.
10:54:00.356322> BinanceFuture - Vxxv1AWf[USD_M] Reconect to WebSocket #
10:54:00.357324> WebSocket [ConnectToDepthStream()] [Closed] [future] and reconnect again [during Task.Delay]..
10:54:01.873414> WebSocket connected! Start @depth [Future] process...
10:54:33.808241> BinanceFuture - Vxxv1AWf[USD_M] Reconect to WebSocket #
10:54:33.808241> WebSocket [ConnectToDepthStream()] [Closed] [future] and reconnect again [during Task.Delay]..
10:54:35.014311> WebSocket connected! Start @depth [Future] process...
10:56:45.923818> BinanceFuture - Vxxv1AWf[USD_M] Reconect to WebSocket #
10:56:45.923818> WebSocket [ConnectToDepthStream()] [Closed] [future] and reconnect again [during Task.Delay]..
10:56:47.588911> WebSocket connected! Start @depth [Future] process...
10:57:29.533316> WebSocket [ConnectToDepthStream()] [future] error: Unable to read data from the transport connection: An existing connection was forcibly closed by the remote host.
10:57:31.080408> WebSocket [ConnectToDepthStream()] [future] error: Unable to read data from the transport connection: An existing connection was forcibly closed by the remote host.
10:57:34.690613> BinanceFuture - Vxxv1AWf[USD_M] Reconect to WebSocket #
10:57:34.691614> WebSocket [ConnectToDepthStream()] [Closed] [future] and reconnect again [during Task.Delay]..
10:57:35.703670> WebSocket [ConnectToDepthStream()] [future] error: Unable to read data from the transport connection: An established connection was aborted by the software in your host machine.
10:57:36.059694> WebSocket connected! Start @depth [Future] process...
10:57:36.102693> BinanceFuture - Vxxv1AWf[USD_M] Reconect to WebSocket #
10:57:36.103693> WebSocket [ConnectToDepthStream()] [Closed] [future] and reconnect again [during Task.Delay]..
10:57:37.410769> WebSocket connected! Start @depth [Future] process...
10:57:40.744959> BinanceFuture - Vxxv1AWf[USD_M] Reconect to WebSocket #
10:57:40.769961> WebSocket [ConnectToDepthStream()] [Closed] [future] and reconnect again [during Task.Delay]..
10:57:42.075037> WebSocket connected! Start @depth [Future] process...
11:01:32.093225> BinanceFuture - Vxxv1AWf[USD_M] Reconect to WebSocket #
11:01:32.094225> WebSocket [ConnectToDepthStream()] [Closed] [future] and reconnect again [during Task.Delay]..
11:01:34.391355> WebSocket connected! Start @depth [Future] process...
11:01:58.440736> WebSocket [ConnectToDepthStream()] [future] error: Received an unexpected EOF or 0 bytes from the transport stream.
11:02:03.536027> BinanceFuture - Vxxv1AWf[USD_M] Reconect to WebSocket #
11:02:03.537027> WebSocket [ConnectToDepthStream()] [Closed] [future] and reconnect again [during Task.Delay]..
11:02:05.684150> WebSocket connected! Start @depth [Future] process...
11:02:34.535806> BinanceFuture - Vxxv1AWf[USD_M] Reconect to WebSocket #
11:02:34.535806> WebSocket [ConnectToDepthStream()] [Closed] [future] and reconnect again [during Task.Delay]..
11:02:35.821880> WebSocket connected! Start @depth [Future] process...
11:03:39.385522> WebSocket [ConnectToDepthStream()] [future] error: Unable to read data from the transport connection: An existing connection was forcibly closed by the remote host.
11:03:44.489817> BinanceFuture - Vxxv1AWf[USD_M] Reconect to WebSocket #
11:03:44.490817> WebSocket [ConnectToDepthStream()] [Closed] [future] and reconnect again [during Task.Delay]..
11:03:46.111910> WebSocket connected! Start @depth [Future] process...
11:04:37.626864> WebSocket [ConnectToDepthStream()] [future] error: Unable to read data from the transport connection: An existing connection was forcibly closed by the remote host.
11:04:42.737156> BinanceFuture - Vxxv1AWf[USD_M] Reconect to WebSocket #
11:04:42.738155> WebSocket [ConnectToDepthStream()] [Closed] [future] and reconnect again [during Task.Delay]..
11:04:44.022228> WebSocket connected! Start @depth [Future] process...
11:04:53.578777> BinanceFuture - Vxxv1AWf[USD_M] Reconect to WebSocket #
11:04:53.579777> WebSocket [ConnectToDepthStream()] [Closed] [future] and reconnect again [during Task.Delay]..
11:04:54.859850> WebSocket connected! Start @depth [Future] process...
11:05:07.300563> WebSocket [ConnectToDepthStream()] [future] error: Unable to read data from the transport connection: An established connection was aborted by the software in your host machine.
11:05:12.418857> BinanceFuture - Vxxv1AWf[USD_M] Reconect to WebSocket #
11:05:12.449860> WebSocket [ConnectToDepthStream()] [Closed] [future] and reconnect again [during Task.Delay]..
11:05:14.653990> WebSocket connected! Start @depth [Future] process...
11:08:03.719679> BinanceFuture - Vxxv1AWf[USD_M] Reconect to WebSocket #
11:08:03.719679> WebSocket [ConnectToDepthStream()] [Closed] [future] and reconnect again [during Task.Delay]..
11:08:05.196765> WebSocket connected! Start @depth [Future] process...
11:08:53.897556> BinanceFuture - Vxxv1AWf[USD_M] Reconect to WebSocket #
11:08:54.032565> WebSocket [ConnectToDepthStream()] [Closed] [future] and reconnect again [during Task.Delay]..
11:08:56.407699> WebSocket connected! Start @depth [Future] process...
11:09:01.859024> WebSocket [ConnectToDepthStream()] [future] error: Unable to read data from the transport connection: An established connection was aborted by the software in your host machine.
11:09:07.111313> BinanceFuture - Vxxv1AWf[USD_M] Reconect to WebSocket #
11:09:07.111313> WebSocket [ConnectToDepthStream()] [Closed] [future] and reconnect again [during Task.Delay]..
11:09:09.042424> WebSocket connected! Start @depth [Future] process...
11:09:22.808214> BinanceFuture - Vxxv1AWf[USD_M] Reconect to WebSocket #
11:09:22.927221> WebSocket [ConnectToDepthStream()] [Closed] [future] and reconnect again [during Task.Delay]..
11:09:25.264356> WebSocket connected! Start @depth [Future] process...
11:11:33.431719> WebSocket [ConnectToDepthStream()] [future] error: Unable to read data from the transport connection: An existing connection was forcibly closed by the remote host.
11:11:38.501995> BinanceFuture - Vxxv1AWf[USD_M] Reconect to WebSocket #
11:11:38.501995> WebSocket [ConnectToDepthStream()] [Closed] [future] and reconnect again [during Task.Delay]..
11:11:40.098086> WebSocket connected! Start @depth [Future] process...
11:11:48.778583> BinanceFuture - Vxxv1AWf[USD_M] Reconect to WebSocket #
11:11:48.779584> WebSocket [ConnectToDepthStream()] [Closed] [future] and reconnect again [during Task.Delay]..
11:11:50.288672> WebSocket connected! Start @depth [Future] process...
11:12:52.730252> WebSocket [ConnectToDepthStream()] [future] error: Received an unexpected EOF or 0 bytes from the transport stream.
11:12:57.797540> BinanceFuture - Vxxv1AWf[USD_M] Reconect to WebSocket #
11:12:57.800541> WebSocket [ConnectToDepthStream()] [Closed] [future] and reconnect again [during Task.Delay]..
11:12:59.525642> WebSocket connected! Start @depth [Future] process...
11:13:29.843377> BinanceFuture - Vxxv1AWf[USD_M] Reconect to WebSocket #
11:13:29.843377> WebSocket [ConnectToDepthStream()] [Closed] [future] and reconnect again [during Task.Delay]..
11:13:31.207456> WebSocket connected! Start @depth [Future] process...
11:15:36.055618> BinanceFuture - Vxxv1AWf[USD_M] Reconect to WebSocket #
11:15:36.057616> WebSocket [ConnectToDepthStream()] [Closed] [future] and reconnect again [during Task.Delay]..
11:15:37.556711> WebSocket connected! Start @depth [Future] process...
11:15:40.028842> BinanceFuture - Vxxv1AWf[USD_M] Reconect to WebSocket #
11:15:40.028842> WebSocket [ConnectToDepthStream()] [Closed] [future] and reconnect again [during Task.Delay]..
11:15:41.140906> WebSocket connected! Start @depth [Future] process...
11:17:16.714388> WebSocket [ConnectToDepthStream()] [future] error: Received an unexpected EOF or 0 bytes from the transport stream.
11:17:21.814679> BinanceFuture - Vxxv1AWf[USD_M] Reconect to WebSocket #
11:17:21.814679> WebSocket [ConnectToDepthStream()] [Closed] [future] and reconnect again [during Task.Delay]..
11:17:23.753793> WebSocket connected! Start @depth [Future] process...
11:17:44.236964> BinanceFuture - Vxxv1AWf[USD_M] Reconect to WebSocket #
11:17:44.253966> WebSocket [ConnectToDepthStream()] [Closed] [future] and reconnect again [during Task.Delay]..
11:17:45.471036> WebSocket connected! Start @depth [Future] process...
11:19:57.480612> BinanceFuture - Vxxv1AWf[USD_M] Reconect to WebSocket #
11:19:57.481606> WebSocket [ConnectToDepthStream()] [Closed] [future] and reconnect again [during Task.Delay]..
11:19:58.949689> BinanceFuture - Vxxv1AWf[USD_M] Reconect to WebSocket #
11:19:58.950690> WebSocket [ConnectToDepthStream()] [Closed] [future] and reconnect again [during Task.Delay]..
11:19:59.241711> WebSocket connected! Start @depth [Future] process...
11:20:00.535779> WebSocket connected! Start @depth [Future] process...
11:20:24.468151> WebSocket [ConnectToDepthStream()] [future] error: Unable to read data from the transport connection: An established connection was aborted by the software in your host machine.
11:20:29.761454> BinanceFuture - Vxxv1AWf[USD_M] Reconect to WebSocket #
11:20:29.761454> WebSocket [ConnectToDepthStream()] [Closed] [future] and reconnect again [during Task.Delay]..
11:20:31.382549> WebSocket connected! Start @depth [Future] process...
11:23:33.352983> WebSocket [ConnectToDepthStream()] [future] error: Unable to read data from the transport connection: An existing connection was forcibly closed by the remote host.
11:23:38.387284> BinanceFuture - Vxxv1AWf[USD_M] Reconect to WebSocket #
11:23:38.392272> WebSocket [ConnectToDepthStream()] [Closed] [future] and reconnect again [during Task.Delay]..
11:23:39.872357> WebSocket connected! Start @depth [Future] process...
11:23:52.222065> WebSocket [ConnectToDepthStream()] [future] error: Unable to read data from the transport connection: An existing connection was forcibly closed by the remote host.
11:23:57.298356> BinanceFuture - Vxxv1AWf[USD_M] Reconect to WebSocket #
11:23:57.298356> WebSocket [ConnectToDepthStream()] [Closed] [future] and reconnect again [during Task.Delay]..
11:23:58.505423> WebSocket connected! Start @depth [Future] process...
11:24:25.126951> WebSocket [ConnectToDepthStream()] [future] error: Received an unexpected EOF or 0 bytes from the transport stream.
11:24:26.415024> BinanceFuture - Vxxv1AWf[USD_M] Reconect to WebSocket #
11:24:26.415024> WebSocket [ConnectToDepthStream()] [Closed] [future] and reconnect again [during Task.Delay]..
11:24:27.950115> WebSocket connected! Start @depth [Future] process...
11:24:30.190245> BinanceFuture - Vxxv1AWf[USD_M] Reconect to WebSocket #
11:24:30.191242> WebSocket [ConnectToDepthStream()] [Closed] [future] and reconnect again [during Task.Delay]..
11:24:31.528318> WebSocket connected! Start @depth [Future] process...
11:27:31.971782> WebSocket [ConnectToDepthStream()] [future] error: Unable to read data from the transport connection: An established connection was aborted by the software in your host machine.
11:27:37.109076> BinanceFuture - Vxxv1AWf[USD_M] Reconect to WebSocket #
11:27:37.110076> WebSocket [ConnectToDepthStream()] [Closed] [future] and reconnect again [during Task.Delay]..
11:27:38.517160> WebSocket connected! Start @depth [Future] process...
11:28:10.609996> BinanceFuture - Vxxv1AWf[USD_M] Reconect to WebSocket #
11:28:10.610997> WebSocket [ConnectToDepthStream()] [Closed] [future] and reconnect again [during Task.Delay]..
11:28:12.027076> WebSocket connected! Start @depth [Future] process...
11:28:25.634859> BinanceFuture - Vxxv1AWf[USD_M] Reconect to WebSocket #
11:28:25.639858> WebSocket [ConnectToDepthStream()] [Closed] [future] and reconnect again [during Task.Delay]..
11:28:27.140942> WebSocket connected! Start @depth [Future] process...
11:28:28.111999> BinanceFuture - Vxxv1AWf[USD_M] Reconect to WebSocket #
11:28:28.113000> WebSocket [ConnectToDepthStream()] [Closed] [future] and reconnect again [during Task.Delay]..
11:28:29.449079> WebSocket connected! Start @depth [Future] process...
11:30:42.693724> WebSocket [ConnectToDepthStream()] [future] error: Unable to read data from the transport connection: An existing connection was forcibly closed by the remote host.
11:30:47.798008> BinanceFuture - Vxxv1AWf[USD_M] Reconect to WebSocket #
11:30:47.798008> WebSocket [ConnectToDepthStream()] [Closed] [future] and reconnect again [during Task.Delay]..
11:30:49.286095> WebSocket connected! Start @depth [Future] process...
11:31:25.619181> BinanceFuture - Vxxv1AWf[USD_M] Reconect to WebSocket #
11:31:25.723182> WebSocket [ConnectToDepthStream()] [Closed] [future] and reconnect again [during Task.Delay]..
11:31:27.631291> WebSocket connected! Start @depth [Future] process...
11:32:12.703876> BinanceFuture - Vxxv1AWf[USD_M] Reconect to WebSocket #
11:32:12.703876> WebSocket [ConnectToDepthStream()] [Closed] [future] and reconnect again [during Task.Delay]..
11:32:14.601986> WebSocket connected! Start @depth [Future] process...
11:32:34.814146> BinanceFuture - Vxxv1AWf[USD_M] Reconect to WebSocket #
11:32:34.815146> WebSocket [ConnectToDepthStream()] [Closed] [future] and reconnect again [during Task.Delay]..
11:32:36.646249> WebSocket connected! Start @depth [Future] process...
11:34:59.745454> BinanceFuture - Vxxv1AWf[USD_M] Reconect to WebSocket #
11:34:59.759456> WebSocket [ConnectToDepthStream()] [Closed] [future] and reconnect again [during Task.Delay]..
11:35:01.897580> WebSocket connected! Start @depth [Future] process...
11:35:21.562707> WebSocket [ConnectToDepthStream()] [future] error: Received an unexpected EOF or 0 bytes from the transport stream.
11:35:26.709002> BinanceFuture - Vxxv1AWf[USD_M] Reconect to WebSocket #
11:35:26.713001> WebSocket [ConnectToDepthStream()] [Closed] [future] and reconnect again [during Task.Delay]..
11:35:27.936070> WebSocket connected! Start @depth [Future] process...
11:35:42.648916> WebSocket [ConnectToDepthStream()] [future] error: Unable to read data from the transport connection: An existing connection was forcibly closed by the remote host.
11:35:47.713206> BinanceFuture - Vxxv1AWf[USD_M] Reconect to WebSocket #
11:35:47.713206> WebSocket [ConnectToDepthStream()] [Closed] [future] and reconnect again [during Task.Delay]..
11:35:49.174290> WebSocket connected! Start @depth [Future] process...
11:36:39.017150> BinanceFuture - Vxxv1AWf[USD_M] Reconect to WebSocket #
11:36:39.017150> WebSocket [ConnectToDepthStream()] [Closed] [future] and reconnect again [during Task.Delay]..
11:36:41.034261> WebSocket connected! Start @depth [Future] process...
11:38:53.453855> BinanceFuture - Vxxv1AWf[USD_M] Reconect to WebSocket #
11:38:53.453855> WebSocket [ConnectToDepthStream()] [Closed] [future] and reconnect again [during Task.Delay]..
11:38:55.037947> WebSocket connected! Start @depth [Future] process...
11:39:47.218938> BinanceFuture - Vxxv1AWf[USD_M] Reconect to WebSocket #
11:39:47.219939> WebSocket [ConnectToDepthStream()] [Closed] [future] and reconnect again [during Task.Delay]..
11:39:49.504070> WebSocket connected! Start @depth [Future] process...
11:40:26.483190> WebSocket [ConnectToDepthStream()] [future] error: Received an unexpected EOF or 0 bytes from the transport stream.
11:40:31.584480> BinanceFuture - Vxxv1AWf[USD_M] Reconect to WebSocket #
11:40:31.585484> WebSocket [ConnectToDepthStream()] [Closed] [future] and reconnect again [during Task.Delay]..
11:40:33.035565> WebSocket connected! Start @depth [Future] process...
11:41:26.885654> BinanceFuture - Vxxv1AWf[USD_M] Reconect to WebSocket #
11:41:26.885654> WebSocket [ConnectToDepthStream()] [Closed] [future] and reconnect again [during Task.Delay]..
11:41:28.481745> WebSocket connected! Start @depth [Future] process...
11:41:55.956321> WebSocket [ConnectToDepthStream()] [future] error: Unable to read data from the transport connection: An existing connection was forcibly closed by the remote host.
11:42:01.164617> BinanceFuture - Vxxv1AWf[USD_M] Reconect to WebSocket #
11:42:01.165617> WebSocket [ConnectToDepthStream()] [Closed] [future] and reconnect again [during Task.Delay]..
11:42:02.782710> WebSocket connected! Start @depth [Future] process...
11:42:52.565570> WebSocket [ConnectToDepthStream()] [future] error: Unable to read data from the transport connection: An existing connection was forcibly closed by the remote host.
11:43:37.781159> WebSocket [ConnectToDepthStream()] [future] error: Unable to read data from the transport connection: An existing connection was forcibly closed by the remote host.
11:43:42.921462> BinanceFuture - Vxxv1AWf[USD_M] Reconect to WebSocket #
11:43:42.928454> WebSocket [ConnectToDepthStream()] [Closed] [future] and reconnect again [during Task.Delay]..
11:43:45.925632> WebSocket connected! Start @depth [Future] process...
11:44:32.863317> WebSocket [ConnectToDepthStream()] [future] error: Unable to read data from the transport connection: An existing connection was forcibly closed by the remote host.
11:44:37.925605> BinanceFuture - Vxxv1AWf[USD_M] Reconect to WebSocket #
11:44:37.925605> WebSocket [ConnectToDepthStream()] [Closed] [future] and reconnect again [during Task.Delay]..
11:44:39.408693> WebSocket connected! Start @depth [Future] process...
11:48:11.124830> WebSocket [ConnectToDepthStream()] [future] error: Unable to read data from the transport connection: An existing connection was forcibly closed by the remote host.
11:48:16.142122> BinanceFuture - Vxxv1AWf[USD_M] Reconect to WebSocket #
11:48:16.154118> WebSocket [ConnectToDepthStream()] [Closed] [future] and reconnect again [during Task.Delay]..
11:48:18.172236> WebSocket connected! Start @depth [Future] process...
11:49:00.387655> BinanceFuture - Vxxv1AWf[USD_M] Reconect to WebSocket #
11:49:00.388656> WebSocket [ConnectToDepthStream()] [Closed] [future] and reconnect again [during Task.Delay]..
11:49:02.125756> WebSocket connected! Start @depth [Future] process...
11:49:16.551583> BinanceFuture - Vxxv1AWf[USD_M] Reconect to WebSocket #
11:49:16.551583> WebSocket [ConnectToDepthStream()] [Closed] [future] and reconnect again [during Task.Delay]..
11:49:17.936666> WebSocket connected! Start @depth [Future] process...
11:53:16.949366> BinanceFuture - Vxxv1AWf[USD_M] Reconect to WebSocket #
11:53:16.949366> WebSocket [ConnectToDepthStream()] [Closed] [future] and reconnect again [during Task.Delay]..
11:53:22.137664> WebSocket connected! Start @depth [Future] process...
11:53:23.296730> BinanceFuture - Vxxv1AWf[USD_M] Reconect to WebSocket #
11:53:23.296730> WebSocket [ConnectToDepthStream()] [Closed] [future] and reconnect again [during Task.Delay]..
11:53:26.094901> WebSocket connected! Start @depth [Future] process...
11:53:28.591032> BinanceFuture - Vxxv1AWf[USD_M] Reconect to WebSocket #
11:53:28.603038> WebSocket [ConnectToDepthStream()] [Closed] [future] and reconnect again [during Task.Delay]..
11:53:31.436197> WebSocket connected! Start @depth [Future] process...
