11:46:36.320956> Binance - Vxxv1AWf[SPOT] SPOT Balance: 0.00000000 USDT
11:46:36.374962> WebSocket connected! Start Partial @depth20 [Future] process...
11:46:36.375959> WebSocket connected! Start @depth [Future] process...
11:46:36.375959> WebSocket connected! Start Partial @depth20 [SPOT] process...
11:46:36.378959> Lenta has started...Start SubscribeToAggTradeStream @aggTrade [future] process...
11:46:36.569970> WebSocket connected! Start Partial @depth20 [Future] process...
11:46:36.601970> WebSocket connected! Start Partial @depth20 [SPOT] process...
11:46:36.608970> WebSocket connected! Start @depth [Future] process...
11:46:36.789982> Lenta has started...Start SubscribeToAggTradeStream @aggTrade [future] process...
11:46:37.463021> BinanceFuture - Vxxv1AWf[USD_M] USD_M Balance: 0.00928352 USDT
14:38:55.214611>  DevBUY (+): 107.05575000 avgGapBuy:77.14425000 
14:42:05.052587> BinanceFuture - Vxxv1AWf[USD_M] Reconect to WebSocket #
14:42:05.053585> WebSocket [SubscribeToAggTradeStream()] [Closed] [future] and reconnect again [with Task.Delay]..
14:43:00.039831> Lenta has started...Start SubscribeToAggTradeStream @aggTrade [future] process...
16:37:38.042114>  DevSELL (-): -62.95475000 avgGapSell:50.94475000 
16:37:38.066114>  DevSELL (+): -62.95475000 avgGapSell:50.94475000 
17:21:39.925946> WebSocket [ConnectToDepthStream()] [future] error: Unable to read data from the transport connection: An established connection was aborted by the software in your host machine.
17:21:44.991237> BinanceFuture - Vxxv1AWf[USD_M] Reconect ConnectToDepthStream() to WebSocket #
17:21:44.992236> WebSocket [ConnectToDepthStream()] [Closed] [future] and reconnect again [during Task.Delay]..
17:21:46.409319> WebSocket connected! Start @depth [Future] process...
17:50:38.013521> WebSocket [ConnectToDepthStream()] [future] error: Unable to read data from the transport connection: An established connection was aborted by the software in your host machine.
17:50:43.282827> BinanceFuture - Vxxv1AWf[USD_M] Reconect ConnectToDepthStream() to WebSocket #
17:50:43.287826> WebSocket [ConnectToDepthStream()] [Closed] [future] and reconnect again [during Task.Delay]..
17:50:45.842983> WebSocket connected! Start @depth [Future] process...
17:50:59.936777> WebSocket [ConnectToDepthStream()] [future] error: Unable to read data from the transport connection: An existing connection was forcibly closed by the remote host.
17:51:05.012068> BinanceFuture - Vxxv1AWf[USD_M] Reconect ConnectToDepthStream() to WebSocket #
17:51:05.013069> WebSocket [ConnectToDepthStream()] [Closed] [future] and reconnect again [during Task.Delay]..
17:51:06.027128> WebSocket connected! Start @depth [Future] process...
