17:01:35.319323> Binance - Vxxv1AWf[SPOT] SPOT Balance: 0.00000000 USDT
17:01:35.790346> WebSocket connected! Start @bookTicker ...
17:01:36.770685> Lenta has started...Start SubscribeToAggTradeStream @aggTrade [future] process...
17:01:37.202962> WebSocket connected! Start @bookTicker ...
17:01:37.856924> WebSocket connected! Start [SPOT] @depth@100ms process...
17:01:37.860923> WebSocket connected! Start Partial @depth20 [SPOT] process...
17:01:38.334759> WebSocket connected! Start @depth [Future] process...
17:01:38.696802> BinanceFuture - Vxxv1AWf[USD_M] USD_M Balance: 0 USDT
17:01:38.720779> WebSocket connected! Start Partial @depth20 [Future] process...
17:01:39.238982> WebSocket connected! Start @bookTicker [Future] process...
17:01:39.313986> Lenta has started...Start SubscribeToTradeStream @trade [{accType}] process...
17:01:39.827402> WebSocket connected! Start @depth [Future] process...
17:01:40.015424> Lenta has started...Start SubscribeToTradeStream @trade [{accType}] process...
17:01:40.042415> WebSocket connected! Start @bookTicker [Future] process...
17:01:40.930663> WebSocket connected! Start Partial @depth20 [SPOT] process...
17:01:41.364679> WebSocket connected! Start [SPOT] @depth@100ms process...
17:01:41.399685> Lenta has started...Start SubscribeToAggTradeStream @aggTrade [future] process...
17:01:44.343481> WebSocket connected! Start Partial @depth20 [Future] process...
17:02:02.824728> BinanceFuture - Vxxv1AWf[USD_M] Reconect to WebSocket #
17:02:02.824728> WebSocket [SubscribeBookTickerStream()] [Closed] [future] and reconnect again [during Task.Delay]..
17:02:03.693234> WebSocket connected! Start @bookTicker [Future] process...
17:02:37.868041> BinanceFuture - Vxxv1AWf[USD_M] Reconect to WebSocket #
17:02:37.868041> WebSocket [SubscribeBookTickerStream()] [Closed] [future] and reconnect again [during Task.Delay]..
17:02:38.946649> WebSocket connected! Start @bookTicker [Future] process...
17:02:55.010882> BinanceFuture - Vxxv1AWf[USD_M] Reconect to WebSocket #
17:02:55.010882> WebSocket [SubscribeBookTickerStream()] [Closed] [future] and reconnect again [during Task.Delay]..
17:02:56.494320> BinanceFuture - Vxxv1AWf[USD_M] Reconect to WebSocket #
17:02:56.494320> WebSocket [SubscribeBookTickerStream()] [Closed] [future] and reconnect again [during Task.Delay]..
17:02:56.512314> WebSocket connected! Start @bookTicker [Future] process...
17:02:57.339177> WebSocket connected! Start @bookTicker [Future] process...
17:03:03.803079> WebSocket [ConnectToDepthStream()] [future] error: Unable to read data from the transport connection: An existing connection was forcibly closed by the remote host.
17:03:08.822461> BinanceFuture - Vxxv1AWf[USD_M] Reconect to WebSocket #
17:03:08.822461> WebSocket [ConnectToDepthStream()] [Closed] [future] and reconnect again [during Task.Delay]..
17:03:09.908098> WebSocket connected! Start @depth [Future] process...
17:03:45.583082> BinanceFuture - Vxxv1AWf[USD_M] Reconect to WebSocket #
17:03:45.732089> WebSocket [SubscribeBookTickerStream()] [Closed] [future] and reconnect again [during Task.Delay]..
17:03:47.942216> WebSocket connected! Start @bookTicker [Future] process...
17:03:59.499881> BinanceFuture - Vxxv1AWf[USD_M] Reconect to WebSocket #
17:03:59.508880> WebSocket [SubscribeBookTickerStream()] [Closed] [future] and reconnect again [during Task.Delay]..
17:04:00.666949> WebSocket connected! Start @bookTicker [Future] process...
17:04:03.818128> BinanceFuture - Vxxv1AWf[USD_M] Reconect to WebSocket #
17:04:03.819130> WebSocket [SubscribeBookTickerStream()] [Closed] [future] and reconnect again [during Task.Delay]..
17:04:04.691179> WebSocket connected! Start @bookTicker [Future] process...
17:04:09.376447> WebSocket [ConnectToDepthStream()] [future] error: Received an unexpected EOF or 0 bytes from the transport stream.
17:04:14.479740> BinanceFuture - Vxxv1AWf[USD_M] Reconect to WebSocket #
17:04:14.480740> WebSocket [ConnectToDepthStream()] [Closed] [future] and reconnect again [during Task.Delay]..
17:04:15.676808> WebSocket connected! Start @depth [Future] process...
17:04:50.153737> BinanceFuture - Vxxv1AWf[USD_M] Reconect to WebSocket #
17:04:50.154736> WebSocket [ConnectToDepthStream()] [Closed] [future] and reconnect again [during Task.Delay]..
17:04:52.282863> WebSocket connected! Start @depth [Future] process...
17:06:00.053047> BinanceFuture - Vxxv1AWf[USD_M] Reconect to WebSocket #
17:06:00.054044> WebSocket [ConnectToDepthStream()] [Closed] [future] and reconnect again [during Task.Delay]..
17:06:02.468182> WebSocket connected! Start @depth [Future] process...
17:06:03.765256> BinanceFuture - Vxxv1AWf[USD_M] Reconect to WebSocket #
17:06:04.672307> WebSocket [SubscribeBookTickerStream()] [Closed] [future] and reconnect again [during Task.Delay]..
17:06:12.712768> WebSocket connected! Start @bookTicker [Future] process...
17:06:25.974481> BinanceFuture - Vxxv1AWf[USD_M] Reconect to WebSocket #
17:06:25.975481> WebSocket [SubscribeBookTickerStream()] [Closed] [future] and reconnect again [during Task.Delay]..
17:06:27.494568> WebSocket connected! Start @bookTicker [Future] process...
17:06:58.801244> BinanceFuture - Vxxv1AWf[USD_M] Reconect to WebSocket #
17:06:58.803227> WebSocket [SubscribeBookTickerStream()] [Closed] [future] and reconnect again [during Task.Delay]..
17:07:02.972463> WebSocket connected! Start @bookTicker [Future] process...
17:07:03.145480> BinanceFuture - Vxxv1AWf[USD_M] Reconect to WebSocket #
17:07:03.146474> WebSocket [ConnectToDepthStream()] [Closed] [future] and reconnect again [during Task.Delay]..
17:07:04.848571> WebSocket connected! Start @depth [Future] process...
17:07:09.671708> BinanceFuture - Vxxv1AWf[USD_M] Reconect to WebSocket #
17:07:09.673708> WebSocket [ConnectToDepthStream()] [Closed] [future] and reconnect again [during Task.Delay]..
17:07:12.219853> WebSocket connected! Start @depth [Future] process...
17:07:51.297355> BinanceFuture - Vxxv1AWf[USD_M] Reconect to WebSocket #
17:07:51.298354> WebSocket [SubscribeBookTickerStream()] [Closed] [future] and reconnect again [during Task.Delay]..
17:07:52.854490> WebSocket connected! Start @bookTicker [Future] process...
17:08:27.253922> BinanceFuture - Vxxv1AWf[USD_M] Reconect to WebSocket #
17:08:27.253922> WebSocket [SubscribeBookTickerStream()] [Closed] [future] and reconnect again [during Task.Delay]..
17:08:31.514547> WebSocket connected! Start @bookTicker [Future] process...
17:08:38.940233> BinanceFuture - Vxxv1AWf[USD_M] Reconect to WebSocket #
17:08:38.940233> WebSocket [SubscribeBookTickerStream()] [Closed] [future] and reconnect again [during Task.Delay]..
17:08:40.734553> WebSocket connected! Start @bookTicker [Future] process...
17:08:54.144479> BinanceFuture - Vxxv1AWf[USD_M] Reconect to WebSocket #
17:08:54.144479> WebSocket [ConnectToDepthStream()] [Closed] [future] and reconnect again [during Task.Delay]..
17:08:56.728824> WebSocket connected! Start @depth [Future] process...
17:09:05.113134> WebSocket [ConnectToDepthStream()] [Closed] [SPOT] and reconnect again..
17:09:08.318175> WebSocket connected! Start [SPOT] @depth@100ms process...
17:09:10.116719> Binance - Vxxv1AWf[SPOT] Reconect to WebSocket #
17:09:10.116719> WebSocket [ConnectToDepthStream()] [Closed] [SPOT] and reconnect again [during Task.Delay]..
17:09:11.786820> BinanceFuture - Vxxv1AWf[USD_M] Reconect to WebSocket #
17:09:11.786820> WebSocket [SubscribeBookTickerStream()] [Closed] [future] and reconnect again [during Task.Delay]..
17:09:12.789875> WebSocket connected! Start @bookTicker [Future] process...
17:09:16.488615> WebSocket connected! Start [SPOT] @depth@100ms process...
17:09:38.176939> BinanceFuture - Vxxv1AWf[USD_M] Reconect to WebSocket #
17:09:38.176939> WebSocket [ConnectToDepthStream()] [Closed] [future] and reconnect again [during Task.Delay]..
17:09:40.867722> WebSocket connected! Start @depth [Future] process...
17:09:45.115896> WebSocket [ConnectToDepthStream()] [Closed] [SPOT] and reconnect again..
17:09:47.425680> WebSocket connected! Start [SPOT] @depth@100ms process...
17:09:50.159263> Binance - Vxxv1AWf[SPOT] Reconect to WebSocket #
17:09:50.159263> WebSocket [ConnectToDepthStream()] [Closed] [SPOT] and reconnect again [during Task.Delay]..
17:09:51.957924> WebSocket connected! Start [SPOT] @depth@100ms process...
17:10:00.950037> BinanceFuture - Vxxv1AWf[USD_M] Reconect to WebSocket #
17:10:00.950037> WebSocket [SubscribeBookTickerStream()] [Closed] [future] and reconnect again [during Task.Delay]..
17:10:02.028507> WebSocket connected! Start @bookTicker [Future] process...
17:10:14.580721> BinanceFuture - Vxxv1AWf[USD_M] Reconect to WebSocket #
17:10:14.581701> WebSocket [SubscribeBookTickerStream()] [Closed] [future] and reconnect again [during Task.Delay]..
17:10:14.623703> BinanceFuture - Vxxv1AWf[USD_M] Reconect to WebSocket #
17:10:14.623703> WebSocket [ConnectToDepthStream()] [Closed] [future] and reconnect again [during Task.Delay]..
17:10:15.385371> WebSocket connected! Start @bookTicker [Future] process...
17:10:16.317423> WebSocket connected! Start @depth [Future] process...
17:11:28.587204> BinanceFuture - Vxxv1AWf[USD_M] Reconect to WebSocket #
17:11:28.588203> WebSocket [SubscribeBookTickerStream()] [Closed] [future] and reconnect again [during Task.Delay]..
17:11:31.526372> WebSocket connected! Start @bookTicker [Future] process...
17:11:50.684473> BinanceFuture - Vxxv1AWf[USD_M] Reconect to WebSocket #
17:11:50.711473> WebSocket [SubscribeBookTickerStream()] [Closed] [future] and reconnect again [during Task.Delay]..
17:11:54.740719> WebSocket connected! Start @bookTicker [Future] process...
17:12:10.040582> BinanceFuture - Vxxv1AWf[USD_M] Reconect to WebSocket #
17:12:10.040582> WebSocket [ConnectToDepthStream()] [Closed] [future] and reconnect again [during Task.Delay]..
17:12:13.844800> WebSocket connected! Start @depth [Future] process...
17:12:41.370386> BinanceFuture - Vxxv1AWf[USD_M] Reconect to WebSocket #
17:12:41.371394> WebSocket [SubscribeBookTickerStream()] [Closed] [future] and reconnect again [during Task.Delay]..
17:12:44.088534> WebSocket connected! Start @bookTicker [Future] process...
17:12:50.930924> BinanceFuture - Vxxv1AWf[USD_M] Reconect to WebSocket #
17:12:51.023932> WebSocket [ConnectToDepthStream()] [Closed] [future] and reconnect again [during Task.Delay]..
17:12:54.309123> BinanceFuture - Vxxv1AWf[USD_M] Reconect to WebSocket #
17:12:54.309123> WebSocket [SubscribeBookTickerStream()] [Closed] [future] and reconnect again [during Task.Delay]..
17:12:54.343123> WebSocket connected! Start @depth [Future] process...
17:12:57.375295> WebSocket connected! Start @bookTicker [Future] process...
17:13:09.273977> BinanceFuture - Vxxv1AWf[USD_M] Reconect to WebSocket #
17:13:09.274978> WebSocket [SubscribePartialDepthStream()] [Closed] [future] and reconnect again [during Task.Delay]..
17:13:12.821182> WebSocket connected! Start @depth [Future] process...
17:14:43.685391> BinanceFuture - Vxxv1AWf[USD_M] Reconect to WebSocket #
17:14:43.685391> WebSocket [SubscribeBookTickerStream()] [Closed] [future] and reconnect again [during Task.Delay]..
17:14:48.878689> WebSocket connected! Start @bookTicker [Future] process...
17:15:37.237467> BinanceFuture - Vxxv1AWf[USD_M] Reconect to WebSocket #
17:15:37.238476> WebSocket [SubscribeBookTickerStream()] [Closed] [future] and reconnect again [during Task.Delay]..
17:15:42.346754> WebSocket connected! Start @bookTicker [Future] process...
17:16:09.236297> BinanceFuture - Vxxv1AWf[USD_M] Reconect to WebSocket #
17:16:09.236297> WebSocket [ConnectToDepthStream()] [Closed] [future] and reconnect again [during Task.Delay]..
17:16:22.282045> WebSocket connected! Start @depth [Future] process...
17:16:31.700584> BinanceFuture - Vxxv1AWf[USD_M] Reconect to WebSocket #
17:16:31.705584> WebSocket [ConnectToDepthStream()] [Closed] [future] and reconnect again [during Task.Delay]..
17:16:36.807877> WebSocket connected! Start @depth [Future] process...
17:16:49.300595> WebSocket [ConnectToDepthStream()] [future] error: Received an unexpected EOF or 0 bytes from the transport stream.
17:16:54.481891> BinanceFuture - Vxxv1AWf[USD_M] Reconect to WebSocket #
17:16:54.481891> WebSocket [ConnectToDepthStream()] [Closed] [future] and reconnect again [during Task.Delay]..
17:16:58.444127> WebSocket connected! Start @depth [Future] process...
17:16:59.997208> BinanceFuture - Vxxv1AWf[USD_M] Reconect to WebSocket #
17:16:59.999206> WebSocket [SubscribeBookTickerStream()] [Closed] [future] and reconnect again [during Task.Delay]..
17:17:03.795437> WebSocket connected! Start @bookTicker [Future] process...
17:18:22.457936> BinanceFuture - Vxxv1AWf[USD_M] Reconect to WebSocket #
17:18:22.457936> WebSocket [ConnectToDepthStream()] [Closed] [future] and reconnect again [during Task.Delay]..
17:18:29.391332> WebSocket connected! Start @depth [Future] process...
17:18:29.698350> BinanceFuture - Vxxv1AWf[USD_M] Reconect to WebSocket #
17:18:29.698350> WebSocket [ConnectToDepthStream()] [Closed] [future] and reconnect again [during Task.Delay]..
17:18:35.207666> WebSocket connected! Start @depth [Future] process...
17:19:09.644640> WebSocket [SubscribeBookTickerStream()] [future] error: Unable to read data from the transport connection: An existing connection was forcibly closed by the remote host.
17:19:15.231961> BinanceFuture - Vxxv1AWf[USD_M] Reconect to WebSocket #
17:19:15.234961> WebSocket [SubscribeBookTickerStream()] [Closed] [future] and reconnect again [during Task.Delay]..
17:19:19.645213> WebSocket connected! Start @bookTicker [Future] process...
17:19:57.379379> WebSocket [ConnectToDepthStream()] [future] error: Received an unexpected EOF or 0 bytes from the transport stream.
17:20:02.431668> BinanceFuture - Vxxv1AWf[USD_M] Reconect to WebSocket #
17:20:02.513674> WebSocket [ConnectToDepthStream()] [Closed] [future] and reconnect again [during Task.Delay]..
17:20:13.741316> WebSocket connected! Start @depth [Future] process...
17:20:23.115855> WebSocket [SubscribeBookTickerStream()] [future] error: Unable to read data from the transport connection: An existing connection was forcibly closed by the remote host.
17:20:26.805065> BinanceFuture - Vxxv1AWf[USD_M] Reconect to WebSocket #
17:20:26.805065> WebSocket [ConnectToDepthStream()] [Closed] [future] and reconnect again [during Task.Delay]..
17:20:28.142141> BinanceFuture - Vxxv1AWf[USD_M] Reconect to WebSocket #
17:20:28.142141> WebSocket [SubscribeBookTickerStream()] [Closed] [future] and reconnect again [during Task.Delay]..
17:20:31.093310> WebSocket connected! Start @depth [Future] process...
17:20:34.363505> WebSocket connected! Start @bookTicker [Future] process...
17:20:52.772554> WebSocket [ConnectToDepthStream()] [future] error: Received an unexpected EOF or 0 bytes from the transport stream.
17:20:57.810841> BinanceFuture - Vxxv1AWf[USD_M] Reconect to WebSocket #
17:20:57.820842> WebSocket [ConnectToDepthStream()] [Closed] [future] and reconnect again [during Task.Delay]..
17:21:06.069318> WebSocket connected! Start @depth [Future] process...
17:21:53.134013> BinanceFuture - Vxxv1AWf[USD_M] Reconect to WebSocket #
17:21:53.134013> WebSocket [SubscribeBookTickerStream()] [Closed] [future] and reconnect again [during Task.Delay]..
17:21:57.590270> WebSocket [ConnectToDepthStream()] [future] error: Received an unexpected EOF or 0 bytes from the transport stream.
17:22:00.741452> WebSocket connected! Start @bookTicker [Future] process...
17:22:02.803570> BinanceFuture - Vxxv1AWf[USD_M] Reconect to WebSocket #
17:22:02.804570> WebSocket [ConnectToDepthStream()] [Closed] [future] and reconnect again [during Task.Delay]..
17:22:06.234768> WebSocket connected! Start @depth [Future] process...
17:22:27.247727> WebSocket [SubscribeBookTickerStream()] [future] error: Unable to read data from the transport connection: An existing connection was forcibly closed by the remote host.
17:22:32.288259> BinanceFuture - Vxxv1AWf[USD_M] Reconect to WebSocket #
17:22:32.341265> WebSocket [SubscribeBookTickerStream()] [Closed] [future] and reconnect again [during Task.Delay]..
17:22:36.358495> WebSocket connected! Start @bookTicker [Future] process...
17:22:40.286718> WebSocket [SubscribePartialDepthStream()] [SPOT] error: Unable to read data from the transport connection: An existing connection was forcibly closed by the remote host.
17:22:40.286718> WebSocket [ConnectToDepthStream()] [Closed] [SPOT] and reconnect again..
17:22:40.392722> WebSocket [SubscribePartialDepthStream()] [future] error: Unable to read data from the transport connection: An existing connection was forcibly closed by the remote host.
17:22:42.394838> WebSocket [SubscribePartialDepthStream()] [SPOT] error: Unable to read data from the transport connection: An existing connection was forcibly closed by the remote host.
17:22:42.394838> WebSocket [ConnectToDepthStream()] [Closed] [SPOT] and reconnect again..
17:22:45.363012> Binance - Vxxv1AWf[SPOT] Reconect to WebSocket #
17:22:45.364010> WebSocket [ConnectToDepthStream()] [Closed] [SPOT] and reconnect again [during Task.Delay]..
17:22:45.399011> BinanceFuture - Vxxv1AWf[USD_M] Reconect to WebSocket #
17:22:45.406012> WebSocket [SubscribePartialDepthStream()] [Closed] [future] and reconnect again [during Task.Delay]..
17:22:47.470129> Binance - Vxxv1AWf[SPOT] Reconect to WebSocket #
17:22:47.471131> WebSocket [ConnectToDepthStream()] [Closed] [SPOT] and reconnect again [during Task.Delay]..
17:22:48.869211> WebSocket connected! Start [SPOT] @depth@100ms process...
17:22:53.604480> WebSocket connected! Start [SPOT] @depth@100ms process...
17:22:57.278692> WebSocket connected! Start @depth [Future] process...
17:22:57.289693> WebSocket connected! Start [SPOT] @depth@100ms process...
17:22:58.664772> WebSocket connected! Start [SPOT] @depth@100ms process...
17:23:36.139920> BinanceFuture - Vxxv1AWf[USD_M] Reconect to WebSocket #
17:23:36.140925> WebSocket [ConnectToDepthStream()] [Closed] [future] and reconnect again [during Task.Delay]..
17:23:46.520519> WebSocket connected! Start @depth [Future] process...
17:23:57.246131> BinanceFuture - Vxxv1AWf[USD_M] Reconect to WebSocket #
17:23:57.247137> WebSocket [ConnectToDepthStream()] [Closed] [future] and reconnect again [during Task.Delay]..
17:24:05.642125> WebSocket connected! Start @depth [Future] process...
17:24:40.526613> WebSocket [ConnectToDepthStream()] [future] error: Received an unexpected EOF or 0 bytes from the transport stream.
17:24:45.591902> BinanceFuture - Vxxv1AWf[USD_M] Reconect to WebSocket #
17:24:45.592903> WebSocket [ConnectToDepthStream()] [Closed] [future] and reconnect again [during Task.Delay]..
17:24:46.140934> WebSocket [SubscribeBookTickerStream()] [future] error: Unable to read data from the transport connection: An existing connection was forcibly closed by the remote host.
17:24:50.476183> WebSocket connected! Start @depth [Future] process...
17:24:51.203225> BinanceFuture - Vxxv1AWf[USD_M] Reconect to WebSocket #
17:24:51.204225> WebSocket [SubscribeBookTickerStream()] [Closed] [future] and reconnect again [during Task.Delay]..
17:24:55.465475> WebSocket connected! Start @bookTicker [Future] process...
17:25:11.903413> WebSocket [SubscribeBookTickerStream()] [future] error: Unable to read data from the transport connection: An existing connection was forcibly closed by the remote host.
17:25:16.967705> BinanceFuture - Vxxv1AWf[USD_M] Reconect to WebSocket #
17:25:16.982701> WebSocket [SubscribeBookTickerStream()] [Closed] [future] and reconnect again [during Task.Delay]..
17:25:20.009876> ConnectToBookTickerStream [SPOT] [Error]: System.IO.IOException: Unable to read data from the transport connection: An existing connection was forcibly closed by the remote host. ---> System.Net.Sockets.SocketException: An existing connection was forcibly closed by the remote host
   at System.Net.Sockets.Socket.BeginReceive(Byte[] buffer, Int32 offset, Int32 size, SocketFlags socketFlags, AsyncCallback callback, Object state)
   at System.Net.Sockets.NetworkStream.BeginRead(Byte[] buffer, Int32 offset, Int32 size, AsyncCallback callback, Object state)
   --- End of inner exception stack trace ---
   at System.Net.Sockets.NetworkStream.BeginRead(Byte[] buffer, Int32 offset, Int32 size, AsyncCallback callback, Object state)
   at System.Net.FixedSizeReader.StartReading()
   at System.Net.Security._SslStream.StartFrameHeader(Byte[] buffer, Int32 offset, Int32 count, AsyncProtocolRequest asyncRequest)
   at System.Net.Security._SslStream.StartReading(Byte[] buffer, Int32 offset, Int32 count, AsyncProtocolRequest asyncRequest)
   at System.Net.Security._SslStream.ProcessRead(Byte[] buffer, Int32 offset, Int32 count, AsyncProtocolRequest asyncRequest)
   at System.Net.Security._SslStream.BeginRead(Byte[] buffer, Int32 offset, Int32 count, AsyncCallback asyncCallback, Object asyncState)
   at System.Net.Security.SslStream.BeginRead(Byte[] buffer, Int32 offset, Int32 count, AsyncCallback asyncCallback, Object asyncState)
   at SuperSocket.ClientEngine.AuthenticatedStreamTcpSession.StartRead()
17:25:20.009876> WebSocket [ConnectToDepthStream()] [Closed] [SPOT] and reconnect again..
17:25:25.155172> Binance - Vxxv1AWf[SPOT] Reconect to WebSocket #
17:25:25.155172> WebSocket [ConnectToDepthStream()] [Closed] [SPOT] and reconnect again [with Task.Delay]..
17:25:28.905387> WebSocket connected! Start @bookTicker [Future] process...
17:25:32.610602> WebSocket connected! Start @bookTicker ...
17:25:35.161746> WebSocket connected! Start @bookTicker ...
17:25:39.808012> ConnectToBookTickerStream [SPOT] [Error]: System.IO.IOException: Unable to read data from the transport connection: An existing connection was forcibly closed by the remote host. ---> System.Net.Sockets.SocketException: An existing connection was forcibly closed by the remote host
   at System.Net.Sockets.Socket.BeginReceive(Byte[] buffer, Int32 offset, Int32 size, SocketFlags socketFlags, AsyncCallback callback, Object state)
   at System.Net.Sockets.NetworkStream.BeginRead(Byte[] buffer, Int32 offset, Int32 size, AsyncCallback callback, Object state)
   --- End of inner exception stack trace ---
   at System.Net.Security._SslStream.EndRead(IAsyncResult asyncResult)
   at System.Net.Security.SslStream.EndRead(IAsyncResult asyncResult)
   at SuperSocket.ClientEngine.AuthenticatedStreamTcpSession.OnDataRead(IAsyncResult result)
17:25:39.827012> WebSocket [ConnectToDepthStream()] [Closed] [SPOT] and reconnect again..
17:25:44.847299> Binance - Vxxv1AWf[SPOT] Reconect to WebSocket #
17:25:44.848299> WebSocket [ConnectToDepthStream()] [Closed] [SPOT] and reconnect again [with Task.Delay]..
17:25:48.738525> WebSocket connected! Start @bookTicker ...
17:25:54.155834> WebSocket connected! Start @bookTicker ...
17:26:44.616727> BinanceFuture - Vxxv1AWf[USD_M] Reconect to WebSocket #
17:26:44.616727> WebSocket [ConnectToDepthStream()] [Closed] [future] and reconnect again [during Task.Delay]..
17:26:49.202990> WebSocket [ConnectToDepthStream()] [future] error: Received an unexpected EOF or 0 bytes from the transport stream.
17:26:54.286282> BinanceFuture - Vxxv1AWf[USD_M] Reconect to WebSocket #
17:26:54.287282> WebSocket [ConnectToDepthStream()] [Closed] [future] and reconnect again [during Task.Delay]..
17:26:56.594416> WebSocket connected! Start @depth [Future] process...
17:27:05.840945> WebSocket connected! Start @depth [Future] process...
