23:29:05.595537> WebSocket connected! Start [MARGIN] @depth@100ms process...
23:29:05.595537> Lenta has started...Start SubscribeToAggTradeStream @aggTrade [future] process...
23:29:05.596540> WebSocket connected! Start @depth [Future] process...
23:29:05.599539> WebSocket connected! Start Partial @depth20 [MARGIN] process...
23:29:05.600540> WebSocket connected! Start Partial @depth20 [Future] process...
23:29:05.647541> Binance - Vxxv1AWf[MARGIN] MARGIN Balance: 0.52727189 USDT
23:29:05.657542> Lenta has started...Start SubscribeToTradeStream @trade [{accType}] process...
23:29:05.752548> Lenta has started...Start SubscribeToTradeStream @trade [{accType}] process...
23:29:05.814559> WebSocket connected! Start [MARGIN] @depth@100ms process...
23:29:05.827600> WebSocket connected! Start Partial @depth20 [MARGIN] process...
23:29:06.162712> WebSocket connected! Start Partial @depth20 [Future] process...
23:29:06.200723> Lenta has started...Start SubscribeToAggTradeStream @aggTrade [future] process...
23:29:06.226717> WebSocket connected! Start @depth [Future] process...
23:29:06.646632> BinanceFuture - Vxxv1AWf[USD_M] USD_M Balance: 0.66986043 USDT
23:35:43.358937> WebSocket [SubscribePartialDepthStream()] [future] error: Unable to read data from the transport connection: An existing connection was forcibly closed by the remote host.
23:35:45.079868> WebSocket [SubscribePartialDepthStream()] [Closed] [future] and reconnect again..
23:35:45.607107> WebSocket [SubscribePartialDepthStream()] [future] error: Unable to read data from the transport connection: An existing connection was forcibly closed by the remote host.
23:35:45.678111> WebSocket [SubscribePartialDepthStream()] [Closed] [future] and reconnect again..
23:35:51.716909> BinanceFuture - Vxxv1AWf[USD_M] Reconect to WebSocket #
23:35:51.716909> WebSocket [SubscribePartialDepthStream()] [Closed] [future] and reconnect again [during Task.Delay]..
23:35:51.717908> BinanceFuture - Vxxv1AWf[USD_M] Reconect to WebSocket #
23:35:51.717908> WebSocket [SubscribePartialDepthStream()] [Closed] [future] and reconnect again [during Task.Delay]..
23:35:53.336002> WebSocket connected! Start @depth [Future] process...
23:35:53.708024> WebSocket connected! Start @depth [Future] process...
23:35:54.416552> WebSocket connected! Start @depth [Future] process...
23:35:54.672567> WebSocket connected! Start @depth [Future] process...
23:44:10.339039> WebSocket [ConnectToDepthStream()] [future] error: Unable to write data to the transport connection: An existing connection was forcibly closed by the remote host.
23:44:10.340039> WebSocket [ConnectToDepthStream()] [Closed] [future] and reconnect again..
23:44:10.681058> WebSocket [ConnectToDepthStream()] [future] error: Unable to write data to the transport connection: An existing connection was forcibly closed by the remote host.
23:44:22.476942> WebSocket [ConnectToDepthStream()] [Closed] [future] and reconnect again..
23:44:22.476942> Unable to read data from the transport connection: An existing connection was forcibly closed by the remote host.
23:44:22.479944> WebSocket [SubscribeToAggTradeStream()] [Closed] [future] and reconnect again..
23:44:22.476942> BinanceFuture - Vxxv1AWf[USD_M] Reconect to WebSocket #
23:44:22.481942> WebSocket [ConnectToDepthStream()] [Closed] [future] and reconnect again [during Task.Delay]..
