21:19:04.829982> WebSocket connected! Start Partial @depth20 [SPOT] process...
21:19:04.833984> Lenta has started...Start SubscribeToAggTradeStream @aggTrade [future] process...
21:19:04.837982> Lenta has started...Start SubscribeToTradeStream @trade [{accType}] process...
21:19:04.838982> WebSocket connected! Start [SPOT] @depth@100ms process...
21:19:04.839982> WebSocket connected! Start @depth [Future] process...
21:19:04.867982> Binance - Vxxv1AWf[SPOT] SPOT Balance: 0.00000000 USDT
21:19:04.868983> WebSocket connected! Start @bookTicker [Future] process...
21:19:04.869983> WebSocket connected! Start @bookTicker ...
21:19:04.896997> WebSocket connected! Start Partial @depth20 [Future] process...
21:19:05.035991> WebSocket connected! Start @bookTicker ...
21:19:05.245007> Lenta has started...Start SubscribeToTradeStream @trade [{accType}] process...
21:19:05.247006> WebSocket connected! Start [SPOT] @depth@100ms process...
21:19:05.248004> WebSocket connected! Start Partial @depth20 [SPOT] process...
21:19:05.348010> Exec time: 110006
21:19:05.624023> BinanceFuture - Vxxv1AWf[USD_M] USD_M Balance: 0.59335425 USDT
21:19:05.628026> WebSocket connected! Start @depth [Future] process...
21:19:05.629028> Lenta has started...Start SubscribeToAggTradeStream @aggTrade [future] process...
21:19:05.629028> WebSocket connected! Start @bookTicker [Future] process...
21:19:05.630025> WebSocket connected! Start Partial @depth20 [Future] process...
21:19:05.721031> Exec time: 0
21:19:05.742035> Exec time: 9334
21:19:06.062050> Exec time: 0
21:19:06.066052> Exec time: 0
21:19:06.217063> Exec time: 0
21:19:06.479074> Exec time: 0
21:19:06.904516> Exec time: 0
21:19:06.917098> Exec time: 0
21:19:07.053107> Exec time: 0
21:19:07.059107> Exec time: 0
21:19:07.062107> Exec time: 0
21:19:07.066107> Exec time: 0
21:19:07.070107> Exec time: 0
21:19:07.075108> Exec time: 0
21:19:07.078108> Exec time: 0
21:19:07.082108> Exec time: 0
21:19:07.085108> Exec time: 0
21:19:07.090109> Exec time: 0
21:19:07.101109> Exec time: 0
21:19:07.101109> Exec time: 0
21:19:07.102113> Exec time: 0
21:19:07.102113> Exec time: 0
21:19:07.102113> Exec time: 0
21:19:07.103110> Exec time: 0
21:19:07.103110> Exec time: 0
21:19:07.103110> Exec time: 0
21:19:07.103110> Exec time: 0
21:19:07.104110> Exec time: 0
21:19:07.104110> Exec time: 0
21:19:07.104110> Exec time: 0
21:19:07.105112> Exec time: 0
21:19:07.105112> Exec time: 0
21:19:07.105112> Exec time: 0
21:19:07.106110> Exec time: 0
21:19:07.106110> Exec time: 0
21:19:07.107110> Exec time: 0
21:19:07.107110> Exec time: 0
21:19:07.107110> Exec time: 0
21:19:07.107110> Exec time: 0
21:19:07.107110> Exec time: 0
21:19:07.108111> Exec time: 0
21:19:07.108111> Exec time: 0
21:19:07.108111> Exec time: 0
21:19:07.108111> Exec time: 0
21:19:07.109110> Exec time: 0
21:19:07.109110> Exec time: 0
21:19:07.109110> Exec time: 0
21:19:07.110112> Exec time: 0
21:19:07.110112> Exec time: 0
21:19:07.110112> Exec time: 0
21:19:07.110112> Exec time: 0
21:19:07.110112> Exec time: 0
21:19:07.111110> Exec time: 0
21:19:07.111110> Exec time: 0
21:19:07.111110> Exec time: 0
21:19:07.111110> Exec time: 0
21:19:07.112110> Exec time: 0
21:19:07.112110> Exec time: 0
21:19:07.113113> Exec time: 0
21:19:07.113113> Exec time: 0
21:19:07.149113> Exec time: 0
21:19:07.219117> Exec time: 0
21:19:07.222117> Exec time: 0
21:19:07.240116> Exec time: 0
21:19:07.347123> Exec time: 10015
21:19:07.357124> Exec time: 0
21:19:07.481131> Exec time: 0
21:19:07.485131> Exec time: 0
21:19:07.489131> Exec time: 0
21:19:07.490132> Exec time: 0
21:19:07.493130> Exec time: 0
21:19:07.494132> Exec time: 0
21:19:07.510132> Exec time: 0
21:19:07.511134> Exec time: 0
21:19:07.512133> Exec time: 0
21:19:07.513134> Exec time: 0
21:19:07.710144> Exec time: 0
21:19:07.917157> Exec time: 0
21:19:07.947159> Exec time: 0
21:19:08.278177> Exec time: 0
21:19:08.284179> Exec time: 0
21:19:08.285178> Exec time: 0
21:19:08.285178> Exec time: 0
21:19:08.285178> Exec time: 0
21:19:08.286178> Exec time: 0
21:19:08.299178> Exec time: 0
21:19:08.302179> Exec time: 0
21:19:08.713204> Exec time: 0
21:19:08.718202> Exec time: 0
21:19:08.724205> Exec time: 0
21:19:08.729202> Exec time: 0
21:19:08.730204> Exec time: 0
21:19:08.734202> Exec time: 0
21:19:08.735203> Exec time: 0
21:19:08.739203> Exec time: 0
21:19:08.740203> Exec time: 0
21:19:08.740203> Exec time: 0
21:19:08.741203> Exec time: 0
21:19:08.741203> Exec time: 0
21:19:08.742203> Exec time: 0
21:19:08.743204> Exec time: 0
21:19:08.744204> Exec time: 0
21:19:08.744204> Exec time: 0
21:19:08.745204> Exec time: 0
21:19:09.015221> Exec time: 0
21:19:09.028220> Exec time: 0
21:19:09.355240> Exec time: 0
21:19:09.367240> Exec time: 0
21:19:09.610252> Exec time: 9992
21:19:09.626255> Exec time: 0
21:19:10.218292> Exec time: 0
21:19:10.232290> Exec time: 0
21:19:10.527305> Exec time: 0
21:19:10.534307> Exec time: 0
21:19:10.872751> Exec time: 0
21:19:10.883327> Exec time: 0
21:19:11.280350> Exec time: 0
21:19:11.284352> Exec time: 0
21:19:11.311351> Exec time: 0
21:19:11.315351> Exec time: 0
21:19:11.319351> Exec time: 0
21:19:11.322351> Exec time: 0
21:19:11.322351> Exec time: 0
21:19:11.322351> Exec time: 0
21:19:11.295350> Exec time: 0
21:19:11.338353> Exec time: 0
21:19:11.338353> Exec time: 0
21:19:11.339353> Exec time: 0
21:19:11.339353> Exec time: 0
21:19:11.339353> Exec time: 0
21:19:11.443364> Exec time: 0
21:19:11.456361> Exec time: 0
21:19:11.487361> Exec time: 0
21:19:11.501367> Exec time: 0
21:19:11.551365> Exec time: 0
21:19:11.575384> Exec time: 0
21:19:11.665371> Exec time: 0
21:19:11.751375> Exec time: 0
21:19:12.197419> Exec time: 0
21:19:12.211404> Exec time: 0
21:19:12.257414> Exec time: 0
21:19:12.270419> Exec time: 0
21:19:12.348412> Exec time: 0
21:19:12.349412> Exec time: 0
21:19:12.349412> Exec time: 0
21:19:12.349412> Exec time: 0
21:19:12.362425> Exec time: 0
21:19:12.362425> Exec time: 0
21:19:12.362425> Exec time: 0
21:19:12.363411> Exec time: 0
21:19:12.498421> Exec time: 0
21:19:12.526422> Exec time: 0
21:19:13.093496> Exec time: 0
21:19:13.093496> Exec time: 0
21:19:13.107502> Exec time: 0
21:19:13.107502> Exec time: 0
21:19:13.245503> Exec time: 0
21:19:13.268500> Exec time: 0
21:19:13.491524> Exec time: 0
21:19:13.505517> Exec time: 0
21:19:13.671544> Exec time: 0
21:19:13.674539> Exec time: 0
21:19:13.803532> Exec time: 0
21:19:13.812534> Exec time: 0
21:19:13.933541> Exec time: 0
21:19:13.944540> Exec time: 0
21:19:14.125551> Exec time: 0
21:19:14.126551> Exec time: 0
21:19:14.214593> Exec time: 0
21:19:14.219556> Exec time: 0
21:19:14.356567> Exec time: 0
21:19:14.370565> Exec time: 0
21:19:14.664582> Exec time: 0
21:19:14.667582> Exec time: 0
21:19:14.876596> Exec time: 0
21:19:14.877596> Exec time: 0
21:19:15.345621> Exec time: 0
21:19:15.374623> Exec time: 0
21:19:15.497632> Exec time: 0
21:19:15.499631> Exec time: 0
21:19:15.632639> Exec time: 0
21:19:15.651333> Exec time: 0
21:19:15.790647> Exec time: 0
21:19:15.804649> Exec time: 0
21:19:16.148705> Exec time: 0
21:19:16.161670> Exec time: 0
21:19:16.297677> Exec time: 0
21:19:16.310677> Exec time: 0
21:19:16.402709> Exec time: 0
21:19:16.409682> Exec time: 0
21:19:16.419684> Exec time: 0
21:19:16.422682> Exec time: 0
21:19:16.560693> Exec time: 0
21:19:16.574095> Exec time: 0
21:19:16.637694> Exec time: 0
21:19:16.650697> Exec time: 0
21:19:16.732701> Exec time: 0
21:19:16.745702> Exec time: 0
21:19:16.887710> Exec time: 0
21:19:16.891868> Exec time: 0
21:19:17.170725> Exec time: 0
21:19:17.179727> Exec time: 0
21:19:17.434601> Exec time: 0
21:19:17.447742> Exec time: 0
21:19:17.706756> Exec time: 0
21:19:17.711757> Exec time: 0
21:19:17.779117> Exec time: 0
21:19:17.779117> Exec time: 0
21:19:17.911768> Exec time: 0
21:19:17.939769> Exec time: 0
21:19:18.072788> Exec time: 0
21:19:18.075785> Exec time: 0
21:19:18.250118> Exec time: 0
21:19:18.256788> Exec time: 0
21:19:18.561806> Exec time: 0
21:19:18.562807> Exec time: 0
21:19:18.771817> Exec time: 0
21:19:18.772819> Exec time: 0
21:19:18.944834> Exec time: 0
21:19:18.956829> Exec time: 0
21:19:19.159843> Exec time: 0
21:19:19.173851> Exec time: 0
21:19:19.309849> Exec time: 0
21:19:19.322849> Exec time: 0
21:19:20.038524> Exec time: 0
21:19:20.052488> Exec time: 0
21:19:20.797536> Exec time: 0
21:19:20.810524> Exec time: 0
