13:40:16.835664> Binance - Vxxv1AWf[SPOT] SPOT Balance: 0.00000000 USDT
13:40:17.431697> Lenta has started...Start SubscribeToTradeStream @trade [{accType}] process...
13:40:17.432696> WebSocket connected! Start [SPOT] @depth@100ms process...
13:40:17.432696> WebSocket connected! Start [SPOT] @depth@100ms process...
13:40:17.438698> WebSocket connected! Start Partial @depth20 [Future] process...
13:40:17.439697> Lenta has started...Start SubscribeToAggTradeStream @aggTrade [future] process...
13:40:17.442701> WebSocket connected! Start Partial @depth20 [SPOT] process...
13:40:17.448697> WebSocket connected! Start @bookTicker ...
13:40:17.453701> WebSocket connected! Start Partial @depth20 [SPOT] process...
13:40:17.453701> WebSocket connected! Start @bookTicker [Future] process...
13:40:17.462697> WebSocket connected! Start @bookTicker ...
13:40:17.469698> WebSocket connected! Start @depth [Future] process...
13:40:17.475700> Lenta has started...Start SubscribeToTradeStream @trade [{accType}] process...
13:40:17.590709> (Closing... Elapsted: 49217590 ms.)
13:40:17.593707> MarketDepth was closed by Custom!
13:40:17.831720> WebSocket connected! Start @bookTicker [Future] process...
13:40:17.839721> Lenta has started...Start SubscribeToAggTradeStream @aggTrade [future] process...
13:40:17.842721> BinanceFuture - Vxxv1AWf[USD_M] USD_M Balance: 6.25838444 USDT
13:40:17.895724> WebSocket connected! Start @depth [Future] process...
13:40:17.898724> WebSocket connected! Start Partial @depth20 [Future] process...
13:40:18.959783> WebSocket connected! Start @depth [Future] process...
13:41:09.746948> (Closing... Elapsted: 52153 ms.)
13:41:09.758947> (Closing... Elapsted: 52165 ms.)
13:43:39.089028> (Closing... Elapsted: 149311 ms.)
13:43:39.089028> MarketDepth was closed by Custom!
13:43:48.203548> MarketDepth was closed by Custom!
