12:39:31.541290> Binance - Vxxv1AWf[MARGIN] MARGIN Balance: 0.55889791 USDT
12:39:32.158311> WebSocket connected! Start Partial @depth20 [MARGIN] process...
12:39:32.158311> WebSocket connected! Start @bookTicker [Future] process...
12:39:32.159310> WebSocket connected! Start Partial @depth20 [Future] process...
12:39:32.165326> WebSocket connected! Start @depth [Future] process...
12:39:32.203324> WebSocket connected! Start [MARGIN] @depth@100ms process...
12:39:32.268319> Lenta has started...Start SubscribeToTradeStream @trade [{accType}] process...
12:39:32.280315> Lenta has started...Start SubscribeToTradeStream @trade [{accType}] process...
12:39:32.281318> WebSocket connected! Start @bookTicker ...
12:39:32.282316> Lenta has started...Start SubscribeToAggTradeStream @aggTrade [future] process...
12:39:32.318320> WebSocket connected! Start @bookTicker ...
12:39:32.322318> WebSocket connected! Start Partial @depth20 [MARGIN] process...
12:39:32.327317> WebSocket connected! Start [MARGIN] @depth@100ms process...
12:39:32.779348> WebSocket connected! Start Partial @depth20 [Future] process...
12:39:32.865351> WebSocket connected! Start @depth [Future] process...
12:39:32.868350> Lenta has started...Start SubscribeToAggTradeStream @aggTrade [future] process...
12:39:32.869352> WebSocket connected! Start @bookTicker [Future] process...
12:39:32.871350> BinanceFuture - Vxxv1AWf[USD_M] USD_M Balance: 18.14083188 USDT
12:50:31.060605> WebSocket [ConnectToDepthStream()] [future] error: Unable to read data from the transport connection: An existing connection was forcibly closed by the remote host.
12:50:31.071604> WebSocket [ConnectToDepthStream()] [future] error: Unable to read data from the transport connection: An existing connection was forcibly closed by the remote host.
12:50:31.079606> WebSocket [SubscribeBookTickerStream()] [future] error: Unable to read data from the transport connection: An existing connection was forcibly closed by the remote host.
12:50:31.081604> WebSocket [SubscribePartialDepthStream()] [future] error: Unable to read data from the transport connection: An existing connection was forcibly closed by the remote host.
