21:32:20.871903> Binance - Vxxv1AWf[SPOT] SPOT Balance: 0.00000000 USDT
21:32:21.098915> WebSocket connected! Start [SPOT] @depth@100ms process...
21:32:21.098915> WebSocket connected! Start @depth [Future] process...
21:32:21.103927> WebSocket connected! Start Partial @depth20 [SPOT] process...
21:32:21.111923> Lenta has started...Start SubscribeToAggTradeStream @aggTrade [future] process...
21:32:21.119962> WebSocket connected! Start Partial @depth20 [SPOT] process...
21:32:21.159929> Lenta has started...Start SubscribeToTradeStream @trade [{accType}] process...
21:32:21.162928> Lenta has started...Start SubscribeToTradeStream @trade [{accType}] process...
21:32:21.168925> WebSocket connected! Start [SPOT] @depth@100ms process...
21:32:21.174934> WebSocket connected! Start Partial @depth20 [Future] process...
21:32:21.583089> WebSocket connected! Start @depth [Future] process...
21:32:21.642049> Lenta has started...Start SubscribeToAggTradeStream @aggTrade [future] process...
21:32:21.642049> WebSocket connected! Start Partial @depth20 [Future] process...
21:32:22.195772> BinanceFuture - Vxxv1AWf[USD_M] USD_M Balance: 89.23232293 USDT
21:38:28.983204> Unable to read data from the transport connection: An existing connection was forcibly closed by the remote host.
21:38:29.367228> Unable to read data from the transport connection: An existing connection was forcibly closed by the remote host.
21:38:34.067503> BinanceFuture - Vxxv1AWf[USD_M] Reconect to WebSocket #
21:38:34.078505> WebSocket [SubscribeToAggTradeStream()] [Closed] [future] and reconnect again [with Task.Delay]..
21:38:34.437519> BinanceFuture - Vxxv1AWf[USD_M] Reconect to WebSocket #
21:38:34.438519> WebSocket [SubscribeToAggTradeStream()] [Closed] [future] and reconnect again [with Task.Delay]..
21:38:35.543580> Lenta has started...Start SubscribeToAggTradeStream @aggTrade [future] process...
21:38:36.101614> Lenta has started...Start SubscribeToAggTradeStream @aggTrade [future] process...
21:44:16.654055> Unable to read data from the transport connection: An existing connection was forcibly closed by the remote host.
21:44:21.708210> BinanceFuture - Vxxv1AWf[USD_M] Reconect to WebSocket #
21:44:21.726211> WebSocket [SubscribeToAggTradeStream()] [Closed] [future] and reconnect again [with Task.Delay]..
21:44:23.268300> Lenta has started...Start SubscribeToAggTradeStream @aggTrade [future] process...
21:44:36.763074> Unable to read data from the transport connection: An existing connection was forcibly closed by the remote host.
21:44:41.782373> BinanceFuture - Vxxv1AWf[USD_M] Reconect to WebSocket #
21:44:41.800362> WebSocket [SubscribeToAggTradeStream()] [Closed] [future] and reconnect again [with Task.Delay]..
21:44:43.292450> Lenta has started...Start SubscribeToAggTradeStream @aggTrade [future] process...
21:47:33.906215> Ask error : The given key was not present in the dictionary.
