00:11:15.460779> WebSocket connected! Start @depth [Future] process...
00:11:15.460779> WebSocket connected! Start Partial @depth20 [Future] process...
00:11:15.464779> Lenta has started...Start SubscribeToAggTradeStream @aggTrade [future] process...
00:11:15.469790> WebSocket connected! Start Partial @depth20 [SPOT] process...
00:11:15.763797> Binance - Vxxv1AWf[SPOT] SPOT Balance: 0.00000000 USDT
00:11:15.790821> WebSocket connected! Start Partial @depth20 [SPOT] process...
00:11:16.278118> Lenta has started...Start SubscribeToAggTradeStream @aggTrade [future] process...
00:11:16.295064> WebSocket connected! Start @depth [Future] process...
00:11:16.303075> WebSocket connected! Start Partial @depth20 [Future] process...
00:11:16.824547> BinanceFuture - Vxxv1AWf[USD_M] USD_M Balance: 0.00928352 USDT
00:20:16.396585>  DevSELL (-): -118.95000000 avgGapSell:70.71000000 
00:20:16.506610>  DevSELL (-): -125.63000000 avgGapSell:70.71000000 
00:20:18.616713>  DevSELL (+): -72.50000000 avgGapSell:70.71000000 
00:20:20.370813>  DevSELL (+): -74.99000000 avgGapSell:70.71000000 
00:20:35.669690> WebSocket [ConnectToDepthStream()] [future] error: Received an unexpected EOF or 0 bytes from the transport stream.
00:20:42.338073> BinanceFuture - Vxxv1AWf[USD_M] Reconect ConnectToDepthStream() to WebSocket #
00:20:42.339074> WebSocket [ConnectToDepthStream()] [Closed] [future] and reconnect again [during Task.Delay]..
00:20:43.595144> WebSocket connected! Start @depth [Future] process...
00:20:43.724150> BinanceFuture - Vxxv1AWf[USD_M] Reconect ConnectToDepthStream() to WebSocket #
00:20:43.750154> WebSocket [ConnectToDepthStream()] [Closed] [future] and reconnect again [during Task.Delay]..
00:20:44.785362> WebSocket connected! Start @depth [Future] process...
