15:19:46.207817> Binance - Vxxv1AWf[SPOT] SPOT Balance: 0.00000000 USDT
15:19:46.215818> Lenta has started...Start SubscribeToTradeStream @trade [{accType}] process...
15:19:46.216817> WebSocket connected! Start Partial @depth20 [SPOT] process...
15:19:46.217818> WebSocket connected! Start @depth [Future] process...
15:19:46.217818> WebSocket connected! Start [SPOT] @depth@100ms process...
15:19:46.242832> Lenta has started...Start SubscribeToAggTradeStream @aggTrade [future] process...
15:19:46.246835> WebSocket connected! Start @bookTicker [Future] process...
15:19:46.251840> WebSocket connected! Start @bookTicker ...
15:19:46.254836> WebSocket connected! Start [SPOT] @depth@100ms process...
15:19:46.256843> WebSocket connected! Start Partial @depth20 [Future] process...
15:19:46.260835> WebSocket connected! Start Partial @depth20 [SPOT] process...
15:19:46.299822> Lenta has started...Start SubscribeToTradeStream @trade [{accType}] process...
15:19:46.342825> WebSocket connected! Start @bookTicker ...
15:19:47.081354> WebSocket connected! Start @bookTicker [Future] process...
15:19:47.090355> WebSocket connected! Start @depth [Future] process...
15:19:47.732378> BinanceFuture - Vxxv1AWf[USD_M] USD_M Balance: 3.31060251 USDT
15:19:47.779392> Lenta has started...Start SubscribeToAggTradeStream @aggTrade [future] process...
15:19:49.892054> WebSocket connected! Start Partial @depth20 [Future] process...
15:22:47.629156> WebSocket [SubscribeBookTickerStream()] [future] error: Unable to read data from the transport connection: An existing connection was forcibly closed by the remote host.
15:22:52.662444> BinanceFuture - Vxxv1AWf[USD_M] Reconect to WebSocket #
15:22:52.663444> WebSocket [SubscribeBookTickerStream()] [Closed] [future] and reconnect again [during Task.Delay]..
15:22:54.393545> WebSocket connected! Start @depth [Future] process...
15:23:46.620538> WebSocket [SubscribeBookTickerStream()] [future] error: Unable to read data from the transport connection: An existing connection was forcibly closed by the remote host.
15:23:51.666826> BinanceFuture - Vxxv1AWf[USD_M] Reconect to WebSocket #
15:23:51.666826> WebSocket [SubscribeBookTickerStream()] [Closed] [future] and reconnect again [during Task.Delay]..
15:23:53.797949> WebSocket connected! Start @depth [Future] process...
15:25:24.194135> BinanceFuture - Vxxv1AWf[USD_M] Reconect to WebSocket #
15:25:24.195140> WebSocket [ConnectToDepthStream()] [Closed] [future] and reconnect again [during Task.Delay]..
15:25:28.302368> WebSocket connected! Start @depth [Future] process...
15:25:48.488525> Unable to read data from the transport connection: An existing connection was forcibly closed by the remote host.
15:25:53.574819> BinanceFuture - Vxxv1AWf[USD_M] Reconect to WebSocket #
15:25:53.619820> WebSocket [SubscribeToAggTradeStream()] [Closed] [future] and reconnect again [with Task.Delay]..
15:25:55.616935> WebSocket [ConnectToDepthStream()] [future] error: Unable to read data from the transport connection: An existing connection was forcibly closed by the remote host.
15:25:57.312033> Lenta has started...Start SubscribeToAggTradeStream @aggTrade [future] process...
15:26:00.755229> BinanceFuture - Vxxv1AWf[USD_M] Reconect to WebSocket #
15:26:00.756230> WebSocket [ConnectToDepthStream()] [Closed] [future] and reconnect again [during Task.Delay]..
15:26:03.132365> WebSocket connected! Start @depth [Future] process...
15:26:47.975936> WebSocket [ConnectToDepthStream()] [future] error: Unable to read data from the transport connection: An existing connection was forcibly closed by the remote host.
15:26:53.077231> BinanceFuture - Vxxv1AWf[USD_M] Reconect to WebSocket #
15:26:53.104233> WebSocket [ConnectToDepthStream()] [Closed] [future] and reconnect again [during Task.Delay]..
15:26:55.798387> WebSocket connected! Start @depth [Future] process...
15:27:29.101294> BinanceFuture - Vxxv1AWf[USD_M] Reconect to WebSocket #
15:27:29.102295> WebSocket [ConnectToDepthStream()] [Closed] [future] and reconnect again [during Task.Delay]..
15:27:32.699503> WebSocket connected! Start @depth [Future] process...
15:27:48.527408> WebSocket [ConnectToDepthStream()] [future] error: Unable to read data from the transport connection: An existing connection was forcibly closed by the remote host.
15:28:04.196307> WebSocket [ConnectToDepthStream()] [future] error: Unable to read data from the transport connection: An existing connection was forcibly closed by the remote host.
15:28:20.311232> WebSocket [ConnectToDepthStream()] [future] error: Received an unexpected EOF or 0 bytes from the transport stream.
15:28:33.112970> WebSocket [ConnectToDepthStream()] [future] error: Unable to read data from the transport connection: An existing connection was forcibly closed by the remote host.
15:28:38.272263> BinanceFuture - Vxxv1AWf[USD_M] Reconect to WebSocket #
15:28:38.778291> WebSocket [ConnectToDepthStream()] [Closed] [future] and reconnect again [during Task.Delay]..
15:28:43.091537> WebSocket connected! Start @depth [Future] process...
