22:38:18.595184> Binance - Vxxv1AWf[MARGIN] MARGIN Balance: 0.51312016 USDT
22:38:19.141218> BinanceFuture - Vxxv1AWf[USD_M] USD_M Balance: 0.66986043 USDT
22:38:19.168227> WebSocket connected! Start @depth [Future] process...
22:38:19.427232> WebSocket connected! Start @depth [Future] process...
22:38:19.441234> Lenta has started...Start SubscribeToAggTradeStream @aggTrade [future] process...
22:38:19.520239> WebSocket connected! Start [MARGIN] @depth@100ms process...
22:38:19.531240> WebSocket connected! Start [MARGIN] @depth@100ms process...
22:38:19.543241> WebSocket connected! Start Partial @depth20 [MARGIN] process...
22:38:19.553238> Lenta has started...Start SubscribeToAggTradeStream @aggTrade [future] process...
22:38:19.553238> WebSocket connected! Start Partial @depth20 [Future] process...
22:38:19.607244> Lenta has started...Start SubscribeToTradeStream @trade [{accType}] process...
22:38:19.614244> WebSocket connected! Start Partial @depth20 [MARGIN] process...
22:38:19.624245> Lenta has started...Start SubscribeToTradeStream @trade [{accType}] process...
22:38:19.625244> WebSocket connected! Start Partial @depth20 [Future] process...
22:40:57.478374> WebSocket [ConnectToDepthStream()] [future] error: Unable to read data from the transport connection: An existing connection was forcibly closed by the remote host.
22:40:57.478374> WebSocket [ConnectToDepthStream()] [future] error: Unable to read data from the transport connection: An existing connection was forcibly closed by the remote host.
22:40:57.669382> WebSocket [ConnectToDepthStream()] [Closed] [future] and reconnect again..
22:40:57.672388> WebSocket [ConnectToDepthStream()] [Closed] [future] and reconnect again..
22:41:03.422429> BinanceFuture - Vxxv1AWf[USD_M] Reconect to WebSocket #
22:41:03.423429> WebSocket [ConnectToDepthStream()] [Closed] [future] and reconnect again [during Task.Delay]..
22:41:03.439430> BinanceFuture - Vxxv1AWf[USD_M] Reconect to WebSocket #
22:41:03.439430> WebSocket [ConnectToDepthStream()] [Closed] [future] and reconnect again [during Task.Delay]..
22:41:05.800856> WebSocket connected! Start @depth [Future] process...
22:41:15.714734> WebSocket connected! Start @depth [Future] process...
22:41:16.342768> WebSocket connected! Start @depth [Future] process...
22:41:16.432776> WebSocket connected! Start @depth [Future] process...
