15:45:08.200394> WebSocket connected! Start @depth [Future] process...
15:45:08.200394> Lenta has started...Start SubscribeToAggTradeStream @aggTrade [future] process...
15:45:08.202393> WebSocket connected! Start [MARGIN] @depth@100ms process...
15:45:08.208393> WebSocket connected! Start Partial @depth20 [Future] process...
15:45:08.235394> Lenta has started...Start SubscribeToTradeStream @trade [{accType}] process...
15:45:08.236394> WebSocket connected! Start Partial @depth20 [MARGIN] process...
15:45:08.238396> Binance - Vxxv1AWf[MARGIN] MARGIN Balance: 0.55821719 USDT
15:45:08.356402> WebSocket connected! Start [MARGIN] @depth@100ms process...
15:45:08.362424> Lenta has started...Start SubscribeToTradeStream @trade [{accType}] process...
15:45:08.430412> WebSocket connected! Start Partial @depth20 [MARGIN] process...
15:45:08.749433> WebSocket connected! Start @depth [Future] process...
15:45:08.760427> Lenta has started...Start SubscribeToAggTradeStream @aggTrade [future] process...
15:45:08.804430> WebSocket connected! Start Partial @depth20 [Future] process...
15:45:09.285468> BinanceFuture - Vxxv1AWf[USD_M] USD_M Balance: 0.66986043 USDT
15:51:08.939583> WebSocket [ConnectToDepthStream()] [future] error: Unable to read data from the transport connection: An existing connection was forcibly closed by the remote host.
15:51:13.944872> BinanceFuture - Vxxv1AWf[USD_M] Reconect to WebSocket #
15:51:13.945872> WebSocket [ConnectToDepthStream()] [Closed] [future] and reconnect again [during Task.Delay]..
15:51:15.149940> WebSocket connected! Start @depth [Future] process...
15:52:50.479403> Ask error : The given key was not present in the dictionary.
15:53:09.865518> WebSocket [ConnectToDepthStream()] [future] error: Unable to read data from the transport connection: An existing connection was forcibly closed by the remote host.
15:53:11.850630> BinanceFuture - Vxxv1AWf[USD_M] Reconect to WebSocket #
15:53:11.851632> WebSocket [ConnectToDepthStream()] [Closed] [future] and reconnect again [during Task.Delay]..
15:53:12.153649> Unable to read data from the transport connection: An existing connection was forcibly closed by the remote host.
15:53:13.395720> WebSocket connected! Start @depth [Future] process...
15:53:14.951811> BinanceFuture - Vxxv1AWf[USD_M] Reconect to WebSocket #
15:53:14.952811> WebSocket [ConnectToDepthStream()] [Closed] [future] and reconnect again [during Task.Delay]..
15:53:16.180880> WebSocket connected! Start @depth [Future] process...
15:53:17.159936> BinanceFuture - Vxxv1AWf[USD_M] Reconect to WebSocket #
15:53:17.181936> WebSocket [SubscribeToAggTradeStream()] [Closed] [future] and reconnect again [with Task.Delay]..
15:53:18.627021> Lenta has started...Start SubscribeToAggTradeStream @aggTrade [future] process...
15:54:17.824414> WebSocket [ConnectToDepthStream()] [future] error: Unable to read data from the transport connection: An established connection was aborted by the software in your host machine.
15:54:22.825701> BinanceFuture - Vxxv1AWf[USD_M] Reconect to WebSocket #
15:54:22.826702> WebSocket [ConnectToDepthStream()] [Closed] [future] and reconnect again [during Task.Delay]..
15:54:24.158778> WebSocket connected! Start @depth [Future] process...
15:55:41.054262> WebSocket [ConnectToDepthStream()] [future] error: Unable to read data from the transport connection: An existing connection was forcibly closed by the remote host.
15:55:46.060550> BinanceFuture - Vxxv1AWf[USD_M] Reconect to WebSocket #
15:55:46.163552> WebSocket [ConnectToDepthStream()] [Closed] [future] and reconnect again [during Task.Delay]..
15:55:47.355621> WebSocket connected! Start @depth [Future] process...
15:57:19.328945> Unable to read data from the transport connection: An existing connection was forcibly closed by the remote host.
15:57:24.340235> BinanceFuture - Vxxv1AWf[USD_M] Reconect to WebSocket #
15:57:24.341234> WebSocket [SubscribeToAggTradeStream()] [Closed] [future] and reconnect again [with Task.Delay]..
15:57:25.800316> Lenta has started...Start SubscribeToAggTradeStream @aggTrade [future] process...
15:57:54.370320> WebSocket [ConnectToDepthStream()] [future] error: Unable to read data from the transport connection: An existing connection was forcibly closed by the remote host.
15:57:59.387611> BinanceFuture - Vxxv1AWf[USD_M] Reconect to WebSocket #
15:57:59.388608> WebSocket [ConnectToDepthStream()] [Closed] [future] and reconnect again [during Task.Delay]..
15:58:00.625681> WebSocket connected! Start @depth [Future] process...
16:00:01.445040> WebSocket [ConnectToDepthStream()] [future] error: Unable to read data from the transport connection: An existing connection was forcibly closed by the remote host.
16:00:06.500331> BinanceFuture - Vxxv1AWf[USD_M] Reconect to WebSocket #
16:00:06.500331> WebSocket [ConnectToDepthStream()] [Closed] [future] and reconnect again [during Task.Delay]..
16:00:08.118424> WebSocket connected! Start @depth [Future] process...
16:00:45.093773> Ask error : The given key was not present in the dictionary.
16:00:46.614853> Unable to read data from the transport connection: An existing connection was forcibly closed by the remote host.
16:00:47.161882> Unable to read data from the transport connection: An existing connection was forcibly closed by the remote host.
16:00:51.685142> BinanceFuture - Vxxv1AWf[USD_M] Reconect to WebSocket #
16:00:51.686145> WebSocket [SubscribeToAggTradeStream()] [Closed] [future] and reconnect again [with Task.Delay]..
16:00:52.186171> BinanceFuture - Vxxv1AWf[USD_M] Reconect to WebSocket #
16:00:52.187173> WebSocket [SubscribeToAggTradeStream()] [Closed] [future] and reconnect again [with Task.Delay]..
16:00:53.482247> Lenta has started...Start SubscribeToAggTradeStream @aggTrade [future] process...
16:00:53.768261> Lenta has started...Start SubscribeToAggTradeStream @aggTrade [future] process...
16:01:23.905990> WebSocket [ConnectToDepthStream()] [future] error: Unable to read data from the transport connection: An existing connection was forcibly closed by the remote host.
16:01:28.945280> BinanceFuture - Vxxv1AWf[USD_M] Reconect to WebSocket #
16:01:29.013283> WebSocket [ConnectToDepthStream()] [Closed] [future] and reconnect again [during Task.Delay]..
16:01:30.426363> WebSocket connected! Start @depth [Future] process...
16:02:48.624848> WebSocket [ConnectToDepthStream()] [future] error: Unable to read data from the transport connection: An existing connection was forcibly closed by the remote host.
16:02:53.627135> BinanceFuture - Vxxv1AWf[USD_M] Reconect to WebSocket #
16:02:53.628145> WebSocket [ConnectToDepthStream()] [Closed] [future] and reconnect again [during Task.Delay]..
16:02:55.415239> WebSocket connected! Start @depth [Future] process...
16:04:55.998150> WebSocket [ConnectToDepthStream()] [future] error: Unable to read data from the transport connection: An existing connection was forcibly closed by the remote host.
16:05:01.018440> BinanceFuture - Vxxv1AWf[USD_M] Reconect to WebSocket #
16:05:01.018440> WebSocket [ConnectToDepthStream()] [Closed] [future] and reconnect again [during Task.Delay]..
16:05:03.080558> WebSocket connected! Start @depth [Future] process...
16:09:04.498401> WebSocket [ConnectToDepthStream()] [future] error: Unable to read data from the transport connection: An existing connection was forcibly closed by the remote host.
16:09:09.792703> BinanceFuture - Vxxv1AWf[USD_M] Reconect to WebSocket #
16:09:09.793702> WebSocket [ConnectToDepthStream()] [Closed] [future] and reconnect again [during Task.Delay]..
16:09:19.781276> WebSocket connected! Start @depth [Future] process...
16:10:31.567926> WebSocket [ConnectToDepthStream()] [future] error: Unable to write data to the transport connection: An existing connection was forcibly closed by the remote host.
16:10:31.568928> WebSocket [ConnectToDepthStream()] [future] error: A request to send or receive data was disallowed because the socket is not connected and (when sending on a datagram socket using a sendto call) no address was supplied
16:10:38.518326> BinanceFuture - Vxxv1AWf[USD_M] Reconect to WebSocket #
16:10:38.547327> WebSocket [ConnectToDepthStream()] [Closed] [future] and reconnect again [during Task.Delay]..
16:10:47.331955> WebSocket connected! Start @depth [Future] process...
16:10:54.483360> Unable to write data to the transport connection: An existing connection was forcibly closed by the remote host.
16:10:54.484360> A request to send or receive data was disallowed because the socket is not connected and (when sending on a datagram socket using a sendto call) no address was supplied
16:11:00.271692> BinanceFuture - Vxxv1AWf[USD_M] Reconect to WebSocket #
16:11:00.274693> WebSocket [SubscribeToAggTradeStream()] [Closed] [future] and reconnect again [with Task.Delay]..
16:11:05.253976> Lenta has started...Start SubscribeToAggTradeStream @aggTrade [future] process...
16:11:28.267296> WebSocket [ConnectToDepthStream()] [future] error: Unable to write data to the transport connection: An existing connection was forcibly closed by the remote host.
16:11:34.076629> BinanceFuture - Vxxv1AWf[USD_M] Reconect to WebSocket #
16:11:34.077636> WebSocket [ConnectToDepthStream()] [Closed] [future] and reconnect again [during Task.Delay]..
16:11:56.215900> WebSocket connected! Start @depth [Future] process...
16:12:51.603076> WebSocket [ConnectToDepthStream()] [future] error: Unable to write data to the transport connection: An existing connection was forcibly closed by the remote host.
16:12:56.949383> BinanceFuture - Vxxv1AWf[USD_M] Reconect to WebSocket #
16:12:56.982384> WebSocket [ConnectToDepthStream()] [Closed] [future] and reconnect again [during Task.Delay]..
16:13:08.187025> WebSocket connected! Start @depth [Future] process...
