18:50:32.905585> WebSocket connected! Start [MARGIN] @depth@100ms process...
18:50:32.972588> WebSocket connected! Start Partial @depth20 [Future] process...
18:50:32.978590> Binance - Vxxv1AWf[MARGIN] MARGIN Balance: 0.51355409 USDT
18:50:33.140597> Lenta has started...Start SubscribeToAggTradeStream @aggTrade [future] process...
18:50:33.273607> WebSocket connected! Start @depth [Future] process...
18:50:33.535621> Lenta has started...Start SubscribeToTradeStream @trade [{accType}] process...
18:50:33.641629> WebSocket connected! Start Partial @depth20 [MARGIN] process...
18:50:35.319733> WebSocket connected! Start Partial @depth20 [Future] process...
18:50:35.320725> Lenta has started...Start SubscribeToAggTradeStream @aggTrade [future] process...
18:50:35.321724> WebSocket connected! Start @depth [Future] process...
18:50:35.364725> WebSocket connected! Start [MARGIN] @depth@100ms process...
18:50:35.386726> Lenta has started...Start SubscribeToTradeStream @trade [{accType}] process...
18:50:35.598741> BinanceFuture - Vxxv1AWf[USD_M] USD_M Balance: 0.66986043 USDT
18:50:35.601740> WebSocket connected! Start Partial @depth20 [MARGIN] process...
18:50:40.826313> WebSocket [ConnectToDepthStream()] [future] error: Unable to read data from the transport connection: An existing connection was forcibly closed by the remote host.
18:50:41.009051> WebSocket [ConnectToDepthStream()] [Closed] [future] and reconnect again..
18:50:44.084230> WebSocket connected! Start @depth [Future] process...
18:50:45.712317> WebSocket [ConnectToDepthStream()] [future] error: Unable to read data from the transport connection: An existing connection was forcibly closed by the remote host.
18:50:45.750322> WebSocket [ConnectToDepthStream()] [Closed] [future] and reconnect again..
18:50:48.419475> WebSocket connected! Start @depth [Future] process...
18:50:50.976621> BinanceFuture - O6Lyrsb3[USD_M] Reconect to WebSocket #
18:50:50.977627> WebSocket [ConnectToDepthStream()] [Closed] [future] and reconnect again [during Task.Delay]..
18:50:52.829727> WebSocket [ConnectToDepthStream()] [future] error: Unable to read data from the transport connection: An existing connection was forcibly closed by the remote host.
18:50:52.893731> WebSocket [ConnectToDepthStream()] [Closed] [future] and reconnect again..
18:50:55.220865> WebSocket connected! Start @depth [Future] process...
18:50:57.528999> WebSocket connected! Start @depth [Future] process...
18:50:58.009026> BinanceFuture - O6Lyrsb3[USD_M] Reconect to WebSocket #
18:50:58.010025> WebSocket [ConnectToDepthStream()] [Closed] [future] and reconnect again [during Task.Delay]..
18:51:00.762185> WebSocket connected! Start @depth [Future] process...
18:51:12.290848> WebSocket [ConnectToDepthStream()] [future] error: Unable to read data from the transport connection: An existing connection was forcibly closed by the remote host.
18:51:12.415852> WebSocket [ConnectToDepthStream()] [Closed] [future] and reconnect again..
18:51:14.759985> WebSocket connected! Start @depth [Future] process...
18:51:17.496141> BinanceFuture - O6Lyrsb3[USD_M] Reconect to WebSocket #
18:51:17.497142> WebSocket [ConnectToDepthStream()] [Closed] [future] and reconnect again [during Task.Delay]..
18:51:20.285301> WebSocket connected! Start @depth [Future] process...
