16:40:30.107208> Binance - Vxxv1AWf[SPOT] SPOT Balance: 0.00000000 USDT
16:40:30.621235> WebSocket connected! Start [SPOT] @depth@100ms process...
16:40:30.732242> WebSocket connected! Start @bookTicker ...
16:40:31.123263> WebSocket connected! Start Partial @depth20 [SPOT] process...
16:40:31.173268> Lenta has started...Start SubscribeToTradeStream @trade [{accType}] process...
16:40:31.336278> WebSocket connected! Start Partial @depth20 [SPOT] process...
16:40:31.725299> WebSocket connected! Start Partial @depth20 [Future] process...
16:40:31.742300> Lenta has started...Start SubscribeToAggTradeStream @aggTrade [future] process...
16:40:32.105320> WebSocket connected! Start @depth [Future] process...
16:40:32.282330> Lenta has started...Start SubscribeToTradeStream @trade [{accType}] process...
16:40:32.308333> WebSocket [ConnectToDepthStream()] [future] error: You must send data by websocket after websocket is opened!
16:40:32.310333> WebSocket [ConnectToDepthStream()] [future] error: You must send data by websocket after websocket is opened!
16:40:32.484350> WebSocket connected! Start [SPOT] @depth@100ms process...
16:40:32.941369> WebSocket [ConnectToDepthStream()] [future] error: You must send data by websocket after websocket is opened!
16:40:32.954369> WebSocket connected! Start @bookTicker [Future] process...
16:40:33.668411> Lenta has started...Start SubscribeToAggTradeStream @aggTrade [future] process...
16:40:34.776474> WebSocket connected! Start @depth [Future] process...
16:40:36.593671> WebSocket connected! Start @bookTicker [Future] process...
16:40:38.534779> WebSocket connected! Start @bookTicker ...
16:40:38.644783> WebSocket connected! Start Partial @depth20 [Future] process...
