20:48:24.065909> WebSocket connected! Start @bookTicker [Future] process...
20:48:24.065909> WebSocket connected! Start [MARGIN] @depth@100ms process...
20:48:24.065909> WebSocket connected! Start @bookTicker ...
20:48:24.067908> WebSocket connected! Start Partial @depth20 [Future] process...
20:48:24.068908> WebSocket connected! Start @depth [Future] process...
20:48:24.102910> WebSocket connected! Start Partial @depth20 [MARGIN] process...
20:48:24.103910> Lenta has started...Start SubscribeToTradeStream @trade [{accType}] process...
20:48:24.105911> Lenta has started...Start SubscribeToAggTradeStream @aggTrade [future] process...
20:48:24.227917> WebSocket connected! Start Partial @depth20 [MARGIN] process...
20:48:24.251917> Lenta has started...Start SubscribeToTradeStream @trade [{accType}] process...
20:48:24.284921> WebSocket connected! Start @bookTicker ...
20:48:24.303921> WebSocket connected! Start [MARGIN] @depth@100ms process...
20:48:24.309920> Binance - Vxxv1AWf[MARGIN] MARGIN Balance: 0.53703317 USDT
20:48:24.711944> WebSocket connected! Start @bookTicker [Future] process...
20:48:24.722951> WebSocket connected! Start Partial @depth20 [Future] process...
20:48:24.726975> Lenta has started...Start SubscribeToAggTradeStream @aggTrade [future] process...
20:48:24.730949> WebSocket connected! Start @depth [Future] process...
20:48:25.396982> BinanceFuture - Vxxv1AWf[USD_M] USD_M Balance: 18.14083188 USDT
20:49:22.635711> BinanceFuture - Vxxv1AWf[USD_M] Reconect to WebSocket #
20:49:22.635711> WebSocket [SubscribeBookTickerStream()] [Closed] [future] and reconnect again [during Task.Delay]..
20:49:39.486675> WebSocket connected! Start @depth [Future] process...
20:52:24.735151> WebSocket [SubscribeBookTickerStream()] [future] error: Unable to read data from the transport connection: An existing connection was forcibly closed by the remote host.
20:52:32.513596> BinanceFuture - Vxxv1AWf[USD_M] Reconect to WebSocket #
20:52:32.514596> WebSocket [SubscribeBookTickerStream()] [Closed] [future] and reconnect again [during Task.Delay]..
20:52:39.134976> WebSocket connected! Start @depth [Future] process...
20:53:39.857933> WebSocket [ConnectToDepthStream()] [future] error: Unable to read data from the transport connection: An existing connection was forcibly closed by the remote host.
20:53:45.103236> BinanceFuture - Vxxv1AWf[USD_M] Reconect to WebSocket #
20:53:45.104234> WebSocket [ConnectToDepthStream()] [Closed] [future] and reconnect again [during Task.Delay]..
20:54:09.509632> WebSocket connected! Start @depth [Future] process...
