12:31:08.455503> Binance - Vxxv1AWf[SPOT] SPOT Balance: 0.00000000 USDT
12:31:09.096866> WebSocket connected! Start Partial @depth20 [SPOT] process...
12:31:09.256862> WebSocket connected! Start [SPOT] @depth@100ms process...
12:31:09.438884> Lenta has started...Start SubscribeToAggTradeStream @aggTrade [future] process...
12:31:09.745081> WebSocket connected! Start @depth [Future] process...
12:31:10.019097> WebSocket connected! Start Partial @depth20 [Future] process...
12:31:10.072101> WebSocket connected! Start @bookTicker ...
12:31:10.087100> WebSocket connected! Start @bookTicker [Future] process...
12:31:10.168105> Lenta has started...Start SubscribeToTradeStream @trade [{accType}] process...
12:31:10.476128> WebSocket connected! Start [SPOT] @depth@100ms process...
12:31:10.534137> WebSocket connected! Start Partial @depth20 [SPOT] process...
12:31:10.895163> WebSocket connected! Start Partial @depth20 [Future] process...
12:31:11.082470> BinanceFuture - Vxxv1AWf[USD_M] USD_M Balance: 6.25838444 USDT
12:31:11.254484> WebSocket connected! Start @bookTicker ...
12:31:11.612506> WebSocket connected! Start @bookTicker [Future] process...
12:31:11.625510> Lenta has started...Start SubscribeToAggTradeStream @aggTrade [future] process...
12:31:12.285717> WebSocket connected! Start @depth [Future] process...
12:31:14.162562> Lenta has started...Start SubscribeToTradeStream @trade [{accType}] process...
12:32:20.242388> WebSocket [SubscribeBookTickerStream()] [future] error: Received an unexpected EOF or 0 bytes from the transport stream.
12:32:25.254120> BinanceFuture - Vxxv1AWf[USD_M] Reconect to WebSocket #
12:32:25.256117> WebSocket [SubscribeBookTickerStream()] [Closed] [future] and reconnect again [during Task.Delay]..
12:32:25.257130> BinanceFuture - Vxxv1AWf[USD_M] Reconect to WebSocket #
12:32:25.258115> WebSocket [SubscribeBookTickerStream()] [Closed] [future] and reconnect again [during Task.Delay]..
12:32:27.356794> WebSocket connected! Start @depth [Future] process...
12:32:27.368679> WebSocket connected! Start @depth [Future] process...
12:37:10.178953> WebSocket [ConnectToDepthStream()] [future] error: Unable to read data from the transport connection: An existing connection was forcibly closed by the remote host.
12:37:15.223230> BinanceFuture - Vxxv1AWf[USD_M] Reconect to WebSocket #
12:37:15.261234> WebSocket [ConnectToDepthStream()] [Closed] [future] and reconnect again [during Task.Delay]..
12:37:16.662313> WebSocket connected! Start @depth [Future] process...
12:48:36.834670> WebSocket [ConnectToDepthStream()] [future] error: Unable to read data from the transport connection: An existing connection was forcibly closed by the remote host.
12:48:41.927963> BinanceFuture - Vxxv1AWf[USD_M] Reconect to WebSocket #
12:48:41.942960> WebSocket [ConnectToDepthStream()] [Closed] [future] and reconnect again [during Task.Delay]..
12:48:44.875129> WebSocket connected! Start @depth [Future] process...
12:48:45.888187> BinanceFuture - Vxxv1AWf[USD_M] Reconect to WebSocket #
12:48:45.897275> WebSocket [ConnectToDepthStream()] [Closed] [future] and reconnect again [during Task.Delay]..
12:48:47.573285> WebSocket connected! Start @depth [Future] process...
12:49:04.250239> BinanceFuture - Vxxv1AWf[USD_M] Reconect to WebSocket #
12:49:04.290242> WebSocket [SubscribePartialDepthStream()] [Closed] [future] and reconnect again [during Task.Delay]..
12:49:04.303242> BinanceFuture - Vxxv1AWf[USD_M] Reconect to WebSocket #
12:49:04.313244> WebSocket [SubscribePartialDepthStream()] [Closed] [future] and reconnect again [during Task.Delay]..
12:49:06.216353> WebSocket connected! Start @depth [Future] process...
12:49:06.218355> WebSocket connected! Start @depth [Future] process...
