16:49:18.013658> Binance - Vxxv1AWf[SPOT] SPOT Balance: 0.00000000 USDT
16:49:18.388683> WebSocket connected! Start [SPOT] @depth@100ms process...
16:49:18.649696> WebSocket connected! Start @bookTicker ...
16:49:18.653697> WebSocket connected! Start Partial @depth20 [SPOT] process...
16:49:18.656698> WebSocket connected! Start Partial @depth20 [SPOT] process...
16:49:18.659694> WebSocket connected! Start @bookTicker ...
16:49:18.779700> WebSocket connected! Start [SPOT] @depth@100ms process...
16:49:19.250728> WebSocket connected! Start Partial @depth20 [Future] process...
16:49:19.260730> WebSocket connected! Start @depth [Future] process...
16:49:19.305732> Lenta has started...Start SubscribeToAggTradeStream @aggTrade [future] process...
16:49:19.307732> WebSocket connected! Start Partial @depth20 [Future] process...
16:49:19.320733> WebSocket connected! Start @bookTicker [Future] process...
16:49:19.322736> WebSocket connected! Start @depth [Future] process...
16:49:19.926756> WebSocket connected! Start @bookTicker [Future] process...
16:49:20.422047> Lenta has started...Start SubscribeToAggTradeStream @aggTrade [future] process...
16:49:23.171712> Lenta has started...Start SubscribeToTradeStream @trade [{accType}] process...
16:49:24.146641> Lenta has started...Start SubscribeToTradeStream @trade [{accType}] process...
16:49:26.883732> BinanceFuture - Vxxv1AWf[USD_M] USD_M Balance: 0.07599264 USDT
16:50:03.534748> BinanceFuture - Vxxv1AWf[USD_M] Reconect to WebSocket #
16:50:03.535737> WebSocket [SubscribeBookTickerStream()] [Closed] [future] and reconnect again [during Task.Delay]..
16:50:07.904729> WebSocket connected! Start @bookTicker [Future] process...
16:50:09.129398> BinanceFuture - Vxxv1AWf[USD_M] Reconect to WebSocket #
16:50:09.130389> WebSocket [SubscribeBookTickerStream()] [Closed] [future] and reconnect again [during Task.Delay]..
16:50:09.910208> WebSocket connected! Start @bookTicker [Future] process...
16:51:08.382976> BinanceFuture - Vxxv1AWf[USD_M] Reconect to WebSocket #
16:51:08.383967> WebSocket [SubscribeBookTickerStream()] [Closed] [future] and reconnect again [during Task.Delay]..
16:51:09.798309> WebSocket connected! Start @bookTicker [Future] process...
16:51:14.089050> BinanceFuture - Vxxv1AWf[USD_M] Reconect to WebSocket #
16:51:14.090061> WebSocket [SubscribeBookTickerStream()] [Closed] [future] and reconnect again [during Task.Delay]..
16:51:14.861906> WebSocket connected! Start @bookTicker [Future] process...
16:51:58.548032> BinanceFuture - Vxxv1AWf[USD_M] Reconect to WebSocket #
16:51:58.548032> WebSocket [SubscribeBookTickerStream()] [Closed] [future] and reconnect again [during Task.Delay]..
16:51:59.363098> WebSocket connected! Start @bookTicker [Future] process...
16:52:17.435033> WebSocket [ConnectToDepthStream()] [future] error: Received an unexpected EOF or 0 bytes from the transport stream.
16:53:51.717226> BinanceFuture - Vxxv1AWf[USD_M] Reconect to WebSocket #
16:53:51.722220> WebSocket [SubscribeBookTickerStream()] [Closed] [future] and reconnect again [during Task.Delay]..
16:53:53.146303> WebSocket connected! Start @bookTicker [Future] process...
16:55:46.140861> BinanceFuture - Vxxv1AWf[USD_M] Reconect to WebSocket #
16:55:46.143858> WebSocket [SubscribeBookTickerStream()] [Closed] [future] and reconnect again [during Task.Delay]..
16:55:47.240920> WebSocket connected! Start @bookTicker [Future] process...
16:57:03.426787> BinanceFuture - Vxxv1AWf[USD_M] Reconect to WebSocket #
16:57:03.430780> WebSocket [SubscribeBookTickerStream()] [Closed] [future] and reconnect again [during Task.Delay]..
16:57:06.310944> WebSocket connected! Start @bookTicker [Future] process...
16:58:37.403430> WebSocket [SubscribeBookTickerStream()] [future] error: Unable to read data from the transport connection: An existing connection was forcibly closed by the remote host.
16:58:42.409715> BinanceFuture - Vxxv1AWf[USD_M] Reconect to WebSocket #
16:58:42.410718> WebSocket [SubscribeBookTickerStream()] [Closed] [future] and reconnect again [during Task.Delay]..
16:58:45.502017> WebSocket connected! Start @bookTicker [Future] process...
16:59:53.970664> BinanceFuture - Vxxv1AWf[USD_M] Reconect to WebSocket #
16:59:53.970664> WebSocket [SubscribeBookTickerStream()] [Closed] [future] and reconnect again [during Task.Delay]..
16:59:58.171917> WebSocket connected! Start @bookTicker [Future] process...
17:00:02.077649> BinanceFuture - Vxxv1AWf[USD_M] Reconect to WebSocket #
17:00:02.078650> WebSocket [SubscribePartialDepthStream()] [Closed] [future] and reconnect again [during Task.Delay]..
17:00:03.527183> WebSocket connected! Start @depth [Future] process...
17:00:40.786521> BinanceFuture - Vxxv1AWf[USD_M] Reconect to WebSocket #
17:00:40.786521> WebSocket [SubscribeBookTickerStream()] [Closed] [future] and reconnect again [during Task.Delay]..
17:00:46.854859> WebSocket connected! Start @bookTicker [Future] process...
17:00:56.919774> BinanceFuture - Vxxv1AWf[USD_M] Reconect to WebSocket #
17:00:56.925775> WebSocket [SubscribePartialDepthStream()] [Closed] [future] and reconnect again [during Task.Delay]..
17:00:58.584872> WebSocket connected! Start @depth [Future] process...
