13:00:53.940840> Binance - Vxxv1AWf[MARGIN] MARGIN Balance: 0.58235245 USDT
13:00:54.469875> WebSocket connected! Start [MARGIN] @depth@100ms process...
13:00:54.502878> Lenta has started...Start SubscribeToTradeStream @trade [{accType}] process...
13:00:54.503879> Lenta has started...Start SubscribeToAggTradeStream @aggTrade [future] process...
13:00:54.517887> WebSocket connected! Start [MARGIN] @depth@100ms process...
13:00:54.519887> WebSocket connected! Start Partial @depth20 [Future] process...
13:00:54.521887> Lenta has started...Start SubscribeToTradeStream @trade [{accType}] process...
13:00:54.523884> WebSocket connected! Start Partial @depth20 [MARGIN] process...
13:00:54.524884> WebSocket connected! Start @depth [Future] process...
13:00:54.573880> WebSocket connected! Start Partial @depth20 [MARGIN] process...
13:00:54.857894> WebSocket connected! Start @bookTicker [Future] process...
13:00:54.863894> Lenta has started...Start SubscribeToAggTradeStream @aggTrade [future] process...
13:00:54.869894> WebSocket connected! Start @depth [Future] process...
13:00:54.910899> BinanceFuture - Vxxv1AWf[USD_M] USD_M Balance: 0.66986043 USDT
13:00:55.282920> WebSocket connected! Start Partial @depth20 [Future] process...
13:00:55.291922> WebSocket connected! Start @bookTicker [Future] process...
13:06:55.454571> WebSocket [ConnectToDepthStream()] [future] error: Unable to read data from the transport connection: An existing connection was forcibly closed by the remote host.
13:07:00.585866> BinanceFuture - Vxxv1AWf[USD_M] Reconect to WebSocket #
13:07:00.586865> WebSocket [ConnectToDepthStream()] [Closed] [future] and reconnect again [during Task.Delay]..
13:07:01.814936> WebSocket connected! Start @depth [Future] process...
13:11:03.368787> WebSocket [ConnectToDepthStream()] [future] error: Unable to read data from the transport connection: An existing connection was forcibly closed by the remote host.
13:11:08.615150> BinanceFuture - Vxxv1AWf[USD_M] Reconect to WebSocket #
13:11:08.632087> WebSocket [ConnectToDepthStream()] [Closed] [future] and reconnect again [during Task.Delay]..
13:11:10.088170> WebSocket connected! Start @depth [Future] process...
13:14:10.878537> WebSocket [ConnectToDepthStream()] [future] error: Unable to read data from the transport connection: An existing connection was forcibly closed by the remote host.
13:14:15.914824> BinanceFuture - Vxxv1AWf[USD_M] Reconect to WebSocket #
13:14:15.915828> WebSocket [ConnectToDepthStream()] [Closed] [future] and reconnect again [during Task.Delay]..
13:14:26.527433> WebSocket connected! Start @depth [Future] process...
13:14:58.448262> WebSocket [ConnectToDepthStream()] [future] error: Unable to read data from the transport connection: An existing connection was forcibly closed by the remote host.
13:15:03.783569> BinanceFuture - Vxxv1AWf[USD_M] Reconect to WebSocket #
13:15:03.784570> WebSocket [ConnectToDepthStream()] [Closed] [future] and reconnect again [during Task.Delay]..
13:15:14.533185> WebSocket connected! Start @depth [Future] process...
13:15:56.178575> WebSocket [SubscribeBookTickerStream()] [future] error: Unable to read data from the transport connection: An existing connection was forcibly closed by the remote host.
13:15:56.180575> WebSocket [SubscribeBookTickerStream()] [future] error: Unable to read data from the transport connection: An existing connection was forcibly closed by the remote host.
13:16:01.970908> BinanceFuture - Vxxv1AWf[USD_M] Reconect to WebSocket #
13:16:01.971908> WebSocket [SubscribeBookTickerStream()] [Closed] [future] and reconnect again [during Task.Delay]..
13:16:01.971908> BinanceFuture - Vxxv1AWf[USD_M] Reconect to WebSocket #
13:16:01.972907> WebSocket [SubscribeBookTickerStream()] [Closed] [future] and reconnect again [during Task.Delay]..
13:16:10.793411> WebSocket connected! Start @depth [Future] process...
13:16:10.899418> WebSocket connected! Start @depth [Future] process...
13:17:30.439980> WebSocket [ConnectToDepthStream()] [future] error: Unable to read data from the transport connection: An existing connection was forcibly closed by the remote host.
13:17:35.468267> BinanceFuture - Vxxv1AWf[USD_M] Reconect to WebSocket #
13:17:35.469269> WebSocket [ConnectToDepthStream()] [Closed] [future] and reconnect again [during Task.Delay]..
13:17:38.173420> WebSocket connected! Start @depth [Future] process...
13:18:16.992649> WebSocket [ConnectToDepthStream()] [future] error: Unable to read data from the transport connection: An existing connection was forcibly closed by the remote host.
13:18:25.854161> BinanceFuture - Vxxv1AWf[USD_M] Reconect to WebSocket #
13:18:25.854161> WebSocket [ConnectToDepthStream()] [Closed] [future] and reconnect again [during Task.Delay]..
13:18:40.504994> WebSocket connected! Start @depth [Future] process...
13:19:30.359911> WebSocket [ConnectToDepthStream()] [future] error: Unable to read data from the transport connection: An existing connection was forcibly closed by the remote host.
13:19:34.814168> WebSocket [ConnectToDepthStream()] [future] error: Unable to read data from the transport connection: An existing connection was forcibly closed by the remote host.
13:19:36.296251> BinanceFuture - Vxxv1AWf[USD_M] Reconect to WebSocket #
13:19:36.307252> WebSocket [ConnectToDepthStream()] [Closed] [future] and reconnect again [during Task.Delay]..
13:19:40.034465> BinanceFuture - Vxxv1AWf[USD_M] Reconect to WebSocket #
13:19:40.249479> WebSocket [ConnectToDepthStream()] [Closed] [future] and reconnect again [during Task.Delay]..
13:19:41.912573> WebSocket [ConnectToDepthStream()] [future] error: Unable to write data to the transport connection: An existing connection was forcibly closed by the remote host.
13:19:44.749736> WebSocket connected! Start @depth [Future] process...
13:19:44.763737> WebSocket connected! Start @depth [Future] process...
13:19:47.441890> BinanceFuture - Vxxv1AWf[USD_M] Reconect to WebSocket #
13:19:47.442891> WebSocket [ConnectToDepthStream()] [Closed] [future] and reconnect again [during Task.Delay]..
13:19:59.121559> WebSocket connected! Start @depth [Future] process...
13:20:40.924957> WebSocket [ConnectToDepthStream()] [future] error: Unable to read data from the transport connection: An existing connection was forcibly closed by the remote host.
13:20:46.118254> BinanceFuture - Vxxv1AWf[USD_M] Reconect to WebSocket #
13:20:46.677302> WebSocket [ConnectToDepthStream()] [Closed] [future] and reconnect again [during Task.Delay]..
13:20:48.434387> WebSocket connected! Start @depth [Future] process...
13:21:45.470658> WebSocket [ConnectToDepthStream()] [future] error: Unable to read data from the transport connection: An existing connection was forcibly closed by the remote host.
13:21:50.472945> BinanceFuture - Vxxv1AWf[USD_M] Reconect to WebSocket #
13:21:50.552950> WebSocket [ConnectToDepthStream()] [Closed] [future] and reconnect again [during Task.Delay]..
13:21:52.171042> WebSocket connected! Start @depth [Future] process...
13:22:01.428572> WebSocket [ConnectToDepthStream()] [future] error: Unable to read data from the transport connection: An existing connection was forcibly closed by the remote host.
13:22:06.449861> BinanceFuture - Vxxv1AWf[USD_M] Reconect to WebSocket #
13:22:06.450860> WebSocket [ConnectToDepthStream()] [Closed] [future] and reconnect again [during Task.Delay]..
13:22:08.790994> WebSocket connected! Start @depth [Future] process...
13:22:55.350665> WebSocket [ConnectToDepthStream()] [future] error: Unable to read data from the transport connection: An existing connection was forcibly closed by the remote host.
13:23:01.969043> BinanceFuture - Vxxv1AWf[USD_M] Reconect to WebSocket #
13:23:01.973042> WebSocket [ConnectToDepthStream()] [Closed] [future] and reconnect again [during Task.Delay]..
13:23:11.101568> WebSocket connected! Start @depth [Future] process...
13:23:51.116862> WebSocket [ConnectToDepthStream()] [future] error: Unable to read data from the transport connection: An existing connection was forcibly closed by the remote host.
13:23:54.645066> WebSocket [ConnectToDepthStream()] [future] error: Unable to read data from the transport connection: An existing connection was forcibly closed by the remote host.
13:23:56.283158> BinanceFuture - Vxxv1AWf[USD_M] Reconect to WebSocket #
13:23:56.290164> WebSocket [ConnectToDepthStream()] [Closed] [future] and reconnect again [during Task.Delay]..
13:23:59.714355> BinanceFuture - Vxxv1AWf[USD_M] Reconect to WebSocket #
13:23:59.714355> WebSocket [ConnectToDepthStream()] [Closed] [future] and reconnect again [during Task.Delay]..
13:24:01.005430> WebSocket connected! Start @depth [Future] process...
13:24:06.035719> WebSocket connected! Start @depth [Future] process...
13:24:11.598038> WebSocket [ConnectToDepthStream()] [future] error: Unable to read data from the transport connection: An existing connection was forcibly closed by the remote host.
13:25:12.510529> WebSocket [ConnectToDepthStream()] [future] error: Unable to read data from the transport connection: An existing connection was forcibly closed by the remote host.
13:25:17.684827> BinanceFuture - Vxxv1AWf[USD_M] Reconect to WebSocket #
13:25:17.684827> WebSocket [ConnectToDepthStream()] [Closed] [future] and reconnect again [during Task.Delay]..
13:25:19.193917> WebSocket connected! Start @depth [Future] process...
13:28:03.221316> WebSocket [ConnectToDepthStream()] [future] error: Unable to read data from the transport connection: An existing connection was forcibly closed by the remote host.
13:28:08.503621> BinanceFuture - Vxxv1AWf[USD_M] Reconect to WebSocket #
13:28:08.503621> WebSocket [ConnectToDepthStream()] [Closed] [future] and reconnect again [during Task.Delay]..
13:28:09.426673> WebSocket [ConnectToDepthStream()] [future] error: Unable to read data from the transport connection: An existing connection was forcibly closed by the remote host.
13:28:15.253008> BinanceFuture - Vxxv1AWf[USD_M] Reconect to WebSocket #
13:28:15.253008> WebSocket [ConnectToDepthStream()] [Closed] [future] and reconnect again [during Task.Delay]..
13:28:20.148287> WebSocket connected! Start @depth [Future] process...
13:28:29.210806> WebSocket connected! Start @depth [Future] process...
13:29:20.647756> WebSocket [ConnectToDepthStream()] [future] error: Unable to read data from the transport connection: An existing connection was forcibly closed by the remote host.
13:29:25.760051> BinanceFuture - Vxxv1AWf[USD_M] Reconect to WebSocket #
13:29:25.760051> WebSocket [ConnectToDepthStream()] [Closed] [future] and reconnect again [during Task.Delay]..
13:29:37.416718> WebSocket connected! Start @depth [Future] process...
13:33:17.455179> Unable to write data to the transport connection: An existing connection was forcibly closed by the remote host.
13:34:45.053202> BinanceFuture - Vxxv1AWf[USD_M] Reconect to WebSocket #
13:34:45.053202> WebSocket [SubscribeToAggTradeStream()] [Closed] [future] and reconnect again [with Task.Delay]..
13:34:45.150207> WebSocket [SubscribePartialDepthStream()] [future] error: Unable to read data from the transport connection: An existing connection was forcibly closed by the remote host.
13:34:56.202152> WebSocket [ConnectToDepthStream()] [future] error: Unable to write data to the transport connection: An existing connection was forcibly closed by the remote host.
13:34:56.204152> WebSocket [ConnectToDepthStream()] [future] error: A request to send or receive data was disallowed because the socket is not connected and (when sending on a datagram socket using a sendto call) no address was supplied
13:34:56.203152> WebSocket [ConnectToDepthStream()] [future] error: Unable to write data to the transport connection: An existing connection was forcibly closed by the remote host.
13:34:56.205152> WebSocket [ConnectToDepthStream()] [future] error: A request to send or receive data was disallowed because the socket is not connected and (when sending on a datagram socket using a sendto call) no address was supplied
13:34:56.207153> Unable to write data to the transport connection: An existing connection was forcibly closed by the remote host.
13:34:56.209152> A request to send or receive data was disallowed because the socket is not connected and (when sending on a datagram socket using a sendto call) no address was supplied
