17:23:49.665473> WebSocket connected! Start Partial @depth20 [MARGIN] process...
17:23:49.665473> Lenta has started...Start SubscribeToTradeStream @trade [{accType}] process...
17:23:52.306622> Lenta has started...Start SubscribeToTradeStream @trade [{accType}] process...
17:23:52.330623> Binance - Vxxv1AWf[MARGIN] MARGIN Balance: 0.52189513 USDT
17:23:52.522636> WebSocket connected! Start [MARGIN] @depth@100ms process...
17:23:52.527636> WebSocket connected! Start Partial @depth20 [MARGIN] process...
17:23:52.793650> BinanceFuture - Vxxv1AWf[USD_M] USD_M Balance: 0.66986043 USDT
17:23:53.186675> WebSocket connected! Start @depth [Future] process...
17:23:53.948716> WebSocket connected! Start @depth [Future] process...
17:23:53.981719> WebSocket connected! Start Partial @depth20 [Future] process...
17:23:53.982719> WebSocket connected! Start [MARGIN] @depth@100ms process...
17:23:54.025047> Lenta has started...Start SubscribeToTradeStream @trade [{accType}] process...
17:23:54.042729> Lenta has started...Start SubscribeToAggTradeStream @aggTrade [future] process...
17:23:54.437746> WebSocket connected! Start Partial @depth20 [MARGIN] process...
17:23:54.717762> BinanceFuture - Vxxv1AWf[USD_M] Reconect to WebSocket #
17:23:54.717762> WebSocket [ConnectToDepthStream()] [Closed] [future] and reconnect again [during Task.Delay]..
17:23:56.677873> WebSocket connected! Start @depth [Future] process...
17:23:56.709893> Lenta has started...Start SubscribeToAggTradeStream @aggTrade [future] process...
17:23:56.710876> WebSocket connected! Start Partial @depth20 [Future] process...
17:23:57.127899> BinanceFuture - Vxxv1AWf[USD_M] USD_M Balance: 0.66986043 USDT
17:23:58.005950> WebSocket connected! Start @depth [Future] process...
