18:30:14.609580> WebSocket connected! Start Partial @depth20 [Future] process...
18:30:14.610555> Lenta has started...Start SubscribeToTradeStream @trade [{accType}] process...
18:30:14.613557> WebSocket connected! Start @depth [Future] process...
18:30:14.622556> WebSocket connected! Start Partial @depth20 [MARGIN] process...
18:30:14.643557> Lenta has started...Start SubscribeToAggTradeStream @aggTrade [future] process...
18:30:14.649564> WebSocket connected! Start [MARGIN] @depth@100ms process...
18:30:14.670560> WebSocket connected! Start @bookTicker [Future] process...
18:30:14.784565> WebSocket connected! Start Partial @depth20 [MARGIN] process...
18:30:14.793567> WebSocket connected! Start [MARGIN] @depth@100ms process...
18:30:14.805566> Lenta has started...Start SubscribeToTradeStream @trade [{accType}] process...
18:30:14.860570> Binance - Vxxv1AWf[MARGIN] MARGIN Balance: 0.58126812 USDT
18:30:15.160606> WebSocket connected! Start Partial @depth20 [Future] process...
18:30:15.206591> Lenta has started...Start SubscribeToAggTradeStream @aggTrade [future] process...
18:30:15.207590> WebSocket connected! Start @bookTicker [Future] process...
18:30:15.335598> WebSocket connected! Start @depth [Future] process...
18:30:15.756339> BinanceFuture - Vxxv1AWf[USD_M] USD_M Balance: 0.66986043 USDT
18:30:45.696108> BinanceFuture - Vxxv1AWf[USD_M] Reconect to WebSocket #
18:30:45.697109> WebSocket [SubscribeBookTickerStream()] [Closed] [future] and reconnect again [during Task.Delay]..
18:30:46.697739> WebSocket connected! Start @depth [Future] process...
18:35:16.151867> WebSocket [ConnectToDepthStream()] [future] error: Unable to read data from the transport connection: An existing connection was forcibly closed by the remote host.
18:35:21.198157> BinanceFuture - Vxxv1AWf[USD_M] Reconect to WebSocket #
18:35:21.199158> WebSocket [ConnectToDepthStream()] [Closed] [future] and reconnect again [during Task.Delay]..
18:35:22.602238> WebSocket connected! Start @depth [Future] process...
18:37:15.668722> WebSocket [ConnectToDepthStream()] [future] error: Unable to read data from the transport connection: An existing connection was forcibly closed by the remote host.
18:37:20.710009> BinanceFuture - Vxxv1AWf[USD_M] Reconect to WebSocket #
18:37:20.711011> WebSocket [ConnectToDepthStream()] [Closed] [future] and reconnect again [during Task.Delay]..
18:37:21.854074> WebSocket connected! Start @depth [Future] process...
18:39:23.366045> WebSocket [ConnectToDepthStream()] [future] error: Unable to read data from the transport connection: An existing connection was forcibly closed by the remote host.
18:39:28.391334> BinanceFuture - Vxxv1AWf[USD_M] Reconect to WebSocket #
18:39:28.393333> WebSocket [ConnectToDepthStream()] [Closed] [future] and reconnect again [during Task.Delay]..
18:39:30.893473> WebSocket connected! Start @depth [Future] process...
18:41:22.364867> WebSocket [ConnectToDepthStream()] [future] error: Unable to read data from the transport connection: An existing connection was forcibly closed by the remote host.
18:41:28.470217> BinanceFuture - Vxxv1AWf[USD_M] Reconect to WebSocket #
18:41:28.533219> WebSocket [ConnectToDepthStream()] [Closed] [future] and reconnect again [during Task.Delay]..
18:41:30.430328> WebSocket connected! Start @depth [Future] process...
18:42:31.636837> WebSocket [ConnectToDepthStream()] [future] error: Unable to read data from the transport connection: An existing connection was forcibly closed by the remote host.
18:42:36.641124> BinanceFuture - Vxxv1AWf[USD_M] Reconect to WebSocket #
18:42:36.665125> WebSocket [ConnectToDepthStream()] [Closed] [future] and reconnect again [during Task.Delay]..
18:42:38.177213> WebSocket [SubscribeBookTickerStream()] [future] error: Received an unexpected EOF or 0 bytes from the transport stream.
18:42:38.313224> WebSocket connected! Start @depth [Future] process...
18:42:43.179499> BinanceFuture - Vxxv1AWf[USD_M] Reconect to WebSocket #
18:42:43.179499> WebSocket [SubscribeBookTickerStream()] [Closed] [future] and reconnect again [during Task.Delay]..
18:42:44.384028> WebSocket connected! Start @depth [Future] process...
18:44:45.142491> WebSocket [ConnectToDepthStream()] [future] error: Unable to read data from the transport connection: An established connection was aborted by the software in your host machine.
18:44:50.243788> BinanceFuture - Vxxv1AWf[USD_M] Reconect to WebSocket #
18:44:50.244786> WebSocket [ConnectToDepthStream()] [Closed] [future] and reconnect again [during Task.Delay]..
18:44:54.867051> WebSocket connected! Start @depth [Future] process...
18:46:30.945562> WebSocket [ConnectToDepthStream()] [future] error: Unable to read data from the transport connection: An existing connection was forcibly closed by the remote host.
18:46:36.003849> BinanceFuture - Vxxv1AWf[USD_M] Reconect to WebSocket #
18:46:36.004850> WebSocket [ConnectToDepthStream()] [Closed] [future] and reconnect again [during Task.Delay]..
18:46:37.431931> WebSocket connected! Start @depth [Future] process...
18:46:48.570570> BinanceFuture - Vxxv1AWf[USD_M] Reconect to WebSocket #
18:46:48.570570> WebSocket [ConnectToDepthStream()] [Closed] [future] and reconnect again [during Task.Delay]..
18:46:49.764638> WebSocket connected! Start @depth [Future] process...
18:47:37.817397> WebSocket [ConnectToDepthStream()] [future] error: Unable to read data from the transport connection: An existing connection was forcibly closed by the remote host.
18:47:42.949689> BinanceFuture - Vxxv1AWf[USD_M] Reconect to WebSocket #
18:47:42.950689> WebSocket [ConnectToDepthStream()] [Closed] [future] and reconnect again [during Task.Delay]..
18:47:44.805794> WebSocket connected! Start @depth [Future] process...
18:48:56.481905> WebSocket [ConnectToDepthStream()] [future] error: Unable to read data from the transport connection: An existing connection was forcibly closed by the remote host.
18:49:01.497191> BinanceFuture - Vxxv1AWf[USD_M] Reconect to WebSocket #
18:49:01.913216> WebSocket [ConnectToDepthStream()] [Closed] [future] and reconnect again [during Task.Delay]..
18:49:03.226289> WebSocket connected! Start @depth [Future] process...
18:49:23.465452> Unable to read data from the transport connection: An existing connection was forcibly closed by the remote host.
18:49:28.469739> BinanceFuture - Vxxv1AWf[USD_M] Reconect to WebSocket #
18:49:28.470739> WebSocket [SubscribeToAggTradeStream()] [Closed] [future] and reconnect again [with Task.Delay]..
18:49:29.789815> Lenta has started...Start SubscribeToAggTradeStream @aggTrade [future] process...
18:50:45.558159> WebSocket [ConnectToDepthStream()] [future] error: Unable to read data from the transport connection: An existing connection was forcibly closed by the remote host.
18:50:50.622448> BinanceFuture - Vxxv1AWf[USD_M] Reconect to WebSocket #
18:50:50.623450> WebSocket [ConnectToDepthStream()] [Closed] [future] and reconnect again [during Task.Delay]..
18:50:51.824518> WebSocket connected! Start @depth [Future] process...
18:51:05.222289> WebSocket [ConnectToDepthStream()] [future] error: Unable to read data from the transport connection: An existing connection was forcibly closed by the remote host.
18:51:10.369582> BinanceFuture - Vxxv1AWf[USD_M] Reconect to WebSocket #
18:51:10.369582> WebSocket [ConnectToDepthStream()] [Closed] [future] and reconnect again [during Task.Delay]..
18:51:11.773661> WebSocket connected! Start @depth [Future] process...
18:54:02.696849> WebSocket [ConnectToDepthStream()] [future] error: Unable to read data from the transport connection: An existing connection was forcibly closed by the remote host.
18:54:07.741139> BinanceFuture - Vxxv1AWf[USD_M] Reconect to WebSocket #
18:54:07.742139> WebSocket [ConnectToDepthStream()] [Closed] [future] and reconnect again [during Task.Delay]..
18:54:09.261233> WebSocket connected! Start @depth [Future] process...
18:55:13.666917> WebSocket [ConnectToDepthStream()] [future] error: Unable to read data from the transport connection: An existing connection was forcibly closed by the remote host.
18:55:18.686206> BinanceFuture - Vxxv1AWf[USD_M] Reconect to WebSocket #
18:55:18.686206> WebSocket [ConnectToDepthStream()] [Closed] [future] and reconnect again [during Task.Delay]..
18:55:20.104287> WebSocket connected! Start @depth [Future] process...
18:55:39.972426> WebSocket [ConnectToDepthStream()] [future] error: Unable to read data from the transport connection: An existing connection was forcibly closed by the remote host.
18:55:45.012717> BinanceFuture - Vxxv1AWf[USD_M] Reconect to WebSocket #
18:55:45.013716> WebSocket [ConnectToDepthStream()] [Closed] [future] and reconnect again [during Task.Delay]..
18:55:46.240785> WebSocket connected! Start @depth [Future] process...
18:56:07.074980> WebSocket [ConnectToDepthStream()] [future] error: Unable to read data from the transport connection: An existing connection was forcibly closed by the remote host.
18:56:12.127272> BinanceFuture - Vxxv1AWf[USD_M] Reconect to WebSocket #
18:56:12.127272> WebSocket [ConnectToDepthStream()] [Closed] [future] and reconnect again [during Task.Delay]..
18:56:13.191332> WebSocket connected! Start @depth [Future] process...
18:57:37.564174> WebSocket [ConnectToDepthStream()] [future] error: Unable to read data from the transport connection: An existing connection was forcibly closed by the remote host.
18:57:37.639173> WebSocket [ConnectToDepthStream()] [future] error: Unable to read data from the transport connection: An existing connection was forcibly closed by the remote host.
18:57:43.534511> BinanceFuture - Vxxv1AWf[USD_M] Reconect to WebSocket #
18:57:43.534511> WebSocket [ConnectToDepthStream()] [Closed] [future] and reconnect again [during Task.Delay]..
18:57:43.535512> BinanceFuture - Vxxv1AWf[USD_M] Reconect to WebSocket #
18:57:43.535512> WebSocket [ConnectToDepthStream()] [Closed] [future] and reconnect again [during Task.Delay]..
18:57:46.212665> WebSocket connected! Start @depth [Future] process...
18:57:46.279668> WebSocket connected! Start @depth [Future] process...
18:58:25.349427> WebSocket [ConnectToDepthStream()] [future] error: Unable to read data from the transport connection: An existing connection was forcibly closed by the remote host.
18:58:25.385427> WebSocket [ConnectToDepthStream()] [future] error: Unable to read data from the transport connection: An existing connection was forcibly closed by the remote host.
18:58:33.083870> BinanceFuture - Vxxv1AWf[USD_M] Reconect to WebSocket #
18:58:33.083870> WebSocket [ConnectToDepthStream()] [Closed] [future] and reconnect again [during Task.Delay]..
18:58:33.138870> Unable to read data from the transport connection: An existing connection was forcibly closed by the remote host.
18:58:33.139873> BinanceFuture - Vxxv1AWf[USD_M] Reconect to WebSocket #
18:58:33.399887> WebSocket [ConnectToDepthStream()] [Closed] [future] and reconnect again [during Task.Delay]..
18:58:38.503180> BinanceFuture - Vxxv1AWf[USD_M] Reconect to WebSocket #
18:58:38.504179> WebSocket [SubscribeToAggTradeStream()] [Closed] [future] and reconnect again [with Task.Delay]..
18:58:41.324340> WebSocket connected! Start @depth [Future] process...
18:58:41.324340> Lenta has started...Start SubscribeToAggTradeStream @aggTrade [future] process...
18:58:41.325343> WebSocket connected! Start @depth [Future] process...
18:58:46.838658> WebSocket [ConnectToDepthStream()] [future] error: Unable to read data from the transport connection: An existing connection was forcibly closed by the remote host.
18:58:47.030671> WebSocket [ConnectToDepthStream()] [future] error: Unable to read data from the transport connection: An existing connection was forcibly closed by the remote host.
19:01:55.402734> WebSocket [ConnectToDepthStream()] [future] error: Unable to read data from the transport connection: An existing connection was forcibly closed by the remote host.
19:01:55.448738> WebSocket [ConnectToDepthStream()] [future] error: Unable to read data from the transport connection: An existing connection was forcibly closed by the remote host.
19:02:00.439022> BinanceFuture - Vxxv1AWf[USD_M] Reconect to WebSocket #
19:02:00.440024> WebSocket [ConnectToDepthStream()] [Closed] [future] and reconnect again [during Task.Delay]..
19:02:00.473027> BinanceFuture - Vxxv1AWf[USD_M] Reconect to WebSocket #
19:02:00.473027> WebSocket [ConnectToDepthStream()] [Closed] [future] and reconnect again [during Task.Delay]..
19:02:01.766098> WebSocket connected! Start @depth [Future] process...
19:02:01.767100> WebSocket connected! Start @depth [Future] process...
19:05:01.859613> WebSocket [ConnectToDepthStream()] [future] error: Unable to write data to the transport connection: An existing connection was forcibly closed by the remote host.
19:05:01.861620> WebSocket [ConnectToDepthStream()] [future] error: A request to send or receive data was disallowed because the socket is not connected and (when sending on a datagram socket using a sendto call) no address was supplied
19:05:01.860621> WebSocket [ConnectToDepthStream()] [future] error: Unable to write data to the transport connection: An existing connection was forcibly closed by the remote host.
19:05:01.864615> WebSocket [ConnectToDepthStream()] [future] error: A request to send or receive data was disallowed because the socket is not connected and (when sending on a datagram socket using a sendto call) no address was supplied
19:05:06.867902> BinanceFuture - Vxxv1AWf[USD_M] Reconect to WebSocket #
19:05:06.868902> WebSocket [ConnectToDepthStream()] [Closed] [future] and reconnect again [during Task.Delay]..
19:05:06.869909> BinanceFuture - Vxxv1AWf[USD_M] Reconect to WebSocket #
19:05:06.869909> WebSocket [ConnectToDepthStream()] [Closed] [future] and reconnect again [during Task.Delay]..
19:05:07.981965> WebSocket connected! Start @depth [Future] process...
19:05:07.993965> WebSocket connected! Start @depth [Future] process...
19:08:08.317864> WebSocket [ConnectToDepthStream()] [future] error: Unable to write data to the transport connection: An existing connection was forcibly closed by the remote host.
19:08:08.318864> WebSocket [ConnectToDepthStream()] [future] error: A request to send or receive data was disallowed because the socket is not connected and (when sending on a datagram socket using a sendto call) no address was supplied
19:08:08.337864> WebSocket [ConnectToDepthStream()] [future] error: Unable to write data to the transport connection: An existing connection was forcibly closed by the remote host.
19:08:08.338864> WebSocket [ConnectToDepthStream()] [future] error: A request to send or receive data was disallowed because the socket is not connected and (when sending on a datagram socket using a sendto call) no address was supplied
19:08:14.680227> BinanceFuture - Vxxv1AWf[USD_M] Reconect to WebSocket #
19:08:14.680227> WebSocket [ConnectToDepthStream()] [Closed] [future] and reconnect again [during Task.Delay]..
19:08:14.696226> BinanceFuture - Vxxv1AWf[USD_M] Reconect to WebSocket #
19:08:15.157256> WebSocket [ConnectToDepthStream()] [Closed] [future] and reconnect again [during Task.Delay]..
19:08:19.006475> WebSocket connected! Start @depth [Future] process...
19:08:19.013475> WebSocket connected! Start @depth [Future] process...
19:10:37.557119> Unable to write data to the transport connection: An existing connection was forcibly closed by the remote host.
19:10:37.558121> A request to send or receive data was disallowed because the socket is not connected and (when sending on a datagram socket using a sendto call) no address was supplied
19:10:43.468458> BinanceFuture - Vxxv1AWf[USD_M] Reconect to WebSocket #
19:10:43.468458> WebSocket [SubscribeToAggTradeStream()] [Closed] [future] and reconnect again [with Task.Delay]..
19:10:52.241961> Lenta has started...Start SubscribeToAggTradeStream @aggTrade [future] process...
19:11:19.418518> WebSocket [ConnectToDepthStream()] [future] error: Unable to write data to the transport connection: An existing connection was forcibly closed by the remote host.
19:11:19.420519> WebSocket [ConnectToDepthStream()] [future] error: Unable to write data to the transport connection: An existing connection was forcibly closed by the remote host.
19:11:19.524524> WebSocket [ConnectToDepthStream()] [future] error: A request to send or receive data was disallowed because the socket is not connected and (when sending on a datagram socket using a sendto call) no address was supplied
19:11:20.802599> WebSocket [ConnectToDepthStream()] [future] error: A request to send or receive data was disallowed because the socket is not connected and (when sending on a datagram socket using a sendto call) no address was supplied
19:11:25.437863> BinanceFuture - Vxxv1AWf[USD_M] Reconect to WebSocket #
19:11:25.437863> WebSocket [ConnectToDepthStream()] [Closed] [future] and reconnect again [during Task.Delay]..
19:11:26.259909> BinanceFuture - Vxxv1AWf[USD_M] Reconect to WebSocket #
19:11:26.259909> WebSocket [ConnectToDepthStream()] [Closed] [future] and reconnect again [during Task.Delay]..
19:11:31.089189> WebSocket connected! Start @depth [Future] process...
19:11:31.089189> WebSocket connected! Start @depth [Future] process...
19:14:31.233984> WebSocket [ConnectToDepthStream()] [future] error: Unable to write data to the transport connection: An existing connection was forcibly closed by the remote host.
19:14:31.233984> WebSocket [ConnectToDepthStream()] [future] error: A request to send or receive data was disallowed because the socket is not connected and (when sending on a datagram socket using a sendto call) no address was supplied
19:14:31.235982> WebSocket [ConnectToDepthStream()] [future] error: Unable to write data to the transport connection: An existing connection was forcibly closed by the remote host.
19:14:31.235982> WebSocket [ConnectToDepthStream()] [future] error: A request to send or receive data was disallowed because the socket is not connected and (when sending on a datagram socket using a sendto call) no address was supplied
19:14:36.297272> BinanceFuture - Vxxv1AWf[USD_M] Reconect to WebSocket #
19:14:36.762299> WebSocket [ConnectToDepthStream()] [Closed] [future] and reconnect again [during Task.Delay]..
19:14:37.550343> BinanceFuture - Vxxv1AWf[USD_M] Reconect to WebSocket #
19:14:37.550343> WebSocket [ConnectToDepthStream()] [Closed] [future] and reconnect again [during Task.Delay]..
19:14:42.817645> WebSocket connected! Start @depth [Future] process...
19:14:42.829647> WebSocket connected! Start @depth [Future] process...
19:14:46.164838> Unable to write data to the transport connection: An existing connection was forcibly closed by the remote host.
19:14:46.206840> A request to send or receive data was disallowed because the socket is not connected and (when sending on a datagram socket using a sendto call) no address was supplied
19:14:51.748155> BinanceFuture - Vxxv1AWf[USD_M] Reconect to WebSocket #
19:14:51.757549> WebSocket [SubscribeToAggTradeStream()] [Closed] [future] and reconnect again [with Task.Delay]..
19:14:56.983458> Lenta has started...Start SubscribeToAggTradeStream @aggTrade [future] process...
19:15:53.900722> Unable to write data to the transport connection: An existing connection was forcibly closed by the remote host.
19:15:53.902730> A request to send or receive data was disallowed because the socket is not connected and (when sending on a datagram socket using a sendto call) no address was supplied
19:15:58.982013> BinanceFuture - Vxxv1AWf[USD_M] Reconect to WebSocket #
19:15:58.983013> WebSocket [SubscribeToAggTradeStream()] [Closed] [future] and reconnect again [with Task.Delay]..
19:16:04.156309> Lenta has started...Start SubscribeToAggTradeStream @aggTrade [future] process...
19:17:26.937054> WebSocket [ConnectToDepthStream()] [future] error: Unable to read data from the transport connection: An existing connection was forcibly closed by the remote host.
19:17:27.790104> WebSocket [ConnectToDepthStream()] [future] error: Unable to read data from the transport connection: An existing connection was forcibly closed by the remote host.
19:17:32.270359> BinanceFuture - Vxxv1AWf[USD_M] Reconect to WebSocket #
19:17:32.557376> WebSocket [ConnectToDepthStream()] [Closed] [future] and reconnect again [during Task.Delay]..
19:17:33.432428> BinanceFuture - Vxxv1AWf[USD_M] Reconect to WebSocket #
19:17:34.209471> WebSocket [ConnectToDepthStream()] [Closed] [future] and reconnect again [during Task.Delay]..
19:17:40.009806> WebSocket connected! Start @depth [Future] process...
19:17:43.751018> WebSocket connected! Start @depth [Future] process...
19:19:41.847791> BinanceFuture - Vxxv1AWf[USD_M] Reconect to WebSocket #
19:19:41.848791> WebSocket [ConnectToDepthStream()] [Closed] [future] and reconnect again [during Task.Delay]..
19:19:49.683241> WebSocket connected! Start @depth [Future] process...
19:21:42.323699> WebSocket [ConnectToDepthStream()] [future] error: Unable to read data from the transport connection: An existing connection was forcibly closed by the remote host.
19:21:47.525996> BinanceFuture - Vxxv1AWf[USD_M] Reconect to WebSocket #
19:21:47.525996> WebSocket [ConnectToDepthStream()] [Closed] [future] and reconnect again [during Task.Delay]..
19:21:49.673120> WebSocket connected! Start @depth [Future] process...
19:21:50.561176> WebSocket [ConnectToDepthStream()] [future] error: Unable to read data from the transport connection: An existing connection was forcibly closed by the remote host.
19:21:55.698465> BinanceFuture - Vxxv1AWf[USD_M] Reconect to WebSocket #
19:21:55.699465> WebSocket [ConnectToDepthStream()] [Closed] [future] and reconnect again [during Task.Delay]..
19:21:57.216553> WebSocket connected! Start @depth [Future] process...
19:25:06.126384> WebSocket [ConnectToDepthStream()] [future] error: Unable to read data from the transport connection: An existing connection was forcibly closed by the remote host.
19:25:06.211387> WebSocket [ConnectToDepthStream()] [future] error: Unable to read data from the transport connection: An existing connection was forcibly closed by the remote host.
19:25:11.630700> BinanceFuture - Vxxv1AWf[USD_M] Reconect to WebSocket #
19:25:11.631700> WebSocket [ConnectToDepthStream()] [Closed] [future] and reconnect again [during Task.Delay]..
19:25:11.631700> BinanceFuture - Vxxv1AWf[USD_M] Reconect to WebSocket #
19:25:11.631700> WebSocket [ConnectToDepthStream()] [Closed] [future] and reconnect again [during Task.Delay]..
19:25:17.338027> WebSocket connected! Start @depth [Future] process...
19:25:20.030182> WebSocket connected! Start @depth [Future] process...
19:27:17.918940> WebSocket [ConnectToDepthStream()] [future] error: Unable to read data from the transport connection: An established connection was aborted by the software in your host machine.
19:27:21.120124> WebSocket [ConnectToDepthStream()] [future] error: Unable to read data from the transport connection: An existing connection was forcibly closed by the remote host.
19:27:23.879280> BinanceFuture - Vxxv1AWf[USD_M] Reconect to WebSocket #
19:27:23.880283> WebSocket [ConnectToDepthStream()] [Closed] [future] and reconnect again [during Task.Delay]..
19:27:26.467430> BinanceFuture - Vxxv1AWf[USD_M] Reconect to WebSocket #
19:27:26.468431> WebSocket [ConnectToDepthStream()] [Closed] [future] and reconnect again [during Task.Delay]..
19:27:33.241818> WebSocket connected! Start @depth [Future] process...
19:27:34.366884> WebSocket connected! Start @depth [Future] process...
19:29:35.471827> WebSocket [ConnectToDepthStream()] [future] error: Unable to read data from the transport connection: An existing connection was forcibly closed by the remote host.
19:29:40.750131> BinanceFuture - Vxxv1AWf[USD_M] Reconect to WebSocket #
19:29:40.750131> WebSocket [ConnectToDepthStream()] [Closed] [future] and reconnect again [during Task.Delay]..
19:29:46.307449> WebSocket connected! Start @depth [Future] process...
19:32:36.416380> WebSocket [ConnectToDepthStream()] [future] error: Unable to read data from the transport connection: An existing connection was forcibly closed by the remote host.
19:32:41.552675> BinanceFuture - Vxxv1AWf[USD_M] Reconect to WebSocket #
19:32:41.553676> WebSocket [ConnectToDepthStream()] [Closed] [future] and reconnect again [during Task.Delay]..
19:32:48.419068> WebSocket connected! Start @depth [Future] process...
19:33:46.948425> WebSocket [ConnectToDepthStream()] [future] error: Unable to write data to the transport connection: An existing connection was forcibly closed by the remote host.
19:33:47.014429> WebSocket [ConnectToDepthStream()] [future] error: A request to send or receive data was disallowed because the socket is not connected and (when sending on a datagram socket using a sendto call) no address was supplied
19:33:53.210783> BinanceFuture - Vxxv1AWf[USD_M] Reconect to WebSocket #
19:33:53.210783> WebSocket [ConnectToDepthStream()] [Closed] [future] and reconnect again [during Task.Delay]..
19:33:57.698040> WebSocket connected! Start @depth [Future] process...
19:35:19.838903> WebSocket [ConnectToDepthStream()] [future] error: Unable to read data from the transport connection: An existing connection was forcibly closed by the remote host.
19:35:26.318199> BinanceFuture - Vxxv1AWf[USD_M] Reconect to WebSocket #
19:35:26.319201> WebSocket [ConnectToDepthStream()] [Closed] [future] and reconnect again [during Task.Delay]..
19:35:36.272774> WebSocket connected! Start @depth [Future] process...
19:36:46.950824> WebSocket [ConnectToDepthStream()] [future] error: Unable to read data from the transport connection: An existing connection was forcibly closed by the remote host.
19:36:52.298131> BinanceFuture - Vxxv1AWf[USD_M] Reconect to WebSocket #
19:36:52.298131> WebSocket [ConnectToDepthStream()] [Closed] [future] and reconnect again [during Task.Delay]..
19:37:02.469713> Unable to write data to the transport connection: An existing connection was forcibly closed by the remote host.
19:37:02.908741> WebSocket connected! Start @depth [Future] process...
19:37:08.350053> BinanceFuture - Vxxv1AWf[USD_M] Reconect to WebSocket #
19:37:08.350053> WebSocket [SubscribeToAggTradeStream()] [Closed] [future] and reconnect again [with Task.Delay]..
19:37:17.925601> Lenta has started...Start SubscribeToAggTradeStream @aggTrade [future] process...
19:38:18.815761> WebSocket [ConnectToDepthStream()] [future] error: Unable to read data from the transport connection: An existing connection was forcibly closed by the remote host.
19:38:24.827109> BinanceFuture - Vxxv1AWf[USD_M] Reconect to WebSocket #
19:38:24.828109> WebSocket [ConnectToDepthStream()] [Closed] [future] and reconnect again [during Task.Delay]..
19:38:30.997463> WebSocket connected! Start @depth [Future] process...
19:39:04.002353> WebSocket [ConnectToDepthStream()] [future] error: Unable to read data from the transport connection: An existing connection was forcibly closed by the remote host.
19:39:09.596674> BinanceFuture - Vxxv1AWf[USD_M] Reconect to WebSocket #
19:39:10.509725> WebSocket [ConnectToDepthStream()] [Closed] [future] and reconnect again [during Task.Delay]..
19:39:18.857208> WebSocket connected! Start @depth [Future] process...
19:40:28.524679> Unable to read data from the transport connection: An existing connection was forcibly closed by the remote host.
19:40:32.092881> WebSocket [ConnectToDepthStream()] [future] error: Unable to read data from the transport connection: An existing connection was forcibly closed by the remote host.
19:40:33.966988> BinanceFuture - Vxxv1AWf[USD_M] Reconect to WebSocket #
19:40:33.967989> WebSocket [SubscribeToAggTradeStream()] [Closed] [future] and reconnect again [with Task.Delay]..
19:40:37.818209> BinanceFuture - Vxxv1AWf[USD_M] Reconect to WebSocket #
19:40:37.819210> WebSocket [ConnectToDepthStream()] [Closed] [future] and reconnect again [during Task.Delay]..
19:40:43.825556> Lenta has started...Start SubscribeToAggTradeStream @aggTrade [future] process...
19:40:45.310641> WebSocket connected! Start @depth [Future] process...
19:41:19.810618> WebSocket [ConnectToDepthStream()] [future] error: Unable to read data from the transport connection: An existing connection was forcibly closed by the remote host.
19:41:25.615950> BinanceFuture - Vxxv1AWf[USD_M] Reconect to WebSocket #
19:41:25.615950> WebSocket [ConnectToDepthStream()] [Closed] [future] and reconnect again [during Task.Delay]..
19:41:31.980315> WebSocket connected! Start @depth [Future] process...
19:42:46.273575> WebSocket [ConnectToDepthStream()] [future] error: Unable to read data from the transport connection: An existing connection was forcibly closed by the remote host.
19:42:51.534878> BinanceFuture - Vxxv1AWf[USD_M] Reconect to WebSocket #
19:42:51.535878> WebSocket [ConnectToDepthStream()] [Closed] [future] and reconnect again [during Task.Delay]..
19:42:58.079253> WebSocket connected! Start @depth [Future] process...
19:43:32.632234> WebSocket [ConnectToDepthStream()] [future] error: Unable to read data from the transport connection: An existing connection was forcibly closed by the remote host.
19:43:37.953539> BinanceFuture - Vxxv1AWf[USD_M] Reconect to WebSocket #
19:43:38.271558> WebSocket [ConnectToDepthStream()] [Closed] [future] and reconnect again [during Task.Delay]..
19:43:41.188725> WebSocket connected! Start @depth [Future] process...
19:45:59.395651> WebSocket [ConnectToDepthStream()] [future] error: Unable to read data from the transport connection: An existing connection was forcibly closed by the remote host.
19:46:04.866961> BinanceFuture - Vxxv1AWf[USD_M] Reconect to WebSocket #
19:46:04.872963> WebSocket [ConnectToDepthStream()] [Closed] [future] and reconnect again [during Task.Delay]..
19:46:10.586292> WebSocket connected! Start @depth [Future] process...
19:48:10.960191> WebSocket [ConnectToDepthStream()] [future] error: Unable to read data from the transport connection: An existing connection was forcibly closed by the remote host.
19:48:16.233496> BinanceFuture - Vxxv1AWf[USD_M] Reconect to WebSocket #
19:48:16.233496> WebSocket [ConnectToDepthStream()] [Closed] [future] and reconnect again [during Task.Delay]..
19:48:27.992170> WebSocket connected! Start @depth [Future] process...
19:48:42.670010> WebSocket [ConnectToDepthStream()] [future] error: Unable to read data from the transport connection: An existing connection was forcibly closed by the remote host.
19:48:47.889310> BinanceFuture - Vxxv1AWf[USD_M] Reconect to WebSocket #
19:48:49.907425> WebSocket [ConnectToDepthStream()] [Closed] [future] and reconnect again [during Task.Delay]..
19:48:55.296734> WebSocket connected! Start @depth [Future] process...
