00:01:25.643965> Binance - Vxxv1AWf[SPOT] SPOT Balance: 0.00000000 USDT
00:01:26.504014> WebSocket connected! Start Partial @depth20 [SPOT] process...
00:01:26.505016> WebSocket connected! Start @bookTicker ...
00:01:26.506014> WebSocket connected! Start Partial @depth20 [Future] process...
00:01:26.506014> WebSocket connected! Start @bookTicker ...
00:01:26.506014> WebSocket connected! Start @depth [Future] process...
00:01:26.507015> Lenta has started...Start SubscribeToTradeStream @trade [{accType}] process...
00:01:26.507015> WebSocket connected! Start [SPOT] @depth@100ms process...
00:01:26.508016> Lenta has started...Start SubscribeToTradeStream @trade [{accType}] process...
00:01:26.513015> Lenta has started...Start SubscribeToAggTradeStream @aggTrade [future] process...
00:01:26.520021> WebSocket connected! Start Partial @depth20 [SPOT] process...
00:01:26.581018> WebSocket connected! Start @bookTicker [Future] process...
00:01:26.616021> WebSocket connected! Start [SPOT] @depth@100ms process...
00:01:26.845032> WebSocket connected! Start @bookTicker [Future] process...
00:01:26.846034> Lenta has started...Start SubscribeToAggTradeStream @aggTrade [future] process...
00:01:26.856035> WebSocket connected! Start Partial @depth20 [Future] process...
00:01:26.857035> WebSocket connected! Start @depth [Future] process...
00:01:26.900037> BinanceFuture - Vxxv1AWf[USD_M] USD_M Balance: 28.58403735 USDT
00:04:20.964045> WebSocket [SubscribeBookTickerStream()] [future] error: Unable to read data from the transport connection: An existing connection was forcibly closed by the remote host.
00:04:20.966045> WebSocket [SubscribeBookTickerStream()] [future] error: Unable to read data from the transport connection: An existing connection was forcibly closed by the remote host.
