14:27:37.978373> Lenta has started...Start SubscribeToAggTradeStream @aggTrade [future] process...
14:27:37.978373> WebSocket connected! Start Partial @depth20 [MARGIN] process...
14:27:37.981374> WebSocket connected! Start [MARGIN] @depth@100ms process...
14:27:37.981374> Lenta has started...Start SubscribeToTradeStream @trade [{accType}] process...
14:27:37.992376> WebSocket connected! Start Partial @depth20 [Future] process...
14:27:38.011376> WebSocket connected! Start @depth [Future] process...
14:27:38.034380> Binance - Vxxv1AWf[MARGIN] MARGIN Balance: 0.5219532 USDT
14:27:38.148389> Lenta has started...Start SubscribeToTradeStream @trade [{accType}] process...
14:27:38.155389> WebSocket connected! Start Partial @depth20 [MARGIN] process...
14:27:38.195392> WebSocket connected! Start [MARGIN] @depth@100ms process...
14:27:38.561080> WebSocket connected! Start @depth [Future] process...
14:27:38.572086> Lenta has started...Start SubscribeToAggTradeStream @aggTrade [future] process...
14:27:38.607092> WebSocket connected! Start Partial @depth20 [Future] process...
14:27:39.142108> BinanceFuture - Vxxv1AWf[USD_M] USD_M Balance: 0.66986043 USDT
14:46:50.741108> WebSocket [ConnectToDepthStream()] [future] error: Unable to read data from the transport connection: An existing connection was forcibly closed by the remote host.
14:46:51.393145> WebSocket [ConnectToDepthStream()] [Closed] [future] and reconnect again..
14:47:02.441788> BinanceFuture - Vxxv1AWf[USD_M] Reconect to WebSocket #
14:47:02.442780> WebSocket [ConnectToDepthStream()] [Closed] [future] and reconnect again [during Task.Delay]..
14:47:09.324175> WebSocket connected! Start @depth [Future] process...
14:47:09.763197> WebSocket connected! Start @depth [Future] process...
14:48:39.973935> WebSocket [ConnectToDepthStream()] [future] error: Unable to read data from the transport connection: An existing connection was forcibly closed by the remote host.
14:48:39.974935> WebSocket [ConnectToDepthStream()] [Closed] [future] and reconnect again..
14:48:45.707264> BinanceFuture - Vxxv1AWf[USD_M] Reconect to WebSocket #
14:48:45.707264> WebSocket [ConnectToDepthStream()] [Closed] [future] and reconnect again [during Task.Delay]..
14:48:55.847843> WebSocket connected! Start @depth [Future] process...
14:48:56.230865> WebSocket connected! Start @depth [Future] process...
14:51:02.674117> WebSocket [ConnectToDepthStream()] [future] error: Unable to read data from the transport connection: An existing connection was forcibly closed by the remote host.
14:51:02.687117> WebSocket [ConnectToDepthStream()] [Closed] [future] and reconnect again..
14:51:02.705117> WebSocket [ConnectToDepthStream()] [future] error: Unable to read data from the transport connection: An existing connection was forcibly closed by the remote host.
14:51:03.529165> WebSocket [ConnectToDepthStream()] [Closed] [future] and reconnect again..
14:51:08.512450> BinanceFuture - Vxxv1AWf[USD_M] Reconect to WebSocket #
14:51:08.513457> WebSocket [ConnectToDepthStream()] [Closed] [future] and reconnect again [during Task.Delay]..
14:51:08.544451> BinanceFuture - Vxxv1AWf[USD_M] Reconect to WebSocket #
14:51:08.544451> WebSocket [ConnectToDepthStream()] [Closed] [future] and reconnect again [during Task.Delay]..
14:51:19.356073> WebSocket connected! Start @depth [Future] process...
14:51:19.553084> WebSocket connected! Start @depth [Future] process...
14:51:20.121116> WebSocket connected! Start @depth [Future] process...
14:51:20.383133> WebSocket connected! Start @depth [Future] process...
