09:24:53.328843> Binance - Vxxv1AWf[SPOT] SPOT Balance: 0.00000000 USDT
09:24:53.419846> WebSocket connected! Start @bookTicker [Future] process...
09:24:53.420846> WebSocket connected! Start [SPOT] @depth@100ms process...
09:24:53.421847> Lenta has started...Start SubscribeToAggTradeStream @aggTrade [future] process...
09:24:53.421847> WebSocket connected! Start @depth [Future] process...
09:24:53.434845> (Closing... Elapsted: 33893434 ms.)
09:24:53.436847> BookTicker was closed by Custom!
09:24:53.437846> Lenta has started...Start SubscribeToTradeStream @trade [{accType}] process...
09:24:53.437846> WebSocket connected! Start Partial @depth20 [Future] process...
09:24:53.438846> WebSocket connected! Start Partial @depth20 [SPOT] process...
09:24:53.447847> WebSocket connected! Start @bookTicker ...
09:24:53.532851> (Closing... Elapsted: 33893532 ms.)
09:24:53.573854> MarketDepth was closed by Custom!
09:24:53.580854> WebSocket connected! Start @bookTicker ...
09:24:53.580854> WebSocket connected! Start [SPOT] @depth@100ms process...
09:24:53.592854> (Closing... Elapsted: 33893592 ms.)
09:24:53.596855> AggTrade was closed by Custom!
09:24:53.638857> WebSocket connected! Start Partial @depth20 [SPOT] process...
09:24:53.651858> Lenta has started...Start SubscribeToTradeStream @trade [{accType}] process...
09:24:53.986877> WebSocket connected! Start Partial @depth20 [Future] process...
09:24:54.014879> WebSocket connected! Start @bookTicker [Future] process...
09:24:54.511269> BinanceFuture - Vxxv1AWf[USD_M] USD_M Balance: 6.25838444 USDT
09:24:54.514271> WebSocket connected! Start @bookTicker [Future] process...
09:24:54.611284> WebSocket connected! Start @depth [Future] process...
09:24:54.736281> Lenta has started...Start SubscribeToAggTradeStream @aggTrade [future] process...
