10:39:32.715233> WebSocket connected! Start Partial @depth20 [MARGIN] process...
10:39:32.739234> WebSocket connected! Start @bookTicker ...
10:39:32.877238> Binance - Vxxv1AWf[MARGIN] MARGIN Balance: 0.54772892 USDT
10:39:33.111255> WebSocket connected! Start [MARGIN] @depth@100ms process...
10:39:33.119254> WebSocket connected! Start @bookTicker ...
10:39:33.124255> Lenta has started...Start SubscribeToAggTradeStream @aggTrade [future] process...
10:39:33.131287> WebSocket connected! Start Partial @depth20 [Future] process...
10:39:33.140255> WebSocket connected! Start [MARGIN] @depth@100ms process...
10:39:33.143256> Lenta has started...Start SubscribeToTradeStream @trade [{accType}] process...
10:39:33.143256> WebSocket connected! Start Partial @depth20 [MARGIN] process...
10:39:33.144257> WebSocket connected! Start @bookTicker [Future] process...
10:39:33.144257> WebSocket connected! Start @depth [Future] process...
10:39:33.145257> Lenta has started...Start SubscribeToTradeStream @trade [{accType}] process...
10:39:33.832295> WebSocket connected! Start @depth [Future] process...
10:39:33.833296> WebSocket connected! Start Partial @depth20 [Future] process...
10:39:33.838296> WebSocket connected! Start @bookTicker [Future] process...
10:39:33.839296> Lenta has started...Start SubscribeToAggTradeStream @aggTrade [future] process...
10:39:34.723346> BinanceFuture - Vxxv1AWf[USD_M] USD_M Balance: 0.66986043 USDT
12:56:43.432611> Error (on Error) SubscribeToTradeStreamAsync()[MARGIN]:
Unable to read data from the transport connection: An existing connection was forcibly closed by the remote host.
