17:03:02.249954> WebSocket connected! Start [MARGIN] @depth@100ms process...
17:03:02.251959> WebSocket connected! Start Partial @depth20 [Future] process...
17:03:02.254950> Lenta has started...Start SubscribeToTradeStream @trade [{accType}] process...
17:03:02.276962> WebSocket connected! Start @depth [Future] process...
17:03:02.300948> WebSocket connected! Start Partial @depth20 [MARGIN] process...
17:03:02.302948> Lenta has started...Start SubscribeToAggTradeStream @aggTrade [future] process...
17:03:02.431958> WebSocket connected! Start [MARGIN] @depth@100ms process...
17:03:02.441966> Lenta has started...Start SubscribeToTradeStream @trade [{accType}] process...
17:03:02.524961> Binance - Vxxv1AWf[MARGIN] MARGIN Balance: 0.53104078 USDT
17:03:02.531962> WebSocket connected! Start Partial @depth20 [MARGIN] process...
17:03:02.822978> WebSocket connected! Start Partial @depth20 [Future] process...
17:03:02.855979> Lenta has started...Start SubscribeToAggTradeStream @aggTrade [future] process...
17:03:02.904983> WebSocket connected! Start @depth [Future] process...
17:03:03.651890> BinanceFuture - Vxxv1AWf[USD_M] USD_M Balance: 0.66986043 USDT
17:05:31.751517> WebSocket [ConnectToDepthStream()] [future] error: Received an unexpected EOF or 0 bytes from the transport stream.
17:05:31.753519> WebSocket [ConnectToDepthStream()] [Closed] [future] and reconnect again..
17:05:33.021590> WebSocket connected! Start @depth [Future] process...
17:05:36.760808> BinanceFuture - Vxxv1AWf[USD_M] Reconect to WebSocket #
17:05:36.762804> WebSocket [ConnectToDepthStream()] [Closed] [future] and reconnect again [during Task.Delay]..
17:05:37.961873> WebSocket connected! Start @depth [Future] process...
17:06:03.716350> Unable to read data from the transport connection: An existing connection was forcibly closed by the remote host.
17:06:03.854358> WebSocket [ConnectToDepthStream()] [future] error: Unable to read data from the transport connection: An existing connection was forcibly closed by the remote host.
17:06:03.854358> WebSocket [ConnectToDepthStream()] [Closed] [future] and reconnect again..
17:06:03.962366> Unable to read data from the transport connection: An existing connection was forcibly closed by the remote host.
17:06:05.433448> WebSocket connected! Start @depth [Future] process...
17:06:05.849472> WebSocket [ConnectToDepthStream()] [Closed] [future] and reconnect again..
17:06:07.014540> WebSocket connected! Start @depth [Future] process...
17:06:08.817642> BinanceFuture - Vxxv1AWf[USD_M] Reconect to WebSocket #
17:06:08.818640> WebSocket [SubscribeToAggTradeStream()] [Closed] [future] and reconnect again [with Task.Delay]..
17:06:08.880648> BinanceFuture - Vxxv1AWf[USD_M] Reconect to WebSocket #
17:06:08.881646> WebSocket [ConnectToDepthStream()] [Closed] [future] and reconnect again [during Task.Delay]..
17:06:08.975653> BinanceFuture - Vxxv1AWf[USD_M] Reconect to WebSocket #
17:06:08.976652> WebSocket [SubscribeToAggTradeStream()] [Closed] [future] and reconnect again [with Task.Delay]..
17:06:10.142718> WebSocket connected! Start @depth [Future] process...
17:06:10.183722> Lenta has started...Start SubscribeToAggTradeStream @aggTrade [future] process...
17:06:10.248723> Lenta has started...Start SubscribeToAggTradeStream @aggTrade [future] process...
17:06:10.884762> BinanceFuture - Vxxv1AWf[USD_M] Reconect to WebSocket #
17:06:10.885762> WebSocket [ConnectToDepthStream()] [Closed] [future] and reconnect again [during Task.Delay]..
17:06:12.433850> WebSocket connected! Start @depth [Future] process...
17:06:35.373164> WebSocket [ConnectToDepthStream()] [future] error: Unable to read data from the transport connection: An existing connection was forcibly closed by the remote host.
17:06:35.374168> WebSocket [ConnectToDepthStream()] [Closed] [future] and reconnect again..
17:06:36.995257> WebSocket connected! Start @depth [Future] process...
17:07:14.716423> Unable to read data from the transport connection: An existing connection was forcibly closed by the remote host.
17:07:19.860714> BinanceFuture - Vxxv1AWf[USD_M] Reconect to WebSocket #
17:07:19.861717> WebSocket [SubscribeToAggTradeStream()] [Closed] [future] and reconnect again [with Task.Delay]..
17:07:21.350800> Lenta has started...Start SubscribeToAggTradeStream @aggTrade [future] process...
17:07:55.199741> WebSocket [ConnectToDepthStream()] [Closed] [future] and reconnect again..
17:07:56.329812> WebSocket [ConnectToDepthStream()] [Closed] [future] and reconnect again..
17:07:56.346808> WebSocket [ConnectToDepthStream()] [Closed] [future] and reconnect again..
17:07:57.379866> WebSocket [ConnectToDepthStream()] [future] error: Received an unexpected EOF or 0 bytes from the transport stream.
17:07:57.402868> WebSocket [ConnectToDepthStream()] [Closed] [future] and reconnect again..
17:07:57.763890> WebSocket [ConnectToDepthStream()] [future] error: Received an unexpected EOF or 0 bytes from the transport stream.
17:07:57.765890> WebSocket [ConnectToDepthStream()] [Closed] [future] and reconnect again..
17:07:57.826893> WebSocket connected! Start @depth [Future] process...
17:07:58.403925> WebSocket connected! Start @depth [Future] process...
17:07:58.404926> WebSocket connected! Start @depth [Future] process...
17:07:58.760947> WebSocket connected! Start @depth [Future] process...
17:07:59.082967> WebSocket connected! Start @depth [Future] process...
17:08:00.242032> BinanceFuture - Vxxv1AWf[USD_M] Reconect to WebSocket #
17:08:00.247032> WebSocket [ConnectToDepthStream()] [Closed] [future] and reconnect again [during Task.Delay]..
17:08:01.401103> BinanceFuture - Vxxv1AWf[USD_M] Reconect to WebSocket #
17:08:01.401103> BinanceFuture - Vxxv1AWf[USD_M] Reconect to WebSocket #
17:08:01.406098> WebSocket [ConnectToDepthStream()] [Closed] [future] and reconnect again [during Task.Delay]..
17:08:01.447101> WebSocket [ConnectToDepthStream()] [Closed] [future] and reconnect again [during Task.Delay]..
17:08:01.791121> WebSocket connected! Start @depth [Future] process...
17:08:02.410155> BinanceFuture - Vxxv1AWf[USD_M] Reconect to WebSocket #
17:08:02.410155> WebSocket [ConnectToDepthStream()] [Closed] [future] and reconnect again [during Task.Delay]..
17:08:03.185200> WebSocket connected! Start @depth [Future] process...
17:08:03.518219> WebSocket connected! Start @depth [Future] process...
17:08:04.338266> WebSocket connected! Start @depth [Future] process...
17:08:10.558622> Unable to read data from the transport connection: An existing connection was forcibly closed by the remote host.
