15:37:34.138153> WebSocket connected! Start @bookTicker [Future] process...
15:37:34.138153> Lenta has started...Start SubscribeToAggTradeStream @aggTrade [future] process...
15:37:34.141156> WebSocket connected! Start @bookTicker ...
15:37:34.142154> WebSocket connected! Start [SPOT] @depth@100ms process...
15:37:34.146163> WebSocket connected! Start @depth [Future] process...
15:37:34.150154> WebSocket connected! Start Partial @depth20 [SPOT] process...
15:37:34.150154> WebSocket connected! Start Partial @depth20 [Future] process...
15:37:34.165156> Lenta has started...Start SubscribeToTradeStream @trade [{accType}] process...
15:37:34.231159> WebSocket connected! Start @bookTicker ...
15:37:34.255163> Binance - Vxxv1AWf[SPOT] SPOT Balance: 0.00000000 USDT
15:37:34.256161> WebSocket connected! Start Partial @depth20 [SPOT] process...
15:37:34.256161> Lenta has started...Start SubscribeToTradeStream @trade [{accType}] process...
15:37:34.267175> WebSocket connected! Start [SPOT] @depth@100ms process...
15:37:34.434172> WebSocket connected! Start @bookTicker [Future] process...
15:37:34.692198> Lenta has started...Start SubscribeToAggTradeStream @aggTrade [future] process...
15:37:34.697186> WebSocket connected! Start Partial @depth20 [Future] process...
15:37:34.700190> WebSocket connected! Start @depth [Future] process...
15:37:35.318220> BinanceFuture - Vxxv1AWf[USD_M] USD_M Balance: 0.00271518 USDT
15:45:16.552289> BinanceFuture - Vxxv1AWf[USD_M] Reconect SubscribeBookTickerStream WebSocket #
15:45:16.553245> WebSocket [SubscribeBookTickerStream()] [Closed] [future] and reconnect again [during Task.Delay]..
15:45:17.601351> WebSocket connected! Start @bookTicker [Future] process...
15:45:19.831137> BinanceFuture - Vxxv1AWf[USD_M] Reconect SubscribeBookTickerStream WebSocket #
15:45:19.832140> WebSocket [SubscribeBookTickerStream()] [Closed] [future] and reconnect again [during Task.Delay]..
15:45:20.680189> WebSocket connected! Start @bookTicker [Future] process...
15:46:46.571436> BinanceFuture - Vxxv1AWf[USD_M] Reconect SubscribeBookTickerStream WebSocket #
15:46:46.571436> WebSocket [SubscribeBookTickerStream()] [Closed] [future] and reconnect again [during Task.Delay]..
15:46:47.883108> WebSocket connected! Start @bookTicker [Future] process...
15:47:37.263938> BinanceFuture - Vxxv1AWf[USD_M] Reconect SubscribeBookTickerStream WebSocket #
15:47:37.264941> WebSocket [SubscribeBookTickerStream()] [Closed] [future] and reconnect again [during Task.Delay]..
15:47:38.079987> WebSocket connected! Start @bookTicker [Future] process...
15:47:52.937839> BinanceFuture - Vxxv1AWf[USD_M] Reconect SubscribeBookTickerStream WebSocket #
15:47:52.938840> WebSocket [SubscribeBookTickerStream()] [Closed] [future] and reconnect again [during Task.Delay]..
15:47:54.713942> WebSocket connected! Start @bookTicker [Future] process...
15:48:33.719692> BinanceFuture - Vxxv1AWf[USD_M] Reconect SubscribeBookTickerStream WebSocket #
15:48:33.719692> WebSocket [SubscribeBookTickerStream()] [Closed] [future] and reconnect again [during Task.Delay]..
15:48:35.221744> WebSocket connected! Start @bookTicker [Future] process...
15:48:35.340725> BinanceFuture - Vxxv1AWf[USD_M] Reconect SubscribeBookTickerStream WebSocket #
15:48:35.340725> WebSocket [SubscribeBookTickerStream()] [Closed] [future] and reconnect again [during Task.Delay]..
15:48:36.730805> WebSocket connected! Start @bookTicker [Future] process...
16:18:11.644894> BinanceFuture - Vxxv1AWf[USD_M] Reconect SubscribeBookTickerStream WebSocket #
16:18:11.645892> WebSocket [SubscribeBookTickerStream()] [Closed] [future] and reconnect again [during Task.Delay]..
16:18:13.114659> WebSocket connected! Start @bookTicker [Future] process...
16:19:33.230252> BinanceFuture - Vxxv1AWf[USD_M] Reconect SubscribeBookTickerStream WebSocket #
16:19:33.230252> WebSocket [SubscribeBookTickerStream()] [Closed] [future] and reconnect again [during Task.Delay]..
16:19:34.295318> WebSocket connected! Start @bookTicker [Future] process...
16:22:04.050487> BinanceFuture - Vxxv1AWf[USD_M] Reconect SubscribeBookTickerStream WebSocket #
16:22:04.059505> WebSocket [SubscribeBookTickerStream()] [Closed] [future] and reconnect again [during Task.Delay]..
16:22:09.203795> WebSocket connected! Start @bookTicker [Future] process...
16:23:09.262229> BinanceFuture - Vxxv1AWf[USD_M] Reconect SubscribeBookTickerStream WebSocket #
16:23:09.282240> WebSocket [SubscribeBookTickerStream()] [Closed] [future] and reconnect again [during Task.Delay]..
16:23:13.861486> WebSocket connected! Start @bookTicker [Future] process...
16:24:08.227604> BinanceFuture - Vxxv1AWf[USD_M] Reconect SubscribeBookTickerStream WebSocket #
16:24:08.869653> WebSocket [SubscribeBookTickerStream()] [Closed] [future] and reconnect again [during Task.Delay]..
16:24:13.972934> WebSocket connected! Start @bookTicker [Future] process...
16:25:11.474232> BinanceFuture - Vxxv1AWf[USD_M] Reconect SubscribeBookTickerStream WebSocket #
16:25:11.475232> WebSocket [SubscribeBookTickerStream()] [Closed] [future] and reconnect again [during Task.Delay]..
16:25:12.594295> WebSocket connected! Start @bookTicker [Future] process...
16:31:59.519921> BinanceFuture - Vxxv1AWf[USD_M] Reconect SubscribeBookTickerStream WebSocket #
16:31:59.520919> WebSocket [SubscribeBookTickerStream()] [Closed] [future] and reconnect again [during Task.Delay]..
16:32:00.613980> WebSocket connected! Start @bookTicker [Future] process...
16:34:45.917708> BinanceFuture - Vxxv1AWf[USD_M] Reconect SubscribeBookTickerStream WebSocket #
16:34:45.918697> WebSocket [SubscribeBookTickerStream()] [Closed] [future] and reconnect again [during Task.Delay]..
16:34:47.473788> WebSocket connected! Start @bookTicker [Future] process...
16:35:48.128264> BinanceFuture - Vxxv1AWf[USD_M] Reconect SubscribeBookTickerStream WebSocket #
16:35:48.131262> WebSocket [SubscribeBookTickerStream()] [Closed] [future] and reconnect again [during Task.Delay]..
16:35:49.575346> WebSocket connected! Start @bookTicker [Future] process...
16:37:02.099511> BinanceFuture - Vxxv1AWf[USD_M] Reconect SubscribeBookTickerStream WebSocket #
16:37:02.338519> WebSocket [SubscribeBookTickerStream()] [Closed] [future] and reconnect again [during Task.Delay]..
16:37:05.752713> WebSocket connected! Start @bookTicker [Future] process...
16:38:39.974115> BinanceFuture - Vxxv1AWf[USD_M] Reconect SubscribeBookTickerStream WebSocket #
16:38:39.980118> WebSocket [SubscribeBookTickerStream()] [Closed] [future] and reconnect again [during Task.Delay]..
16:38:43.469317> WebSocket connected! Start @bookTicker [Future] process...
16:39:36.549358> BinanceFuture - Vxxv1AWf[USD_M] Reconect SubscribeBookTickerStream WebSocket #
16:39:36.550360> WebSocket [SubscribeBookTickerStream()] [Closed] [future] and reconnect again [during Task.Delay]..
16:39:42.223685> WebSocket connected! Start @bookTicker [Future] process...
16:40:33.620644> BinanceFuture - Vxxv1AWf[USD_M] Reconect SubscribeBookTickerStream WebSocket #
16:40:33.628635> WebSocket [SubscribeBookTickerStream()] [Closed] [future] and reconnect again [during Task.Delay]..
16:40:38.991942> WebSocket connected! Start @bookTicker [Future] process...
16:42:18.337819> BinanceFuture - Vxxv1AWf[USD_M] Reconect SubscribeBookTickerStream WebSocket #
16:42:18.339803> WebSocket [SubscribeBookTickerStream()] [Closed] [future] and reconnect again [during Task.Delay]..
16:42:25.341202> WebSocket connected! Start @bookTicker [Future] process...
16:44:56.696888> BinanceFuture - Vxxv1AWf[USD_M] Reconect SubscribeBookTickerStream WebSocket #
16:44:56.697882> WebSocket [SubscribeBookTickerStream()] [Closed] [future] and reconnect again [during Task.Delay]..
16:44:58.925013> WebSocket connected! Start @bookTicker [Future] process...
16:46:35.214572> BinanceFuture - Vxxv1AWf[USD_M] Reconect SubscribeBookTickerStream WebSocket #
16:46:35.217540> WebSocket [SubscribeBookTickerStream()] [Closed] [future] and reconnect again [during Task.Delay]..
16:46:39.827796> WebSocket connected! Start @bookTicker [Future] process...
16:47:13.745739> WebSocket [ConnectToDepthStream()] [future] error: Received an unexpected EOF or 0 bytes from the transport stream.
16:47:18.979040> BinanceFuture - Vxxv1AWf[USD_M] Reconect ConnectToDepthStream() to WebSocket #
16:47:19.045045> WebSocket [ConnectToDepthStream()] [Closed] [future] and reconnect again [during Task.Delay]..
16:47:22.789261> BinanceFuture - Vxxv1AWf[USD_M] Reconect ConnectToDepthStream() to WebSocket #
16:47:22.789261> WebSocket [ConnectToDepthStream()] [Closed] [future] and reconnect again [during Task.Delay]..
16:47:33.623881> WebSocket connected! Start @depth [Future] process...
16:47:34.553931> WebSocket connected! Start @depth [Future] process...
16:49:59.827263> WebSocket [SubscribeBookTickerStream()] [future] error: Unable to read data from the transport connection: An existing connection was forcibly closed by the remote host.
16:50:04.938555> BinanceFuture - Vxxv1AWf[USD_M] Reconect SubscribeBookTickerStream WebSocket #
16:50:06.004633> WebSocket [SubscribeBookTickerStream()] [Closed] [future] and reconnect again [during Task.Delay]..
16:50:11.028913> WebSocket connected! Start @bookTicker [Future] process...
