15:35:33.551613> Lenta has started...Start SubscribeToAggTradeStream @aggTrade [future] process...
15:35:33.552615> WebSocket connected! Start Partial @depth20 [SPOT] process...
15:35:33.553614> WebSocket connected! Start @bookTicker ...
15:35:33.556616> WebSocket connected! Start @depth [Future] process...
15:35:33.573617> WebSocket connected! Start Partial @depth20 [Future] process...
15:35:33.586616> WebSocket connected! Start @bookTicker [Future] process...
15:35:33.595617> Lenta has started...Start SubscribeToTradeStream @trade [{accType}] process...
15:35:33.613617> WebSocket connected! Start [SPOT] @depth@100ms process...
15:35:33.636620> Binance - Vxxv1AWf[SPOT] SPOT Balance: 0.00000000 USDT
15:35:33.711623> WebSocket connected! Start @bookTicker ...
15:35:33.713624> WebSocket connected! Start Partial @depth20 [SPOT] process...
15:35:33.714627> WebSocket connected! Start [SPOT] @depth@100ms process...
15:35:33.715624> Lenta has started...Start SubscribeToTradeStream @trade [{accType}] process...
15:35:34.142648> WebSocket connected! Start Partial @depth20 [Future] process...
15:35:34.182653> Lenta has started...Start SubscribeToAggTradeStream @aggTrade [future] process...
15:35:34.237655> WebSocket connected! Start @depth [Future] process...
15:35:34.254663> WebSocket connected! Start @bookTicker [Future] process...
15:35:35.357842> BinanceFuture - Vxxv1AWf[USD_M] USD_M Balance: 3.31060251 USDT
15:36:18.187813> BinanceFuture - Vxxv1AWf[USD_M] Reconect to WebSocket #
15:36:18.190813> WebSocket [SubscribeBookTickerStream()] [Closed] [future] and reconnect again [during Task.Delay]..
15:36:19.242886> WebSocket connected! Start @depth [Future] process...
15:37:34.935214> WebSocket [SubscribeBookTickerStream()] [future] error: Unable to read data from the transport connection: An existing connection was forcibly closed by the remote host.
15:37:40.094508> BinanceFuture - Vxxv1AWf[USD_M] Reconect to WebSocket #
15:37:40.112510> WebSocket [SubscribeBookTickerStream()] [Closed] [future] and reconnect again [during Task.Delay]..
15:37:43.214687> WebSocket connected! Start @depth [Future] process...
