15:06:04.037472> WebSocket connected! Start @depth [Future] process...
15:06:04.037472> WebSocket connected! Start @bookTicker ...
15:06:04.037472> WebSocket connected! Start Partial @depth20 [SPOT] process...
15:06:04.044473> WebSocket connected! Start @bookTicker [Future] process...
15:06:04.050472> WebSocket connected! Start Partial @depth20 [Future] process...
15:06:04.132476> Binance - Vxxv1AWf[SPOT] SPOT Balance: 0.00000000 USDT
15:06:04.164478> WebSocket connected! Start @bookTicker ...
15:06:04.173488> WebSocket connected! Start [SPOT] @depth@100ms process...
15:06:04.396492> WebSocket connected! Start [SPOT] @depth@100ms process...
15:06:04.472495> Lenta has started...Start SubscribeToTradeStream @trade [{accType}] process...
15:06:04.860890> WebSocket connected! Start Partial @depth20 [SPOT] process...
15:06:05.366481> WebSocket connected! Start @depth [Future] process...
15:06:05.395482> Lenta has started...Start SubscribeToAggTradeStream @aggTrade [future] process...
15:06:06.090690> WebSocket connected! Start @bookTicker [Future] process...
15:06:06.895073> WebSocket connected! Start Partial @depth20 [Future] process...
15:06:08.068700> Lenta has started...Start SubscribeToTradeStream @trade [{accType}] process...
15:06:10.220254> Lenta has started...Start SubscribeToAggTradeStream @aggTrade [future] process...
15:06:13.489884> BinanceFuture - Vxxv1AWf[USD_M] USD_M Balance: 0.07599264 USDT
15:07:10.042421> BinanceFuture - Vxxv1AWf[USD_M] Reconect to WebSocket #
15:07:10.044335> WebSocket [SubscribeBookTickerStream()] [Closed] [future] and reconnect again [during Task.Delay]..
15:07:14.886603> WebSocket connected! Start @depth [Future] process...
15:08:09.065886> BinanceFuture - Vxxv1AWf[USD_M] Reconect to WebSocket #
15:08:09.066886> WebSocket [SubscribeBookTickerStream()] [Closed] [future] and reconnect again [during Task.Delay]..
15:08:10.110944> WebSocket connected! Start @depth [Future] process...
15:12:52.625826> BinanceFuture - Vxxv1AWf[USD_M] Reconect to WebSocket #
15:12:52.626837> WebSocket [ConnectToDepthStream()] [Closed] [future] and reconnect again [during Task.Delay]..
15:12:54.004911> WebSocket connected! Start @depth [Future] process...
15:15:43.956213> BinanceFuture - Vxxv1AWf[USD_M] Reconect to WebSocket #
15:15:43.956213> WebSocket [ConnectToDepthStream()] [Closed] [future] and reconnect again [during Task.Delay]..
15:15:46.018337> WebSocket connected! Start @depth [Future] process...
15:15:58.725445> BinanceFuture - Vxxv1AWf[USD_M] Reconect to WebSocket #
15:15:58.725445> WebSocket [ConnectToDepthStream()] [Closed] [future] and reconnect again [during Task.Delay]..
15:16:00.090524> WebSocket connected! Start @depth [Future] process...
15:19:07.284577> BinanceFuture - Vxxv1AWf[USD_M] Reconect to WebSocket #
15:19:07.285586> WebSocket [ConnectToDepthStream()] [Closed] [future] and reconnect again [during Task.Delay]..
15:19:10.592766> WebSocket connected! Start @depth [Future] process...
15:19:15.863069> BinanceFuture - Vxxv1AWf[USD_M] Reconect to WebSocket #
15:19:15.868069> WebSocket [ConnectToDepthStream()] [Closed] [future] and reconnect again [during Task.Delay]..
15:19:21.208377> WebSocket connected! Start @depth [Future] process...
