10:32:06.387975> Binance - Vxxv1AWf[SPOT] SPOT Balance: 0.00000000 USDT
10:32:06.978013> WebSocket connected! Start @bookTicker ...
10:32:06.979012> WebSocket connected! Start Partial @depth20 [SPOT] process...
10:32:06.979012> WebSocket connected! Start @depth [Future] process...
10:32:06.980014> WebSocket connected! Start Partial @depth20 [Future] process...
10:32:06.980014> WebSocket connected! Start [SPOT] @depth@100ms process...
10:32:06.981012> Lenta has started...Start SubscribeToTradeStream @trade [{accType}] process...
10:32:06.981012> WebSocket connected! Start Partial @depth20 [SPOT] process...
10:32:06.982013> Lenta has started...Start SubscribeToAggTradeStream @aggTrade [future] process...
10:32:06.982013> WebSocket connected! Start @bookTicker ...
10:32:06.983012> Lenta has started...Start SubscribeToTradeStream @trade [{accType}] process...
10:32:06.983012> WebSocket connected! Start [SPOT] @depth@100ms process...
10:32:07.000013> WebSocket connected! Start @bookTicker [Future] process...
10:32:07.430038> WebSocket connected! Start @depth [Future] process...
10:32:07.430038> Lenta has started...Start SubscribeToAggTradeStream @aggTrade [future] process...
10:32:07.478042> BinanceFuture - Vxxv1AWf[USD_M] USD_M Balance: 6.25838444 USDT
10:32:07.747055> WebSocket connected! Start Partial @depth20 [Future] process...
10:32:07.776057> WebSocket connected! Start @bookTicker [Future] process...
10:36:07.852655> WebSocket [ConnectToDepthStream()] [future] error: Unable to read data from the transport connection: An existing connection was forcibly closed by the remote host.
10:36:12.920954> BinanceFuture - Vxxv1AWf[USD_M] Reconect to WebSocket #
10:36:12.984961> WebSocket [ConnectToDepthStream()] [Closed] [future] and reconnect again [during Task.Delay]..
10:36:14.375029> WebSocket connected! Start @depth [Future] process...
10:37:10.383240> WebSocket [ConnectToDepthStream()] [future] error: Unable to read data from the transport connection: An existing connection was forcibly closed by the remote host.
10:37:14.959503> WebSocket [ConnectToDepthStream()] [future] error: Unable to read data from the transport connection: An existing connection was forcibly closed by the remote host.
10:37:15.598539> BinanceFuture - Vxxv1AWf[USD_M] Reconect to WebSocket #
10:37:15.599540> WebSocket [ConnectToDepthStream()] [Closed] [future] and reconnect again [during Task.Delay]..
10:37:17.419645> WebSocket connected! Start @depth [Future] process...
10:37:20.108805> BinanceFuture - Vxxv1AWf[USD_M] Reconect to WebSocket #
10:37:20.109799> WebSocket [ConnectToDepthStream()] [Closed] [future] and reconnect again [during Task.Delay]..
10:37:21.758895> WebSocket connected! Start @depth [Future] process...
10:38:08.419566> Unable to read data from the transport connection: An existing connection was forcibly closed by the remote host.
10:38:09.417626> Unable to read data from the transport connection: An existing connection was forcibly closed by the remote host.
10:38:13.442856> BinanceFuture - Vxxv1AWf[USD_M] Reconect to WebSocket #
10:38:13.443857> WebSocket [SubscribeToAggTradeStream()] [Closed] [future] and reconnect again [with Task.Delay]..
10:38:14.453916> BinanceFuture - Vxxv1AWf[USD_M] Reconect to WebSocket #
10:38:14.453916> WebSocket [SubscribeToAggTradeStream()] [Closed] [future] and reconnect again [with Task.Delay]..
10:38:15.041949> Lenta has started...Start SubscribeToAggTradeStream @aggTrade [future] process...
10:38:16.097009> Lenta has started...Start SubscribeToAggTradeStream @aggTrade [future] process...
10:38:20.211248> BinanceFuture - Vxxv1AWf[USD_M] Reconect to WebSocket #
10:38:20.287252> WebSocket [ConnectToDepthStream()] [Closed] [future] and reconnect again [during Task.Delay]..
10:38:21.664328> WebSocket connected! Start @depth [Future] process...
10:39:18.169566> Ask error : The given key was not present in the dictionary.
10:39:19.232630> WebSocket [ConnectToDepthStream()] [future] error: Unable to read data from the transport connection: An existing connection was forcibly closed by the remote host.
10:39:22.123795> WebSocket [ConnectToDepthStream()] [future] error: Unable to read data from the transport connection: An existing connection was forcibly closed by the remote host.
10:39:24.237918> BinanceFuture - Vxxv1AWf[USD_M] Reconect to WebSocket #
10:39:24.238918> WebSocket [ConnectToDepthStream()] [Closed] [future] and reconnect again [during Task.Delay]..
10:39:25.778004> WebSocket connected! Start @depth [Future] process...
10:39:27.183083> BinanceFuture - Vxxv1AWf[USD_M] Reconect to WebSocket #
10:39:27.183083> WebSocket [ConnectToDepthStream()] [Closed] [future] and reconnect again [during Task.Delay]..
10:39:28.379153> WebSocket connected! Start @depth [Future] process...
10:41:26.846947> WebSocket [ConnectToDepthStream()] [future] error: Unable to read data from the transport connection: An existing connection was forcibly closed by the remote host.
10:41:28.658047> WebSocket [ConnectToDepthStream()] [future] error: Unable to read data from the transport connection: An existing connection was forcibly closed by the remote host.
10:41:32.203251> BinanceFuture - Vxxv1AWf[USD_M] Reconect to WebSocket #
10:41:32.232252> WebSocket [ConnectToDepthStream()] [Closed] [future] and reconnect again [during Task.Delay]..
10:41:33.741344> BinanceFuture - Vxxv1AWf[USD_M] Reconect to WebSocket #
10:41:33.780343> WebSocket [ConnectToDepthStream()] [Closed] [future] and reconnect again [during Task.Delay]..
10:41:33.853348> WebSocket connected! Start @depth [Future] process...
10:41:35.212424> WebSocket connected! Start @depth [Future] process...
10:42:36.634946> WebSocket [ConnectToDepthStream()] [future] error: Unable to read data from the transport connection: An existing connection was forcibly closed by the remote host.
10:42:41.795243> BinanceFuture - Vxxv1AWf[USD_M] Reconect to WebSocket #
10:42:41.795243> WebSocket [ConnectToDepthStream()] [Closed] [future] and reconnect again [during Task.Delay]..
10:42:43.521344> WebSocket connected! Start @depth [Future] process...
10:43:34.652275> WebSocket [ConnectToDepthStream()] [future] error: Unable to read data from the transport connection: An existing connection was forcibly closed by the remote host.
10:43:39.733565> BinanceFuture - Vxxv1AWf[USD_M] Reconect to WebSocket #
10:43:39.734567> WebSocket [ConnectToDepthStream()] [Closed] [future] and reconnect again [during Task.Delay]..
10:43:40.873628> WebSocket connected! Start @depth [Future] process...
10:44:44.496286> WebSocket [ConnectToDepthStream()] [future] error: Unable to read data from the transport connection: An existing connection was forcibly closed by the remote host.
10:44:49.576569> BinanceFuture - Vxxv1AWf[USD_M] Reconect to WebSocket #
10:44:49.584568> WebSocket [ConnectToDepthStream()] [Closed] [future] and reconnect again [during Task.Delay]..
10:44:51.073656> WebSocket connected! Start @depth [Future] process...
10:46:48.857411> WebSocket [ConnectToDepthStream()] [future] error: Unable to read data from the transport connection: An existing connection was forcibly closed by the remote host.
10:46:51.636568> WebSocket [ConnectToDepthStream()] [future] error: Unable to read data from the transport connection: An existing connection was forcibly closed by the remote host.
10:46:53.955700> BinanceFuture - Vxxv1AWf[USD_M] Reconect to WebSocket #
10:46:53.956701> WebSocket [ConnectToDepthStream()] [Closed] [future] and reconnect again [during Task.Delay]..
10:46:55.234776> WebSocket connected! Start @depth [Future] process...
10:46:56.677857> BinanceFuture - Vxxv1AWf[USD_M] Reconect to WebSocket #
10:46:56.678856> WebSocket [ConnectToDepthStream()] [Closed] [future] and reconnect again [during Task.Delay]..
10:46:58.322950> WebSocket connected! Start @depth [Future] process...
10:47:55.843258> WebSocket [ConnectToDepthStream()] [future] error: Unable to read data from the transport connection: An existing connection was forcibly closed by the remote host.
10:48:00.849538> BinanceFuture - Vxxv1AWf[USD_M] Reconect to WebSocket #
10:48:00.850537> WebSocket [ConnectToDepthStream()] [Closed] [future] and reconnect again [during Task.Delay]..
10:48:02.426627> WebSocket connected! Start @depth [Future] process...
10:49:12.869665> WebSocket [ConnectToDepthStream()] [future] error: Unable to read data from the transport connection: An existing connection was forcibly closed by the remote host.
10:49:17.977974> BinanceFuture - Vxxv1AWf[USD_M] Reconect to WebSocket #
10:49:17.979973> WebSocket [ConnectToDepthStream()] [Closed] [future] and reconnect again [during Task.Delay]..
10:49:20.011075> WebSocket connected! Start @depth [Future] process...
10:50:03.172549> WebSocket [ConnectToDepthStream()] [future] error: Unable to read data from the transport connection: An existing connection was forcibly closed by the remote host.
10:50:08.227841> BinanceFuture - Vxxv1AWf[USD_M] Reconect to WebSocket #
10:50:08.227841> WebSocket [ConnectToDepthStream()] [Closed] [future] and reconnect again [during Task.Delay]..
10:50:10.380965> WebSocket connected! Start @depth [Future] process...
10:51:36.264891> WebSocket [ConnectToDepthStream()] [future] error: Unable to read data from the transport connection: An existing connection was forcibly closed by the remote host.
10:51:41.323201> BinanceFuture - Vxxv1AWf[USD_M] Reconect to WebSocket #
10:51:41.323201> WebSocket [ConnectToDepthStream()] [Closed] [future] and reconnect again [during Task.Delay]..
10:51:43.246287> WebSocket connected! Start @depth [Future] process...
10:52:16.629203> WebSocket [ConnectToDepthStream()] [future] error: Unable to read data from the transport connection: An existing connection was forcibly closed by the remote host.
10:52:21.746496> BinanceFuture - Vxxv1AWf[USD_M] Reconect to WebSocket #
10:52:21.746496> WebSocket [ConnectToDepthStream()] [Closed] [future] and reconnect again [during Task.Delay]..
10:52:23.027575> WebSocket connected! Start @depth [Future] process...
10:52:47.963000> WebSocket [ConnectToDepthStream()] [future] error: Unable to read data from the transport connection: An existing connection was forcibly closed by the remote host.
10:52:53.122296> BinanceFuture - Vxxv1AWf[USD_M] Reconect to WebSocket #
10:52:53.123295> WebSocket [ConnectToDepthStream()] [Closed] [future] and reconnect again [during Task.Delay]..
10:53:09.132212> WebSocket connected! Start @depth [Future] process...
10:53:25.706163> Unable to read data from the transport connection: An existing connection was forcibly closed by the remote host.
10:53:29.591387> Unable to read data from the transport connection: An existing connection was forcibly closed by the remote host.
10:53:30.976465> BinanceFuture - Vxxv1AWf[USD_M] Reconect to WebSocket #
10:53:30.983465> WebSocket [SubscribeToAggTradeStream()] [Closed] [future] and reconnect again [with Task.Delay]..
10:53:32.890577> Lenta has started...Start SubscribeToAggTradeStream @aggTrade [future] process...
10:53:34.753683> BinanceFuture - Vxxv1AWf[USD_M] Reconect to WebSocket #
10:53:34.937693> WebSocket [SubscribeToAggTradeStream()] [Closed] [future] and reconnect again [with Task.Delay]..
10:53:38.181878> Lenta has started...Start SubscribeToAggTradeStream @aggTrade [future] process...
