07:55:12.927432> WebSocket connected! Start Partial @depth20 [SPOT] process...
07:55:12.927432> Lenta has started...Start SubscribeToAggTradeStream @aggTrade [future] process...
07:55:12.929435> WebSocket connected! Start @depth [Future] process...
07:55:12.928435> WebSocket connected! Start Partial @depth20 [Future] process...
07:55:13.216018> WebSocket connected! Start Partial @depth20 [SPOT] process...
07:55:13.670039> Binance - Vxxv1AWf[SPOT] SPOT Balance: 0 USDT
07:55:13.814060> WebSocket connected! Start @depth [Future] process...
07:55:13.831049> WebSocket connected! Start Partial @depth20 [Future] process...
07:55:13.834050> Lenta has started...Start SubscribeToAggTradeStream @aggTrade [future] process...
07:55:14.368431> BinanceFuture - Vxxv1AWf[USD_M] USD_M Balance: 13.32591403 USDT
08:55:47.626354>  DevBUY (-): 124.50050000 avgGapBuy:4127.64950000 
08:56:32.629994>  DevBUY (-): 132.44050000 avgGapBuy:4127.64950000 
08:56:37.055994>  DevBUY (+): 138.01050000 avgGapBuy:4127.64950000 
08:56:37.551015>  DevBUY (+): 138.11050000 avgGapBuy:4127.64950000 
08:57:11.560955>  DevBUY (+): 139.11050000 avgGapBuy:4127.64950000 
08:57:44.633501>  DevBUY (-): 136.45050000 avgGapBuy:4127.64950000 
08:57:45.633856>  DevBUY (-): 151.35050000 avgGapBuy:4127.64950000 
08:57:49.399951>  DevBUY (+): 153.59050000 avgGapBuy:4127.64950000 
08:58:06.635594>  DevBUY (-): 155.53050000 avgGapBuy:4127.64950000 
08:58:07.635034>  DevBUY (-): 157.27050000 avgGapBuy:4127.64950000 
08:58:08.024963>  DevBUY (+): 164.87050000 avgGapBuy:4127.64950000 
08:58:09.609828>  DevBUY (+): 170.44050000 avgGapBuy:4127.64950000 
08:58:09.634822>  DevBUY (-): 160.18050000 avgGapBuy:4127.64950000 
08:58:10.127112>  DevBUY (+): 186.58050000 avgGapBuy:4127.64950000 
08:58:12.162418>  DevBUY (+): 204.85050000 avgGapBuy:4127.64950000 
08:58:12.634425>  DevBUY (-): 165.55050000 avgGapBuy:4127.64950000 
08:58:16.634449>  DevBUY (-): 169.43050000 avgGapBuy:4127.64950000 
08:59:27.641101>  DevBUY (-): 177.18050000 avgGapBuy:4127.64950000 
08:59:57.641801>  DevBUY (-): 198.83050000 avgGapBuy:4127.64950000 
09:00:04.443334>  DevBUY (+): 219.38050000 avgGapBuy:4127.64950000 
09:00:12.566580>  DevBUY (+): 223.95050000 avgGapBuy:4127.64950000 
09:00:15.640808>  DevBUY (-): 202.38050000 avgGapBuy:4127.64950000 
09:00:19.639823>  DevBUY (-): 210.96050000 avgGapBuy:4127.64950000 
09:00:21.641458>  DevBUY (-): 218.87050000 avgGapBuy:4127.64950000 
09:00:40.243985>  DevBUY (+): 229.24050000 avgGapBuy:4127.64950000 
09:00:42.307131>  DevBUY (+): 238.43050000 avgGapBuy:4127.64950000 
09:00:52.550109>  DevBUY (+): 249.80050000 avgGapBuy:4127.64950000 
09:01:03.642016>  DevBUY (-): 240.95050000 avgGapBuy:4127.64950000 
09:25:13.353500>  DevBUY (+): 134.67662500 avgGapBuy:4185.71337500 
09:25:14.332418>  DevBUY (+): 151.38662500 avgGapBuy:4185.71337500 
09:32:28.732937>  DevBUY (-): 149.77662500 avgGapBuy:4185.71337500 
10:32:04.426746>  DevBUY (+): 156.67975000 avgGapBuy:4202.22025000 
10:32:04.933471>  DevBUY (+): 167.17975000 avgGapBuy:4202.22025000 
10:35:13.358936>  DevBUY (+): 170.52275000 avgGapBuy:4148.68725000 
10:35:13.607434>  DevBUY (+): 174.92275000 avgGapBuy:4148.68725000 
10:35:14.019799>  DevBUY (-): 169.50275000 avgGapBuy:4148.68725000 
10:35:18.750879>  DevBUY (+): 178.21275000 avgGapBuy:4148.68725000 
10:35:24.702336>  DevBUY (+): 186.39275000 avgGapBuy:4148.68725000 
10:35:25.731718>  DevBUY (+): 194.30275000 avgGapBuy:4148.68725000 
10:35:26.019739>  DevBUY (-): 170.31275000 avgGapBuy:4148.68725000 
10:35:27.019013>  DevBUY (-): 180.39275000 avgGapBuy:4148.68725000 
10:35:39.019820>  DevBUY (-): 184.90275000 avgGapBuy:4148.68725000 
10:36:03.890103>  DevBUY (+): 194.85275000 avgGapBuy:4148.68725000 
10:36:16.724132>  DevBUY (+): 203.90275000 avgGapBuy:4148.68725000 
10:36:17.023629>  DevBUY (-): 211.90275000 avgGapBuy:4148.68725000 
10:42:16.452080>  DevBUY (+): 204.22275000 avgGapBuy:4148.68725000 
10:42:19.043798>  DevBUY (+): 204.43275000 avgGapBuy:4148.68725000 
10:42:19.566875>  DevBUY (+): 210.01275000 avgGapBuy:4148.68725000 
10:42:36.207571>  DevBUY (+): 215.32275000 avgGapBuy:4148.68725000 
10:44:39.611911>  DevBUY (+): 221.55275000 avgGapBuy:4148.68725000 
10:45:01.924414>  DevBUY (+): 221.57275000 avgGapBuy:4148.68725000 
10:45:09.738991>  DevBUY (+): 232.41275000 avgGapBuy:4148.68725000 
11:05:59.137507>  DevBUY (+): 169.17062500 avgGapBuy:4292.98937500 
