21:01:24.624061> Binance - Vxxv1AWf[SPOT] SPOT Balance: 0.00000000 USDT
21:01:24.795071> Lenta has started...Start SubscribeToTradeStream @trade [{accType}] process...
21:01:24.795071> WebSocket connected! Start @bookTicker [Future] process...
21:01:24.796071> WebSocket connected! Start [SPOT] @depth@100ms process...
21:01:24.806072> WebSocket connected! Start Partial @depth20 [SPOT] process...
21:01:24.815077> WebSocket connected! Start @depth [Future] process...
21:01:24.818087> WebSocket connected! Start @bookTicker ...
21:01:24.820072> Lenta has started...Start SubscribeToAggTradeStream @aggTrade [future] process...
21:01:24.888078> WebSocket connected! Start [SPOT] @depth@100ms process...
21:01:24.941080> Lenta has started...Start SubscribeToTradeStream @trade [{accType}] process...
21:01:24.941080> WebSocket connected! Start Partial @depth20 [SPOT] process...
21:01:25.541503> WebSocket connected! Start Partial @depth20 [Future] process...
21:01:25.929077> WebSocket connected! Start @bookTicker ...
21:01:26.429007> WebSocket connected! Start @bookTicker [Future] process...
21:01:26.832780> WebSocket connected! Start Partial @depth20 [Future] process...
21:01:27.146782> Lenta has started...Start SubscribeToAggTradeStream @aggTrade [future] process...
21:01:27.467802> WebSocket connected! Start @depth [Future] process...
21:01:27.829582> BinanceFuture - Vxxv1AWf[USD_M] USD_M Balance: 155.65271518 USDT
21:17:13.725898> BinanceFuture - Vxxv1AWf[USD_M] Reconect ConnectToDepthStream() to WebSocket #
21:17:13.726899> WebSocket [ConnectToDepthStream()] [Closed] [future] and reconnect again [during Task.Delay]..
21:17:15.092977> WebSocket connected! Start @depth [Future] process...
21:18:44.301091> BinanceFuture - Vxxv1AWf[USD_M] Reconect ConnectToDepthStream() to WebSocket #
21:18:44.302092> WebSocket [ConnectToDepthStream()] [Closed] [future] and reconnect again [during Task.Delay]..
21:18:45.692172> WebSocket connected! Start @depth [Future] process...
21:20:15.321313> Ask error : The given key was not present in the dictionary.
21:22:34.058267> BinanceFuture - Vxxv1AWf[USD_M] Reconect ConnectToDepthStream() to WebSocket #
21:22:34.059265> WebSocket [ConnectToDepthStream()] [Closed] [future] and reconnect again [during Task.Delay]..
21:22:35.183330> WebSocket connected! Start @depth [Future] process...
21:23:58.285097> WebSocket [ConnectToDepthStream()] [future] error: Received an unexpected EOF or 0 bytes from the transport stream.
21:24:03.405388> BinanceFuture - Vxxv1AWf[USD_M] Reconect ConnectToDepthStream() to WebSocket #
21:24:03.406389> WebSocket [ConnectToDepthStream()] [Closed] [future] and reconnect again [during Task.Delay]..
21:24:04.566456> WebSocket connected! Start @depth [Future] process...
21:27:36.757622> BinanceFuture - Vxxv1AWf[USD_M] Reconect SubscribeBookTickerStream WebSocket #
21:27:36.758623> WebSocket [SubscribeBookTickerStream()] [Closed] [future] and reconnect again [during Task.Delay]..
21:27:38.305712> WebSocket connected! Start @bookTicker [Future] process...
21:28:10.975584> BinanceFuture - Vxxv1AWf[USD_M] Reconect SubscribeBookTickerStream WebSocket #
21:28:10.996585> WebSocket [SubscribeBookTickerStream()] [Closed] [future] and reconnect again [during Task.Delay]..
21:28:13.519731> WebSocket connected! Start @bookTicker [Future] process...
21:30:07.808293> WebSocket [ConnectToDepthStream()] [future] error: Unable to read data from the transport connection: An existing connection was forcibly closed by the remote host.
21:30:12.855574> BinanceFuture - Vxxv1AWf[USD_M] Reconect ConnectToDepthStream() to WebSocket #
21:30:12.855574> WebSocket [ConnectToDepthStream()] [Closed] [future] and reconnect again [during Task.Delay]..
21:30:14.238652> WebSocket connected! Start @depth [Future] process...
21:30:40.363151> WebSocket [SubscribeBookTickerStream()] [future] error: Unable to read data from the transport connection: An established connection was aborted by the software in your host machine.
21:30:45.464442> BinanceFuture - Vxxv1AWf[USD_M] Reconect SubscribeBookTickerStream WebSocket #
21:30:45.464442> WebSocket [SubscribeBookTickerStream()] [Closed] [future] and reconnect again [during Task.Delay]..
21:30:46.241590> WebSocket connected! Start @bookTicker [Future] process...
21:30:49.300661> BinanceFuture - Vxxv1AWf[USD_M] Reconect SubscribeBookTickerStream WebSocket #
21:30:49.300661> WebSocket [SubscribeBookTickerStream()] [Closed] [future] and reconnect again [during Task.Delay]..
21:30:51.345780> WebSocket connected! Start @bookTicker [Future] process...
21:31:29.530976> BinanceFuture - Vxxv1AWf[USD_M] Reconect ConnectToDepthStream() to WebSocket #
21:31:29.531970> WebSocket [ConnectToDepthStream()] [Closed] [future] and reconnect again [during Task.Delay]..
21:31:31.089059> WebSocket connected! Start @depth [Future] process...
21:31:32.359131> WebSocket [SubscribeBookTickerStream()] [future] error: Unable to read data from the transport connection: An established connection was aborted by the software in your host machine.
21:31:37.382418> BinanceFuture - Vxxv1AWf[USD_M] Reconect SubscribeBookTickerStream WebSocket #
21:31:37.401420> WebSocket [SubscribeBookTickerStream()] [Closed] [future] and reconnect again [during Task.Delay]..
21:31:38.439480> WebSocket connected! Start @bookTicker [Future] process...
21:32:37.529874> BinanceFuture - Vxxv1AWf[USD_M] Reconect SubscribeBookTickerStream WebSocket #
21:32:37.530868> WebSocket [SubscribeBookTickerStream()] [Closed] [future] and reconnect again [during Task.Delay]..
21:32:39.162962> WebSocket connected! Start @bookTicker [Future] process...
21:32:53.695794> BinanceFuture - Vxxv1AWf[USD_M] Reconect ConnectToDepthStream() to WebSocket #
21:32:53.695794> WebSocket [ConnectToDepthStream()] [Closed] [future] and reconnect again [during Task.Delay]..
21:32:56.398950> WebSocket connected! Start @depth [Future] process...
21:33:39.152401> BinanceFuture - Vxxv1AWf[USD_M] Reconect ConnectToDepthStream() to WebSocket #
21:33:39.153401> WebSocket [ConnectToDepthStream()] [Closed] [future] and reconnect again [during Task.Delay]..
21:33:41.396528> WebSocket connected! Start @depth [Future] process...
21:35:39.579305> WebSocket [SubscribeBookTickerStream()] [future] error: Unable to read data from the transport connection: An existing connection was forcibly closed by the remote host.
21:35:44.616611> BinanceFuture - Vxxv1AWf[USD_M] Reconect SubscribeBookTickerStream WebSocket #
21:35:44.617597> WebSocket [SubscribeBookTickerStream()] [Closed] [future] and reconnect again [during Task.Delay]..
21:35:46.330694> WebSocket connected! Start @bookTicker [Future] process...
21:36:26.651004> BinanceFuture - Vxxv1AWf[USD_M] Reconect ConnectToDepthStream() to WebSocket #
21:36:26.721009> WebSocket [ConnectToDepthStream()] [Closed] [future] and reconnect again [during Task.Delay]..
21:36:28.122090> WebSocket connected! Start @depth [Future] process...
21:36:29.354161> BinanceFuture - Vxxv1AWf[USD_M] Reconect SubscribeBookTickerStream WebSocket #
21:36:29.355160> WebSocket [SubscribeBookTickerStream()] [Closed] [future] and reconnect again [during Task.Delay]..
21:36:30.570229> WebSocket connected! Start @bookTicker [Future] process...
21:41:15.684579> BinanceFuture - Vxxv1AWf[USD_M] Reconect SubscribeBookTickerStream WebSocket #
21:41:15.685577> WebSocket [SubscribeBookTickerStream()] [Closed] [future] and reconnect again [during Task.Delay]..
21:41:17.300671> WebSocket connected! Start @bookTicker [Future] process...
21:42:31.780941> WebSocket [ConnectToDepthStream()] [future] error: Unable to read data from the transport connection: An existing connection was forcibly closed by the remote host.
21:42:36.847253> BinanceFuture - Vxxv1AWf[USD_M] Reconect ConnectToDepthStream() to WebSocket #
21:42:36.958237> WebSocket [ConnectToDepthStream()] [Closed] [future] and reconnect again [during Task.Delay]..
21:42:38.307313> WebSocket connected! Start @depth [Future] process...
21:42:43.920637> WebSocket [ConnectToDepthStream()] [future] error: Unable to read data from the transport connection: An existing connection was forcibly closed by the remote host.
21:42:49.020930> BinanceFuture - Vxxv1AWf[USD_M] Reconect ConnectToDepthStream() to WebSocket #
21:42:49.028930> WebSocket [ConnectToDepthStream()] [Closed] [future] and reconnect again [during Task.Delay]..
21:42:50.589016> WebSocket connected! Start @depth [Future] process...
21:47:21.590565> BinanceFuture - Vxxv1AWf[USD_M] Reconect ConnectToDepthStream() to WebSocket #
21:47:21.591558> WebSocket [ConnectToDepthStream()] [Closed] [future] and reconnect again [during Task.Delay]..
21:47:22.843629> WebSocket connected! Start @depth [Future] process...
21:47:26.066816> BinanceFuture - Vxxv1AWf[USD_M] Reconect ConnectToDepthStream() to WebSocket #
21:47:26.066816> WebSocket [ConnectToDepthStream()] [Closed] [future] and reconnect again [during Task.Delay]..
21:47:27.572900> WebSocket connected! Start @depth [Future] process...
21:47:33.958265> BinanceFuture - Vxxv1AWf[USD_M] Reconect SubscribeBookTickerStream WebSocket #
21:47:33.959268> WebSocket [SubscribeBookTickerStream()] [Closed] [future] and reconnect again [during Task.Delay]..
21:47:34.741310> WebSocket connected! Start @bookTicker [Future] process...
21:50:23.787486> WebSocket [ConnectToDepthStream()] [future] error: Unable to read data from the transport connection: An existing connection was forcibly closed by the remote host.
21:50:29.095791> BinanceFuture - Vxxv1AWf[USD_M] Reconect ConnectToDepthStream() to WebSocket #
21:50:29.110793> WebSocket [ConnectToDepthStream()] [Closed] [future] and reconnect again [during Task.Delay]..
21:50:31.732946> WebSocket connected! Start @depth [Future] process...
21:51:40.234874> BinanceFuture - Vxxv1AWf[USD_M] Reconect ConnectToDepthStream() to WebSocket #
21:51:40.235871> WebSocket [ConnectToDepthStream()] [Closed] [future] and reconnect again [during Task.Delay]..
21:51:41.720955> WebSocket connected! Start @depth [Future] process...
21:53:36.506537> WebSocket [SubscribeBookTickerStream()] [future] error: Unable to read data from the transport connection: An existing connection was forcibly closed by the remote host.
21:53:41.556828> BinanceFuture - Vxxv1AWf[USD_M] Reconect SubscribeBookTickerStream WebSocket #
21:53:41.556828> WebSocket [SubscribeBookTickerStream()] [Closed] [future] and reconnect again [during Task.Delay]..
21:53:43.149918> WebSocket connected! Start @bookTicker [Future] process...
21:54:44.254423> WebSocket [ConnectToDepthStream()] [future] error: Unable to read data from the transport connection: An existing connection was forcibly closed by the remote host.
21:54:49.280709> BinanceFuture - Vxxv1AWf[USD_M] Reconect ConnectToDepthStream() to WebSocket #
21:54:49.289710> WebSocket [ConnectToDepthStream()] [Closed] [future] and reconnect again [during Task.Delay]..
21:54:50.695792> WebSocket connected! Start @depth [Future] process...
21:55:00.862375> BinanceFuture - Vxxv1AWf[USD_M] Reconect SubscribeBookTickerStream WebSocket #
21:55:00.863374> WebSocket [SubscribeBookTickerStream()] [Closed] [future] and reconnect again [during Task.Delay]..
21:55:02.400462> WebSocket connected! Start @bookTicker [Future] process...
21:56:06.986166> BinanceFuture - Vxxv1AWf[USD_M] Reconect ConnectToDepthStream() to WebSocket #
21:56:06.986166> WebSocket [ConnectToDepthStream()] [Closed] [future] and reconnect again [during Task.Delay]..
21:56:08.685263> WebSocket connected! Start @depth [Future] process...
21:56:50.591665> BinanceFuture - Vxxv1AWf[USD_M] Reconect SubscribeBookTickerStream WebSocket #
21:56:50.597665> WebSocket [SubscribeBookTickerStream()] [Closed] [future] and reconnect again [during Task.Delay]..
21:56:52.731789> WebSocket connected! Start @bookTicker [Future] process...
21:57:10.877840> BinanceFuture - Vxxv1AWf[USD_M] Reconect ConnectToDepthStream() to WebSocket #
21:57:10.878828> WebSocket [ConnectToDepthStream()] [Closed] [future] and reconnect again [during Task.Delay]..
21:57:12.265909> WebSocket connected! Start @depth [Future] process...
22:00:08.058444> WebSocket [SubscribeBookTickerStream()] [future] error: Unable to read data from the transport connection: An existing connection was forcibly closed by the remote host.
22:00:13.066732> BinanceFuture - Vxxv1AWf[USD_M] Reconect SubscribeBookTickerStream WebSocket #
22:00:13.067730> WebSocket [SubscribeBookTickerStream()] [Closed] [future] and reconnect again [during Task.Delay]..
22:00:15.083845> WebSocket connected! Start @bookTicker [Future] process...
22:01:18.926507> BinanceFuture - Vxxv1AWf[USD_M] Reconect ConnectToDepthStream() to WebSocket #
22:01:18.927507> WebSocket [ConnectToDepthStream()] [Closed] [future] and reconnect again [during Task.Delay]..
22:01:21.107631> WebSocket connected! Start @depth [Future] process...
22:01:37.851590> BinanceFuture - Vxxv1AWf[USD_M] Reconect ConnectToDepthStream() to WebSocket #
22:01:37.852591> WebSocket [ConnectToDepthStream()] [Closed] [future] and reconnect again [during Task.Delay]..
22:01:39.253670> WebSocket connected! Start @depth [Future] process...
22:03:42.719233> WebSocket [SubscribeBookTickerStream()] [future] error: Unable to read data from the transport connection: An existing connection was forcibly closed by the remote host.
22:03:47.743515> BinanceFuture - Vxxv1AWf[USD_M] Reconect SubscribeBookTickerStream WebSocket #
22:03:47.744515> WebSocket [SubscribeBookTickerStream()] [Closed] [future] and reconnect again [during Task.Delay]..
22:03:49.175596> WebSocket connected! Start @bookTicker [Future] process...
22:04:21.438446> WebSocket [ConnectToDepthStream()] [future] error: Unable to read data from the transport connection: An existing connection was forcibly closed by the remote host.
22:04:26.479740> BinanceFuture - Vxxv1AWf[USD_M] Reconect ConnectToDepthStream() to WebSocket #
22:04:26.480737> WebSocket [ConnectToDepthStream()] [Closed] [future] and reconnect again [during Task.Delay]..
22:04:28.094830> WebSocket connected! Start @depth [Future] process...
22:04:41.180669> WebSocket [ConnectToDepthStream()] [future] error: Unable to read data from the transport connection: An established connection was aborted by the software in your host machine.
22:04:46.234881> BinanceFuture - Vxxv1AWf[USD_M] Reconect ConnectToDepthStream() to WebSocket #
22:04:46.235870> WebSocket [ConnectToDepthStream()] [Closed] [future] and reconnect again [during Task.Delay]..
22:04:49.326046> WebSocket connected! Start @depth [Future] process...
22:07:28.913198> WebSocket [ConnectToDepthStream()] [future] error: Unable to read data from the transport connection: An existing connection was forcibly closed by the remote host.
22:07:33.976498> BinanceFuture - Vxxv1AWf[USD_M] Reconect ConnectToDepthStream() to WebSocket #
22:07:34.018487> WebSocket [ConnectToDepthStream()] [Closed] [future] and reconnect again [during Task.Delay]..
22:07:36.303619> WebSocket connected! Start @depth [Future] process...
22:08:48.383757> WebSocket [ConnectToDepthStream()] [future] error: Unable to read data from the transport connection: An existing connection was forcibly closed by the remote host.
22:08:53.409048> BinanceFuture - Vxxv1AWf[USD_M] Reconect ConnectToDepthStream() to WebSocket #
22:08:53.410040> WebSocket [ConnectToDepthStream()] [Closed] [future] and reconnect again [during Task.Delay]..
22:08:57.107253> WebSocket connected! Start @depth [Future] process...
22:09:22.527717> WebSocket [SubscribeBookTickerStream()] [future] error: Received an unexpected EOF or 0 bytes from the transport stream.
22:09:27.552998> BinanceFuture - Vxxv1AWf[USD_M] Reconect SubscribeBookTickerStream WebSocket #
22:09:27.553999> WebSocket [SubscribeBookTickerStream()] [Closed] [future] and reconnect again [during Task.Delay]..
22:09:30.890190> WebSocket connected! Start @bookTicker [Future] process...
22:11:37.859469> BinanceFuture - Vxxv1AWf[USD_M] Reconect ConnectToDepthStream() to WebSocket #
22:11:37.859469> WebSocket [ConnectToDepthStream()] [Closed] [future] and reconnect again [during Task.Delay]..
22:11:40.142600> WebSocket connected! Start @depth [Future] process...
22:11:59.674720> WebSocket [ConnectToDepthStream()] [future] error: Unable to read data from the transport connection: An existing connection was forcibly closed by the remote host.
22:12:04.687010> BinanceFuture - Vxxv1AWf[USD_M] Reconect ConnectToDepthStream() to WebSocket #
22:12:04.689008> WebSocket [ConnectToDepthStream()] [Closed] [future] and reconnect again [during Task.Delay]..
22:12:06.101089> WebSocket connected! Start @depth [Future] process...
22:14:42.598061> WebSocket [ConnectToDepthStream()] [future] error: Unable to read data from the transport connection: An established connection was aborted by the software in your host machine.
22:14:47.738355> BinanceFuture - Vxxv1AWf[USD_M] Reconect ConnectToDepthStream() to WebSocket #
22:14:47.763358> WebSocket [ConnectToDepthStream()] [Closed] [future] and reconnect again [during Task.Delay]..
22:14:50.197516> WebSocket connected! Start @depth [Future] process...
22:15:33.027956> WebSocket [SubscribeBookTickerStream()] [future] error: Unable to read data from the transport connection: An existing connection was forcibly closed by the remote host.
22:15:38.215252> BinanceFuture - Vxxv1AWf[USD_M] Reconect SubscribeBookTickerStream WebSocket #
22:15:38.232251> WebSocket [SubscribeBookTickerStream()] [Closed] [future] and reconnect again [during Task.Delay]..
22:15:41.953464> WebSocket connected! Start @bookTicker [Future] process...
22:15:47.279785> BinanceFuture - Vxxv1AWf[USD_M] Reconect ConnectToDepthStream() to WebSocket #
22:15:47.280771> WebSocket [ConnectToDepthStream()] [Closed] [future] and reconnect again [during Task.Delay]..
22:15:49.884921> WebSocket connected! Start @depth [Future] process...
22:16:39.289754> BinanceFuture - Vxxv1AWf[USD_M] Reconect ConnectToDepthStream() to WebSocket #
22:16:39.290752> WebSocket [ConnectToDepthStream()] [Closed] [future] and reconnect again [during Task.Delay]..
22:16:44.051026> WebSocket connected! Start @depth [Future] process...
22:19:35.039830> BinanceFuture - Vxxv1AWf[USD_M] Reconect ConnectToDepthStream() to WebSocket #
22:19:35.039830> WebSocket [ConnectToDepthStream()] [Closed] [future] and reconnect again [during Task.Delay]..
22:19:36.880937> WebSocket connected! Start @depth [Future] process...
22:19:50.514718> WebSocket [ConnectToDepthStream()] [future] error: Received an unexpected EOF or 0 bytes from the transport stream.
22:19:55.559005> BinanceFuture - Vxxv1AWf[USD_M] Reconect ConnectToDepthStream() to WebSocket #
22:19:55.559005> WebSocket [ConnectToDepthStream()] [Closed] [future] and reconnect again [during Task.Delay]..
22:19:57.441114> WebSocket connected! Start @depth [Future] process...
22:21:30.657459> BinanceFuture - Vxxv1AWf[USD_M] Reconect SubscribeBookTickerStream WebSocket #
22:21:30.658458> WebSocket [SubscribeBookTickerStream()] [Closed] [future] and reconnect again [during Task.Delay]..
22:21:33.118602> WebSocket connected! Start @bookTicker [Future] process...
22:22:37.618297> WebSocket [ConnectToDepthStream()] [future] error: Unable to read data from the transport connection: An existing connection was forcibly closed by the remote host.
22:22:42.791595> BinanceFuture - Vxxv1AWf[USD_M] Reconect ConnectToDepthStream() to WebSocket #
22:22:42.796594> WebSocket [ConnectToDepthStream()] [Closed] [future] and reconnect again [during Task.Delay]..
22:22:45.135729> WebSocket connected! Start @depth [Future] process...
22:22:48.294909> BinanceFuture - Vxxv1AWf[USD_M] Reconect ConnectToDepthStream() to WebSocket #
22:22:48.299911> WebSocket [ConnectToDepthStream()] [Closed] [future] and reconnect again [during Task.Delay]..
22:22:49.698991> WebSocket connected! Start @depth [Future] process...
22:24:36.713127> WebSocket [SubscribeBookTickerStream()] [future] error: Unable to read data from the transport connection: An existing connection was forcibly closed by the remote host.
22:24:41.946425> BinanceFuture - Vxxv1AWf[USD_M] Reconect SubscribeBookTickerStream WebSocket #
22:24:41.947427> WebSocket [SubscribeBookTickerStream()] [Closed] [future] and reconnect again [during Task.Delay]..
22:24:44.901597> WebSocket connected! Start @bookTicker [Future] process...
22:25:47.267171> WebSocket [ConnectToDepthStream()] [future] error: Unable to read data from the transport connection: An existing connection was forcibly closed by the remote host.
22:25:52.757486> BinanceFuture - Vxxv1AWf[USD_M] Reconect ConnectToDepthStream() to WebSocket #
22:25:52.933496> WebSocket [ConnectToDepthStream()] [Closed] [future] and reconnect again [during Task.Delay]..
22:25:55.775667> WebSocket connected! Start @depth [Future] process...
22:27:16.567294> BinanceFuture - Vxxv1AWf[USD_M] Reconect ConnectToDepthStream() to WebSocket #
22:27:16.621296> WebSocket [ConnectToDepthStream()] [Closed] [future] and reconnect again [during Task.Delay]..
22:27:20.102510> WebSocket connected! Start @depth [Future] process...
22:30:30.171398> BinanceFuture - Vxxv1AWf[USD_M] Reconect ConnectToDepthStream() to WebSocket #
22:30:30.172393> WebSocket [ConnectToDepthStream()] [Closed] [future] and reconnect again [during Task.Delay]..
22:30:32.790543> WebSocket connected! Start @depth [Future] process...
22:30:45.641282> WebSocket [SubscribeBookTickerStream()] [future] error: Unable to read data from the transport connection: An existing connection was forcibly closed by the remote host.
22:30:50.686570> BinanceFuture - Vxxv1AWf[USD_M] Reconect SubscribeBookTickerStream WebSocket #
22:30:50.686570> WebSocket [SubscribeBookTickerStream()] [Closed] [future] and reconnect again [during Task.Delay]..
22:30:52.487673> WebSocket connected! Start @bookTicker [Future] process...
22:31:52.250100> WebSocket [ConnectToDepthStream()] [future] error: Received an unexpected EOF or 0 bytes from the transport stream.
22:31:57.629410> BinanceFuture - Vxxv1AWf[USD_M] Reconect ConnectToDepthStream() to WebSocket #
22:31:57.690413> WebSocket [ConnectToDepthStream()] [Closed] [future] and reconnect again [during Task.Delay]..
22:32:00.552578> WebSocket connected! Start @depth [Future] process...
22:33:55.407162> WebSocket [SubscribeBookTickerStream()] [future] error: Unable to read data from the transport connection: An existing connection was forcibly closed by the remote host.
22:34:00.468453> BinanceFuture - Vxxv1AWf[USD_M] Reconect SubscribeBookTickerStream WebSocket #
22:34:00.469453> WebSocket [SubscribeBookTickerStream()] [Closed] [future] and reconnect again [during Task.Delay]..
22:34:02.982605> WebSocket connected! Start @bookTicker [Future] process...
22:34:23.188757> BinanceFuture - Vxxv1AWf[USD_M] Reconect ConnectToDepthStream() to WebSocket #
22:34:23.188757> WebSocket [ConnectToDepthStream()] [Closed] [future] and reconnect again [during Task.Delay]..
22:34:24.034803> BinanceFuture - Vxxv1AWf[USD_M] Reconect ConnectToDepthStream() to WebSocket #
22:34:24.035804> WebSocket [ConnectToDepthStream()] [Closed] [future] and reconnect again [during Task.Delay]..
22:34:25.594901> WebSocket connected! Start @depth [Future] process...
22:34:26.636955> WebSocket connected! Start @depth [Future] process...
22:34:30.115154> Error (on Error) SubscribeToTradeStreamAsync()[SPOT]:
Unable to read data from the transport connection: An existing connection was forcibly closed by the remote host.
22:34:32.030261> Lenta has started...Start SubscribeToTradeStream @trade [{accType}] process...
22:34:37.465571> Lenta has started...Start SubscribeToTradeStream @trade [{accType}] process...
22:37:30.766508> WebSocket [ConnectToDepthStream()] [future] error: Unable to read data from the transport connection: An existing connection was forcibly closed by the remote host.
22:37:32.144592> WebSocket [ConnectToDepthStream()] [future] error: Unable to read data from the transport connection: An existing connection was forcibly closed by the remote host.
22:37:35.794798> BinanceFuture - Vxxv1AWf[USD_M] Reconect ConnectToDepthStream() to WebSocket #
22:37:35.795798> WebSocket [ConnectToDepthStream()] [Closed] [future] and reconnect again [during Task.Delay]..
22:37:37.655906> WebSocket connected! Start @depth [Future] process...
22:37:38.447973> BinanceFuture - Vxxv1AWf[USD_M] Reconect ConnectToDepthStream() to WebSocket #
22:37:38.457950> WebSocket [ConnectToDepthStream()] [Closed] [future] and reconnect again [during Task.Delay]..
22:37:41.519125> WebSocket connected! Start @depth [Future] process...
22:40:04.344320> WebSocket [SubscribeBookTickerStream()] [future] error: Unable to read data from the transport connection: An existing connection was forcibly closed by the remote host.
22:40:09.356602> BinanceFuture - Vxxv1AWf[USD_M] Reconect SubscribeBookTickerStream WebSocket #
22:40:09.429607> WebSocket [SubscribeBookTickerStream()] [Closed] [future] and reconnect again [during Task.Delay]..
22:40:11.814744> WebSocket connected! Start @bookTicker [Future] process...
22:40:35.760116> Error (on Error) ConnectToDepthStream()[SPOT]:
Unable to read data from the transport connection: An existing connection was forcibly closed by the remote host.
22:40:35.799120> WebSocket [ConnectToDepthStream()] [Closed] [SPOT] and reconnect again..
22:40:40.305381> WebSocket connected! Start [SPOT] @depth@100ms process...
22:40:41.089425> Binance - Vxxv1AWf[SPOT] Reconect to WebSocket #
22:40:42.036482> WebSocket [ConnectToDepthStream()] [Closed] [SPOT] and reconnect again [with Task.Delay]..
22:40:44.008588> WebSocket connected! Start [SPOT] @depth@100ms process...
22:42:45.313546> BinanceFuture - Vxxv1AWf[USD_M] Reconect ConnectToDepthStream() to WebSocket #
22:42:45.313546> WebSocket [ConnectToDepthStream()] [Closed] [future] and reconnect again [during Task.Delay]..
22:42:47.390665> WebSocket connected! Start @depth [Future] process...
22:43:38.467593> WebSocket [ConnectToDepthStream()] [future] error: Unable to read data from the transport connection: An existing connection was forcibly closed by the remote host.
22:43:44.222922> BinanceFuture - Vxxv1AWf[USD_M] Reconect ConnectToDepthStream() to WebSocket #
22:43:44.223923> WebSocket [ConnectToDepthStream()] [Closed] [future] and reconnect again [during Task.Delay]..
22:43:46.838072> WebSocket connected! Start @depth [Future] process...
22:45:08.654765> WebSocket [ConnectToDepthStream()] [future] error: Received an unexpected EOF or 0 bytes from the transport stream.
22:45:13.754055> BinanceFuture - Vxxv1AWf[USD_M] Reconect ConnectToDepthStream() to WebSocket #
22:45:13.766055> WebSocket [ConnectToDepthStream()] [Closed] [future] and reconnect again [during Task.Delay]..
22:45:17.121251> WebSocket connected! Start @depth [Future] process...
22:46:15.297588> WebSocket [SubscribeBookTickerStream()] [future] error: Unable to read data from the transport connection: An existing connection was forcibly closed by the remote host.
22:46:20.323873> BinanceFuture - Vxxv1AWf[USD_M] Reconect SubscribeBookTickerStream WebSocket #
22:46:20.519884> WebSocket [SubscribeBookTickerStream()] [Closed] [future] and reconnect again [during Task.Delay]..
22:46:23.823074> WebSocket connected! Start @bookTicker [Future] process...
22:46:49.823565> BinanceFuture - Vxxv1AWf[USD_M] Reconect ConnectToDepthStream() to WebSocket #
22:46:49.870567> WebSocket [ConnectToDepthStream()] [Closed] [future] and reconnect again [during Task.Delay]..
22:46:51.872682> WebSocket connected! Start @depth [Future] process...
22:48:19.096684> WebSocket [ConnectToDepthStream()] [future] error: Unable to read data from the transport connection: An existing connection was forcibly closed by the remote host.
22:48:24.203977> BinanceFuture - Vxxv1AWf[USD_M] Reconect ConnectToDepthStream() to WebSocket #
22:48:24.203977> WebSocket [ConnectToDepthStream()] [Closed] [future] and reconnect again [during Task.Delay]..
22:48:29.754293> WebSocket connected! Start @depth [Future] process...
22:49:52.767055> WebSocket [ConnectToDepthStream()] [future] error: Unable to read data from the transport connection: An existing connection was forcibly closed by the remote host.
22:49:57.793344> BinanceFuture - Vxxv1AWf[USD_M] Reconect ConnectToDepthStream() to WebSocket #
22:49:58.095358> WebSocket [ConnectToDepthStream()] [Closed] [future] and reconnect again [during Task.Delay]..
22:50:00.604502> WebSocket connected! Start @depth [Future] process...
22:52:25.546811> WebSocket [SubscribeBookTickerStream()] [future] error: Unable to read data from the transport connection: An existing connection was forcibly closed by the remote host.
22:52:30.622105> BinanceFuture - Vxxv1AWf[USD_M] Reconect SubscribeBookTickerStream WebSocket #
22:52:30.622105> WebSocket [SubscribeBookTickerStream()] [Closed] [future] and reconnect again [during Task.Delay]..
22:52:34.499338> WebSocket connected! Start @bookTicker [Future] process...
22:52:46.619022> BinanceFuture - Vxxv1AWf[USD_M] Reconect ConnectToDepthStream() to WebSocket #
22:52:46.620023> WebSocket [ConnectToDepthStream()] [Closed] [future] and reconnect again [during Task.Delay]..
22:52:49.794219> WebSocket connected! Start @depth [Future] process...
22:53:05.703118> BinanceFuture - Vxxv1AWf[USD_M] Reconect ConnectToDepthStream() to WebSocket #
22:53:05.703118> WebSocket [ConnectToDepthStream()] [Closed] [future] and reconnect again [during Task.Delay]..
22:53:07.316209> WebSocket connected! Start @depth [Future] process...
22:55:51.286611> WebSocket [ConnectToDepthStream()] [future] error: Unable to read data from the transport connection: An existing connection was forcibly closed by the remote host.
22:55:56.375902> BinanceFuture - Vxxv1AWf[USD_M] Reconect ConnectToDepthStream() to WebSocket #
22:55:56.375902> WebSocket [ConnectToDepthStream()] [Closed] [future] and reconnect again [during Task.Delay]..
22:55:59.362072> WebSocket connected! Start @depth [Future] process...
22:56:12.283814> WebSocket [ConnectToDepthStream()] [future] error: Unable to read data from the transport connection: An existing connection was forcibly closed by the remote host.
22:56:17.374107> BinanceFuture - Vxxv1AWf[USD_M] Reconect ConnectToDepthStream() to WebSocket #
22:56:17.388115> WebSocket [ConnectToDepthStream()] [Closed] [future] and reconnect again [during Task.Delay]..
22:56:19.313218> WebSocket connected! Start @depth [Future] process...
22:58:32.724877> Error (on Error) ConnectToDepthStream()[SPOT]:
Unable to read data from the transport connection: An existing connection was forcibly closed by the remote host.
22:58:32.965881> WebSocket [ConnectToDepthStream()] [Closed] [SPOT] and reconnect again..
22:58:35.855045> WebSocket [SubscribeBookTickerStream()] [future] error: Unable to read data from the transport connection: An existing connection was forcibly closed by the remote host.
22:58:37.020114> WebSocket connected! Start [SPOT] @depth@100ms process...
22:58:37.992168> Binance - Vxxv1AWf[SPOT] Reconect to WebSocket #
22:58:38.172179> WebSocket [ConnectToDepthStream()] [Closed] [SPOT] and reconnect again [with Task.Delay]..
22:58:39.827295> WebSocket connected! Start [SPOT] @depth@100ms process...
22:58:40.950337> BinanceFuture - Vxxv1AWf[USD_M] Reconect SubscribeBookTickerStream WebSocket #
22:58:40.951337> WebSocket [SubscribeBookTickerStream()] [Closed] [future] and reconnect again [during Task.Delay]..
22:58:43.266471> WebSocket connected! Start @bookTicker [Future] process...
22:59:01.872538> WebSocket [ConnectToDepthStream()] [future] error: Unable to read data from the transport connection: An existing connection was forcibly closed by the remote host.
22:59:06.946830> BinanceFuture - Vxxv1AWf[USD_M] Reconect ConnectToDepthStream() to WebSocket #
22:59:06.964829> WebSocket [ConnectToDepthStream()] [Closed] [future] and reconnect again [during Task.Delay]..
22:59:09.225959> WebSocket connected! Start @depth [Future] process...
22:59:22.643728> WebSocket [ConnectToDepthStream()] [future] error: Unable to read data from the transport connection: An established connection was aborted by the software in your host machine.
22:59:27.717022> BinanceFuture - Vxxv1AWf[USD_M] Reconect ConnectToDepthStream() to WebSocket #
22:59:27.719021> WebSocket [ConnectToDepthStream()] [Closed] [future] and reconnect again [during Task.Delay]..
22:59:32.882315> WebSocket connected! Start @depth [Future] process...
23:02:09.773312> WebSocket [ConnectToDepthStream()] [future] error: Unable to read data from the transport connection: An existing connection was forcibly closed by the remote host.
23:02:10.959379> BinanceFuture - Vxxv1AWf[USD_M] Reconect SubscribeBookTickerStream WebSocket #
23:02:10.966379> WebSocket [SubscribeBookTickerStream()] [Closed] [future] and reconnect again [during Task.Delay]..
23:02:13.043500> WebSocket connected! Start @bookTicker [Future] process...
23:02:15.018619> BinanceFuture - Vxxv1AWf[USD_M] Reconect ConnectToDepthStream() to WebSocket #
23:02:15.019614> WebSocket [ConnectToDepthStream()] [Closed] [future] and reconnect again [during Task.Delay]..
23:02:16.758722> WebSocket connected! Start @depth [Future] process...
23:04:42.795086> WebSocket [ConnectToDepthStream()] [future] error: Received an unexpected EOF or 0 bytes from the transport stream.
23:04:47.965382> BinanceFuture - Vxxv1AWf[USD_M] Reconect ConnectToDepthStream() to WebSocket #
23:04:47.972383> WebSocket [ConnectToDepthStream()] [Closed] [future] and reconnect again [during Task.Delay]..
23:04:51.252571> Error (on Error) ConnectToDepthStream()[SPOT]:
Unable to read data from the transport connection: An existing connection was forcibly closed by the remote host.
23:04:51.253572> WebSocket [ConnectToDepthStream()] [Closed] [SPOT] and reconnect again..
23:04:52.140622> WebSocket connected! Start @depth [Future] process...
23:04:53.685711> WebSocket connected! Start [SPOT] @depth@100ms process...
23:04:56.816889> Binance - Vxxv1AWf[SPOT] Reconect to WebSocket #
23:04:56.958902> WebSocket [ConnectToDepthStream()] [Closed] [SPOT] and reconnect again [with Task.Delay]..
23:05:00.662110> WebSocket connected! Start [SPOT] @depth@100ms process...
23:05:13.961873> WebSocket [SubscribeBookTickerStream()] [future] error: Unable to read data from the transport connection: An existing connection was forcibly closed by the remote host.
23:05:19.132170> BinanceFuture - Vxxv1AWf[USD_M] Reconect SubscribeBookTickerStream WebSocket #
23:05:19.132170> WebSocket [SubscribeBookTickerStream()] [Closed] [future] and reconnect again [during Task.Delay]..
23:05:21.799322> WebSocket connected! Start @bookTicker [Future] process...
23:07:11.754626> WebSocket [ConnectToDepthStream()] [future] error: Received an unexpected EOF or 0 bytes from the transport stream.
23:07:16.899925> BinanceFuture - Vxxv1AWf[USD_M] Reconect ConnectToDepthStream() to WebSocket #
23:07:16.899925> WebSocket [ConnectToDepthStream()] [Closed] [future] and reconnect again [during Task.Delay]..
23:07:19.396383> WebSocket connected! Start @depth [Future] process...
23:07:45.069537> Error (on Error) ConnectToDepthStream()[SPOT]:
Unable to read data from the transport connection: An existing connection was forcibly closed by the remote host.
23:07:45.259549> WebSocket [ConnectToDepthStream()] [Closed] [SPOT] and reconnect again..
23:07:50.363840> Binance - Vxxv1AWf[SPOT] Reconect to WebSocket #
23:07:50.364840> WebSocket [ConnectToDepthStream()] [Closed] [SPOT] and reconnect again [with Task.Delay]..
23:07:51.015880> WebSocket connected! Start [SPOT] @depth@100ms process...
23:07:52.596970> WebSocket connected! Start [SPOT] @depth@100ms process...
23:07:57.092228> WebSocket [ConnectToDepthStream()] [future] error: Unable to read data from the transport connection: An established connection was aborted by the software in your host machine.
23:08:02.186529> BinanceFuture - Vxxv1AWf[USD_M] Reconect ConnectToDepthStream() to WebSocket #
23:08:02.187520> WebSocket [ConnectToDepthStream()] [Closed] [future] and reconnect again [during Task.Delay]..
23:08:04.223641> WebSocket connected! Start @depth [Future] process...
23:11:23.597595> WebSocket [SubscribeBookTickerStream()] [future] error: Unable to read data from the transport connection: An existing connection was forcibly closed by the remote host.
23:11:28.642355> BinanceFuture - Vxxv1AWf[USD_M] Reconect SubscribeBookTickerStream WebSocket #
23:11:28.642355> WebSocket [SubscribeBookTickerStream()] [Closed] [future] and reconnect again [during Task.Delay]..
23:11:32.121556> WebSocket connected! Start @bookTicker [Future] process...
