17:57:55.025725> WebSocket connected! Start Partial @depth20 [Future] process...
17:57:55.025725> WebSocket connected! Start @depth [Future] process...
17:57:55.027725> Lenta has started...Start SubscribeToAggTradeStream @aggTrade [future] process...
17:57:55.025725> Lenta has started...Start SubscribeToTradeStream @trade [{accType}] process...
17:57:55.059727> WebSocket connected! Start @bookTicker [Future] process...
17:57:55.082730> WebSocket connected! Start Partial @depth20 [MARGIN] process...
17:57:55.193741> WebSocket connected! Start [MARGIN] @depth@100ms process...
17:57:55.257741> WebSocket connected! Start Partial @depth20 [MARGIN] process...
17:57:55.272745> Lenta has started...Start SubscribeToTradeStream @trade [{accType}] process...
17:57:55.274739> Binance - Vxxv1AWf[MARGIN] MARGIN Balance: 0.58358854 USDT
17:57:55.354748> WebSocket connected! Start [MARGIN] @depth@100ms process...
17:57:55.617361> Lenta has started...Start SubscribeToAggTradeStream @aggTrade [future] process...
17:57:55.663361> WebSocket connected! Start Partial @depth20 [Future] process...
17:57:55.669362> WebSocket connected! Start @depth [Future] process...
17:57:55.673369> WebSocket connected! Start @bookTicker [Future] process...
17:57:56.164552> BinanceFuture - Vxxv1AWf[USD_M] USD_M Balance: 0.66986043 USDT
18:00:40.286481> BinanceFuture - Vxxv1AWf[USD_M] Reconect to WebSocket #
18:00:40.290475> WebSocket [SubscribeBookTickerStream()] [Closed] [future] and reconnect again [during Task.Delay]..
18:00:41.304692> WebSocket connected! Start @depth [Future] process...
18:03:11.389444> BinanceFuture - Vxxv1AWf[USD_M] Reconect to WebSocket #
18:03:11.390444> WebSocket [ConnectToDepthStream()] [Closed] [future] and reconnect again [during Task.Delay]..
18:03:13.722578> BinanceFuture - Vxxv1AWf[USD_M] Reconect to WebSocket #
18:03:13.723579> WebSocket [ConnectToDepthStream()] [Closed] [future] and reconnect again [during Task.Delay]..
18:03:21.025997> WebSocket connected! Start @depth [Future] process...
18:03:27.077345> WebSocket connected! Start @depth [Future] process...
18:03:55.588978> WebSocket [SubscribeBookTickerStream()] [future] error: Unable to read data from the transport connection: An existing connection was forcibly closed by the remote host.
18:04:01.020293> BinanceFuture - Vxxv1AWf[USD_M] Reconect to WebSocket #
18:04:01.021291> WebSocket [SubscribeBookTickerStream()] [Closed] [future] and reconnect again [during Task.Delay]..
18:04:05.259535> WebSocket connected! Start @depth [Future] process...
18:04:25.645703> WebSocket [ConnectToDepthStream()] [future] error: Unable to read data from the transport connection: An existing connection was forcibly closed by the remote host.
18:04:30.734992> BinanceFuture - Vxxv1AWf[USD_M] Reconect to WebSocket #
18:04:30.743993> WebSocket [ConnectToDepthStream()] [Closed] [future] and reconnect again [during Task.Delay]..
18:04:38.560442> WebSocket connected! Start @depth [Future] process...
18:04:43.378719> WebSocket [ConnectToDepthStream()] [future] error: Unable to read data from the transport connection: An existing connection was forcibly closed by the remote host.
18:04:48.568015> BinanceFuture - Vxxv1AWf[USD_M] Reconect to WebSocket #
18:04:48.575016> WebSocket [ConnectToDepthStream()] [Closed] [future] and reconnect again [during Task.Delay]..
18:04:50.771142> WebSocket connected! Start @depth [Future] process...
18:05:05.946011> WebSocket [ConnectToDepthStream()] [future] error: Unable to read data from the transport connection: An existing connection was forcibly closed by the remote host.
18:06:40.216418> WebSocket [ConnectToDepthStream()] [future] error: Unable to read data from the transport connection: An existing connection was forcibly closed by the remote host.
18:06:45.354711> BinanceFuture - Vxxv1AWf[USD_M] Reconect to WebSocket #
18:06:45.354711> WebSocket [ConnectToDepthStream()] [Closed] [future] and reconnect again [during Task.Delay]..
18:06:57.202392> WebSocket [ConnectToDepthStream()] [future] error: Unable to read data from the transport connection: An existing connection was forcibly closed by the remote host.
18:07:00.789596> WebSocket connected! Start @depth [Future] process...
18:07:03.588758> BinanceFuture - Vxxv1AWf[USD_M] Reconect to WebSocket #
18:07:03.589758> WebSocket [ConnectToDepthStream()] [Closed] [future] and reconnect again [during Task.Delay]..
18:07:07.388974> WebSocket connected! Start @depth [Future] process...
18:07:30.234287> WebSocket [ConnectToDepthStream()] [future] error: Unable to read data from the transport connection: An existing connection was forcibly closed by the remote host.
18:07:35.500590> BinanceFuture - Vxxv1AWf[USD_M] Reconect to WebSocket #
18:07:35.501588> WebSocket [ConnectToDepthStream()] [Closed] [future] and reconnect again [during Task.Delay]..
18:07:40.522880> WebSocket connected! Start @depth [Future] process...
18:07:57.929872> Unable to read data from the transport connection: An existing connection was forcibly closed by the remote host.
18:07:58.643921> Unable to read data from the transport connection: An existing connection was forcibly closed by the remote host.
18:08:03.200177> BinanceFuture - Vxxv1AWf[USD_M] Reconect to WebSocket #
18:08:03.200177> WebSocket [SubscribeToAggTradeStream()] [Closed] [future] and reconnect again [with Task.Delay]..
18:08:03.749209> BinanceFuture - Vxxv1AWf[USD_M] Reconect to WebSocket #
18:08:03.750209> WebSocket [SubscribeToAggTradeStream()] [Closed] [future] and reconnect again [with Task.Delay]..
18:08:07.882443> Lenta has started...Start SubscribeToAggTradeStream @aggTrade [future] process...
18:08:08.655488> Lenta has started...Start SubscribeToAggTradeStream @aggTrade [future] process...
18:09:04.729703> WebSocket [ConnectToDepthStream()] [future] error: Unable to read data from the transport connection: An existing connection was forcibly closed by the remote host.
18:09:05.954774> WebSocket [ConnectToDepthStream()] [future] error: Unable to read data from the transport connection: An established connection was aborted by the software in your host machine.
18:09:09.303967> WebSocket [ConnectToDepthStream()] [future] error: Unable to read data from the transport connection: An existing connection was forcibly closed by the remote host.
18:09:11.030064> BinanceFuture - Vxxv1AWf[USD_M] Reconect to WebSocket #
18:09:11.033065> BinanceFuture - Vxxv1AWf[USD_M] Reconect to WebSocket #
18:09:11.120069> WebSocket [ConnectToDepthStream()] [Closed] [future] and reconnect again [during Task.Delay]..
18:09:11.120069> WebSocket [ConnectToDepthStream()] [Closed] [future] and reconnect again [during Task.Delay]..
18:09:14.632271> BinanceFuture - Vxxv1AWf[USD_M] Reconect to WebSocket #
18:09:14.633272> WebSocket [ConnectToDepthStream()] [Closed] [future] and reconnect again [during Task.Delay]..
18:09:15.912346> WebSocket connected! Start @depth [Future] process...
18:09:16.696391> WebSocket connected! Start @depth [Future] process...
18:09:19.819570> WebSocket connected! Start @depth [Future] process...
18:11:21.248531> WebSocket [ConnectToDepthStream()] [future] error: Unable to read data from the transport connection: An existing connection was forcibly closed by the remote host.
18:11:21.287533> WebSocket [ConnectToDepthStream()] [future] error: Unable to read data from the transport connection: An existing connection was forcibly closed by the remote host.
18:11:22.376600> WebSocket [ConnectToDepthStream()] [future] error: Unable to read data from the transport connection: An existing connection was forcibly closed by the remote host.
18:11:26.326821> BinanceFuture - Vxxv1AWf[USD_M] Reconect to WebSocket #
18:11:26.327823> BinanceFuture - Vxxv1AWf[USD_M] Reconect to WebSocket #
18:11:26.391833> WebSocket [ConnectToDepthStream()] [Closed] [future] and reconnect again [during Task.Delay]..
18:11:26.392828> WebSocket [ConnectToDepthStream()] [Closed] [future] and reconnect again [during Task.Delay]..
18:11:27.431886> BinanceFuture - Vxxv1AWf[USD_M] Reconect to WebSocket #
18:11:27.432887> WebSocket [ConnectToDepthStream()] [Closed] [future] and reconnect again [during Task.Delay]..
18:11:28.539950> WebSocket connected! Start @depth [Future] process...
18:11:28.542951> WebSocket connected! Start @depth [Future] process...
18:11:29.951032> WebSocket connected! Start @depth [Future] process...
18:12:11.320402> Unable to read data from the transport connection: An existing connection was forcibly closed by the remote host.
18:12:12.963497> Unable to read data from the transport connection: An existing connection was forcibly closed by the remote host.
18:12:16.362701> BinanceFuture - Vxxv1AWf[USD_M] Reconect to WebSocket #
18:12:16.363696> WebSocket [SubscribeToAggTradeStream()] [Closed] [future] and reconnect again [with Task.Delay]..
18:12:17.644764> Lenta has started...Start SubscribeToAggTradeStream @aggTrade [future] process...
18:12:18.030791> BinanceFuture - Vxxv1AWf[USD_M] Reconect to WebSocket #
18:12:18.031792> WebSocket [SubscribeToAggTradeStream()] [Closed] [future] and reconnect again [with Task.Delay]..
18:12:20.344920> Lenta has started...Start SubscribeToAggTradeStream @aggTrade [future] process...
18:12:28.966413> WebSocket [ConnectToDepthStream()] [future] error: Unable to read data from the transport connection: An established connection was aborted by the software in your host machine.
18:12:29.886467> WebSocket [ConnectToDepthStream()] [future] error: Unable to read data from the transport connection: An established connection was aborted by the software in your host machine.
