16:31:51.262057> WebSocket connected! Start [MARGIN] @depth@100ms process...
16:31:51.263064> WebSocket connected! Start Partial @depth20 [Future] process...
16:31:51.515006> Lenta has started...Start SubscribeToTradeStream @trade [{accType}] process...
16:31:51.542997> Binance - Vxxv1AWf[MARGIN] MARGIN Balance: 0.52558818 USDT
16:31:51.572011> Lenta has started...Start SubscribeToTradeStream @trade [{accType}] process...
16:31:51.572998> WebSocket connected! Start Partial @depth20 [MARGIN] process...
16:31:51.584998> Lenta has started...Start SubscribeToAggTradeStream @aggTrade [future] process...
16:31:51.593997> WebSocket connected! Start @depth [Future] process...
16:31:51.815547> WebSocket connected! Start [MARGIN] @depth@100ms process...
16:31:51.815547> WebSocket connected! Start Partial @depth20 [MARGIN] process...
16:31:51.892415> Lenta has started...Start SubscribeToAggTradeStream @aggTrade [future] process...
16:31:52.192951> WebSocket connected! Start Partial @depth20 [Future] process...
16:31:52.261957> WebSocket connected! Start @depth [Future] process...
16:31:53.255710> BinanceFuture - Vxxv1AWf[USD_M] USD_M Balance: 0.66986043 USDT
17:13:38.722148> Error (on Error) GetQuotesBTCUSDT()[Quote]:
Unable to read data from the transport connection: An existing connection was forcibly closed by the remote host.
17:13:38.980163> WebSocket [SubscribePartialDepthStream()] [MARGIN] error: Unable to read data from the transport connection: An existing connection was forcibly closed by the remote host.
17:13:38.981163> WebSocket [ConnectToDepthStream()] [Closed] [MARGIN] and reconnect again..
17:13:38.982163> Error (on Error) ConnectToDepthStream()[MARGIN]:
Unable to read data from the transport connection: An existing connection was forcibly closed by the remote host.
17:13:38.983162> WebSocket [ConnectToDepthStream()] [Closed] [MARGIN] and reconnect again..
17:14:16.617456> Error (on Error) SubscribeToTradeStreamAsync()[MARGIN]:
Unable to read data from the transport connection: An existing connection was forcibly closed by the remote host.
17:14:16.619456> Binance - Vxxv1AWf[MARGIN] Reconect to WebSocket #
17:14:16.620456> Error (on Error) SubscribeToTradeStreamAsync()[MARGIN]:
Unable to read data from the transport connection: An existing connection was forcibly closed by the remote host.
17:14:16.622455> Binance - Vxxv1AWf[MARGIN] Reconect to WebSocket #
17:14:16.625456> WebSocket [ConnectToDepthStream()] [Closed] [MARGIN] and reconnect again [with Task.Delay]..
17:14:17.864108> Error (on Error) GetQuotesBTCUSDT()[Quote]:
Unable to read data from the transport connection: An existing connection was forcibly closed by the remote host.
17:14:17.866108> WebSocket [SubscribePartialDepthStream()] [future] error: Unable to read data from the transport connection: An existing connection was forcibly closed by the remote host.
17:14:17.886108> WebSocket [SubscribePartialDepthStream()] [future] error: Unable to read data from the transport connection: An existing connection was forcibly closed by the remote host.
17:14:17.888108> WebSocket [ConnectToDepthStream()] [future] error: Unable to read data from the transport connection: An existing connection was forcibly closed by the remote host.
17:14:18.536784> WebSocket [ConnectToDepthStream()] [Closed] [future] and reconnect again..
17:14:18.544782> WebSocket [SubscribePartialDepthStream()] [Closed] [future] and reconnect again..
17:14:18.545785> WebSocket [SubscribePartialDepthStream()] [Closed] [future] and reconnect again..
17:14:18.546786> WebSocket [ConnectToDepthStream()] [Closed] [MARGIN] and reconnect again [during Task.Delay]..
17:14:19.225920> WebSocket [SubscribePartialDepthStream()] [MARGIN] error: Unable to read data from the transport connection: An existing connection was forcibly closed by the remote host.
17:14:19.231920> WebSocket [ConnectToDepthStream()] [Closed] [MARGIN] and reconnect again..
17:14:19.233923> WebSocket [ConnectToDepthStream()] [future] error: Unable to read data from the transport connection: An existing connection was forcibly closed by the remote host.
17:14:19.234921> WebSocket [ConnectToDepthStream()] [Closed] [future] and reconnect again..
17:14:19.806615> Error (on Error) ConnectToDepthStream()[MARGIN]:
Unable to read data from the transport connection: An existing connection was forcibly closed by the remote host.
17:14:19.811614> WebSocket [ConnectToDepthStream()] [Closed] [MARGIN] and reconnect again..
17:14:21.206536> WebSocket connected! Start [MARGIN] @depth@100ms process...
17:14:21.572161> WebSocket connected! Start [MARGIN] @depth@100ms process...
17:14:21.574149> WebSocket connected! Start [MARGIN] @depth@100ms process...
17:14:21.575149> Lenta has started...Start SubscribeToTradeStream @trade [{accType}] process...
17:14:21.573148> WebSocket connected! Start @depth [Future] process...
17:14:22.902269> WebSocket connected! Start [MARGIN] @depth@100ms process...
17:14:30.683794> Binance - Vxxv1AWf[MARGIN] Reconect to WebSocket #
17:14:30.684797> BinanceFuture - Vxxv1AWf[USD_M] Reconect to WebSocket #
17:14:30.688796> BinanceFuture - Vxxv1AWf[USD_M] Reconect to WebSocket #
17:14:30.688796> BinanceFuture - Vxxv1AWf[USD_M] Reconect to WebSocket #
17:14:30.895809> WebSocket connected! Start [MARGIN] @depth@100ms process...
17:14:30.897808> WebSocket connected! Start @depth [Future] process...
17:14:30.898807> WebSocket [SubscribePartialDepthStream()] [Closed] [future] and reconnect again [during Task.Delay]..
17:14:30.899807> WebSocket [ConnectToDepthStream()] [Closed] [future] and reconnect again [during Task.Delay]..
17:14:30.899807> BinanceFuture - Vxxv1AWf[USD_M] Reconect to WebSocket #
17:14:30.900807> WebSocket [ConnectToDepthStream()] [Closed] [future] and reconnect again [during Task.Delay]..
17:14:30.919809> WebSocket [ConnectToDepthStream()] [Closed] [MARGIN] and reconnect again [with Task.Delay]..
17:14:30.935810> WebSocket [SubscribePartialDepthStream()] [Closed] [future] and reconnect again [during Task.Delay]..
17:14:38.143821> Lenta has started...Start SubscribeToTradeStream @trade [{accType}] process...
17:14:38.152821> WebSocket connected! Start [MARGIN] @depth@100ms process...
17:14:38.153822> WebSocket connected! Start @depth [Future] process...
17:14:38.154823> WebSocket connected! Start @depth [Future] process...
17:14:38.965122> Unable to write data to the transport connection: An existing connection was forcibly closed by the remote host.
17:14:38.988124> WebSocket [SubscribeToAggTradeStream()] [Closed] [future] and reconnect again..
17:14:38.988124> A request to send or receive data was disallowed because the socket is not connected and (when sending on a datagram socket using a sendto call) no address was supplied
17:14:44.461220> Unable to write data to the transport connection: An existing connection was forcibly closed by the remote host.
17:14:44.473219> WebSocket [SubscribeToAggTradeStream()] [Closed] [future] and reconnect again..
17:14:44.474220> A request to send or receive data was disallowed because the socket is not connected and (when sending on a datagram socket using a sendto call) no address was supplied
17:14:44.477221> BinanceFuture - Vxxv1AWf[USD_M] Reconect to WebSocket #
17:14:44.481220> WebSocket [SubscribeToAggTradeStream()] [Closed] [future] and reconnect again [with Task.Delay]..
17:14:47.380369> Lenta has started...Start SubscribeToTradeStream @trade [{accType}] process...
17:14:56.257406> WebSocket connected! Start @depth [Future] process...
17:14:56.267404> Lenta has started...Start SubscribeToTradeStream @trade [{accType}] process...
17:15:04.283803> WebSocket connected! Start @depth [Future] process...
17:15:04.285803> WebSocket connected! Start @depth [Future] process...
