13:48:12.715508> WebSocket connected! Start @bookTicker ...
13:48:12.715508> WebSocket connected! Start @depth [Future] process...
13:48:12.720511> WebSocket connected! Start [SPOT] @depth@100ms process...
13:48:12.723510> WebSocket connected! Start Partial @depth20 [Future] process...
13:48:12.723510> Lenta has started...Start SubscribeToTradeStream @trade [{accType}] process...
13:48:12.734517> Lenta has started...Start SubscribeToAggTradeStream @aggTrade [future] process...
13:48:12.767512> Binance - Vxxv1AWf[SPOT] SPOT Balance: 0.00000000 USDT
13:48:12.817514> Lenta has started...Start SubscribeToTradeStream @trade [{accType}] process...
13:48:12.858515> WebSocket connected! Start @bookTicker ...
13:48:12.871517> WebSocket connected! Start Partial @depth20 [SPOT] process...
13:48:12.879518> WebSocket connected! Start [SPOT] @depth@100ms process...
13:48:13.339544> WebSocket connected! Start @depth [Future] process...
13:48:13.345550> WebSocket connected! Start Partial @depth20 [Future] process...
13:48:13.347552> Lenta has started...Start SubscribeToAggTradeStream @aggTrade [future] process...
13:48:13.370550> WebSocket connected! Start @bookTicker [Future] process...
13:48:13.376547> WebSocket connected! Start @bookTicker [Future] process...
13:48:13.395548> WebSocket connected! Start Partial @depth20 [SPOT] process...
13:48:13.949949> BinanceFuture - Vxxv1AWf[USD_M] USD_M Balance: 0.58403735 USDT
14:16:15.346613> WebSocket [ConnectToDepthStream()] [future] error: Unable to read data from the transport connection: An existing connection was forcibly closed by the remote host.
14:16:20.409905> BinanceFuture - Vxxv1AWf[USD_M] Reconect to WebSocket #
14:16:20.411906> WebSocket [ConnectToDepthStream()] [Closed] [future] and reconnect again [during Task.Delay]..
14:16:21.652982> WebSocket connected! Start @depth [Future] process...
14:23:16.502764> WebSocket [SubscribeBookTickerStream()] [future] error: Unable to read data from the transport connection: An existing connection was forcibly closed by the remote host.
14:23:21.736063> BinanceFuture - Vxxv1AWf[USD_M] Reconect to WebSocket #
14:23:21.736063> WebSocket [SubscribeBookTickerStream()] [Closed] [future] and reconnect again [during Task.Delay]..
14:23:31.379616> WebSocket connected! Start @depth [Future] process...
14:24:16.734219> WebSocket [SubscribeBookTickerStream()] [future] error: Unable to read data from the transport connection: An existing connection was forcibly closed by the remote host.
14:24:17.751277> WebSocket [ConnectToDepthStream()] [future] error: Unable to read data from the transport connection: An existing connection was forcibly closed by the remote host.
14:24:22.265534> BinanceFuture - Vxxv1AWf[USD_M] Reconect to WebSocket #
14:24:22.265534> WebSocket [SubscribeBookTickerStream()] [Closed] [future] and reconnect again [during Task.Delay]..
14:24:22.815565> BinanceFuture - Vxxv1AWf[USD_M] Reconect to WebSocket #
14:24:22.816566> WebSocket [ConnectToDepthStream()] [Closed] [future] and reconnect again [during Task.Delay]..
14:24:25.781740> WebSocket connected! Start @depth [Future] process...
14:24:29.281937> WebSocket connected! Start @depth [Future] process...
