10:59:11.271628> WebSocket connected! Start @depth [Future] process...
10:59:11.271628> WebSocket connected! Start [MARGIN] @depth@100ms process...
10:59:11.273628> Lenta has started...Start SubscribeToAggTradeStream @aggTrade [future] process...
10:59:11.273628> WebSocket connected! Start Partial @depth20 [MARGIN] process...
10:59:11.274629> Lenta has started...Start SubscribeToTradeStream @trade [{accType}] process...
10:59:11.272628> WebSocket connected! Start Partial @depth20 [Future] process...
10:59:11.839380> Lenta has started...Start SubscribeToAggTradeStream @aggTrade [future] process...
10:59:11.840378> WebSocket connected! Start Partial @depth20 [Future] process...
10:59:11.843393> WebSocket connected! Start @depth [Future] process...
10:59:11.859383> Lenta has started...Start SubscribeToTradeStream @trade [{accType}] process...
10:59:11.868378> WebSocket connected! Start Partial @depth20 [MARGIN] process...
10:59:11.876382> WebSocket connected! Start [MARGIN] @depth@100ms process...
10:59:11.893382> Binance - Vxxv1AWf[MARGIN] MARGIN Balance: 0.57252573 USDT
10:59:12.549735> BinanceFuture - Vxxv1AWf[USD_M] USD_M Balance: 0.66986043 USDT
11:15:12.667443> WebSocket [ConnectToDepthStream()] [future] error: Unable to read data from the transport connection: An existing connection was forcibly closed by the remote host.
11:15:12.777447> WebSocket [ConnectToDepthStream()] [future] error: Unable to read data from the transport connection: An existing connection was forcibly closed by the remote host.
11:15:17.676731> BinanceFuture - Vxxv1AWf[USD_M] Reconect to WebSocket #
11:15:17.677721> WebSocket [ConnectToDepthStream()] [Closed] [future] and reconnect again [during Task.Delay]..
11:15:17.779725> BinanceFuture - Vxxv1AWf[USD_M] Reconect to WebSocket #
11:15:17.780725> WebSocket [ConnectToDepthStream()] [Closed] [future] and reconnect again [during Task.Delay]..
11:15:18.726343> WebSocket connected! Start @depth [Future] process...
11:15:18.769333> WebSocket connected! Start @depth [Future] process...
