20:48:56.903644> Binance - Vxxv1AWf[SPOT] SPOT Balance: 0.00000000 USDT
20:48:57.345331> WebSocket connected! Start @bookTicker [Future] process...
20:48:57.345331> WebSocket connected! Start @depth [Future] process...
20:48:57.347331> WebSocket connected! Start @bookTicker ...
20:48:57.348348> WebSocket connected! Start [SPOT] @depth@100ms process...
20:48:57.350332> WebSocket connected! Start Partial @depth20 [SPOT] process...
20:48:57.629366> Lenta has started...Start SubscribeToTradeStream @trade [{accType}] process...
20:48:57.647356> WebSocket connected! Start Partial @depth20 [SPOT] process...
20:48:57.701351> Lenta has started...Start SubscribeToTradeStream @trade [{accType}] process...
20:48:58.371812> Lenta has started...Start SubscribeToAggTradeStream @aggTrade [future] process...
20:48:58.644831> WebSocket connected! Start [SPOT] @depth@100ms process...
20:48:58.674825> WebSocket connected! Start @bookTicker ...
20:48:58.705834> Lenta has started...Start SubscribeToAggTradeStream @aggTrade [future] process...
20:48:58.730829> WebSocket connected! Start @depth [Future] process...
20:48:58.732830> WebSocket connected! Start Partial @depth20 [Future] process...
20:48:58.744834> WebSocket connected! Start @bookTicker [Future] process...
20:49:01.227306> BinanceFuture - Vxxv1AWf[USD_M] USD_M Balance: 0.07599264 USDT
20:49:02.381366> WebSocket connected! Start Partial @depth20 [Future] process...
20:51:00.332779> WebSocket [SubscribeBookTickerStream()] [future] error: Unable to read data from the transport connection: An existing connection was forcibly closed by the remote host.
20:51:00.592793> WebSocket [ConnectToDepthStream()] [future] error: Unable to read data from the transport connection: An existing connection was forcibly closed by the remote host.
20:51:04.489019> BinanceFuture - Vxxv1AWf[USD_M] Reconect to WebSocket #
20:51:04.489019> WebSocket [SubscribeBookTickerStream()] [Closed] [future] and reconnect again [during Task.Delay]..
20:51:05.341066> BinanceFuture - Vxxv1AWf[USD_M] Reconect to WebSocket #
20:51:05.342066> WebSocket [SubscribeBookTickerStream()] [Closed] [future] and reconnect again [during Task.Delay]..
20:51:05.759090> BinanceFuture - Vxxv1AWf[USD_M] Reconect to WebSocket #
20:51:05.760090> WebSocket [ConnectToDepthStream()] [Closed] [future] and reconnect again [during Task.Delay]..
