16:26:09.734634> Lenta has started...Start SubscribeToTradeStream @trade [{accType}] process...
16:26:09.735633> Lenta has started...Start SubscribeToAggTradeStream @aggTrade [future] process...
16:26:09.736634> WebSocket connected! Start @depth [Future] process...
16:26:09.739635> WebSocket connected! Start [MARGIN] @depth@100ms process...
16:26:09.742644> WebSocket connected! Start Partial @depth20 [MARGIN] process...
16:26:09.748635> WebSocket connected! Start Partial @depth20 [MARGIN] process...
16:26:09.769636> WebSocket connected! Start @bookTicker [Future] process...
16:26:09.782636> Lenta has started...Start SubscribeToTradeStream @trade [{accType}] process...
16:26:09.785636> WebSocket connected! Start @bookTicker ...
16:26:09.792637> WebSocket connected! Start @bookTicker ...
16:26:09.792637> WebSocket connected! Start [MARGIN] @depth@100ms process...
16:26:09.810637> WebSocket connected! Start Partial @depth20 [Future] process...
16:26:10.054667> WebSocket connected! Start @bookTicker [Future] process...
16:26:10.097655> WebSocket connected! Start @depth [Future] process...
16:26:10.099657> Lenta has started...Start SubscribeToAggTradeStream @aggTrade [future] process...
16:26:10.108656> WebSocket connected! Start Partial @depth20 [Future] process...
16:26:10.479675> Binance - Vxxv1AWf[MARGIN] MARGIN Balance: 0.55322108 USDT
16:26:10.607685> BinanceFuture - Vxxv1AWf[USD_M] USD_M Balance: 0.66986043 USDT
16:26:50.460077> BinanceFuture - Vxxv1AWf[USD_M] Reconect to WebSocket #
16:26:50.461063> WebSocket [ConnectToDepthStream()] [Closed] [future] and reconnect again [during Task.Delay]..
16:26:51.288404> BinanceFuture - Vxxv1AWf[USD_M] Reconect to WebSocket #
16:26:51.288404> WebSocket [ConnectToDepthStream()] [Closed] [future] and reconnect again [during Task.Delay]..
16:26:51.409410> BinanceFuture - Vxxv1AWf[USD_M] Reconect to WebSocket #
16:26:51.410392> WebSocket [SubscribeBookTickerStream()] [Closed] [future] and reconnect again [during Task.Delay]..
16:26:51.487401> WebSocket connected! Start @depth [Future] process...
16:26:51.629409> BinanceFuture - Vxxv1AWf[USD_M] Reconect to WebSocket #
16:26:51.630410> WebSocket [SubscribeBookTickerStream()] [Closed] [future] and reconnect again [during Task.Delay]..
16:26:52.345132> WebSocket connected! Start @depth [Future] process...
16:26:52.403138> WebSocket connected! Start @depth [Future] process...
16:26:52.686154> WebSocket connected! Start @depth [Future] process...
