22:23:05.667390> WebSocket connected! Start [MARGIN] @depth@100ms process...
22:23:05.843406> Binance - Vxxv1AWf[MARGIN] MARGIN Balance: 0.51434119 USDT
22:23:05.965417> WebSocket connected! Start Partial @depth20 [MARGIN] process...
22:23:05.969410> Lenta has started...Start SubscribeToAggTradeStream @aggTrade [future] process...
22:23:05.984411> WebSocket connected! Start @depth [Future] process...
22:23:05.986410> Lenta has started...Start SubscribeToTradeStream @trade [{accType}] process...
22:23:05.992411> WebSocket connected! Start Partial @depth20 [Future] process...
22:23:06.222421> BinanceFuture - Vxxv1AWf[USD_M] USD_M Balance: 0.66986043 USDT
22:23:06.230426> WebSocket connected! Start @depth [Future] process...
22:23:06.237429> WebSocket connected! Start [MARGIN] @depth@100ms process...
22:23:06.328430> Lenta has started...Start SubscribeToAggTradeStream @aggTrade [future] process...
22:23:06.543448> WebSocket connected! Start Partial @depth20 [Future] process...
22:23:06.578445> Lenta has started...Start SubscribeToTradeStream @trade [{accType}] process...
22:23:06.586444> WebSocket connected! Start Partial @depth20 [MARGIN] process...
22:33:22.130233> WebSocket [ConnectToDepthStream()] [future] error: Unable to read data from the transport connection: An existing connection was forcibly closed by the remote host.
22:33:22.132232> WebSocket [ConnectToDepthStream()] [Closed] [future] and reconnect again..
22:33:22.339244> WebSocket [SubscribePartialDepthStream()] [future] error: Unable to write data to the transport connection: An existing connection was forcibly closed by the remote host.
22:33:22.340247> WebSocket [SubscribePartialDepthStream()] [Closed] [future] and reconnect again..
22:37:12.360537> BinanceFuture - Vxxv1AWf[USD_M] Reconect to WebSocket #
22:37:12.361537> WebSocket [SubscribePartialDepthStream()] [Closed] [future] and reconnect again [during Task.Delay]..
22:37:12.368539> BinanceFuture - Vxxv1AWf[USD_M] Reconect to WebSocket #
22:37:12.368539> WebSocket [ConnectToDepthStream()] [Closed] [future] and reconnect again [during Task.Delay]..
