21:12:52.698241> Exec time: 0
21:12:52.717145> Exec time: 0
21:12:52.848154> Exec time: 0
21:12:52.867155> Exec time: 0
21:12:52.902157> Binance - Vxxv1AWf[SPOT] SPOT Balance: 0.00000000 USDT
21:12:53.261177> Exec time: 0
21:12:53.279181> Exec time: 0
21:12:53.409190> Exec time: 0
21:12:53.428192> Exec time: 0
21:12:53.464187> WebSocket connected! Start [SPOT] @depth@100ms process...
21:12:53.485190> Lenta has started...Start SubscribeToAggTradeStream @aggTrade [future] process...
21:12:53.583195> WebSocket connected! Start Partial @depth20 [SPOT] process...
21:12:53.587196> Lenta has started...Start SubscribeToTradeStream @trade [{accType}] process...
21:12:53.587196> WebSocket connected! Start @bookTicker ...
21:12:53.588198> WebSocket connected! Start Partial @depth20 [Future] process...
21:12:53.589195> WebSocket connected! Start @bookTicker [Future] process...
21:12:53.590197> Exec time: 0
21:12:53.593197> WebSocket connected! Start @depth [Future] process...
21:12:53.595196> Exec time: 0
21:12:53.638198> WebSocket connected! Start [SPOT] @depth@100ms process...
21:12:53.639199> WebSocket connected! Start Partial @depth20 [SPOT] process...
21:12:53.658199> WebSocket connected! Start @bookTicker ...
21:12:53.663199> Lenta has started...Start SubscribeToTradeStream @trade [{accType}] process...
21:12:53.860217> Exec time: 0
21:12:53.863227> Exec time: 0
21:12:53.879211> Exec time: 0
21:12:54.169228> WebSocket connected! Start @depth [Future] process...
21:12:54.181241> WebSocket connected! Start @bookTicker [Future] process...
21:12:54.253233> WebSocket connected! Start Partial @depth20 [Future] process...
21:12:54.253233> Lenta has started...Start SubscribeToAggTradeStream @aggTrade [future] process...
21:12:54.262238> BinanceFuture - Vxxv1AWf[USD_M] USD_M Balance: 0.59335425 USDT
21:12:54.267234> Exec time: 0
21:12:54.267234> Exec time: 0
21:12:54.288237> Exec time: 0
21:12:54.288237> Exec time: 0
21:12:54.335238> Exec time: 0
21:12:54.336242> Exec time: 0
21:12:54.337238> Exec time: 0
21:12:54.367240> Exec time: 0
21:12:54.458246> Exec time: 0
21:12:54.459247> Exec time: 0
21:12:54.476265> Exec time: 0
21:12:54.478247> Exec time: 0
21:12:54.689259> Exec time: 0
21:12:54.690261> Exec time: 0
21:12:54.706269> Exec time: 0
21:12:54.706269> Exec time: 0
