12:11:21.161777> Binance - Vxxv1AWf[SPOT] SPOT Balance: 0.00000000 USDT
12:11:21.304783> WebSocket connected! Start @bookTicker ...
12:11:21.304783> WebSocket connected! Start @depth [Future] process...
12:11:21.311784> WebSocket connected! Start Partial @depth20 [SPOT] process...
12:11:21.313799> Lenta has started...Start SubscribeToTradeStream @trade [{accType}] process...
12:11:21.319785> Lenta has started...Start SubscribeToAggTradeStream @aggTrade [future] process...
12:11:21.396791> WebSocket connected! Start @bookTicker ...
12:11:21.397790> WebSocket connected! Start [SPOT] @depth@100ms process...
12:11:21.406791> Lenta has started...Start SubscribeToTradeStream @trade [{accType}] process...
12:11:21.419791> WebSocket connected! Start Partial @depth20 [SPOT] process...
12:11:21.755810> WebSocket connected! Start Partial @depth20 [Future] process...
12:11:21.873828> WebSocket connected! Start @depth [Future] process...
12:11:21.876818> Lenta has started...Start SubscribeToAggTradeStream @aggTrade [future] process...
12:11:21.901818> WebSocket connected! Start Partial @depth20 [Future] process...
12:11:22.307182> WebSocket connected! Start @bookTicker [Future] process...
12:11:22.313183> WebSocket connected! Start [SPOT] @depth@100ms process...
12:11:22.917212> WebSocket connected! Start @bookTicker [Future] process...
12:11:24.168562> BinanceFuture - Vxxv1AWf[USD_M] USD_M Balance: 0.07599264 USDT
12:13:27.236863> BinanceFuture - Vxxv1AWf[USD_M] Reconect to WebSocket #
12:13:27.237863> WebSocket [SubscribeBookTickerStream()] [Closed] [future] and reconnect again [during Task.Delay]..
12:13:29.089970> WebSocket connected! Start @depth [Future] process...
12:13:37.242834> BinanceFuture - Vxxv1AWf[USD_M] Reconect to WebSocket #
12:13:37.244832> WebSocket [SubscribeBookTickerStream()] [Closed] [future] and reconnect again [during Task.Delay]..
12:13:39.472962> WebSocket connected! Start @depth [Future] process...
