10:03:04.877063> WebSocket connected! Start @depth [Future] process...
10:03:04.931065> WebSocket connected! Start @bookTicker ...
10:03:04.949065> WebSocket connected! Start [SPOT] @depth@100ms process...
10:03:04.952066> Lenta has started...Start SubscribeToTradeStream @trade [{accType}] process...
10:03:04.958066> WebSocket connected! Start @bookTicker [Future] process...
10:03:04.964066> WebSocket connected! Start Partial @depth20 [SPOT] process...
10:03:04.994068> Lenta has started...Start SubscribeToAggTradeStream @aggTrade [future] process...
10:03:04.994068> WebSocket connected! Start [SPOT] @depth@100ms process...
10:03:04.995069> WebSocket connected! Start Partial @depth20 [Future] process...
10:03:05.001068> Lenta has started...Start SubscribeToTradeStream @trade [{accType}] process...
10:03:05.023071> WebSocket connected! Start @bookTicker ...
10:03:05.024069> WebSocket connected! Start Partial @depth20 [SPOT] process...
10:03:05.820114> WebSocket connected! Start Partial @depth20 [Future] process...
10:03:05.826115> Lenta has started...Start SubscribeToAggTradeStream @aggTrade [future] process...
10:03:05.826115> WebSocket connected! Start @depth [Future] process...
10:03:05.832118> WebSocket connected! Start @bookTicker [Future] process...
10:03:06.196138> Binance - Vxxv1AWf[SPOT] SPOT Balance: 0.00000000 USDT
10:03:06.224138> BinanceFuture - Vxxv1AWf[USD_M] USD_M Balance: 0.00271518 USDT
10:08:33.942324> WebSocket [ConnectToDepthStream()] [future] error: Unable to read data from the transport connection: An existing connection was forcibly closed by the remote host.
10:08:33.942324> WebSocket [SubscribeBookTickerStream()] [future] error: Unable to read data from the transport connection: An existing connection was forcibly closed by the remote host.
10:08:33.947325> WebSocket [SubscribePartialDepthStream()] [future] error: Unable to read data from the transport connection: An existing connection was forcibly closed by the remote host.
10:08:34.248342> WebSocket [SubscribeBookTickerStream()] [future] error: Unable to read data from the transport connection: An existing connection was forcibly closed by the remote host.
10:08:38.994613> BinanceFuture - Vxxv1AWf[USD_M] Reconect to WebSocket #
10:08:38.996620> WebSocket [SubscribePartialDepthStream()] [Closed] [future] and reconnect again [during Task.Delay]..
10:08:38.997616> BinanceFuture - Vxxv1AWf[USD_M] Reconect SubscribeBookTickerStream WebSocket #
10:08:38.997616> WebSocket [SubscribeBookTickerStream()] [Closed] [future] and reconnect again [during Task.Delay]..
10:08:38.999623> BinanceFuture - Vxxv1AWf[USD_M] Reconect ConnectToDepthStream() to WebSocket #
10:08:39.000621> WebSocket [ConnectToDepthStream()] [Closed] [future] and reconnect again [during Task.Delay]..
10:08:39.535643> BinanceFuture - Vxxv1AWf[USD_M] Reconect SubscribeBookTickerStream WebSocket #
10:08:39.535643> WebSocket [SubscribeBookTickerStream()] [Closed] [future] and reconnect again [during Task.Delay]..
10:08:40.769715> WebSocket connected! Start @bookTicker [Future] process...
10:08:41.218743> WebSocket connected! Start @depth [Future] process...
10:08:41.555763> WebSocket connected! Start @bookTicker [Future] process...
10:08:42.377808> WebSocket connected! Start @depth [Future] process...
10:08:42.842833> BinanceFuture - Vxxv1AWf[USD_M] Reconect ConnectToDepthStream() to WebSocket #
10:08:42.851834> WebSocket [ConnectToDepthStream()] [Closed] [future] and reconnect again [during Task.Delay]..
10:08:45.233972> WebSocket connected! Start @depth [Future] process...
10:17:52.460294> WebSocket [SubscribeBookTickerStream()] [future] error: Unable to read data from the transport connection: An existing connection was forcibly closed by the remote host.
10:17:55.219452> WebSocket [SubscribeBookTickerStream()] [future] error: Unable to read data from the transport connection: An existing connection was forcibly closed by the remote host.
10:17:57.667590> BinanceFuture - Vxxv1AWf[USD_M] Reconect SubscribeBookTickerStream WebSocket #
10:17:57.667590> WebSocket [SubscribeBookTickerStream()] [Closed] [future] and reconnect again [during Task.Delay]..
10:17:59.683715> WebSocket connected! Start @bookTicker [Future] process...
10:18:00.270752> BinanceFuture - Vxxv1AWf[USD_M] Reconect SubscribeBookTickerStream WebSocket #
10:18:00.271743> WebSocket [SubscribeBookTickerStream()] [Closed] [future] and reconnect again [during Task.Delay]..
10:18:01.209794> WebSocket connected! Start @bookTicker [Future] process...
10:19:28.756815> WebSocket [SubscribeBookTickerStream()] [future] error: Unable to read data from the transport connection: An established connection was aborted by the software in your host machine.
10:19:33.914108> BinanceFuture - Vxxv1AWf[USD_M] Reconect SubscribeBookTickerStream WebSocket #
10:19:33.915109> WebSocket [SubscribeBookTickerStream()] [Closed] [future] and reconnect again [during Task.Delay]..
10:19:35.335189> WebSocket connected! Start @bookTicker [Future] process...
10:20:17.311596> BinanceFuture - Vxxv1AWf[USD_M] Reconect SubscribeBookTickerStream WebSocket #
10:20:17.312598> WebSocket [SubscribeBookTickerStream()] [Closed] [future] and reconnect again [during Task.Delay]..
10:20:19.018693> WebSocket connected! Start @bookTicker [Future] process...
10:20:43.821119> WebSocket [ConnectToDepthStream()] [future] error: Unable to read data from the transport connection: An existing connection was forcibly closed by the remote host.
10:20:48.918411> BinanceFuture - Vxxv1AWf[USD_M] Reconect ConnectToDepthStream() to WebSocket #
10:20:48.919415> WebSocket [ConnectToDepthStream()] [Closed] [future] and reconnect again [during Task.Delay]..
10:20:50.239486> WebSocket connected! Start @depth [Future] process...
10:21:32.247896> BinanceFuture - Vxxv1AWf[USD_M] Reconect SubscribeBookTickerStream WebSocket #
10:21:32.247896> WebSocket [SubscribeBookTickerStream()] [Closed] [future] and reconnect again [during Task.Delay]..
10:21:33.423962> WebSocket connected! Start @bookTicker [Future] process...
10:23:48.375710> WebSocket [ConnectToDepthStream()] [future] error: Unable to read data from the transport connection: An existing connection was forcibly closed by the remote host.
10:23:48.621713> WebSocket [ConnectToDepthStream()] [future] error: Unable to read data from the transport connection: An existing connection was forcibly closed by the remote host.
10:23:53.444989> BinanceFuture - Vxxv1AWf[USD_M] Reconect ConnectToDepthStream() to WebSocket #
10:23:53.446988> WebSocket [ConnectToDepthStream()] [Closed] [future] and reconnect again [during Task.Delay]..
10:23:54.601055> BinanceFuture - Vxxv1AWf[USD_M] Reconect ConnectToDepthStream() to WebSocket #
10:23:54.601055> WebSocket [ConnectToDepthStream()] [Closed] [future] and reconnect again [during Task.Delay]..
10:23:54.918623> WebSocket connected! Start @depth [Future] process...
10:23:55.734122> WebSocket connected! Start @depth [Future] process...
10:26:05.789583> BinanceFuture - Vxxv1AWf[USD_M] Reconect ConnectToDepthStream() to WebSocket #
10:26:05.801580> WebSocket [ConnectToDepthStream()] [Closed] [future] and reconnect again [during Task.Delay]..
10:26:06.949645> WebSocket connected! Start @depth [Future] process...
10:27:32.987964> BinanceFuture - Vxxv1AWf[USD_M] Reconect SubscribeBookTickerStream WebSocket #
10:27:32.987964> WebSocket [SubscribeBookTickerStream()] [Closed] [future] and reconnect again [during Task.Delay]..
10:27:34.404044> WebSocket connected! Start @bookTicker [Future] process...
10:28:21.045718> WebSocket [SubscribeBookTickerStream()] [future] error: Unable to read data from the transport connection: An existing connection was forcibly closed by the remote host.
10:28:26.477032> BinanceFuture - Vxxv1AWf[USD_M] Reconect SubscribeBookTickerStream WebSocket #
10:28:26.478030> WebSocket [SubscribeBookTickerStream()] [Closed] [future] and reconnect again [during Task.Delay]..
10:28:28.366136> WebSocket connected! Start @bookTicker [Future] process...
10:29:11.465619> BinanceFuture - Vxxv1AWf[USD_M] Reconect SubscribeBookTickerStream WebSocket #
10:29:11.499609> WebSocket [SubscribeBookTickerStream()] [Closed] [future] and reconnect again [during Task.Delay]..
10:29:12.741681> WebSocket connected! Start @bookTicker [Future] process...
10:29:15.074815> BinanceFuture - Vxxv1AWf[USD_M] Reconect SubscribeBookTickerStream WebSocket #
10:29:15.074815> WebSocket [SubscribeBookTickerStream()] [Closed] [future] and reconnect again [during Task.Delay]..
10:29:15.835858> WebSocket connected! Start @bookTicker [Future] process...
10:29:56.062164> WebSocket [ConnectToDepthStream()] [future] error: Unable to read data from the transport connection: An established connection was aborted by the software in your host machine.
10:29:57.433243> WebSocket [ConnectToDepthStream()] [future] error: Unable to read data from the transport connection: An existing connection was forcibly closed by the remote host.
10:30:01.298469> BinanceFuture - Vxxv1AWf[USD_M] Reconect ConnectToDepthStream() to WebSocket #
10:30:01.299467> WebSocket [ConnectToDepthStream()] [Closed] [future] and reconnect again [during Task.Delay]..
10:30:03.089570> WebSocket connected! Start @depth [Future] process...
10:31:25.406291> BinanceFuture - Vxxv1AWf[USD_M] Reconect SubscribeBookTickerStream WebSocket #
10:31:25.406291> WebSocket [SubscribeBookTickerStream()] [Closed] [future] and reconnect again [during Task.Delay]..
10:31:26.631358> WebSocket connected! Start @bookTicker [Future] process...
10:32:13.805066> WebSocket [ConnectToDepthStream()] [future] error: Unable to read data from the transport connection: An established connection was aborted by the software in your host machine.
10:32:18.919357> BinanceFuture - Vxxv1AWf[USD_M] Reconect ConnectToDepthStream() to WebSocket #
10:32:19.001368> WebSocket [ConnectToDepthStream()] [Closed] [future] and reconnect again [during Task.Delay]..
10:32:21.426500> WebSocket connected! Start @depth [Future] process...
10:33:08.009170> BinanceFuture - Vxxv1AWf[USD_M] Reconect SubscribeBookTickerStream WebSocket #
10:33:08.009170> WebSocket [SubscribeBookTickerStream()] [Closed] [future] and reconnect again [during Task.Delay]..
10:33:09.593262> WebSocket connected! Start @bookTicker [Future] process...
10:35:22.073858> WebSocket [SubscribeBookTickerStream()] [future] error: Unable to read data from the transport connection: An existing connection was forcibly closed by the remote host.
10:35:27.464166> BinanceFuture - Vxxv1AWf[USD_M] Reconect SubscribeBookTickerStream WebSocket #
10:35:27.464166> WebSocket [SubscribeBookTickerStream()] [Closed] [future] and reconnect again [during Task.Delay]..
10:35:28.985263> WebSocket connected! Start @bookTicker [Future] process...
10:35:41.197957> WebSocket [ConnectToDepthStream()] [future] error: Unable to read data from the transport connection: An established connection was aborted by the software in your host machine.
10:35:44.255132> BinanceFuture - Vxxv1AWf[USD_M] Reconect SubscribeBookTickerStream WebSocket #
10:35:44.255132> WebSocket [SubscribeBookTickerStream()] [Closed] [future] and reconnect again [during Task.Delay]..
10:35:45.218186> WebSocket connected! Start @bookTicker [Future] process...
10:35:46.225241> BinanceFuture - Vxxv1AWf[USD_M] Reconect ConnectToDepthStream() to WebSocket #
10:35:46.225241> WebSocket [ConnectToDepthStream()] [Closed] [future] and reconnect again [during Task.Delay]..
10:35:47.340306> WebSocket connected! Start @depth [Future] process...
10:38:23.600267> WebSocket [ConnectToDepthStream()] [future] error: Unable to read data from the transport connection: An established connection was aborted by the software in your host machine.
10:38:28.759573> BinanceFuture - Vxxv1AWf[USD_M] Reconect ConnectToDepthStream() to WebSocket #
10:38:28.760571> WebSocket [ConnectToDepthStream()] [Closed] [future] and reconnect again [during Task.Delay]..
10:38:30.192649> WebSocket connected! Start @depth [Future] process...
10:38:48.951723> WebSocket [ConnectToDepthStream()] [future] error: Unable to read data from the transport connection: An existing connection was forcibly closed by the remote host.
10:38:54.215022> BinanceFuture - Vxxv1AWf[USD_M] Reconect ConnectToDepthStream() to WebSocket #
10:38:54.219021> WebSocket [ConnectToDepthStream()] [Closed] [future] and reconnect again [during Task.Delay]..
10:38:55.704110> WebSocket connected! Start @depth [Future] process...
10:44:31.221926> WebSocket [ConnectToDepthStream()] [future] error: Unable to read data from the transport connection: An existing connection was forcibly closed by the remote host.
10:44:36.277217> BinanceFuture - Vxxv1AWf[USD_M] Reconect ConnectToDepthStream() to WebSocket #
10:44:36.283216> WebSocket [ConnectToDepthStream()] [Closed] [future] and reconnect again [during Task.Delay]..
10:44:37.660296> WebSocket connected! Start @depth [Future] process...
10:44:57.626444> WebSocket [ConnectToDepthStream()] [future] error: Unable to read data from the transport connection: An existing connection was forcibly closed by the remote host.
10:45:02.776735> BinanceFuture - Vxxv1AWf[USD_M] Reconect ConnectToDepthStream() to WebSocket #
10:45:02.781736> WebSocket [ConnectToDepthStream()] [Closed] [future] and reconnect again [during Task.Delay]..
10:45:04.383830> WebSocket connected! Start @depth [Future] process...
10:46:51.034944> BinanceFuture - Vxxv1AWf[USD_M] Reconect SubscribeBookTickerStream WebSocket #
10:46:51.034944> WebSocket [SubscribeBookTickerStream()] [Closed] [future] and reconnect again [during Task.Delay]..
10:46:52.789045> WebSocket connected! Start @bookTicker [Future] process...
10:47:30.362200> WebSocket [SubscribeBookTickerStream()] [future] error: Unable to read data from the transport connection: An existing connection was forcibly closed by the remote host.
10:47:34.552440> BinanceFuture - Vxxv1AWf[USD_M] Reconect ConnectToDepthStream() to WebSocket #
10:47:34.555438> WebSocket [ConnectToDepthStream()] [Closed] [future] and reconnect again [during Task.Delay]..
10:47:35.395488> BinanceFuture - Vxxv1AWf[USD_M] Reconect SubscribeBookTickerStream WebSocket #
10:47:35.396488> WebSocket [SubscribeBookTickerStream()] [Closed] [future] and reconnect again [during Task.Delay]..
10:47:36.249535> WebSocket connected! Start @depth [Future] process...
10:47:36.972576> WebSocket connected! Start @bookTicker [Future] process...
