13:22:57.910883> Lenta has started...Start SubscribeToTradeStream @trade [{accType}] process...
13:22:57.910883> WebSocket connected! Start Partial @depth20 [SPOT] process...
13:22:57.913891> WebSocket connected! Start @depth [Future] process...
13:22:57.914880> WebSocket connected! Start [SPOT] @depth@100ms process...
13:22:57.914880> WebSocket connected! Start @bookTicker ...
13:22:57.915879> WebSocket connected! Start @bookTicker [Future] process...
13:22:57.917881> Lenta has started...Start SubscribeToAggTradeStream @aggTrade [future] process...
13:22:57.911878> WebSocket connected! Start Partial @depth20 [Future] process...
13:22:58.235902> WebSocket connected! Start @bookTicker [Future] process...
13:22:58.464948> WebSocket connected! Start Partial @depth20 [Future] process...
13:22:58.495922> WebSocket connected! Start [SPOT] @depth@100ms process...
13:22:58.497919> WebSocket connected! Start @depth [Future] process...
13:22:58.506920> Binance - Vxxv1AWf[SPOT] SPOT Balance: 0.00000000 USDT
13:22:58.507913> Lenta has started...Start SubscribeToTradeStream @trade [{accType}] process...
13:22:58.553920> WebSocket connected! Start @bookTicker ...
13:22:58.555916> WebSocket connected! Start Partial @depth20 [SPOT] process...
13:22:58.622919> Lenta has started...Start SubscribeToAggTradeStream @aggTrade [future] process...
13:22:59.112956> BinanceFuture - Vxxv1AWf[USD_M] USD_M Balance: 0.00271518 USDT
13:43:33.445288> WebSocket [SubscribeBookTickerStream()] [future] error: Unable to read data from the transport connection: An established connection was aborted by the software in your host machine.
13:43:38.555581> BinanceFuture - Vxxv1AWf[USD_M] Reconect SubscribeBookTickerStream WebSocket #
13:43:38.613585> WebSocket [SubscribeBookTickerStream()] [Closed] [future] and reconnect again [during Task.Delay]..
13:43:40.975720> WebSocket connected! Start @bookTicker [Future] process...
14:22:45.017723> WebSocket [SubscribeBookTickerStream()] [future] error: Unable to read data from the transport connection: An existing connection was forcibly closed by the remote host.
14:22:50.028552> BinanceFuture - Vxxv1AWf[USD_M] Reconect SubscribeBookTickerStream WebSocket #
14:22:50.029552> WebSocket [SubscribeBookTickerStream()] [Closed] [future] and reconnect again [during Task.Delay]..
14:22:53.308578> WebSocket connected! Start @bookTicker [Future] process...
14:23:03.441532> BinanceFuture - Vxxv1AWf[USD_M] Reconect SubscribeBookTickerStream WebSocket #
14:23:03.443533> WebSocket [SubscribeBookTickerStream()] [Closed] [future] and reconnect again [during Task.Delay]..
14:23:05.005609> WebSocket connected! Start @bookTicker [Future] process...
14:23:11.113368> WebSocket [ConnectToDepthStream()] [future] error: Unable to read data from the transport connection: An existing connection was forcibly closed by the remote host.
14:23:16.188824> BinanceFuture - Vxxv1AWf[USD_M] Reconect ConnectToDepthStream() to WebSocket #
14:23:16.188824> WebSocket [ConnectToDepthStream()] [Closed] [future] and reconnect again [during Task.Delay]..
14:23:18.292876> WebSocket connected! Start @depth [Future] process...
14:23:33.109276> BinanceFuture - Vxxv1AWf[USD_M] Reconect ConnectToDepthStream() to WebSocket #
14:23:33.109276> WebSocket [ConnectToDepthStream()] [Closed] [future] and reconnect again [during Task.Delay]..
14:23:34.606454> WebSocket connected! Start @depth [Future] process...
14:23:36.652732> BinanceFuture - Vxxv1AWf[USD_M] Reconect SubscribeBookTickerStream WebSocket #
14:23:36.653723> WebSocket [SubscribeBookTickerStream()] [Closed] [future] and reconnect again [during Task.Delay]..
14:23:39.581119> WebSocket connected! Start @bookTicker [Future] process...
14:25:28.203118> BinanceFuture - Vxxv1AWf[USD_M] Reconect ConnectToDepthStream() to WebSocket #
14:25:28.204110> WebSocket [ConnectToDepthStream()] [Closed] [future] and reconnect again [during Task.Delay]..
14:25:30.294847> WebSocket connected! Start @depth [Future] process...
14:25:38.958729> BinanceFuture - Vxxv1AWf[USD_M] Reconect SubscribeBookTickerStream WebSocket #
14:25:38.959720> WebSocket [SubscribeBookTickerStream()] [Closed] [future] and reconnect again [during Task.Delay]..
14:25:41.322995> WebSocket connected! Start @bookTicker [Future] process...
14:26:05.173361> WebSocket [ConnectToDepthStream()] [future] error: Received an unexpected EOF or 0 bytes from the transport stream.
14:26:10.245653> BinanceFuture - Vxxv1AWf[USD_M] Reconect ConnectToDepthStream() to WebSocket #
14:26:10.246654> WebSocket [ConnectToDepthStream()] [Closed] [future] and reconnect again [during Task.Delay]..
14:26:13.329898> WebSocket connected! Start @depth [Future] process...
14:26:24.976765> BinanceFuture - Vxxv1AWf[USD_M] Reconect SubscribeBookTickerStream WebSocket #
14:26:24.977766> WebSocket [SubscribeBookTickerStream()] [Closed] [future] and reconnect again [during Task.Delay]..
14:26:25.776175> WebSocket connected! Start @bookTicker [Future] process...
14:27:03.571654> BinanceFuture - Vxxv1AWf[USD_M] Reconect SubscribeBookTickerStream WebSocket #
14:27:03.572651> WebSocket [SubscribeBookTickerStream()] [Closed] [future] and reconnect again [during Task.Delay]..
14:27:04.663534> WebSocket connected! Start @bookTicker [Future] process...
14:46:20.787529> BinanceFuture - Vxxv1AWf[USD_M] Reconect SubscribeBookTickerStream WebSocket #
14:46:20.790527> WebSocket [SubscribeBookTickerStream()] [Closed] [future] and reconnect again [during Task.Delay]..
14:46:21.959141> WebSocket connected! Start @bookTicker [Future] process...
14:57:56.282469> Ask error : The given key was not present in the dictionary.
15:04:29.610021> WebSocket [SubscribeBookTickerStream()] [future] error: Unable to read data from the transport connection: An existing connection was forcibly closed by the remote host.
15:04:34.651311> BinanceFuture - Vxxv1AWf[USD_M] Reconect SubscribeBookTickerStream WebSocket #
15:04:34.668311> WebSocket [SubscribeBookTickerStream()] [Closed] [future] and reconnect again [during Task.Delay]..
15:04:41.046775> WebSocket connected! Start @bookTicker [Future] process...
15:05:24.248178> WebSocket [ConnectToDepthStream()] [future] error: Received an unexpected EOF or 0 bytes from the transport stream.
15:05:26.720295> BinanceFuture - Vxxv1AWf[USD_M] Reconect SubscribeBookTickerStream WebSocket #
15:05:26.720295> WebSocket [SubscribeBookTickerStream()] [Closed] [future] and reconnect again [during Task.Delay]..
15:05:29.273447> BinanceFuture - Vxxv1AWf[USD_M] Reconect ConnectToDepthStream() to WebSocket #
15:05:29.554457> WebSocket connected! Start @bookTicker [Future] process...
15:05:31.129547> WebSocket [ConnectToDepthStream()] [Closed] [future] and reconnect again [during Task.Delay]..
15:05:54.507887> WebSocket connected! Start @depth [Future] process...
15:06:52.243199> BinanceFuture - Vxxv1AWf[USD_M] Reconect SubscribeBookTickerStream WebSocket #
15:06:52.245200> WebSocket [SubscribeBookTickerStream()] [Closed] [future] and reconnect again [during Task.Delay]..
15:06:56.240427> WebSocket connected! Start @bookTicker [Future] process...
15:09:21.388749> BinanceFuture - Vxxv1AWf[USD_M] Reconect SubscribeBookTickerStream WebSocket #
15:09:21.404754> WebSocket [SubscribeBookTickerStream()] [Closed] [future] and reconnect again [during Task.Delay]..
15:09:25.505987> WebSocket connected! Start @bookTicker [Future] process...
15:10:41.494345> BinanceFuture - Vxxv1AWf[USD_M] Reconect SubscribeBookTickerStream WebSocket #
15:10:41.495344> WebSocket [SubscribeBookTickerStream()] [Closed] [future] and reconnect again [during Task.Delay]..
15:10:46.231614> WebSocket connected! Start @bookTicker [Future] process...
15:13:05.744613> BinanceFuture - Vxxv1AWf[USD_M] Reconect SubscribeBookTickerStream WebSocket #
15:13:05.760615> WebSocket [SubscribeBookTickerStream()] [Closed] [future] and reconnect again [during Task.Delay]..
15:13:09.968858> WebSocket connected! Start @bookTicker [Future] process...
15:13:59.294684> BinanceFuture - Vxxv1AWf[USD_M] Reconect SubscribeBookTickerStream WebSocket #
15:13:59.295688> WebSocket [SubscribeBookTickerStream()] [Closed] [future] and reconnect again [during Task.Delay]..
15:14:00.132732> WebSocket [ConnectToDepthStream()] [future] error: Unable to read data from the transport connection: An existing connection was forcibly closed by the remote host.
15:14:01.523813> WebSocket connected! Start @bookTicker [Future] process...
15:14:05.478041> BinanceFuture - Vxxv1AWf[USD_M] Reconect ConnectToDepthStream() to WebSocket #
15:14:05.674054> WebSocket [ConnectToDepthStream()] [Closed] [future] and reconnect again [during Task.Delay]..
15:14:15.405622> WebSocket connected! Start @depth [Future] process...
15:14:55.921930> WebSocket [ConnectToDepthStream()] [future] error: Unable to read data from the transport connection: An existing connection was forcibly closed by the remote host.
15:15:01.242238> BinanceFuture - Vxxv1AWf[USD_M] Reconect ConnectToDepthStream() to WebSocket #
15:15:01.242238> WebSocket [ConnectToDepthStream()] [Closed] [future] and reconnect again [during Task.Delay]..
15:15:16.579116> WebSocket connected! Start @depth [Future] process...
15:16:33.475527> BinanceFuture - Vxxv1AWf[USD_M] Reconect SubscribeBookTickerStream WebSocket #
15:16:33.489528> WebSocket [SubscribeBookTickerStream()] [Closed] [future] and reconnect again [during Task.Delay]..
15:16:37.920783> WebSocket connected! Start @bookTicker [Future] process...
15:18:55.830688> BinanceFuture - Vxxv1AWf[USD_M] Reconect SubscribeBookTickerStream WebSocket #
15:18:55.830688> WebSocket [SubscribeBookTickerStream()] [Closed] [future] and reconnect again [during Task.Delay]..
15:18:57.359776> WebSocket connected! Start @bookTicker [Future] process...
15:20:12.923108> BinanceFuture - Vxxv1AWf[USD_M] Reconect SubscribeBookTickerStream WebSocket #
15:20:12.924109> WebSocket [SubscribeBookTickerStream()] [Closed] [future] and reconnect again [during Task.Delay]..
15:20:14.332202> WebSocket connected! Start @bookTicker [Future] process...
15:21:36.400364> BinanceFuture - Vxxv1AWf[USD_M] Reconect SubscribeBookTickerStream WebSocket #
15:21:36.402365> WebSocket [SubscribeBookTickerStream()] [Closed] [future] and reconnect again [during Task.Delay]..
15:21:39.085519> WebSocket connected! Start @bookTicker [Future] process...
15:22:49.148541> BinanceFuture - Vxxv1AWf[USD_M] Reconect SubscribeBookTickerStream WebSocket #
15:22:49.149536> WebSocket [SubscribeBookTickerStream()] [Closed] [future] and reconnect again [during Task.Delay]..
15:22:51.888692> WebSocket connected! Start @bookTicker [Future] process...
15:23:49.636004> WebSocket [SubscribeBookTickerStream()] [future] error: Received an unexpected EOF or 0 bytes from the transport stream.
15:23:54.654290> BinanceFuture - Vxxv1AWf[USD_M] Reconect SubscribeBookTickerStream WebSocket #
15:23:54.675291> WebSocket [SubscribeBookTickerStream()] [Closed] [future] and reconnect again [during Task.Delay]..
15:23:59.747584> WebSocket connected! Start @bookTicker [Future] process...
15:26:02.222401> BinanceFuture - Vxxv1AWf[USD_M] Reconect SubscribeBookTickerStream WebSocket #
15:26:02.237607> WebSocket [SubscribeBookTickerStream()] [Closed] [future] and reconnect again [during Task.Delay]..
15:26:06.135830> WebSocket connected! Start @bookTicker [Future] process...
15:27:47.910666> BinanceFuture - Vxxv1AWf[USD_M] Reconect SubscribeBookTickerStream WebSocket #
15:27:47.911667> WebSocket [SubscribeBookTickerStream()] [Closed] [future] and reconnect again [during Task.Delay]..
15:27:48.061678> WebSocket [ConnectToDepthStream()] [future] error: Unable to read data from the transport connection: An existing connection was forcibly closed by the remote host.
15:27:49.429754> WebSocket connected! Start @bookTicker [Future] process...
15:27:53.233972> BinanceFuture - Vxxv1AWf[USD_M] Reconect ConnectToDepthStream() to WebSocket #
15:27:53.269973> WebSocket [ConnectToDepthStream()] [Closed] [future] and reconnect again [during Task.Delay]..
15:28:02.371496> WebSocket connected! Start @depth [Future] process...
15:29:52.680819> BinanceFuture - Vxxv1AWf[USD_M] Reconect SubscribeBookTickerStream WebSocket #
15:29:52.686819> WebSocket [SubscribeBookTickerStream()] [Closed] [future] and reconnect again [during Task.Delay]..
15:29:55.054955> WebSocket connected! Start @bookTicker [Future] process...
15:31:14.240496> BinanceFuture - Vxxv1AWf[USD_M] Reconect SubscribeBookTickerStream WebSocket #
15:31:14.243501> WebSocket [SubscribeBookTickerStream()] [Closed] [future] and reconnect again [during Task.Delay]..
15:31:19.752811> WebSocket connected! Start @bookTicker [Future] process...
