18:03:58.433817> Binance - Vxxv1AWf[SPOT] SPOT Balance: 0.00000000 USDT
18:03:58.628816> Lenta has started...Start SubscribeToAggTradeStream @aggTrade [future] process...
18:03:58.628816> WebSocket connected! Start @depth [Future] process...
18:03:58.629815> WebSocket connected! Start Partial @depth20 [SPOT] process...
18:03:58.628816> Lenta has started...Start SubscribeToTradeStream @trade [{accType}] process...
18:03:58.631815> WebSocket connected! Start Partial @depth20 [Future] process...
18:03:58.633817> WebSocket connected! Start [SPOT] @depth@100ms process...
18:03:58.713821> WebSocket connected! Start Partial @depth20 [SPOT] process...
18:03:58.725823> Lenta has started...Start SubscribeToTradeStream @trade [{accType}] process...
18:03:58.727832> WebSocket connected! Start [SPOT] @depth@100ms process...
18:03:59.250208> Lenta has started...Start SubscribeToAggTradeStream @aggTrade [future] process...
18:03:59.258198> WebSocket connected! Start Partial @depth20 [Future] process...
18:03:59.261200> WebSocket connected! Start @depth [Future] process...
18:03:59.294201> New Max DevBuy (-): 0.00000000 GapBuy:29.38000000 avgGapBuy:29.38000000 deviationBuy:0.00000000
18:03:59.294201> Ask1: 56949.40 Bid1:56949.30 Ask2:56920.02000000 Bid2:56920.01000000
18:03:59.294201> New Min DevSell: 0.0 GapSell:29.29000000 avgGapSell:29.29000000 deviationSell:0.00000000
18:03:59.295201> Ask1: 56949.40 Bid1:56949.30 Ask2:56920.02000000 Bid2:56920.01000000
18:03:59.300201> New Max DevBuy (-): 0.00000000 GapBuy:29.38000000 avgGapBuy:29.38000000 deviationBuy:0.00000000
18:03:59.301205> Ask1: 56949.40 Bid1:56949.30 Ask2:56920.02000000 Bid2:56920.01000000
18:03:59.301205> New Min DevSell: 0.0 GapSell:29.29000000 avgGapSell:29.29000000 deviationSell:0.00000000
18:03:59.301205> Ask1: 56949.40 Bid1:56949.30 Ask2:56920.02000000 Bid2:56920.01000000
18:03:59.303202> New Max DevBuy (-): 0.00000000 GapBuy:29.38000000 avgGapBuy:29.38000000 deviationBuy:0.00000000
18:03:59.303202> Ask1: 56949.40 Bid1:56949.30 Ask2:56920.02000000 Bid2:56920.01000000
18:03:59.303202> New Min DevSell: 0.0 GapSell:29.29000000 avgGapSell:29.29000000 deviationSell:0.00000000
18:03:59.303202> Ask1: 56949.40 Bid1:56949.30 Ask2:56920.02000000 Bid2:56920.01000000
18:03:59.306213> New Max DevBuy (-): 0.00000000 GapBuy:29.38000000 avgGapBuy:29.38000000 deviationBuy:0.00000000
18:03:59.306213> Ask1: 56949.40 Bid1:56949.30 Ask2:56920.02000000 Bid2:56920.01000000
18:03:59.306213> New Min DevSell: 0.0 GapSell:29.29000000 avgGapSell:29.29000000 deviationSell:0.00000000
18:03:59.306213> Ask1: 56949.40 Bid1:56949.30 Ask2:56920.02000000 Bid2:56920.01000000
18:03:59.308215> New Max DevBuy (-): 0.00000000 GapBuy:29.38000000 avgGapBuy:29.38000000 deviationBuy:0.00000000
18:03:59.308215> Ask1: 56949.40 Bid1:56949.30 Ask2:56920.02000000 Bid2:56920.01000000
18:03:59.308215> New Min DevSell: 0.0 GapSell:29.29000000 avgGapSell:29.29000000 deviationSell:0.00000000
18:03:59.308215> Ask1: 56949.40 Bid1:56949.30 Ask2:56920.02000000 Bid2:56920.01000000
18:03:59.310209> New Max DevBuy (-): 0.00000000 GapBuy:29.38000000 avgGapBuy:29.38000000 deviationBuy:0.00000000
18:03:59.310209> Ask1: 56949.40 Bid1:56949.30 Ask2:56920.02000000 Bid2:56920.01000000
18:03:59.310209> New Min DevSell: 0.0 GapSell:29.29000000 avgGapSell:29.29000000 deviationSell:0.00000000
18:03:59.310209> Ask1: 56949.40 Bid1:56949.30 Ask2:56920.02000000 Bid2:56920.01000000
18:03:59.312209> New Max DevBuy (-): 0.00000000 GapBuy:29.38000000 avgGapBuy:29.38000000 deviationBuy:0.00000000
18:03:59.312209> Ask1: 56949.40 Bid1:56949.30 Ask2:56920.02000000 Bid2:56920.01000000
18:03:59.312209> New Min DevSell: 0.0 GapSell:29.29000000 avgGapSell:29.29000000 deviationSell:0.00000000
18:03:59.312209> Ask1: 56949.40 Bid1:56949.30 Ask2:56920.02000000 Bid2:56920.01000000
18:03:59.314209> New Max DevBuy (-): 0.00000000 GapBuy:29.38000000 avgGapBuy:29.38000000 deviationBuy:0.00000000
18:03:59.314209> Ask1: 56949.40 Bid1:56949.30 Ask2:56920.02000000 Bid2:56920.01000000
18:03:59.314209> New Min DevSell: 0.0 GapSell:29.29000000 avgGapSell:29.29000000 deviationSell:0.00000000
18:03:59.314209> Ask1: 56949.40 Bid1:56949.30 Ask2:56920.02000000 Bid2:56920.01000000
18:03:59.316216> New Max DevBuy (-): 0.00000000 GapBuy:29.38000000 avgGapBuy:29.38000000 deviationBuy:0.00000000
18:03:59.316216> Ask1: 56949.40 Bid1:56949.30 Ask2:56920.02000000 Bid2:56920.01000000
18:03:59.316216> New Min DevSell: 0.0 GapSell:29.29000000 avgGapSell:29.29000000 deviationSell:0.00000000
18:03:59.316216> Ask1: 56949.40 Bid1:56949.30 Ask2:56920.02000000 Bid2:56920.01000000
18:03:59.318212> New Max DevBuy (-): 0.00000000 GapBuy:29.38000000 avgGapBuy:29.38000000 deviationBuy:0.00000000
18:03:59.318212> Ask1: 56949.40 Bid1:56949.30 Ask2:56920.02000000 Bid2:56920.01000000
18:03:59.318212> New Min DevSell: 0.0 GapSell:29.29000000 avgGapSell:29.29000000 deviationSell:0.00000000
18:03:59.318212> Ask1: 56949.40 Bid1:56949.30 Ask2:56920.02000000 Bid2:56920.01000000
18:03:59.320202> New Max DevBuy (-): 0.00000000 GapBuy:29.38000000 avgGapBuy:29.38000000 deviationBuy:0.00000000
18:03:59.320202> Ask1: 56949.40 Bid1:56949.30 Ask2:56920.02000000 Bid2:56920.01000000
18:03:59.320202> New Min DevSell: 0.0 GapSell:29.29000000 avgGapSell:29.29000000 deviationSell:0.00000000
18:03:59.320202> Ask1: 56949.40 Bid1:56949.30 Ask2:56920.02000000 Bid2:56920.01000000
18:03:59.321202> New Max DevBuy (-): 0.00000000 GapBuy:29.38000000 avgGapBuy:29.38000000 deviationBuy:0.00000000
18:03:59.321202> Ask1: 56949.40 Bid1:56949.30 Ask2:56920.02000000 Bid2:56920.01000000
18:03:59.321202> New Min DevSell: 0.0 GapSell:29.29000000 avgGapSell:29.29000000 deviationSell:0.00000000
18:03:59.321202> Ask1: 56949.40 Bid1:56949.30 Ask2:56920.02000000 Bid2:56920.01000000
18:03:59.323202> New Max DevBuy (-): 0.00000000 GapBuy:29.38000000 avgGapBuy:29.38000000 deviationBuy:0.00000000
18:03:59.323202> Ask1: 56949.40 Bid1:56949.30 Ask2:56920.02000000 Bid2:56920.01000000
18:03:59.323202> New Min DevSell: 0.0 GapSell:29.29000000 avgGapSell:29.29000000 deviationSell:0.00000000
18:03:59.323202> Ask1: 56949.40 Bid1:56949.30 Ask2:56920.02000000 Bid2:56920.01000000
18:03:59.324202> New Max DevBuy (-): 0.00000000 GapBuy:29.38000000 avgGapBuy:29.38000000 deviationBuy:0.00000000
18:03:59.324202> Ask1: 56949.40 Bid1:56949.30 Ask2:56920.02000000 Bid2:56920.01000000
18:03:59.324202> New Min DevSell: 0.0 GapSell:29.29000000 avgGapSell:29.29000000 deviationSell:0.00000000
18:03:59.324202> Ask1: 56949.40 Bid1:56949.30 Ask2:56920.02000000 Bid2:56920.01000000
18:03:59.325202> New Max DevBuy (-): 0.00000000 GapBuy:29.38000000 avgGapBuy:29.38000000 deviationBuy:0.00000000
18:03:59.325202> Ask1: 56949.40 Bid1:56949.30 Ask2:56920.02000000 Bid2:56920.01000000
18:03:59.325202> New Min DevSell: 0.0 GapSell:29.29000000 avgGapSell:29.29000000 deviationSell:0.00000000
18:03:59.325202> Ask1: 56949.40 Bid1:56949.30 Ask2:56920.02000000 Bid2:56920.01000000
18:03:59.326202> New Max DevBuy (-): 0.00000000 GapBuy:29.38000000 avgGapBuy:29.38000000 deviationBuy:0.00000000
18:03:59.326202> Ask1: 56949.40 Bid1:56949.30 Ask2:56920.02000000 Bid2:56920.01000000
18:03:59.326202> New Min DevSell: 0.0 GapSell:29.29000000 avgGapSell:29.29000000 deviationSell:0.00000000
18:03:59.326202> Ask1: 56949.40 Bid1:56949.30 Ask2:56920.02000000 Bid2:56920.01000000
18:03:59.328202> New Max DevBuy (-): 0.00000000 GapBuy:29.38000000 avgGapBuy:29.38000000 deviationBuy:0.00000000
18:03:59.328202> Ask1: 56949.40 Bid1:56949.30 Ask2:56920.02000000 Bid2:56920.01000000
18:03:59.328202> New Min DevSell: 0.0 GapSell:29.29000000 avgGapSell:29.29000000 deviationSell:0.00000000
18:03:59.328202> Ask1: 56949.40 Bid1:56949.30 Ask2:56920.02000000 Bid2:56920.01000000
18:03:59.329202> New Max DevBuy (-): 0.00000000 GapBuy:29.38000000 avgGapBuy:29.38000000 deviationBuy:0.00000000
18:03:59.329202> Ask1: 56949.40 Bid1:56949.30 Ask2:56920.02000000 Bid2:56920.01000000
18:03:59.329202> New Min DevSell: 0.0 GapSell:29.29000000 avgGapSell:29.29000000 deviationSell:0.00000000
18:03:59.329202> Ask1: 56949.40 Bid1:56949.30 Ask2:56920.02000000 Bid2:56920.01000000
18:03:59.330203> New Max DevBuy (-): 0.00000000 GapBuy:29.38000000 avgGapBuy:29.38000000 deviationBuy:0.00000000
18:03:59.330203> Ask1: 56949.40 Bid1:56949.30 Ask2:56920.02000000 Bid2:56920.01000000
18:03:59.330203> New Min DevSell: 0.0 GapSell:29.29000000 avgGapSell:29.29000000 deviationSell:0.00000000
18:03:59.330203> Ask1: 56949.40 Bid1:56949.30 Ask2:56920.02000000 Bid2:56920.01000000
18:03:59.332202> New Max DevBuy (-): 0.00000000 GapBuy:29.38000000 avgGapBuy:29.38000000 deviationBuy:0.00000000
18:03:59.336203> Ask1: 56949.40 Bid1:56949.30 Ask2:56920.02000000 Bid2:56920.01000000
18:03:59.336203> New Min DevSell: 0.0 GapSell:29.29000000 avgGapSell:29.29000000 deviationSell:0.00000000
18:03:59.337202> Ask1: 56949.40 Bid1:56949.30 Ask2:56920.02000000 Bid2:56920.01000000
18:03:59.338203> New Max DevBuy (-): 0.00000000 GapBuy:29.38000000 avgGapBuy:29.38000000 deviationBuy:0.00000000
18:03:59.338203> Ask1: 56949.40 Bid1:56949.30 Ask2:56920.02000000 Bid2:56920.01000000
18:03:59.338203> New Min DevSell: 0.0 GapSell:29.29000000 avgGapSell:29.29000000 deviationSell:0.00000000
18:03:59.338203> Ask1: 56949.40 Bid1:56949.30 Ask2:56920.02000000 Bid2:56920.01000000
18:03:59.339204> New Max DevBuy (-): 0.00000000 GapBuy:29.38000000 avgGapBuy:29.38000000 deviationBuy:0.00000000
18:03:59.339204> Ask1: 56949.40 Bid1:56949.30 Ask2:56920.02000000 Bid2:56920.01000000
18:03:59.339204> New Min DevSell: 0.0 GapSell:29.29000000 avgGapSell:29.29000000 deviationSell:0.00000000
18:03:59.339204> Ask1: 56949.40 Bid1:56949.30 Ask2:56920.02000000 Bid2:56920.01000000
18:03:59.341204> New Max DevBuy (-): 0.00000000 GapBuy:29.38000000 avgGapBuy:29.38000000 deviationBuy:0.00000000
18:03:59.341204> Ask1: 56949.40 Bid1:56949.30 Ask2:56920.02000000 Bid2:56920.01000000
18:03:59.341204> New Min DevSell: 0.0 GapSell:29.29000000 avgGapSell:29.29000000 deviationSell:0.00000000
18:03:59.342204> Ask1: 56949.40 Bid1:56949.30 Ask2:56920.02000000 Bid2:56920.01000000
18:03:59.344203> New Max DevBuy (-): 0.00000000 GapBuy:29.38000000 avgGapBuy:29.38000000 deviationBuy:0.00000000
18:03:59.344203> Ask1: 56949.40 Bid1:56949.30 Ask2:56920.02000000 Bid2:56920.01000000
18:03:59.344203> New Min DevSell: 0.0 GapSell:29.29000000 avgGapSell:29.29000000 deviationSell:0.00000000
18:03:59.344203> Ask1: 56949.40 Bid1:56949.30 Ask2:56920.02000000 Bid2:56920.01000000
18:03:59.345203> New Max DevBuy (-): 0.00000000 GapBuy:29.38000000 avgGapBuy:29.38000000 deviationBuy:0.00000000
18:03:59.345203> Ask1: 56949.40 Bid1:56949.30 Ask2:56920.02000000 Bid2:56920.01000000
18:03:59.345203> New Min DevSell: 0.0 GapSell:29.29000000 avgGapSell:29.29000000 deviationSell:0.00000000
18:03:59.345203> Ask1: 56949.40 Bid1:56949.30 Ask2:56920.02000000 Bid2:56920.01000000
18:03:59.347204> New Max DevBuy (-): 0.00000000 GapBuy:29.38000000 avgGapBuy:29.38000000 deviationBuy:0.00000000
18:03:59.347204> Ask1: 56949.40 Bid1:56949.30 Ask2:56920.02000000 Bid2:56920.01000000
18:03:59.347204> New Min DevSell: 0.0 GapSell:29.29000000 avgGapSell:29.29000000 deviationSell:0.00000000
18:03:59.347204> Ask1: 56949.40 Bid1:56949.30 Ask2:56920.02000000 Bid2:56920.01000000
18:03:59.349204> New Max DevBuy (-): 0.00000000 GapBuy:29.38000000 avgGapBuy:29.38000000 deviationBuy:0.00000000
18:03:59.349204> Ask1: 56949.40 Bid1:56949.30 Ask2:56920.02000000 Bid2:56920.01000000
18:03:59.349204> New Min DevSell: 0.0 GapSell:29.29000000 avgGapSell:29.29000000 deviationSell:0.00000000
18:03:59.350204> Ask1: 56949.40 Bid1:56949.30 Ask2:56920.02000000 Bid2:56920.01000000
18:03:59.352213> New Max DevBuy (+): 3.50000000 GapBuy:32.88000000 avgGapBuy:29.38000000 deviationBuy:3.50000000
18:03:59.352213> Ask1: 56952.90 Bid1:56952.80 Ask2:56920.02000000 Bid2:56920.01000000
18:03:59.352213> New Min DevSell: 3.50000000 GapSell:32.79000000 avgGapSell:29.29000000 deviationSell:3.50000000
18:03:59.352213> Ask1: 56952.90 Bid1:56952.80 Ask2:56920.02000000 Bid2:56920.01000000
