20:27:59.423681> Binance - Vxxv1AWf[SPOT] SPOT Balance: 0.00000000 USDT
20:27:59.492684> WebSocket connected! Start Partial @depth20 [Future] process...
20:27:59.492684> WebSocket connected! Start @bookTicker [Future] process...
20:27:59.493683> WebSocket connected! Start Partial @depth20 [SPOT] process...
20:27:59.493683> WebSocket connected! Start @depth [Future] process...
20:27:59.500684> Lenta has started...Start SubscribeToTradeStream @trade [{accType}] process...
20:27:59.636692> WebSocket connected! Start [SPOT] @depth@100ms process...
20:27:59.637691> WebSocket connected! Start @bookTicker ...
20:27:59.648692> WebSocket connected! Start Partial @depth20 [SPOT] process...
20:27:59.649693> Lenta has started...Start SubscribeToTradeStream @trade [{accType}] process...
20:27:59.649693> WebSocket connected! Start [SPOT] @depth@100ms process...
20:27:59.655693> WebSocket connected! Start @bookTicker ...
20:27:59.983711> WebSocket connected! Start @bookTicker [Future] process...
20:27:59.983711> WebSocket connected! Start Partial @depth20 [Future] process...
20:27:59.984712> WebSocket connected! Start @depth [Future] process...
20:28:00.540742> Lenta has started...Start SubscribeToAggTradeStream @aggTrade [future] process...
20:28:00.866761> Lenta has started...Start SubscribeToAggTradeStream @aggTrade [future] process...
20:28:03.968945> BinanceFuture - Vxxv1AWf[USD_M] USD_M Balance: 32.59181749 USDT
20:31:08.602413> BinanceFuture - Vxxv1AWf[USD_M] Reconect SubscribeBookTickerStream WebSocket #
20:31:08.603414> WebSocket [SubscribeBookTickerStream()] [Closed] [future] and reconnect again [during Task.Delay]..
20:31:10.869541> WebSocket connected! Start @bookTicker [Future] process...
20:33:18.274075> BinanceFuture - Vxxv1AWf[USD_M] Reconect SubscribeBookTickerStream WebSocket #
20:33:18.275076> WebSocket [SubscribeBookTickerStream()] [Closed] [future] and reconnect again [during Task.Delay]..
20:33:19.733158> WebSocket connected! Start @bookTicker [Future] process...
20:36:27.958898> BinanceFuture - Vxxv1AWf[USD_M] Reconect SubscribeBookTickerStream WebSocket #
20:36:27.960892> WebSocket [SubscribeBookTickerStream()] [Closed] [future] and reconnect again [during Task.Delay]..
20:36:29.053956> WebSocket connected! Start @bookTicker [Future] process...
20:37:53.148851> BinanceFuture - Vxxv1AWf[USD_M] Reconect SubscribeBookTickerStream WebSocket #
20:37:53.150771> WebSocket [SubscribeBookTickerStream()] [Closed] [future] and reconnect again [during Task.Delay]..
20:37:55.405898> WebSocket connected! Start @bookTicker [Future] process...
20:41:01.287005> WebSocket [SubscribeBookTickerStream()] [future] error: Received an unexpected EOF or 0 bytes from the transport stream.
20:41:06.630311> BinanceFuture - Vxxv1AWf[USD_M] Reconect SubscribeBookTickerStream WebSocket #
20:41:06.631312> WebSocket [SubscribeBookTickerStream()] [Closed] [future] and reconnect again [during Task.Delay]..
20:41:17.613940> WebSocket connected! Start @bookTicker [Future] process...
