14:19:36.395548> Binance - Vxxv1AWf[SPOT] SPOT Balance: 0.00000000 USDT
14:19:37.015584> Lenta has started...Start SubscribeToTradeStream @trade [{accType}] process...
14:19:37.016585> WebSocket connected! Start [SPOT] @depth@100ms process...
14:19:37.017584> WebSocket connected! Start @depth [Future] process...
14:19:37.045587> Lenta has started...Start SubscribeToAggTradeStream @aggTrade [future] process...
14:19:37.064597> WebSocket connected! Start Partial @depth20 [SPOT] process...
14:19:37.101600> (Closing... Elapsted: 51577100 ms.)
14:19:37.106604> MarketDepth was closed by Custom!
14:19:37.108602> WebSocket connected! Start Partial @depth20 [Future] process...
14:19:37.109599> WebSocket connected! Start @bookTicker ...
14:19:37.110598> WebSocket connected! Start @bookTicker [Future] process...
14:19:37.178592> (Closing... Elapsted: 51577178 ms.)
14:19:37.178592> BookTicker was closed by Custom!
14:19:37.200595> WebSocket connected! Start @bookTicker ...
14:19:37.201595> WebSocket connected! Start [SPOT] @depth@100ms process...
14:19:37.212594> WebSocket connected! Start Partial @depth20 [SPOT] process...
14:19:37.222594> Lenta has started...Start SubscribeToTradeStream @trade [{accType}] process...
14:20:28.105030> (Closing... Elapsted: 50998 ms.)
14:20:28.106032> MarketDepth was closed by Custom!
14:20:28.108030> WebSocket connected! Start @bookTicker [Future] process...
14:20:28.109032> WebSocket connected! Start @depth [Future] process...
14:20:28.109032> WebSocket connected! Start Partial @depth20 [Future] process...
14:20:28.109032> Lenta has started...Start SubscribeToAggTradeStream @aggTrade [future] process...
14:20:28.167049> BinanceFuture - Vxxv1AWf[USD_M] USD_M Balance: 6.25838444 USDT
14:20:28.195033> (Closing... Elapsted: 51088 ms.)
14:20:28.196037> MarketDepth was closed by Custom!
14:20:28.947077> WebSocket connected! Start @bookTicker [Future] process...
14:20:28.971079> WebSocket connected! Start @depth [Future] process...
14:20:43.713239> WebSocket [SubscribeBookTickerStream()] [future] error: Unable to read data from the transport connection: An existing connection was forcibly closed by the remote host.
14:20:43.714239> WebSocket [ConnectToDepthStream()] [future] error: Unable to read data from the transport connection: An existing connection was forcibly closed by the remote host.
14:21:02.361052> (Closing... Elapsted: 34017 ms.)
14:21:02.363060> MarketDepth was closed by Custom!
14:21:02.430065> BinanceFuture - Vxxv1AWf[USD_M] Reconect to WebSocket #
14:21:02.432070> WebSocket [SubscribeBookTickerStream()] [Closed] [future] and reconnect again [during Task.Delay]..
14:21:02.807101> WebSocket connected! Start @depth [Future] process...
14:21:02.823079> BinanceFuture - Vxxv1AWf[USD_M] Reconect to WebSocket #
14:21:02.837079> WebSocket [ConnectToDepthStream()] [Closed] [future] and reconnect again [during Task.Delay]..
14:21:03.600125> WebSocket connected! Start @depth [Future] process...
14:21:03.654128> WebSocket connected! Start @depth [Future] process...
14:21:04.023149> WebSocket connected! Start @depth [Future] process...
14:21:08.622410> BinanceFuture - Vxxv1AWf[USD_M] Reconect to WebSocket #
14:21:08.649415> WebSocket [ConnectToDepthStream()] [Closed] [future] and reconnect again [during Task.Delay]..
14:21:10.492520> WebSocket connected! Start @depth [Future] process...
14:21:23.884299> BinanceFuture - Vxxv1AWf[USD_M] Reconect to WebSocket #
14:21:23.884299> WebSocket [SubscribeBookTickerStream()] [Closed] [future] and reconnect again [during Task.Delay]..
14:21:25.096356> WebSocket connected! Start @depth [Future] process...
14:21:32.431476> (Closing... Elapsted: 30067 ms.)
14:21:33.531942> WebSocket connected! Start @depth [Future] process...
14:21:37.651608> (Closing... Elapsted: 51697651 ms.)
14:21:37.716461> BinanceFuture - Vxxv1AWf[USD_M] Reconect to WebSocket #
14:21:37.718461> WebSocket [ConnectToDepthStream()] [Closed] [future] and reconnect again [during Task.Delay]..
14:21:38.635674> Lenta has started...Start SubscribeToAggTradeStream @aggTrade [future] process...
14:21:38.779710> WebSocket connected! Start @depth [Future] process...
14:22:02.492308> (Closing... Elapsted: 30060 ms.)
14:22:03.524356> WebSocket connected! Start @depth [Future] process...
14:22:32.576024> (Closing... Elapsted: 30082 ms.)
14:22:32.586023> (Closing... Elapsted: 30092 ms.)
14:22:32.591031> MarketDepth was closed by Custom!
14:22:34.583138> WebSocket connected! Start @depth [Future] process...
14:22:35.035170> WebSocket connected! Start @depth [Future] process...
14:22:37.907330> BinanceFuture - Vxxv1AWf[USD_M] Reconect to WebSocket #
14:22:37.909344> WebSocket [ConnectToDepthStream()] [Closed] [future] and reconnect again [during Task.Delay]..
14:22:39.935444> WebSocket connected! Start @depth [Future] process...
14:23:02.659749> (Closing... Elapsted: 30068 ms.)
14:23:06.098945> WebSocket connected! Start @depth [Future] process...
14:23:12.976340> BinanceFuture - Vxxv1AWf[USD_M] Reconect to WebSocket #
14:23:12.976340> WebSocket [ConnectToDepthStream()] [Closed] [future] and reconnect again [during Task.Delay]..
14:23:15.076462> WebSocket connected! Start @depth [Future] process...
14:23:32.681472> (Closing... Elapsted: 30022 ms.)
14:23:37.066723> WebSocket connected! Start @depth [Future] process...
14:23:43.060063> BinanceFuture - Vxxv1AWf[USD_M] Reconect to WebSocket #
14:23:43.183071> WebSocket [ConnectToDepthStream()] [Closed] [future] and reconnect again [during Task.Delay]..
14:23:45.795221> WebSocket connected! Start @depth [Future] process...
14:24:02.750194> (Closing... Elapsted: 30067 ms.)
14:24:04.275280> WebSocket connected! Start @depth [Future] process...
14:24:12.772767> BinanceFuture - Vxxv1AWf[USD_M] Reconect to WebSocket #
14:24:12.772767> WebSocket [ConnectToDepthStream()] [Closed] [future] and reconnect again [during Task.Delay]..
14:24:13.912833> WebSocket connected! Start @depth [Future] process...
14:24:29.393722> WebSocket [SubscribeBookTickerStream()] [future] error: Unable to read data from the transport connection: An existing connection was forcibly closed by the remote host.
14:24:32.828917> (Closing... Elapsted: 30077 ms.)
14:24:33.982983> WebSocket connected! Start @depth [Future] process...
14:24:34.398007> BinanceFuture - Vxxv1AWf[USD_M] Reconect to WebSocket #
14:24:34.399008> WebSocket [SubscribeBookTickerStream()] [Closed] [future] and reconnect again [during Task.Delay]..
14:24:34.910039> WebSocket [ConnectToDepthStream()] [future] error: Unable to read data from the transport connection: An existing connection was forcibly closed by the remote host.
14:24:35.503072> WebSocket connected! Start @depth [Future] process...
14:24:36.272117> WebSocket [ConnectToDepthStream()] [future] error: Unable to read data from the transport connection: An existing connection was forcibly closed by the remote host.
14:25:02.871639> (Closing... Elapsted: 30028 ms.)
14:25:04.228717> WebSocket connected! Start @depth [Future] process...
14:25:04.572737> WebSocket [ConnectToDepthStream()] [future] error: Unable to read data from the transport connection: An existing connection was forcibly closed by the remote host.
14:25:04.646742> WebSocket [ConnectToDepthStream()] [future] error: Unable to read data from the transport connection: An existing connection was forcibly closed by the remote host.
14:25:05.021763> WebSocket [ConnectToDepthStream()] [future] error: Unable to read data from the transport connection: An existing connection was forcibly closed by the remote host.
14:25:05.767808> WebSocket [ConnectToDepthStream()] [future] error: Unable to read data from the transport connection: An existing connection was forcibly closed by the remote host.
14:25:06.615857> WebSocket [ConnectToDepthStream()] [future] error: Unable to read data from the transport connection: An existing connection was forcibly closed by the remote host.
14:25:11.768150> WebSocket [ConnectToDepthStream()] [future] error: Unable to read data from the transport connection: An existing connection was forcibly closed by the remote host.
14:25:22.576784> WebSocket [ConnectToDepthStream()] [future] error: Received an unexpected EOF or 0 bytes from the transport stream.
14:25:32.916363> (Closing... Elapsted: 30039 ms.)
14:25:34.435450> WebSocket connected! Start @depth [Future] process...
14:25:43.212966> BinanceFuture - Vxxv1AWf[USD_M] Reconect to WebSocket #
14:25:43.214968> WebSocket [ConnectToDepthStream()] [Closed] [future] and reconnect again [during Task.Delay]..
14:25:44.339020> WebSocket connected! Start @depth [Future] process...
14:26:03.091096> (Closing... Elapsted: 30039 ms.)
14:26:04.516175> WebSocket connected! Start @depth [Future] process...
14:26:13.238677> BinanceFuture - Vxxv1AWf[USD_M] Reconect to WebSocket #
14:26:13.239678> WebSocket [ConnectToDepthStream()] [Closed] [future] and reconnect again [during Task.Delay]..
14:26:14.783764> WebSocket connected! Start @depth [Future] process...
14:26:33.114816> (Closing... Elapsted: 30019 ms.)
14:26:34.200875> WebSocket connected! Start @depth [Future] process...
14:26:43.200391> BinanceFuture - Vxxv1AWf[USD_M] Reconect to WebSocket #
14:26:43.201395> WebSocket [ConnectToDepthStream()] [Closed] [future] and reconnect again [during Task.Delay]..
14:26:44.297469> WebSocket connected! Start @depth [Future] process...
14:27:03.155541> (Closing... Elapsted: 30040 ms.)
14:27:03.992585> WebSocket [ConnectToDepthStream()] [future] error: Unable to read data from the transport connection: An existing connection was forcibly closed by the remote host.
14:27:04.446616> WebSocket connected! Start @depth [Future] process...
14:27:09.127888> BinanceFuture - Vxxv1AWf[USD_M] Reconect to WebSocket #
14:27:09.128880> WebSocket [ConnectToDepthStream()] [Closed] [future] and reconnect again [during Task.Delay]..
14:27:10.276946> WebSocket connected! Start @depth [Future] process...
14:27:13.328119> BinanceFuture - Vxxv1AWf[USD_M] Reconect to WebSocket #
14:27:13.330121> WebSocket [ConnectToDepthStream()] [Closed] [future] and reconnect again [during Task.Delay]..
14:27:14.434183> WebSocket connected! Start @depth [Future] process...
14:27:33.185260> (Closing... Elapsted: 30029 ms.)
14:27:34.464331> WebSocket connected! Start @depth [Future] process...
14:27:35.812409> WebSocket [ConnectToDepthStream()] [future] error: Unable to read data from the transport connection: An existing connection was forcibly closed by the remote host.
14:28:03.186981> (Closing... Elapsted: 30000 ms.)
14:28:04.373048> WebSocket connected! Start @depth [Future] process...
14:28:14.340618> WebSocket [ConnectToDepthStream()] [future] error: Unable to read data from the transport connection: An existing connection was forcibly closed by the remote host.
