22:45:18.449436> Binance - Vxxv1AWf[SPOT] SPOT Balance: 0.00000000 USDT
22:45:18.841457> WebSocket connected! Start @bookTicker [Future] process...
22:45:18.841457> WebSocket connected! Start @bookTicker ...
22:45:18.842459> WebSocket connected! Start Partial @depth20 [Future] process...
22:45:18.842459> WebSocket connected! Start Partial @depth20 [SPOT] process...
22:45:18.969472> WebSocket connected! Start Partial @depth20 [SPOT] process...
22:45:18.972465> Lenta has started...Start SubscribeToAggTradeStream @aggTrade [future] process...
22:45:18.978466> WebSocket connected! Start @depth [Future] process...
22:45:18.979469> Lenta has started...Start SubscribeToTradeStream @trade [{accType}] process...
22:45:18.984466> WebSocket connected! Start [SPOT] @depth@100ms process...
22:45:18.990467> WebSocket connected! Start @bookTicker ...
22:45:18.999466> WebSocket connected! Start [SPOT] @depth@100ms process...
22:45:19.005468> Lenta has started...Start SubscribeToTradeStream @trade [{accType}] process...
22:45:21.684620> BinanceFuture - Vxxv1AWf[USD_M] USD_M Balance: 0.59335425 USDT
22:45:21.685622> WebSocket connected! Start Partial @depth20 [Future] process...
22:45:21.685622> WebSocket connected! Start @bookTicker [Future] process...
22:45:21.686620> WebSocket connected! Start @depth [Future] process...
22:45:21.685622> Lenta has started...Start SubscribeToAggTradeStream @aggTrade [future] process...
22:45:52.199162> BinanceFuture - Vxxv1AWf[USD_M] Reconect to WebSocket #
22:45:52.200156> WebSocket [SubscribeBookTickerStream()] [Closed] [future] and reconnect again [during Task.Delay]..
22:45:52.228164> BinanceFuture - Vxxv1AWf[USD_M] Reconect to WebSocket #
22:45:52.228164> WebSocket [SubscribeBookTickerStream()] [Closed] [future] and reconnect again [during Task.Delay]..
22:45:53.272815> WebSocket connected! Start @depth [Future] process...
22:45:53.273813> WebSocket connected! Start @depth [Future] process...
