23:12:15.593050> Binance - Vxxv1AWf[SPOT] SPOT Balance: 0.00000000 USDT
23:12:17.206140> WebSocket connected! Start Partial @depth20 [Future] process...
23:12:17.701176> WebSocket connected! Start [SPOT] @depth@100ms process...
23:12:17.387158> WebSocket connected! Start @bookTicker [Future] process...
23:12:17.832184> WebSocket connected! Start Partial @depth20 [SPOT] process...
23:12:17.832184> Lenta has started...Start SubscribeToAggTradeStream @aggTrade [future] process...
23:12:18.025186> Lenta has started...Start SubscribeToTradeStream @trade [{accType}] process...
23:12:18.270201> WebSocket connected! Start @depth [Future] process...
23:12:18.622221> WebSocket connected! Start @bookTicker ...
23:12:21.135367> BinanceFuture - Vxxv1AWf[USD_M] USD_M Balance: 0 USDT
23:12:21.177369> WebSocket connected! Start @bookTicker ...
23:12:21.178369> Lenta has started...Start SubscribeToTradeStream @trade [{accType}] process...
23:12:21.178369> WebSocket connected! Start [SPOT] @depth@100ms process...
23:12:21.507389> WebSocket connected! Start Partial @depth20 [Future] process...
23:12:22.324446> WebSocket connected! Start Partial @depth20 [SPOT] process...
23:12:24.147510> Lenta has started...Start SubscribeToAggTradeStream @aggTrade [future] process...
23:12:24.300547> WebSocket connected! Start @bookTicker [Future] process...
23:12:24.398552> WebSocket connected! Start @depth [Future] process...
23:13:19.886734> WebSocket [ConnectToDepthStream()] [future] error: Unable to read data from the transport connection: An existing connection was forcibly closed by the remote host.
23:13:20.317760> WebSocket [ConnectToDepthStream()] [future] error: Unable to write data to the transport connection: An existing connection was forcibly closed by the remote host.
23:13:24.917022> BinanceFuture - Vxxv1AWf[USD_M] Reconect ConnectToDepthStream() to WebSocket #
23:13:25.065031> WebSocket [ConnectToDepthStream()] [Closed] [future] and reconnect again [during Task.Delay]..
23:13:29.566291> WebSocket connected! Start @depth [Future] process...
