18:43:17.983910> Binance - Vxxv1AWf[SPOT] SPOT Balance: 0.00000000 USDT
18:43:18.451285> WebSocket connected! Start @depth [Future] process...
18:43:18.451285> Lenta has started...Start SubscribeToAggTradeStream @aggTrade [future] process...
18:43:18.452327> WebSocket connected! Start @bookTicker ...
18:43:18.455285> WebSocket connected! Start [SPOT] @depth@100ms process...
18:43:18.456286> WebSocket connected! Start @bookTicker [Future] process...
18:43:18.460286> WebSocket connected! Start Partial @depth20 [Future] process...
18:43:18.527290> WebSocket connected! Start [SPOT] @depth@100ms process...
18:43:18.543288> WebSocket connected! Start @bookTicker ...
18:43:18.781555> WebSocket connected! Start Partial @depth20 [SPOT] process...
18:43:18.952560> WebSocket connected! Start @depth [Future] process...
18:43:18.971563> WebSocket connected! Start @bookTicker [Future] process...
18:43:19.415595> Lenta has started...Start SubscribeToTradeStream @trade [{accType}] process...
18:43:19.510596> Lenta has started...Start SubscribeToTradeStream @trade [{accType}] process...
18:43:19.516601> WebSocket connected! Start Partial @depth20 [SPOT] process...
18:43:20.182647> Lenta has started...Start SubscribeToAggTradeStream @aggTrade [future] process...
18:43:20.506657> WebSocket connected! Start Partial @depth20 [Future] process...
18:43:22.563642> BinanceFuture - Vxxv1AWf[USD_M] USD_M Balance: 0.07599264 USDT
18:45:18.785897> WebSocket [SubscribeBookTickerStream()] [future] error: Unable to read data from the transport connection: An existing connection was forcibly closed by the remote host.
18:45:23.798038> BinanceFuture - Vxxv1AWf[USD_M] Reconect to WebSocket #
18:45:23.799046> WebSocket [SubscribeBookTickerStream()] [Closed] [future] and reconnect again [during Task.Delay]..
18:45:24.856776> WebSocket connected! Start @depth [Future] process...
18:45:27.266425> BinanceFuture - Vxxv1AWf[USD_M] Reconect to WebSocket #
18:45:27.266425> WebSocket [SubscribeBookTickerStream()] [Closed] [future] and reconnect again [during Task.Delay]..
18:45:28.778562> WebSocket connected! Start @depth [Future] process...
18:52:14.072029> BinanceFuture - Vxxv1AWf[USD_M] Reconect to WebSocket #
18:52:14.073028> WebSocket [ConnectToDepthStream()] [Closed] [future] and reconnect again [during Task.Delay]..
18:52:15.126974> WebSocket connected! Start @depth [Future] process...
