22:40:06.911113> WebSocket connected! Start @depth [Future] process...
22:40:06.912112> Lenta has started...Start SubscribeToAggTradeStream @aggTrade [future] process...
22:40:06.914115> WebSocket connected! Start [MARGIN] @depth@100ms process...
22:40:06.914115> Lenta has started...Start SubscribeToTradeStream @trade [{accType}] process...
22:40:06.914115> WebSocket connected! Start Partial @depth20 [MARGIN] process...
22:40:06.915113> WebSocket connected! Start Partial @depth20 [Future] process...
22:40:06.945113> Binance - Vxxv1AWf[MARGIN] MARGIN Balance: 0.53830148 USDT
22:40:07.119123> Lenta has started...Start SubscribeToTradeStream @trade [{accType}] process...
22:40:07.132124> WebSocket connected! Start Partial @depth20 [MARGIN] process...
22:40:07.183127> WebSocket connected! Start [MARGIN] @depth@100ms process...
22:40:07.874165> Lenta has started...Start SubscribeToAggTradeStream @aggTrade [future] process...
22:40:07.884167> WebSocket connected! Start Partial @depth20 [Future] process...
22:40:07.889168> WebSocket connected! Start @depth [Future] process...
22:40:08.499207> BinanceFuture - Vxxv1AWf[USD_M] USD_M Balance: 0.66986043 USDT
22:53:10.996585> WebSocket [ConnectToDepthStream()] [future] error: Unable to read data from the transport connection: An existing connection was forcibly closed by the remote host.
22:53:11.001582> WebSocket [ConnectToDepthStream()] [Closed] [future] and reconnect again..
22:53:16.973924> WebSocket [ConnectToDepthStream()] [future] error: Unable to read data from the transport connection: An existing connection was forcibly closed by the remote host.
22:53:18.619017> BinanceFuture - Vxxv1AWf[USD_M] Reconect to WebSocket #
22:53:19.634076> WebSocket [ConnectToDepthStream()] [Closed] [future] and reconnect again [during Task.Delay]..
22:53:19.633075> WebSocket [ConnectToDepthStream()] [Closed] [future] and reconnect again..
22:53:25.084393> BinanceFuture - Vxxv1AWf[USD_M] Reconect to WebSocket #
22:53:25.085393> WebSocket [ConnectToDepthStream()] [Closed] [future] and reconnect again [during Task.Delay]..
22:53:27.022501> WebSocket connected! Start @depth [Future] process...
