19:51:55.267616> WebSocket connected! Start @depth [Future] process...
19:51:55.268617> Lenta has started...Start SubscribeToAggTradeStream @aggTrade [future] process...
19:51:55.295631> Lenta has started...Start SubscribeToTradeStream @trade [{accType}] process...
19:51:55.295631> WebSocket connected! Start Partial @depth20 [Future] process...
19:51:55.414127> WebSocket connected! Start [MARGIN] @depth@100ms process...
19:51:55.435128> WebSocket connected! Start Partial @depth20 [MARGIN] process...
19:51:55.536134> WebSocket connected! Start Partial @depth20 [MARGIN] process...
19:51:55.596136> WebSocket connected! Start [MARGIN] @depth@100ms process...
19:51:55.782158> Lenta has started...Start SubscribeToTradeStream @trade [{accType}] process...
19:51:55.990160> Binance - Vxxv1AWf[MARGIN] MARGIN Balance: 0.52644235 USDT
19:51:56.164755> WebSocket connected! Start @depth [Future] process...
19:51:56.183760> WebSocket connected! Start Partial @depth20 [Future] process...
19:51:56.207766> Lenta has started...Start SubscribeToAggTradeStream @aggTrade [future] process...
19:51:56.423686> BinanceFuture - Vxxv1AWf[USD_M] USD_M Balance: 0.66986043 USDT
19:55:54.107892> WebSocket [SubscribePartialDepthStream()] [future] error: Unable to write data to the transport connection: An existing connection was forcibly closed by the remote host.
19:55:54.108891> WebSocket [SubscribePartialDepthStream()] [Closed] [future] and reconnect again..
19:55:54.109892> WebSocket [ConnectToDepthStream()] [future] error: Unable to write data to the transport connection: An existing connection was forcibly closed by the remote host.
19:55:54.111891> WebSocket [ConnectToDepthStream()] [Closed] [future] and reconnect again..
19:55:54.113893> WebSocket [SubscribePartialDepthStream()] [future] error: Unable to read data from the transport connection: An existing connection was forcibly closed by the remote host.
19:55:54.114891> WebSocket [SubscribePartialDepthStream()] [Closed] [future] and reconnect again..
19:55:54.120892> WebSocket [SubscribePartialDepthStream()] [future] error: Unable to read data from the transport connection: An existing connection was forcibly closed by the remote host.
19:55:54.120892> WebSocket [SubscribePartialDepthStream()] [future] error: Unable to write data to the transport connection: An existing connection was forcibly closed by the remote host.
