13:17:19.301606> WebSocket connected! Start @depth [Future] process...
13:17:19.301606> WebSocket connected! Start Partial @depth20 [MARGIN] process...
13:17:19.301606> WebSocket connected! Start Partial @depth20 [Future] process...
13:17:19.333611> WebSocket connected! Start [MARGIN] @depth@100ms process...
13:17:19.342607> Lenta has started...Start SubscribeToAggTradeStream @aggTrade [future] process...
13:17:19.372608> Lenta has started...Start SubscribeToTradeStream @trade [{accType}] process...
13:17:19.402609> WebSocket connected! Start Partial @depth20 [MARGIN] process...
13:17:19.466614> WebSocket connected! Start [MARGIN] @depth@100ms process...
13:17:19.493616> Lenta has started...Start SubscribeToTradeStream @trade [{accType}] process...
13:17:19.539618> Binance - Vxxv1AWf[MARGIN] MARGIN Balance: 0.5465297 USDT
13:17:19.820638> WebSocket connected! Start @depth [Future] process...
13:17:19.821640> WebSocket connected! Start Partial @depth20 [Future] process...
13:17:19.880637> Lenta has started...Start SubscribeToAggTradeStream @aggTrade [future] process...
13:17:20.353205> BinanceFuture - Vxxv1AWf[USD_M] USD_M Balance: 0.66986043 USDT
13:29:12.109493> WebSocket [ConnectToDepthStream()] [future] error: Received an unexpected EOF or 0 bytes from the transport stream.
13:29:12.110508> WebSocket [ConnectToDepthStream()] [Closed] [future] and reconnect again..
13:29:13.739585> WebSocket connected! Start @depth [Future] process...
13:29:17.258785> BinanceFuture - Vxxv1AWf[USD_M] Reconect to WebSocket #
13:29:17.337791> WebSocket [ConnectToDepthStream()] [Closed] [future] and reconnect again [during Task.Delay]..
13:29:19.673927> WebSocket connected! Start @depth [Future] process...
13:29:20.833992> WebSocket [ConnectToDepthStream()] [future] error: Unable to read data from the transport connection: An existing connection was forcibly closed by the remote host.
13:29:20.834993> WebSocket [ConnectToDepthStream()] [Closed] [future] and reconnect again..
13:29:22.541092> WebSocket connected! Start @depth [Future] process...
13:29:26.040290> BinanceFuture - Vxxv1AWf[USD_M] Reconect to WebSocket #
13:29:26.057291> WebSocket [ConnectToDepthStream()] [Closed] [future] and reconnect again [during Task.Delay]..
13:29:27.884397> WebSocket connected! Start @depth [Future] process...
13:30:30.368979> WebSocket [ConnectToDepthStream()] [future] error: Unable to read data from the transport connection: An existing connection was forcibly closed by the remote host.
13:30:30.373980> WebSocket [ConnectToDepthStream()] [Closed] [future] and reconnect again..
13:30:30.418982> WebSocket [ConnectToDepthStream()] [future] error: Unable to read data from the transport connection: An existing connection was forcibly closed by the remote host.
13:30:30.419982> WebSocket [ConnectToDepthStream()] [Closed] [future] and reconnect again..
13:30:32.903124> WebSocket connected! Start @depth [Future] process...
13:30:33.962184> WebSocket connected! Start @depth [Future] process...
13:30:35.723288> BinanceFuture - Vxxv1AWf[USD_M] Reconect to WebSocket #
13:30:35.724287> WebSocket [ConnectToDepthStream()] [Closed] [future] and reconnect again [during Task.Delay]..
13:30:35.724287> BinanceFuture - Vxxv1AWf[USD_M] Reconect to WebSocket #
13:30:35.725287> WebSocket [ConnectToDepthStream()] [Closed] [future] and reconnect again [during Task.Delay]..
13:30:41.325608> WebSocket connected! Start @depth [Future] process...
13:30:41.967646> WebSocket connected! Start @depth [Future] process...
13:30:54.701373> WebSocket [ConnectToDepthStream()] [Closed] [future] and reconnect again..
13:30:59.735663> BinanceFuture - Vxxv1AWf[USD_M] Reconect to WebSocket #
13:30:59.736664> WebSocket [ConnectToDepthStream()] [Closed] [future] and reconnect again [during Task.Delay]..
13:31:02.365812> WebSocket connected! Start @depth [Future] process...
13:31:03.465876> WebSocket [ConnectToDepthStream()] [future] error: Received an unexpected EOF or 0 bytes from the transport stream.
13:31:03.465876> WebSocket [ConnectToDepthStream()] [Closed] [future] and reconnect again..
13:31:08.869187> BinanceFuture - Vxxv1AWf[USD_M] Reconect to WebSocket #
13:31:08.870187> WebSocket [ConnectToDepthStream()] [Closed] [future] and reconnect again [during Task.Delay]..
13:31:08.873187> WebSocket connected! Start @depth [Future] process...
13:31:08.874187> WebSocket connected! Start @depth [Future] process...
13:31:11.428334> WebSocket connected! Start @depth [Future] process...
13:33:33.023932> WebSocket [ConnectToDepthStream()] [future] error: Unable to write data to the transport connection: An existing connection was forcibly closed by the remote host.
13:33:33.025932> WebSocket [ConnectToDepthStream()] [Closed] [future] and reconnect again..
13:33:33.026932> WebSocket [ConnectToDepthStream()] [future] error: A request to send or receive data was disallowed because the socket is not connected and (when sending on a datagram socket using a sendto call) no address was supplied
13:33:35.073048> WebSocket [ConnectToDepthStream()] [future] error: Unable to write data to the transport connection: An existing connection was forcibly closed by the remote host.
13:33:35.074050> WebSocket [ConnectToDepthStream()] [Closed] [future] and reconnect again..
13:33:35.075051> WebSocket [ConnectToDepthStream()] [future] error: A request to send or receive data was disallowed because the socket is not connected and (when sending on a datagram socket using a sendto call) no address was supplied
13:33:38.250231> BinanceFuture - Vxxv1AWf[USD_M] Reconect to WebSocket #
13:33:38.252237> WebSocket [ConnectToDepthStream()] [Closed] [future] and reconnect again [during Task.Delay]..
13:33:42.597481> WebSocket [ConnectToDepthStream()] [future] error: Unable to write data to the transport connection: An existing connection was forcibly closed by the remote host.
13:33:42.881494> WebSocket [ConnectToDepthStream()] [Closed] [future] and reconnect again..
13:33:42.882496> WebSocket [ConnectToDepthStream()] [future] error: A request to send or receive data was disallowed because the socket is not connected and (when sending on a datagram socket using a sendto call) no address was supplied
13:33:42.883494> BinanceFuture - Vxxv1AWf[USD_M] Reconect to WebSocket #
13:33:42.883494> WebSocket [ConnectToDepthStream()] [Closed] [future] and reconnect again [during Task.Delay]..
13:33:42.878499> WebSocket [ConnectToDepthStream()] [future] error: Unable to write data to the transport connection: An existing connection was forcibly closed by the remote host.
13:33:42.893499> WebSocket [ConnectToDepthStream()] [Closed] [future] and reconnect again..
13:33:42.893499> WebSocket [ConnectToDepthStream()] [future] error: A request to send or receive data was disallowed because the socket is not connected and (when sending on a datagram socket using a sendto call) no address was supplied
13:33:43.306521> WebSocket connected! Start @depth [Future] process...
13:33:46.020676> WebSocket connected! Start @depth [Future] process...
13:33:46.021677> WebSocket connected! Start @depth [Future] process...
13:33:46.021677> WebSocket connected! Start @depth [Future] process...
13:33:46.022676> WebSocket connected! Start @depth [Future] process...
13:33:46.022676> WebSocket connected! Start @depth [Future] process...
13:33:49.427871> BinanceFuture - Vxxv1AWf[USD_M] Reconect to WebSocket #
13:33:49.438873> WebSocket [ConnectToDepthStream()] [Closed] [future] and reconnect again [during Task.Delay]..
13:33:49.430873> BinanceFuture - Vxxv1AWf[USD_M] Reconect to WebSocket #
13:33:49.454873> WebSocket [ConnectToDepthStream()] [Closed] [future] and reconnect again [during Task.Delay]..
13:33:53.468102> WebSocket connected! Start @depth [Future] process...
13:33:53.468102> WebSocket connected! Start @depth [Future] process...
13:34:05.038767> WebSocket [ConnectToDepthStream()] [future] error: Unable to write data to the transport connection: An existing connection was forcibly closed by the remote host.
13:34:05.159773> WebSocket [ConnectToDepthStream()] [Closed] [future] and reconnect again..
13:34:05.177775> WebSocket [ConnectToDepthStream()] [future] error: A request to send or receive data was disallowed because the socket is not connected and (when sending on a datagram socket using a sendto call) no address was supplied
13:34:08.311967> WebSocket connected! Start @depth [Future] process...
13:34:10.436078> BinanceFuture - Vxxv1AWf[USD_M] Reconect to WebSocket #
13:34:10.436078> WebSocket [ConnectToDepthStream()] [Closed] [future] and reconnect again [during Task.Delay]..
13:34:10.437078> WebSocket [ConnectToDepthStream()] [future] error: Unable to write data to the transport connection: An existing connection was forcibly closed by the remote host.
13:34:10.444078> WebSocket [ConnectToDepthStream()] [Closed] [future] and reconnect again..
13:34:10.445079> WebSocket [ConnectToDepthStream()] [future] error: A request to send or receive data was disallowed because the socket is not connected and (when sending on a datagram socket using a sendto call) no address was supplied
13:34:10.437078> WebSocket [ConnectToDepthStream()] [future] error: Unable to write data to the transport connection: An existing connection was forcibly closed by the remote host.
13:34:11.614144> WebSocket [ConnectToDepthStream()] [Closed] [future] and reconnect again..
13:34:11.615145> WebSocket [ConnectToDepthStream()] [future] error: A request to send or receive data was disallowed because the socket is not connected and (when sending on a datagram socket using a sendto call) no address was supplied
13:34:11.723152> WebSocket [ConnectToDepthStream()] [future] error: Unable to write data to the transport connection: An existing connection was forcibly closed by the remote host.
13:34:11.735152> WebSocket [ConnectToDepthStream()] [Closed] [future] and reconnect again..
13:34:11.735152> WebSocket [ConnectToDepthStream()] [future] error: A request to send or receive data was disallowed because the socket is not connected and (when sending on a datagram socket using a sendto call) no address was supplied
13:34:14.326298> WebSocket connected! Start @depth [Future] process...
13:34:14.327300> WebSocket connected! Start @depth [Future] process...
13:34:16.269412> WebSocket connected! Start @depth [Future] process...
13:34:17.439476> WebSocket connected! Start @depth [Future] process...
13:36:43.761135> WebSocket [ConnectToDepthStream()] [future] error: Unable to write data to the transport connection: An existing connection was forcibly closed by the remote host.
13:36:43.762135> WebSocket [ConnectToDepthStream()] [Closed] [future] and reconnect again..
13:36:44.282165> WebSocket [ConnectToDepthStream()] [future] error: A request to send or receive data was disallowed because the socket is not connected and (when sending on a datagram socket using a sendto call) no address was supplied
13:36:49.340463> WebSocket [ConnectToDepthStream()] [future] error: Unable to write data to the transport connection: An existing connection was forcibly closed by the remote host.
13:36:49.362455> WebSocket [ConnectToDepthStream()] [future] error: Unable to write data to the transport connection: An existing connection was forcibly closed by the remote host.
13:36:49.358456> WebSocket [ConnectToDepthStream()] [future] error: Unable to write data to the transport connection: An existing connection was forcibly closed by the remote host.
13:36:49.359456> WebSocket [ConnectToDepthStream()] [future] error: Unable to write data to the transport connection: An existing connection was forcibly closed by the remote host.
13:36:49.383457> WebSocket [ConnectToDepthStream()] [Closed] [future] and reconnect again..
13:36:49.383457> WebSocket [ConnectToDepthStream()] [future] error: A request to send or receive data was disallowed because the socket is not connected and (when sending on a datagram socket using a sendto call) no address was supplied
13:36:49.384457> WebSocket [ConnectToDepthStream()] [future] error: Unable to write data to the transport connection: An existing connection was forcibly closed by the remote host.
13:36:49.384457> WebSocket [ConnectToDepthStream()] [Closed] [future] and reconnect again..
13:36:49.385457> WebSocket [ConnectToDepthStream()] [future] error: A request to send or receive data was disallowed because the socket is not connected and (when sending on a datagram socket using a sendto call) no address was supplied
13:36:49.382460> WebSocket [ConnectToDepthStream()] [Closed] [future] and reconnect again..
13:36:49.388458> WebSocket [ConnectToDepthStream()] [future] error: A request to send or receive data was disallowed because the socket is not connected and (when sending on a datagram socket using a sendto call) no address was supplied
13:36:49.381455> WebSocket [ConnectToDepthStream()] [Closed] [future] and reconnect again..
13:36:49.389458> WebSocket [ConnectToDepthStream()] [future] error: A request to send or receive data was disallowed because the socket is not connected and (when sending on a datagram socket using a sendto call) no address was supplied
13:36:49.382460> WebSocket [ConnectToDepthStream()] [Closed] [future] and reconnect again..
13:36:49.502465> WebSocket [ConnectToDepthStream()] [future] error: A request to send or receive data was disallowed because the socket is not connected and (when sending on a datagram socket using a sendto call) no address was supplied
13:36:50.759537> BinanceFuture - Vxxv1AWf[USD_M] Reconect to WebSocket #
13:36:50.759537> WebSocket [ConnectToDepthStream()] [Closed] [future] and reconnect again [during Task.Delay]..
13:36:51.547580> WebSocket connected! Start @depth [Future] process...
13:36:52.972666> WebSocket connected! Start @depth [Future] process...
13:36:52.973664> WebSocket connected! Start @depth [Future] process...
13:36:52.974662> WebSocket connected! Start @depth [Future] process...
13:36:52.974662> WebSocket connected! Start @depth [Future] process...
13:36:56.333856> BinanceFuture - Vxxv1AWf[USD_M] Reconect to WebSocket #
13:36:56.334856> BinanceFuture - Vxxv1AWf[USD_M] Reconect to WebSocket #
13:36:56.334856> WebSocket [ConnectToDepthStream()] [Closed] [future] and reconnect again [during Task.Delay]..
13:36:56.335858> BinanceFuture - Vxxv1AWf[USD_M] Reconect to WebSocket #
13:36:56.335858> WebSocket [ConnectToDepthStream()] [Closed] [future] and reconnect again [during Task.Delay]..
13:36:56.336857> WebSocket [ConnectToDepthStream()] [future] error: Unable to write data to the transport connection: An existing connection was forcibly closed by the remote host.
13:36:56.337858> WebSocket [ConnectToDepthStream()] [Closed] [future] and reconnect again..
13:36:56.337858> WebSocket [ConnectToDepthStream()] [future] error: A request to send or receive data was disallowed because the socket is not connected and (when sending on a datagram socket using a sendto call) no address was supplied
13:36:56.338857> WebSocket [ConnectToDepthStream()] [future] error: Unable to write data to the transport connection: An existing connection was forcibly closed by the remote host.
13:36:56.338857> WebSocket [ConnectToDepthStream()] [Closed] [future] and reconnect again..
13:36:56.339859> WebSocket [ConnectToDepthStream()] [future] error: A request to send or receive data was disallowed because the socket is not connected and (when sending on a datagram socket using a sendto call) no address was supplied
13:36:56.334856> WebSocket [ConnectToDepthStream()] [Closed] [future] and reconnect again [during Task.Delay]..
13:36:56.333856> BinanceFuture - Vxxv1AWf[USD_M] Reconect to WebSocket #
13:36:56.574871> WebSocket [ConnectToDepthStream()] [Closed] [future] and reconnect again [during Task.Delay]..
13:36:56.584872> WebSocket connected! Start @depth [Future] process...
13:36:59.238023> WebSocket connected! Start @depth [Future] process...
13:37:00.905117> WebSocket connected! Start @depth [Future] process...
13:37:00.906118> WebSocket connected! Start @depth [Future] process...
13:37:00.914119> WebSocket connected! Start @depth [Future] process...
13:37:00.925120> WebSocket connected! Start @depth [Future] process...
13:37:00.931120> WebSocket connected! Start @depth [Future] process...
13:37:00.945121> WebSocket connected! Start @depth [Future] process...
13:37:09.158590> WebSocket [ConnectToDepthStream()] [future] error: Unable to write data to the transport connection: An existing connection was forcibly closed by the remote host.
13:37:09.158590> WebSocket [ConnectToDepthStream()] [Closed] [future] and reconnect again..
13:37:09.159591> WebSocket [ConnectToDepthStream()] [future] error: A request to send or receive data was disallowed because the socket is not connected and (when sending on a datagram socket using a sendto call) no address was supplied
13:37:10.538670> WebSocket connected! Start @depth [Future] process...
13:37:14.622905> WebSocket [ConnectToDepthStream()] [future] error: Unable to write data to the transport connection: An existing connection was forcibly closed by the remote host.
13:37:14.668907> WebSocket [ConnectToDepthStream()] [Closed] [future] and reconnect again..
13:37:14.669908> WebSocket [ConnectToDepthStream()] [future] error: A request to send or receive data was disallowed because the socket is not connected and (when sending on a datagram socket using a sendto call) no address was supplied
13:37:16.343003> WebSocket [ConnectToDepthStream()] [future] error: Unable to write data to the transport connection: An existing connection was forcibly closed by the remote host.
13:37:16.344003> WebSocket [ConnectToDepthStream()] [Closed] [future] and reconnect again..
13:37:16.345003> WebSocket [ConnectToDepthStream()] [future] error: A request to send or receive data was disallowed because the socket is not connected and (when sending on a datagram socket using a sendto call) no address was supplied
13:37:17.496067> WebSocket [ConnectToDepthStream()] [future] error: Unable to write data to the transport connection: An existing connection was forcibly closed by the remote host.
13:37:17.537072> WebSocket [ConnectToDepthStream()] [Closed] [future] and reconnect again..
13:37:17.537072> WebSocket [ConnectToDepthStream()] [future] error: A request to send or receive data was disallowed because the socket is not connected and (when sending on a datagram socket using a sendto call) no address was supplied
13:37:18.609133> WebSocket [ConnectToDepthStream()] [future] error: Unable to write data to the transport connection: An existing connection was forcibly closed by the remote host.
13:37:18.610134> WebSocket [ConnectToDepthStream()] [Closed] [future] and reconnect again..
13:37:18.611134> WebSocket [ConnectToDepthStream()] [future] error: A request to send or receive data was disallowed because the socket is not connected and (when sending on a datagram socket using a sendto call) no address was supplied
13:37:18.634135> WebSocket connected! Start @depth [Future] process...
13:37:21.076277> WebSocket connected! Start @depth [Future] process...
13:37:21.082277> WebSocket connected! Start @depth [Future] process...
13:37:25.739543> WebSocket connected! Start @depth [Future] process...
