19:50:32.328543> WebSocket connected! Start @depth [Future] process...
19:50:32.328543> Lenta has started...Start SubscribeToTradeStream @trade [{accType}] process...
19:50:32.330543> WebSocket connected! Start Partial @depth20 [Future] process...
19:50:32.366545> Binance - Vxxv1AWf[SPOT] SPOT Balance: 0.00000000 USDT
19:50:32.444550> WebSocket connected! Start Partial @depth20 [SPOT] process...
19:50:32.459553> WebSocket connected! Start [SPOT] @depth@100ms process...
19:50:32.616566> WebSocket connected! Start Partial @depth20 [SPOT] process...
19:50:32.662573> WebSocket connected! Start @bookTicker [Future] process...
19:50:32.740566> WebSocket connected! Start @bookTicker ...
19:50:32.787570> Lenta has started...Start SubscribeToTradeStream @trade [{accType}] process...
19:50:32.880574> Lenta has started...Start SubscribeToAggTradeStream @aggTrade [future] process...
19:50:32.904579> WebSocket connected! Start Partial @depth20 [Future] process...
19:50:32.999580> WebSocket connected! Start @bookTicker ...
19:50:33.023583> Lenta has started...Start SubscribeToAggTradeStream @aggTrade [future] process...
19:50:33.278610> WebSocket connected! Start [SPOT] @depth@100ms process...
19:50:33.312599> WebSocket connected! Start @bookTicker [Future] process...
19:50:34.107395> WebSocket connected! Start @depth [Future] process...
19:50:38.656462> BinanceFuture - Vxxv1AWf[USD_M] USD_M Balance: 0.07599264 USDT
19:50:59.262646> BinanceFuture - Vxxv1AWf[USD_M] Reconect to WebSocket #
19:50:59.263649> WebSocket [SubscribeBookTickerStream()] [Closed] [future] and reconnect again [during Task.Delay]..
19:51:00.316191> WebSocket connected! Start @depth [Future] process...
19:51:38.815229> WebSocket [SubscribeBookTickerStream()] [future] error: Received an unexpected EOF or 0 bytes from the transport stream.
19:51:43.824873> BinanceFuture - Vxxv1AWf[USD_M] Reconect to WebSocket #
19:51:43.826880> WebSocket [SubscribeBookTickerStream()] [Closed] [future] and reconnect again [during Task.Delay]..
19:51:45.306768> WebSocket connected! Start @depth [Future] process...
19:52:07.741846> WebSocket [ConnectToDepthStream()] [future] error: Received an unexpected EOF or 0 bytes from the transport stream.
19:52:12.752430> BinanceFuture - Vxxv1AWf[USD_M] Reconect to WebSocket #
19:52:12.752430> WebSocket [ConnectToDepthStream()] [Closed] [future] and reconnect again [during Task.Delay]..
19:52:14.169954> WebSocket connected! Start @depth [Future] process...
19:52:33.405861> WebSocket [ConnectToDepthStream()] [future] error: Unable to read data from the transport connection: An existing connection was forcibly closed by the remote host.
19:52:34.952951> WebSocket [ConnectToDepthStream()] [future] error: Unable to read data from the transport connection: An existing connection was forcibly closed by the remote host.
19:52:38.968194> BinanceFuture - Vxxv1AWf[USD_M] Reconect to WebSocket #
19:52:38.971190> WebSocket [ConnectToDepthStream()] [Closed] [future] and reconnect again [during Task.Delay]..
19:52:39.985237> BinanceFuture - Vxxv1AWf[USD_M] Reconect to WebSocket #
19:52:39.986239> WebSocket [ConnectToDepthStream()] [Closed] [future] and reconnect again [during Task.Delay]..
19:52:40.650277> WebSocket connected! Start @depth [Future] process...
19:52:41.154306> WebSocket connected! Start @depth [Future] process...
19:52:45.813956> WebSocket [ConnectToDepthStream()] [future] error: Unable to read data from the transport connection: An existing connection was forcibly closed by the remote host.
19:53:21.438684> WebSocket [ConnectToDepthStream()] [future] error: Received an unexpected EOF or 0 bytes from the transport stream.
