18:48:44.561217> WebSocket connected! Start @bookTicker ...
18:48:44.562211> WebSocket connected! Start [SPOT] @depth@100ms process...
18:48:44.565210> WebSocket connected! Start @bookTicker [Future] process...
18:48:44.571221> WebSocket connected! Start @depth [Future] process...
18:48:44.684217> Binance - Vxxv1AWf[SPOT] SPOT Balance: 0.00000000 USDT
18:48:44.915235> Lenta has started...Start SubscribeToAggTradeStream @aggTrade [future] process...
18:48:44.963235> Lenta has started...Start SubscribeToTradeStream @trade [{accType}] process...
18:48:44.967235> WebSocket connected! Start @bookTicker ...
18:48:45.552379> Lenta has started...Start SubscribeToTradeStream @trade [{accType}] process...
18:48:45.899727> WebSocket connected! Start [SPOT] @depth@100ms process...
18:48:45.951719> WebSocket connected! Start Partial @depth20 [SPOT] process...
18:48:45.988722> WebSocket connected! Start @depth [Future] process...
18:48:46.330000> Lenta has started...Start SubscribeToAggTradeStream @aggTrade [future] process...
18:48:46.460025> WebSocket connected! Start Partial @depth20 [Future] process...
18:48:46.792022> WebSocket connected! Start @bookTicker [Future] process...
18:48:47.504216> WebSocket connected! Start Partial @depth20 [SPOT] process...
18:48:51.297829> WebSocket connected! Start Partial @depth20 [Future] process...
18:48:56.524911> BinanceFuture - Vxxv1AWf[USD_M] USD_M Balance: 32.59181749 USDT
18:49:17.405646> BinanceFuture - Vxxv1AWf[USD_M] Reconect SubscribeBookTickerStream WebSocket #
18:49:17.407630> WebSocket [SubscribeBookTickerStream()] [Closed] [future] and reconnect again [during Task.Delay]..
18:49:18.440069> WebSocket connected! Start @bookTicker [Future] process...
18:49:57.368123> BinanceFuture - Vxxv1AWf[USD_M] Reconect SubscribeBookTickerStream WebSocket #
18:49:57.368123> WebSocket [SubscribeBookTickerStream()] [Closed] [future] and reconnect again [during Task.Delay]..
18:49:58.135023> WebSocket connected! Start @bookTicker [Future] process...
18:50:20.088767> BinanceFuture - Vxxv1AWf[USD_M] Reconect SubscribeBookTickerStream WebSocket #
18:50:20.088767> WebSocket [SubscribeBookTickerStream()] [Closed] [future] and reconnect again [during Task.Delay]..
18:50:21.130824> WebSocket connected! Start @bookTicker [Future] process...
18:50:40.223316> BinanceFuture - Vxxv1AWf[USD_M] Reconect SubscribeBookTickerStream WebSocket #
18:50:40.225289> WebSocket [SubscribeBookTickerStream()] [Closed] [future] and reconnect again [during Task.Delay]..
18:50:42.041507> WebSocket connected! Start @bookTicker [Future] process...
18:50:48.707880> BinanceFuture - Vxxv1AWf[USD_M] Reconect SubscribeBookTickerStream WebSocket #
18:50:48.714881> WebSocket [SubscribeBookTickerStream()] [Closed] [future] and reconnect again [during Task.Delay]..
18:50:50.348974> WebSocket connected! Start @bookTicker [Future] process...
18:52:05.027174> BinanceFuture - Vxxv1AWf[USD_M] Reconect SubscribeBookTickerStream WebSocket #
18:52:05.027174> WebSocket [SubscribeBookTickerStream()] [Closed] [future] and reconnect again [during Task.Delay]..
18:52:06.435295> WebSocket connected! Start @bookTicker [Future] process...
18:53:14.628772> BinanceFuture - Vxxv1AWf[USD_M] Reconect SubscribeBookTickerStream WebSocket #
18:53:14.630762> WebSocket [SubscribeBookTickerStream()] [Closed] [future] and reconnect again [during Task.Delay]..
18:53:17.047543> WebSocket connected! Start @bookTicker [Future] process...
18:53:54.577417> BinanceFuture - Vxxv1AWf[USD_M] Reconect SubscribeBookTickerStream WebSocket #
18:53:54.577417> WebSocket [SubscribeBookTickerStream()] [Closed] [future] and reconnect again [during Task.Delay]..
18:53:55.342457> WebSocket connected! Start @bookTicker [Future] process...
18:54:27.818019> BinanceFuture - Vxxv1AWf[USD_M] Reconect SubscribeBookTickerStream WebSocket #
18:54:27.819006> WebSocket [SubscribeBookTickerStream()] [Closed] [future] and reconnect again [during Task.Delay]..
18:54:29.964068> WebSocket connected! Start @bookTicker [Future] process...
18:55:46.542759> BinanceFuture - Vxxv1AWf[USD_M] Reconect SubscribeBookTickerStream WebSocket #
18:55:46.542759> WebSocket [SubscribeBookTickerStream()] [Closed] [future] and reconnect again [during Task.Delay]..
18:55:47.594404> WebSocket connected! Start @bookTicker [Future] process...
18:57:00.686115> BinanceFuture - Vxxv1AWf[USD_M] Reconect SubscribeBookTickerStream WebSocket #
18:57:00.686115> WebSocket [SubscribeBookTickerStream()] [Closed] [future] and reconnect again [during Task.Delay]..
18:57:01.746922> WebSocket connected! Start @bookTicker [Future] process...
18:57:41.305250> WebSocket [SubscribeBookTickerStream()] [future] error: Received an unexpected EOF or 0 bytes from the transport stream.
18:57:46.319131> BinanceFuture - Vxxv1AWf[USD_M] Reconect SubscribeBookTickerStream WebSocket #
18:57:46.319131> WebSocket [SubscribeBookTickerStream()] [Closed] [future] and reconnect again [during Task.Delay]..
18:57:47.680122> WebSocket connected! Start @bookTicker [Future] process...
18:59:50.531845> BinanceFuture - Vxxv1AWf[USD_M] Reconect SubscribeBookTickerStream WebSocket #
18:59:50.532838> WebSocket [SubscribeBookTickerStream()] [Closed] [future] and reconnect again [during Task.Delay]..
18:59:51.600828> WebSocket connected! Start @bookTicker [Future] process...
19:01:20.143281> WebSocket [SubscribeBookTickerStream()] [future] error: Unable to read data from the transport connection: An existing connection was forcibly closed by the remote host.
19:01:25.153607> BinanceFuture - Vxxv1AWf[USD_M] Reconect SubscribeBookTickerStream WebSocket #
19:01:25.153607> WebSocket [SubscribeBookTickerStream()] [Closed] [future] and reconnect again [during Task.Delay]..
19:01:27.572352> WebSocket connected! Start @bookTicker [Future] process...
19:02:59.708654> BinanceFuture - Vxxv1AWf[USD_M] Reconect SubscribeBookTickerStream WebSocket #
19:02:59.708654> WebSocket [SubscribeBookTickerStream()] [Closed] [future] and reconnect again [during Task.Delay]..
19:03:04.045968> WebSocket connected! Start @bookTicker [Future] process...
19:04:14.973904> BinanceFuture - Vxxv1AWf[USD_M] Reconect SubscribeBookTickerStream WebSocket #
19:04:14.973904> WebSocket [SubscribeBookTickerStream()] [Closed] [future] and reconnect again [during Task.Delay]..
19:04:17.064410> WebSocket connected! Start @bookTicker [Future] process...
19:06:14.141566> BinanceFuture - Vxxv1AWf[USD_M] Reconect SubscribeBookTickerStream WebSocket #
19:06:14.141566> WebSocket [SubscribeBookTickerStream()] [Closed] [future] and reconnect again [during Task.Delay]..
19:06:15.993851> WebSocket connected! Start @bookTicker [Future] process...
19:07:08.015426> BinanceFuture - Vxxv1AWf[USD_M] Reconect SubscribeBookTickerStream WebSocket #
19:07:08.016428> WebSocket [SubscribeBookTickerStream()] [Closed] [future] and reconnect again [during Task.Delay]..
19:07:09.083897> WebSocket connected! Start @bookTicker [Future] process...
19:08:40.563208> BinanceFuture - Vxxv1AWf[USD_M] Reconect SubscribeBookTickerStream WebSocket #
19:08:40.563208> WebSocket [SubscribeBookTickerStream()] [Closed] [future] and reconnect again [during Task.Delay]..
19:08:42.386946> WebSocket connected! Start @bookTicker [Future] process...
19:09:21.983830> BinanceFuture - Vxxv1AWf[USD_M] Reconect SubscribeBookTickerStream WebSocket #
19:09:21.983830> WebSocket [SubscribeBookTickerStream()] [Closed] [future] and reconnect again [during Task.Delay]..
19:09:23.610045> WebSocket connected! Start @bookTicker [Future] process...
19:10:58.560588> BinanceFuture - Vxxv1AWf[USD_M] Reconect SubscribeBookTickerStream WebSocket #
19:10:58.561585> WebSocket [SubscribeBookTickerStream()] [Closed] [future] and reconnect again [during Task.Delay]..
19:10:59.591377> WebSocket connected! Start @bookTicker [Future] process...
19:13:12.045535> BinanceFuture - Vxxv1AWf[USD_M] Reconect SubscribeBookTickerStream WebSocket #
19:13:12.045535> WebSocket [SubscribeBookTickerStream()] [Closed] [future] and reconnect again [during Task.Delay]..
19:13:13.412712> WebSocket connected! Start @bookTicker [Future] process...
19:14:28.945635> BinanceFuture - Vxxv1AWf[USD_M] Reconect SubscribeBookTickerStream WebSocket #
19:14:28.945635> WebSocket [SubscribeBookTickerStream()] [Closed] [future] and reconnect again [during Task.Delay]..
19:14:29.996168> WebSocket connected! Start @bookTicker [Future] process...
19:15:50.792935> BinanceFuture - Vxxv1AWf[USD_M] Reconect SubscribeBookTickerStream WebSocket #
19:15:50.792935> WebSocket [SubscribeBookTickerStream()] [Closed] [future] and reconnect again [during Task.Delay]..
19:15:52.547445> WebSocket connected! Start @bookTicker [Future] process...
19:16:13.382621> BinanceFuture - Vxxv1AWf[USD_M] Reconect SubscribeBookTickerStream WebSocket #
19:16:13.382621> WebSocket [SubscribeBookTickerStream()] [Closed] [future] and reconnect again [during Task.Delay]..
19:16:14.424899> WebSocket connected! Start @bookTicker [Future] process...
19:18:37.756320> BinanceFuture - Vxxv1AWf[USD_M] Reconect SubscribeBookTickerStream WebSocket #
19:18:37.756320> WebSocket [SubscribeBookTickerStream()] [Closed] [future] and reconnect again [during Task.Delay]..
19:18:38.801817> WebSocket connected! Start @bookTicker [Future] process...
19:19:30.186146> BinanceFuture - Vxxv1AWf[USD_M] Reconect SubscribeBookTickerStream WebSocket #
19:19:30.186146> WebSocket [SubscribeBookTickerStream()] [Closed] [future] and reconnect again [during Task.Delay]..
19:19:32.240480> WebSocket connected! Start @bookTicker [Future] process...
19:21:12.814341> BinanceFuture - Vxxv1AWf[USD_M] Reconect SubscribeBookTickerStream WebSocket #
19:21:12.814341> WebSocket [SubscribeBookTickerStream()] [Closed] [future] and reconnect again [during Task.Delay]..
19:21:13.843801> WebSocket connected! Start @bookTicker [Future] process...
19:22:31.750540> BinanceFuture - Vxxv1AWf[USD_M] Reconect SubscribeBookTickerStream WebSocket #
19:22:31.751538> WebSocket [SubscribeBookTickerStream()] [Closed] [future] and reconnect again [during Task.Delay]..
19:22:33.125676> WebSocket connected! Start @bookTicker [Future] process...
19:24:45.101851> BinanceFuture - Vxxv1AWf[USD_M] Reconect SubscribeBookTickerStream WebSocket #
19:24:45.101851> WebSocket [SubscribeBookTickerStream()] [Closed] [future] and reconnect again [during Task.Delay]..
19:24:48.333803> WebSocket connected! Start @bookTicker [Future] process...
19:25:57.220442> BinanceFuture - Vxxv1AWf[USD_M] Reconect SubscribeBookTickerStream WebSocket #
19:25:57.226436> WebSocket [SubscribeBookTickerStream()] [Closed] [future] and reconnect again [during Task.Delay]..
19:25:59.335590> WebSocket connected! Start @bookTicker [Future] process...
19:28:41.761219> BinanceFuture - Vxxv1AWf[USD_M] Reconect SubscribeBookTickerStream WebSocket #
19:28:41.764221> WebSocket [SubscribeBookTickerStream()] [Closed] [future] and reconnect again [during Task.Delay]..
19:28:42.833804> WebSocket connected! Start @bookTicker [Future] process...
19:30:21.557055> BinanceFuture - Vxxv1AWf[USD_M] Reconect SubscribeBookTickerStream WebSocket #
19:30:21.557055> WebSocket [SubscribeBookTickerStream()] [Closed] [future] and reconnect again [during Task.Delay]..
19:30:23.639825> WebSocket connected! Start @bookTicker [Future] process...
19:30:54.268102> BinanceFuture - Vxxv1AWf[USD_M] Reconect SubscribeBookTickerStream WebSocket #
19:30:54.268102> WebSocket [SubscribeBookTickerStream()] [Closed] [future] and reconnect again [during Task.Delay]..
19:30:55.070884> WebSocket connected! Start @bookTicker [Future] process...
19:31:44.751904> BinanceFuture - Vxxv1AWf[USD_M] Reconect SubscribeBookTickerStream WebSocket #
19:31:44.751904> WebSocket [SubscribeBookTickerStream()] [Closed] [future] and reconnect again [during Task.Delay]..
19:31:45.821311> WebSocket connected! Start @bookTicker [Future] process...
19:33:16.503040> BinanceFuture - Vxxv1AWf[USD_M] Reconect SubscribeBookTickerStream WebSocket #
19:33:16.503040> WebSocket [SubscribeBookTickerStream()] [Closed] [future] and reconnect again [during Task.Delay]..
19:33:18.511644> WebSocket connected! Start @bookTicker [Future] process...
19:34:37.450498> BinanceFuture - Vxxv1AWf[USD_M] Reconect SubscribeBookTickerStream WebSocket #
19:34:37.450498> WebSocket [SubscribeBookTickerStream()] [Closed] [future] and reconnect again [during Task.Delay]..
19:34:40.228143> WebSocket connected! Start @bookTicker [Future] process...
19:35:23.353042> BinanceFuture - Vxxv1AWf[USD_M] Reconect SubscribeBookTickerStream WebSocket #
19:35:23.353042> WebSocket [SubscribeBookTickerStream()] [Closed] [future] and reconnect again [during Task.Delay]..
19:35:25.453117> WebSocket connected! Start @bookTicker [Future] process...
19:36:41.474745> BinanceFuture - Vxxv1AWf[USD_M] Reconect SubscribeBookTickerStream WebSocket #
19:36:41.475742> WebSocket [SubscribeBookTickerStream()] [Closed] [future] and reconnect again [during Task.Delay]..
19:36:45.821632> WebSocket connected! Start @bookTicker [Future] process...
19:39:50.396433> BinanceFuture - Vxxv1AWf[USD_M] Reconect SubscribeBookTickerStream WebSocket #
19:39:50.396433> WebSocket [SubscribeBookTickerStream()] [Closed] [future] and reconnect again [during Task.Delay]..
19:39:51.464295> WebSocket connected! Start @bookTicker [Future] process...
19:43:01.738921> BinanceFuture - Vxxv1AWf[USD_M] Reconect SubscribeBookTickerStream WebSocket #
19:43:01.738921> WebSocket [SubscribeBookTickerStream()] [Closed] [future] and reconnect again [during Task.Delay]..
19:43:02.760237> WebSocket connected! Start @bookTicker [Future] process...
19:46:00.721484> BinanceFuture - Vxxv1AWf[USD_M] Reconect SubscribeBookTickerStream WebSocket #
19:46:00.721484> WebSocket [SubscribeBookTickerStream()] [Closed] [future] and reconnect again [during Task.Delay]..
19:46:01.774870> WebSocket connected! Start @bookTicker [Future] process...
19:47:36.670403> BinanceFuture - Vxxv1AWf[USD_M] Reconect SubscribeBookTickerStream WebSocket #
19:47:36.676402> WebSocket [SubscribeBookTickerStream()] [Closed] [future] and reconnect again [during Task.Delay]..
19:47:37.755779> WebSocket connected! Start @bookTicker [Future] process...
19:49:16.333662> BinanceFuture - Vxxv1AWf[USD_M] Reconect SubscribeBookTickerStream WebSocket #
19:49:16.334612> WebSocket [SubscribeBookTickerStream()] [Closed] [future] and reconnect again [during Task.Delay]..
19:49:20.687160> WebSocket connected! Start @bookTicker [Future] process...
19:52:37.586439> BinanceFuture - Vxxv1AWf[USD_M] Reconect SubscribeBookTickerStream WebSocket #
19:52:37.587423> WebSocket [SubscribeBookTickerStream()] [Closed] [future] and reconnect again [during Task.Delay]..
19:52:39.003579> WebSocket connected! Start @bookTicker [Future] process...
19:53:43.758502> BinanceFuture - Vxxv1AWf[USD_M] Reconect SubscribeBookTickerStream WebSocket #
19:53:43.759487> WebSocket [SubscribeBookTickerStream()] [Closed] [future] and reconnect again [during Task.Delay]..
19:53:44.830790> WebSocket connected! Start @bookTicker [Future] process...
19:55:00.512725> BinanceFuture - Vxxv1AWf[USD_M] Reconect SubscribeBookTickerStream WebSocket #
19:55:00.513695> WebSocket [SubscribeBookTickerStream()] [Closed] [future] and reconnect again [during Task.Delay]..
19:55:01.614661> WebSocket connected! Start @bookTicker [Future] process...
19:56:32.631159> BinanceFuture - Vxxv1AWf[USD_M] Reconect SubscribeBookTickerStream WebSocket #
19:56:32.631159> WebSocket [SubscribeBookTickerStream()] [Closed] [future] and reconnect again [during Task.Delay]..
19:56:33.740659> WebSocket connected! Start @bookTicker [Future] process...
19:57:41.191541> BinanceFuture - Vxxv1AWf[USD_M] Reconect SubscribeBookTickerStream WebSocket #
19:57:41.192526> WebSocket [SubscribeBookTickerStream()] [Closed] [future] and reconnect again [during Task.Delay]..
19:57:42.274527> WebSocket connected! Start @bookTicker [Future] process...
20:01:27.967305> BinanceFuture - Vxxv1AWf[USD_M] Reconect SubscribeBookTickerStream WebSocket #
20:01:27.967305> WebSocket [SubscribeBookTickerStream()] [Closed] [future] and reconnect again [during Task.Delay]..
20:01:29.021967> WebSocket connected! Start @bookTicker [Future] process...
20:04:35.078703> BinanceFuture - Vxxv1AWf[USD_M] Reconect SubscribeBookTickerStream WebSocket #
20:04:35.079686> WebSocket [SubscribeBookTickerStream()] [Closed] [future] and reconnect again [during Task.Delay]..
20:04:36.118190> WebSocket connected! Start @bookTicker [Future] process...
20:07:44.354495> BinanceFuture - Vxxv1AWf[USD_M] Reconect SubscribeBookTickerStream WebSocket #
20:07:44.355497> WebSocket [SubscribeBookTickerStream()] [Closed] [future] and reconnect again [during Task.Delay]..
20:07:45.503601> WebSocket connected! Start @bookTicker [Future] process...
20:09:31.114143> BinanceFuture - Vxxv1AWf[USD_M] Reconect SubscribeBookTickerStream WebSocket #
20:09:31.115127> WebSocket [SubscribeBookTickerStream()] [Closed] [future] and reconnect again [during Task.Delay]..
20:09:32.180287> WebSocket connected! Start @bookTicker [Future] process...
20:11:42.269275> BinanceFuture - Vxxv1AWf[USD_M] Reconect SubscribeBookTickerStream WebSocket #
20:11:42.269275> WebSocket [SubscribeBookTickerStream()] [Closed] [future] and reconnect again [during Task.Delay]..
20:11:43.316421> WebSocket connected! Start @bookTicker [Future] process...
20:12:42.590629> BinanceFuture - Vxxv1AWf[USD_M] Reconect SubscribeBookTickerStream WebSocket #
20:12:42.591629> WebSocket [SubscribeBookTickerStream()] [Closed] [future] and reconnect again [during Task.Delay]..
20:12:43.662261> WebSocket connected! Start @bookTicker [Future] process...
20:14:10.705764> BinanceFuture - Vxxv1AWf[USD_M] Reconect SubscribeBookTickerStream WebSocket #
20:14:10.706819> WebSocket [SubscribeBookTickerStream()] [Closed] [future] and reconnect again [during Task.Delay]..
20:14:11.784649> WebSocket connected! Start @bookTicker [Future] process...
20:16:02.142887> BinanceFuture - Vxxv1AWf[USD_M] Reconect SubscribeBookTickerStream WebSocket #
20:16:02.142887> WebSocket [SubscribeBookTickerStream()] [Closed] [future] and reconnect again [during Task.Delay]..
20:16:03.227431> WebSocket connected! Start @bookTicker [Future] process...
