12:05:52.426803> WebSocket connected! Start @depth [Future] process...
12:05:52.426803> Lenta has started...Start SubscribeToAggTradeStream @aggTrade [future] process...
12:05:52.427802> WebSocket connected! Start Partial @depth20 [MARGIN] process...
12:05:52.440804> WebSocket connected! Start [MARGIN] @depth@100ms process...
12:05:52.455804> WebSocket connected! Start @bookTicker [Future] process...
12:05:52.466806> Lenta has started...Start SubscribeToTradeStream @trade [{accType}] process...
12:05:52.489807> WebSocket connected! Start Partial @depth20 [Future] process...
12:05:52.597812> Lenta has started...Start SubscribeToTradeStream @trade [{accType}] process...
12:05:52.609811> WebSocket connected! Start Partial @depth20 [MARGIN] process...
12:05:52.613813> WebSocket connected! Start [MARGIN] @depth@100ms process...
12:05:52.966833> Binance - Vxxv1AWf[MARGIN] MARGIN Balance: 0.58234889 USDT
12:05:52.980833> Lenta has started...Start SubscribeToAggTradeStream @aggTrade [future] process...
12:05:52.982833> WebSocket connected! Start @bookTicker [Future] process...
12:05:53.048837> WebSocket connected! Start Partial @depth20 [Future] process...
12:05:53.063838> WebSocket connected! Start @depth [Future] process...
12:05:53.774376> BinanceFuture - Vxxv1AWf[USD_M] USD_M Balance: 0.66986043 USDT
12:11:58.056181> WebSocket [SubscribeBookTickerStream()] [future] error: Unable to read data from the transport connection: An existing connection was forcibly closed by the remote host.
12:12:03.103465> BinanceFuture - Vxxv1AWf[USD_M] Reconect to WebSocket #
12:12:03.104467> WebSocket [SubscribeBookTickerStream()] [Closed] [future] and reconnect again [during Task.Delay]..
12:12:06.524661> WebSocket connected! Start @depth [Future] process...
12:12:58.153623> WebSocket [SubscribeBookTickerStream()] [future] error: Unable to read data from the transport connection: An existing connection was forcibly closed by the remote host.
12:13:03.284915> BinanceFuture - Vxxv1AWf[USD_M] Reconect to WebSocket #
12:13:03.371925> WebSocket [SubscribeBookTickerStream()] [Closed] [future] and reconnect again [during Task.Delay]..
12:13:04.988014> WebSocket connected! Start @depth [Future] process...
12:17:06.098840> WebSocket [ConnectToDepthStream()] [future] error: Unable to read data from the transport connection: An existing connection was forcibly closed by the remote host.
12:17:11.124129> BinanceFuture - Vxxv1AWf[USD_M] Reconect to WebSocket #
12:17:11.124129> WebSocket [ConnectToDepthStream()] [Closed] [future] and reconnect again [during Task.Delay]..
12:17:12.422199> WebSocket connected! Start @depth [Future] process...
12:20:58.331144> BinanceFuture - Vxxv1AWf[USD_M] Reconect to WebSocket #
12:20:58.332142> WebSocket [SubscribePartialDepthStream()] [Closed] [future] and reconnect again [during Task.Delay]..
12:20:59.380201> WebSocket connected! Start @depth [Future] process...
12:21:44.254947> WebSocket [ConnectToDepthStream()] [future] error: Unable to write data to the transport connection: An existing connection was forcibly closed by the remote host.
12:21:44.256948> WebSocket [ConnectToDepthStream()] [future] error: A request to send or receive data was disallowed because the socket is not connected and (when sending on a datagram socket using a sendto call) no address was supplied
12:21:44.254947> WebSocket [ConnectToDepthStream()] [future] error: Unable to write data to the transport connection: An existing connection was forcibly closed by the remote host.
12:21:44.257948> WebSocket [ConnectToDepthStream()] [future] error: Unable to write data to the transport connection: An existing connection was forcibly closed by the remote host.
12:21:44.258951> WebSocket [ConnectToDepthStream()] [future] error: A request to send or receive data was disallowed because the socket is not connected and (when sending on a datagram socket using a sendto call) no address was supplied
12:21:44.260949> WebSocket [ConnectToDepthStream()] [future] error: A request to send or receive data was disallowed because the socket is not connected and (when sending on a datagram socket using a sendto call) no address was supplied
12:21:44.261948> WebSocket [ConnectToDepthStream()] [future] error: Unable to write data to the transport connection: An existing connection was forcibly closed by the remote host.
12:21:44.261948> WebSocket [ConnectToDepthStream()] [future] error: A request to send or receive data was disallowed because the socket is not connected and (when sending on a datagram socket using a sendto call) no address was supplied
12:21:49.258244> BinanceFuture - Vxxv1AWf[USD_M] Reconect to WebSocket #
12:21:49.258244> BinanceFuture - Vxxv1AWf[USD_M] Reconect to WebSocket #
12:21:49.259236> WebSocket [ConnectToDepthStream()] [Closed] [future] and reconnect again [during Task.Delay]..
12:21:49.258244> BinanceFuture - Vxxv1AWf[USD_M] Reconect to WebSocket #
12:21:49.261237> WebSocket [ConnectToDepthStream()] [Closed] [future] and reconnect again [during Task.Delay]..
12:21:49.259236> WebSocket [ConnectToDepthStream()] [Closed] [future] and reconnect again [during Task.Delay]..
12:21:49.266235> BinanceFuture - Vxxv1AWf[USD_M] Reconect to WebSocket #
12:21:49.266235> WebSocket [ConnectToDepthStream()] [Closed] [future] and reconnect again [during Task.Delay]..
12:21:50.253298> WebSocket connected! Start @depth [Future] process...
12:21:50.257300> WebSocket connected! Start @depth [Future] process...
12:21:50.282293> WebSocket connected! Start @depth [Future] process...
12:21:50.308294> WebSocket connected! Start @depth [Future] process...
