12:17:26.234273> Lenta has started...Start SubscribeToTradeStream @trade [{accType}] process...
12:17:26.236275> WebSocket connected! Start @depth [Future] process...
12:17:26.238273> WebSocket connected! Start Partial @depth20 [Future] process...
12:17:26.239273> WebSocket connected! Start [MARGIN] @depth@100ms process...
12:17:26.239273> Lenta has started...Start SubscribeToTradeStream @trade [{accType}] process...
12:17:26.239273> WebSocket connected! Start [MARGIN] @depth@100ms process...
12:17:26.255275> Binance - Vxxv1AWf[MARGIN] MARGIN Balance: 0.54323666 USDT
12:17:26.255275> Lenta has started...Start SubscribeToAggTradeStream @aggTrade [future] process...
12:17:26.256276> WebSocket connected! Start Partial @depth20 [MARGIN] process...
12:17:26.256276> WebSocket connected! Start Partial @depth20 [MARGIN] process...
12:17:26.714300> WebSocket connected! Start Partial @depth20 [Future] process...
12:17:26.732301> WebSocket connected! Start @depth [Future] process...
12:17:26.742302> Lenta has started...Start SubscribeToAggTradeStream @aggTrade [future] process...
12:17:27.512345> BinanceFuture - Vxxv1AWf[USD_M] USD_M Balance: 0.66986043 USDT
12:19:38.251205> WebSocket [ConnectToDepthStream()] [future] error: Unable to read data from the transport connection: An existing connection was forcibly closed by the remote host.
12:19:38.252204> WebSocket [ConnectToDepthStream()] [Closed] [future] and reconnect again..
12:19:38.256203> WebSocket [ConnectToDepthStream()] [future] error: Unable to read data from the transport connection: An existing connection was forcibly closed by the remote host.
12:19:38.257205> WebSocket [ConnectToDepthStream()] [Closed] [future] and reconnect again..
12:19:45.117596> BinanceFuture - Vxxv1AWf[USD_M] Reconect to WebSocket #
12:19:45.118597> WebSocket [ConnectToDepthStream()] [Closed] [future] and reconnect again [during Task.Delay]..
12:19:45.119598> BinanceFuture - Vxxv1AWf[USD_M] Reconect to WebSocket #
12:19:45.120599> WebSocket [ConnectToDepthStream()] [Closed] [future] and reconnect again [during Task.Delay]..
12:19:46.390594> WebSocket connected! Start @depth [Future] process...
12:19:47.191637> WebSocket connected! Start @depth [Future] process...
12:19:47.794673> WebSocket connected! Start @depth [Future] process...
12:19:47.795675> WebSocket connected! Start @depth [Future] process...
