LocalTime;FastTime;FastBid;FastAsk;SlowBid;SlowAsk;GapLong;GapShort;FastCoef;dTFast;tpsFast;dTSlow;tpsSlow;
12:48:43.902614;15:48:43.876788;6683.90;6684.60;6684.66;6685.15;-125.00;-6.00;1.00760.24;1.32;0.00;0.00;
12:48:44.104073;15:48:44.075150;6683.30;6684.10;6684.66;6685.15;-185.00;-56.00;1.00479.30;2.09;0.00;0.00;
12:48:44.162915;15:48:44.075150;6683.30;6684.10;6683.16;6684.15;-85.00;94.00;1.00479.30;2.09;130.15;7.68;
12:48:44.210787;15:48:44.193833;6682.90;6683.60;6683.16;6684.15;-125.00;44.00;1.00359.09;2.78;130.15;7.68;
12:48:44.561382;15:48:44.193833;6682.90;6683.60;6683.16;6683.65;-75.00;44.00;1.00359.09;2.78;219.25;4.56;
12:48:46.575659;15:48:46.573695;6683.30;6684.10;6683.16;6683.65;-35.00;94.00;1.00864.29;1.16;219.25;4.56;
12:48:46.637534;15:48:46.573695;6683.30;6684.10;6683.65;6684.15;-85.00;45.00;1.00864.29;1.16;683.23;1.46;
12:48:46.677429;15:48:46.675434;6683.40;6684.10;6683.65;6684.15;-75.00;45.00;1.00711.78;1.40;683.23;1.46;
12:48:47.274839;15:48:47.273835;6682.90;6683.60;6683.65;6684.15;-125.00;-5.00;1.00692.88;1.44;683.23;1.46;
12:48:47.346637;15:48:47.273835;6682.90;6683.60;6683.15;6684.15;-125.00;45.00;1.00692.88;1.44;688.41;1.45;
12:48:50.188691;15:48:47.273835;6682.90;6683.60;6683.06;6684.24;-134.00;54.00;0.86692.88;1.44;1304.02;0.77;
12:48:51.321018;15:48:47.273835;6682.90;6683.60;6683.08;6684.21;-131.00;52.00;0.61692.88;1.44;1265.87;0.79;
12:48:52.174809;15:48:52.173815;6683.30;6684.10;6683.08;6684.21;-91.00;102.00;1.711293.89;0.77;1265.87;0.79;
12:48:52.321930;15:48:52.273095;6683.30;6684.10;6683.58;6684.21;-91.00;52.00;1.071144.57;0.87;1239.37;0.81;
12:48:53.574804;15:48:53.572809;6682.80;6683.60;6683.58;6684.21;-141.00;2.00;1.761161.81;0.86;1239.37;0.81;
12:48:53.689498;15:48:53.688502;6682.90;6683.60;6683.58;6684.21;-131.00;2.00;1.401057.20;0.95;1239.37;0.81;
12:48:53.744351;15:48:53.688502;6682.90;6683.60;6683.16;6684.15;-125.00;44.00;1.811057.20;0.95;1253.56;0.80;
12:48:53.787236;15:48:53.784244;6683.30;6684.10;6683.16;6684.15;-85.00;94.00;2.28969.79;1.03;1253.56;0.80;
12:48:53.872513;15:48:53.784244;6683.30;6684.10;6683.66;6684.15;-85.00;44.00;1.31969.79;1.03;1162.01;0.86;
12:48:54.874639;15:48:54.873642;6683.40;6684.10;6683.66;6684.15;-75.00;44.00;1.75904.39;1.11;1162.01;0.86;
12:48:55.976235;15:48:55.974237;6683.90;6684.60;6683.66;6684.15;-25.00;94.00;2.61918.41;1.09;1162.01;0.86;
12:48:56.042053;15:48:55.974237;6683.90;6684.60;6684.09;6684.70;-80.00;51.00;1.63918.41;1.09;1238.14;0.81;
12:48:56.122838;15:48:56.103888;6683.30;6684.10;6684.09;6684.70;-140.00;1.00;1.71865.82;1.15;1238.14;0.81;
12:48:56.383143;15:48:56.174699;6683.30;6684.10;6683.59;6684.20;-90.00;51.00;1.42816.13;1.23;1175.35;0.85;
12:48:56.582133;15:48:56.580138;6683.40;6684.10;6683.59;6684.20;-80.00;51.00;1.11747.87;1.34;1175.35;0.85;
12:48:58.974600;15:48:58.973603;6682.80;6683.60;6683.59;6684.20;-140.00;1.00;1.45834.48;1.20;1175.35;0.85;
12:48:59.025463;15:48:58.973603;6682.80;6683.60;6683.25;6684.05;-125.00;35.00;1.45834.48;1.20;1273.08;0.79;
12:48:59.084307;15:48:59.083308;6682.90;6683.60;6683.25;6684.05;-115.00;35.00;1.18798.19;1.25;1273.08;0.79;
12:49:00.106582;15:48:59.083308;6682.90;6683.60;6683.09;6683.70;-80.00;51.00;1.17798.19;1.25;1261.09;0.79;
12:49:00.950404;15:48:59.083308;6682.90;6683.60;6683.09;6684.20;-130.00;51.00;0.98798.19;1.25;1236.48;0.81;
12:49:02.627752;15:48:59.083308;6682.90;6683.60;6683.05;6683.74;-84.00;55.00;0.60798.19;1.25;1260.98;0.79;
12:49:02.862392;15:48:59.083308;6682.90;6683.60;6683.05;6684.24;-134.00;55.00;0.69798.19;1.25;1206.94;0.83;
12:49:03.178274;15:49:03.176292;6683.10;6683.90;6683.05;6684.24;-114.00;85.00;0.51955.08;1.05;1206.94;0.83;
12:49:06.977906;15:49:06.976909;6683.60;6684.40;6683.05;6684.24;-64.00;135.00;1.121037.28;0.96;1206.94;0.83;
12:49:07.141687;15:49:07.083502;6683.60;6684.40;6683.65;6684.65;-105.00;75.00;0.77998.50;1.00;1359.57;0.74;
12:49:07.312457;15:49:07.273291;6683.60;6684.40;6683.65;6684.15;-55.00;75.00;0.40928.99;1.08;1303.90;0.77;
12:49:08.174941;15:49:07.273291;6683.60;6684.40;6683.73;6684.58;-98.00;67.00;0.40928.99;1.08;1283.81;0.78;
12:49:09.164715;15:49:08.284646;6683.60;6684.40;6683.68;6684.13;-53.00;72.00;0.33898.75;1.11;1271.08;0.79;
12:49:09.900559;15:49:08.284646;6683.60;6684.40;6683.67;6684.63;-103.00;73.00;0.33898.75;1.11;1248.68;0.80;
12:49:10.978657;15:49:08.284646;6683.60;6684.40;6683.63;6684.16;-56.00;77.00;0.33898.75;1.11;1241.90;0.81;
12:49:11.313754;15:49:08.284646;6683.60;6684.40;6683.63;6684.66;-106.00;77.00;0.33898.75;1.11;1207.02;0.83;
12:49:12.220789;15:49:08.284646;6683.60;6684.40;6683.59;6684.20;-60.00;81.00;0.33898.75;1.11;1195.91;0.84;
12:49:12.340028;15:49:08.284646;6683.60;6684.40;6683.59;6684.70;-110.00;81.00;0.20898.75;1.11;1157.46;0.86;
12:49:12.437078;15:49:08.284646;6683.60;6684.40;6684.09;6684.70;-110.00;31.00;0.00898.75;1.11;1120.89;0.89;
12:49:12.476858;15:49:12.475854;6684.10;6684.90;6684.09;6684.70;-60.00;81.00;0.221012.29;0.99;1120.89;0.89;
12:49:13.175503;15:49:13.173503;6684.60;6685.40;6684.09;6684.70;-10.00;131.00;0.501001.80;1.00;1120.89;0.89;
12:49:13.236370;15:49:13.173503;6684.60;6685.40;6684.61;6685.19;-59.00;79.00;0.441001.80;1.00;1110.14;0.90;
12:49:13.374983;15:49:13.372968;6683.60;6684.40;6684.61;6685.19;-159.00;-21.00;0.99945.42;1.06;1110.14;0.90;
12:49:13.433804;15:49:13.372968;6683.60;6684.40;6684.11;6684.69;-109.00;29.00;0.88945.42;1.06;1080.02;0.93;
12:49:13.501624;15:49:13.485667;6683.70;6684.40;6684.11;6684.69;-99.00;29.00;1.02920.19;1.09;1080.02;0.93;
12:49:13.978504;15:49:13.976516;6684.10;6684.90;6684.11;6684.69;-59.00;79.00;1.42907.53;1.10;1080.02;0.93;
12:49:14.001432;15:49:13.976516;6684.10;6684.90;6684.11;6685.19;-109.00;79.00;1.42907.53;1.10;1064.70;0.94;
12:49:14.563944;15:49:13.976516;6684.10;6684.90;6684.07;6684.73;-63.00;83.00;1.42907.53;1.10;1049.48;0.95;
12:49:15.156361;15:49:13.976516;6684.10;6684.90;6684.07;6685.23;-113.00;83.00;1.42907.53;1.10;1036.01;0.97;
12:49:15.198295;15:49:13.976516;6684.10;6684.90;6684.07;6684.73;-63.00;83.00;1.00907.53;1.10;1007.63;0.99;
12:49:15.303525;15:49:13.976516;6684.10;6684.90;6684.07;6685.23;-113.00;83.00;0.67907.53;1.10;982.57;1.02;
12:49:15.380319;15:49:15.378327;6684.60;6685.40;6684.07;6685.23;-63.00;133.00;1.14921.65;1.09;982.57;1.02;
12:49:15.439161;15:49:15.378327;6684.60;6685.40;6684.57;6685.73;-113.00;83.00;0.44921.65;1.09;959.65;1.04;
12:49:15.590770;15:49:15.378327;6684.60;6685.40;6684.57;6685.23;-63.00;83.00;0.50921.65;1.09;938.38;1.07;
12:49:15.978279;15:49:15.978279;6684.10;6684.90;6684.57;6685.23;-113.00;33.00;0.73912.69;1.10;938.38;1.07;
12:49:16.104929;15:49:16.087975;6684.10;6684.90;6684.07;6685.23;-113.00;83.00;0.44890.98;1.12;927.53;1.08;
12:49:19.173631;15:49:19.172635;6684.60;6685.40;6684.07;6685.23;-63.00;133.00;0.75948.71;1.05;927.53;1.08;
12:49:19.277362;15:49:19.274361;6684.60;6685.40;6684.56;6685.24;-64.00;84.00;0.75926.99;1.08;983.63;1.02;
12:49:19.474805;15:49:19.472819;6684.20;6684.90;6684.56;6685.24;-104.00;34.00;1.11908.78;1.10;983.63;1.02;
12:49:21.474357;15:49:21.473356;6684.10;6684.90;6684.56;6685.24;-114.00;34.00;1.33935.41;1.07;983.63;1.02;
12:49:21.482329;15:49:21.473356;6684.10;6684.90;6684.12;6685.17;-107.00;78.00;1.33935.41;1.07;1013.42;0.99;
12:49:21.674816;15:49:21.672836;6684.60;6685.40;6684.12;6685.17;-57.00;128.00;1.33896.54;1.12;1013.42;0.99;
12:49:21.679798;15:49:21.672836;6684.60;6685.40;6684.62;6685.17;-57.00;78.00;1.59896.54;1.12;993.92;1.01;
12:49:22.678995;15:49:22.677002;6684.20;6684.90;6684.62;6685.17;-97.00;28.00;2.44878.99;1.14;993.92;1.01;
12:49:22.974335;15:49:22.973335;6684.10;6684.90;6684.62;6685.17;-107.00;28.00;1.99866.32;1.15;993.92;1.01;
12:49:23.089027;15:49:23.075063;6684.10;6684.90;6684.05;6685.24;-114.00;85.00;1.86850.05;1.18;1003.67;1.00;
12:49:23.161831;15:49:23.075063;6684.10;6684.90;6684.05;6684.74;-64.00;85.00;1.13850.05;1.18;982.51;1.02;
12:49:23.260623;15:49:23.075063;6684.10;6684.90;6684.05;6685.24;-114.00;85.00;1.13850.05;1.18;962.88;1.04;
12:49:24.274112;15:49:24.273092;6683.60;6684.40;6684.05;6685.24;-164.00;35.00;1.17857.30;1.17;962.88;1.04;
12:49:24.393815;15:49:24.375873;6683.60;6684.40;6683.70;6684.60;-100.00;70.00;0.82841.90;1.19;966.56;1.03;
12:49:24.498514;15:49:24.481856;6684.10;6684.90;6683.70;6684.60;-50.00;120.00;1.28827.19;1.21;966.56;1.03;
12:49:24.540325;15:49:24.481856;6684.10;6684.90;6684.18;6684.63;-53.00;72.00;0.82827.19;1.21;949.11;1.05;
12:49:24.873747;15:49:24.872749;6683.60;6684.40;6684.18;6684.63;-103.00;22.00;1.27818.63;1.22;949.11;1.05;
12:49:24.957528;15:49:24.872749;6683.60;6684.40;6683.70;6684.60;-100.00;70.00;0.85818.63;1.22;938.03;1.07;
12:49:26.077260;15:49:26.075270;6684.10;6684.90;6683.70;6684.60;-50.00;120.00;1.10826.01;1.21;938.03;1.07;
12:49:26.084240;15:49:26.075270;6684.10;6684.90;6684.09;6684.70;-60.00;81.00;1.14826.01;1.21;941.90;1.06;
12:49:26.275248;15:49:26.274249;6683.70;6684.40;6684.09;6684.70;-100.00;31.00;1.63814.18;1.23;941.90;1.06;
12:49:26.382950;15:49:26.380956;6683.60;6684.40;6684.09;6684.70;-110.00;31.00;2.00801.08;1.25;941.90;1.06;
12:49:26.464731;15:49:26.380956;6683.60;6684.40;6683.59;6684.70;-110.00;81.00;1.33801.08;1.25;930.69;1.07;
12:49:26.510189;15:49:26.495198;6683.60;6684.40;6683.59;6684.20;-60.00;81.00;1.59788.59;1.27;913.09;1.10;
12:49:26.677622;15:49:26.495198;6683.60;6684.40;6683.59;6684.70;-110.00;81.00;1.00788.59;1.27;898.95;1.11;
12:49:31.022419;15:49:26.495198;6683.60;6684.40;6683.60;6684.20;-60.00;80.00;1.00788.59;1.27;963.97;1.04;
12:49:33.709240;15:49:26.495198;6683.60;6684.40;6683.56;6684.73;-113.00;84.00;0.56788.59;1.27;995.87;1.00;
12:49:35.773503;15:49:35.772506;6683.70;6684.40;6683.56;6684.73;-103.00;84.00;0.68940.18;1.06;995.87;1.00;
12:49:35.806414;15:49:35.772506;6683.70;6684.40;6684.08;6684.72;-102.00;32.00;0.31940.18;1.06;1015.62;0.98;
12:49:35.897171;15:49:35.882214;6683.60;6684.40;6684.08;6684.72;-112.00;32.00;0.39925.61;1.08;1015.62;0.98;
12:49:35.902158;15:49:35.882214;6683.60;6684.40;6683.58;6684.72;-112.00;82.00;0.08925.61;1.08;999.41;1.00;
12:49:36.528483;15:49:35.882214;6683.60;6684.40;6683.58;6684.22;-62.00;82.00;0.05925.61;1.08;992.94;1.01;
12:49:37.262974;15:49:35.882214;6683.60;6684.40;6683.71;6684.60;-100.00;69.00;0.05925.61;1.08;988.48;1.01;
12:49:40.726110;15:49:35.882214;6683.60;6684.40;6683.64;6684.15;-55.00;76.00;0.05925.61;1.08;1030.41;0.97;
12:49:41.439712;15:49:35.882214;6683.60;6684.40;6683.64;6684.65;-105.00;76.00;0.05925.61;1.08;1025.13;0.98;
12:49:41.773830;15:49:41.772822;6682.60;6683.40;6683.64;6684.65;-205.00;-24.00;0.611011.21;0.99;1025.13;0.98;
12:49:41.831663;15:49:41.772822;6682.60;6683.40;6683.06;6683.74;-114.00;34.00;0.481011.21;0.99;1014.44;0.99;
12:49:41.944106;15:49:41.888011;6682.60;6683.40;6682.56;6683.74;-114.00;84.00;0.42996.02;1.00;999.82;1.00;
12:49:46.174382;15:49:46.173381;6683.10;6683.90;6682.56;6683.74;-64.00;134.00;0.691050.85;0.95;999.82;1.00;
12:49:46.221957;15:49:46.173381;6683.10;6683.90;6683.09;6683.70;-60.00;81.00;0.591050.85;0.95;1052.22;0.95;
12:49:52.574886;15:49:52.572901;6682.60;6683.40;6683.09;6683.70;-110.00;31.00;0.871120.17;0.89;1052.22;0.95;
12:49:52.704254;15:49:52.673335;6682.60;6683.40;6682.71;6683.60;-100.00;69.00;0.881103.98;0.91;1137.06;0.88;
12:49:52.804985;15:49:52.787036;6683.10;6683.90;6682.71;6683.60;-50.00;119.00;1.231088.51;0.92;1137.06;0.88;
12:49:52.810967;15:49:52.787036;6683.10;6683.90;6683.18;6683.63;-53.00;72.00;1.241088.51;0.92;1121.15;0.89;
12:49:55.673225;15:49:55.672231;6682.60;6683.40;6683.18;6683.63;-103.00;22.00;1.691066.91;0.94;1121.15;0.89;
12:49:55.793139;15:49:55.792142;6682.70;6683.40;6683.18;6683.63;-93.00;22.00;1.161053.18;0.95;1121.15;0.89;
12:49:55.900866;15:49:55.884910;6683.10;6683.90;6683.18;6683.63;-53.00;72.00;2.441039.46;0.96;1121.15;0.89;
12:49:58.273967;15:49:58.272973;6682.60;6683.40;6683.18;6683.63;-103.00;22.00;3.871043.76;0.96;1121.15;0.89;
12:49:58.374614;15:49:58.372611;6682.70;6683.40;6683.18;6683.63;-93.00;22.00;3.291030.82;0.97;1121.15;0.89;
12:49:58.974362;15:49:58.973367;6682.60;6683.40;6683.18;6683.63;-103.00;22.00;5.311025.01;0.98;1121.15;0.89;
12:49:58.986332;15:49:58.973367;6682.60;6683.40;6682.75;6683.55;-95.00;65.00;2.821025.01;0.98;1197.68;0.83;
12:50:01.674234;15:50:01.673260;6683.10;6683.90;6682.75;6683.55;-45.00;115.00;5.151033.56;0.97;1197.68;0.83;
12:50:01.718926;15:50:01.673260;6683.10;6683.90;6683.05;6683.74;-64.00;85.00;2.801033.56;0.97;1220.68;0.82;
12:50:02.674567;15:50:02.672577;6682.60;6683.40;6683.05;6683.74;-114.00;35.00;5.201033.12;0.97;1220.68;0.82;
12:50:02.703487;15:50:02.672577;6682.60;6683.40;6682.62;6683.68;-108.00;78.00;2.821033.12;0.97;1217.21;0.82;
12:50:04.157506;15:50:02.672577;6682.60;6683.40;6683.11;6683.69;-109.00;29.00;2.061033.12;0.97;1220.66;0.82;
12:50:04.174458;15:50:04.172464;6682.70;6683.40;6683.11;6683.69;-99.00;29.00;1.661039.10;0.96;1220.66;0.82;
12:50:05.773549;15:50:05.772549;6683.10;6683.90;6683.11;6683.69;-59.00;79.00;1.611046.20;0.96;1220.66;0.82;
12:50:08.874092;15:50:08.872333;6682.60;6683.40;6683.11;6683.69;-109.00;29.00;2.061058.64;0.94;1220.66;0.82;
12:50:08.927562;15:50:08.872333;6682.60;6683.40;6682.64;6683.66;-106.00;76.00;1.611058.64;0.94;1271.18;0.79;
12:50:08.980457;15:50:08.979426;6683.10;6683.90;6682.64;6683.66;-56.00;126.00;2.531047.04;0.96;1271.18;0.79;
12:50:09.053509;15:50:08.979426;6683.10;6683.90;6683.14;6683.66;-56.00;76.00;1.611047.04;0.96;1255.01;0.80;
12:50:09.374911;15:50:09.372917;6682.60;6683.40;6683.14;6683.66;-106.00;26.00;2.511026.79;0.97;1255.01;0.80;
12:50:09.423788;15:50:09.372917;6682.60;6683.40;6682.64;6683.66;-106.00;76.00;1.611026.79;0.97;1242.77;0.80;
12:50:09.574381;15:50:09.572382;6683.10;6683.90;6682.64;6683.66;-56.00;126.00;2.501005.23;0.99;1242.77;0.80;
12:50:09.587342;15:50:09.572382;6683.10;6683.90;6683.14;6683.66;-56.00;76.00;2.501005.23;0.99;1228.14;0.81;
12:50:10.268523;15:50:09.695054;6683.10;6683.90;6683.23;6684.08;-98.00;67.00;1.95995.09;1.00;1220.75;0.82;
12:50:10.481948;15:50:10.479970;6682.60;6683.40;6683.23;6684.08;-148.00;17.00;1.99992.70;1.01;1220.75;0.82;
12:50:10.595154;15:50:10.578199;6682.70;6683.40;6683.18;6683.63;-93.00;22.00;1.36982.65;1.02;1208.63;0.83;
12:50:11.573900;15:50:11.572914;6683.10;6683.90;6683.18;6683.63;-53.00;72.00;1.99982.78;1.02;1208.63;0.83;
12:50:11.654679;15:50:11.572914;6683.10;6683.90;6683.20;6684.10;-100.00;70.00;1.33982.78;1.02;1206.68;0.83;
12:50:11.785330;15:50:11.783335;6682.70;6683.40;6683.20;6684.10;-140.00;20.00;1.96963.70;1.04;1206.68;0.83;
12:50:11.832700;15:50:11.783335;6682.70;6683.40;6683.18;6683.63;-93.00;22.00;1.30963.70;1.04;1193.50;0.84;
12:50:12.974461;15:50:12.972466;6683.10;6683.90;6683.18;6683.63;-53.00;72.00;1.93966.13;1.04;1193.50;0.84;
12:50:17.074306;15:50:17.072596;6682.60;6683.40;6683.18;6683.63;-103.00;22.00;1.93968.56;1.03;1193.50;0.84;
12:50:17.163069;15:50:17.072596;6682.60;6683.40;6682.69;6683.61;-101.00;71.00;1.92968.56;1.03;1246.37;0.80;
12:50:17.628637;15:50:17.072596;6682.60;6683.40;6683.18;6683.63;-103.00;22.00;1.92968.56;1.03;1236.65;0.81;
12:50:17.694501;15:50:17.679158;6683.10;6683.90;6683.18;6683.63;-53.00;72.00;1.92964.86;1.04;1236.65;0.81;
12:50:20.874310;15:50:20.872649;6682.70;6683.40;6683.18;6683.63;-93.00;22.00;2.80969.89;1.03;1236.65;0.81;
12:50:21.276289;15:50:21.275295;6682.60;6683.40;6683.18;6683.63;-103.00;22.00;2.40971.92;1.03;1236.65;0.81;
12:50:21.328513;15:50:21.275295;6682.60;6683.40;6682.66;6683.65;-105.00;74.00;2.34971.92;1.03;1267.25;0.79;
12:50:21.462387;15:50:21.373392;6682.60;6683.40;6682.66;6683.15;-55.00;74.00;1.53971.72;1.03;1253.43;0.80;
12:50:22.467237;15:50:21.373392;6682.60;6683.40;6682.66;6683.64;-104.00;74.00;1.53971.72;1.03;1250.40;0.80;
12:50:23.438285;15:50:21.373392;6682.60;6683.40;6682.57;6683.73;-113.00;83.00;1.10971.72;1.03;1232.20;0.81;
12:50:23.690608;15:50:23.480172;6682.60;6683.40;6683.07;6683.73;-113.00;33.00;0.62968.99;1.03;1220.66;0.82;
12:50:24.132427;15:50:24.078581;6682.60;6683.40;6682.57;6683.73;-113.00;83.00;0.62973.94;1.03;1211.60;0.83;
12:50:24.677790;15:50:24.676798;6683.10;6683.90;6682.57;6683.73;-63.00;133.00;1.11973.94;1.03;1211.60;0.83;
12:50:24.724660;15:50:24.676798;6683.10;6683.90;6683.06;6683.74;-64.00;84.00;0.62973.94;1.03;1204.48;0.83;
12:50:24.936605;15:50:24.775525;6683.10;6683.90;6683.06;6684.24;-114.00;84.00;0.30925.93;1.08;1193.20;0.84;
12:50:26.273731;15:50:26.272736;6683.20;6683.90;6683.06;6684.24;-104.00;84.00;0.30939.91;1.06;1193.20;0.84;
12:50:26.321416;15:50:26.272736;6683.20;6683.90;6683.58;6684.21;-101.00;32.00;0.30939.91;1.06;1195.19;0.84;
12:50:26.474242;15:50:26.472791;6683.60;6684.40;6683.58;6684.21;-61.00;82.00;0.62928.91;1.08;1195.19;0.84;
12:50:26.606253;15:50:26.572332;6683.60;6684.40;6683.58;6684.71;-111.00;82.00;0.62928.75;1.08;1185.22;0.84;
12:50:28.975320;15:50:28.974339;6683.70;6684.40;6683.58;6684.71;-101.00;82.00;0.69951.81;1.05;1185.22;0.84;
12:50:29.040111;15:50:28.974339;6683.70;6684.40;6684.05;6684.74;-104.00;35.00;0.69951.81;1.05;1198.96;0.83;
12:50:29.973232;15:50:29.972222;6684.10;6684.90;6684.05;6684.74;-64.00;85.00;1.18960.82;1.04;1198.96;0.83;
12:50:30.152645;15:50:30.071884;6684.10;6684.90;6684.24;6685.07;-97.00;66.00;0.65951.89;1.05;1198.03;0.83;
12:50:30.200516;15:50:30.071884;6684.10;6684.90;6684.18;6684.63;-53.00;72.00;0.65951.89;1.05;1185.67;0.84;
12:50:33.483508;15:50:30.071884;6684.10;6684.90;6684.18;6685.13;-103.00;72.00;0.65951.89;1.05;1207.96;0.83;
12:50:34.473016;15:50:34.472247;6683.60;6684.40;6684.18;6685.13;-153.00;22.00;0.94984.89;1.02;1207.96;0.83;
12:50:34.581759;15:50:34.579799;6683.70;6684.40;6684.08;6684.71;-101.00;32.00;0.99984.67;1.02;1206.81;0.83;
12:50:34.693856;15:50:34.692855;6684.10;6684.90;6684.08;6684.71;-61.00;82.00;0.99985.09;1.02;1206.81;0.83;
12:50:34.714614;15:50:34.692855;6684.10;6684.90;6684.08;6685.21;-111.00;82.00;0.99985.09;1.02;1195.61;0.84;
12:50:36.937990;15:50:34.692855;6684.10;6684.90;6684.07;6684.73;-63.00;83.00;0.82985.09;1.02;1206.21;0.83;
12:50:37.676043;15:50:34.692855;6684.10;6684.90;6684.07;6685.23;-113.00;83.00;0.82985.09;1.02;1201.40;0.83;
12:50:38.673839;15:50:38.672842;6683.60;6684.40;6684.17;6684.63;-103.00;23.00;0.711021.91;0.98;1199.35;0.83;
12:50:38.793450;15:50:38.792449;6683.60;6684.40;6683.67;6684.63;-103.00;73.00;0.711022.06;0.98;1188.55;0.84;
12:50:39.873942;15:50:39.871946;6683.70;6684.40;6683.67;6684.63;-93.00;73.00;0.841008.92;0.99;1188.55;0.84;
12:50:39.932787;15:50:39.871946;6683.70;6684.40;6684.13;6684.66;-96.00;27.00;0.841008.92;0.99;1199.94;0.83;
12:50:40.274443;15:50:40.272449;6684.10;6684.90;6684.13;6684.66;-56.00;77.00;0.811011.83;0.99;1199.94;0.83;
12:50:42.373468;15:50:42.372428;6683.60;6684.40;6684.13;6684.66;-106.00;27.00;1.23991.90;1.01;1199.94;0.83;
12:50:42.483842;15:50:42.372428;6683.60;6684.40;6683.63;6684.67;-107.00;77.00;0.81991.90;1.01;1222.70;0.82;
12:50:42.873799;15:50:42.872798;6684.10;6684.90;6683.63;6684.67;-57.00;127.00;1.25958.90;1.04;1222.70;0.82;
12:50:42.975521;15:50:42.973527;6684.60;6685.40;6683.63;6684.67;-7.00;177.00;1.85958.84;1.04;1222.70;0.82;
12:50:43.020402;15:50:42.973527;6684.60;6685.40;6684.13;6685.17;-57.00;127.00;1.56958.84;1.04;1224.23;0.82;
12:50:43.135628;15:50:43.072264;6684.60;6685.40;6684.63;6685.17;-57.00;77.00;1.33958.91;1.04;1204.65;0.83;
12:50:43.855696;15:50:43.072264;6684.60;6685.40;6684.74;6685.57;-97.00;66.00;1.33958.91;1.04;1204.75;0.83;
12:50:44.075620;15:50:44.072631;6684.10;6684.90;6684.74;6685.57;-147.00;16.00;1.63957.82;1.04;1178.53;0.85;
12:50:44.086591;15:50:44.072631;6684.10;6684.90;6684.68;6685.13;-103.00;22.00;1.62957.82;1.04;1178.53;0.85;
12:50:44.178345;15:50:44.176351;6684.20;6684.90;6684.68;6685.13;-93.00;22.00;1.36916.95;1.09;1178.53;0.85;
12:50:45.173268;15:50:45.172270;6684.60;6685.40;6684.68;6685.13;-53.00;72.00;1.32919.93;1.09;1178.53;0.85;
12:50:47.283980;15:50:45.672123;6684.60;6685.40;6684.69;6685.61;-101.00;71.00;1.33922.93;1.08;1182.18;0.85;
12:50:47.875586;15:50:47.476555;6684.60;6685.40;6684.68;6685.13;-53.00;72.00;0.86939.85;1.06;1176.76;0.85;
12:50:47.982296;15:50:47.476555;6684.60;6685.40;6684.69;6685.61;-101.00;71.00;0.50939.85;1.06;1166.50;0.86;
12:50:48.391009;15:50:47.476555;6684.60;6685.40;6684.57;6685.23;-63.00;83.00;0.57939.85;1.06;1160.58;0.86;
12:50:49.081202;15:50:47.476555;6684.60;6685.40;6684.57;6685.73;-113.00;83.00;0.57939.85;1.06;1153.54;0.87;
12:50:51.374438;15:50:51.372443;6684.10;6684.90;6684.57;6685.73;-163.00;33.00;1.01973.91;1.03;1153.54;0.87;
12:50:51.490126;15:50:51.473171;6684.10;6684.90;6684.19;6685.12;-102.00;71.00;0.51960.90;1.04;1175.95;0.85;
12:50:58.219365;15:50:51.473171;6684.10;6684.90;6684.57;6685.22;-112.00;33.00;0.51960.90;1.04;1221.85;0.82;
12:50:58.277759;15:50:58.276723;6684.20;6684.90;6684.57;6685.22;-102.00;33.00;0.511022.95;0.98;1221.85;0.82;
12:51:00.174346;15:51:00.173350;6685.10;6685.90;6684.57;6685.22;-12.00;133.00;0.761040.82;0.96;1221.85;0.82;
12:51:00.301009;15:51:00.272100;6685.10;6685.90;6685.12;6685.68;-58.00;78.00;0.671010.96;0.99;1239.08;0.81;
12:51:00.873989;15:51:00.871994;6684.60;6685.40;6685.12;6685.68;-108.00;28.00;1.011015.94;0.98;1239.08;0.81;
12:51:00.975717;15:51:00.973723;6684.60;6685.40;6684.62;6685.68;-108.00;78.00;1.011014.97;0.99;1219.40;0.82;
12:51:01.474320;15:51:01.472324;6685.10;6685.90;6684.62;6685.68;-58.00;128.00;1.44999.95;1.00;1219.40;0.82;
12:51:01.596056;15:51:01.588079;6684.60;6685.40;6684.62;6685.68;-108.00;78.00;2.011000.08;1.00;1219.40;0.82;
12:51:02.104695;15:51:02.073782;6684.60;6685.40;6684.57;6685.22;-62.00;83.00;1.431002.82;1.00;1219.89;0.82;
12:51:02.287236;15:51:02.172514;6684.60;6685.40;6684.57;6685.72;-112.00;83.00;1.67994.93;1.01;1213.28;0.82;
12:51:04.472189;15:51:04.472189;6684.70;6685.40;6684.57;6685.72;-102.00;83.00;2.021014.96;0.99;1213.28;0.82;
12:51:04.539004;15:51:04.472189;6684.70;6685.40;6685.07;6685.72;-102.00;33.00;1.661014.96;0.99;1218.80;0.82;
12:51:06.462126;15:51:04.472189;6684.70;6685.40;6685.06;6686.23;-153.00;34.00;0.881014.96;0.99;1235.90;0.81;
12:51:06.474130;15:51:06.472113;6685.10;6685.90;6685.06;6686.23;-113.00;84.00;1.581033.94;0.97;1235.90;0.81;
12:51:06.865572;15:51:06.472113;6685.10;6685.90;6685.06;6685.73;-63.00;84.00;0.991033.94;0.97;1197.35;0.84;
12:51:07.374319;15:51:07.372213;6684.60;6685.40;6685.06;6685.73;-113.00;34.00;1.581030.96;0.97;1197.35;0.84;
12:51:07.485918;15:51:07.482916;6684.60;6685.40;6684.56;6685.73;-113.00;84.00;0.991031.04;0.97;1201.63;0.83;
12:51:07.872911;15:51:07.872911;6685.10;6685.90;6684.56;6685.73;-63.00;134.00;0.991033.87;0.97;1201.63;0.83;
12:51:07.985608;15:51:07.983613;6685.10;6685.90;6685.21;6686.10;-100.00;69.00;0.851031.07;0.97;1198.02;0.83;
12:51:08.401120;15:51:07.983613;6685.10;6685.90;6685.18;6685.63;-53.00;72.00;0.851031.07;0.97;1192.26;0.84;
12:51:08.703306;15:51:07.983613;6685.10;6685.90;6685.21;6686.10;-100.00;69.00;0.721031.07;0.97;1187.95;0.84;
12:51:09.423532;15:51:09.372669;6685.10;6685.90;6684.70;6685.61;-51.00;120.00;0.641032.93;0.97;1184.35;0.84;
12:51:09.475904;15:51:09.473910;6684.60;6685.40;6684.70;6685.61;-101.00;70.00;0.971031.95;0.97;1184.35;0.84;
12:51:09.595103;15:51:09.577149;6684.70;6685.40;6684.70;6685.61;-91.00;70.00;0.771031.91;0.97;1184.35;0.84;
12:51:09.600089;15:51:09.577149;6684.70;6685.40;6685.18;6685.63;-93.00;22.00;0.771031.91;0.97;1182.73;0.85;
12:51:10.173093;15:51:10.172093;6684.60;6685.40;6685.18;6685.63;-103.00;22.00;0.551036.72;0.96;1182.73;0.85;
12:51:10.272817;15:51:10.271817;6684.70;6685.40;6685.18;6685.63;-93.00;22.00;0.65944.95;1.06;1182.73;0.85;
12:51:10.374546;15:51:10.372552;6685.10;6685.90;6685.18;6685.63;-53.00;72.00;0.63944.86;1.06;1182.73;0.85;
12:51:10.773475;15:51:10.772477;6684.60;6685.40;6685.18;6685.63;-103.00;22.00;1.28888.80;1.13;1182.73;0.85;
12:51:10.827330;15:51:10.772477;6684.60;6685.40;6684.66;6685.64;-104.00;74.00;1.26888.80;1.13;1185.97;0.84;
12:51:11.878527;15:51:11.876508;6685.10;6685.90;6684.66;6685.64;-54.00;124.00;2.07856.98;1.17;1185.97;0.84;
12:51:11.905949;15:51:11.876508;6685.10;6685.90;6685.05;6685.74;-64.00;85.00;2.76856.98;1.17;1195.34;0.84;
12:51:12.911909;15:51:11.984268;6685.10;6685.90;6685.24;6686.07;-97.00;66.00;1.57857.05;1.17;1204.66;0.83;
12:51:13.087435;15:51:13.079460;6684.60;6685.40;6685.24;6686.07;-147.00;16.00;2.01805.02;1.24;1204.66;0.83;
12:51:13.123347;15:51:13.079460;6684.60;6685.40;6685.18;6685.63;-103.00;22.00;2.01805.02;1.24;1198.61;0.83;
12:51:13.279920;15:51:13.271941;6684.60;6685.40;6684.74;6685.57;-97.00;66.00;1.57804.80;1.24;1198.57;0.83;
