GapBuy;GapSell;FastCoef;Position;AvBid;AvAsk;Spread;SpreadK;MinLev;MinLevClose;FixTp;FixSl;TrailSl;FastSpread;dTFast;tpsFast;dTSlow;tpsSlow;
0.00;0.00;0.50;none;-625580.00;-625820.00;160.00;1.00;560.00;250.00;1.00;167.00;-1000.00;80.00;3.66;273.46;0.00;0.00;
-65.00;-65.00;0.50;none;-625645.00;-625885.00;160.00;1.00;560.00;250.00;1.00;167.00;-1000.00;80.00;3.66;273.46;301.71;3.31;
-36.67;-36.67;0.50;none;-625663.33;-625903.33;160.00;1.00;560.00;250.00;1.00;167.00;-1000.00;80.00;3.66;273.46;301.21;3.32;
160.00;160.00;0.50;none;-625610.00;-625850.00;160.00;1.00;560.00;250.00;1.00;167.00;-1000.00;80.00;232.79;4.30;298.63;3.35;
88.00;88.00;0.50;none;-625588.00;-625828.00;160.00;1.00;560.00;250.00;1.00;167.00;-1000.00;80.00;232.79;4.30;300.50;3.33;
23.33;23.33;0.50;none;-625583.33;-625823.33;160.00;1.00;560.00;250.00;1.00;167.00;-1000.00;80.00;232.79;4.30;299.64;3.34;
-82.86;45.71;0.50;none;-625575.71;-625837.14;160.00;1.00;560.00;250.00;1.00;167.00;-1000.00;230.00;385.32;2.60;299.64;3.34;
-20.00;92.50;0.50;none;-625562.50;-625840.00;160.00;1.00;560.00;250.00;1.00;167.00;-1000.00;230.00;385.32;2.60;300.23;3.33;
231.11;331.11;0.50;none;-625521.11;-625811.11;160.00;1.00;560.00;250.00;1.00;167.00;-1000.00;230.00;385.32;2.60;300.30;3.33;
46.00;136.00;0.49;none;-625506.00;-625806.00;160.00;1.00;560.00;250.00;1.00;167.00;-1000.00;230.00;385.32;2.60;299.91;3.33;
60.00;5.45;0.15;none;-625505.45;-625800.00;160.00;1.00;560.00;250.00;1.00;167.00;-1000.00;80.00;490.03;2.04;299.91;3.33;
174.17;124.17;0.15;none;-625494.17;-625784.17;160.00;1.00;560.00;250.00;1.00;167.00;-1000.00;80.00;490.03;2.04;303.32;3.30;
206.92;160.77;0.14;none;-625480.77;-625766.92;160.00;1.00;560.00;250.00;1.00;167.00;-1000.00;80.00;490.03;2.04;299.67;3.34;
285.00;242.14;0.16;none;-625462.14;-625745.00;160.00;1.00;560.00;250.00;1.00;167.00;-1000.00;80.00;490.03;2.04;326.71;3.06;
200.67;300.67;0.26;none;-625440.67;-625730.67;160.00;1.00;560.00;250.00;1.00;167.00;-1000.00;230.00;561.06;1.78;326.71;3.06;
19.38;113.13;0.23;none;-625433.13;-625729.38;160.00;1.00;560.00;250.00;1.00;167.00;-1000.00;230.00;561.06;1.78;324.83;3.08;
159.41;247.65;0.13;none;-625417.65;-625719.41;160.00;1.00;560.00;250.00;1.00;167.00;-1000.00;230.00;561.06;1.78;322.55;3.10;
197.78;281.11;0.13;none;-625401.11;-625707.78;160.00;1.00;560.00;250.00;1.00;167.00;-1000.00;230.00;561.06;1.78;321.46;3.11;
253.68;190.53;0.27;none;-625390.53;-625693.68;160.00;1.00;560.00;250.00;1.00;167.00;-1000.00;80.00;628.43;1.59;321.46;3.11;
51.00;-9.00;0.26;none;-625391.00;-625691.00;160.00;1.00;560.00;250.00;1.00;167.00;-1000.00;80.00;628.43;1.59;320.70;3.12;
-65.71;-122.86;0.15;none;-625397.14;-625694.29;160.00;1.00;560.00;250.00;1.00;167.00;-1000.00;80.00;628.43;1.59;318.43;3.14;
147.27;92.73;0.14;none;-625392.73;-625687.27;160.00;1.00;560.00;250.00;1.00;167.00;-1000.00;80.00;628.43;1.59;323.52;3.09;
121.74;213.04;0.22;none;-625383.04;-625681.74;160.00;1.00;560.00;250.00;1.00;167.00;-1000.00;230.00;669.68;1.49;323.52;3.09;
-46.25;41.25;0.21;none;-625381.25;-625683.75;160.00;1.00;560.00;250.00;1.00;167.00;-1000.00;230.00;669.68;1.49;322.91;3.10;
-140.40;-56.40;0.13;none;-625383.60;-625689.60;160.00;1.00;560.00;250.00;1.00;167.00;-1000.00;230.00;669.68;1.49;336.75;2.97;
57.31;138.08;0.12;none;-625378.08;-625687.31;160.00;1.00;560.00;250.00;1.00;167.00;-1000.00;230.00;669.68;1.49;335.12;2.98;
122.59;55.93;0.21;none;-625375.93;-625682.59;160.00;1.00;560.00;250.00;1.00;167.00;-1000.00;80.00;704.50;1.42;335.12;2.98;
-7.14;-71.43;0.20;none;-625378.57;-625682.86;160.00;1.00;560.00;250.00;1.00;167.00;-1000.00;80.00;704.50;1.42;347.52;2.88;
-26.21;-88.28;0.13;none;-625381.72;-625683.79;160.00;1.00;560.00;250.00;1.00;167.00;-1000.00;80.00;704.50;1.42;345.28;2.90;
-54.33;-114.33;0.15;none;-625385.67;-625685.67;160.00;1.00;560.00;250.00;1.00;167.00;-1000.00;80.00;742.05;1.35;342.60;2.92;
-342.90;-400.97;0.13;none;-625399.03;-625697.10;160.00;1.00;560.00;250.00;1.00;167.00;-1000.00;80.00;742.05;1.35;341.56;2.93;
-341.88;-398.13;0.16;none;-625411.88;-625708.13;160.00;1.00;560.00;250.00;1.00;167.00;-1000.00;80.00;742.05;1.35;352.16;2.84;
-186.06;-240.61;0.23;none;-625419.39;-625713.94;160.00;1.00;560.00;250.00;1.00;167.00;-1000.00;80.00;761.34;1.31;352.16;2.84;
-277.65;-330.59;0.25;none;-625429.41;-625722.35;160.00;1.00;560.00;250.00;1.00;167.00;-1000.00;80.00;761.34;1.31;350.35;2.85;
-162.86;-214.29;0.25;none;-625435.71;-625727.14;160.00;1.00;560.00;250.00;1.00;167.00;-1000.00;80.00;761.34;1.31;348.05;2.87;
-80.56;-130.56;0.29;none;-625439.44;-625729.44;160.00;1.00;560.00;250.00;1.00;167.00;-1000.00;80.00;761.34;1.31;346.42;2.89;
-127.03;-175.68;0.26;none;-625444.32;-625732.97;160.00;1.00;560.00;250.00;1.00;167.00;-1000.00;80.00;779.23;1.28;346.42;2.89;
-55.53;-102.89;0.28;none;-625447.11;-625734.47;160.00;1.00;560.00;250.00;1.00;167.00;-1000.00;80.00;779.23;1.28;344.65;2.90;
-15.13;-61.28;0.27;none;-625448.72;-625734.87;160.00;1.00;560.00;250.00;1.00;167.00;-1000.00;80.00;779.23;1.28;346.76;2.88;
24.25;-20.75;0.27;none;-625449.25;-625734.25;160.00;1.00;560.00;250.00;1.00;167.00;-1000.00;80.00;779.23;1.28;345.22;2.90;
-5.61;-49.51;0.42;none;-625450.49;-625734.39;160.00;1.00;560.00;250.00;1.00;167.00;-1000.00;80.00;795.11;1.26;343.61;2.91;
-73.81;-116.67;0.37;none;-625453.33;-625736.19;160.00;1.00;560.00;250.00;1.00;167.00;-1000.00;80.00;795.11;1.26;341.81;2.93;
-101.40;-143.26;0.09;none;-625456.74;-625738.60;160.00;1.00;560.00;250.00;1.00;167.00;-1000.00;80.00;795.11;1.26;341.28;2.93;
-50.23;-91.14;0.10;none;-625458.86;-625739.77;160.00;1.00;560.00;250.00;1.00;167.00;-1000.00;80.00;838.63;1.19;340.16;2.94;
-274.00;-314.00;0.08;none;-625466.00;-625746.00;160.00;1.00;560.00;250.00;1.00;167.00;-1000.00;80.00;838.63;1.19;340.16;2.94;
-874.57;-913.70;0.04;none;-625486.30;-625765.43;160.00;1.00;560.00;250.00;1.00;167.00;-1000.00;80.00;838.63;1.19;339.08;2.95;
-728.72;-767.02;0.00;none;-625502.98;-625781.28;160.00;1.00;560.00;250.00;1.00;167.00;-1000.00;80.00;838.63;1.19;337.11;2.97;
-566.67;-604.17;0.12;none;-625515.83;-625793.33;160.00;1.00;560.00;250.00;1.00;167.00;-1000.00;80.00;828.79;1.21;337.11;2.97;
-457.14;-493.88;0.12;none;-625526.12;-625802.86;160.00;1.00;560.00;250.00;1.00;167.00;-1000.00;80.00;828.79;1.21;335.94;2.98;
-281.40;-317.40;0.10;none;-625532.60;-625808.60;160.00;1.00;560.00;250.00;1.00;167.00;-1000.00;80.00;828.79;1.21;335.27;2.98;
-491.57;-526.86;0.09;none;-625543.14;-625818.43;160.00;1.00;560.00;250.00;1.00;167.00;-1000.00;80.00;828.79;1.21;334.12;2.99;
-609.62;-644.23;0.09;none;-625555.77;-625830.38;160.00;1.00;560.00;250.00;1.00;167.00;-1000.00;80.00;838.06;1.19;333.34;3.00;
-568.68;-602.64;0.09;none;-625567.36;-625841.32;160.00;1.00;560.00;250.00;1.00;167.00;-1000.00;80.00;838.06;1.19;332.80;3.00;
-587.59;-620.93;0.09;none;-625579.07;-625852.41;160.00;1.00;560.00;250.00;1.00;167.00;-1000.00;80.00;838.06;1.19;332.15;3.01;
-783.09;-815.82;0.09;none;-625594.18;-625866.91;160.00;1.00;560.00;250.00;1.00;167.00;-1000.00;80.00;838.06;1.19;331.13;3.02;
-670.89;-703.04;0.25;none;-625606.96;-625879.11;160.00;1.00;560.00;250.00;1.00;167.00;-1000.00;80.00;846.25;1.18;331.13;3.02;
-521.58;-553.16;0.24;none;-625616.84;-625888.42;160.00;1.00;560.00;250.00;1.00;167.00;-1000.00;80.00;846.25;1.18;330.52;3.03;
-463.45;-494.48;0.09;none;-625625.52;-625896.55;160.00;1.00;560.00;250.00;1.00;167.00;-1000.00;80.00;846.25;1.18;331.92;3.01;
-563.73;-594.24;0.09;none;-625635.76;-625906.27;160.00;1.00;560.00;250.00;1.00;167.00;-1000.00;80.00;859.63;1.16;337.34;2.96;
-505.17;-535.17;0.10;none;-625644.83;-625914.83;160.00;1.00;560.00;250.00;1.00;167.00;-1000.00;80.00;859.63;1.16;336.52;2.97;
-428.03;-457.54;0.12;none;-625652.46;-625921.97;160.00;1.00;560.00;250.00;1.00;167.00;-1000.00;80.00;859.63;1.16;335.93;2.98;
-470.32;-499.35;0.22;none;-625660.65;-625929.68;160.00;1.00;560.00;250.00;1.00;167.00;-1000.00;80.00;866.59;1.15;335.93;2.98;
-610.48;-639.05;0.19;none;-625670.95;-625939.52;160.00;1.00;560.00;250.00;1.00;167.00;-1000.00;80.00;866.59;1.15;335.27;2.98;
-591.09;-619.22;0.19;none;-625680.78;-625948.91;160.00;1.00;560.00;250.00;1.00;167.00;-1000.00;80.00;866.59;1.15;334.42;2.99;
-532.77;-560.46;0.24;none;-625689.54;-625957.23;160.00;1.00;560.00;250.00;1.00;167.00;-1000.00;80.00;866.59;1.15;333.83;3.00;
-426.21;-453.48;0.07;none;-625696.52;-625963.79;160.00;1.00;560.00;250.00;1.00;167.00;-1000.00;80.00;866.59;1.15;333.17;3.00;
-173.58;-200.45;0.06;none;-625699.55;-625966.42;160.00;1.00;560.00;250.00;1.00;167.00;-1000.00;80.00;873.32;1.15;332.58;3.01;
-190.74;-217.21;0.06;none;-625702.79;-625969.26;160.00;1.00;560.00;250.00;1.00;167.00;-1000.00;80.00;873.32;1.15;332.11;3.01;
-178.12;-204.20;0.07;none;-625705.80;-625971.88;160.00;1.00;560.00;250.00;1.00;167.00;-1000.00;80.00;873.32;1.15;331.44;3.02;
-47.43;-73.14;0.06;none;-625706.86;-625972.57;160.00;1.00;560.00;250.00;1.00;167.00;-1000.00;80.00;878.80;1.14;330.94;3.02;
22.25;-3.10;0.06;none;-625706.90;-625972.25;160.00;1.00;560.00;250.00;1.00;167.00;-1000.00;80.00;878.80;1.14;330.35;3.03;
81.11;56.11;0.00;none;-625706.11;-625971.11;160.00;1.00;560.00;250.00;1.00;167.00;-1000.00;80.00;878.80;1.14;329.89;3.03;
346.30;321.64;0.00;none;-625701.64;-625966.30;160.00;1.00;560.00;250.00;1.00;167.00;-1000.00;80.00;878.80;1.14;329.47;3.04;
193.65;169.32;0.16;none;-625699.32;-625963.65;160.00;1.00;560.00;250.00;1.00;167.00;-1000.00;80.00;888.83;1.13;329.47;3.04;
102.27;78.27;0.15;none;-625698.27;-625962.27;160.00;1.00;560.00;250.00;1.00;167.00;-1000.00;80.00;888.83;1.13;328.87;3.04;
150.26;126.58;0.16;none;-625696.58;-625960.26;160.00;1.00;560.00;250.00;1.00;167.00;-1000.00;80.00;888.83;1.13;328.41;3.04;
98.96;75.58;0.29;none;-625695.58;-625958.96;160.00;1.00;560.00;250.00;1.00;167.00;-1000.00;80.00;893.07;1.12;328.41;3.04;
433.33;410.26;0.20;none;-625690.26;-625953.33;160.00;1.00;560.00;250.00;1.00;167.00;-1000.00;80.00;893.07;1.12;332.70;3.01;
250.13;227.34;0.17;none;-625687.34;-625950.13;160.00;1.00;560.00;250.00;1.00;167.00;-1000.00;80.00;893.07;1.12;332.30;3.01;
326.00;303.50;0.18;none;-625683.50;-625946.00;160.00;1.00;560.00;250.00;1.00;167.00;-1000.00;80.00;893.07;1.12;331.71;3.01;
381.23;359.01;0.18;none;-625679.01;-625941.23;160.00;1.00;560.00;250.00;1.00;167.00;-1000.00;80.00;897.36;1.11;331.15;3.02;
425.98;404.02;0.18;none;-625674.02;-625935.98;160.00;1.00;560.00;250.00;1.00;167.00;-1000.00;80.00;897.36;1.11;330.80;3.02;
371.45;349.76;0.22;none;-625669.76;-625931.45;160.00;1.00;560.00;250.00;1.00;167.00;-1000.00;80.00;897.36;1.11;330.40;3.03;
426.31;404.88;0.05;none;-625664.88;-625926.31;160.00;1.00;560.00;250.00;1.00;167.00;-1000.00;80.00;897.36;1.11;329.91;3.03;
530.00;508.82;0.05;none;-625658.82;-625920.00;160.00;1.00;560.00;250.00;1.00;167.00;-1000.00;80.00;905.20;1.10;329.50;3.03;
504.07;483.14;0.05;none;-625653.14;-625914.07;160.00;1.00;560.00;250.00;1.00;167.00;-1000.00;80.00;905.20;1.10;329.11;3.04;
399.43;378.74;0.00;none;-625648.74;-625909.43;160.00;1.00;560.00;250.00;1.00;167.00;-1000.00;80.00;905.20;1.10;328.77;3.04;
325.68;453.52;0.11;none;-625643.52;-625905.68;160.00;1.00;560.00;250.00;1.00;167.00;-1000.00;230.00;908.72;1.10;328.77;3.04;
391.24;517.64;0.13;none;-625637.64;-625901.24;160.00;1.00;560.00;250.00;1.00;167.00;-1000.00;230.00;908.72;1.10;328.31;3.05;
525.33;650.33;0.11;none;-625630.33;-625895.33;160.00;1.00;560.00;250.00;1.00;167.00;-1000.00;230.00;908.72;1.10;327.85;3.05;
480.00;603.63;0.12;none;-625623.63;-625890.00;160.00;1.00;560.00;250.00;1.00;167.00;-1000.00;230.00;908.72;1.10;327.52;3.05;
267.07;389.35;0.09;none;-625619.35;-625887.07;160.00;1.00;560.00;250.00;1.00;167.00;-1000.00;230.00;908.72;1.10;327.29;3.06;
333.44;306.02;0.20;none;-625616.02;-625883.44;160.00;1.00;560.00;250.00;1.00;167.00;-1000.00;80.00;912.50;1.10;327.29;3.06;
112.23;85.11;0.16;none;-625615.11;-625882.23;160.00;1.00;560.00;250.00;1.00;167.00;-1000.00;80.00;912.50;1.10;326.78;3.06;
239.68;212.84;0.16;none;-625612.84;-625879.68;160.00;1.00;560.00;250.00;1.00;167.00;-1000.00;80.00;912.50;1.10;326.49;3.06;
425.21;398.65;0.14;none;-625608.65;-625875.21;160.00;1.00;560.00;250.00;1.00;167.00;-1000.00;80.00;912.50;1.10;326.11;3.07;
410.93;384.64;0.15;none;-625604.64;-625870.93;160.00;1.00;560.00;250.00;1.00;167.00;-1000.00;80.00;915.02;1.09;325.88;3.07;
357.24;331.22;0.07;none;-625601.22;-625867.24;160.00;1.00;560.00;250.00;1.00;167.00;-1000.00;80.00;915.02;1.09;325.55;3.07;
254.65;228.89;0.07;none;-625598.89;-625864.65;160.00;1.00;560.00;250.00;1.00;167.00;-1000.00;80.00;915.02;1.09;325.28;3.07;
370.90;345.40;0.07;none;-625595.40;-625860.90;160.00;1.00;560.00;250.00;1.00;167.00;-1000.00;80.00;915.02;1.09;324.98;3.08;
416.73;391.49;0.12;none;-625591.49;-625856.73;160.00;1.00;560.00;250.00;1.00;167.00;-1000.00;80.00;921.17;1.09;324.98;3.08;
382.94;357.94;0.15;none;-625587.94;-625852.94;160.00;1.00;560.00;250.00;1.00;167.00;-1000.00;80.00;921.17;1.09;324.73;3.08;
339.61;314.85;0.06;none;-625584.85;-625849.61;160.00;1.00;560.00;250.00;1.00;167.00;-1000.00;80.00;921.17;1.09;324.36;3.08;
326.44;301.92;0.07;none;-625581.92;-625846.44;160.00;1.00;560.00;250.00;1.00;167.00;-1000.00;80.00;921.17;1.09;323.99;3.09;
273.81;249.52;0.18;none;-625579.52;-625843.81;160.00;1.00;560.00;250.00;1.00;167.00;-1000.00;80.00;923.74;1.08;323.99;3.09;
449.53;425.47;0.19;none;-625575.47;-625839.53;160.00;1.00;560.00;250.00;1.00;167.00;-1000.00;80.00;923.74;1.08;323.76;3.09;
375.98;352.15;0.17;none;-625572.15;-625835.98;160.00;1.00;560.00;250.00;1.00;167.00;-1000.00;80.00;923.74;1.08;326.90;3.06;
392.31;368.70;0.18;none;-625568.70;-625832.31;160.00;1.00;560.00;250.00;1.00;167.00;-1000.00;80.00;926.14;1.08;326.70;3.06;
339.17;315.78;0.19;none;-625565.78;-625829.17;160.00;1.00;560.00;250.00;1.00;167.00;-1000.00;80.00;926.14;1.08;326.29;3.06;
385.64;362.45;0.22;none;-625562.45;-625825.64;160.00;1.00;560.00;250.00;1.00;167.00;-1000.00;80.00;926.14;1.08;326.04;3.07;
312.79;289.82;0.10;none;-625559.82;-625822.79;160.00;1.00;560.00;250.00;1.00;167.00;-1000.00;80.00;926.14;1.08;325.79;3.07;
379.38;356.61;0.09;none;-625556.61;-625819.38;160.00;1.00;560.00;250.00;1.00;167.00;-1000.00;80.00;931.44;1.07;325.38;3.07;
306.64;284.07;0.08;none;-625554.07;-625816.64;160.00;1.00;560.00;250.00;1.00;167.00;-1000.00;80.00;931.44;1.07;325.14;3.08;
373.33;350.96;0.08;none;-625550.96;-625813.33;160.00;1.00;560.00;250.00;1.00;167.00;-1000.00;80.00;931.44;1.07;324.99;3.08;
419.65;397.48;0.08;none;-625547.48;-625809.65;160.00;1.00;560.00;250.00;1.00;167.00;-1000.00;80.00;933.45;1.07;324.99;3.08;
267.33;245.34;0.08;none;-625545.34;-625807.33;160.00;1.00;560.00;250.00;1.00;167.00;-1000.00;80.00;933.45;1.07;324.71;3.08;
364.19;342.39;0.08;none;-625542.39;-625804.19;160.00;1.00;560.00;250.00;1.00;167.00;-1000.00;80.00;933.45;1.07;324.41;3.08;
440.42;418.81;0.07;none;-625538.81;-625800.42;160.00;1.00;560.00;250.00;1.00;167.00;-1000.00;80.00;933.45;1.07;324.19;3.08;
446.64;425.21;0.07;none;-625535.21;-625796.64;160.00;1.00;560.00;250.00;1.00;167.00;-1000.00;80.00;933.45;1.07;323.87;3.09;
393.33;372.08;0.16;none;-625532.08;-625793.33;160.00;1.00;560.00;250.00;1.00;167.00;-1000.00;80.00;935.82;1.07;323.87;3.09;
519.01;497.93;0.15;none;-625527.93;-625789.01;160.00;1.00;560.00;250.00;1.00;167.00;-1000.00;80.00;935.82;1.07;323.89;3.09;
445.33;424.43;0.15;none;-625524.43;-625785.33;160.00;1.00;560.00;250.00;1.00;167.00;-1000.00;80.00;935.82;1.07;323.97;3.09;
392.11;371.38;0.15;none;-625521.38;-625782.11;160.00;1.00;560.00;250.00;1.00;167.00;-1000.00;80.00;935.82;1.07;323.98;3.09;
359.19;338.63;0.16;none;-625518.63;-625779.19;160.00;1.00;560.00;250.00;1.00;167.00;-1000.00;80.00;937.36;1.07;327.86;3.05;
465.44;445.04;0.07;none;-625515.04;-625775.44;160.00;1.00;560.00;250.00;1.00;167.00;-1000.00;80.00;937.36;1.07;327.96;3.05;
382.38;362.14;0.08;none;-625512.14;-625772.38;160.00;1.00;560.00;250.00;1.00;167.00;-1000.00;80.00;941.62;1.06;327.89;3.05;
309.92;289.84;0.08;none;-625509.84;-625769.92;160.00;1.00;560.00;250.00;1.00;167.00;-1000.00;80.00;941.62;1.06;327.81;3.05;
376.95;357.03;0.08;none;-625507.03;-625766.95;160.00;1.00;560.00;250.00;1.00;167.00;-1000.00;80.00;941.62;1.06;327.93;3.05;
264.88;245.12;0.07;none;-625505.12;-625764.88;160.00;1.00;560.00;250.00;1.00;167.00;-1000.00;80.00;941.62;1.06;327.66;3.05;
312.46;292.85;0.07;none;-625502.85;-625762.46;160.00;1.00;560.00;250.00;1.00;167.00;-1000.00;80.00;943.38;1.06;327.66;3.05;
220.76;201.30;0.07;none;-625501.30;-625760.76;160.00;1.00;560.00;250.00;1.00;167.00;-1000.00;80.00;943.38;1.06;327.93;3.05;
338.18;318.86;0.07;none;-625498.86;-625758.18;160.00;1.00;560.00;250.00;1.00;167.00;-1000.00;80.00;943.38;1.06;325.02;3.08;
355.49;336.32;0.07;none;-625496.32;-625755.49;160.00;1.00;560.00;250.00;1.00;167.00;-1000.00;80.00;943.38;1.06;324.94;3.08;
233.73;363.58;0.19;none;-625493.58;-625753.73;160.00;1.00;560.00;250.00;1.00;167.00;-1000.00;230.00;944.62;1.06;324.94;3.08;
241.93;370.81;0.22;none;-625490.81;-625751.93;160.00;1.00;560.00;250.00;1.00;167.00;-1000.00;230.00;944.62;1.06;324.97;3.08;
61.47;189.41;0.19;none;-625489.41;-625751.47;160.00;1.00;560.00;250.00;1.00;167.00;-1000.00;230.00;944.62;1.06;324.91;3.08;
31.24;158.25;0.20;none;-625488.25;-625751.24;160.00;1.00;560.00;250.00;1.00;167.00;-1000.00;230.00;944.62;1.06;324.79;3.08;
150.14;127.32;0.36;none;-625487.32;-625750.14;160.00;1.00;560.00;250.00;1.00;167.00;-1000.00;80.00;946.02;1.06;324.79;3.08;
407.19;384.53;0.28;none;-625484.53;-625747.19;160.00;1.00;560.00;250.00;1.00;167.00;-1000.00;80.00;946.02;1.06;324.97;3.08;
493.64;471.14;0.19;none;-625481.14;-625743.64;160.00;1.00;560.00;250.00;1.00;167.00;-1000.00;80.00;946.02;1.06;323.89;3.09;
629.15;606.81;0.18;none;-625476.81;-625739.15;160.00;1.00;560.00;250.00;1.00;167.00;-1000.00;80.00;946.02;1.06;323.75;3.09;
575.07;552.89;0.19;none;-625472.89;-625735.07;160.00;1.00;560.00;250.00;1.00;167.00;-1000.00;80.00;946.02;1.06;320.95;3.12;
521.40;499.37;0.26;none;-625469.37;-625731.40;160.00;1.00;560.00;250.00;1.00;167.00;-1000.00;80.00;949.80;1.05;320.95;3.12;
567.43;545.56;0.15;none;-625465.56;-625727.43;160.00;1.00;560.00;250.00;1.00;167.00;-1000.00;80.00;949.80;1.05;320.90;3.12;
613.17;591.45;0.15;none;-625461.45;-625723.17;160.00;1.00;560.00;250.00;1.00;167.00;-1000.00;80.00;949.80;1.05;317.91;3.15;
410.34;388.77;0.14;none;-625458.77;-625720.34;160.00;1.00;560.00;250.00;1.00;167.00;-1000.00;80.00;949.80;1.05;317.96;3.15;
457.21;435.78;0.21;none;-625455.78;-625717.21;160.00;1.00;560.00;250.00;1.00;167.00;-1000.00;80.00;950.99;1.05;317.96;3.15;
374.66;353.38;0.11;none;-625453.38;-625714.66;160.00;1.00;560.00;250.00;1.00;167.00;-1000.00;80.00;950.99;1.05;318.27;3.14;
461.54;440.40;0.13;none;-625450.40;-625711.54;160.00;1.00;560.00;250.00;1.00;167.00;-1000.00;80.00;950.99;1.05;317.87;3.15;
339.27;318.27;0.13;none;-625448.27;-625709.27;160.00;1.00;560.00;250.00;1.00;167.00;-1000.00;80.00;950.99;1.05;314.79;3.18;
317.15;296.29;0.15;none;-625446.29;-625707.15;160.00;1.00;560.00;250.00;1.00;167.00;-1000.00;80.00;950.99;1.05;314.77;3.18;
265.39;244.67;0.15;none;-625444.67;-625705.39;160.00;1.00;560.00;250.00;1.00;167.00;-1000.00;80.00;950.99;1.05;314.92;3.18;
343.14;322.55;0.07;none;-625442.55;-625703.14;160.00;1.00;560.00;250.00;1.00;167.00;-1000.00;80.00;950.99;1.05;314.90;3.18;
360.78;340.32;0.07;none;-625440.32;-625700.78;160.00;1.00;560.00;250.00;1.00;167.00;-1000.00;80.00;950.99;1.05;314.93;3.18;
308.77;288.45;0.15;none;-625438.45;-625698.77;160.00;1.00;560.00;250.00;1.00;167.00;-1000.00;80.00;977.76;1.02;314.93;3.18;
475.71;455.51;0.16;none;-625435.51;-625695.71;160.00;1.00;560.00;250.00;1.00;167.00;-1000.00;80.00;977.76;1.02;314.86;3.18;
591.91;571.85;0.07;none;-625431.85;-625691.91;160.00;1.00;560.00;250.00;1.00;167.00;-1000.00;80.00;977.76;1.02;314.81;3.18;
528.54;508.61;0.07;none;-625428.61;-625688.54;160.00;1.00;560.00;250.00;1.00;167.00;-1000.00;80.00;977.76;1.02;314.88;3.18;
485.47;465.66;0.07;none;-625425.66;-625685.47;160.00;1.00;560.00;250.00;1.00;167.00;-1000.00;80.00;978.24;1.02;319.03;3.13;
522.19;502.50;0.08;none;-625422.50;-625682.19;160.00;1.00;560.00;250.00;1.00;167.00;-1000.00;80.00;978.24;1.02;319.82;3.13;
479.19;459.63;0.08;none;-625419.63;-625679.19;160.00;1.00;560.00;250.00;1.00;167.00;-1000.00;80.00;978.72;1.02;319.80;3.13;
287.41;267.96;0.07;none;-625417.96;-625677.41;160.00;1.00;560.00;250.00;1.00;167.00;-1000.00;80.00;978.72;1.02;319.37;3.13;
265.77;246.44;0.07;none;-625416.44;-625675.77;160.00;1.00;560.00;250.00;1.00;167.00;-1000.00;80.00;978.72;1.02;319.44;3.13;
313.84;294.63;0.15;none;-625414.63;-625673.84;160.00;1.00;560.00;250.00;1.00;167.00;-1000.00;80.00;979.19;1.02;319.44;3.13;
272.18;253.09;0.07;none;-625413.09;-625672.18;160.00;1.00;560.00;250.00;1.00;167.00;-1000.00;80.00;979.19;1.02;322.80;3.10;
210.90;191.93;0.08;none;-625411.93;-625670.90;160.00;1.00;560.00;250.00;1.00;167.00;-1000.00;80.00;979.19;1.02;322.88;3.10;
309.04;290.18;0.31;none;-625410.18;-625669.04;160.00;1.00;560.00;250.00;1.00;167.00;-1000.00;80.00;981.77;1.02;322.88;3.10;
28.87;10.12;0.21;none;-625410.12;-625668.87;160.00;1.00;560.00;250.00;1.00;167.00;-1000.00;80.00;981.77;1.02;325.81;3.07;
58.52;39.88;0.21;none;-625409.88;-625668.52;160.00;1.00;560.00;250.00;1.00;167.00;-1000.00;80.00;981.77;1.02;325.92;3.07;
97.94;79.41;0.21;none;-625409.41;-625667.94;160.00;1.00;560.00;250.00;1.00;167.00;-1000.00;80.00;981.77;1.02;325.86;3.07;
-21.93;108.77;0.34;none;-625408.77;-625668.07;160.00;1.00;560.00;250.00;1.00;167.00;-1000.00;230.00;982.15;1.02;325.86;3.07;
236.69;366.63;0.31;none;-625406.63;-625666.69;160.00;1.00;560.00;250.00;1.00;167.00;-1000.00;230.00;982.15;1.02;325.76;3.07;
255.20;384.39;0.31;none;-625404.39;-625665.20;160.00;1.00;560.00;250.00;1.00;167.00;-1000.00;230.00;982.15;1.02;325.75;3.07;
273.62;402.07;0.23;none;-625402.07;-625663.62;160.00;1.00;560.00;250.00;1.00;167.00;-1000.00;230.00;982.15;1.02;325.82;3.07;
470.91;598.63;0.19;none;-625398.63;-625660.91;160.00;1.00;560.00;250.00;1.00;167.00;-1000.00;230.00;982.15;1.02;325.83;3.07;
438.41;416.25;0.33;none;-625396.25;-625658.41;160.00;1.00;560.00;250.00;1.00;167.00;-1000.00;80.00;983.04;1.02;325.83;3.07;
455.82;433.79;0.21;none;-625393.79;-625655.82;160.00;1.00;560.00;250.00;1.00;167.00;-1000.00;80.00;983.04;1.02;324.92;3.08;
363.76;341.85;0.26;none;-625391.85;-625653.76;160.00;1.00;560.00;250.00;1.00;167.00;-1000.00;80.00;983.04;1.02;322.97;3.10;
411.45;389.66;0.35;none;-625389.66;-625651.45;160.00;1.00;560.00;250.00;1.00;167.00;-1000.00;80.00;982.86;1.02;322.97;3.10;
379.33;357.67;0.36;none;-625387.67;-625649.33;160.00;1.00;560.00;250.00;1.00;167.00;-1000.00;80.00;982.86;1.02;324.07;3.09;
108.73;87.18;0.17;none;-625387.18;-625648.73;160.00;1.00;560.00;250.00;1.00;167.00;-1000.00;80.00;985.17;1.02;331.97;3.01;
88.24;66.81;0.23;none;-625386.81;-625648.24;160.00;1.00;560.00;250.00;1.00;167.00;-1000.00;80.00;985.17;1.02;331.90;3.01;
207.10;185.79;0.20;none;-625385.79;-625647.10;160.00;1.00;560.00;250.00;1.00;167.00;-1000.00;80.00;985.17;1.02;331.95;3.01;
96.58;75.38;0.18;none;-625385.38;-625646.58;160.00;1.00;560.00;250.00;1.00;167.00;-1000.00;80.00;985.17;1.02;331.99;3.01;
145.78;124.70;0.31;none;-625384.70;-625645.78;160.00;1.00;560.00;250.00;1.00;167.00;-1000.00;80.00;985.47;1.01;331.99;3.01;
224.57;203.60;0.14;none;-625383.60;-625644.57;160.00;1.00;560.00;250.00;1.00;167.00;-1000.00;80.00;985.47;1.01;331.97;3.01;
203.48;182.62;0.14;none;-625382.62;-625643.48;160.00;1.00;560.00;250.00;1.00;167.00;-1000.00;80.00;985.47;1.01;331.90;3.01;
381.44;360.69;0.12;none;-625380.69;-625641.44;160.00;1.00;560.00;250.00;1.00;167.00;-1000.00;80.00;985.47;1.01;331.89;3.01;
329.68;309.05;0.12;none;-625379.05;-625639.68;160.00;1.00;560.00;250.00;1.00;167.00;-1000.00;80.00;985.74;1.01;331.89;3.01;
278.21;257.68;0.12;none;-625377.68;-625638.21;160.00;1.00;560.00;250.00;1.00;167.00;-1000.00;80.00;985.74;1.01;331.89;3.01;
197.17;176.75;0.15;none;-625376.75;-625637.17;160.00;1.00;560.00;250.00;1.00;167.00;-1000.00;80.00;985.74;1.01;331.97;3.01;
76.77;56.46;0.13;none;-625376.46;-625636.77;160.00;1.00;560.00;250.00;1.00;167.00;-1000.00;80.00;985.74;1.01;331.94;3.01;
325.08;304.87;0.11;none;-625374.87;-625635.08;160.00;1.00;560.00;250.00;1.00;167.00;-1000.00;80.00;985.74;1.01;331.93;3.01;
223.92;203.81;0.11;none;-625373.81;-625633.92;160.00;1.00;560.00;250.00;1.00;167.00;-1000.00;80.00;987.86;1.01;334.87;2.99;
242.67;222.67;0.06;none;-625372.67;-625632.67;160.00;1.00;560.00;250.00;1.00;167.00;-1000.00;80.00;987.86;1.01;334.92;2.99;
122.04;251.38;0.15;none;-625371.38;-625632.04;160.00;1.00;560.00;250.00;1.00;167.00;-1000.00;230.00;988.10;1.01;334.92;2.99;
111.47;240.15;0.15;none;-625370.15;-625631.47;160.00;1.00;560.00;250.00;1.00;167.00;-1000.00;230.00;988.10;1.01;337.99;2.96;
100.96;228.99;0.20;none;-625368.99;-625630.96;160.00;1.00;560.00;250.00;1.00;167.00;-1000.00;230.00;988.10;1.01;334.89;2.99;
170.10;297.49;0.11;none;-625367.49;-625630.10;160.00;1.00;560.00;250.00;1.00;167.00;-1000.00;230.00;988.10;1.01;334.90;2.99;
119.50;246.25;0.11;none;-625366.25;-625629.50;160.00;1.00;560.00;250.00;1.00;167.00;-1000.00;230.00;988.10;1.01;334.95;2.99;
218.41;344.53;0.10;none;-625364.53;-625628.41;160.00;1.00;560.00;250.00;1.00;167.00;-1000.00;230.00;988.10;1.01;334.97;2.99;
296.93;422.43;0.11;none;-625362.43;-625626.93;160.00;1.00;560.00;250.00;1.00;167.00;-1000.00;230.00;988.10;1.01;334.87;2.99;
365.12;340.74;0.34;none;-625360.74;-625625.12;160.00;1.00;560.00;250.00;1.00;167.00;-1000.00;80.00;1006.50;0.99;334.87;2.99;
313.58;289.31;0.38;none;-625359.31;-625623.58;160.00;1.00;560.00;250.00;1.00;167.00;-1000.00;80.00;1006.50;0.99;334.92;2.99;
312.05;337.66;0.38;none;-625357.66;-625622.05;210.00;1.00;610.00;250.00;1.00;217.00;-1000.00;80.00;1006.50;0.99;337.98;2.96;
360.29;336.02;0.18;none;-625356.02;-625620.29;160.00;1.00;560.00;250.00;1.00;167.00;-1000.00;80.00;1006.50;0.99;337.98;2.96;
259.03;234.88;0.43;none;-625354.88;-625619.03;160.00;1.00;560.00;250.00;1.00;167.00;-1000.00;80.00;1007.84;0.99;337.98;2.96;
556.35;532.31;0.25;none;-625352.31;-625616.35;160.00;1.00;560.00;250.00;1.00;167.00;-1000.00;80.00;1007.84;0.99;337.90;2.96;
543.73;519.81;0.27;none;-625349.81;-625613.73;160.00;1.00;560.00;250.00;1.00;167.00;-1000.00;80.00;1007.84;0.99;337.88;2.96;
1347.29;1323.48;0.13;none;-625343.48;-625607.29;160.00;1.00;560.00;250.00;1.00;167.00;-1000.00;80.00;1007.84;0.99;340.62;2.94;
1350.85;1327.16;0.13;none;-625337.16;-625600.85;160.00;1.00;560.00;250.00;1.00;167.00;-1000.00;80.00;1007.84;0.99;337.92;2.96;
1095.66;1072.08;0.35;none;-625332.08;-625595.66;160.00;1.00;560.00;250.00;1.00;167.00;-1000.00;80.00;1007.81;0.99;337.92;2.96;
1817.09;1793.62;0.18;none;-625323.62;-625587.09;160.00;1.00;560.00;250.00;1.00;167.00;-1000.00;80.00;1007.81;0.99;340.75;2.93;
1380.61;1357.24;0.15;none;-625317.24;-625580.61;160.00;1.00;560.00;250.00;1.00;167.00;-1000.00;80.00;1007.81;0.99;338.08;2.96;
1414.00;1390.74;0.15;none;-625310.74;-625574.00;160.00;1.00;560.00;250.00;1.00;167.00;-1000.00;80.00;1007.81;0.99;337.93;2.96;
1238.24;1364.40;0.19;none;-625304.40;-625568.24;160.00;1.00;560.00;250.00;1.00;167.00;-1000.00;230.00;1007.58;0.99;337.93;2.96;
1292.26;1417.83;0.14;none;-625297.83;-625562.26;160.00;1.00;560.00;250.00;1.00;167.00;-1000.00;230.00;1007.58;0.99;338.02;2.96;
1176.83;1301.83;0.16;none;-625291.83;-625556.83;160.00;1.00;560.00;250.00;1.00;167.00;-1000.00;230.00;1007.58;0.99;337.94;2.96;
1320.78;1445.21;0.15;none;-625285.21;-625550.78;160.00;1.00;560.00;250.00;1.00;167.00;-1000.00;230.00;1007.58;0.99;337.98;2.96;
1434.23;1408.77;0.27;none;-625278.77;-625544.23;160.00;1.00;560.00;250.00;1.00;167.00;-1000.00;80.00;1007.45;0.99;337.98;2.96;
1238.60;1213.26;0.25;none;-625273.26;-625538.60;160.00;1.00;560.00;250.00;1.00;167.00;-1000.00;80.00;1007.45;0.99;337.99;2.96;
1014.01;988.78;0.09;none;-625268.78;-625534.01;160.00;1.00;560.00;250.00;1.00;167.00;-1000.00;80.00;1007.45;0.99;337.93;2.96;
621.21;596.10;0.11;none;-625266.10;-625531.21;160.00;1.00;560.00;250.00;1.00;167.00;-1000.00;80.00;1007.45;0.99;337.93;2.96;
727.95;702.95;0.13;none;-625262.95;-625527.95;160.00;1.00;560.00;250.00;1.00;167.00;-1000.00;80.00;1007.45;0.99;337.82;2.96;
874.04;849.16;0.26;none;-625259.16;-625524.04;160.00;1.00;560.00;250.00;1.00;167.00;-1000.00;80.00;1008.97;0.99;337.82;2.96;
880.13;855.35;0.18;none;-625255.35;-625520.13;160.00;1.00;560.00;250.00;1.00;167.00;-1000.00;80.00;1008.97;0.99;337.87;2.96;
975.81;951.15;0.18;none;-625251.15;-625515.81;160.00;1.00;560.00;250.00;1.00;167.00;-1000.00;80.00;1008.97;0.99;337.95;2.96;
911.80;887.24;0.18;none;-625247.24;-625511.80;160.00;1.00;560.00;250.00;1.00;167.00;-1000.00;80.00;1008.97;0.99;337.95;2.96;
858.03;833.58;0.25;none;-625243.58;-625508.03;160.00;1.00;560.00;250.00;1.00;167.00;-1000.00;80.00;1008.90;0.99;337.95;2.96;
764.70;740.35;0.17;none;-625240.35;-625504.70;160.00;1.00;560.00;250.00;1.00;167.00;-1000.00;80.00;1008.90;0.99;338.07;2.96;
890.82;866.58;0.18;none;-625236.58;-625500.82;160.00;1.00;560.00;250.00;1.00;167.00;-1000.00;80.00;1008.90;0.99;334.86;2.99;
707.76;683.62;0.19;none;-625233.62;-625497.76;160.00;1.00;560.00;250.00;1.00;167.00;-1000.00;80.00;1008.90;0.99;337.78;2.96;
754.51;730.47;0.37;none;-625230.47;-625494.51;160.00;1.00;560.00;250.00;1.00;167.00;-1000.00;80.00;1008.92;0.99;337.78;2.96;
482.44;458.50;0.30;none;-625228.50;-625492.44;160.00;1.00;560.00;250.00;1.00;167.00;-1000.00;80.00;1008.92;0.99;337.99;2.96;
629.74;605.91;0.10;none;-625225.91;-625489.74;160.00;1.00;560.00;250.00;1.00;167.00;-1000.00;80.00;1008.92;0.99;337.92;2.96;
567.33;543.60;0.10;none;-625223.60;-625487.33;160.00;1.00;560.00;250.00;1.00;167.00;-1000.00;80.00;1008.92;0.99;337.85;2.96;
614.73;591.10;0.16;none;-625221.10;-625484.73;160.00;1.00;560.00;250.00;1.00;167.00;-1000.00;80.00;1010.13;0.99;337.85;2.96;
522.52;498.99;0.15;none;-625218.99;-625482.52;160.00;1.00;560.00;250.00;1.00;167.00;-1000.00;80.00;1010.13;0.99;337.98;2.96;
669.71;646.28;0.09;none;-625216.28;-625479.71;160.00;1.00;560.00;250.00;1.00;167.00;-1000.00;80.00;1010.13;0.99;338.04;2.96;
716.71;693.38;0.09;none;-625213.38;-625476.71;160.00;1.00;560.00;250.00;1.00;167.00;-1000.00;80.00;1010.13;0.99;337.85;2.96;
614.15;590.91;0.10;none;-625210.91;-625474.15;160.00;1.00;560.00;250.00;1.00;167.00;-1000.00;80.00;1010.13;0.99;337.94;2.96;
561.82;538.68;0.17;none;-625208.68;-625471.82;160.00;1.00;560.00;250.00;1.00;167.00;-1000.00;80.00;1009.97;0.99;337.94;2.96;
569.47;546.42;0.11;none;-625206.42;-625469.47;160.00;1.00;560.00;250.00;1.00;167.00;-1000.00;80.00;1009.97;0.99;337.97;2.96;
646.80;623.85;0.14;none;-625203.85;-625466.80;160.00;1.00;560.00;250.00;1.00;167.00;-1000.00;80.00;999.39;1.00;337.94;2.96;
544.57;521.71;0.16;none;-625201.71;-625464.57;160.00;1.00;560.00;250.00;1.00;167.00;-1000.00;80.00;999.39;1.00;338.92;2.95;
592.15;569.39;0.26;none;-625199.39;-625462.15;160.00;1.00;560.00;250.00;1.00;167.00;-1000.00;80.00;994.88;1.01;338.92;2.95;
599.72;577.04;0.17;none;-625197.04;-625459.72;160.00;1.00;560.00;250.00;1.00;167.00;-1000.00;80.00;994.88;1.01;341.92;2.92;
557.46;534.88;0.19;none;-625194.88;-625457.46;160.00;1.00;560.00;250.00;1.00;167.00;-1000.00;80.00;994.88;1.01;341.87;2.93;
595.06;572.57;0.23;none;-625192.57;-625455.06;160.00;1.00;560.00;250.00;1.00;167.00;-1000.00;80.00;994.84;1.01;346.97;2.88;
652.44;630.04;0.23;none;-625190.04;-625452.44;160.00;1.00;560.00;250.00;1.00;167.00;-1000.00;80.00;994.84;1.01;343.03;2.92;
550.24;527.93;0.59;none;-625187.93;-625450.24;160.00;1.00;560.00;250.00;1.00;167.00;-1000.00;80.00;996.53;1.00;343.03;2.92;
558.02;535.79;0.43;none;-625185.79;-625448.02;160.00;1.00;560.00;250.00;1.00;167.00;-1000.00;80.00;996.53;1.00;342.90;2.92;
525.93;503.79;0.41;none;-625183.79;-625445.93;160.00;1.00;560.00;250.00;1.00;167.00;-1000.00;80.00;996.53;1.00;342.95;2.92;
573.66;551.61;0.69;none;-625181.61;-625443.66;160.00;1.00;560.00;250.00;1.00;167.00;-1000.00;80.00;996.44;1.00;342.95;2.92;
631.18;609.22;0.80;none;-625179.22;-625441.18;160.00;1.00;560.00;250.00;1.00;167.00;-1000.00;80.00;996.44;1.00;347.12;2.88;
648.63;626.76;0.56;none;-625176.76;-625438.63;160.00;1.00;560.00;250.00;1.00;167.00;-1000.00;80.00;996.44;1.00;346.87;2.88;
626.19;604.40;0.54;none;-625174.40;-625436.19;160.00;1.00;560.00;250.00;1.00;167.00;-1000.00;80.00;996.44;1.00;348.91;2.87;
573.95;552.25;0.52;none;-625172.25;-625433.95;160.00;1.00;560.00;250.00;1.00;167.00;-1000.00;80.00;996.67;1.00;348.97;2.87;
631.51;609.88;0.48;none;-625169.88;-625431.51;160.00;1.00;560.00;250.00;1.00;167.00;-1000.00;80.00;996.67;1.00;348.85;2.87;
479.65;458.12;0.38;none;-625168.12;-625429.65;160.00;1.00;560.00;250.00;1.00;167.00;-1000.00;80.00;996.67;1.00;348.92;2.87;
527.62;506.17;0.25;none;-625166.17;-625427.62;160.00;1.00;560.00;250.00;1.00;167.00;-1000.00;80.00;996.56;1.00;348.92;2.87;
565.46;544.08;0.23;none;-625164.08;-625425.46;160.00;1.00;560.00;250.00;1.00;167.00;-1000.00;80.00;996.56;1.00;348.92;2.87;
573.27;551.98;0.24;none;-625161.98;-625423.27;160.00;1.00;560.00;250.00;1.00;167.00;-1000.00;80.00;996.56;1.00;348.89;2.87;
730.49;709.28;0.09;none;-625159.28;-625420.49;160.00;1.00;560.00;250.00;1.00;167.00;-1000.00;80.00;996.56;1.00;351.00;2.85;
677.92;656.79;0.20;none;-625156.79;-625417.92;160.00;1.00;560.00;250.00;1.00;167.00;-1000.00;80.00;998.13;1.00;351.00;2.85;
824.81;803.76;0.16;none;-625153.76;-625414.81;160.00;1.00;560.00;250.00;1.00;167.00;-1000.00;80.00;998.13;1.00;350.92;2.85;
861.57;840.60;0.15;none;-625150.60;-625411.57;160.00;1.00;560.00;250.00;1.00;167.00;-1000.00;80.00;998.13;1.00;350.94;2.85;
738.81;717.91;0.14;none;-625147.91;-625408.81;160.00;1.00;560.00;250.00;1.00;167.00;-1000.00;80.00;998.13;1.00;351.02;2.85;
686.25;665.43;0.22;none;-625145.43;-625406.25;160.00;1.00;560.00;250.00;1.00;167.00;-1000.00;80.00;998.05;1.00;351.02;2.85;
753.44;732.70;0.25;none;-625142.70;-625403.44;160.00;1.00;560.00;250.00;1.00;167.00;-1000.00;80.00;998.05;1.00;351.87;2.84;
740.70;720.04;0.17;none;-625140.04;-625400.70;160.00;1.00;560.00;250.00;1.00;167.00;-1000.00;80.00;998.05;1.00;351.93;2.84;
708.09;687.50;0.17;none;-625137.50;-625398.09;160.00;1.00;560.00;250.00;1.00;167.00;-1000.00;80.00;998.05;1.00;352.04;2.84;
655.68;635.16;0.26;none;-625135.16;-625395.68;160.00;1.00;560.00;250.00;1.00;167.00;-1000.00;80.00;998.05;1.00;352.04;2.84;
683.18;662.74;0.33;none;-625132.74;-625393.18;160.00;1.00;560.00;250.00;1.00;167.00;-1000.00;80.00;998.05;1.00;351.96;2.84;
730.51;710.15;0.20;none;-625130.15;-625390.51;160.00;1.00;560.00;250.00;1.00;167.00;-1000.00;80.00;998.05;1.00;352.78;2.83;
428.95;408.66;0.15;none;-625128.66;-625388.95;160.00;1.00;560.00;250.00;1.00;167.00;-1000.00;80.00;998.05;1.00;353.00;2.83;
277.94;257.73;0.13;none;-625127.73;-625387.94;160.00;1.00;560.00;250.00;1.00;167.00;-1000.00;80.00;998.05;1.00;353.01;2.83;
426.40;406.26;0.39;none;-625126.26;-625386.40;160.00;1.00;560.00;250.00;1.00;167.00;-1000.00;80.00;999.42;1.00;353.01;2.83;
424.87;364.95;0.30;none;-625124.95;-625384.87;120.00;1.00;520.00;250.00;1.00;127.00;-1000.00;80.00;999.42;1.00;352.94;2.83;
383.50;363.64;0.33;none;-625123.64;-625383.50;160.00;1.00;560.00;250.00;1.00;167.00;-1000.00;80.00;999.42;1.00;352.94;2.83;
541.57;521.78;0.26;none;-625121.78;-625381.57;160.00;1.00;560.00;250.00;1.00;167.00;-1000.00;80.00;999.42;1.00;352.91;2.83;
519.72;500.00;0.27;none;-625120.00;-625379.72;160.00;1.00;560.00;250.00;1.00;167.00;-1000.00;80.00;999.42;1.00;352.89;2.83;
468.06;448.41;0.27;none;-625118.41;-625378.06;160.00;1.00;560.00;250.00;1.00;167.00;-1000.00;80.00;999.41;1.00;352.89;2.83;
426.55;406.97;0.26;none;-625116.97;-625376.55;160.00;1.00;560.00;250.00;1.00;167.00;-1000.00;80.00;999.41;1.00;352.95;2.83;
514.74;495.23;0.25;none;-625115.23;-625374.74;160.00;1.00;560.00;250.00;1.00;167.00;-1000.00;80.00;999.41;1.00;351.87;2.84;
632.52;613.08;0.32;none;-625113.08;-625372.52;160.00;1.00;560.00;250.00;1.00;167.00;-1000.00;80.00;999.41;1.00;351.97;2.84;
580.49;561.11;0.53;none;-625111.11;-625370.49;160.00;1.00;560.00;250.00;1.00;167.00;-1000.00;80.00;999.46;1.00;351.97;2.84;
628.30;608.99;0.19;none;-625108.99;-625368.30;160.00;1.00;560.00;250.00;1.00;167.00;-1000.00;80.00;999.46;1.00;355.01;2.82;
357.06;337.82;0.13;none;-625107.82;-625367.06;160.00;1.00;560.00;250.00;1.00;167.00;-1000.00;80.00;999.46;1.00;349.17;2.86;
395.69;376.52;0.13;none;-625106.52;-625365.69;160.00;1.00;560.00;250.00;1.00;167.00;-1000.00;80.00;999.46;1.00;347.87;2.87;
444.16;425.05;0.24;none;-625105.05;-625364.16;160.00;1.00;560.00;250.00;1.00;167.00;-1000.00;80.00;999.45;1.00;347.87;2.87;
492.47;473.42;0.23;none;-625103.42;-625362.47;160.00;1.00;560.00;250.00;1.00;167.00;-1000.00;80.00;999.45;1.00;348.07;2.87;
421.02;402.05;0.14;none;-625102.05;-625361.02;160.00;1.00;560.00;250.00;1.00;167.00;-1000.00;80.00;999.45;1.00;347.95;2.87;
300.00;281.09;0.12;none;-625101.09;-625360.00;160.00;1.00;560.00;250.00;1.00;167.00;-1000.00;80.00;999.45;1.00;347.93;2.87;
209.29;190.44;0.12;none;-625100.44;-625359.29;160.00;1.00;560.00;250.00;1.00;167.00;-1000.00;80.00;999.45;1.00;344.87;2.90;
258.41;239.63;0.22;none;-625099.63;-625358.41;160.00;1.00;560.00;250.00;1.00;167.00;-1000.00;80.00;1000.71;1.00;344.87;2.90;
38.28;19.56;0.11;none;-625099.56;-625358.28;160.00;1.00;560.00;250.00;1.00;167.00;-1000.00;80.00;1000.71;1.00;344.90;2.90;
87.99;69.33;0.11;none;-625099.33;-625357.99;160.00;1.00;560.00;250.00;1.00;167.00;-1000.00;80.00;1000.71;1.00;341.86;2.93;
197.32;178.73;0.13;none;-625098.73;-625357.32;160.00;1.00;560.00;250.00;1.00;167.00;-1000.00;80.00;1000.71;1.00;344.93;2.90;
-2.67;-21.20;0.11;none;-625098.80;-625357.33;160.00;1.00;560.00;250.00;1.00;167.00;-1000.00;80.00;1000.71;1.00;344.88;2.90;
97.01;78.54;0.05;none;-625098.54;-625357.01;160.00;1.00;560.00;250.00;1.00;167.00;-1000.00;80.00;1000.71;1.00;344.51;2.90;
246.19;227.78;0.05;none;-625097.78;-625356.19;160.00;1.00;560.00;250.00;1.00;167.00;-1000.00;80.00;1000.71;1.00;344.88;2.90;
195.54;177.19;0.10;none;-625097.19;-625355.54;160.00;1.00;560.00;250.00;1.00;167.00;-1000.00;80.00;1013.10;0.99;344.88;2.90;
204.87;186.58;0.11;none;-625096.58;-625354.87;160.00;1.00;560.00;250.00;1.00;167.00;-1000.00;80.00;1013.10;0.99;347.99;2.87;
293.90;275.67;0.11;none;-625095.67;-625353.90;160.00;1.00;560.00;250.00;1.00;167.00;-1000.00;80.00;1013.10;0.99;347.96;2.87;
193.27;175.10;0.16;none;-625095.10;-625353.27;160.00;1.00;560.00;250.00;1.00;167.00;-1000.00;80.00;1012.90;0.99;347.96;2.87;
292.31;274.20;0.19;none;-625094.20;-625352.31;160.00;1.00;560.00;250.00;1.00;167.00;-1000.00;80.00;1012.90;0.99;347.89;2.87;
301.33;283.28;0.19;none;-625093.28;-625351.33;160.00;1.00;560.00;250.00;1.00;167.00;-1000.00;80.00;1012.90;0.99;346.94;2.88;
160.81;142.82;0.19;none;-625092.82;-625350.81;160.00;1.00;560.00;250.00;1.00;167.00;-1000.00;80.00;1012.90;0.99;345.81;2.89;
190.19;172.26;0.24;none;-625092.26;-625350.19;160.00;1.00;560.00;250.00;1.00;167.00;-1000.00;80.00;1012.90;0.99;337.88;2.96;
239.42;221.54;0.38;none;-625091.54;-625349.42;160.00;1.00;560.00;250.00;1.00;167.00;-1000.00;80.00;1014.12;0.99;337.88;2.96;
378.21;360.38;0.38;none;-625090.38;-625348.21;160.00;1.00;560.00;250.00;1.00;167.00;-1000.00;80.00;1014.12;0.99;338.89;2.95;
476.68;458.91;0.24;none;-625088.91;-625346.68;160.00;1.00;560.00;250.00;1.00;167.00;-1000.00;80.00;1014.12;0.99;338.94;2.95;
425.32;407.61;0.23;none;-625087.61;-625345.32;160.00;1.00;560.00;250.00;1.00;167.00;-1000.00;80.00;1014.12;0.99;338.82;2.95;
324.29;306.63;0.44;none;-625086.63;-625344.29;160.00;1.00;560.00;250.00;1.00;167.00;-1000.00;80.00;1013.82;0.99;338.82;2.95;
243.51;225.92;0.23;none;-625085.92;-625343.51;160.00;1.00;560.00;250.00;1.00;167.00;-1000.00;80.00;1013.82;0.99;339.98;2.94;
232.78;215.24;0.27;none;-625085.24;-625342.78;160.00;1.00;560.00;250.00;1.00;167.00;-1000.00;80.00;1013.82;0.99;339.91;2.94;
222.08;204.59;0.27;none;-625084.59;-625342.08;160.00;1.00;560.00;250.00;1.00;167.00;-1000.00;80.00;1013.82;0.99;339.87;2.94;
271.22;253.79;0.48;none;-625083.79;-625341.22;160.00;1.00;560.00;250.00;1.00;167.00;-1000.00;80.00;1013.69;0.99;339.87;2.94;
330.19;312.81;0.44;none;-625082.81;-625340.19;160.00;1.00;560.00;250.00;1.00;167.00;-1000.00;80.00;1013.69;0.99;339.92;2.94;
149.72;132.40;0.24;none;-625082.40;-625339.72;160.00;1.00;560.00;250.00;1.00;167.00;-1000.00;80.00;1013.69;0.99;339.80;2.94;
89.44;72.17;0.27;none;-625082.17;-625339.44;160.00;1.00;560.00;250.00;1.00;167.00;-1000.00;80.00;1014.66;0.99;345.86;2.89;
99.13;81.92;0.33;none;-625081.92;-625339.13;160.00;1.00;560.00;250.00;1.00;167.00;-1000.00;80.00;1014.66;0.99;345.92;2.89;
198.52;181.36;0.29;none;-625081.36;-625338.52;160.00;1.00;560.00;250.00;1.00;167.00;-1000.00;80.00;1014.66;0.99;342.95;2.92;
297.60;280.49;0.08;none;-625080.49;-625337.60;160.00;1.00;560.00;250.00;1.00;167.00;-1000.00;80.00;1014.47;0.99;342.94;2.92;
226.90;209.85;0.08;none;-625079.85;-625336.90;160.00;1.00;560.00;250.00;1.00;167.00;-1000.00;80.00;1014.47;0.99;339.84;2.94;
246.15;229.14;0.08;none;-625079.14;-625336.15;160.00;1.00;560.00;250.00;1.00;167.00;-1000.00;80.00;1014.47;0.99;340.90;2.93;
-63.66;-80.61;0.05;none;-625079.39;-625336.34;160.00;1.00;560.00;250.00;1.00;167.00;-1000.00;80.00;1014.60;0.99;340.85;2.93;
-23.59;-40.49;0.00;none;-625079.51;-625336.41;160.00;1.00;560.00;250.00;1.00;167.00;-1000.00;80.00;1014.60;0.99;340.87;2.93;
-173.06;-189.91;0.00;none;-625080.09;-625336.94;160.00;1.00;560.00;250.00;1.00;167.00;-1000.00;80.00;1014.60;0.99;340.92;2.93;
-72.84;-89.64;0.12;none;-625080.36;-625337.16;160.00;1.00;560.00;250.00;1.00;167.00;-1000.00;80.00;1014.18;0.99;340.92;2.93;
-82.59;-99.34;0.12;none;-625080.66;-625337.41;160.00;1.00;560.00;250.00;1.00;167.00;-1000.00;80.00;1014.18;0.99;340.90;2.93;
-381.44;-398.14;0.09;none;-625081.86;-625338.56;160.00;1.00;560.00;250.00;1.00;167.00;-1000.00;80.00;1014.18;0.99;340.91;2.93;
-330.45;-347.10;0.10;none;-625082.90;-625339.55;160.00;1.00;560.00;250.00;1.00;167.00;-1000.00;80.00;1014.18;0.99;337.81;2.96;
-279.61;-296.21;0.10;none;-625083.79;-625340.39;160.00;1.00;560.00;250.00;1.00;167.00;-1000.00;80.00;1014.18;0.99;337.90;2.96;
-228.93;-245.48;0.16;none;-625084.52;-625341.07;160.00;1.00;560.00;250.00;1.00;167.00;-1000.00;80.00;1015.11;0.99;337.90;2.96;
-357.86;-374.36;0.14;none;-625085.64;-625342.14;160.00;1.00;560.00;250.00;1.00;167.00;-1000.00;80.00;1015.11;0.99;337.91;2.96;
-257.10;-273.55;0.18;none;-625086.45;-625342.90;160.00;1.00;560.00;250.00;1.00;167.00;-1000.00;80.00;1015.11;0.99;335.14;2.98;
-196.52;-212.92;0.18;none;-625087.08;-625343.48;160.00;1.00;560.00;250.00;1.00;167.00;-1000.00;80.00;1015.11;0.99;337.83;2.96;
-166.03;-182.38;0.21;none;-625087.62;-625343.97;160.00;1.00;560.00;250.00;1.00;167.00;-1000.00;80.00;1014.96;0.99;335.08;2.98;
93.70;77.39;0.05;none;-625087.39;-625343.70;160.00;1.00;560.00;250.00;1.00;167.00;-1000.00;80.00;1014.96;0.99;337.86;2.96;
43.57;27.31;0.05;none;-625087.31;-625343.57;160.00;1.00;560.00;250.00;1.00;167.00;-1000.00;80.00;1014.96;0.99;337.73;2.96;
-6.41;-22.62;0.14;none;-625087.38;-625343.59;160.00;1.00;560.00;250.00;1.00;167.00;-1000.00;80.00;1014.81;0.99;337.73;2.96;
43.46;27.30;0.14;none;-625087.30;-625343.46;160.00;1.00;560.00;250.00;1.00;167.00;-1000.00;80.00;1014.81;0.99;337.97;2.96;
83.22;67.10;0.14;none;-625087.10;-625343.22;160.00;1.00;560.00;250.00;1.00;167.00;-1000.00;80.00;1014.81;0.99;337.91;2.96;
3.21;-12.86;0.06;none;-625087.14;-625343.21;160.00;1.00;560.00;250.00;1.00;167.00;-1000.00;80.00;1014.81;0.99;337.92;2.96;
-46.66;-62.68;0.07;none;-625087.32;-625343.34;160.00;1.00;560.00;250.00;1.00;167.00;-1000.00;80.00;1014.81;0.99;337.81;2.96;
53.19;37.21;0.24;none;-625087.21;-625343.19;160.00;1.00;560.00;250.00;1.00;167.00;-1000.00;80.00;1014.65;0.99;337.81;2.96;
23.12;7.19;0.25;none;-625087.19;-625343.12;160.00;1.00;560.00;250.00;1.00;167.00;-1000.00;80.00;1014.65;0.99;337.81;2.96;
272.34;256.46;0.19;none;-625086.46;-625342.34;160.00;1.00;560.00;250.00;1.00;167.00;-1000.00;80.00;1014.65;0.99;337.79;2.96;
231.68;215.84;0.25;none;-625085.84;-625341.68;160.00;1.00;560.00;250.00;1.00;167.00;-1000.00;80.00;1014.65;0.99;337.90;2.96;
181.16;165.37;0.37;none;-625085.37;-625341.16;160.00;1.00;560.00;250.00;1.00;167.00;-1000.00;80.00;1015.57;0.98;337.90;2.96;
190.62;174.87;0.27;none;-625084.87;-625340.62;160.00;1.00;560.00;250.00;1.00;167.00;-1000.00;80.00;1015.57;0.98;337.79;2.96;
269.86;254.15;0.26;none;-625084.15;-625339.86;160.00;1.00;560.00;250.00;1.00;167.00;-1000.00;80.00;1015.57;0.98;337.72;2.96;
318.96;303.30;0.25;none;-625083.30;-625338.96;160.00;1.00;560.00;250.00;1.00;167.00;-1000.00;80.00;1015.57;0.98;337.88;2.96;
288.15;272.53;0.28;none;-625082.53;-625338.15;160.00;1.00;560.00;250.00;1.00;167.00;-1000.00;80.00;1015.57;0.98;337.84;2.96;
237.48;221.90;0.41;none;-625081.90;-625337.48;160.00;1.00;560.00;250.00;1.00;167.00;-1000.00;80.00;1015.45;0.98;337.84;2.96;
346.51;330.98;0.17;none;-625080.98;-625336.51;160.00;1.00;560.00;250.00;1.00;167.00;-1000.00;80.00;1015.45;0.98;338.92;2.95;
126.16;110.67;0.13;none;-625080.67;-625336.16;160.00;1.00;560.00;250.00;1.00;167.00;-1000.00;80.00;1015.45;0.98;335.89;2.98;
195.61;180.17;0.16;none;-625080.17;-625335.61;160.00;1.00;560.00;250.00;1.00;167.00;-1000.00;80.00;1015.45;0.98;335.73;2.98;
244.93;229.53;0.26;none;-625079.53;-625334.93;160.00;1.00;560.00;250.00;1.00;167.00;-1000.00;80.00;1015.41;0.98;335.73;2.98;
214.34;198.98;0.17;none;-625078.98;-625334.34;160.00;1.00;560.00;250.00;1.00;167.00;-1000.00;80.00;1015.41;0.98;335.75;2.98;
223.72;208.40;0.17;none;-625078.40;-625333.72;160.00;1.00;560.00;250.00;1.00;167.00;-1000.00;80.00;1015.41;0.98;335.87;2.98;
372.69;357.42;0.15;none;-625077.42;-625332.69;160.00;1.00;560.00;250.00;1.00;167.00;-1000.00;80.00;1015.41;0.98;336.87;2.97;
321.81;306.58;0.24;none;-625076.58;-625331.81;160.00;1.00;560.00;250.00;1.00;167.00;-1000.00;80.00;1016.22;0.98;336.87;2.97;
171.34;156.15;0.20;none;-625076.15;-625331.34;160.00;1.00;560.00;250.00;1.00;167.00;-1000.00;80.00;1016.22;0.98;337.10;2.97;
340.41;325.26;0.11;none;-625075.26;-625330.41;160.00;1.00;560.00;250.00;1.00;167.00;-1000.00;80.00;1016.22;0.98;337.62;2.96;
369.40;354.29;0.12;none;-625074.29;-625329.40;160.00;1.00;560.00;250.00;1.00;167.00;-1000.00;80.00;1016.22;0.98;338.07;2.96;
278.64;263.58;0.14;none;-625073.58;-625328.64;160.00;1.00;560.00;250.00;1.00;167.00;-1000.00;80.00;1016.40;0.98;336.90;2.97;
417.51;402.49;0.13;none;-625072.49;-625327.51;160.00;1.00;560.00;250.00;1.00;167.00;-1000.00;80.00;1016.40;0.98;337.92;2.96;
316.66;301.67;0.06;none;-625071.67;-625326.66;160.00;1.00;560.00;250.00;1.00;167.00;-1000.00;80.00;1016.40;0.98;337.16;2.97;
285.89;270.94;0.06;none;-625070.94;-625325.89;160.00;1.00;560.00;250.00;1.00;167.00;-1000.00;80.00;1016.40;0.98;334.01;2.99;
434.72;419.81;0.05;none;-625069.81;-625324.72;160.00;1.00;560.00;250.00;1.00;167.00;-1000.00;80.00;1016.40;0.98;333.78;3.00;
403.64;388.77;0.06;none;-625068.77;-625323.64;160.00;1.00;560.00;250.00;1.00;167.00;-1000.00;80.00;1016.40;0.98;329.71;3.03;
302.83;288.00;0.11;none;-625068.00;-625322.83;160.00;1.00;560.00;250.00;1.00;167.00;-1000.00;80.00;1025.93;0.97;329.71;3.03;
321.97;307.18;0.13;none;-625067.18;-625321.97;160.00;1.00;560.00;250.00;1.00;167.00;-1000.00;80.00;1025.93;0.97;329.88;3.03;
251.30;236.55;0.15;none;-625066.55;-625321.30;160.00;1.00;560.00;250.00;1.00;167.00;-1000.00;80.00;1025.93;0.97;329.83;3.03;
320.45;305.74;0.14;none;-625065.74;-625320.45;160.00;1.00;560.00;250.00;1.00;167.00;-1000.00;80.00;1025.93;0.97;329.85;3.03;
120.13;105.46;0.12;none;-625065.46;-625320.13;160.00;1.00;560.00;250.00;1.00;167.00;-1000.00;80.00;1025.93;0.97;325.77;3.07;
219.55;204.92;0.30;none;-625064.92;-625319.55;160.00;1.00;560.00;250.00;1.00;167.00;-1000.00;80.00;1026.67;0.97;325.77;3.07;
179.08;164.49;0.33;none;-625064.49;-625319.08;160.00;1.00;560.00;250.00;1.00;167.00;-1000.00;80.00;1026.67;0.97;325.92;3.07;
248.43;233.87;0.31;none;-625063.87;-625318.43;160.00;1.00;560.00;250.00;1.00;167.00;-1000.00;80.00;1026.67;0.97;323.85;3.09;
-101.31;-115.82;0.24;none;-625064.18;-625318.69;160.00;1.00;560.00;250.00;1.00;167.00;-1000.00;80.00;1026.67;0.97;323.79;3.09;
-1.30;-15.78;0.37;none;-625064.22;-625318.70;160.00;1.00;560.00;250.00;1.00;167.00;-1000.00;80.00;1036.57;0.96;323.79;3.09;
58.55;44.10;0.23;none;-625064.10;-625318.55;160.00;1.00;560.00;250.00;1.00;167.00;-1000.00;80.00;1036.57;0.96;323.82;3.09;
98.29;83.89;0.22;none;-625063.89;-625318.29;160.00;1.00;560.00;250.00;1.00;167.00;-1000.00;80.00;1036.57;0.96;323.88;3.09;
157.88;143.51;0.22;none;-625063.51;-625317.88;160.00;1.00;560.00;250.00;1.00;167.00;-1000.00;80.00;1036.57;0.96;323.87;3.09;
207.35;193.02;0.23;none;-625063.02;-625317.35;160.00;1.00;560.00;250.00;1.00;167.00;-1000.00;80.00;1036.57;0.96;323.86;3.09;
107.07;92.78;0.45;none;-625062.78;-625317.07;160.00;1.00;560.00;250.00;1.00;167.00;-1000.00;80.00;1046.63;0.96;323.86;3.09;
-92.69;-106.95;0.23;none;-625063.05;-625317.31;160.00;1.00;560.00;250.00;1.00;167.00;-1000.00;80.00;1046.63;0.96;324.73;3.08;
-401.66;-415.88;0.18;none;-625064.12;-625318.34;160.00;1.00;560.00;250.00;1.00;167.00;-1000.00;80.00;1046.63;0.96;324.76;3.08;
-201.15;-215.33;0.37;none;-625064.67;-625318.85;160.00;1.00;560.00;250.00;1.00;167.00;-1000.00;80.00;1056.57;0.95;324.76;3.08;
-240.53;-254.68;0.53;none;-625065.32;-625319.47;160.00;1.00;560.00;250.00;1.00;167.00;-1000.00;80.00;1056.57;0.95;324.94;3.08;
-439.42;-453.53;0.31;none;-625066.47;-625320.58;160.00;1.00;560.00;250.00;1.00;167.00;-1000.00;80.00;1056.57;0.95;324.73;3.08;
-388.43;-402.51;0.32;none;-625067.49;-625321.57;160.00;1.00;560.00;250.00;1.00;167.00;-1000.00;80.00;1056.57;0.95;323.83;3.09;
-537.07;-551.11;0.28;none;-625068.89;-625322.93;160.00;1.00;560.00;250.00;1.00;167.00;-1000.00;80.00;1056.57;0.95;323.79;3.09;
-485.84;-499.85;0.35;none;-625070.15;-625324.16;160.00;1.00;560.00;250.00;1.00;167.00;-1000.00;80.00;1058.38;0.94;323.79;3.09;
-394.85;-408.82;0.34;none;-625071.18;-625325.15;160.00;1.00;560.00;250.00;1.00;167.00;-1000.00;80.00;1058.38;0.94;323.66;3.09;
-144.49;-158.42;0.19;none;-625071.58;-625325.51;160.00;1.00;560.00;250.00;1.00;167.00;-1000.00;80.00;1058.38;0.94;323.71;3.09;
-114.20;-128.10;0.22;none;-625071.90;-625325.80;160.00;1.00;560.00;250.00;1.00;167.00;-1000.00;80.00;1058.38;0.94;322.71;3.10;
-213.67;-227.53;0.43;none;-625072.47;-625326.33;160.00;1.00;560.00;250.00;1.00;167.00;-1000.00;80.00;1058.50;0.94;322.71;3.10;
-83.46;-97.29;0.16;none;-625072.71;-625326.54;160.00;1.00;560.00;250.00;1.00;167.00;-1000.00;80.00;1058.50;0.94;325.81;3.07;
76.35;62.56;0.14;none;-625072.56;-625326.35;160.00;1.00;560.00;250.00;1.00;167.00;-1000.00;80.00;1058.50;0.94;325.83;3.07;
-13.61;-27.38;0.16;none;-625072.62;-625326.39;160.00;1.00;560.00;250.00;1.00;167.00;-1000.00;80.00;1058.29;0.94;325.81;3.07;
-73.43;-87.16;0.16;none;-625072.84;-625326.57;160.00;1.00;560.00;250.00;1.00;167.00;-1000.00;80.00;1058.29;0.94;325.79;3.07;
-83.23;-96.92;0.18;none;-625073.08;-625326.77;160.00;1.00;560.00;250.00;1.00;167.00;-1000.00;80.00;1058.29;0.94;325.88;3.07;
66.61;52.95;0.10;none;-625072.95;-625326.61;160.00;1.00;560.00;250.00;1.00;167.00;-1000.00;80.00;1058.29;0.94;325.81;3.07;
56.47;42.84;0.11;none;-625072.84;-625326.47;160.00;1.00;560.00;250.00;1.00;167.00;-1000.00;80.00;1059.43;0.94;325.91;3.07;
16.43;2.84;0.15;none;-625072.84;-625326.43;160.00;1.00;560.00;250.00;1.00;167.00;-1000.00;80.00;1059.43;0.94;325.86;3.07;
265.78;252.22;0.11;none;-625072.22;-625325.78;160.00;1.00;560.00;250.00;1.00;167.00;-1000.00;80.00;1059.43;0.94;322.80;3.10;
215.26;201.73;0.06;none;-625071.73;-625325.26;160.00;1.00;560.00;250.00;1.00;167.00;-1000.00;80.00;1058.43;0.94;322.80;3.10;
65.10;51.60;0.05;none;-625071.60;-625325.10;160.00;1.00;560.00;250.00;1.00;167.00;-1000.00;80.00;1058.43;0.94;324.65;3.08;
25.04;11.57;0.06;none;-625071.57;-625325.04;160.00;1.00;560.00;250.00;1.00;167.00;-1000.00;80.00;1058.43;0.94;324.89;3.08;
64.88;51.45;0.07;none;-625071.45;-625324.88;160.00;1.00;560.00;250.00;1.00;167.00;-1000.00;80.00;1058.43;0.94;324.68;3.08;
234.31;220.92;0.06;none;-625070.92;-625324.31;160.00;1.00;560.00;250.00;1.00;167.00;-1000.00;80.00;1058.43;0.94;324.81;3.08;
283.63;270.26;0.12;none;-625070.26;-625323.63;160.00;1.00;560.00;250.00;1.00;167.00;-1000.00;80.00;1058.46;0.94;324.81;3.08;
272.97;259.64;0.14;none;-625069.64;-625322.97;160.00;1.00;560.00;250.00;1.00;167.00;-1000.00;80.00;1058.46;0.94;324.78;3.08;
322.20;308.90;0.13;none;-625068.90;-625322.20;160.00;1.00;560.00;250.00;1.00;167.00;-1000.00;80.00;1058.46;0.94;324.85;3.08;
311.46;298.19;0.14;none;-625068.19;-625321.46;160.00;1.00;560.00;250.00;1.00;167.00;-1000.00;80.00;1058.46;0.94;324.86;3.08;
210.95;197.71;0.43;none;-625067.71;-625320.95;160.00;1.00;560.00;250.00;1.00;167.00;-1000.00;80.00;1058.33;0.94;324.86;3.08;
310.21;297.01;0.26;none;-625067.01;-625320.21;160.00;1.00;560.00;250.00;1.00;167.00;-1000.00;80.00;1058.33;0.94;324.82;3.08;
279.55;266.37;0.33;none;-625066.37;-625319.55;160.00;1.00;560.00;250.00;1.00;167.00;-1000.00;80.00;1058.33;0.94;321.83;3.11;
248.96;235.82;0.34;none;-625065.82;-625318.96;160.00;1.00;560.00;250.00;1.00;167.00;-1000.00;80.00;1058.33;0.94;321.93;3.11;
208.47;195.35;0.34;none;-625065.35;-625318.47;160.00;1.00;560.00;250.00;1.00;167.00;-1000.00;80.00;1058.33;0.94;322.33;3.10;
257.86;244.78;0.74;none;-625064.78;-625317.86;160.00;1.00;560.00;250.00;1.00;167.00;-1000.00;80.00;1058.24;0.94;322.33;3.10;
327.09;314.04;0.44;none;-625064.04;-625317.09;160.00;1.00;560.00;250.00;1.00;167.00;-1000.00;80.00;1058.24;0.94;321.91;3.11;
356.25;343.23;0.42;none;-625063.23;-625316.25;160.00;1.00;560.00;250.00;1.00;167.00;-1000.00;80.00;1058.24;0.94;318.81;3.14;
305.54;292.55;0.42;none;-625062.55;-625315.54;160.00;1.00;560.00;250.00;1.00;167.00;-1000.00;80.00;1058.24;0.94;318.80;3.14;
165.15;152.19;0.31;none;-625062.19;-625315.15;160.00;1.00;560.00;250.00;1.00;167.00;-1000.00;80.00;1058.39;0.94;318.80;3.14;
344.35;331.42;0.07;none;-625061.42;-625314.35;160.00;1.00;560.00;250.00;1.00;167.00;-1000.00;80.00;1058.39;0.94;318.80;3.14;
323.60;310.70;0.08;none;-625060.70;-625313.60;160.00;1.00;560.00;250.00;1.00;167.00;-1000.00;80.00;1058.39;0.94;318.81;3.14;
272.96;260.09;0.18;none;-625060.09;-625312.96;160.00;1.00;560.00;250.00;1.00;167.00;-1000.00;80.00;1058.43;0.94;318.81;3.14;
262.36;249.52;0.19;none;-625059.52;-625312.36;160.00;1.00;560.00;250.00;1.00;167.00;-1000.00;80.00;1058.43;0.94;318.84;3.14;
152.00;139.19;0.16;none;-625059.19;-625312.00;160.00;1.00;560.00;250.00;1.00;167.00;-1000.00;80.00;1058.43;0.94;317.85;3.15;
161.63;148.85;0.08;none;-625058.85;-625311.63;160.00;1.00;560.00;250.00;1.00;167.00;-1000.00;80.00;1058.43;0.94;317.82;3.15;
71.47;58.72;0.08;none;-625058.72;-625311.47;160.00;1.00;560.00;250.00;1.00;167.00;-1000.00;80.00;1058.43;0.94;317.85;3.15;
121.19;108.47;0.16;none;-625058.47;-625311.19;160.00;1.00;560.00;250.00;1.00;167.00;-1000.00;80.00;1058.53;0.94;317.85;3.15;
150.84;138.15;0.17;none;-625058.15;-625310.84;160.00;1.00;560.00;250.00;1.00;167.00;-1000.00;80.00;1058.53;0.94;316.78;3.16;
220.34;207.68;0.19;none;-625057.68;-625310.34;160.00;1.00;560.00;250.00;1.00;167.00;-1000.00;80.00;1058.53;0.94;316.84;3.16;
369.50;356.86;0.20;none;-625056.86;-625309.50;160.00;1.00;560.00;250.00;1.00;167.00;-1000.00;80.00;1058.53;0.94;316.82;3.16;
248.93;236.33;0.17;none;-625056.33;-625308.93;160.00;1.00;560.00;250.00;1.00;167.00;-1000.00;80.00;1054.94;0.95;316.89;3.16;
208.46;195.88;0.08;none;-625055.88;-625308.46;160.00;1.00;560.00;250.00;1.00;167.00;-1000.00;80.00;1054.94;0.95;316.91;3.16;
347.67;335.12;0.07;none;-625055.12;-625307.67;160.00;1.00;560.00;250.00;1.00;167.00;-1000.00;80.00;1054.94;0.95;310.86;3.22;
267.07;254.55;0.07;none;-625054.55;-625307.07;160.00;1.00;560.00;250.00;1.00;167.00;-1000.00;80.00;1054.94;0.95;310.84;3.22;
216.58;204.09;0.14;none;-625054.09;-625306.58;160.00;1.00;560.00;250.00;1.00;167.00;-1000.00;80.00;1058.22;0.94;310.84;3.22;
166.21;153.74;0.15;none;-625053.74;-625306.21;160.00;1.00;560.00;250.00;1.00;167.00;-1000.00;80.00;1058.22;0.94;313.85;3.19;
215.73;203.29;0.07;none;-625053.29;-625305.73;160.00;1.00;560.00;250.00;1.00;167.00;-1000.00;80.00;1058.22;0.94;313.88;3.19;
315.02;302.61;0.06;none;-625052.61;-625305.02;160.00;1.00;560.00;250.00;1.00;167.00;-1000.00;80.00;1058.28;0.94;313.91;3.19;
254.45;242.07;0.06;none;-625052.07;-625304.45;160.00;1.00;560.00;250.00;1.00;167.00;-1000.00;80.00;1058.28;0.94;312.88;3.20;
94.24;81.89;0.06;none;-625051.89;-625304.24;160.00;1.00;560.00;250.00;1.00;167.00;-1000.00;80.00;1058.28;0.94;314.83;3.18;
143.92;131.60;0.15;none;-625051.60;-625303.92;160.00;1.00;560.00;250.00;1.00;167.00;-1000.00;80.00;1059.42;0.94;314.83;3.18;
-6.06;-18.36;0.13;none;-625051.64;-625303.94;160.00;1.00;560.00;250.00;1.00;167.00;-1000.00;80.00;1059.42;0.94;314.85;3.18;
-65.92;-78.19;0.14;none;-625051.81;-625304.08;160.00;1.00;560.00;250.00;1.00;167.00;-1000.00;80.00;1059.42;0.94;314.88;3.18;
-85.73;-97.97;0.15;none;-625052.03;-625304.27;160.00;1.00;560.00;250.00;1.00;167.00;-1000.00;80.00;1059.42;0.94;314.84;3.18;
14.24;2.02;0.23;none;-625052.02;-625304.24;160.00;1.00;560.00;250.00;1.00;167.00;-1000.00;80.00;1058.42;0.94;314.84;3.18;
84.06;71.86;0.22;none;-625051.86;-625304.06;160.00;1.00;560.00;250.00;1.00;167.00;-1000.00;80.00;1058.42;0.94;314.76;3.18;
-35.86;-48.03;0.20;none;-625051.97;-625304.14;160.00;1.00;560.00;250.00;1.00;167.00;-1000.00;80.00;1058.42;0.94;314.90;3.18;
-85.68;-97.82;0.22;none;-625052.18;-625304.32;160.00;1.00;560.00;250.00;1.00;167.00;-1000.00;80.00;1058.42;0.94;314.93;3.18;
-105.45;-117.56;0.23;none;-625052.44;-625304.55;160.00;1.00;560.00;250.00;1.00;167.00;-1000.00;80.00;1058.42;0.94;314.92;3.18;
-15.41;-27.50;0.26;none;-625052.50;-625304.59;160.00;1.00;560.00;250.00;1.00;167.00;-1000.00;80.00;1058.59;0.94;314.80;3.18;
-214.95;-227.01;0.13;none;-625052.99;-625305.05;160.00;1.00;560.00;250.00;1.00;167.00;-1000.00;80.00;1058.59;0.94;314.84;3.18;
-34.87;-46.90;0.12;none;-625053.10;-625305.13;160.00;1.00;560.00;250.00;1.00;167.00;-1000.00;80.00;1058.59;0.94;314.79;3.18;
-54.75;-66.76;0.13;none;-625053.24;-625305.25;160.00;1.00;560.00;250.00;1.00;167.00;-1000.00;80.00;1058.36;0.94;314.72;3.18;
144.94;132.95;0.11;none;-625052.95;-625304.94;160.00;1.00;560.00;250.00;1.00;167.00;-1000.00;80.00;1058.36;0.94;315.83;3.17;
114.69;102.73;0.00;none;-625052.73;-625304.69;160.00;1.00;560.00;250.00;1.00;167.00;-1000.00;80.00;1058.36;0.94;315.63;3.17;
194.27;182.34;0.00;none;-625052.34;-625304.27;160.00;1.00;560.00;250.00;1.00;167.00;-1000.00;80.00;1059.54;0.94;315.73;3.17;
114.03;102.12;0.00;none;-625052.12;-625304.03;160.00;1.00;560.00;250.00;1.00;167.00;-1000.00;80.00;1055.38;0.95;321.74;3.11;
163.68;151.79;0.00;none;-625051.79;-625303.68;160.00;1.00;560.00;250.00;1.00;167.00;-1000.00;80.00;1055.38;0.95;321.83;3.11;
