LocalTime;FastTime;FastBid;FastAsk;SlowBid;SlowAsk;GapLong;GapShort;FastCoef;dTFast;tpsFast;dTSlow;tpsSlow;
16:32:17.302756;19:32:17.008033;6139.70;6140.50;12396.30;12397.90;0.00;0.00;0.503.66;273.46;0.00;0.00;
16:32:17.605459;19:32:17.008033;6139.70;6140.50;12397.60;12399.20;-65.00;-65.00;0.503.66;273.46;301.71;3.31;
16:32:17.907165;19:32:17.008033;6139.70;6140.50;12397.50;12399.10;-36.67;-36.67;0.503.66;273.46;301.21;3.32;
16:32:18.199656;19:32:17.928241;6139.70;6140.50;12395.00;12396.60;160.00;160.00;0.50232.79;4.30;298.63;3.35;
16:32:18.506752;19:32:17.928241;6139.70;6140.50;12395.50;12397.10;88.00;88.00;0.50232.79;4.30;300.50;3.33;
16:32:18.801963;19:32:17.928241;6139.70;6140.50;12396.10;12397.70;23.33;23.33;0.50232.79;4.30;299.64;3.34;
16:32:18.925632;19:32:18.923647;6138.50;6140.80;12396.10;12397.70;-82.86;45.71;0.50385.32;2.60;299.64;3.34;
16:32:19.106150;19:32:18.923647;6138.50;6140.80;12395.50;12397.10;-20.00;92.50;0.50385.32;2.60;300.23;3.33;
16:32:19.406857;19:32:18.923647;6138.50;6140.80;12392.70;12394.30;231.11;331.11;0.50385.32;2.60;300.30;3.33;
16:32:19.703055;19:32:18.923647;6138.50;6140.80;12394.50;12396.10;46.00;136.00;0.49385.32;2.60;299.91;3.33;
16:32:19.938240;19:32:19.937243;6138.70;6139.50;12394.50;12396.10;60.00;5.45;0.15490.03;2.04;299.91;3.33;
16:32:20.033669;19:32:19.937243;6138.70;6139.50;12393.20;12394.80;174.17;124.17;0.15490.03;2.04;303.32;3.30;
16:32:20.300472;19:32:19.937243;6138.70;6139.50;12392.70;12394.30;206.92;160.77;0.14490.03;2.04;299.67;3.34;
16:32:20.898563;19:32:19.937243;6138.70;6139.50;12391.70;12393.30;285.00;242.14;0.16490.03;2.04;326.71;3.06;
16:32:20.925499;19:32:20.924487;6138.00;6140.30;12391.70;12393.30;200.67;300.67;0.26561.06;1.78;326.71;3.06;
16:32:21.203740;19:32:20.924487;6138.00;6140.30;12393.50;12395.10;19.38;113.13;0.23561.06;1.78;324.83;3.08;
16:32:21.497955;19:32:20.924487;6138.00;6140.30;12392.00;12393.60;159.41;247.65;0.13561.06;1.78;322.55;3.10;
16:32:21.805129;19:32:20.924487;6138.00;6140.30;12391.50;12393.10;197.78;281.11;0.13561.06;1.78;321.46;3.11;
16:32:22.025541;19:32:22.024542;6138.70;6139.50;12391.50;12393.10;253.68;190.53;0.27628.43;1.59;321.46;3.11;
16:32:22.133251;19:32:22.024542;6138.70;6139.50;12393.50;12395.10;51.00;-9.00;0.26628.43;1.59;320.70;3.12;
16:32:22.398689;19:32:22.024542;6138.70;6139.50;12394.70;12396.30;-65.71;-122.86;0.15628.43;1.59;318.43;3.14;
16:32:22.803529;19:32:22.024542;6138.70;6139.50;12392.50;12394.10;147.27;92.73;0.14628.43;1.59;323.52;3.09;
16:32:23.026164;19:32:23.024168;6138.50;6140.80;12392.50;12394.10;121.74;213.04;0.22669.68;1.49;323.52;3.09;
16:32:23.116188;19:32:23.024168;6138.50;6140.80;12394.20;12395.80;-46.25;41.25;0.21669.68;1.49;322.91;3.10;
16:32:23.701960;19:32:23.024168;6138.50;6140.80;12395.20;12396.80;-140.40;-56.40;0.13669.68;1.49;336.75;2.97;
16:32:24.008179;19:32:23.024168;6138.50;6140.80;12393.20;12394.80;57.31;138.08;0.12669.68;1.49;335.12;2.98;
16:32:24.043079;19:32:24.042081;6139.20;6140.00;12393.20;12394.80;122.59;55.93;0.21704.50;1.42;335.12;2.98;
16:32:24.603580;19:32:24.042081;6139.20;6140.00;12394.50;12396.10;-7.14;-71.43;0.20704.50;1.42;347.52;2.88;
16:32:24.900813;19:32:24.042081;6139.20;6140.00;12394.70;12396.30;-26.21;-88.28;0.13704.50;1.42;345.28;2.90;
16:32:25.185569;19:32:25.159639;6139.20;6140.00;12395.00;12396.60;-54.33;-114.33;0.15742.05;1.35;342.60;2.92;
16:32:25.502235;19:32:25.159639;6139.20;6140.00;12398.00;12399.60;-342.90;-400.97;0.13742.05;1.35;341.56;2.93;
16:32:26.108774;19:32:25.159639;6139.20;6140.00;12398.10;12399.70;-341.88;-398.13;0.16742.05;1.35;352.16;2.84;
16:32:26.135190;19:32:26.133195;6140.70;6141.50;12398.10;12399.70;-186.06;-240.61;0.23761.34;1.31;352.16;2.84;
16:32:26.440886;19:32:26.133195;6140.70;6141.50;12399.10;12400.70;-277.65;-330.59;0.25761.34;1.31;350.35;2.85;
16:32:26.705180;19:32:26.133195;6140.70;6141.50;12398.00;12399.60;-162.86;-214.29;0.25761.34;1.31;348.05;2.87;
16:32:27.005402;19:32:26.133195;6140.70;6141.50;12397.20;12398.80;-80.56;-130.56;0.29761.34;1.31;346.42;2.89;
16:32:27.128075;19:32:27.127078;6140.20;6141.00;12397.20;12398.80;-127.03;-175.68;0.26779.23;1.28;346.42;2.89;
16:32:27.300613;19:32:27.127078;6140.20;6141.00;12396.50;12398.10;-55.53;-102.89;0.28779.23;1.28;344.65;2.90;
16:32:27.707526;19:32:27.127078;6140.20;6141.00;12396.10;12397.70;-15.13;-61.28;0.27779.23;1.28;346.76;2.88;
16:32:28.007448;19:32:27.127078;6140.20;6141.00;12395.70;12397.30;24.25;-20.75;0.27779.23;1.28;345.22;2.90;
16:32:28.300206;19:32:28.128653;6140.20;6141.00;12396.00;12397.60;-5.61;-49.51;0.42795.11;1.26;343.61;2.91;
16:32:28.584653;19:32:28.128653;6140.20;6141.00;12396.70;12398.30;-73.81;-116.67;0.37795.11;1.26;341.81;2.93;
16:32:28.915319;19:32:28.128653;6140.20;6141.00;12397.00;12398.60;-101.40;-143.26;0.09795.11;1.26;341.28;2.93;
16:32:29.547630;19:32:28.128653;6140.20;6141.00;12396.50;12398.10;-50.23;-91.14;0.10795.11;1.26;340.11;2.94;
16:32:29.633401;19:32:29.576552;6140.20;6141.00;12398.80;12400.40;-274.00;-314.00;0.08838.63;1.19;340.16;2.94;
16:32:29.867774;19:32:29.576552;6140.20;6141.00;12405.00;12406.60;-874.57;-913.70;0.04838.63;1.19;339.08;2.95;
16:32:30.160989;19:32:29.576552;6140.20;6141.00;12403.70;12405.30;-728.72;-767.02;0.00838.63;1.19;337.11;2.97;
16:32:30.258728;19:32:30.257732;6141.70;6142.50;12403.70;12405.30;-566.67;-604.17;0.12828.79;1.21;337.11;2.97;
16:32:30.409327;19:32:30.257732;6141.70;6142.50;12402.70;12404.30;-457.14;-493.88;0.12828.79;1.21;335.94;2.98;
16:32:30.716505;19:32:30.257732;6141.70;6142.50;12401.00;12402.60;-281.40;-317.40;0.10828.79;1.21;335.27;2.98;
16:32:31.005733;19:32:30.257732;6141.70;6142.50;12403.20;12404.80;-491.57;-526.86;0.09828.79;1.21;334.12;2.99;
16:32:31.306928;19:32:31.244095;6141.70;6142.50;12404.50;12406.10;-609.62;-644.23;0.09838.06;1.19;333.34;3.00;
16:32:31.615133;19:32:31.244095;6141.70;6142.50;12404.20;12405.80;-568.68;-602.64;0.09838.06;1.19;332.80;3.00;
16:32:31.921320;19:32:31.244095;6141.70;6142.50;12404.50;12406.10;-587.59;-620.93;0.09838.06;1.19;332.15;3.01;
16:32:32.207551;19:32:31.244095;6141.70;6142.50;12406.60;12408.20;-783.09;-815.82;0.09838.06;1.19;331.13;3.02;
16:32:32.230489;19:32:32.230489;6142.70;6143.50;12406.60;12408.20;-670.89;-703.04;0.25846.25;1.18;331.13;3.02;
16:32:32.587548;19:32:32.230489;6142.70;6143.50;12405.20;12406.80;-521.58;-553.16;0.24846.25;1.18;330.52;3.03;
16:32:32.907192;19:32:32.230489;6142.70;6143.50;12404.70;12406.30;-463.45;-494.48;0.09846.25;1.18;331.92;3.01;
16:32:33.499925;19:32:33.330959;6142.70;6143.50;12405.80;12407.40;-563.73;-594.24;0.09859.63;1.16;337.34;2.96;
16:32:33.798243;19:32:33.330959;6142.70;6143.50;12405.30;12406.90;-505.17;-535.17;0.10859.63;1.16;336.52;2.97;
16:32:34.105423;19:32:33.330959;6142.70;6143.50;12404.60;12406.20;-428.03;-457.54;0.12859.63;1.16;335.93;2.98;
16:32:34.330817;19:32:34.329820;6142.20;6143.00;12404.60;12406.20;-470.32;-499.35;0.22866.59;1.15;335.93;2.98;
16:32:34.420576;19:32:34.329820;6142.20;6143.00;12406.10;12407.70;-610.48;-639.05;0.19866.59;1.15;335.27;2.98;
16:32:34.698833;19:32:34.329820;6142.20;6143.00;12406.00;12407.60;-591.09;-619.22;0.19866.59;1.15;334.42;2.99;
16:32:35.000575;19:32:34.329820;6142.20;6143.00;12405.50;12407.10;-532.77;-560.46;0.24866.59;1.15;333.83;3.00;
16:32:35.298814;19:32:34.329820;6142.20;6143.00;12404.50;12406.10;-426.21;-453.48;0.07866.59;1.15;333.17;3.00;
16:32:35.600507;19:32:35.337706;6142.20;6143.00;12402.00;12403.60;-173.58;-200.45;0.06873.32;1.15;332.58;3.01;
16:32:35.905691;19:32:35.337706;6142.20;6143.00;12402.20;12403.80;-190.74;-217.21;0.06873.32;1.15;332.11;3.01;
16:32:36.199904;19:32:35.337706;6142.20;6143.00;12402.10;12403.70;-178.12;-204.20;0.07873.32;1.15;331.44;3.02;
16:32:36.503094;19:32:36.331553;6142.20;6143.00;12400.80;12402.40;-47.43;-73.14;0.06878.80;1.14;330.94;3.02;
16:32:36.798305;19:32:36.331553;6142.20;6143.00;12400.10;12401.70;22.25;-3.10;0.06878.80;1.14;330.35;3.03;
16:32:37.102006;19:32:36.331553;6142.20;6143.00;12399.50;12401.10;81.11;56.11;0.00878.80;1.14;329.89;3.03;
16:32:37.406192;19:32:36.331553;6142.20;6143.00;12396.80;12398.40;346.30;321.64;0.00878.80;1.14;329.47;3.04;
16:32:37.458057;19:32:37.441098;6140.70;6141.50;12396.80;12398.40;193.65;169.32;0.16888.83;1.13;329.47;3.04;
16:32:37.698411;19:32:37.441098;6140.70;6141.50;12397.70;12399.30;102.27;78.27;0.15888.83;1.13;328.87;3.04;
16:32:37.998609;19:32:37.441098;6140.70;6141.50;12397.20;12398.80;150.26;126.58;0.16888.83;1.13;328.41;3.04;
16:32:38.433826;19:32:38.432828;6140.20;6141.00;12397.20;12398.80;98.96;75.58;0.29893.07;1.12;328.41;3.04;
16:32:38.600379;19:32:38.432828;6140.20;6141.00;12393.80;12395.40;433.33;410.26;0.20893.07;1.12;332.70;3.01;
16:32:38.907570;19:32:38.432828;6140.20;6141.00;12395.60;12397.20;250.13;227.34;0.17893.07;1.12;332.30;3.01;
16:32:39.201772;19:32:38.432828;6140.20;6141.00;12394.80;12396.40;326.00;303.50;0.18893.07;1.12;331.71;3.01;
16:32:39.494994;19:32:39.433153;6140.20;6141.00;12394.20;12395.80;381.23;359.01;0.18897.36;1.11;331.15;3.02;
16:32:39.802167;19:32:39.433153;6140.20;6141.00;12393.70;12395.30;425.98;404.02;0.18897.36;1.11;330.80;3.02;
16:32:40.105357;19:32:39.433153;6140.20;6141.00;12394.20;12395.80;371.45;349.76;0.22897.36;1.11;330.40;3.03;
16:32:40.401571;19:32:39.433153;6140.20;6141.00;12393.60;12395.20;426.31;404.88;0.05897.36;1.11;329.91;3.03;
16:32:40.702315;19:32:40.534250;6140.20;6141.00;12392.50;12394.10;530.00;508.82;0.05905.20;1.10;329.50;3.03;
16:32:41.004507;19:32:40.534250;6140.20;6141.00;12392.70;12394.30;504.07;483.14;0.05905.20;1.10;329.11;3.04;
16:32:41.309206;19:32:40.534250;6140.20;6141.00;12393.70;12395.30;399.43;378.74;0.00905.20;1.10;328.77;3.04;
16:32:41.536599;19:32:41.534605;6139.50;6141.80;12393.70;12395.30;325.68;453.52;0.11908.72;1.10;328.77;3.04;
16:32:41.652292;19:32:41.534605;6139.50;6141.80;12393.00;12394.60;391.24;517.64;0.13908.72;1.10;328.31;3.05;
16:32:41.896636;19:32:41.534605;6139.50;6141.80;12391.60;12393.20;525.33;650.33;0.11908.72;1.10;327.85;3.05;
16:32:42.199071;19:32:41.534605;6139.50;6141.80;12392.00;12393.60;480.00;603.63;0.12908.72;1.10;327.52;3.05;
16:32:42.510239;19:32:41.534605;6139.50;6141.80;12394.10;12395.70;267.07;389.35;0.09908.72;1.10;327.29;3.06;
16:32:42.567089;19:32:42.550133;6140.20;6141.00;12394.10;12395.70;333.44;306.02;0.20912.50;1.10;327.29;3.06;
16:32:42.796477;19:32:42.550133;6140.20;6141.00;12396.30;12397.90;112.23;85.11;0.16912.50;1.10;326.78;3.06;
16:32:43.101658;19:32:42.550133;6140.20;6141.00;12395.00;12396.60;239.68;212.84;0.16912.50;1.10;326.49;3.06;
16:32:43.396869;19:32:42.550133;6140.20;6141.00;12393.10;12394.70;425.21;398.65;0.14912.50;1.10;326.11;3.07;
16:32:43.704573;19:32:43.535499;6140.20;6141.00;12393.20;12394.80;410.93;384.64;0.15915.02;1.09;325.88;3.07;
16:32:44.002777;19:32:43.535499;6140.20;6141.00;12393.70;12395.30;357.24;331.22;0.07915.02;1.09;325.55;3.07;
16:32:44.309005;19:32:43.535499;6140.20;6141.00;12394.70;12396.30;254.65;228.89;0.07915.02;1.09;325.28;3.07;
16:32:44.606212;19:32:43.535499;6140.20;6141.00;12393.50;12395.10;370.90;345.40;0.07915.02;1.09;324.98;3.08;
16:32:44.636130;19:32:44.635134;6140.70;6141.50;12393.50;12395.10;416.73;391.49;0.12921.17;1.09;324.98;3.08;
16:32:44.909402;19:32:44.635134;6140.70;6141.50;12393.80;12395.40;382.94;357.94;0.15921.17;1.09;324.73;3.08;
16:32:45.202617;19:32:44.635134;6140.70;6141.50;12394.20;12395.80;339.61;314.85;0.06921.17;1.09;324.36;3.08;
16:32:45.494843;19:32:44.635134;6140.70;6141.50;12394.30;12395.90;326.44;301.92;0.07921.17;1.09;323.99;3.09;
16:32:45.637149;19:32:45.636146;6140.20;6141.00;12394.30;12395.90;273.81;249.52;0.18923.74;1.08;323.99;3.09;
16:32:45.798226;19:32:45.636146;6140.20;6141.00;12392.50;12394.10;449.53;425.47;0.19923.74;1.08;323.76;3.09;
16:32:46.403122;19:32:45.636146;6140.20;6141.00;12393.20;12394.80;375.98;352.15;0.17923.74;1.08;326.90;3.06;
16:32:46.712296;19:32:46.636497;6140.20;6141.00;12393.00;12394.60;392.31;368.70;0.18926.14;1.08;326.70;3.06;
16:32:47.000062;19:32:46.636497;6140.20;6141.00;12393.50;12395.10;339.17;315.78;0.19926.14;1.08;326.29;3.06;
16:32:47.303253;19:32:46.636497;6140.20;6141.00;12393.00;12394.60;385.64;362.45;0.22926.14;1.08;326.04;3.07;
16:32:47.606957;19:32:46.636497;6140.20;6141.00;12393.70;12395.30;312.79;289.82;0.10926.14;1.08;325.79;3.07;
16:32:47.896183;19:32:47.737608;6140.20;6141.00;12393.00;12394.60;379.38;356.61;0.09931.44;1.07;325.38;3.07;
16:32:48.198377;19:32:47.737608;6140.20;6141.00;12393.70;12395.30;306.64;284.07;0.08931.44;1.07;325.14;3.08;
16:32:48.508696;19:32:47.737608;6140.20;6141.00;12393.00;12394.60;373.33;350.96;0.08931.44;1.07;324.99;3.08;
16:32:48.739217;19:32:48.737222;6140.70;6141.50;12393.00;12394.60;419.65;397.48;0.08933.45;1.07;324.99;3.08;
16:32:48.807043;19:32:48.737222;6140.70;6141.50;12394.50;12396.10;267.33;245.34;0.08933.45;1.07;324.71;3.08;
16:32:49.102473;19:32:48.737222;6140.70;6141.50;12393.50;12395.10;364.19;342.39;0.08933.45;1.07;324.41;3.08;
16:32:49.405124;19:32:48.737222;6140.70;6141.50;12392.70;12394.30;440.42;418.81;0.07933.45;1.07;324.19;3.08;
16:32:49.696939;19:32:48.737222;6140.70;6141.50;12392.60;12394.20;446.64;425.21;0.07933.45;1.07;323.87;3.09;
16:32:49.754784;19:32:49.753786;6140.20;6141.00;12392.60;12394.20;393.33;372.08;0.16935.82;1.07;323.87;3.09;
16:32:50.001126;19:32:49.753786;6140.20;6141.00;12391.30;12392.90;519.01;497.93;0.15935.82;1.07;323.89;3.09;
16:32:50.310299;19:32:49.753786;6140.20;6141.00;12392.00;12393.60;445.33;424.43;0.15935.82;1.07;323.97;3.09;
16:32:50.604541;19:32:49.753786;6140.20;6141.00;12392.50;12394.10;392.11;371.38;0.15935.82;1.07;323.98;3.09;
16:32:51.299522;19:32:50.745169;6140.20;6141.00;12392.80;12394.40;359.19;338.63;0.16937.36;1.07;327.86;3.05;
16:32:51.604705;19:32:50.745169;6140.20;6141.00;12391.70;12393.30;465.44;445.04;0.07937.36;1.07;327.96;3.05;
16:32:51.901967;19:32:51.840076;6140.20;6141.00;12392.50;12394.10;382.38;362.14;0.08941.62;1.06;327.89;3.05;
16:32:52.193645;19:32:51.840076;6140.20;6141.00;12393.20;12394.80;309.92;289.84;0.08941.62;1.06;327.81;3.05;
16:32:52.503317;19:32:51.840076;6140.20;6141.00;12392.50;12394.10;376.95;357.03;0.08941.62;1.06;327.93;3.05;
16:32:52.806355;19:32:51.840076;6140.20;6141.00;12393.60;12395.20;264.88;245.12;0.07941.62;1.06;327.66;3.05;
16:32:52.849369;19:32:52.848387;6140.70;6141.50;12393.60;12395.20;312.46;292.85;0.07943.38;1.06;327.66;3.05;
16:32:53.100746;19:32:52.848387;6140.70;6141.50;12394.50;12396.10;220.76;201.30;0.07943.38;1.06;327.93;3.05;
16:32:53.407349;19:32:52.848387;6140.70;6141.50;12393.30;12394.90;338.18;318.86;0.07943.38;1.06;325.02;3.08;
16:32:53.703337;19:32:52.848387;6140.70;6141.50;12393.10;12394.70;355.49;336.32;0.07943.38;1.06;324.94;3.08;
16:32:53.841412;19:32:53.840414;6139.50;6141.80;12393.10;12394.70;233.73;363.58;0.19944.62;1.06;324.94;3.08;
16:32:54.002387;19:32:53.840414;6139.50;6141.80;12393.00;12394.60;241.93;370.81;0.22944.62;1.06;324.97;3.08;
16:32:54.303425;19:32:53.840414;6139.50;6141.80;12394.80;12396.40;61.47;189.41;0.19944.62;1.06;324.91;3.08;
16:32:54.602354;19:32:53.840414;6139.50;6141.80;12395.10;12396.70;31.24;158.25;0.20944.62;1.06;324.79;3.08;
16:32:54.841715;19:32:54.840717;6140.70;6141.50;12395.10;12396.70;150.14;127.32;0.36946.02;1.06;324.79;3.08;
16:32:54.904546;19:32:54.840717;6140.70;6141.50;12392.50;12394.10;407.19;384.53;0.28946.02;1.06;324.97;3.08;
16:32:55.200104;19:32:54.840717;6140.70;6141.50;12391.60;12393.20;493.64;471.14;0.19946.02;1.06;323.89;3.09;
16:32:55.499338;19:32:54.840717;6140.70;6141.50;12390.20;12391.80;629.15;606.81;0.18946.02;1.06;323.75;3.09;
16:32:55.809025;19:32:54.840717;6140.70;6141.50;12390.70;12392.30;575.07;552.89;0.19946.02;1.06;320.95;3.12;
16:32:55.943665;19:32:55.941670;6140.20;6141.00;12390.70;12392.30;521.40;499.37;0.26949.80;1.05;320.95;3.12;
16:32:56.104237;19:32:55.941670;6140.20;6141.00;12390.20;12391.80;567.43;545.56;0.15949.80;1.05;320.90;3.12;
16:32:56.401953;19:32:55.941670;6140.20;6141.00;12389.70;12391.30;613.17;591.45;0.15949.80;1.05;317.91;3.15;
16:32:56.704272;19:32:55.941670;6140.20;6141.00;12391.70;12393.30;410.34;388.77;0.14949.80;1.05;317.96;3.15;
16:32:56.943610;19:32:56.941615;6140.70;6141.50;12391.70;12393.30;457.21;435.78;0.21950.99;1.05;317.96;3.15;
16:32:57.032885;19:32:56.941615;6140.70;6141.50;12392.50;12394.10;374.66;353.38;0.11950.99;1.05;318.27;3.14;
16:32:57.297205;19:32:56.941615;6140.70;6141.50;12391.60;12393.20;461.54;440.40;0.13950.99;1.05;317.87;3.15;
16:32:57.595409;19:32:56.941615;6140.70;6141.50;12392.80;12394.40;339.27;318.27;0.13950.99;1.05;314.79;3.18;
16:32:57.898600;19:32:56.941615;6140.70;6141.50;12393.00;12394.60;317.15;296.29;0.15950.99;1.05;314.77;3.18;
16:32:58.201788;19:32:56.941615;6140.70;6141.50;12393.50;12395.10;265.39;244.67;0.15950.99;1.05;314.92;3.18;
16:32:58.503474;19:32:56.941615;6140.70;6141.50;12392.70;12394.30;343.14;322.55;0.07950.99;1.05;314.90;3.18;
16:32:58.801517;19:32:56.941615;6140.70;6141.50;12392.50;12394.10;360.78;340.32;0.07950.99;1.05;314.93;3.18;
16:32:59.045865;19:32:59.044868;6140.20;6141.00;12392.50;12394.10;308.77;288.45;0.15977.76;1.02;314.93;3.18;
16:32:59.202444;19:32:59.044868;6140.20;6141.00;12390.80;12392.40;475.71;455.51;0.16977.76;1.02;314.86;3.18;
16:32:59.497656;19:32:59.044868;6140.20;6141.00;12389.60;12391.20;591.91;571.85;0.07977.76;1.02;314.81;3.18;
16:32:59.798380;19:32:59.044868;6140.20;6141.00;12390.20;12391.80;528.54;508.61;0.07977.76;1.02;314.88;3.18;
16:33:00.497770;19:33:00.043724;6140.20;6141.00;12390.60;12392.20;485.47;465.66;0.07978.24;1.02;319.03;3.13;
16:33:00.900693;19:33:00.043724;6140.20;6141.00;12390.20;12391.80;522.19;502.50;0.08978.24;1.02;319.82;3.13;
16:33:01.198896;19:33:01.044309;6140.20;6141.00;12390.60;12392.20;479.19;459.63;0.08978.72;1.02;319.80;3.13;
16:33:01.496101;19:33:01.044309;6140.20;6141.00;12392.50;12394.10;287.41;267.96;0.07978.72;1.02;319.37;3.13;
16:33:01.803494;19:33:01.044309;6140.20;6141.00;12392.70;12394.30;265.77;246.44;0.07978.72;1.02;319.44;3.13;
16:33:02.046847;19:33:02.044852;6140.70;6141.50;12392.70;12394.30;313.84;294.63;0.15979.19;1.02;319.44;3.13;
16:33:02.404885;19:33:02.044852;6140.70;6141.50;12393.10;12394.70;272.18;253.09;0.07979.19;1.02;322.80;3.10;
16:33:02.703091;19:33:02.044852;6140.70;6141.50;12393.70;12395.30;210.90;191.93;0.08979.19;1.02;322.88;3.10;
16:33:03.147072;19:33:03.145077;6141.70;6142.50;12393.70;12395.30;309.04;290.18;0.31981.77;1.02;322.88;3.10;
16:33:03.306839;19:33:03.145077;6141.70;6142.50;12396.50;12398.10;28.87;10.12;0.21981.77;1.02;325.81;3.07;
16:33:03.604557;19:33:03.145077;6141.70;6142.50;12396.20;12397.80;58.52;39.88;0.21981.77;1.02;325.92;3.07;
16:33:03.900764;19:33:03.145077;6141.70;6142.50;12395.80;12397.40;97.94;79.41;0.21981.77;1.02;325.86;3.07;
16:33:04.148106;19:33:04.146112;6140.50;6142.80;12395.80;12397.40;-21.93;108.77;0.34982.15;1.02;325.86;3.07;
16:33:04.214924;19:33:04.146112;6140.50;6142.80;12393.20;12394.80;236.69;366.63;0.31982.15;1.02;325.76;3.07;
16:33:04.504151;19:33:04.146112;6140.50;6142.80;12393.00;12394.60;255.20;384.39;0.31982.15;1.02;325.75;3.07;
16:33:04.797024;19:33:04.146112;6140.50;6142.80;12392.80;12394.40;273.62;402.07;0.23982.15;1.02;325.82;3.07;
16:33:05.101457;19:33:04.146112;6140.50;6142.80;12390.80;12392.40;470.91;598.63;0.19982.15;1.02;325.83;3.07;
16:33:05.188736;19:33:05.171782;6140.20;6141.00;12390.80;12392.40;438.41;416.25;0.33983.04;1.02;325.83;3.07;
16:33:05.406164;19:33:05.171782;6140.20;6141.00;12390.60;12392.20;455.82;433.79;0.21983.04;1.02;324.92;3.08;
16:33:05.804090;19:33:05.171782;6140.20;6141.00;12391.50;12393.10;363.76;341.85;0.26983.04;1.02;322.97;3.10;
16:33:06.147175;19:33:06.146176;6140.70;6141.50;12391.50;12393.10;411.45;389.66;0.35982.86;1.02;322.97;3.10;
16:33:06.211003;19:33:06.146176;6140.70;6141.50;12391.80;12393.40;379.33;357.67;0.36982.86;1.02;324.07;3.09;
16:33:07.307439;19:33:07.246598;6140.70;6141.50;12394.50;12396.10;108.73;87.18;0.17985.17;1.02;331.97;3.01;
16:33:07.603939;19:33:07.246598;6140.70;6141.50;12394.70;12396.30;88.24;66.81;0.23985.17;1.02;331.90;3.01;
16:33:07.900147;19:33:07.246598;6140.70;6141.50;12393.50;12395.10;207.10;185.79;0.20985.17;1.02;331.95;3.01;
16:33:08.205356;19:33:07.246598;6140.70;6141.50;12394.60;12396.20;96.58;75.38;0.18985.17;1.02;331.99;3.01;
16:33:08.248242;19:33:08.247244;6141.20;6142.00;12394.60;12396.20;145.78;124.70;0.31985.47;1.01;331.99;3.01;
16:33:08.502562;19:33:08.247244;6141.20;6142.00;12393.80;12395.40;224.57;203.60;0.14985.47;1.01;331.97;3.01;
16:33:08.795787;19:33:08.247244;6141.20;6142.00;12394.00;12395.60;203.48;182.62;0.14985.47;1.01;331.90;3.01;
16:33:09.101514;19:33:08.247244;6141.20;6142.00;12392.20;12393.80;381.44;360.69;0.12985.47;1.01;331.89;3.01;
16:33:09.249119;19:33:09.247130;6140.70;6141.50;12392.20;12393.80;329.68;309.05;0.12985.74;1.01;331.89;3.01;
16:33:09.394745;19:33:09.247130;6140.70;6141.50;12392.70;12394.30;278.21;257.68;0.12985.74;1.01;331.89;3.01;
16:33:09.705419;19:33:09.247130;6140.70;6141.50;12393.50;12395.10;197.17;176.75;0.15985.74;1.01;331.97;3.01;
16:33:09.998635;19:33:09.247130;6140.70;6141.50;12394.70;12396.30;76.77;56.46;0.13985.74;1.01;331.94;3.01;
16:33:10.299830;19:33:09.247130;6140.70;6141.50;12392.20;12393.80;325.08;304.87;0.11985.74;1.01;331.93;3.01;
16:33:10.897959;19:33:10.347701;6140.70;6141.50;12393.20;12394.80;223.92;203.81;0.11987.86;1.01;334.87;2.99;
16:33:11.195760;19:33:10.347701;6140.70;6141.50;12393.00;12394.60;242.67;222.67;0.06987.86;1.01;334.92;2.99;
16:33:11.350374;19:33:11.348387;6139.50;6141.80;12393.00;12394.60;122.04;251.38;0.15988.10;1.01;334.92;2.99;
16:33:11.803678;19:33:11.348387;6139.50;6141.80;12393.10;12394.70;111.47;240.15;0.15988.10;1.01;337.99;2.96;
16:33:12.095895;19:33:11.348387;6139.50;6141.80;12393.20;12394.80;100.96;228.99;0.20988.10;1.01;334.89;2.99;
16:33:12.404071;19:33:11.348387;6139.50;6141.80;12392.50;12394.10;170.10;297.49;0.11988.10;1.01;334.90;2.99;
16:33:12.701987;19:33:11.348387;6139.50;6141.80;12393.00;12394.60;119.50;246.25;0.11988.10;1.01;334.95;2.99;
16:33:12.997827;19:33:11.348387;6139.50;6141.80;12392.00;12393.60;218.41;344.53;0.10988.10;1.01;334.97;2.99;
16:33:13.295035;19:33:11.348387;6139.50;6141.80;12391.20;12392.80;296.93;422.43;0.11988.10;1.01;334.87;2.99;
16:33:13.368835;19:33:13.366841;6140.20;6141.00;12391.20;12392.80;365.12;340.74;0.341006.50;0.99;334.87;2.99;
16:33:13.604206;19:33:13.366841;6140.20;6141.00;12391.70;12393.30;313.58;289.31;0.381006.50;0.99;334.92;2.99;
16:33:14.205888;19:33:13.366841;6140.20;6141.00;12391.20;12393.30;312.05;337.66;0.381006.50;0.99;337.98;2.96;
16:33:14.225835;19:33:13.366841;6140.20;6141.00;12391.20;12392.80;360.29;336.02;0.181006.50;0.99;337.98;2.96;
16:33:14.452777;19:33:14.450786;6139.20;6140.00;12391.20;12392.80;259.03;234.88;0.431007.84;0.99;337.98;2.96;
16:33:14.499651;19:33:14.450786;6139.20;6140.00;12388.20;12389.80;556.35;532.31;0.251007.84;0.99;337.90;2.96;
16:33:14.798851;19:33:14.450786;6139.20;6140.00;12388.30;12389.90;543.73;519.81;0.271007.84;0.99;337.88;2.96;
16:33:15.378301;19:33:14.450786;6139.20;6140.00;12380.20;12381.80;1347.29;1323.48;0.131007.84;0.99;340.62;2.94;
16:33:15.402237;19:33:14.450786;6139.20;6140.00;12380.10;12381.70;1350.85;1327.16;0.131007.84;0.99;337.92;2.96;
16:33:15.459087;19:33:15.457092;6136.70;6137.50;12380.10;12381.70;1095.66;1072.08;0.351007.81;0.99;337.92;2.96;
16:33:15.978431;19:33:15.457092;6136.70;6137.50;12372.80;12374.40;1817.09;1793.62;0.181007.81;0.99;340.75;2.93;
16:33:16.015332;19:33:15.457092;6136.70;6137.50;12377.10;12378.70;1380.61;1357.24;0.151007.81;0.99;338.08;2.96;
16:33:16.309549;19:33:15.457092;6136.70;6137.50;12376.70;12378.30;1414.00;1390.74;0.151007.81;0.99;337.93;2.96;
16:33:16.452168;19:33:16.451172;6135.00;6137.30;12376.70;12378.30;1238.24;1364.40;0.191007.58;0.99;337.93;2.96;
16:33:16.605763;19:33:16.451172;6135.00;6137.30;12376.10;12377.70;1292.26;1417.83;0.141007.58;0.99;338.02;2.96;
16:33:16.901476;19:33:16.451172;6135.00;6137.30;12377.20;12378.80;1176.83;1301.83;0.161007.58;0.99;337.94;2.96;
16:33:17.201673;19:33:16.451172;6135.00;6137.30;12375.70;12377.30;1320.78;1445.21;0.151007.58;0.99;337.98;2.96;
16:33:17.454096;19:33:17.452102;6136.20;6137.00;12375.70;12377.30;1434.23;1408.77;0.271007.45;0.99;337.98;2.96;
16:33:17.510944;19:33:17.452102;6136.20;6137.00;12377.60;12379.20;1238.60;1213.26;0.251007.45;0.99;337.99;2.96;
16:33:17.803162;19:33:17.452102;6136.20;6137.00;12379.80;12381.40;1014.01;988.78;0.091007.45;0.99;337.93;2.96;
16:33:18.107349;19:33:17.452102;6136.20;6137.00;12383.70;12385.30;621.21;596.10;0.111007.45;0.99;337.93;2.96;
16:33:18.396575;19:33:17.452102;6136.20;6137.00;12382.60;12384.20;727.95;702.95;0.131007.45;0.99;337.82;2.96;
16:33:18.554156;19:33:18.552160;6137.70;6138.50;12382.60;12384.20;874.04;849.16;0.261008.97;0.99;337.82;2.96;
16:33:18.703756;19:33:18.552160;6137.70;6138.50;12382.50;12384.10;880.13;855.35;0.181008.97;0.99;337.87;2.96;
16:33:19.004994;19:33:18.552160;6137.70;6138.50;12381.50;12383.10;975.81;951.15;0.181008.97;0.99;337.95;2.96;
16:33:19.298204;19:33:18.552160;6137.70;6138.50;12382.10;12383.70;911.80;887.24;0.181008.97;0.99;337.95;2.96;
16:33:19.558908;19:33:19.556916;6137.20;6138.00;12382.10;12383.70;858.03;833.58;0.251008.90;0.99;337.95;2.96;
16:33:19.613763;19:33:19.556916;6137.20;6138.00;12383.00;12384.60;764.70;740.35;0.171008.90;0.99;338.07;2.96;
16:33:19.897006;19:33:19.556916;6137.20;6138.00;12381.70;12383.30;890.82;866.58;0.181008.90;0.99;334.86;2.99;
16:33:20.497401;19:33:19.556916;6137.20;6138.00;12383.50;12385.10;707.76;683.62;0.191008.90;0.99;337.78;2.96;
16:33:20.582768;19:33:20.566729;6137.70;6138.50;12383.50;12385.10;754.51;730.47;0.371008.92;0.99;337.78;2.96;
16:33:20.807325;19:33:20.566729;6137.70;6138.50;12386.20;12387.80;482.44;458.50;0.301008.92;0.99;337.99;2.96;
16:33:21.103195;19:33:20.566729;6137.70;6138.50;12384.70;12386.30;629.74;605.91;0.101008.92;0.99;337.92;2.96;
16:33:21.398842;19:33:20.566729;6137.70;6138.50;12385.30;12386.90;567.33;543.60;0.101008.92;0.99;337.85;2.96;
16:33:21.654239;19:33:21.653222;6138.20;6139.00;12385.30;12386.90;614.73;591.10;0.161010.13;0.99;337.85;2.96;
16:33:21.700061;19:33:21.653222;6138.20;6139.00;12386.20;12387.80;522.52;498.99;0.151010.13;0.99;337.98;2.96;
16:33:22.009290;19:33:21.653222;6138.20;6139.00;12384.70;12386.30;669.71;646.28;0.091010.13;0.99;338.04;2.96;
16:33:22.299461;19:33:21.653222;6138.20;6139.00;12384.20;12385.80;716.71;693.38;0.091010.13;0.99;337.85;2.96;
16:33:22.607674;19:33:21.653222;6138.20;6139.00;12385.20;12386.80;614.15;590.91;0.101010.13;0.99;337.94;2.96;
16:33:22.654362;19:33:22.653366;6137.70;6138.50;12385.20;12386.80;561.82;538.68;0.171009.97;0.99;337.94;2.96;
16:33:22.904695;19:33:22.653366;6137.70;6138.50;12385.10;12386.70;569.47;546.42;0.111009.97;0.99;337.97;2.96;
16:33:23.204891;19:33:22.964534;6137.70;6138.50;12384.30;12385.90;646.80;623.85;0.14999.39;1.00;337.94;2.96;
16:33:23.596161;19:33:22.964534;6137.70;6138.50;12385.30;12386.90;544.57;521.71;0.16999.39;1.00;338.92;2.95;
16:33:23.679938;19:33:23.661986;6138.20;6139.00;12385.30;12386.90;592.15;569.39;0.26994.88;1.01;338.92;2.95;
16:33:24.199549;19:33:23.661986;6138.20;6139.00;12385.20;12386.80;599.72;577.04;0.17994.88;1.01;341.92;2.92;
16:33:24.503737;19:33:23.661986;6138.20;6139.00;12385.60;12387.20;557.46;534.88;0.19994.88;1.01;341.87;2.93;
16:33:25.308827;19:33:24.654368;6138.20;6139.00;12385.20;12386.80;595.06;572.57;0.23994.84;1.01;346.97;2.88;
16:33:25.609020;19:33:24.654368;6138.20;6139.00;12384.60;12386.20;652.44;630.04;0.23994.84;1.01;343.03;2.92;
16:33:25.766597;19:33:25.765598;6137.20;6138.00;12384.60;12386.20;550.24;527.93;0.59996.53;1.00;343.03;2.92;
16:33:25.901238;19:33:25.765598;6137.20;6138.00;12384.50;12386.10;558.02;535.79;0.43996.53;1.00;342.90;2.92;
16:33:26.201433;19:33:25.765598;6137.20;6138.00;12384.80;12386.40;525.93;503.79;0.41996.53;1.00;342.95;2.92;
16:33:26.756867;19:33:26.755866;6137.70;6138.50;12384.80;12386.40;573.66;551.61;0.69996.44;1.00;342.95;2.92;
16:33:26.910259;19:33:26.755866;6137.70;6138.50;12384.20;12385.80;631.18;609.22;0.80996.44;1.00;347.12;2.88;
16:33:27.197043;19:33:26.755866;6137.70;6138.50;12384.00;12385.60;648.63;626.76;0.56996.44;1.00;346.87;2.88;
16:33:27.703652;19:33:26.755866;6137.70;6138.50;12384.20;12385.80;626.19;604.40;0.54996.44;1.00;348.91;2.87;
16:33:28.003381;19:33:27.768477;6137.70;6138.50;12384.70;12386.30;573.95;552.25;0.52996.67;1.00;348.97;2.87;
16:33:28.297230;19:33:27.768477;6137.70;6138.50;12384.10;12385.70;631.51;609.88;0.48996.67;1.00;348.85;2.87;
16:33:28.599927;19:33:27.768477;6137.70;6138.50;12385.60;12387.20;479.65;458.12;0.38996.67;1.00;348.92;2.87;
16:33:28.758557;19:33:28.757543;6138.20;6139.00;12385.60;12387.20;527.62;506.17;0.25996.56;1.00;348.92;2.87;
16:33:28.899160;19:33:28.757543;6138.20;6139.00;12385.20;12386.80;565.46;544.08;0.23996.56;1.00;348.92;2.87;
16:33:29.197367;19:33:28.757543;6138.20;6139.00;12385.10;12386.70;573.27;551.98;0.24996.56;1.00;348.89;2.87;
16:33:29.706999;19:33:28.757543;6138.20;6139.00;12383.50;12385.10;730.49;709.28;0.09996.56;1.00;351.00;2.85;
16:33:29.869567;19:33:29.868570;6137.70;6138.50;12383.50;12385.10;677.92;656.79;0.20998.13;1.00;351.00;2.85;
16:33:30.000222;19:33:29.868570;6137.70;6138.50;12382.00;12383.60;824.81;803.76;0.16998.13;1.00;350.92;2.85;
16:33:30.300415;19:33:29.868570;6137.70;6138.50;12381.60;12383.20;861.57;840.60;0.15998.13;1.00;350.94;2.85;
16:33:30.607602;19:33:29.868570;6137.70;6138.50;12382.80;12384.40;738.81;717.91;0.14998.13;1.00;351.02;2.85;
16:33:30.862918;19:33:30.860917;6137.20;6138.00;12382.80;12384.40;686.25;665.43;0.22998.05;1.00;351.02;2.85;
16:33:30.998548;19:33:30.860917;6137.20;6138.00;12382.10;12383.70;753.44;732.70;0.25998.05;1.00;351.87;2.84;
16:33:31.303071;19:33:30.860917;6137.20;6138.00;12382.20;12383.80;740.70;720.04;0.17998.05;1.00;351.93;2.84;
16:33:31.611808;19:33:30.860917;6137.20;6138.00;12382.50;12384.10;708.09;687.50;0.17998.05;1.00;352.04;2.84;
16:33:31.860656;19:33:31.858663;6136.70;6137.50;12382.50;12384.10;655.68;635.16;0.26998.05;1.00;352.04;2.84;
16:33:31.907532;19:33:31.858663;6136.70;6137.50;12382.20;12383.80;683.18;662.74;0.33998.05;1.00;351.96;2.84;
16:33:32.302476;19:33:31.858663;6136.70;6137.50;12381.70;12383.30;730.51;710.15;0.20998.05;1.00;352.78;2.83;
16:33:32.603674;19:33:31.858663;6136.70;6137.50;12384.70;12386.30;428.95;408.66;0.15998.05;1.00;353.00;2.83;
16:33:32.902310;19:33:31.858663;6136.70;6137.50;12386.20;12387.80;277.94;257.73;0.13998.05;1.00;353.01;2.83;
16:33:32.962173;19:33:32.961152;6138.20;6139.00;12386.20;12387.80;426.40;406.26;0.39999.42;1.00;353.01;2.83;
16:33:33.200043;19:33:32.961152;6138.20;6139.00;12386.60;12387.80;424.87;364.95;0.30999.42;1.00;352.94;2.83;
16:33:33.244439;19:33:32.961152;6138.20;6139.00;12386.60;12388.20;383.50;363.64;0.33999.42;1.00;352.94;2.83;
16:33:33.502754;19:33:32.961152;6138.20;6139.00;12385.00;12386.60;541.57;521.78;0.26999.42;1.00;352.91;2.83;
16:33:33.800951;19:33:32.961152;6138.20;6139.00;12385.20;12386.80;519.72;500.00;0.27999.42;1.00;352.89;2.83;
16:33:33.961522;19:33:33.959527;6137.70;6138.50;12385.20;12386.80;468.06;448.41;0.27999.41;1.00;352.89;2.83;
16:33:34.104143;19:33:33.959527;6137.70;6138.50;12385.60;12387.20;426.55;406.97;0.26999.41;1.00;352.95;2.83;
16:33:34.397879;19:33:33.959527;6137.70;6138.50;12384.70;12386.30;514.74;495.23;0.25999.41;1.00;351.87;2.84;
16:33:34.702065;19:33:33.959527;6137.70;6138.50;12383.50;12385.10;632.52;613.08;0.32999.41;1.00;351.97;2.84;
16:33:34.964879;19:33:34.962889;6137.20;6138.00;12383.50;12385.10;580.49;561.11;0.53999.46;1.00;351.97;2.84;
16:33:35.305967;19:33:34.962889;6137.20;6138.00;12383.00;12384.60;628.30;608.99;0.19999.46;1.00;355.01;2.82;
16:33:35.422651;19:33:34.962889;6137.20;6138.00;12385.70;12387.30;357.06;337.82;0.13999.46;1.00;349.17;2.86;
16:33:35.695924;19:33:34.962889;6137.20;6138.00;12385.30;12386.90;395.69;376.52;0.13999.46;1.00;347.87;2.87;
16:33:35.962211;19:33:35.961211;6137.70;6138.50;12385.30;12386.90;444.16;425.05;0.24999.45;1.00;347.87;2.87;
16:33:36.014071;19:33:35.961211;6137.70;6138.50;12384.80;12386.40;492.47;473.42;0.23999.45;1.00;348.07;2.87;
16:33:36.299824;19:33:35.961211;6137.70;6138.50;12385.50;12387.10;421.02;402.05;0.14999.45;1.00;347.95;2.87;
16:33:36.605007;19:33:35.961211;6137.70;6138.50;12386.70;12388.30;300.00;281.09;0.12999.45;1.00;347.93;2.87;
16:33:36.900221;19:33:35.961211;6137.70;6138.50;12387.60;12389.20;209.29;190.44;0.12999.45;1.00;344.87;2.90;
16:33:37.063783;19:33:37.062784;6138.20;6139.00;12387.60;12389.20;258.41;239.63;0.221000.71;1.00;344.87;2.90;
16:33:37.202419;19:33:37.062784;6138.20;6139.00;12389.80;12391.40;38.28;19.56;0.111000.71;1.00;344.90;2.90;
16:33:37.501615;19:33:37.062784;6138.20;6139.00;12389.30;12390.90;87.99;69.33;0.111000.71;1.00;341.86;2.93;
16:33:38.106027;19:33:37.062784;6138.20;6139.00;12388.20;12389.80;197.32;178.73;0.131000.71;1.00;344.93;2.90;
16:33:38.396261;19:33:37.062784;6138.20;6139.00;12390.20;12391.80;-2.67;-21.20;0.111000.71;1.00;344.88;2.90;
16:33:38.659552;19:33:37.062784;6138.20;6139.00;12389.20;12390.80;97.01;78.54;0.051000.71;1.00;344.51;2.90;
16:33:39.000293;19:33:37.062784;6138.20;6139.00;12387.70;12389.30;246.19;227.78;0.051000.71;1.00;344.88;2.90;
16:33:39.080670;19:33:39.067107;6137.70;6138.50;12387.70;12389.30;195.54;177.19;0.101013.10;0.99;344.88;2.90;
16:33:39.605683;19:33:39.067107;6137.70;6138.50;12387.60;12389.20;204.87;186.58;0.111013.10;0.99;347.99;2.87;
16:33:39.905910;19:33:39.067107;6137.70;6138.50;12386.70;12388.30;293.90;275.67;0.111013.10;0.99;347.96;2.87;
16:33:40.064451;19:33:40.063451;6136.70;6137.50;12386.70;12388.30;193.27;175.10;0.161012.90;0.99;347.96;2.87;
16:33:40.205072;19:33:40.063451;6136.70;6137.50;12385.70;12387.30;292.31;274.20;0.191012.90;0.99;347.89;2.87;
16:33:40.507994;19:33:40.063451;6136.70;6137.50;12385.60;12387.20;301.33;283.28;0.191012.90;0.99;346.94;2.88;
16:33:40.801205;19:33:40.063451;6136.70;6137.50;12387.00;12388.60;160.81;142.82;0.191012.90;0.99;345.81;2.89;
16:33:41.104922;19:33:40.063451;6136.70;6137.50;12386.70;12388.30;190.19;172.26;0.241012.90;0.99;337.88;2.96;
16:33:41.196670;19:33:41.177720;6137.20;6138.00;12386.70;12388.30;239.42;221.54;0.381014.12;0.99;337.88;2.96;
16:33:41.501855;19:33:41.177720;6137.20;6138.00;12385.30;12386.90;378.21;360.38;0.381014.12;0.99;338.89;2.95;
16:33:41.804060;19:33:41.177720;6137.20;6138.00;12384.30;12385.90;476.68;458.91;0.241014.12;0.99;338.94;2.95;
16:33:42.100258;19:33:41.177720;6137.20;6138.00;12384.80;12386.40;425.32;407.61;0.231014.12;0.99;338.82;2.95;
16:33:42.180048;19:33:42.167081;6136.20;6137.00;12384.80;12386.40;324.29;306.63;0.441013.82;0.99;338.82;2.95;
16:33:42.511914;19:33:42.167081;6136.20;6137.00;12385.60;12387.20;243.51;225.92;0.231013.82;0.99;339.98;2.94;
16:33:42.798667;19:33:42.167081;6136.20;6137.00;12385.70;12387.30;232.78;215.24;0.271013.82;0.99;339.91;2.94;
16:33:43.100850;19:33:42.167081;6136.20;6137.00;12385.80;12387.40;222.08;204.59;0.271013.82;0.99;339.87;2.94;
16:33:43.171661;19:33:43.169668;6136.70;6137.50;12385.80;12387.40;271.22;253.79;0.481013.69;0.99;339.87;2.94;
16:33:43.400051;19:33:43.169668;6136.70;6137.50;12385.20;12386.80;330.19;312.81;0.441013.69;0.99;339.92;2.94;
16:33:43.698328;19:33:43.169668;6136.70;6137.50;12387.00;12388.60;149.72;132.40;0.241013.69;0.99;339.80;2.94;
16:33:44.598852;19:33:44.266485;6136.70;6137.50;12387.60;12389.20;89.44;72.17;0.271014.66;0.99;345.86;2.89;
16:33:44.906035;19:33:44.266485;6136.70;6137.50;12387.50;12389.10;99.13;81.92;0.331014.66;0.99;345.92;2.89;
16:33:45.207964;19:33:44.266485;6136.70;6137.50;12386.50;12388.10;198.52;181.36;0.291014.66;0.99;342.95;2.92;
16:33:45.502180;19:33:45.264812;6136.70;6137.50;12385.50;12387.10;297.60;280.49;0.081014.47;0.99;342.94;2.92;
16:33:45.799897;19:33:45.264812;6136.70;6137.50;12386.20;12387.80;226.90;209.85;0.081014.47;0.99;339.84;2.94;
16:33:46.198003;19:33:45.264812;6136.70;6137.50;12386.00;12387.60;246.15;229.14;0.081014.47;0.99;340.90;2.93;
16:33:46.505180;19:33:46.290752;6136.70;6137.50;12389.10;12390.70;-63.66;-80.61;0.051014.60;0.99;340.85;2.93;
16:33:46.802383;19:33:46.290752;6136.70;6137.50;12388.70;12390.30;-23.59;-40.49;0.001014.60;0.99;340.87;2.93;
16:33:47.102098;19:33:46.290752;6136.70;6137.50;12390.20;12391.80;-173.06;-189.91;0.001014.60;0.99;340.92;2.93;
16:33:47.278627;19:33:47.267656;6137.70;6138.50;12390.20;12391.80;-72.84;-89.64;0.121014.18;0.99;340.92;2.93;
16:33:47.398737;19:33:47.267656;6137.70;6138.50;12390.30;12391.90;-82.59;-99.34;0.121014.18;0.99;340.90;2.93;
16:33:47.706951;19:33:47.267656;6137.70;6138.50;12393.30;12394.90;-381.44;-398.14;0.091014.18;0.99;340.91;2.93;
16:33:48.000166;19:33:47.267656;6137.70;6138.50;12392.80;12394.40;-330.45;-347.10;0.101014.18;0.99;337.81;2.96;
16:33:48.301362;19:33:47.267656;6137.70;6138.50;12392.30;12393.90;-279.61;-296.21;0.101014.18;0.99;337.90;2.96;
16:33:48.368179;19:33:48.366183;6138.20;6139.00;12392.30;12393.90;-228.93;-245.48;0.161015.11;0.99;337.90;2.96;
16:33:48.601702;19:33:48.366183;6138.20;6139.00;12393.60;12395.20;-357.86;-374.36;0.141015.11;0.99;337.91;2.96;
16:33:48.902893;19:33:48.366183;6138.20;6139.00;12392.60;12394.20;-257.10;-273.55;0.181015.11;0.99;335.14;2.98;
16:33:49.197340;19:33:48.366183;6138.20;6139.00;12392.00;12393.60;-196.52;-212.92;0.181015.11;0.99;337.83;2.96;
16:33:49.499559;19:33:49.367399;6138.20;6139.00;12391.70;12393.30;-166.03;-182.38;0.211014.96;0.99;335.08;2.98;
16:33:49.813719;19:33:49.367399;6138.20;6139.00;12389.10;12390.70;93.70;77.39;0.051014.96;0.99;337.86;2.96;
16:33:50.095967;19:33:49.367399;6138.20;6139.00;12389.60;12391.20;43.57;27.31;0.051014.96;0.99;337.73;2.96;
16:33:50.369233;19:33:50.368235;6137.70;6138.50;12389.60;12391.20;-6.41;-22.62;0.141014.81;0.99;337.73;2.96;
16:33:50.417047;19:33:50.368235;6137.70;6138.50;12389.10;12390.70;43.46;27.30;0.141014.81;0.99;337.97;2.96;
16:33:50.706946;19:33:50.368235;6137.70;6138.50;12388.70;12390.30;83.22;67.10;0.141014.81;0.99;337.91;2.96;
16:33:51.008654;19:33:50.368235;6137.70;6138.50;12389.50;12391.10;3.21;-12.86;0.061014.81;0.99;337.92;2.96;
16:33:51.306853;19:33:50.368235;6137.70;6138.50;12390.00;12391.60;-46.66;-62.68;0.071014.81;0.99;337.81;2.96;
16:33:51.382651;19:33:51.368688;6138.70;6139.50;12390.00;12391.60;53.19;37.21;0.241014.65;0.99;337.81;2.96;
16:33:51.600069;19:33:51.368688;6138.70;6139.50;12390.30;12391.90;23.12;7.19;0.251014.65;0.99;337.81;2.96;
16:33:51.903260;19:33:51.368688;6138.70;6139.50;12387.80;12389.40;272.34;256.46;0.191014.65;0.99;337.79;2.96;
16:33:52.203318;19:33:51.368688;6138.70;6139.50;12388.20;12389.80;231.68;215.84;0.251014.65;0.99;337.90;2.96;
16:33:52.471317;19:33:52.469313;6138.20;6139.00;12388.20;12389.80;181.16;165.37;0.371015.57;0.98;337.90;2.96;
16:33:52.505727;19:33:52.469313;6138.20;6139.00;12388.10;12389.70;190.62;174.87;0.271015.57;0.98;337.79;2.96;
16:33:52.795957;19:33:52.469313;6138.20;6139.00;12387.30;12388.90;269.86;254.15;0.261015.57;0.98;337.72;2.96;
16:33:53.104124;19:33:52.469313;6138.20;6139.00;12386.80;12388.40;318.96;303.30;0.251015.57;0.98;337.88;2.96;
16:33:53.413824;19:33:52.469313;6138.20;6139.00;12387.10;12388.70;288.15;272.53;0.281015.57;0.98;337.84;2.96;
16:33:53.475658;19:33:53.473664;6137.70;6138.50;12387.10;12388.70;237.48;221.90;0.411015.45;0.98;337.84;2.96;
16:33:53.804496;19:33:53.473664;6137.70;6138.50;12386.00;12387.60;346.51;330.98;0.171015.45;0.98;338.92;2.95;
16:33:54.104233;19:33:53.473664;6137.70;6138.50;12388.20;12389.80;126.16;110.67;0.131015.45;0.98;335.89;2.98;
16:33:54.399481;19:33:53.473664;6137.70;6138.50;12387.50;12389.10;195.61;180.17;0.161015.45;0.98;335.73;2.98;
16:33:54.486250;19:33:54.485251;6138.20;6139.00;12387.50;12389.10;244.93;229.53;0.261015.41;0.98;335.73;2.98;
16:33:54.697688;19:33:54.485251;6138.20;6139.00;12387.80;12389.40;214.34;198.98;0.171015.41;0.98;335.75;2.98;
16:33:55.005419;19:33:54.485251;6138.20;6139.00;12387.70;12389.30;223.72;208.40;0.171015.41;0.98;335.87;2.98;
16:33:55.407727;19:33:54.485251;6138.20;6139.00;12386.20;12387.80;372.69;357.42;0.151015.41;0.98;336.87;2.97;
16:33:55.667552;19:33:55.579786;6137.70;6138.50;12386.20;12387.80;321.81;306.58;0.241016.22;0.98;336.87;2.97;
16:33:55.764803;19:33:55.579786;6137.70;6138.50;12387.70;12389.30;171.34;156.15;0.201016.22;0.98;337.10;2.97;
16:33:56.085458;19:33:55.579786;6137.70;6138.50;12386.00;12387.60;340.41;325.26;0.111016.22;0.98;337.62;2.96;
16:33:56.438541;19:33:55.579786;6137.70;6138.50;12385.70;12387.30;369.40;354.29;0.121016.22;0.98;338.07;2.96;
16:33:56.616065;19:33:56.613074;6137.70;6138.50;12386.60;12388.20;278.64;263.58;0.141016.40;0.98;336.90;2.97;
16:33:57.036452;19:33:56.613074;6137.70;6138.50;12385.20;12386.80;417.51;402.49;0.131016.40;0.98;337.92;2.96;
16:33:57.336676;19:33:56.613074;6137.70;6138.50;12386.20;12387.80;316.66;301.67;0.061016.40;0.98;337.16;2.97;
16:33:57.620432;19:33:56.613074;6137.70;6138.50;12386.50;12388.10;285.89;270.94;0.061016.40;0.98;334.01;2.99;
16:33:57.899714;19:33:56.613074;6137.70;6138.50;12385.00;12386.60;434.72;419.81;0.051016.40;0.98;333.78;3.00;
16:33:58.297984;19:33:56.613074;6137.70;6138.50;12385.30;12386.90;403.64;388.77;0.061016.40;0.98;329.71;3.03;
16:33:58.575251;19:33:58.573247;6136.70;6137.50;12385.30;12386.90;302.83;288.00;0.111025.93;0.97;329.71;3.03;
16:33:58.615137;19:33:58.573247;6136.70;6137.50;12385.10;12386.70;321.97;307.18;0.131025.93;0.97;329.88;3.03;
16:33:58.903232;19:33:58.573247;6136.70;6137.50;12385.80;12387.40;251.30;236.55;0.151025.93;0.97;329.83;3.03;
16:33:59.205938;19:33:58.573247;6136.70;6137.50;12385.10;12386.70;320.45;305.74;0.141025.93;0.97;329.85;3.03;
16:33:59.508130;19:33:58.573247;6136.70;6137.50;12387.10;12388.70;120.13;105.46;0.121025.93;0.97;325.77;3.07;
16:33:59.673688;19:33:59.672689;6137.70;6138.50;12387.10;12388.70;219.55;204.92;0.301026.67;0.97;325.77;3.07;
16:33:59.808327;19:33:59.672689;6137.70;6138.50;12387.50;12389.10;179.08;164.49;0.331026.67;0.97;325.92;3.07;
16:34:00.109527;19:33:59.672689;6137.70;6138.50;12386.80;12388.40;248.43;233.87;0.311026.67;0.97;323.85;3.09;
16:34:00.402748;19:33:59.672689;6137.70;6138.50;12390.30;12391.90;-101.31;-115.82;0.241026.67;0.97;323.79;3.09;
16:34:00.674912;19:34:00.672918;6138.70;6139.50;12390.30;12391.90;-1.30;-15.78;0.371036.57;0.96;323.79;3.09;
16:34:00.699361;19:34:00.672918;6138.70;6139.50;12389.70;12391.30;58.55;44.10;0.231036.57;0.96;323.82;3.09;
16:34:01.009055;19:34:00.672918;6138.70;6139.50;12389.30;12390.90;98.29;83.89;0.221036.57;0.96;323.88;3.09;
16:34:01.307255;19:34:00.672918;6138.70;6139.50;12388.70;12390.30;157.88;143.51;0.221036.57;0.96;323.87;3.09;
16:34:01.603974;19:34:00.672918;6138.70;6139.50;12388.20;12389.80;207.35;193.02;0.231036.57;0.96;323.86;3.09;
16:34:01.681282;19:34:01.680284;6137.70;6138.50;12388.20;12389.80;107.07;92.78;0.451046.63;0.96;323.86;3.09;
16:34:02.200673;19:34:01.680284;6137.70;6138.50;12390.20;12391.80;-92.69;-106.95;0.231046.63;0.96;324.73;3.08;
16:34:02.497021;19:34:01.680284;6137.70;6138.50;12393.30;12394.90;-401.66;-415.88;0.181046.63;0.96;324.76;3.08;
16:34:02.675625;19:34:02.673630;6139.70;6140.50;12393.30;12394.90;-201.15;-215.33;0.371056.57;0.95;324.76;3.08;
16:34:02.815251;19:34:02.673630;6139.70;6140.50;12393.70;12395.30;-240.53;-254.68;0.531056.57;0.95;324.94;3.08;
16:34:03.101485;19:34:02.673630;6139.70;6140.50;12395.70;12397.30;-439.42;-453.53;0.311056.57;0.95;324.73;3.08;
16:34:03.401683;19:34:02.673630;6139.70;6140.50;12395.20;12396.80;-388.43;-402.51;0.321056.57;0.95;323.83;3.09;
16:34:03.703391;19:34:02.673630;6139.70;6140.50;12396.70;12398.30;-537.07;-551.11;0.281056.57;0.95;323.79;3.09;
16:34:03.794149;19:34:03.775199;6140.20;6141.00;12396.70;12398.30;-485.84;-499.85;0.351058.38;0.94;323.79;3.09;
16:34:03.997605;19:34:03.775199;6140.20;6141.00;12395.80;12397.40;-394.85;-408.82;0.341058.38;0.94;323.66;3.09;
16:34:04.296972;19:34:03.775199;6140.20;6141.00;12393.30;12394.90;-144.49;-158.42;0.191058.38;0.94;323.71;3.09;
16:34:04.594715;19:34:03.775199;6140.20;6141.00;12393.00;12394.60;-114.20;-128.10;0.221058.38;0.94;322.71;3.10;
16:34:04.784208;19:34:04.782215;6139.20;6140.00;12393.00;12394.60;-213.67;-227.53;0.431058.50;0.94;322.71;3.10;
16:34:05.203091;19:34:04.782215;6139.20;6140.00;12391.70;12393.30;-83.46;-97.29;0.161058.50;0.94;325.81;3.07;
16:34:05.504806;19:34:04.782215;6139.20;6140.00;12390.10;12391.70;76.35;62.56;0.141058.50;0.94;325.83;3.07;
16:34:05.799028;19:34:05.775091;6139.20;6140.00;12391.00;12392.60;-13.61;-27.38;0.161058.29;0.94;325.81;3.07;
16:34:06.097244;19:34:05.775091;6139.20;6140.00;12391.60;12393.20;-73.43;-87.16;0.161058.29;0.94;325.79;3.07;
16:34:06.404424;19:34:05.775091;6139.20;6140.00;12391.70;12393.30;-83.23;-96.92;0.181058.29;0.94;325.88;3.07;
16:34:06.701629;19:34:05.775091;6139.20;6140.00;12390.20;12391.80;66.61;52.95;0.101058.29;0.94;325.81;3.07;
16:34:07.004333;19:34:06.876163;6139.20;6140.00;12390.30;12391.90;56.47;42.84;0.111059.43;0.94;325.91;3.07;
16:34:07.305051;19:34:06.876163;6139.20;6140.00;12390.70;12392.30;16.43;2.84;0.151059.43;0.94;325.86;3.07;
16:34:07.602768;19:34:06.876163;6139.20;6140.00;12388.20;12389.80;265.78;252.22;0.111059.43;0.94;322.80;3.10;
16:34:07.877036;19:34:07.876038;6138.70;6139.50;12388.20;12389.80;215.26;201.73;0.061058.43;0.94;322.80;3.10;
16:34:07.902966;19:34:07.876038;6138.70;6139.50;12389.70;12391.30;65.10;51.60;0.051058.43;0.94;324.65;3.08;
16:34:08.200173;19:34:07.876038;6138.70;6139.50;12390.10;12391.70;25.04;11.57;0.061058.43;0.94;324.89;3.08;
16:34:08.497378;19:34:07.876038;6138.70;6139.50;12389.70;12391.30;64.88;51.45;0.071058.43;0.94;324.68;3.08;
16:34:08.796130;19:34:07.876038;6138.70;6139.50;12388.00;12389.60;234.31;220.92;0.061058.43;0.94;324.81;3.08;
16:34:08.878908;19:34:08.878908;6139.20;6140.00;12388.00;12389.60;283.63;270.26;0.121058.46;0.94;324.81;3.08;
16:34:09.097784;19:34:08.878908;6139.20;6140.00;12388.10;12389.70;272.97;259.64;0.141058.46;0.94;324.78;3.08;
16:34:09.399975;19:34:08.878908;6139.20;6140.00;12387.60;12389.20;322.20;308.90;0.131058.46;0.94;324.85;3.08;
16:34:09.705163;19:34:08.878908;6139.20;6140.00;12387.70;12389.30;311.46;298.19;0.141058.46;0.94;324.86;3.08;
16:34:09.884680;19:34:09.883684;6138.20;6139.00;12387.70;12389.30;210.95;197.71;0.431058.33;0.94;324.86;3.08;
16:34:09.997381;19:34:09.883684;6138.20;6139.00;12386.70;12388.30;310.21;297.01;0.261058.33;0.94;324.82;3.08;
16:34:10.305046;19:34:09.883684;6138.20;6139.00;12387.00;12388.60;279.55;266.37;0.331058.33;0.94;321.83;3.11;
16:34:10.603970;19:34:09.883684;6138.20;6139.00;12387.30;12388.90;248.96;235.82;0.341058.33;0.94;321.93;3.11;
16:34:10.908520;19:34:09.883684;6138.20;6139.00;12387.70;12389.30;208.47;195.35;0.341058.33;0.94;322.33;3.10;
16:34:11.005260;19:34:10.992297;6138.70;6139.50;12387.70;12389.30;257.86;244.78;0.741058.24;0.94;322.33;3.10;
16:34:11.210711;19:34:10.992297;6138.70;6139.50;12387.00;12388.60;327.09;314.04;0.441058.24;0.94;321.91;3.11;
16:34:11.500936;19:34:10.992297;6138.70;6139.50;12386.70;12388.30;356.25;343.23;0.421058.24;0.94;318.81;3.14;
16:34:11.802650;19:34:10.992297;6138.70;6139.50;12387.20;12388.80;305.54;292.55;0.421058.24;0.94;318.80;3.14;
16:34:12.099861;19:34:11.982175;6138.70;6139.50;12388.60;12390.20;165.15;152.19;0.311058.39;0.94;318.80;3.14;
16:34:12.402568;19:34:11.982175;6138.70;6139.50;12386.80;12388.40;344.35;331.42;0.071058.39;0.94;318.80;3.14;
16:34:12.698777;19:34:11.982175;6138.70;6139.50;12387.00;12388.60;323.60;310.70;0.081058.39;0.94;318.81;3.14;
16:34:12.982019;19:34:12.980026;6138.20;6139.00;12387.00;12388.60;272.96;260.09;0.181058.43;0.94;318.81;3.14;
16:34:13.004962;19:34:12.980026;6138.20;6139.00;12387.10;12388.70;262.36;249.52;0.191058.43;0.94;318.84;3.14;
16:34:13.304154;19:34:12.980026;6138.20;6139.00;12388.20;12389.80;152.00;139.19;0.161058.43;0.94;317.85;3.15;
16:34:13.602267;19:34:12.980026;6138.20;6139.00;12388.10;12389.70;161.63;148.85;0.081058.43;0.94;317.82;3.15;
16:34:13.900258;19:34:12.980026;6138.20;6139.00;12389.00;12390.60;71.47;58.72;0.081058.43;0.94;317.85;3.15;
16:34:13.993522;19:34:13.991527;6138.70;6139.50;12389.00;12390.60;121.19;108.47;0.161058.53;0.94;317.85;3.15;
16:34:14.204958;19:34:13.991527;6138.70;6139.50;12388.70;12390.30;150.84;138.15;0.171058.53;0.94;316.78;3.16;
16:34:14.498175;19:34:13.991527;6138.70;6139.50;12388.00;12389.60;220.34;207.68;0.191058.53;0.94;316.84;3.16;
16:34:14.796423;19:34:13.991527;6138.70;6139.50;12386.50;12388.10;369.50;356.86;0.201058.53;0.94;316.82;3.16;
16:34:15.103555;19:34:15.080616;6138.70;6139.50;12387.70;12389.30;248.93;236.33;0.171054.94;0.95;316.89;3.16;
16:34:15.404564;19:34:15.080616;6138.70;6139.50;12388.10;12389.70;208.46;195.88;0.081054.94;0.95;316.91;3.16;
16:34:15.698287;19:34:15.080616;6138.70;6139.50;12386.70;12388.30;347.67;335.12;0.071054.94;0.95;310.86;3.22;
16:34:16.003478;19:34:15.080616;6138.70;6139.50;12387.50;12389.10;267.07;254.55;0.071054.94;0.95;310.84;3.22;
16:34:16.091238;19:34:16.089242;6138.20;6139.00;12387.50;12389.10;216.58;204.09;0.141058.22;0.94;310.84;3.22;
16:34:16.604870;19:34:16.089242;6138.20;6139.00;12388.00;12389.60;166.21;153.74;0.151058.22;0.94;313.85;3.19;
16:34:16.905066;19:34:16.089242;6138.20;6139.00;12387.50;12389.10;215.73;203.29;0.071058.22;0.94;313.88;3.19;
16:34:17.206263;19:34:17.081592;6138.20;6139.00;12386.50;12388.10;315.02;302.61;0.061058.28;0.94;313.91;3.19;
16:34:17.501470;19:34:17.081592;6138.20;6139.00;12387.10;12388.70;254.45;242.07;0.061058.28;0.94;312.88;3.20;
16:34:17.998666;19:34:17.081592;6138.20;6139.00;12388.70;12390.30;94.24;81.89;0.061058.28;0.94;314.83;3.18;
16:34:18.182206;19:34:18.181220;6138.70;6139.50;12388.70;12390.30;143.92;131.60;0.151059.42;0.94;314.83;3.18;
16:34:18.302885;19:34:18.181220;6138.70;6139.50;12390.20;12391.80;-6.06;-18.36;0.131059.42;0.94;314.85;3.18;
16:34:18.607111;19:34:18.181220;6138.70;6139.50;12390.80;12392.40;-65.92;-78.19;0.141059.42;0.94;314.88;3.18;
16:34:18.897269;19:34:18.181220;6138.70;6139.50;12391.00;12392.60;-85.73;-97.97;0.151059.42;0.94;314.84;3.18;
16:34:19.182507;19:34:19.181509;6139.70;6140.50;12391.00;12392.60;14.24;2.02;0.231058.42;0.94;314.84;3.18;
16:34:19.199461;19:34:19.181509;6139.70;6140.50;12390.30;12391.90;84.06;71.86;0.221058.42;0.94;314.76;3.18;
16:34:19.506185;19:34:19.181509;6139.70;6140.50;12391.50;12393.10;-35.86;-48.03;0.201058.42;0.94;314.90;3.18;
16:34:19.812364;19:34:19.181509;6139.70;6140.50;12392.00;12393.60;-85.68;-97.82;0.221058.42;0.94;314.93;3.18;
16:34:20.116098;19:34:19.181509;6139.70;6140.50;12392.20;12393.80;-105.45;-117.56;0.231058.42;0.94;314.92;3.18;
16:34:20.402329;19:34:20.197877;6139.70;6140.50;12391.30;12392.90;-15.41;-27.50;0.261058.59;0.94;314.80;3.18;
16:34:20.701530;19:34:20.197877;6139.70;6140.50;12393.30;12394.90;-214.95;-227.01;0.131058.59;0.94;314.84;3.18;
16:34:20.997782;19:34:20.197877;6139.70;6140.50;12391.50;12393.10;-34.87;-46.90;0.121058.59;0.94;314.79;3.18;
16:34:21.304779;19:34:21.184104;6139.70;6140.50;12391.70;12393.30;-54.75;-66.76;0.131058.36;0.94;314.72;3.18;
16:34:21.697454;19:34:21.184104;6139.70;6140.50;12389.70;12391.30;144.94;132.95;0.111058.36;0.94;315.83;3.17;
16:34:21.999407;19:34:21.184104;6139.70;6140.50;12390.00;12391.60;114.69;102.73;0.001058.36;0.94;315.63;3.17;
16:34:22.297606;19:34:22.295612;6139.70;6140.50;12389.20;12390.80;194.27;182.34;0.001059.54;0.94;315.73;3.17;
16:34:23.199768;19:34:22.990319;6139.70;6140.50;12390.00;12391.60;114.03;102.12;0.001055.38;0.95;321.74;3.11;
16:34:23.505957;19:34:22.990319;6139.70;6140.50;12389.50;12391.10;163.68;151.79;0.001055.38;0.95;321.83;3.11;
