15:00:17.250510> WebSocket connected! Start [MARGIN] @depth@100ms process...
15:00:17.281628> Lenta has started...Start SubscribeToTradeStream @trade [{accType}] process...
15:00:17.290511> WebSocket connected! Start [MARGIN] @depth@100ms process...
15:00:17.304511> WebSocket connected! Start Partial @depth10 [MARGIN] process...
15:00:17.331512> WebSocket connected! Start Partial @depth10 [MARGIN] process...
15:00:17.341513> Lenta has started...Start SubscribeToTradeStream @trade [{accType}] process...
15:00:17.609531> Binance - O6Lyrsb3[MARGIN] MARGIN Balance: 49.72114452 USDT
15:00:17.698556> WebSocket connected! Start Partial @depth10 [Future] process...
15:00:17.702542> WebSocket connected! Start @depth [Future] process...
15:00:17.703537> Lenta has started...Start SubscribeToAggTradeStream @aggTrade [future] process...
15:00:18.147562> WebSocket connected! Start Partial @depth10 [Future] process...
15:00:18.171562> WebSocket connected! Start @depth [Future] process...
15:00:18.187563> Lenta has started...Start SubscribeToAggTradeStream @aggTrade [future] process...
15:00:18.868603> BinanceFuture - O6Lyrsb3[SPOT] SPOT Balance: 0 USDT
15:00:18.909604> Binance - O6Lyrsb3[MARGIN] Balance Error: Api Error Code: -1021 Message: Timestamp for this request was 1000ms ahead of the server's time.
15:00:34.700356> [Spot]: Buy OK 1INCHUSDT at 0.4562;Gap=0.00020000;Price=0.45620000;Slippage=0.0;Execution=471.534 ms;
15:00:34.700356> Elapsted Open(Spot)[!PosSpotMarg && !PosFuture]: 476.5295ms
15:00:34.969365> Sell OK 1INCHUSDT at 0.0000;Gap=0.00020000;Price=0.4565;Slippage=0.5;Execution=266.013 ms;
15:00:34.970367> Elapsted Open(Future)[!PosSpotMarg && !PosFuture]: 268.0161ms
15:00:35.338387> [Spot]: Buy OK 1INCHUSDT at 0.4562;Gap=0.00020000;Price=0.45620000;Slippage=0.0;Execution=367.019 ms;
15:00:35.338387> Elapsted Open(Spot)[!PosSpotMarg && !PosFuture]: 367.0193ms
15:00:35.583402> Sell OK 1INCHUSDT at 0.0000;Gap=0.00020000;Price=0.4565;Slippage=0.5;Execution=244.014 ms;
15:00:35.583402> Elapsted Open(Future)[!PosSpotMarg && !PosFuture]: 244.0143ms
15:00:36.005425> [Spot]: Buy OK 1INCHUSDT at 0.4562;Gap=0.00020000;Price=0.45620000;Slippage=0.0;Execution=420.011 ms;
15:00:36.005425> Elapsted Open(Spot)[!PosSpotMarg && !PosFuture]: 420.011ms
15:00:36.246440> Sell OK 1INCHUSDT at 0.0000;Gap=0.00020000;Price=0.4565;Slippage=0.5;Execution=241.015 ms;
15:00:36.247439> Elapsted Open(Future)[!PosSpotMarg && !PosFuture]: 242.014ms
15:45:33.227390> Buy OK 1INCHUSDT at 0.0000;Gap=0;Price=0.4539;Slippage=0.5;Execution=263.016 ms;
16:05:39.037553> Elapsted Close(Future)[Cleaning Trade]: 1206073.1794ms
16:05:39.221558> Unable to read data from the transport connection: An existing connection was forcibly closed by the remote host.
16:05:39.277562> Unable to read data from the transport connection: An existing connection was forcibly closed by the remote host.
16:05:39.471573> Error (on Error) SubscribeToTradeStreamAsync()[MARGIN]:
Unable to read data from the transport connection: An established connection was aborted by the software in your host machine.
16:05:39.682584> Error (on Error) GetQuotesBTCUSDT()[Quote]:
Unable to read data from the transport connection: An existing connection was forcibly closed by the remote host.
16:05:39.812598> WebSocket [ConnectToDepthStream()] [future] error: Unable to read data from the transport connection: An existing connection was forcibly closed by the remote host.
16:05:40.109608> Error (on Error) GetQuotesBTCUSDT()[Quote]:
Unable to read data from the transport connection: An existing connection was forcibly closed by the remote host.
16:05:40.792649> Error (on Error) ConnectToDepthStream()[MARGIN]:
Unable to read data from the transport connection: An existing connection was forcibly closed by the remote host.
16:05:40.793648> WebSocket [ConnectToDepthStream()] [Closed] [MARGIN] and reconnect again..
16:05:41.552691> Error (on Error) ConnectToDepthStream()[MARGIN]:
Unable to read data from the transport connection: An established connection was aborted by the software in your host machine.
16:05:41.552691> WebSocket [ConnectToDepthStream()] [Closed] [MARGIN] and reconnect again..
16:05:41.996717> WebSocket connected! Start [MARGIN] @depth@100ms process...
16:05:42.635754> WebSocket connected! Start [MARGIN] @depth@100ms process...
16:05:42.749761> WebSocket [ConnectToDepthStream()] [Closed] [future] and reconnect again..
16:05:43.297793> WebSocket [ConnectToDepthStream()] [Closed] [future] and reconnect again..
16:05:43.946833> WebSocket connected! Start @depth [Future] process...
16:05:44.593020> WebSocket connected! Start @depth [Future] process...
16:05:45.803075> Binance - O6Lyrsb3[MARGIN] Reconect to WebSocket #
16:05:45.804071> WebSocket [ConnectToDepthStream()] [Closed] [MARGIN] and reconnect again [with Task.Delay]..
16:05:46.564160> Binance - O6Lyrsb3[MARGIN] Reconect to WebSocket #
16:05:46.565161> WebSocket [ConnectToDepthStream()] [Closed] [MARGIN] and reconnect again [with Task.Delay]..
16:05:46.768171> WebSocket connected! Start [MARGIN] @depth@100ms process...
16:05:47.502073> WebSocket connected! Start [MARGIN] @depth@100ms process...
16:05:47.754088> BinanceFuture - O6Lyrsb3[SPOT] Reconect to WebSocket #
16:05:47.755086> WebSocket [ConnectToDepthStream()] [Closed] [future] and reconnect again [during Task.Delay]..
16:05:48.310119> BinanceFuture - O6Lyrsb3[SPOT] Reconect to WebSocket #
16:05:48.310119> WebSocket [ConnectToDepthStream()] [Closed] [future] and reconnect again [during Task.Delay]..
16:05:49.187526> WebSocket connected! Start @depth [Future] process...
16:05:49.621021> WebSocket connected! Start @depth [Future] process...
