14:27:22.514779> Binance - O6Lyrsb3[MARGIN] MARGIN Balance: 27.81235371 USDT
14:27:22.540779> Lenta has started...Start SubscribeToTradeStream @trade [{accType}] process...
14:27:22.573782> WebSocket connected! Start [MARGIN] @depth@100ms process...
14:27:22.587782> WebSocket connected! Start Partial @depth10 [MARGIN] process...
14:27:22.660797> WebSocket connected! Start [MARGIN] @depth@100ms process...
14:27:22.676789> Lenta has started...Start SubscribeToTradeStream @trade [{accType}] process...
14:27:22.679787> WebSocket connected! Start Partial @depth10 [MARGIN] process...
14:27:22.792796> WebSocket connected! Start Partial @depth10 [Future] process...
14:27:22.824795> Lenta has started...Start SubscribeToAggTradeStream @aggTrade [future] process...
14:27:22.825802> WebSocket connected! Start @depth [Future] process...
14:27:23.347616> Lenta has started...Start SubscribeToAggTradeStream @aggTrade [future] process...
14:27:23.446620> WebSocket connected! Start @depth [Future] process...
14:27:23.467615> WebSocket connected! Start Partial @depth10 [Future] process...
14:27:23.693627> BinanceFuture - O6Lyrsb3[SPOT] SPOT Balance: -48 USDT
14:28:57.456695> Sell OK 1INCHUSDT at 0.0000;Gap=0;Price=0.4552;Slippage=0.5;Execution=998.057 ms;
14:29:01.072804> Elapsted Close(Future)[Cleaning Trade]: 3384.4371ms
14:29:32.198417> Sell OK 1INCHUSDT at 0.0000;Gap=0;Price=0.4552;Slippage=0.5;Execution=248.016 ms;
14:29:32.199417> Elapsted Close(Future)[Cleaning Trade]: 249.0158ms
14:29:42.448178> Sell OK 1INCHUSDT at 0.0000;Gap=0;Price=0.4554;Slippage=0.5;Execution=246.849 ms;
14:29:42.448178> Elapsted Close(Future)[Cleaning Trade]: 246.8493ms
