14:20:48.758488> Binance - O6Lyrsb3[MARGIN] MARGIN Balance: 49.62835371 USDT
14:20:49.285512> WebSocket connected! Start [MARGIN] @depth@100ms process...
14:20:49.304549> Lenta has started...Start SubscribeToTradeStream @trade [{accType}] process...
14:20:49.349513> WebSocket connected! Start Partial @depth10 [MARGIN] process...
14:20:49.427515> Lenta has started...Start SubscribeToTradeStream @trade [{accType}] process...
14:20:49.430515> WebSocket connected! Start [MARGIN] @depth@100ms process...
14:20:49.452518> WebSocket connected! Start Partial @depth10 [MARGIN] process...
14:20:49.546523> WebSocket connected! Start @depth [Future] process...
14:20:49.594528> Lenta has started...Start SubscribeToAggTradeStream @aggTrade [future] process...
14:20:49.601530> WebSocket connected! Start Partial @depth10 [Future] process...
14:20:50.207278> BinanceFuture - O6Lyrsb3[SPOT] SPOT Balance: 0 USDT
14:20:50.412288> WebSocket connected! Start @depth [Future] process...
14:20:50.420289> WebSocket connected! Start Partial @depth10 [Future] process...
14:20:50.462293> Lenta has started...Start SubscribeToAggTradeStream @aggTrade [future] process...
14:21:27.085556> [Spot]: Buy OK 1INCHUSDT at 0.4545;Gap=0.00020000;Price=0.45450000;Slippage=0.0;Execution=305.006 ms;
14:21:27.087556> Elapsted Open(Spot)[!PosSpotMarg && !PosFuture]: 309.0072ms
14:21:27.344571> Sell OK 1INCHUSDT at 0.0000;Gap=0.00020000;Price=0.4548;Slippage=0.5;Execution=256.014 ms;
14:21:27.345571> Elapsted Open(Future)[!PosSpotMarg && !PosFuture]: 257.0144ms
14:21:27.618590> [Spot]: Buy OK 1INCHUSDT at 0.4545;Gap=0.00020000;Price=0.45450000;Slippage=0.0;Execution=272.019 ms;
14:21:27.619587> Elapsted Open(Spot)[!PosSpotMarg && !PosFuture]: 273.0156ms
14:21:27.881603> Sell OK 1INCHUSDT at 0.0000;Gap=0.00020000;Price=0.4548;Slippage=0.5;Execution=262.016 ms;
14:21:27.882603> Elapsted Open(Future)[!PosSpotMarg && !PosFuture]: 263.0158ms
