11:00:49.397772> Binance - O6Lyrsb3[SPOT] Balance Error: Api Error Code: -1021 Message: Timestamp for this request was 1000ms ahead of the server's time.
11:00:49.399773> Binance - O6Lyrsb3[SPOT] SPOT Balance: 0 USDT
11:00:49.657787> Lenta has started...Start SubscribeToTradeStream @trade [spot] process...
11:00:49.657787> WebSocket connected! Start [SPOT] @depth@100ms process...
11:00:49.659787> Lenta has started...Start SubscribeToTradeStream @trade [spot] process...
11:00:49.659787> WebSocket connected! Start Partial @depth10 [Future] process...
11:00:49.847813> WebSocket connected! Start @depth [Future] process...
11:00:49.857798> Lenta has started...Start SubscribeToAggTradeStream @aggTrade [future] process...
11:00:51.184473> WebSocket connected! Start Partial @depth10 [Future] process...
11:00:51.184473> WebSocket connected! Start Partial @depth10 [Future] process...
11:00:51.185474> WebSocket connected! Start [SPOT] @depth@100ms process...
11:00:51.215477> Lenta has started...Start SubscribeToAggTradeStream @aggTrade [future] process...
11:00:51.216475> WebSocket connected! Start @depth [Future] process...
11:00:51.219475> WebSocket connected! Start Partial @depth10 [Future] process...
11:00:58.554582> BinanceFuture - O6Lyrsb3[SPOT] Balance Error: Api Error Code: -1021 Message: Timestamp for this request was 1000ms ahead of the server's time.
11:01:00.625591> BinanceFuture - O6Lyrsb3[SPOT] SPOT Balance: 0 USDT
11:01:23.230540> Binance - O6Lyrsb3[SPOT] Api Error Code: -1021 Message: Timestamp for this request was 1000ms ahead of the server's time.
11:01:23.232540> Sell FAILED XRPUSDT;Gap=;Price=0.57810
11:04:04.187353> Binance - O6Lyrsb3[SPOT] Order status = NEW
11:04:04.187353> Sell FAILED XRPUSDT;Gap=;Price=0.57800
