13:20:56.327370> Binance - O6Lyrsb3[MARGIN] MARGIN Balance: 49.72973607 USDT
13:20:56.368375> WebSocket connected! Start Partial @depth10 [MARGIN] process...
13:20:56.375374> Lenta has started...Start SubscribeToTradeStream @trade [{accType}] process...
13:20:56.395376> WebSocket connected! Start [MARGIN] @depth@100ms process...
13:20:56.479377> Lenta has started...Start SubscribeToTradeStream @trade [{accType}] process...
13:20:56.531383> WebSocket connected! Start [MARGIN] @depth@100ms process...
13:20:56.567383> WebSocket connected! Start Partial @depth10 [MARGIN] process...
13:20:56.592385> WebSocket connected! Start @depth [Future] process...
13:20:56.610387> WebSocket connected! Start Partial @depth10 [Future] process...
13:20:56.651391> Lenta has started...Start SubscribeToAggTradeStream @aggTrade [future] process...
13:20:57.213421> WebSocket connected! Start @depth [Future] process...
13:20:57.226449> WebSocket connected! Start Partial @depth10 [Future] process...
13:20:57.314438> Lenta has started...Start SubscribeToAggTradeStream @aggTrade [future] process...
13:20:57.549439> BinanceFuture - O6Lyrsb3[SPOT] SPOT Balance: 0 USDT
13:21:09.046375> Binance - O6Lyrsb3[MARGIN] Api Error Code: -2010 Message: Account has insufficient balance for requested action.
13:21:09.047375> Sell FAILED 1INCHUSDT;Gap=;Price=0.45620000
13:21:09.423397> Buy OK 1INCHUSDT at 0.0000;Gap=-0.00010000;Price=0.4561;Slippage=0.5;Execution=372.020 ms;
13:21:09.423397> Elapsted Open(Future)[GapSell * -1 >= gapForOpen]: 374.0223ms
13:21:19.706887> Sell OK 1INCHUSDT at 0.0000;Gap=0;Price=0.4562;Slippage=0.5;Execution=258.016 ms;
13:21:19.707886> Elapsted Close(Future)[Cleaning Trade]: 259.0159ms
13:22:10.832488> Buy OK 1INCHUSDT at 0.4558;Gap=0.00010000;Price=0.45580000;Slippage=0.0;Execution=360.019 ms;
13:22:10.833488> Elapsted Open(Spot)[!PosSpotMarg && !PosFuture]: 361.0194ms
13:22:11.111506> Sell OK 1INCHUSDT at 0.0000;Gap=0.00010000;Price=0.4558;Slippage=0.5;Execution=277.016 ms;
13:22:11.111506> Elapsted Open(Future)[!PosSpotMarg && !PosFuture]: 278.0171ms
13:22:21.093250> Sell OK 1INCHUSDT at 0.4557;Gap=0;Price=0.45580000;Slippage=0.0;Execution=258.139 ms;
13:22:21.094242> Elapsted Close(Spot)[cleaning trade]: 259.131ms
13:22:36.831323> Buy OK 1INCHUSDT at 0.4561;Gap=0.00010000;Price=0.45600000;Slippage=0.0;Execution=279.018 ms;
13:22:36.832328> Elapsted Open(Spot)[!PosSpotMarg && !PosFuture]: 280.0233ms
13:22:37.122339> Sell OK 1INCHUSDT at 0.0000;Gap=0.00010000;Price=0.4560;Slippage=0.5;Execution=290.011 ms;
13:22:37.122339> Elapsted Open(Future)[!PosSpotMarg && !PosFuture]: 290.0113ms
13:22:47.101943> Sell OK 1INCHUSDT at 0.4556;Gap=0;Price=0.45570000;Slippage=0.0;Execution=268.461 ms;
13:22:47.102937> Elapsted Close(Spot)[cleaning trade]: 269.4544ms
13:23:02.925999> Buy OK 1INCHUSDT at 0.4556;Gap=0.00010000;Price=0.45560000;Slippage=0.0;Execution=275.204 ms;
13:23:02.925999> Elapsted Open(Spot)[!PosSpotMarg && !PosFuture]: 275.2038ms
13:23:03.191015> Sell OK 1INCHUSDT at 0.0000;Gap=0.00010000;Price=0.4557;Slippage=0.5;Execution=264.017 ms;
13:23:03.191015> Elapsted Open(Future)[!PosSpotMarg && !PosFuture]: 264.0166ms
