14:35:19.020877> Binance - O6Lyrsb3[MARGIN] MARGIN Balance: 49.61612811 USDT
14:35:19.091882> WebSocket connected! Start [MARGIN] @depth@100ms process...
14:35:19.092882> Lenta has started...Start SubscribeToTradeStream @trade [{accType}] process...
14:35:19.128882> WebSocket connected! Start Partial @depth10 [MARGIN] process...
14:35:19.157886> Lenta has started...Start SubscribeToTradeStream @trade [{accType}] process...
14:35:19.452908> WebSocket connected! Start Partial @depth10 [MARGIN] process...
14:35:19.454902> WebSocket connected! Start [MARGIN] @depth@100ms process...
14:35:19.456905> WebSocket connected! Start @depth [Future] process...
14:35:19.500906> WebSocket connected! Start Partial @depth10 [Future] process...
14:35:19.512907> Lenta has started...Start SubscribeToAggTradeStream @aggTrade [future] process...
14:35:19.941928> Lenta has started...Start SubscribeToAggTradeStream @aggTrade [future] process...
14:35:20.003935> WebSocket connected! Start Partial @depth10 [Future] process...
14:35:20.015934> WebSocket connected! Start @depth [Future] process...
14:35:20.363956> BinanceFuture - O6Lyrsb3[SPOT] SPOT Balance: 0 USDT
14:35:32.828677> [Spot]: Buy OK 1INCHUSDT at 0.4535;Gap=0.00020000;Price=0.45350000;Slippage=0.0;Execution=291.468 ms;
14:35:32.829666> Elapsted Open(Spot)[!PosSpotMarg && !PosFuture]: 295.4641ms
14:35:33.153684> Sell OK 1INCHUSDT at 0.0000;Gap=0.00020000;Price=0.4538;Slippage=0.5;Execution=321.016 ms;
14:35:33.153684> Elapsted Open(Future)[!PosSpotMarg && !PosFuture]: 324.0179ms
14:35:33.444708> [Spot]: Buy OK 1INCHUSDT at 0.4535;Gap=0.00020000;Price=0.45350000;Slippage=0.0;Execution=285.024 ms;
14:35:33.445705> Elapsted Open(Spot)[!PosSpotMarg && !PosFuture]: 286.0212ms
14:35:33.775720> Sell OK 1INCHUSDT at 0.0000;Gap=0.00020000;Price=0.4538;Slippage=0.5;Execution=329.021 ms;
14:35:33.776725> Elapsted Open(Future)[!PosSpotMarg && !PosFuture]: 330.0252ms
14:35:34.040734> [Spot]: Buy OK 1INCHUSDT at 0.4535;Gap=0.00020000;Price=0.45350000;Slippage=0.0;Execution=262.012 ms;
14:35:34.041735> Elapsted Open(Spot)[!PosSpotMarg && !PosFuture]: 263.0138ms
14:35:34.289748> Sell OK 1INCHUSDT at 0.0000;Gap=0.00020000;Price=0.4538;Slippage=0.5;Execution=248.013 ms;
14:35:34.290750> Elapsted Open(Future)[!PosSpotMarg && !PosFuture]: 249.0154ms
14:40:18.878563> Sell OK 1INCHUSDT at 0.0000;Gap=0;Price=0.4564;Slippage=0.5;Execution=242.020 ms;
