GapBuy;GapSell;FastCoef;Position;AvBid;AvAsk;Spread;SpreadK;MinLev;MinLevClose;FixTp;FixSl;TrailSl;FastSpread;dTFast;tpsFast;dTSlow;tpsSlow;
0.00;0.00;1.00;none;-140.00;-550.00;330.00;1.00;760.00;250.00;1.00;337.00;-1000.00;80.00;0.00;0.00;0.00;0.00;
-5.00;-10.00;1.00;none;-150.00;-555.00;330.00;1.00;760.00;250.00;1.00;337.00;-1000.00;70.00;1500.34;0.67;0.00;0.00;
16.67;13.33;1.00;none;-143.33;-546.67;330.00;1.00;760.00;250.00;1.00;337.00;-1000.00;70.00;1500.34;0.67;488.36;2.05;
-10.00;-5.00;1.00;none;-145.00;-550.00;330.00;1.00;760.00;250.00;1.00;337.00;-1000.00;80.00;1247.19;0.80;488.36;2.05;
-32.00;-28.00;1.00;none;-152.00;-558.00;330.00;1.00;760.00;250.00;1.00;337.00;-1000.00;80.00;1247.19;0.80;1495.78;0.67;
-1.67;-6.67;1.00;none;-153.33;-558.33;330.00;1.00;760.00;250.00;1.00;337.00;-1000.00;70.00;1531.57;0.65;1495.78;0.67;
-35.71;-31.43;1.00;none;-158.57;-564.29;330.00;1.00;760.00;250.00;1.00;337.00;-1000.00;80.00;1539.58;0.65;1495.78;0.67;
-5.00;-1.25;1.00;none;-158.75;-565.00;330.00;1.00;760.00;250.00;1.00;337.00;-1000.00;80.00;1539.58;0.65;2099.77;0.48;
-13.33;-10.00;1.00;none;-160.00;-566.67;330.00;1.00;760.00;250.00;1.00;337.00;-1000.00;80.00;2483.29;0.40;2099.77;0.48;
6.00;9.00;1.00;none;-159.00;-566.00;330.00;1.00;760.00;250.00;1.00;337.00;-1000.00;80.00;2483.29;0.40;3497.45;0.29;
32.73;35.45;0.79;none;-155.45;-562.73;330.00;1.00;760.00;250.00;1.00;337.00;-1000.00;80.00;2483.29;0.40;2878.97;0.35;
2.50;5.00;0.89;none;-155.00;-562.50;330.00;1.00;760.00;250.00;1.00;337.00;-1000.00;80.00;2273.16;0.44;2878.97;0.35;
-6.92;-4.62;1.23;none;-155.38;-563.08;330.00;1.00;760.00;250.00;1.00;337.00;-1000.00;80.00;2112.66;0.47;2878.97;0.35;
2.86;5.00;1.09;none;-155.00;-562.86;330.00;1.00;760.00;250.00;1.00;337.00;-1000.00;80.00;1999.73;0.50;2878.97;0.35;
-44.00;-42.00;0.92;none;-158.00;-566.00;330.00;1.00;760.00;250.00;1.00;337.00;-1000.00;80.00;1999.73;0.50;3049.02;0.33;
5.63;7.50;1.12;none;-157.50;-565.63;330.00;1.00;760.00;250.00;1.00;337.00;-1000.00;80.00;1999.99;0.50;3049.02;0.33;
24.12;25.88;0.73;none;-155.88;-564.12;330.00;1.00;760.00;250.00;1.00;337.00;-1000.00;80.00;1999.99;0.50;3170.57;0.32;
3.89;-3.89;1.13;none;-156.11;-563.89;330.00;1.00;760.00;250.00;1.00;337.00;-1000.00;70.00;2191.55;0.46;3170.57;0.32;
22.63;24.74;1.25;none;-154.74;-562.63;330.00;1.00;760.00;250.00;1.00;337.00;-1000.00;80.00;2266.91;0.44;3170.57;0.32;
2.50;4.50;1.25;none;-154.50;-562.50;330.00;1.00;760.00;250.00;1.00;337.00;-1000.00;80.00;2266.91;0.44;3236.27;0.31;
50.00;51.90;1.07;none;-151.90;-560.00;330.00;1.00;760.00;250.00;1.00;337.00;-1000.00;80.00;2266.91;0.44;3054.54;0.33;
-9.55;-7.73;1.29;none;-152.27;-560.45;330.00;1.00;760.00;250.00;1.00;337.00;-1000.00;80.00;2254.22;0.44;3054.54;0.33;
10.00;11.74;1.06;none;-151.74;-560.00;330.00;1.00;760.00;250.00;1.00;337.00;-1000.00;80.00;2254.22;0.44;2828.82;0.35;
0.00;-7.92;1.09;none;-152.08;-560.00;330.00;1.00;760.00;250.00;1.00;337.00;-1000.00;70.00;2164.59;0.46;2828.82;0.35;
9.60;-7.60;1.64;none;-152.40;-559.60;330.00;1.00;760.00;250.00;1.00;337.00;-1000.00;60.00;2086.89;0.48;2828.82;0.35;
-38.85;-55.38;0.81;none;-154.62;-561.15;330.00;1.00;760.00;250.00;1.00;337.00;-1000.00;60.00;2086.89;0.48;2772.25;0.36;
-18.15;-14.81;1.14;none;-155.19;-561.85;330.00;1.00;760.00;250.00;1.00;337.00;-1000.00;80.00;2019.05;0.50;2772.25;0.36;
11.43;14.64;0.79;none;-154.64;-561.43;330.00;1.00;760.00;250.00;1.00;337.00;-1000.00;80.00;2019.05;0.50;2582.87;0.39;
1.38;4.48;0.71;none;-154.48;-561.38;330.00;1.00;760.00;250.00;1.00;337.00;-1000.00;80.00;1965.01;0.51;2582.87;0.39;
20.67;23.67;0.71;none;-153.67;-560.67;330.00;1.00;760.00;250.00;1.00;337.00;-1000.00;80.00;1965.01;0.51;2599.45;0.38;
0.65;-6.13;1.21;none;-153.87;-560.65;330.00;1.00;760.00;250.00;1.00;337.00;-1000.00;70.00;1967.11;0.51;2599.45;0.38;
0.63;-15.63;0.75;none;-154.38;-560.63;330.00;1.00;760.00;250.00;1.00;337.00;-1000.00;60.00;1921.52;0.52;2599.45;0.38;
29.70;13.94;0.69;none;-153.94;-559.70;330.00;1.00;760.00;250.00;1.00;337.00;-1000.00;60.00;1921.52;0.52;2556.58;0.39;
-0.29;3.82;0.73;none;-153.82;-559.71;330.00;1.00;760.00;250.00;1.00;337.00;-1000.00;80.00;1875.33;0.53;2556.58;0.39;
9.43;3.71;0.73;none;-153.71;-559.43;330.00;1.00;760.00;250.00;1.00;337.00;-1000.00;70.00;1833.70;0.55;2556.58;0.39;
-0.56;-6.11;1.31;none;-153.89;-559.44;330.00;1.00;760.00;250.00;1.00;337.00;-1000.00;70.00;1891.31;0.53;2556.58;0.39;
-0.54;-15.68;0.88;none;-154.32;-559.46;320.00;1.00;750.00;250.00;1.00;327.00;-1000.00;70.00;1891.31;0.53;2692.45;0.37;
28.68;13.95;0.88;none;-153.95;-558.68;320.00;1.00;750.00;250.00;1.00;327.00;-1000.00;70.00;1891.31;0.53;2561.54;0.39;
-30.51;-35.13;1.41;none;-154.87;-559.49;320.00;1.00;750.00;250.00;1.00;327.00;-1000.00;80.00;1852.63;0.54;2561.54;0.39;
-10.25;-14.75;1.41;none;-155.25;-559.75;320.00;1.00;750.00;250.00;1.00;327.00;-1000.00;80.00;1852.63;0.54;2441.01;0.41;
-29.51;-33.90;0.90;none;-156.10;-560.49;320.00;1.00;750.00;250.00;1.00;327.00;-1000.00;80.00;1852.63;0.54;2321.58;0.43;
10.24;-3.81;1.19;none;-156.19;-560.24;320.00;1.00;750.00;250.00;1.00;327.00;-1000.00;70.00;1817.10;0.55;2321.58;0.43;
-19.30;-33.02;1.19;none;-156.98;-560.70;320.00;1.00;750.00;250.00;1.00;327.00;-1000.00;70.00;1788.45;0.56;2320.83;0.43;
30.00;16.59;0.68;none;-156.59;-560.00;320.00;1.00;750.00;250.00;1.00;327.00;-1000.00;70.00;1758.19;0.57;2229.06;0.45;
9.78;6.44;0.74;none;-156.44;-559.78;320.00;1.00;750.00;250.00;1.00;327.00;-1000.00;80.00;1730.07;0.58;2229.06;0.45;
-10.00;-13.26;0.60;none;-156.74;-560.00;320.00;1.00;750.00;250.00;1.00;327.00;-1000.00;80.00;1730.07;0.58;2204.41;0.45;
-9.79;-22.77;0.65;none;-157.23;-560.21;320.00;1.00;750.00;250.00;1.00;327.00;-1000.00;70.00;1707.64;0.59;2204.41;0.45;
10.00;-2.71;0.69;none;-157.29;-560.00;320.00;1.00;750.00;250.00;1.00;327.00;-1000.00;70.00;1707.64;0.59;2117.54;0.47;
-9.80;-22.24;0.31;none;-157.76;-560.20;320.00;1.00;750.00;250.00;1.00;327.00;-1000.00;70.00;1707.64;0.59;2060.37;0.49;
10.00;-2.20;0.47;none;-157.80;-560.00;320.00;1.00;750.00;250.00;1.00;327.00;-1000.00;70.00;1683.33;0.59;2060.37;0.49;
29.41;17.45;0.47;none;-157.45;-559.41;320.00;1.00;750.00;250.00;1.00;327.00;-1000.00;70.00;1660.51;0.60;2041.26;0.49;
58.27;56.35;0.47;none;-156.35;-558.27;320.00;1.00;750.00;250.00;1.00;327.00;-1000.00;80.00;1639.18;0.61;2041.26;0.49;
37.55;35.66;0.50;none;-155.66;-557.55;320.00;1.00;750.00;250.00;1.00;327.00;-1000.00;80.00;1639.18;0.61;1983.39;0.50;
7.41;5.56;0.58;none;-155.56;-557.41;320.00;1.00;750.00;250.00;1.00;327.00;-1000.00;80.00;1639.18;0.61;1918.72;0.52;
7.27;-4.36;0.50;none;-155.64;-557.27;320.00;1.00;750.00;250.00;1.00;327.00;-1000.00;70.00;1622.35;0.62;1918.72;0.52;
-2.68;-4.29;0.64;none;-155.71;-557.32;320.00;1.00;750.00;250.00;1.00;327.00;-1000.00;80.00;1603.47;0.62;1918.72;0.52;
-22.28;-33.68;0.82;none;-156.32;-557.72;320.00;1.00;750.00;250.00;1.00;327.00;-1000.00;70.00;1585.74;0.63;1918.72;0.52;
7.59;-3.62;0.75;none;-156.38;-557.59;320.00;1.00;750.00;250.00;1.00;327.00;-1000.00;70.00;1546.23;0.65;1951.54;0.51;
-12.20;-23.22;1.10;none;-156.78;-557.80;320.00;1.00;750.00;250.00;1.00;327.00;-1000.00;70.00;1514.07;0.66;1951.54;0.51;
7.67;-3.17;0.75;none;-156.83;-557.67;320.00;1.00;750.00;250.00;1.00;327.00;-1000.00;70.00;1514.07;0.66;1956.80;0.51;
56.72;46.07;0.60;none;-156.07;-556.72;320.00;1.00;750.00;250.00;1.00;327.00;-1000.00;70.00;1514.07;0.66;1940.75;0.52;
85.32;74.84;0.31;none;-154.84;-555.32;320.00;1.00;750.00;250.00;1.00;327.00;-1000.00;70.00;1514.07;0.66;1886.03;0.53;
5.24;-5.08;0.84;none;-154.92;-555.24;320.00;1.00;750.00;250.00;1.00;327.00;-1000.00;70.00;1527.01;0.65;1886.03;0.53;
-4.69;-5.00;1.00;none;-155.00;-555.31;330.00;1.00;760.00;250.00;1.00;337.00;-1000.00;70.00;1527.01;0.65;1851.28;0.54;
24.92;24.62;0.79;none;-154.62;-554.92;330.00;1.00;760.00;250.00;1.00;337.00;-1000.00;70.00;1527.01;0.65;1802.66;0.55;
-24.70;-25.00;1.06;none;-155.00;-555.30;330.00;1.00;760.00;250.00;1.00;337.00;-1000.00;70.00;1516.08;0.66;1802.66;0.55;
-4.63;-4.93;0.81;none;-155.07;-555.37;330.00;1.00;760.00;250.00;1.00;337.00;-1000.00;70.00;1516.08;0.66;1757.22;0.57;
-24.26;-24.56;0.86;none;-155.44;-555.74;330.00;1.00;760.00;250.00;1.00;337.00;-1000.00;70.00;1516.08;0.66;1725.87;0.58;
-4.20;5.36;0.89;none;-155.36;-555.80;330.00;1.00;760.00;250.00;1.00;337.00;-1000.00;80.00;1502.95;0.67;1725.87;0.58;
-14.00;-4.57;1.06;none;-155.43;-556.00;330.00;1.00;760.00;250.00;1.00;337.00;-1000.00;80.00;1490.77;0.67;1725.87;0.58;
15.77;15.21;1.27;none;-155.21;-555.77;320.00;1.00;750.00;250.00;1.00;327.00;-1000.00;80.00;1490.77;0.67;1725.13;0.58;
5.69;-4.72;1.80;none;-155.28;-555.69;320.00;1.00;750.00;250.00;1.00;327.00;-1000.00;70.00;1479.10;0.68;1725.13;0.58;
-43.70;-53.97;0.67;none;-156.03;-556.30;320.00;1.00;750.00;250.00;1.00;327.00;-1000.00;70.00;1441.73;0.69;1816.52;0.55;
-23.38;-33.51;0.61;none;-156.49;-556.62;320.00;1.00;750.00;250.00;1.00;327.00;-1000.00;70.00;1441.73;0.69;1780.75;0.56;
-3.33;-13.33;0.89;none;-156.67;-556.67;320.00;1.00;750.00;250.00;1.00;327.00;-1000.00;70.00;1432.35;0.70;1780.75;0.56;
26.32;16.45;0.42;none;-156.45;-556.32;320.00;1.00;750.00;250.00;1.00;327.00;-1000.00;70.00;1432.35;0.70;1746.86;0.57;
45.71;35.97;0.42;none;-155.97;-555.71;320.00;1.00;750.00;250.00;1.00;327.00;-1000.00;70.00;1432.35;0.70;1710.12;0.58;
25.38;-3.97;0.69;none;-156.03;-555.38;320.00;1.00;750.00;250.00;1.00;327.00;-1000.00;50.00;1423.35;0.70;1710.12;0.58;
5.32;-23.67;0.45;none;-156.33;-555.32;320.00;1.00;750.00;250.00;1.00;327.00;-1000.00;50.00;1423.35;0.70;1674.64;0.60;
5.25;-3.63;0.45;none;-156.38;-555.25;320.00;1.00;750.00;250.00;1.00;327.00;-1000.00;70.00;1414.78;0.71;1674.64;0.60;
-24.44;-33.21;0.44;none;-156.79;-555.56;320.00;1.00;750.00;250.00;1.00;327.00;-1000.00;70.00;1408.46;0.71;1699.75;0.59;
5.49;-3.17;0.30;none;-156.83;-555.49;320.00;1.00;750.00;250.00;1.00;327.00;-1000.00;70.00;1400.43;0.71;1673.69;0.60;
15.30;-3.13;0.43;none;-156.87;-555.30;320.00;1.00;750.00;250.00;1.00;327.00;-1000.00;60.00;1392.84;0.72;1673.69;0.60;
15.12;6.79;0.54;none;-156.79;-555.12;320.00;1.00;750.00;250.00;1.00;327.00;-1000.00;70.00;1392.84;0.72;1673.69;0.60;
-14.71;-22.94;0.31;none;-157.06;-555.29;320.00;1.00;750.00;250.00;1.00;327.00;-1000.00;70.00;1392.84;0.72;1653.18;0.60;
15.12;6.98;0.31;none;-156.98;-555.12;320.00;1.00;750.00;250.00;1.00;327.00;-1000.00;70.00;1392.84;0.72;1631.39;0.61;
5.06;-2.99;0.43;none;-157.01;-555.06;320.00;1.00;750.00;250.00;1.00;327.00;-1000.00;70.00;1385.25;0.72;1631.39;0.61;
14.89;-2.95;0.25;none;-157.05;-554.89;320.00;1.00;750.00;250.00;1.00;327.00;-1000.00;60.00;1373.32;0.73;1631.39;0.61;
4.83;-12.81;0.38;none;-157.19;-554.83;320.00;1.00;750.00;250.00;1.00;327.00;-1000.00;60.00;1386.04;0.72;1631.39;0.61;
-15.00;-32.44;0.46;none;-157.56;-555.00;320.00;1.00;750.00;250.00;1.00;327.00;-1000.00;60.00;1379.19;0.73;1631.39;0.61;
4.95;-12.31;0.50;none;-157.69;-554.95;320.00;1.00;750.00;250.00;1.00;327.00;-1000.00;60.00;1379.19;0.73;1719.64;0.58;
-5.00;-22.07;0.81;none;-157.93;-555.00;320.00;1.00;750.00;250.00;1.00;327.00;-1000.00;60.00;1372.65;0.73;1719.64;0.58;
-4.95;-11.94;0.81;none;-158.06;-555.05;320.00;1.00;750.00;250.00;1.00;327.00;-1000.00;70.00;1366.35;0.73;1719.64;0.58;
-24.68;-31.60;0.60;none;-158.40;-555.32;320.00;1.00;750.00;250.00;1.00;327.00;-1000.00;70.00;1366.35;0.73;1736.59;0.58;
5.26;-11.47;1.21;none;-158.53;-555.26;320.00;1.00;750.00;250.00;1.00;327.00;-1000.00;60.00;1361.90;0.73;1736.59;0.58;
25.00;8.44;1.42;none;-158.44;-555.00;320.00;1.00;750.00;250.00;1.00;327.00;-1000.00;60.00;1361.90;0.73;1718.87;0.58;
-4.95;-11.44;1.67;none;-158.56;-555.05;320.00;1.00;750.00;250.00;1.00;327.00;-1000.00;70.00;1355.99;0.74;1718.87;0.58;
5.00;-1.43;1.75;none;-158.57;-555.00;320.00;1.00;750.00;250.00;1.00;327.00;-1000.00;70.00;1350.25;0.74;1718.87;0.58;
-4.95;-1.41;1.67;none;-158.59;-555.05;320.00;1.00;750.00;250.00;1.00;327.00;-1000.00;80.00;1346.29;0.74;1718.87;0.58;
5.00;-1.40;1.42;none;-158.60;-555.00;320.00;1.00;750.00;250.00;1.00;327.00;-1000.00;70.00;1340.88;0.75;1718.87;0.58;
-4.95;-11.29;2.38;none;-158.71;-555.05;320.00;1.00;750.00;250.00;1.00;327.00;-1000.00;70.00;1335.63;0.75;1718.87;0.58;
-24.71;-30.98;2.63;none;-159.02;-555.29;320.00;1.00;750.00;250.00;1.00;327.00;-1000.00;70.00;1330.70;0.75;1718.87;0.58;
25.05;18.83;1.11;none;-158.83;-555.05;320.00;1.00;750.00;250.00;1.00;327.00;-1000.00;70.00;1330.70;0.75;1807.93;0.55;
-14.81;-20.96;2.00;none;-159.04;-555.19;320.00;1.00;750.00;250.00;1.00;327.00;-1000.00;70.00;1327.20;0.75;1807.93;0.55;
15.05;8.95;1.15;none;-158.95;-555.05;320.00;1.00;750.00;250.00;1.00;327.00;-1000.00;70.00;1327.20;0.75;1813.96;0.55;
5.00;-1.04;1.56;none;-158.96;-555.00;320.00;1.00;750.00;250.00;1.00;327.00;-1000.00;70.00;1337.06;0.75;1813.96;0.55;
-24.77;-30.75;0.91;none;-159.25;-555.23;320.00;1.00;750.00;250.00;1.00;327.00;-1000.00;70.00;1337.06;0.75;1849.55;0.54;
-54.26;-60.19;1.09;none;-159.81;-555.74;320.00;1.00;750.00;250.00;1.00;327.00;-1000.00;70.00;1362.66;0.73;1849.55;0.54;
-4.22;-10.09;0.72;none;-159.91;-555.78;320.00;1.00;750.00;250.00;1.00;327.00;-1000.00;70.00;1362.66;0.73;1819.23;0.55;
-24.00;-29.82;0.61;none;-160.18;-556.00;320.00;1.00;750.00;250.00;1.00;327.00;-1000.00;70.00;1362.66;0.73;1793.89;0.56;
15.86;10.09;0.78;none;-160.09;-555.86;320.00;1.00;750.00;250.00;1.00;327.00;-1000.00;70.00;1357.43;0.74;1793.89;0.56;
-14.02;-19.73;0.57;none;-160.27;-555.98;320.00;1.00;750.00;250.00;1.00;327.00;-1000.00;70.00;1357.43;0.74;1767.79;0.57;
-13.89;-9.65;0.78;none;-160.35;-556.11;320.00;1.00;750.00;250.00;1.00;327.00;-1000.00;80.00;1352.44;0.74;1767.79;0.57;
-13.77;-19.47;0.56;none;-160.53;-556.23;320.00;1.00;750.00;250.00;1.00;327.00;-1000.00;70.00;1348.92;0.74;1767.79;0.57;
-23.57;-29.22;0.77;none;-160.78;-556.43;320.00;1.00;750.00;250.00;1.00;327.00;-1000.00;70.00;1344.16;0.74;1767.79;0.57;
6.38;0.78;0.56;none;-160.78;-556.38;320.00;1.00;750.00;250.00;1.00;327.00;-1000.00;70.00;1344.16;0.74;1794.13;0.56;
6.32;-9.15;0.73;none;-160.85;-556.32;320.00;1.00;750.00;250.00;1.00;327.00;-1000.00;60.00;1336.42;0.75;1794.13;0.56;
-23.47;-28.90;0.69;none;-161.10;-556.53;320.00;1.00;750.00;250.00;1.00;327.00;-1000.00;70.00;1331.88;0.75;1794.13;0.56;
-3.45;-8.82;0.90;none;-161.18;-556.55;320.00;1.00;750.00;250.00;1.00;327.00;-1000.00;70.00;1331.88;0.75;1819.68;0.55;
-13.33;-18.67;1.25;none;-161.33;-556.67;320.00;1.00;750.00;250.00;1.00;327.00;-1000.00;70.00;1340.70;0.75;1819.68;0.55;
16.53;11.24;0.55;none;-161.24;-556.53;320.00;1.00;750.00;250.00;1.00;327.00;-1000.00;70.00;1340.70;0.75;1828.27;0.55;
6.48;1.23;0.88;none;-161.23;-556.48;320.00;1.00;750.00;250.00;1.00;327.00;-1000.00;70.00;1337.49;0.75;1828.27;0.55;
26.26;21.06;0.65;none;-161.06;-556.26;320.00;1.00;750.00;250.00;1.00;327.00;-1000.00;70.00;1337.49;0.75;1811.91;0.55;
-3.71;-8.87;0.90;none;-161.13;-556.29;320.00;1.00;750.00;250.00;1.00;327.00;-1000.00;70.00;1333.22;0.75;1811.91;0.55;
26.08;20.96;1.10;none;-160.96;-556.08;320.00;1.00;750.00;250.00;1.00;327.00;-1000.00;70.00;1329.07;0.75;1811.91;0.55;
6.03;0.95;1.22;none;-160.95;-556.03;320.00;1.00;750.00;250.00;1.00;327.00;-1000.00;70.00;1329.07;0.75;1809.96;0.55;
5.98;-8.98;1.22;none;-161.02;-555.98;320.00;1.00;750.00;250.00;1.00;327.00;-1000.00;60.00;1326.25;0.75;1809.96;0.55;
25.78;10.94;0.77;none;-160.94;-555.78;320.00;1.00;750.00;250.00;1.00;327.00;-1000.00;60.00;1326.25;0.75;1806.35;0.55;
-4.19;-8.99;1.22;none;-161.01;-555.81;320.00;1.00;750.00;250.00;1.00;327.00;-1000.00;70.00;1322.27;0.76;1806.35;0.55;
25.62;20.85;0.83;none;-160.85;-555.62;320.00;1.00;750.00;250.00;1.00;327.00;-1000.00;70.00;1322.27;0.76;1799.69;0.56;
5.57;0.84;1.33;none;-160.84;-555.57;320.00;1.00;750.00;250.00;1.00;327.00;-1000.00;70.00;1318.41;0.76;1799.69;0.56;
5.53;-9.09;1.28;none;-160.91;-555.53;320.00;1.00;750.00;250.00;1.00;327.00;-1000.00;60.00;1314.61;0.76;1799.69;0.56;
25.34;10.83;1.28;none;-160.83;-555.34;320.00;1.00;750.00;250.00;1.00;327.00;-1000.00;60.00;1314.61;0.76;1796.38;0.56;
25.15;-9.10;0.85;none;-160.90;-555.15;300.00;1.00;730.00;250.00;1.00;307.00;-1000.00;60.00;1314.61;0.76;1774.07;0.56;
5.11;-9.04;0.50;none;-160.96;-555.11;320.00;1.00;750.00;250.00;1.00;327.00;-1000.00;60.00;1314.61;0.76;1774.07;0.56;
5.07;-18.90;0.67;none;-161.10;-555.07;320.00;1.00;750.00;250.00;1.00;327.00;-1000.00;50.00;1320.15;0.76;1774.07;0.56;
24.89;1.09;0.50;none;-161.09;-554.89;320.00;1.00;750.00;250.00;1.00;327.00;-1000.00;50.00;1320.15;0.76;1788.59;0.56;
4.86;-18.77;0.50;none;-161.23;-554.86;320.00;1.00;750.00;250.00;1.00;327.00;-1000.00;50.00;1312.02;0.76;1766.86;0.57;
4.82;-8.71;0.32;none;-161.29;-554.82;320.00;1.00;750.00;250.00;1.00;327.00;-1000.00;60.00;1301.48;0.77;1766.86;0.57;
34.57;31.07;0.88;none;-161.07;-554.57;320.00;1.00;750.00;250.00;1.00;327.00;-1000.00;70.00;1356.54;0.74;1766.86;0.57;
4.54;1.06;0.45;none;-161.06;-554.54;320.00;1.00;750.00;250.00;1.00;327.00;-1000.00;70.00;1356.54;0.74;1838.15;0.54;
-5.42;-8.87;0.50;none;-161.13;-554.58;320.00;1.00;750.00;250.00;1.00;327.00;-1000.00;70.00;1352.59;0.74;1838.15;0.54;
-25.24;-28.67;0.50;none;-161.33;-554.76;320.00;1.00;750.00;250.00;1.00;327.00;-1000.00;70.00;1352.59;0.74;1863.34;0.54;
4.72;1.32;0.85;none;-161.32;-554.72;320.00;1.00;750.00;250.00;1.00;327.00;-1000.00;70.00;1371.80;0.73;1863.34;0.54;
-25.10;-28.48;0.71;none;-161.52;-554.90;320.00;1.00;750.00;250.00;1.00;327.00;-1000.00;70.00;1371.80;0.73;1863.94;0.54;
-15.00;-18.36;0.75;none;-161.64;-555.00;320.00;1.00;750.00;250.00;1.00;327.00;-1000.00;70.00;1379.74;0.72;1863.94;0.54;
-24.83;-28.16;1.00;none;-161.84;-555.17;320.00;1.00;750.00;250.00;1.00;327.00;-1000.00;70.00;1375.65;0.73;1863.94;0.54;
5.14;1.82;0.91;none;-161.82;-555.14;320.00;1.00;750.00;250.00;1.00;327.00;-1000.00;70.00;1375.65;0.73;1862.85;0.54;
-24.70;-27.99;0.68;none;-162.01;-555.30;320.00;1.00;750.00;250.00;1.00;327.00;-1000.00;70.00;1371.67;0.73;1856.16;0.54;
-14.60;-17.87;0.50;none;-162.13;-555.40;320.00;1.00;750.00;250.00;1.00;327.00;-1000.00;70.00;1368.79;0.73;1856.16;0.54;
-4.57;-7.81;0.73;none;-162.19;-555.43;320.00;1.00;750.00;250.00;1.00;327.00;-1000.00;70.00;1364.96;0.73;1856.16;0.54;
25.26;22.04;0.50;none;-162.04;-555.26;320.00;1.00;750.00;250.00;1.00;327.00;-1000.00;70.00;1364.96;0.73;1892.84;0.53;
-34.51;-27.78;1.04;none;-162.22;-555.49;320.00;1.00;750.00;250.00;1.00;327.00;-1000.00;80.00;1382.88;0.72;1892.84;0.53;
-14.42;-7.73;0.68;none;-162.27;-555.58;320.00;1.00;750.00;250.00;1.00;327.00;-1000.00;80.00;1382.88;0.72;1871.60;0.53;
5.55;2.26;1.00;none;-162.26;-555.55;320.00;1.00;750.00;250.00;1.00;327.00;-1000.00;70.00;1378.97;0.73;1871.60;0.53;
-4.42;-7.69;1.00;none;-162.31;-555.58;320.00;1.00;750.00;250.00;1.00;327.00;-1000.00;70.00;1375.16;0.73;1871.60;0.53;
25.41;22.17;0.71;none;-162.17;-555.41;320.00;1.00;750.00;250.00;1.00;327.00;-1000.00;70.00;1375.16;0.73;1880.28;0.53;
5.38;-7.78;1.14;none;-162.22;-555.38;320.00;1.00;750.00;250.00;1.00;327.00;-1000.00;60.00;1371.39;0.73;1880.28;0.53;
25.22;12.14;1.25;none;-162.14;-555.22;320.00;1.00;750.00;250.00;1.00;327.00;-1000.00;60.00;1371.39;0.73;1887.47;0.53;
-4.75;-7.81;1.40;none;-162.19;-555.25;320.00;1.00;750.00;250.00;1.00;327.00;-1000.00;70.00;1377.47;0.73;1887.47;0.53;
25.09;22.05;1.00;none;-162.05;-555.09;320.00;1.00;750.00;250.00;1.00;327.00;-1000.00;70.00;1377.47;0.73;1890.24;0.53;
5.06;2.04;1.50;none;-162.04;-555.06;320.00;1.00;750.00;250.00;1.00;327.00;-1000.00;70.00;1388.46;0.72;1890.24;0.53;
5.03;-7.91;0.90;none;-162.09;-555.03;310.00;1.00;740.00;250.00;1.00;317.00;-1000.00;70.00;1388.46;0.72;1871.77;0.53;
-14.88;-27.74;0.90;none;-162.26;-555.12;310.00;1.00;740.00;250.00;1.00;317.00;-1000.00;70.00;1387.46;0.72;1907.56;0.52;
15.03;2.24;1.05;none;-162.24;-555.03;310.00;1.00;740.00;250.00;1.00;317.00;-1000.00;70.00;1387.53;0.72;1907.56;0.52;
-14.88;-27.59;1.24;none;-162.41;-555.12;310.00;1.00;740.00;250.00;1.00;317.00;-1000.00;70.00;1325.45;0.75;1907.56;0.52;
5.09;-7.54;1.37;none;-162.46;-555.09;310.00;1.00;740.00;250.00;1.00;317.00;-1000.00;70.00;1325.45;0.75;1901.18;0.53;
5.06;-17.44;1.16;none;-162.56;-555.06;310.00;1.00;740.00;250.00;1.00;317.00;-1000.00;60.00;1325.32;0.75;1901.18;0.53;
5.03;-7.40;1.53;none;-162.60;-555.03;310.00;1.00;740.00;250.00;1.00;317.00;-1000.00;70.00;1315.47;0.76;1901.18;0.53;
24.88;12.53;1.47;none;-162.53;-554.88;310.00;1.00;740.00;250.00;1.00;317.00;-1000.00;70.00;1284.39;0.78;1901.18;0.53;
4.85;-7.43;1.69;none;-162.57;-554.85;310.00;1.00;740.00;250.00;1.00;317.00;-1000.00;70.00;1284.39;0.78;1943.30;0.51;
-15.06;-27.27;1.69;none;-162.73;-554.94;310.00;1.00;740.00;250.00;1.00;317.00;-1000.00;70.00;1264.46;0.79;1943.30;0.51;
54.62;32.54;2.92;none;-162.54;-554.62;310.00;1.00;740.00;250.00;1.00;317.00;-1000.00;60.00;1253.47;0.80;1930.08;0.52;
4.60;-17.36;1.94;none;-162.64;-554.60;310.00;1.00;740.00;250.00;1.00;317.00;-1000.00;60.00;1253.47;0.80;1917.14;0.52;
54.29;32.46;1.04;none;-162.46;-554.29;310.00;1.00;740.00;250.00;1.00;317.00;-1000.00;60.00;1253.47;0.80;1897.34;0.53;
24.15;2.44;0.68;none;-162.44;-554.15;310.00;1.00;740.00;250.00;1.00;317.00;-1000.00;60.00;1253.47;0.80;1878.97;0.53;
4.12;-17.46;0.90;none;-162.54;-554.12;310.00;1.00;740.00;250.00;1.00;317.00;-1000.00;60.00;1253.43;0.80;1878.97;0.53;
4.10;-27.30;0.90;none;-162.70;-554.10;310.00;1.00;740.00;250.00;1.00;317.00;-1000.00;50.00;1254.45;0.80;1878.97;0.53;
-15.81;-47.04;0.76;none;-162.96;-554.19;310.00;1.00;740.00;250.00;1.00;317.00;-1000.00;50.00;1254.45;0.80;1893.88;0.53;
-15.72;-26.89;0.71;none;-163.11;-554.28;310.00;1.00;740.00;250.00;1.00;317.00;-1000.00;70.00;1264.43;0.79;1893.88;0.53;
4.25;-6.85;0.71;none;-163.15;-554.25;310.00;1.00;740.00;250.00;1.00;317.00;-1000.00;70.00;1264.43;0.79;1875.95;0.53;
4.23;-16.76;0.62;none;-163.24;-554.23;310.00;1.00;740.00;250.00;1.00;317.00;-1000.00;60.00;1263.43;0.79;1875.95;0.53;
34.04;13.17;0.20;none;-163.17;-554.04;310.00;1.00;740.00;250.00;1.00;317.00;-1000.00;60.00;1263.43;0.79;1871.48;0.53;
13.97;3.15;0.37;none;-163.15;-553.97;310.00;1.00;740.00;250.00;1.00;317.00;-1000.00;70.00;1254.39;0.80;1871.48;0.53;
33.78;13.08;0.70;none;-163.08;-553.78;310.00;1.00;740.00;250.00;1.00;317.00;-1000.00;60.00;1253.39;0.80;1871.48;0.53;
3.76;-16.83;0.70;none;-163.17;-553.76;310.00;1.00;740.00;250.00;1.00;317.00;-1000.00;60.00;1253.39;0.80;1867.08;0.54;
33.58;13.10;0.38;none;-163.10;-553.58;310.00;1.00;740.00;250.00;1.00;317.00;-1000.00;60.00;1253.39;0.80;1850.22;0.54;
3.56;-6.86;0.54;none;-163.14;-553.56;310.00;1.00;740.00;250.00;1.00;317.00;-1000.00;70.00;1253.42;0.80;1850.22;0.54;
23.44;13.07;0.54;none;-163.07;-553.44;310.00;1.00;740.00;250.00;1.00;317.00;-1000.00;70.00;1253.42;0.80;1839.45;0.54;
3.42;-6.89;0.40;none;-163.11;-553.42;310.00;1.00;740.00;250.00;1.00;317.00;-1000.00;70.00;1253.42;0.80;1824.51;0.55;
-6.54;-16.81;0.54;none;-163.19;-553.46;310.00;1.00;740.00;250.00;1.00;317.00;-1000.00;70.00;1253.40;0.80;1824.51;0.55;
3.44;-6.77;0.58;none;-163.23;-553.44;310.00;1.00;740.00;250.00;1.00;317.00;-1000.00;70.00;1243.55;0.80;1824.51;0.55;
23.32;13.16;0.63;none;-163.16;-553.32;310.00;1.00;740.00;250.00;1.00;317.00;-1000.00;70.00;1243.55;0.80;1837.43;0.54;
3.30;-6.80;0.67;none;-163.20;-553.30;310.00;1.00;740.00;250.00;1.00;317.00;-1000.00;70.00;1243.52;0.80;1837.43;0.54;
-16.62;-26.67;0.46;none;-163.33;-553.38;310.00;1.00;740.00;250.00;1.00;317.00;-1000.00;70.00;1254.40;0.80;1849.38;0.54;
33.21;13.27;1.00;none;-163.27;-553.21;310.00;1.00;740.00;250.00;1.00;317.00;-1000.00;60.00;1253.43;0.80;1849.38;0.54;
3.20;-16.65;1.00;none;-163.35;-553.20;310.00;1.00;740.00;250.00;1.00;317.00;-1000.00;60.00;1253.43;0.80;1835.54;0.54;
33.03;13.28;0.61;none;-163.28;-553.03;310.00;1.00;740.00;250.00;1.00;317.00;-1000.00;60.00;1253.43;0.80;1822.41;0.55;
12.96;3.27;0.83;none;-163.27;-552.96;310.00;1.00;740.00;250.00;1.00;317.00;-1000.00;70.00;1253.39;0.80;1822.41;0.55;
2.95;3.25;1.05;none;-163.25;-552.95;310.00;1.00;740.00;250.00;1.00;317.00;-1000.00;80.00;1264.44;0.79;1822.41;0.55;
2.94;-6.72;1.00;none;-163.28;-552.94;310.00;1.00;740.00;250.00;1.00;317.00;-1000.00;70.00;1263.37;0.79;1822.41;0.55;
-46.83;-46.49;1.35;none;-163.51;-553.17;310.00;1.00;740.00;250.00;1.00;317.00;-1000.00;80.00;1264.38;0.79;1822.41;0.55;
3.15;3.50;2.31;none;-163.50;-553.15;310.00;1.00;740.00;250.00;1.00;317.00;-1000.00;80.00;1264.39;0.79;1822.41;0.55;
-16.76;-26.37;2.38;none;-163.63;-553.24;310.00;1.00;740.00;250.00;1.00;317.00;-1000.00;70.00;1273.42;0.79;1822.41;0.55;
3.22;-6.34;2.38;none;-163.66;-553.22;310.00;1.00;740.00;250.00;1.00;317.00;-1000.00;70.00;1273.42;0.79;1895.41;0.53;
33.06;23.54;1.32;none;-163.54;-553.06;310.00;1.00;740.00;250.00;1.00;317.00;-1000.00;70.00;1273.42;0.79;1893.44;0.53;
22.95;13.48;1.94;none;-163.48;-552.95;310.00;1.00;740.00;250.00;1.00;317.00;-1000.00;70.00;1284.42;0.78;1893.44;0.53;
-26.92;-36.35;1.55;none;-163.65;-553.08;310.00;1.00;740.00;250.00;1.00;317.00;-1000.00;70.00;1284.42;0.78;1882.03;0.53;
3.06;3.64;1.75;none;-163.64;-553.06;310.00;1.00;740.00;250.00;1.00;317.00;-1000.00;80.00;1284.43;0.78;1882.03;0.53;
22.95;23.52;1.42;none;-163.52;-552.95;310.00;1.00;740.00;250.00;1.00;317.00;-1000.00;80.00;1284.43;0.78;1894.71;0.53;
2.94;-6.45;1.58;none;-163.55;-552.94;310.00;1.00;740.00;250.00;1.00;317.00;-1000.00;70.00;1313.48;0.76;1894.71;0.53;
-16.98;-26.32;1.04;none;-163.68;-553.02;310.00;1.00;740.00;250.00;1.00;317.00;-1000.00;70.00;1313.48;0.76;1884.48;0.53;
3.00;3.66;0.86;none;-163.66;-553.00;310.00;1.00;740.00;250.00;1.00;317.00;-1000.00;80.00;1315.44;0.76;1884.48;0.53;
22.90;23.55;0.59;none;-163.55;-552.90;310.00;1.00;740.00;250.00;1.00;317.00;-1000.00;80.00;1315.44;0.76;1904.78;0.52;
2.88;-6.42;0.86;none;-163.58;-552.88;310.00;1.00;740.00;250.00;1.00;317.00;-1000.00;70.00;1346.41;0.74;1904.78;0.52;
-17.04;-26.30;0.92;none;-163.70;-552.96;310.00;1.00;740.00;250.00;1.00;317.00;-1000.00;70.00;1346.41;0.74;1895.68;0.53;
2.95;13.64;1.08;none;-163.64;-552.95;310.00;1.00;740.00;250.00;1.00;317.00;-1000.00;90.00;1336.34;0.75;1895.68;0.53;
2.94;3.62;1.81;none;-163.62;-552.94;310.00;1.00;740.00;250.00;1.00;317.00;-1000.00;80.00;1335.34;0.75;1895.68;0.53;
82.56;73.29;2.31;none;-163.29;-552.56;310.00;1.00;740.00;250.00;1.00;317.00;-1000.00;70.00;1335.43;0.75;1895.68;0.53;
2.55;-6.68;1.32;none;-163.32;-552.55;310.00;1.00;740.00;250.00;1.00;317.00;-1000.00;70.00;1335.43;0.75;1917.84;0.52;
-17.38;-26.56;1.00;none;-163.44;-552.62;310.00;1.00;740.00;250.00;1.00;317.00;-1000.00;70.00;1336.40;0.75;1909.81;0.52;
12.57;13.38;1.39;none;-163.38;-552.57;310.00;1.00;740.00;250.00;1.00;317.00;-1000.00;80.00;1336.41;0.75;1909.81;0.52;
-17.35;-26.50;1.46;none;-163.50;-552.65;310.00;1.00;740.00;250.00;1.00;317.00;-1000.00;70.00;1335.39;0.75;1909.81;0.52;
2.63;-6.47;1.46;none;-163.53;-552.63;310.00;1.00;740.00;250.00;1.00;317.00;-1000.00;70.00;1335.39;0.75;1890.75;0.53;
32.49;23.42;1.06;none;-163.42;-552.49;310.00;1.00;740.00;250.00;1.00;317.00;-1000.00;70.00;1335.43;0.75;1832.83;0.55;
2.48;-6.55;1.40;none;-163.45;-552.48;310.00;1.00;740.00;250.00;1.00;317.00;-1000.00;70.00;1336.50;0.75;1832.83;0.55;
22.38;13.39;1.06;none;-163.39;-552.38;310.00;1.00;740.00;250.00;1.00;317.00;-1000.00;70.00;1336.50;0.75;1839.80;0.54;
2.37;-6.58;1.15;none;-163.42;-552.37;310.00;1.00;740.00;250.00;1.00;317.00;-1000.00;70.00;1335.48;0.75;1839.80;0.54;
-17.55;-26.46;0.82;none;-163.54;-552.45;310.00;1.00;740.00;250.00;1.00;317.00;-1000.00;70.00;1335.48;0.75;1811.80;0.55;
12.39;3.52;1.17;none;-163.52;-552.39;310.00;1.00;740.00;250.00;1.00;317.00;-1000.00;70.00;1335.48;0.75;1811.80;0.55;
2.38;3.51;1.45;none;-163.51;-552.38;310.00;1.00;740.00;250.00;1.00;317.00;-1000.00;80.00;1336.44;0.75;1811.80;0.55;
12.33;3.49;1.15;none;-163.49;-552.33;310.00;1.00;740.00;250.00;1.00;317.00;-1000.00;70.00;1346.41;0.74;1811.80;0.55;
32.19;23.39;0.67;none;-163.39;-552.19;310.00;1.00;740.00;250.00;1.00;317.00;-1000.00;70.00;1346.41;0.74;1807.77;0.55;
22.09;23.29;0.85;none;-163.29;-552.09;310.00;1.00;740.00;250.00;1.00;317.00;-1000.00;80.00;1345.46;0.74;1807.77;0.55;
2.09;3.28;0.94;none;-163.28;-552.09;310.00;1.00;740.00;250.00;1.00;317.00;-1000.00;80.00;1345.46;0.74;1778.84;0.56;
21.99;23.18;0.50;none;-163.18;-551.99;310.00;1.00;740.00;250.00;1.00;317.00;-1000.00;80.00;1345.46;0.74;1765.77;0.57;
1.98;-6.79;0.89;none;-163.21;-551.98;310.00;1.00;740.00;250.00;1.00;317.00;-1000.00;70.00;1346.47;0.74;1765.77;0.57;
-17.94;-26.68;0.55;none;-163.32;-552.06;310.00;1.00;740.00;250.00;1.00;317.00;-1000.00;70.00;1346.38;0.74;1778.78;0.56;
12.01;3.31;0.64;none;-163.31;-552.01;310.00;1.00;740.00;250.00;1.00;317.00;-1000.00;70.00;1346.47;0.74;1778.78;0.56;
11.96;13.25;0.94;none;-163.25;-551.96;310.00;1.00;740.00;250.00;1.00;317.00;-1000.00;80.00;1346.48;0.74;1778.78;0.56;
51.74;53.03;1.38;none;-163.03;-551.74;310.00;1.00;740.00;250.00;1.00;317.00;-1000.00;80.00;1366.34;0.73;1778.78;0.56;
1.74;3.02;0.81;none;-163.02;-551.74;310.00;1.00;740.00;250.00;1.00;317.00;-1000.00;80.00;1366.34;0.73;1803.74;0.55;
-28.15;-26.87;0.75;none;-163.13;-551.85;310.00;1.00;740.00;250.00;1.00;317.00;-1000.00;80.00;1366.34;0.73;1815.88;0.55;
1.84;-16.80;0.86;none;-163.20;-551.84;310.00;1.00;740.00;250.00;1.00;317.00;-1000.00;60.00;1366.49;0.73;1815.88;0.55;
11.80;-6.78;1.08;none;-163.22;-551.80;310.00;1.00;740.00;250.00;1.00;317.00;-1000.00;60.00;1366.53;0.73;1815.88;0.55;
-8.17;-26.67;1.08;none;-163.33;-551.83;310.00;1.00;740.00;250.00;1.00;317.00;-1000.00;60.00;1366.53;0.73;1804.76;0.55;
11.78;-6.64;0.75;none;-163.36;-551.78;310.00;1.00;740.00;250.00;1.00;317.00;-1000.00;60.00;1366.53;0.73;1788.73;0.56;
-28.10;-36.49;1.17;none;-163.51;-551.90;310.00;1.00;740.00;250.00;1.00;317.00;-1000.00;70.00;1367.53;0.73;1788.73;0.56;
1.89;-6.47;0.73;none;-163.53;-551.89;310.00;1.00;740.00;250.00;1.00;317.00;-1000.00;70.00;1367.53;0.73;1746.77;0.57;
11.84;13.48;0.80;none;-163.48;-551.84;310.00;1.00;740.00;250.00;1.00;317.00;-1000.00;80.00;1367.53;0.73;1746.77;0.57;
31.71;33.35;0.47;none;-163.35;-551.71;310.00;1.00;740.00;250.00;1.00;317.00;-1000.00;80.00;1367.53;0.73;1752.88;0.57;
21.63;23.25;0.75;none;-163.25;-551.63;310.00;1.00;740.00;250.00;1.00;317.00;-1000.00;80.00;1366.56;0.73;1752.88;0.57;
1.62;3.24;0.82;none;-163.24;-551.62;310.00;1.00;740.00;250.00;1.00;317.00;-1000.00;80.00;1366.56;0.73;1757.68;0.57;
-48.19;-46.57;0.44;none;-163.43;-551.81;310.00;1.00;740.00;250.00;1.00;317.00;-1000.00;80.00;1366.56;0.73;1759.75;0.57;
1.80;-6.55;0.66;none;-163.45;-551.80;310.00;1.00;740.00;250.00;1.00;317.00;-1000.00;70.00;1366.53;0.73;1759.75;0.57;
1.80;3.44;0.79;none;-163.44;-551.80;310.00;1.00;740.00;250.00;1.00;317.00;-1000.00;80.00;1367.61;0.73;1759.75;0.57;
21.71;23.35;0.79;none;-163.35;-551.71;310.00;1.00;740.00;250.00;1.00;317.00;-1000.00;80.00;1367.61;0.73;1754.71;0.57;
-28.18;-36.51;0.93;none;-163.49;-551.82;310.00;1.00;740.00;250.00;1.00;317.00;-1000.00;70.00;1366.53;0.73;1754.71;0.57;
1.81;-6.49;0.93;none;-163.51;-551.81;310.00;1.00;740.00;250.00;1.00;317.00;-1000.00;70.00;1366.53;0.73;1757.82;0.57;
1.81;3.50;0.86;none;-163.50;-551.81;310.00;1.00;740.00;250.00;1.00;317.00;-1000.00;80.00;1366.53;0.73;1757.82;0.57;
11.76;13.45;1.08;none;-163.45;-551.76;310.00;1.00;740.00;250.00;1.00;317.00;-1000.00;80.00;1366.57;0.73;1757.82;0.57;
-67.98;-66.30;0.60;none;-163.70;-552.02;310.00;1.00;740.00;250.00;1.00;317.00;-1000.00;80.00;1366.57;0.73;1767.72;0.57;
2.02;-6.27;1.03;none;-163.73;-552.02;310.00;1.00;740.00;250.00;1.00;317.00;-1000.00;70.00;1367.48;0.73;1767.72;0.57;
2.01;-56.06;1.19;none;-163.94;-552.01;260.00;1.00;690.00;250.00;1.00;267.00;-1000.00;70.00;1367.48;0.73;1771.75;0.56;
-47.81;-55.85;0.78;none;-164.15;-552.19;310.00;1.00;740.00;250.00;1.00;317.00;-1000.00;70.00;1367.48;0.73;1771.75;0.56;
2.18;-15.79;1.00;none;-164.21;-552.18;310.00;1.00;740.00;250.00;1.00;317.00;-1000.00;60.00;1366.51;0.73;1771.75;0.56;
-27.72;-35.66;0.98;none;-164.34;-552.28;310.00;1.00;740.00;250.00;1.00;317.00;-1000.00;70.00;1336.48;0.75;1788.79;0.56;
2.28;-5.63;0.63;none;-164.37;-552.28;310.00;1.00;740.00;250.00;1.00;317.00;-1000.00;70.00;1336.48;0.75;1779.82;0.56;
12.23;4.35;0.76;none;-164.35;-552.23;310.00;1.00;740.00;250.00;1.00;317.00;-1000.00;70.00;1336.54;0.75;1779.82;0.56;
2.22;4.33;0.76;none;-164.33;-552.22;310.00;1.00;740.00;250.00;1.00;317.00;-1000.00;80.00;1336.49;0.75;1779.82;0.56;
12.18;4.32;0.74;none;-164.32;-552.18;310.00;1.00;740.00;250.00;1.00;317.00;-1000.00;70.00;1335.55;0.75;1779.82;0.56;
32.06;24.23;1.03;none;-164.23;-552.06;310.00;1.00;740.00;250.00;1.00;317.00;-1000.00;70.00;1335.55;0.75;1805.73;0.55;
-47.77;-55.57;1.13;none;-164.43;-552.23;310.00;1.00;740.00;250.00;1.00;317.00;-1000.00;70.00;1336.51;0.75;1805.73;0.55;
2.23;-5.55;0.97;none;-164.45;-552.23;310.00;1.00;740.00;250.00;1.00;317.00;-1000.00;70.00;1336.51;0.75;1805.81;0.55;
2.22;4.44;1.10;none;-164.44;-552.22;320.00;1.00;750.00;250.00;1.00;327.00;-1000.00;70.00;1336.51;0.75;1786.61;0.56;
-47.61;-45.40;0.61;none;-164.60;-552.39;320.00;1.00;750.00;250.00;1.00;327.00;-1000.00;70.00;1328.51;0.75;1782.70;0.56;
2.38;-5.38;0.94;none;-164.62;-552.38;320.00;1.00;750.00;250.00;1.00;327.00;-1000.00;60.00;1316.41;0.76;1782.70;0.56;
52.19;44.46;0.83;none;-164.46;-552.19;320.00;1.00;750.00;250.00;1.00;327.00;-1000.00;60.00;1316.41;0.76;1777.83;0.56;
71.94;64.23;0.69;none;-164.23;-551.94;320.00;1.00;750.00;250.00;1.00;327.00;-1000.00;60.00;1316.41;0.76;1777.86;0.56;
-8.04;-5.75;1.05;none;-164.25;-551.96;320.00;1.00;750.00;250.00;1.00;327.00;-1000.00;70.00;1315.51;0.76;1777.86;0.56;
21.89;24.16;0.89;none;-164.16;-551.89;320.00;1.00;750.00;250.00;1.00;327.00;-1000.00;70.00;1315.51;0.76;1776.78;0.56;
1.88;4.15;1.07;none;-164.15;-551.88;320.00;1.00;750.00;250.00;1.00;327.00;-1000.00;70.00;1315.50;0.76;1776.78;0.56;
1.87;-15.80;0.73;none;-164.20;-551.87;320.00;1.00;750.00;250.00;1.00;327.00;-1000.00;50.00;1315.50;0.76;1776.78;0.56;
1.87;-5.77;1.00;none;-164.23;-551.87;320.00;1.00;750.00;250.00;1.00;327.00;-1000.00;60.00;1315.50;0.76;1776.78;0.56;
21.79;14.18;0.91;none;-164.18;-551.79;320.00;1.00;750.00;250.00;1.00;327.00;-1000.00;60.00;1315.50;0.76;1808.75;0.55;
11.75;14.13;1.33;none;-164.13;-551.75;320.00;1.00;750.00;250.00;1.00;327.00;-1000.00;70.00;1315.51;0.76;1808.75;0.55;
1.74;4.11;1.04;none;-164.11;-551.74;320.00;1.00;750.00;250.00;1.00;327.00;-1000.00;70.00;1315.52;0.76;1808.75;0.55;
-8.23;4.10;1.86;none;-164.10;-551.77;320.00;1.00;750.00;250.00;1.00;327.00;-1000.00;80.00;1315.50;0.76;1808.75;0.55;
-8.20;-5.88;2.70;none;-164.12;-551.80;320.00;1.00;750.00;250.00;1.00;327.00;-1000.00;70.00;1305.53;0.77;1808.75;0.55;
-8.17;4.10;1.30;none;-164.10;-551.83;320.00;1.00;750.00;250.00;1.00;327.00;-1000.00;80.00;1305.49;0.77;1808.75;0.55;
-28.08;-15.84;1.63;none;-164.16;-551.92;320.00;1.00;750.00;250.00;1.00;327.00;-1000.00;80.00;1305.49;0.77;1867.78;0.54;
1.92;4.14;1.75;none;-164.14;-551.92;320.00;1.00;750.00;250.00;1.00;327.00;-1000.00;70.00;1320.40;0.76;1867.78;0.54;
-47.92;-45.70;0.67;none;-164.30;-552.08;320.00;1.00;750.00;250.00;1.00;327.00;-1000.00;70.00;1336.50;0.75;1886.79;0.53;
2.07;4.29;1.17;none;-164.29;-552.07;320.00;1.00;750.00;250.00;1.00;327.00;-1000.00;70.00;1284.49;0.78;1886.79;0.53;
-27.83;-25.63;1.05;none;-164.37;-552.17;320.00;1.00;750.00;250.00;1.00;327.00;-1000.00;70.00;1285.50;0.78;1890.82;0.53;
-17.77;-15.57;1.10;none;-164.43;-552.23;320.00;1.00;750.00;250.00;1.00;327.00;-1000.00;70.00;1264.53;0.79;1890.82;0.53;
-7.74;-5.56;1.10;none;-164.44;-552.26;320.00;1.00;750.00;250.00;1.00;327.00;-1000.00;70.00;1253.47;0.80;1890.82;0.53;
-7.72;4.43;1.10;none;-164.43;-552.28;320.00;1.00;750.00;250.00;1.00;327.00;-1000.00;80.00;1254.47;0.80;1890.82;0.53;
2.27;4.41;1.00;none;-164.41;-552.27;310.00;1.00;740.00;250.00;1.00;317.00;-1000.00;80.00;1254.47;0.80;1869.69;0.53;
-7.70;-5.57;1.05;none;-164.43;-552.30;310.00;1.00;740.00;250.00;1.00;317.00;-1000.00;80.00;1254.46;0.80;1869.69;0.53;
2.29;4.42;1.41;none;-164.42;-552.29;310.00;1.00;740.00;250.00;1.00;317.00;-1000.00;80.00;1253.49;0.80;1869.69;0.53;
-27.62;-25.50;0.83;none;-164.50;-552.38;310.00;1.00;740.00;250.00;1.00;317.00;-1000.00;80.00;1253.49;0.80;1894.74;0.53;
2.38;-15.45;1.77;none;-164.55;-552.38;310.00;1.00;740.00;250.00;1.00;317.00;-1000.00;60.00;1264.48;0.79;1894.74;0.53;
2.37;-5.43;1.08;none;-164.57;-552.37;310.00;1.00;740.00;250.00;1.00;317.00;-1000.00;70.00;1243.47;0.80;1894.74;0.53;
32.26;24.49;1.08;none;-164.49;-552.26;310.00;1.00;740.00;250.00;1.00;317.00;-1000.00;70.00;1243.47;0.80;1911.78;0.52;
-7.71;-5.49;1.46;none;-164.51;-552.29;310.00;1.00;740.00;250.00;1.00;317.00;-1000.00;80.00;1243.47;0.80;1911.78;0.52;
52.12;54.33;2.23;none;-164.33;-552.12;310.00;1.00;740.00;250.00;1.00;317.00;-1000.00;80.00;1254.46;0.80;1911.78;0.52;
2.11;4.32;1.22;none;-164.32;-552.11;310.00;1.00;740.00;250.00;1.00;317.00;-1000.00;80.00;1254.46;0.80;1935.87;0.52;
32.01;24.24;1.50;none;-164.24;-552.01;310.00;1.00;740.00;250.00;1.00;317.00;-1000.00;70.00;1275.49;0.78;1935.87;0.52;
2.00;-5.74;1.11;none;-164.26;-552.00;310.00;1.00;740.00;250.00;1.00;317.00;-1000.00;70.00;1275.49;0.78;1965.72;0.51;
-17.94;-25.66;0.91;none;-164.34;-552.06;310.00;1.00;740.00;250.00;1.00;317.00;-1000.00;70.00;1275.49;0.78;1944.76;0.51;
2.05;-5.64;1.27;none;-164.36;-552.05;310.00;1.00;740.00;250.00;1.00;317.00;-1000.00;70.00;1264.49;0.79;1944.76;0.51;
2.04;4.35;1.15;none;-164.35;-552.04;310.00;1.00;740.00;250.00;1.00;317.00;-1000.00;80.00;1253.49;0.80;1944.76;0.51;
-7.93;-5.64;1.19;none;-164.36;-552.07;310.00;1.00;740.00;250.00;1.00;317.00;-1000.00;80.00;1243.49;0.80;1944.76;0.51;
2.06;4.35;1.65;none;-164.35;-552.06;310.00;1.00;740.00;250.00;1.00;317.00;-1000.00;80.00;1244.47;0.80;1944.76;0.51;
-77.69;-75.41;0.72;none;-164.59;-552.31;310.00;1.00;740.00;250.00;1.00;317.00;-1000.00;80.00;1244.47;0.80;2011.78;0.50;
2.30;-5.39;0.81;none;-164.61;-552.30;310.00;1.00;740.00;250.00;1.00;317.00;-1000.00;70.00;1264.39;0.79;2011.78;0.50;
2.30;4.59;1.07;none;-164.59;-552.30;320.00;1.00;750.00;250.00;1.00;327.00;-1000.00;70.00;1264.39;0.79;2013.82;0.50;
22.23;24.51;0.77;none;-164.51;-552.23;320.00;1.00;750.00;250.00;1.00;327.00;-1000.00;70.00;1264.56;0.79;2012.75;0.50;
-17.72;-25.41;1.32;none;-164.59;-552.28;320.00;1.00;750.00;250.00;1.00;327.00;-1000.00;60.00;1264.47;0.79;2012.75;0.50;
12.24;4.58;1.22;none;-164.58;-552.24;320.00;1.00;750.00;250.00;1.00;327.00;-1000.00;60.00;1264.47;0.79;1961.79;0.51;
-37.64;-45.28;0.78;none;-164.72;-552.36;320.00;1.00;750.00;250.00;1.00;327.00;-1000.00;60.00;1264.47;0.79;1939.84;0.52;
2.35;4.71;1.00;none;-164.71;-552.35;320.00;1.00;750.00;250.00;1.00;327.00;-1000.00;70.00;1264.47;0.79;1939.84;0.52;
22.28;24.63;0.85;none;-164.63;-552.28;320.00;1.00;750.00;250.00;1.00;327.00;-1000.00;70.00;1264.47;0.79;1946.74;0.51;
-17.66;-5.35;0.98;none;-164.65;-552.34;320.00;1.00;750.00;250.00;1.00;327.00;-1000.00;80.00;1264.46;0.79;1946.74;0.51;
12.30;24.57;1.29;none;-164.57;-552.30;320.00;1.00;750.00;250.00;1.00;327.00;-1000.00;80.00;1264.46;0.79;1896.80;0.53;
-37.58;-25.35;1.13;none;-164.65;-552.42;320.00;1.00;750.00;250.00;1.00;327.00;-1000.00;80.00;1264.52;0.79;1896.80;0.53;
-17.53;-5.34;1.03;none;-164.66;-552.47;320.00;1.00;750.00;250.00;1.00;327.00;-1000.00;80.00;1264.52;0.79;1879.78;0.53;
-7.51;4.65;1.23;none;-164.65;-552.49;320.00;1.00;750.00;250.00;1.00;327.00;-1000.00;80.00;1264.47;0.79;1879.78;0.53;
-27.42;-15.30;0.82;none;-164.70;-552.58;320.00;1.00;750.00;250.00;1.00;327.00;-1000.00;80.00;1264.47;0.79;1859.94;0.54;
2.57;-5.29;1.14;none;-164.71;-552.57;320.00;1.00;750.00;250.00;1.00;327.00;-1000.00;60.00;1264.45;0.79;1859.94;0.54;
22.50;14.67;1.45;none;-164.67;-552.50;320.00;1.00;750.00;250.00;1.00;327.00;-1000.00;60.00;1264.45;0.79;1867.79;0.54;
-7.48;4.65;1.23;none;-164.65;-552.52;320.00;1.00;750.00;250.00;1.00;327.00;-1000.00;80.00;1264.52;0.79;1867.79;0.54;
-27.40;-15.30;1.23;none;-164.70;-552.60;320.00;1.00;750.00;250.00;1.00;327.00;-1000.00;80.00;1264.52;0.79;1878.91;0.53;
22.54;34.60;1.36;none;-164.60;-552.54;320.00;1.00;750.00;250.00;1.00;327.00;-1000.00;80.00;1275.51;0.78;1878.91;0.53;
-7.44;4.58;1.36;none;-164.58;-552.56;320.00;1.00;750.00;250.00;1.00;327.00;-1000.00;80.00;1275.51;0.78;1881.64;0.53;
-57.27;-45.28;1.36;none;-164.72;-552.73;320.00;1.00;750.00;250.00;1.00;327.00;-1000.00;80.00;1274.45;0.78;1881.64;0.53;
-7.25;4.70;1.07;none;-164.70;-552.75;320.00;1.00;750.00;250.00;1.00;327.00;-1000.00;80.00;1274.45;0.78;1859.92;0.54;
-17.20;-5.28;1.07;none;-164.72;-552.80;320.00;1.00;750.00;250.00;1.00;327.00;-1000.00;80.00;1264.48;0.79;1859.92;0.54;
-7.18;4.71;1.33;none;-164.71;-552.82;320.00;1.00;750.00;250.00;1.00;327.00;-1000.00;80.00;1264.48;0.79;1859.92;0.54;
-27.10;-5.28;1.29;none;-164.72;-552.90;320.00;1.00;750.00;250.00;1.00;327.00;-1000.00;90.00;1284.53;0.78;1859.92;0.54;
52.75;74.50;0.86;none;-164.50;-552.75;320.00;1.00;750.00;250.00;1.00;327.00;-1000.00;90.00;1284.53;0.78;1883.83;0.53;
2.74;4.49;1.08;none;-164.49;-552.74;320.00;1.00;750.00;250.00;1.00;327.00;-1000.00;70.00;1284.48;0.78;1883.83;0.53;
2.73;-5.49;1.18;none;-164.51;-552.73;310.00;1.00;740.00;250.00;1.00;317.00;-1000.00;70.00;1284.48;0.78;1870.85;0.53;
32.64;24.43;0.74;none;-164.43;-552.64;310.00;1.00;740.00;250.00;1.00;317.00;-1000.00;70.00;1284.48;0.78;1866.74;0.54;
-7.34;-5.55;1.09;none;-164.45;-552.66;310.00;1.00;740.00;250.00;1.00;317.00;-1000.00;80.00;1285.54;0.78;1866.74;0.54;
12.62;14.41;0.91;none;-164.41;-552.62;310.00;1.00;740.00;250.00;1.00;317.00;-1000.00;80.00;1285.52;0.78;1866.74;0.54;
2.61;4.40;1.39;none;-164.40;-552.61;310.00;1.00;740.00;250.00;1.00;317.00;-1000.00;80.00;1274.33;0.78;1866.74;0.54;
-27.31;-25.53;1.03;none;-164.47;-552.69;310.00;1.00;740.00;250.00;1.00;317.00;-1000.00;80.00;1271.34;0.79;1896.88;0.53;
2.69;-5.51;1.14;none;-164.49;-552.69;310.00;1.00;740.00;250.00;1.00;317.00;-1000.00;70.00;1274.47;0.78;1896.88;0.53;
32.59;24.42;0.86;none;-164.42;-552.59;310.00;1.00;740.00;250.00;1.00;317.00;-1000.00;70.00;1274.47;0.78;1891.81;0.53;
2.59;14.38;1.79;none;-164.38;-552.59;310.00;1.00;740.00;250.00;1.00;317.00;-1000.00;90.00;1274.44;0.78;1891.81;0.53;
-27.34;-15.58;0.88;none;-164.42;-552.66;310.00;1.00;740.00;250.00;1.00;317.00;-1000.00;90.00;1274.44;0.78;1885.73;0.53;
2.66;-5.56;1.08;none;-164.44;-552.66;310.00;1.00;740.00;250.00;1.00;317.00;-1000.00;70.00;1275.47;0.78;1885.73;0.53;
32.56;24.37;1.08;none;-164.37;-552.56;310.00;1.00;740.00;250.00;1.00;317.00;-1000.00;70.00;1265.44;0.79;1915.80;0.52;
-17.39;-25.56;1.21;none;-164.44;-552.61;310.00;1.00;740.00;250.00;1.00;317.00;-1000.00;70.00;1264.48;0.79;1915.80;0.52;
2.61;-5.55;0.89;none;-164.45;-552.61;310.00;1.00;740.00;250.00;1.00;317.00;-1000.00;70.00;1264.48;0.79;1914.69;0.52;
-27.32;-25.47;1.00;none;-164.53;-552.68;310.00;1.00;740.00;250.00;1.00;317.00;-1000.00;80.00;1264.50;0.79;1914.69;0.52;
2.67;4.51;1.00;none;-164.51;-552.67;310.00;1.00;740.00;250.00;1.00;317.00;-1000.00;80.00;1264.50;0.79;1897.83;0.53;
12.64;4.50;0.86;none;-164.50;-552.64;310.00;1.00;740.00;250.00;1.00;317.00;-1000.00;70.00;1265.46;0.79;1897.83;0.53;
-17.31;-25.43;0.86;none;-164.57;-552.69;310.00;1.00;740.00;250.00;1.00;317.00;-1000.00;70.00;1265.46;0.79;1917.82;0.52;
2.68;-5.41;0.86;none;-164.59;-552.68;310.00;1.00;740.00;250.00;1.00;317.00;-1000.00;70.00;1254.41;0.80;1917.82;0.52;
32.59;24.52;0.86;none;-164.52;-552.59;310.00;1.00;740.00;250.00;1.00;317.00;-1000.00;70.00;1233.35;0.81;1882.85;0.53;
12.55;4.51;0.86;none;-164.51;-552.55;310.00;1.00;740.00;250.00;1.00;317.00;-1000.00;70.00;1234.40;0.81;1882.85;0.53;
12.52;14.47;1.14;none;-164.47;-552.52;310.00;1.00;740.00;250.00;1.00;317.00;-1000.00;80.00;1202.39;0.83;1882.85;0.53;
-37.38;-35.44;0.47;none;-164.56;-552.62;310.00;1.00;740.00;250.00;1.00;317.00;-1000.00;80.00;1202.39;0.83;1870.79;0.53;
-17.33;-25.37;0.64;none;-164.63;-552.67;310.00;1.00;740.00;250.00;1.00;317.00;-1000.00;70.00;1202.41;0.83;1870.79;0.53;
2.66;-5.35;0.41;none;-164.65;-552.66;310.00;1.00;740.00;250.00;1.00;317.00;-1000.00;70.00;1202.41;0.83;1856.74;0.54;
2.66;4.63;0.48;none;-164.63;-552.66;320.00;1.00;750.00;250.00;1.00;327.00;-1000.00;70.00;1202.41;0.83;1847.82;0.54;
-17.30;-15.32;0.59;none;-164.68;-552.70;320.00;1.00;750.00;250.00;1.00;327.00;-1000.00;70.00;1213.46;0.82;1847.82;0.54;
2.70;4.66;0.64;none;-164.66;-552.70;320.00;1.00;750.00;250.00;1.00;327.00;-1000.00;70.00;1213.46;0.82;1845.89;0.54;
-17.26;-25.27;0.68;none;-164.73;-552.74;320.00;1.00;750.00;250.00;1.00;327.00;-1000.00;60.00;1213.40;0.82;1845.89;0.54;
12.71;4.72;0.68;none;-164.72;-552.71;320.00;1.00;750.00;250.00;1.00;327.00;-1000.00;60.00;1213.40;0.82;1813.63;0.55;
2.70;4.71;0.56;none;-164.71;-552.70;320.00;1.00;750.00;250.00;1.00;327.00;-1000.00;70.00;1212.44;0.82;1813.63;0.55;
2.69;-5.28;0.50;none;-164.72;-552.69;310.00;1.00;740.00;250.00;1.00;317.00;-1000.00;70.00;1212.44;0.82;1825.68;0.55;
2.69;-15.24;0.88;none;-164.76;-552.69;310.00;1.00;740.00;250.00;1.00;317.00;-1000.00;60.00;1223.36;0.82;1825.68;0.55;
-17.27;-35.15;0.94;none;-164.85;-552.73;310.00;1.00;740.00;250.00;1.00;317.00;-1000.00;60.00;1254.41;0.80;1825.68;0.55;
12.70;-5.13;0.83;none;-164.87;-552.70;310.00;1.00;740.00;250.00;1.00;317.00;-1000.00;60.00;1254.41;0.80;1888.77;0.53;
32.61;14.83;0.71;none;-164.83;-552.61;310.00;1.00;740.00;250.00;1.00;317.00;-1000.00;60.00;1254.41;0.80;1867.69;0.54;
22.55;-5.16;0.67;none;-164.84;-552.55;310.00;1.00;740.00;250.00;1.00;317.00;-1000.00;50.00;1254.38;0.80;1867.69;0.54;
12.52;-5.14;0.88;none;-164.86;-552.52;310.00;1.00;740.00;250.00;1.00;317.00;-1000.00;60.00;1253.43;0.80;1867.69;0.54;
2.51;-5.13;0.65;none;-164.87;-552.51;310.00;1.00;740.00;250.00;1.00;317.00;-1000.00;70.00;1244.43;0.80;1867.69;0.54;
2.51;-15.09;1.09;none;-164.91;-552.51;310.00;1.00;740.00;250.00;1.00;317.00;-1000.00;60.00;1244.40;0.80;1867.69;0.54;
-7.47;-25.03;1.18;none;-164.97;-552.53;310.00;1.00;740.00;250.00;1.00;317.00;-1000.00;60.00;1264.44;0.79;1867.69;0.54;
22.47;4.96;0.81;none;-164.96;-552.47;310.00;1.00;740.00;250.00;1.00;317.00;-1000.00;60.00;1264.44;0.79;1922.87;0.52;
-7.51;-24.97;0.55;none;-165.03;-552.49;310.00;1.00;740.00;250.00;1.00;317.00;-1000.00;60.00;1264.44;0.79;1921.69;0.52;
2.48;-14.94;0.45;none;-165.06;-552.48;310.00;1.00;740.00;250.00;1.00;317.00;-1000.00;60.00;1264.44;0.79;1921.69;0.52;
32.40;15.03;0.45;none;-165.03;-552.40;310.00;1.00;740.00;250.00;1.00;317.00;-1000.00;60.00;1264.44;0.79;1885.85;0.53;
152.01;134.68;0.24;none;-164.68;-552.01;310.00;1.00;740.00;250.00;1.00;317.00;-1000.00;60.00;1264.44;0.79;1874.76;0.53;
11.97;14.64;0.79;none;-164.64;-551.97;310.00;1.00;740.00;250.00;1.00;317.00;-1000.00;80.00;1263.43;0.79;1874.76;0.53;
-8.01;-5.35;0.70;none;-164.65;-551.99;310.00;1.00;740.00;250.00;1.00;317.00;-1000.00;80.00;1263.43;0.79;1830.78;0.55;
-37.91;-35.26;0.60;none;-164.74;-552.09;310.00;1.00;740.00;250.00;1.00;317.00;-1000.00;80.00;1263.43;0.79;1826.83;0.55;
-27.84;-25.19;0.62;none;-164.81;-552.16;310.00;1.00;740.00;250.00;1.00;317.00;-1000.00;80.00;1244.53;0.80;1826.83;0.55;
-7.82;4.80;0.53;none;-164.80;-552.18;320.00;1.00;750.00;250.00;1.00;327.00;-1000.00;80.00;1244.53;0.80;1820.82;0.55;
22.13;34.71;0.53;none;-164.71;-552.13;320.00;1.00;750.00;250.00;1.00;327.00;-1000.00;80.00;1244.53;0.80;1821.73;0.55;
12.10;4.70;0.67;none;-164.70;-552.10;320.00;1.00;750.00;250.00;1.00;327.00;-1000.00;60.00;1233.45;0.81;1821.73;0.55;
-17.86;-25.24;0.56;none;-164.76;-552.14;320.00;1.00;750.00;250.00;1.00;327.00;-1000.00;60.00;1233.45;0.81;1827.74;0.55;
12.11;4.75;0.56;none;-164.75;-552.11;320.00;1.00;750.00;250.00;1.00;327.00;-1000.00;60.00;1233.45;0.81;1803.62;0.55;
2.11;4.74;1.00;none;-164.74;-552.11;320.00;1.00;750.00;250.00;1.00;327.00;-1000.00;70.00;1244.47;0.80;1803.62;0.55;
22.05;24.68;0.33;none;-164.68;-552.05;320.00;1.00;750.00;250.00;1.00;327.00;-1000.00;70.00;1243.47;0.80;1803.62;0.55;
-7.93;-5.31;0.31;none;-164.69;-552.07;320.00;1.00;750.00;250.00;1.00;327.00;-1000.00;70.00;1243.47;0.80;1818.78;0.55;
22.01;24.63;0.31;none;-164.63;-552.01;320.00;1.00;750.00;250.00;1.00;327.00;-1000.00;70.00;1243.47;0.80;1821.79;0.55;
2.01;4.62;0.37;none;-164.62;-552.01;320.00;1.00;750.00;250.00;1.00;327.00;-1000.00;70.00;1253.49;0.80;1821.79;0.55;
-27.92;-25.32;0.36;none;-164.68;-552.08;320.00;1.00;750.00;250.00;1.00;327.00;-1000.00;70.00;1253.49;0.80;1816.96;0.55;
-17.88;-25.26;0.47;none;-164.74;-552.12;320.00;1.00;750.00;250.00;1.00;327.00;-1000.00;60.00;1254.44;0.80;1816.96;0.55;
32.04;24.68;0.25;none;-164.68;-552.04;320.00;1.00;750.00;250.00;1.00;327.00;-1000.00;60.00;1254.44;0.80;1821.88;0.55;
2.04;4.67;0.44;none;-164.67;-552.04;320.00;1.00;750.00;250.00;1.00;327.00;-1000.00;70.00;1254.48;0.80;1821.88;0.55;
-17.92;-15.29;0.47;none;-164.71;-552.08;320.00;1.00;750.00;250.00;1.00;327.00;-1000.00;70.00;1254.48;0.80;1843.87;0.54;
2.08;-5.28;0.53;none;-164.72;-552.08;320.00;1.00;750.00;250.00;1.00;327.00;-1000.00;60.00;1274.40;0.78;1843.87;0.54;
2.07;4.71;0.44;none;-164.71;-552.07;320.00;1.00;750.00;250.00;1.00;327.00;-1000.00;70.00;1274.47;0.78;1843.87;0.54;
2.07;-5.28;0.58;none;-164.72;-552.07;320.00;1.00;750.00;250.00;1.00;327.00;-1000.00;60.00;1274.44;0.78;1843.87;0.54;
-17.89;-25.22;0.95;none;-164.78;-552.11;320.00;1.00;750.00;250.00;1.00;327.00;-1000.00;60.00;1274.57;0.78;1843.87;0.54;
2.11;-5.21;0.63;none;-164.79;-552.11;320.00;1.00;750.00;250.00;1.00;327.00;-1000.00;60.00;1274.57;0.78;1905.72;0.52;
-17.85;-25.14;0.68;none;-164.86;-552.15;320.00;1.00;750.00;250.00;1.00;327.00;-1000.00;60.00;1274.57;0.78;1880.91;0.53;
2.14;-5.13;0.82;none;-164.87;-552.14;320.00;1.00;750.00;250.00;1.00;327.00;-1000.00;60.00;1274.47;0.78;1880.91;0.53;
-47.74;-55.00;0.82;none;-165.00;-552.26;320.00;1.00;750.00;250.00;1.00;327.00;-1000.00;60.00;1274.47;0.78;1859.60;0.54;
-27.67;-24.94;0.82;none;-165.06;-552.33;320.00;1.00;750.00;250.00;1.00;327.00;-1000.00;70.00;1274.46;0.78;1859.60;0.54;
-7.66;-4.93;0.82;none;-165.07;-552.34;320.00;1.00;750.00;250.00;1.00;327.00;-1000.00;70.00;1274.46;0.78;1860.82;0.54;
2.34;-4.92;0.73;none;-165.08;-552.34;320.00;1.00;750.00;250.00;1.00;327.00;-1000.00;60.00;1284.48;0.78;1860.82;0.54;
-17.62;-24.86;0.58;none;-165.14;-552.38;320.00;1.00;750.00;250.00;1.00;327.00;-1000.00;60.00;1284.48;0.78;1879.73;0.53;
2.38;-4.85;0.69;none;-165.15;-552.38;320.00;1.00;750.00;250.00;1.00;327.00;-1000.00;60.00;1285.46;0.78;1879.73;0.53;
22.32;15.12;0.47;none;-165.12;-552.32;320.00;1.00;750.00;250.00;1.00;327.00;-1000.00;60.00;1305.48;0.77;1833.91;0.55;
2.32;5.11;0.65;none;-165.11;-552.32;320.00;1.00;750.00;250.00;1.00;327.00;-1000.00;70.00;1305.49;0.77;1833.91;0.55;
-17.64;-14.86;0.65;none;-165.14;-552.36;320.00;1.00;750.00;250.00;1.00;327.00;-1000.00;70.00;1305.49;0.77;1834.74;0.55;
-47.53;-44.75;0.41;none;-165.25;-552.47;320.00;1.00;750.00;250.00;1.00;327.00;-1000.00;70.00;1305.49;0.77;1829.75;0.55;
-7.51;-4.74;0.95;none;-165.26;-552.49;320.00;1.00;750.00;250.00;1.00;327.00;-1000.00;70.00;1315.45;0.76;1829.75;0.55;
-77.33;-74.57;0.44;none;-165.43;-552.67;320.00;1.00;750.00;250.00;1.00;327.00;-1000.00;70.00;1315.45;0.76;1829.58;0.55;
2.66;-4.56;0.97;none;-165.44;-552.66;320.00;1.00;750.00;250.00;1.00;327.00;-1000.00;60.00;1343.52;0.74;1829.58;0.55;
32.59;15.41;0.81;none;-165.41;-552.59;310.00;1.00;740.00;250.00;1.00;317.00;-1000.00;60.00;1343.52;0.74;1827.73;0.55;
52.47;35.33;0.81;none;-165.33;-552.47;310.00;1.00;740.00;250.00;1.00;317.00;-1000.00;60.00;1343.52;0.74;1793.74;0.56;
2.46;-4.66;0.95;none;-165.34;-552.46;310.00;1.00;740.00;250.00;1.00;317.00;-1000.00;70.00;1346.50;0.74;1793.74;0.56;
-17.50;-24.61;0.95;none;-165.39;-552.50;310.00;1.00;740.00;250.00;1.00;317.00;-1000.00;70.00;1346.50;0.74;1801.88;0.55;
-7.48;-14.57;0.92;none;-165.43;-552.52;310.00;1.00;740.00;250.00;1.00;317.00;-1000.00;70.00;1346.58;0.74;1801.88;0.55;
2.51;-4.56;1.09;none;-165.44;-552.51;310.00;1.00;740.00;250.00;1.00;317.00;-1000.00;70.00;1346.51;0.74;1801.88;0.55;
-7.47;-4.55;1.37;none;-165.45;-552.53;310.00;1.00;740.00;250.00;1.00;317.00;-1000.00;80.00;1366.55;0.73;1801.88;0.55;
32.45;25.39;1.33;none;-165.39;-552.45;310.00;1.00;740.00;250.00;1.00;317.00;-1000.00;70.00;1366.62;0.73;1801.88;0.55;
2.45;-4.60;1.89;none;-165.40;-552.45;310.00;1.00;740.00;250.00;1.00;317.00;-1000.00;70.00;1366.62;0.73;1829.83;0.55;
-17.51;-24.54;0.91;none;-165.46;-552.49;310.00;1.00;740.00;250.00;1.00;317.00;-1000.00;70.00;1367.50;0.73;1841.91;0.54;
2.48;-4.53;1.39;none;-165.47;-552.48;310.00;1.00;740.00;250.00;1.00;317.00;-1000.00;70.00;1377.61;0.73;1841.91;0.54;
-27.45;-34.45;1.25;none;-165.55;-552.55;310.00;1.00;740.00;250.00;1.00;317.00;-1000.00;70.00;1377.61;0.73;1833.75;0.55;
-7.44;-4.44;0.64;none;-165.56;-552.56;320.00;1.00;750.00;250.00;1.00;327.00;-1000.00;70.00;1377.61;0.73;1819.75;0.55;
-7.42;5.54;0.81;none;-165.54;-552.58;320.00;1.00;750.00;250.00;1.00;327.00;-1000.00;80.00;1377.60;0.73;1819.75;0.55;
2.57;5.53;0.76;none;-165.53;-552.57;320.00;1.00;750.00;250.00;1.00;327.00;-1000.00;70.00;1377.54;0.73;1819.75;0.55;
-17.39;-14.44;0.56;none;-165.56;-552.61;320.00;1.00;750.00;250.00;1.00;327.00;-1000.00;70.00;1377.54;0.73;1828.75;0.55;
2.61;5.55;0.68;none;-165.55;-552.61;320.00;1.00;750.00;250.00;1.00;327.00;-1000.00;70.00;1366.46;0.73;1828.75;0.55;
22.56;25.49;0.34;none;-165.49;-552.56;320.00;1.00;750.00;250.00;1.00;327.00;-1000.00;70.00;1356.56;0.74;1839.76;0.54;
-17.40;-24.45;0.83;none;-165.55;-552.60;320.00;1.00;750.00;250.00;1.00;327.00;-1000.00;60.00;1357.63;0.74;1839.76;0.54;
12.57;5.54;0.76;none;-165.54;-552.57;320.00;1.00;750.00;250.00;1.00;327.00;-1000.00;60.00;1357.63;0.74;1807.78;0.55;
-7.42;-24.41;0.50;none;-165.59;-552.58;310.00;1.00;740.00;250.00;1.00;317.00;-1000.00;60.00;1357.63;0.74;1835.76;0.54;
32.51;15.56;0.96;none;-165.56;-552.51;310.00;1.00;740.00;250.00;1.00;317.00;-1000.00;60.00;1387.53;0.72;1835.76;0.54;
2.51;-14.41;0.92;none;-165.59;-552.51;310.00;1.00;740.00;250.00;1.00;317.00;-1000.00;60.00;1387.53;0.72;1837.15;0.54;
2.50;-4.40;0.92;none;-165.60;-552.50;310.00;1.00;740.00;250.00;1.00;317.00;-1000.00;70.00;1387.54;0.72;1837.15;0.54;
22.45;15.56;1.04;none;-165.56;-552.45;310.00;1.00;740.00;250.00;1.00;317.00;-1000.00;70.00;1397.55;0.72;1837.15;0.54;
2.44;-4.43;1.04;none;-165.57;-552.44;310.00;1.00;740.00;250.00;1.00;317.00;-1000.00;70.00;1397.55;0.72;1856.06;0.54;
-27.49;-34.35;0.71;none;-165.65;-552.51;310.00;1.00;740.00;250.00;1.00;317.00;-1000.00;70.00;1397.55;0.72;1815.79;0.55;
2.50;-4.34;1.04;none;-165.66;-552.50;310.00;1.00;740.00;250.00;1.00;317.00;-1000.00;70.00;1397.54;0.72;1815.79;0.55;
-77.33;-74.18;0.45;none;-165.82;-552.67;320.00;1.00;750.00;250.00;1.00;327.00;-1000.00;70.00;1397.54;0.72;1808.64;0.55;
22.62;15.79;1.06;none;-165.79;-552.62;320.00;1.00;750.00;250.00;1.00;327.00;-1000.00;60.00;1397.54;0.72;1808.64;0.55;
2.61;-4.20;1.09;none;-165.80;-552.61;320.00;1.00;750.00;250.00;1.00;327.00;-1000.00;60.00;1397.54;0.72;1798.80;0.56;
2.61;5.78;0.89;none;-165.78;-552.61;320.00;1.00;750.00;250.00;1.00;327.00;-1000.00;70.00;1387.55;0.72;1798.80;0.56;
-77.22;-74.06;1.62;none;-165.94;-552.78;320.00;1.00;750.00;250.00;1.00;327.00;-1000.00;70.00;1387.54;0.72;1798.80;0.56;
-7.21;-4.05;1.07;none;-165.95;-552.79;320.00;1.00;750.00;250.00;1.00;327.00;-1000.00;70.00;1387.54;0.72;1821.80;0.55;
22.74;25.90;0.86;none;-165.90;-552.74;320.00;1.00;750.00;250.00;1.00;327.00;-1000.00;70.00;1387.54;0.72;1823.84;0.55;
12.72;15.86;0.98;none;-165.86;-552.72;320.00;1.00;750.00;250.00;1.00;327.00;-1000.00;70.00;1376.54;0.73;1823.84;0.55;
-17.25;-14.11;0.98;none;-165.89;-552.75;320.00;1.00;750.00;250.00;1.00;327.00;-1000.00;70.00;1376.54;0.73;1819.87;0.55;
-27.19;-24.06;0.89;none;-165.94;-552.81;320.00;1.00;750.00;250.00;1.00;327.00;-1000.00;70.00;1356.52;0.74;1819.87;0.55;
2.81;5.93;1.11;none;-165.93;-552.81;320.00;1.00;750.00;250.00;1.00;327.00;-1000.00;70.00;1356.52;0.74;1817.83;0.55;
22.76;25.88;0.53;none;-165.88;-552.76;320.00;1.00;750.00;250.00;1.00;327.00;-1000.00;70.00;1356.52;0.74;1816.87;0.55;
-7.23;-4.12;0.75;none;-165.88;-552.77;320.00;1.00;750.00;250.00;1.00;327.00;-1000.00;70.00;1356.46;0.74;1816.87;0.55;
-57.11;-54.00;0.57;Buy 7535.40 [-2.70 pts];-166.00;-552.89;320.00;1.00;750.00;250.00;1.00;327.00;-1000.00;70.00;1356.46;0.74;1808.85;0.55;
-17.07;-13.97;0.39;Buy 7535.40 [-2.70 pts];-166.03;-552.93;320.00;1.00;750.00;250.00;1.00;327.00;-1000.00;70.00;1356.53;0.74;1808.85;0.55;
32.86;35.95;0.43;Buy 7535.40 [-3.20 pts];-165.95;-552.86;320.00;1.00;750.00;250.00;1.00;327.00;-1000.00;70.00;1356.53;0.74;1811.88;0.55;
-17.10;-24.00;0.81;Buy 7535.40 [-3.20 pts];-166.00;-552.90;320.00;1.00;750.00;250.00;1.00;327.00;-1000.00;60.00;1356.50;0.74;1811.88;0.55;
12.87;5.99;0.64;Buy 7535.40 [-3.50 pts];-165.99;-552.87;320.00;1.00;750.00;250.00;1.00;327.00;-1000.00;60.00;1356.50;0.74;1791.89;0.56;
-17.09;-23.96;0.64;Buy 7535.40 [-3.20 pts];-166.04;-552.91;320.00;1.00;750.00;250.00;1.00;327.00;-1000.00;60.00;1356.50;0.74;1791.86;0.56;
-7.08;-3.95;0.67;Buy 7535.40 [-3.20 pts];-166.05;-552.92;320.00;1.00;750.00;250.00;1.00;327.00;-1000.00;70.00;1356.57;0.74;1791.86;0.56;
22.87;16.02;0.92;Buy 7535.40 [-3.20 pts];-166.02;-552.87;320.00;1.00;750.00;250.00;1.00;327.00;-1000.00;60.00;1325.55;0.75;1791.86;0.56;
2.87;-3.97;0.92;Buy 7535.40 [-3.00 pts];-166.03;-552.87;320.00;1.00;750.00;250.00;1.00;327.00;-1000.00;60.00;1325.55;0.75;1778.82;0.56;
-37.06;-33.90;0.94;Buy 7535.40 [-3.00 pts];-166.10;-552.94;320.00;1.00;750.00;250.00;1.00;327.00;-1000.00;70.00;1325.42;0.75;1778.82;0.56;
-17.02;-13.88;1.13;Buy 7535.40 [-3.20 pts];-166.13;-552.98;320.00;1.00;750.00;250.00;1.00;327.00;-1000.00;70.00;1325.42;0.75;1783.70;0.56;
-26.96;-23.83;0.93;Buy 7535.40 [-3.20 pts];-166.17;-553.04;320.00;1.00;750.00;250.00;1.00;327.00;-1000.00;70.00;1326.53;0.75;1783.70;0.56;
3.03;6.16;1.08;Buy 7535.40 [-3.50 pts];-166.16;-553.03;320.00;1.00;750.00;250.00;1.00;327.00;-1000.00;70.00;1326.53;0.75;1759.92;0.57;
3.02;-13.81;0.73;Buy 7535.40 [-3.50 pts];-166.19;-553.02;320.00;1.00;750.00;250.00;1.00;327.00;-1000.00;50.00;1325.55;0.75;1759.92;0.57;
22.98;6.18;0.79;Buy 7535.40 [-3.70 pts];-166.18;-552.98;320.00;1.00;750.00;250.00;1.00;327.00;-1000.00;50.00;1325.55;0.75;1771.82;0.56;
2.97;6.16;1.17;Buy 7535.40 [-3.70 pts];-166.16;-552.97;320.00;1.00;750.00;250.00;1.00;327.00;-1000.00;70.00;1325.50;0.75;1771.82;0.56;
-7.02;-3.83;1.11;Buy 7535.40 [-3.70 pts];-166.17;-552.98;320.00;1.00;750.00;250.00;1.00;327.00;-1000.00;70.00;1325.51;0.75;1771.82;0.56;
22.94;26.12;0.63;Buy 7535.40 [-4.00 pts];-166.12;-552.94;320.00;1.00;750.00;250.00;1.00;327.00;-1000.00;70.00;1325.51;0.75;1801.97;0.55;
12.91;6.11;0.90;Buy 7535.40 [-4.00 pts];-166.11;-552.91;320.00;1.00;750.00;250.00;1.00;327.00;-1000.00;60.00;1346.54;0.74;1801.97;0.55;
-17.06;-23.84;0.42;Buy 7535.40 [-3.70 pts];-166.16;-552.94;320.00;1.00;750.00;250.00;1.00;327.00;-1000.00;60.00;1339.52;0.75;1807.01;0.55;
2.94;6.14;0.73;Buy 7535.40 [-3.70 pts];-166.14;-552.94;320.00;1.00;750.00;250.00;1.00;327.00;-1000.00;70.00;1346.50;0.74;1807.01;0.55;
-7.05;6.13;0.68;Buy 7535.40 [-3.70 pts];-166.13;-552.95;320.00;1.00;750.00;250.00;1.00;327.00;-1000.00;80.00;1335.46;0.75;1807.01;0.55;
22.91;26.08;1.25;Buy 7535.40 [-3.70 pts];-166.08;-552.91;320.00;1.00;750.00;250.00;1.00;327.00;-1000.00;70.00;1397.54;0.72;1807.01;0.55;
2.90;6.06;0.90;Buy 7535.40 [-3.50 pts];-166.06;-552.90;320.00;1.00;750.00;250.00;1.00;327.00;-1000.00;70.00;1397.54;0.72;1887.89;0.53;
-47.00;-43.85;0.69;Buy 7535.40 [-3.00 pts];-166.15;-553.00;320.00;1.00;750.00;250.00;1.00;327.00;-1000.00;70.00;1397.54;0.72;1897.90;0.53;
2.99;-43.76;0.81;Buy 7535.40 [-3.00 pts];-166.24;-552.99;320.00;1.00;750.00;250.00;1.00;327.00;-1000.00;20.00;1407.53;0.71;1897.90;0.53;
2.98;-3.75;0.88;Buy 7535.40 [-3.00 pts];-166.25;-552.98;320.00;1.00;750.00;250.00;1.00;327.00;-1000.00;60.00;1407.53;0.71;1897.90;0.53;
2.98;6.24;1.20;Buy 7535.40 [-3.00 pts];-166.24;-552.98;320.00;1.00;750.00;250.00;1.00;327.00;-1000.00;70.00;1418.61;0.70;1897.90;0.53;
2.97;-3.76;1.10;Buy 7535.40 [-3.00 pts];-166.24;-552.97;320.00;1.00;750.00;250.00;1.00;327.00;-1000.00;60.00;1397.47;0.72;1897.90;0.53;
2.97;6.23;1.64;Buy 7535.40 [-3.00 pts];-166.23;-552.97;320.00;1.00;750.00;250.00;1.00;327.00;-1000.00;70.00;1417.49;0.71;1897.90;0.53;
2.96;-3.76;1.36;Buy 7535.40 [-3.00 pts];-166.24;-552.96;320.00;1.00;750.00;250.00;1.00;327.00;-1000.00;60.00;1417.51;0.71;1897.90;0.53;
2.96;6.28;1.36;Buy 7535.40 [-3.00 pts];-166.28;-552.96;320.00;1.00;750.00;250.00;1.00;327.00;-1000.00;70.00;1418.65;0.70;1897.90;0.53;
2.94;-3.70;1.07;Buy 7535.40 [-3.00 pts];-166.30;-552.94;320.00;1.00;750.00;250.00;1.00;327.00;-1000.00;60.00;1407.54;0.71;1897.90;0.53;
2.98;6.36;1.60;Buy 7535.40 [-3.00 pts];-166.36;-552.98;320.00;1.00;750.00;250.00;1.00;327.00;-1000.00;70.00;1408.56;0.71;1897.90;0.53;
-26.98;-23.56;2.67;Buy 7535.40 [-2.70 pts];-166.44;-553.02;320.00;1.00;750.00;250.00;1.00;327.00;-1000.00;70.00;1408.56;0.71;2044.78;0.49;
-7.04;-13.56;2.33;Buy 7535.40 [-2.70 pts];-166.44;-552.96;320.00;1.00;750.00;250.00;1.00;327.00;-1000.00;60.00;1427.54;0.70;2044.78;0.49;
-27.00;-33.48;1.00;Buy 7535.40 [-2.50 pts];-166.52;-553.00;320.00;1.00;750.00;250.00;1.00;327.00;-1000.00;60.00;1427.54;0.70;2049.83;0.49;
2.90;-13.50;1.40;Buy 7535.40 [-2.50 pts];-166.50;-552.90;320.00;1.00;750.00;250.00;1.00;327.00;-1000.00;50.00;1458.55;0.69;2049.83;0.49;
2.86;-3.48;1.40;Buy 7535.40 [-2.50 pts];-166.52;-552.86;320.00;1.00;750.00;250.00;1.00;327.00;-1000.00;60.00;1459.59;0.69;2049.83;0.49;
-27.14;-33.42;0.81;Buy 7535.40 [-2.20 pts];-166.58;-552.86;320.00;1.00;750.00;250.00;1.00;327.00;-1000.00;60.00;1459.59;0.69;2009.70;0.50;
-7.14;-3.38;1.06;Buy 7535.40 [-2.20 pts];-166.62;-552.86;320.00;1.00;750.00;250.00;1.00;327.00;-1000.00;70.00;1458.58;0.69;2009.70;0.50;
22.86;6.70;1.25;Buy 7535.40 [-2.20 pts];-166.70;-552.86;320.00;1.00;750.00;250.00;1.00;327.00;-1000.00;50.00;1468.57;0.68;2009.70;0.50;
2.84;-13.24;0.95;Buy 7535.40 [-2.00 pts];-166.76;-552.84;320.00;1.00;750.00;250.00;1.00;327.00;-1000.00;50.00;1468.57;0.68;2010.79;0.50;
22.76;6.76;0.75;Buy 7535.40 [-2.20 pts];-166.76;-552.76;320.00;1.00;750.00;250.00;1.00;327.00;-1000.00;50.00;1468.57;0.68;1995.76;0.50;
2.74;-3.20;1.17;Buy 7535.40 [-2.20 pts];-166.80;-552.74;320.00;1.00;750.00;250.00;1.00;327.00;-1000.00;60.00;1469.55;0.68;1995.76;0.50;
-17.34;-23.22;0.82;Buy 7535.40 [-2.00 pts];-166.78;-552.66;320.00;1.00;750.00;250.00;1.00;327.00;-1000.00;60.00;1469.55;0.68;1971.71;0.51;
2.64;-3.18;0.82;Buy 7535.40 [-2.20 pts];-166.82;-552.64;320.00;1.00;750.00;250.00;1.00;327.00;-1000.00;60.00;1469.55;0.68;1951.82;0.51;
22.62;16.86;0.77;Buy 7535.40 [-2.20 pts];-166.86;-552.62;320.00;1.00;750.00;250.00;1.00;327.00;-1000.00;60.00;1468.56;0.68;1951.82;0.51;
2.60;-3.12;0.62;Buy 7535.40 [-2.00 pts];-166.88;-552.60;320.00;1.00;750.00;250.00;1.00;327.00;-1000.00;60.00;1468.56;0.68;1940.74;0.52;
22.58;16.92;0.67;Buy 7535.40 [-2.20 pts];-166.92;-552.58;320.00;1.00;750.00;250.00;1.00;327.00;-1000.00;60.00;1468.56;0.68;1916.60;0.52;
2.56;6.94;0.58;Buy 7535.40 [-2.20 pts];-166.94;-552.56;320.00;1.00;750.00;250.00;1.00;327.00;-1000.00;70.00;1469.61;0.68;1916.60;0.52;
-7.34;-2.92;0.50;Buy 7535.40 [-2.20 pts];-167.08;-552.66;320.00;1.00;750.00;250.00;1.00;327.00;-1000.00;70.00;1469.62;0.68;1916.60;0.52;
2.62;7.08;0.70;Buy 7535.40 [-2.20 pts];-167.08;-552.62;320.00;1.00;750.00;250.00;1.00;327.00;-1000.00;70.00;1469.60;0.68;1916.60;0.52;
32.56;37.06;0.64;Buy 7535.40 [-2.50 pts];-167.06;-552.56;320.00;1.00;750.00;250.00;1.00;327.00;-1000.00;70.00;1469.60;0.68;1932.74;0.52;
2.54;7.06;0.77;Buy 7535.40 [-2.50 pts];-167.06;-552.54;320.00;1.00;750.00;250.00;1.00;327.00;-1000.00;70.00;1489.61;0.67;1932.74;0.52;
2.54;-2.92;1.00;Buy 7535.40 [-2.50 pts];-167.08;-552.54;320.00;1.00;750.00;250.00;1.00;327.00;-1000.00;60.00;1489.66;0.67;1932.74;0.52;
2.44;6.98;1.36;Buy 7535.40 [-2.50 pts];-166.98;-552.44;320.00;1.00;750.00;250.00;1.00;327.00;-1000.00;70.00;1489.64;0.67;1932.74;0.52;
52.28;56.86;0.63;Buy 7535.40 [-3.00 pts];-166.86;-552.28;320.00;1.00;750.00;250.00;1.00;327.00;-1000.00;70.00;1489.64;0.67;1962.72;0.51;
2.28;6.90;1.25;Buy 7535.40 [-3.00 pts];-166.90;-552.28;320.00;1.00;750.00;250.00;1.00;327.00;-1000.00;70.00;1479.59;0.68;1962.72;0.51;
-27.68;-23.02;1.14;Buy 7535.40 [-2.70 pts];-166.98;-552.32;320.00;1.00;750.00;250.00;1.00;327.00;-1000.00;70.00;1479.59;0.68;1899.65;0.53;
-7.64;-2.94;1.18;Buy 7535.40 [-2.70 pts];-167.06;-552.36;320.00;1.00;750.00;250.00;1.00;327.00;-1000.00;70.00;1479.68;0.68;1899.65;0.53;
22.30;27.02;0.86;Buy 7535.40 [-3.00 pts];-167.02;-552.30;320.00;1.00;750.00;250.00;1.00;327.00;-1000.00;70.00;1479.68;0.68;1907.67;0.52;
2.28;7.00;0.93;Buy 7535.40 [-3.00 pts];-167.00;-552.28;320.00;1.00;750.00;250.00;1.00;327.00;-1000.00;70.00;1489.61;0.67;1907.67;0.52;
52.22;56.94;0.81;Buy 7535.40 [-3.50 pts];-166.94;-552.22;320.00;1.00;750.00;250.00;1.00;327.00;-1000.00;70.00;1489.61;0.67;1909.82;0.52;
2.20;6.96;0.94;Buy 7535.40 [-3.50 pts];-166.96;-552.20;320.00;1.00;750.00;250.00;1.00;327.00;-1000.00;70.00;1489.64;0.67;1909.82;0.52;
-27.74;-22.96;0.76;Buy 7535.40 [-3.20 pts];-167.04;-552.26;320.00;1.00;750.00;250.00;1.00;327.00;-1000.00;70.00;1489.64;0.67;1918.74;0.52;
2.24;7.04;0.64;Buy 7535.40 [-3.50 pts];-167.04;-552.24;320.00;1.00;750.00;250.00;1.00;327.00;-1000.00;70.00;1489.64;0.67;1920.72;0.52;
52.12;46.94;1.09;Buy 7535.40 [-3.50 pts];-166.94;-552.12;320.00;1.00;750.00;250.00;1.00;327.00;-1000.00;60.00;1499.66;0.67;1920.72;0.52;
22.12;16.96;0.68;Buy 7535.40 [-3.20 pts];-166.96;-552.12;320.00;1.00;750.00;250.00;1.00;327.00;-1000.00;60.00;1499.66;0.67;1914.78;0.52;
-7.94;-3.08;0.94;Buy 7535.40 [-3.20 pts];-166.92;-552.06;320.00;1.00;750.00;250.00;1.00;327.00;-1000.00;70.00;1490.61;0.67;1914.78;0.52;
-27.92;-23.04;0.74;Buy 7535.40 [-3.00 pts];-166.96;-552.08;320.00;1.00;750.00;250.00;1.00;327.00;-1000.00;70.00;1490.61;0.67;1916.70;0.52;
-7.98;-3.08;0.78;Buy 7535.40 [-3.20 pts];-166.92;-552.02;320.00;1.00;750.00;250.00;1.00;327.00;-1000.00;70.00;1490.61;0.67;1915.76;0.52;
-27.92;-23.02;0.60;Buy 7535.40 [-3.00 pts];-166.98;-552.08;320.00;1.00;750.00;250.00;1.00;327.00;-1000.00;70.00;1490.61;0.67;1909.64;0.52;
2.02;-3.06;0.97;Buy 7535.40 [-3.00 pts];-166.94;-552.02;320.00;1.00;750.00;250.00;1.00;327.00;-1000.00;60.00;1499.62;0.67;1909.64;0.52;
12.04;16.96;0.73;Buy 7535.40 [-3.00 pts];-166.96;-552.04;320.00;1.00;750.00;250.00;1.00;327.00;-1000.00;70.00;1468.58;0.68;1909.64;0.52;
-17.92;-12.98;0.73;Buy 7535.40 [-2.70 pts];-167.02;-552.08;320.00;1.00;750.00;250.00;1.00;327.00;-1000.00;70.00;1468.58;0.68;1913.75;0.52;
12.02;16.98;0.73;Buy 7535.40 [-3.00 pts];-166.98;-552.02;320.00;1.00;750.00;250.00;1.00;327.00;-1000.00;70.00;1468.58;0.68;1904.76;0.53;
1.98;6.94;0.50;Buy 7535.40 [-3.00 pts];-166.94;-551.98;320.00;1.00;750.00;250.00;1.00;327.00;-1000.00;70.00;1469.62;0.68;1904.76;0.53;
1.98;-3.04;0.67;Buy 7535.40 [-3.00 pts];-166.96;-551.98;320.00;1.00;750.00;250.00;1.00;327.00;-1000.00;60.00;1468.60;0.68;1904.76;0.53;
-28.00;-33.00;0.37;Buy 7535.40 [-2.70 pts];-167.00;-552.00;320.00;1.00;750.00;250.00;1.00;327.00;-1000.00;60.00;1468.60;0.68;1925.75;0.52;
2.00;-2.98;0.34;Buy 7535.40 [-3.00 pts];-167.02;-552.00;320.00;1.00;750.00;250.00;1.00;327.00;-1000.00;60.00;1468.60;0.68;1919.62;0.52;
2.04;7.06;0.43;Buy 7535.40 [-3.00 pts];-167.06;-552.04;320.00;1.00;750.00;250.00;1.00;327.00;-1000.00;70.00;1468.60;0.68;1919.62;0.52;
-27.80;-22.76;0.40;Buy 7535.40 [-2.70 pts];-167.24;-552.20;320.00;1.00;750.00;250.00;1.00;327.00;-1000.00;70.00;1479.53;0.68;1893.72;0.53;
-7.72;-2.66;0.37;Buy 7535.40 [-2.70 pts];-167.34;-552.28;320.00;1.00;750.00;250.00;1.00;327.00;-1000.00;70.00;1458.65;0.69;1893.72;0.53;
-27.66;-22.58;0.24;Buy 7535.40 [-2.50 pts];-167.42;-552.34;320.00;1.00;750.00;250.00;1.00;327.00;-1000.00;70.00;1458.65;0.69;1912.70;0.52;
-7.64;-2.56;0.25;Buy 7535.40 [-2.70 pts];-167.44;-552.36;320.00;1.00;750.00;250.00;1.00;327.00;-1000.00;70.00;1458.65;0.69;1910.80;0.52;
-7.64;7.44;0.35;Buy 7535.40 [-2.70 pts];-167.44;-552.36;320.00;1.00;750.00;250.00;1.00;327.00;-1000.00;80.00;1479.66;0.68;1910.80;0.52;
-7.68;-2.60;0.31;Buy 7535.40 [-2.70 pts];-167.40;-552.32;320.00;1.00;750.00;250.00;1.00;327.00;-1000.00;70.00;1490.68;0.67;1910.80;0.52;
-7.66;7.40;0.31;Buy 7535.40 [-2.70 pts];-167.40;-552.34;320.00;1.00;750.00;250.00;1.00;327.00;-1000.00;80.00;1489.53;0.67;1910.80;0.52;
-17.66;-2.62;0.50;Buy 7535.40 [-2.70 pts];-167.38;-552.34;320.00;1.00;750.00;250.00;1.00;327.00;-1000.00;80.00;1489.60;0.67;1910.80;0.52;
-7.64;7.38;0.86;Buy 7535.40 [-2.70 pts];-167.38;-552.36;320.00;1.00;720.00;250.00;1.00;327.00;-1000.00;80.00;1489.61;0.67;1910.80;0.52;
-27.48;-22.46;1.14;Buy 7535.40 [-2.70 pts];-167.54;-552.52;320.00;1.00;720.00;250.00;1.00;327.00;-1000.00;70.00;1489.65;0.67;1910.80;0.52;
2.68;7.70;1.14;Buy 7535.40 [-3.00 pts];-167.70;-552.68;320.00;1.00;720.00;250.00;1.00;327.00;-1000.00;70.00;1489.65;0.67;1936.81;0.52;
-27.26;-22.24;0.60;Buy 7535.40 [-2.70 pts];-167.76;-552.74;320.00;1.00;720.00;250.00;1.00;327.00;-1000.00;70.00;1489.65;0.67;1930.82;0.52;
-17.24;-2.22;0.94;Buy 7535.40 [-2.70 pts];-167.78;-552.76;320.00;1.00;720.00;250.00;1.00;327.00;-1000.00;80.00;1479.58;0.68;1930.82;0.52;
-7.18;7.84;1.42;Buy 7535.40 [-2.70 pts];-167.84;-552.82;320.00;1.00;720.00;250.00;1.00;327.00;-1000.00;80.00;1478.61;0.68;1930.82;0.52;
22.72;37.74;0.89;Buy 7535.40 [-3.00 pts];-167.74;-552.72;320.00;1.00;720.00;250.00;1.00;327.00;-1000.00;80.00;1478.61;0.68;1951.87;0.51;
-7.28;7.74;0.63;Buy 7535.40 [-2.70 pts];-167.74;-552.72;320.00;1.00;720.00;250.00;1.00;327.00;-1000.00;80.00;1478.61;0.68;1911.79;0.52;
-17.30;-2.28;0.67;Buy 7535.40 [-2.70 pts];-167.72;-552.70;320.00;1.00;720.00;250.00;1.00;327.00;-1000.00;80.00;1489.76;0.67;1911.79;0.52;
-7.30;7.74;0.67;Buy 7535.40 [-2.70 pts];-167.74;-552.70;320.00;1.00;720.00;250.00;1.00;327.00;-1000.00;80.00;1479.64;0.68;1911.79;0.52;
-17.30;-2.24;0.67;Buy 7535.40 [-2.70 pts];-167.76;-552.70;320.00;1.00;720.00;250.00;1.00;327.00;-1000.00;80.00;1489.68;0.67;1911.79;0.52;
12.70;27.76;0.37;Buy 7535.40 [-3.00 pts];-167.76;-552.70;320.00;1.00;720.00;250.00;1.00;327.00;-1000.00;80.00;1489.68;0.67;1954.81;0.51;
2.70;7.76;0.58;Buy 7535.40 [-3.00 pts];-167.76;-552.70;320.00;1.00;720.00;250.00;1.00;327.00;-1000.00;70.00;1489.64;0.67;1954.81;0.51;
52.50;57.56;0.50;Buy 7535.40 [-3.50 pts];-167.56;-552.50;320.00;1.00;720.00;250.00;1.00;327.00;-1000.00;70.00;1489.64;0.67;1965.74;0.51;
12.42;27.46;0.64;Buy 7535.40 [-3.50 pts];-167.46;-552.42;320.00;1.00;720.00;250.00;1.00;327.00;-1000.00;80.00;1489.64;0.67;1965.74;0.51;
-17.56;-2.54;0.47;Buy 7535.40 [-3.20 pts];-167.46;-552.44;320.00;1.00;720.00;250.00;1.00;327.00;-1000.00;80.00;1489.64;0.67;1949.73;0.51;
-7.50;7.50;0.64;Buy 7535.40 [-3.20 pts];-167.50;-552.50;320.00;1.00;720.00;250.00;1.00;327.00;-1000.00;80.00;1489.63;0.67;1949.73;0.51;
-17.38;-2.40;0.91;Buy 7535.40 [-3.20 pts];-167.60;-552.62;320.00;1.00;720.00;250.00;1.00;327.00;-1000.00;80.00;1510.54;0.66;1949.73;0.51;
12.64;27.56;0.64;Buy 7535.40 [-3.50 pts];-167.56;-552.64;320.00;1.00;720.00;250.00;1.00;327.00;-1000.00;80.00;1510.54;0.66;1966.68;0.51;
2.64;7.52;0.68;Buy 7535.40 [-3.50 pts];-167.52;-552.64;320.00;1.00;720.00;250.00;1.00;327.00;-1000.00;70.00;1509.64;0.66;1966.68;0.51;
-27.30;-22.42;0.50;Buy 7535.40 [-3.20 pts];-167.58;-552.70;320.00;1.00;720.00;250.00;1.00;327.00;-1000.00;70.00;1509.64;0.66;1950.74;0.51;
-17.32;-2.46;0.71;Buy 7535.40 [-3.20 pts];-167.54;-552.68;320.00;1.00;720.00;250.00;1.00;327.00;-1000.00;80.00;1510.65;0.66;1950.74;0.51;
12.66;27.50;0.50;Buy 7535.40 [-3.50 pts];-167.50;-552.66;320.00;1.00;720.00;250.00;1.00;327.00;-1000.00;80.00;1510.65;0.66;1971.79;0.51;
2.68;7.50;0.83;Buy 7535.40 [-3.50 pts];-167.50;-552.68;320.00;1.00;720.00;250.00;1.00;327.00;-1000.00;70.00;1510.68;0.66;1971.79;0.51;
-27.24;-22.42;0.43;Buy 7535.40 [-3.20 pts];-167.58;-552.76;320.00;1.00;720.00;250.00;1.00;327.00;-1000.00;70.00;1510.68;0.66;1970.81;0.51;
32.66;47.46;1.08;Buy 7535.40 [-3.20 pts];-167.46;-552.66;320.00;1.00;720.00;250.00;1.00;327.00;-1000.00;80.00;1509.62;0.66;1970.81;0.51;
-37.24;-22.46;0.63;Buy 7535.40 [-2.50 pts];-167.54;-552.76;320.00;1.00;720.00;250.00;1.00;327.00;-1000.00;80.00;1509.62;0.66;1963.70;0.51;
2.76;7.54;0.76;Buy 7535.40 [-2.50 pts];-167.54;-552.76;320.00;1.00;720.00;250.00;1.00;327.00;-1000.00;70.00;1489.62;0.67;1963.70;0.51;
52.68;47.46;1.19;Buy 7535.40 [-2.50 pts];-167.46;-552.68;320.00;1.00;720.00;250.00;1.00;327.00;-1000.00;60.00;1459.60;0.69;1963.70;0.51;
2.68;-2.54;0.83;Buy 7535.40 [-2.00 pts];-167.46;-552.68;320.00;1.00;720.00;250.00;1.00;327.00;-1000.00;60.00;1459.60;0.69;1991.88;0.50;
22.60;17.38;0.88;Buy 7535.40 [-2.20 pts];-167.38;-552.60;320.00;1.00;720.00;250.00;1.00;327.00;-1000.00;60.00;1459.60;0.69;1981.79;0.50;
-27.34;-12.60;1.00;Buy 7535.40 [-2.20 pts];-167.40;-552.66;320.00;1.00;720.00;250.00;1.00;327.00;-1000.00;80.00;1458.66;0.69;1981.79;0.50;
-7.34;-2.62;1.26;Buy 7535.40 [-2.20 pts];-167.38;-552.66;320.00;1.00;720.00;250.00;1.00;327.00;-1000.00;70.00;1458.62;0.69;1981.79;0.50;
-7.34;7.36;1.21;Buy 7535.40 [-2.20 pts];-167.36;-552.66;320.00;1.00;720.00;250.00;1.00;327.00;-1000.00;80.00;1469.56;0.68;1981.79;0.50;
2.60;7.30;1.50;Buy 7535.40 [-2.20 pts];-167.30;-552.60;320.00;1.00;720.00;250.00;1.00;327.00;-1000.00;70.00;1469.62;0.68;1981.79;0.50;
-17.36;-12.68;0.91;Buy 7535.40 [-2.00 pts];-167.32;-552.64;320.00;1.00;720.00;250.00;1.00;327.00;-1000.00;70.00;1469.62;0.68;1947.77;0.51;
2.68;7.34;1.83;Buy 7535.40 [-2.00 pts];-167.34;-552.68;320.00;1.00;720.00;250.00;1.00;327.00;-1000.00;70.00;1448.83;0.69;1947.77;0.51;
-77.18;-72.52;0.76;Buy 7535.40 [-1.20 pts];-167.48;-552.82;320.00;1.00;720.00;250.00;1.00;327.00;-1000.00;70.00;1448.83;0.69;1950.87;0.51;
-7.16;-2.50;0.91;Buy 7535.40 [-1.20 pts];-167.50;-552.84;320.00;1.00;720.00;250.00;1.00;327.00;-1000.00;70.00;1448.57;0.69;1950.87;0.51;
-17.14;-2.48;1.33;Buy 7535.40 [-1.20 pts];-167.52;-552.86;320.00;1.00;720.00;250.00;1.00;327.00;-1000.00;80.00;1448.65;0.69;1950.87;0.51;
-67.00;-52.36;2.10;Buy 7535.40 [-1.20 pts];-167.64;-553.00;320.00;1.00;720.00;250.00;1.00;327.00;-1000.00;80.00;1438.52;0.70;1950.87;0.51;
-16.98;-2.36;1.13;Buy 7535.40 [-1.70 pts];-167.64;-553.02;320.00;1.00;720.00;250.00;1.00;327.00;-1000.00;80.00;1438.52;0.70;1902.08;0.53;
32.90;47.50;1.37;Buy 7535.40 [-1.70 pts];-167.50;-552.90;320.00;1.00;720.00;250.00;1.00;327.00;-1000.00;80.00;1437.47;0.70;1902.08;0.53;
-17.02;-2.44;1.00;Buy 7535.40 [-1.20 pts];-167.56;-552.98;320.00;1.00;720.00;250.00;1.00;327.00;-1000.00;80.00;1437.47;0.70;1907.90;0.52;
-27.00;-22.42;1.05;Buy 7535.40 [-1.20 pts];-167.58;-553.00;320.00;1.00;720.00;250.00;1.00;327.00;-1000.00;70.00;1438.57;0.70;1907.90;0.52;
-16.94;-2.38;1.25;Buy 7535.40 [-1.20 pts];-167.62;-553.06;320.00;1.00;720.00;250.00;1.00;327.00;-1000.00;80.00;1438.65;0.70;1907.90;0.52;
-6.92;7.62;1.19;Buy 7535.40 [-1.20 pts];-167.62;-553.08;320.00;1.00;720.00;250.00;1.00;327.00;-1000.00;80.00;1438.61;0.70;1907.90;0.52;
22.98;27.52;2.40;Buy 7535.40 [-1.20 pts];-167.52;-552.98;320.00;1.00;720.00;250.00;1.00;327.00;-1000.00;70.00;1458.49;0.69;1907.90;0.52;
2.86;7.40;1.42;Buy 7535.40 [-1.00 pts];-167.40;-552.86;320.00;1.00;720.00;250.00;1.00;327.00;-1000.00;70.00;1458.49;0.69;1961.77;0.51;
22.80;27.34;1.18;Buy 7535.40 [-1.20 pts];-167.34;-552.80;320.00;1.00;720.00;250.00;1.00;327.00;-1000.00;70.00;1458.49;0.69;1963.75;0.51;
-7.24;7.28;1.00;Buy 7535.40 [-1.20 pts];-167.28;-552.76;320.00;1.00;720.00;250.00;1.00;327.00;-1000.00;80.00;1427.57;0.70;1963.75;0.51;
-17.18;-2.68;1.67;Buy 7535.40 [-1.20 pts];-167.32;-552.82;320.00;1.00;720.00;250.00;1.00;327.00;-1000.00;80.00;1428.54;0.70;1963.75;0.51;
-27.16;-22.66;1.28;Buy 7535.40 [-1.20 pts];-167.34;-552.84;320.00;1.00;720.00;250.00;1.00;327.00;-1000.00;70.00;1428.55;0.70;1963.75;0.51;
-7.18;7.32;3.50;Buy 7535.40 [-1.20 pts];-167.32;-552.82;320.00;1.00;720.00;250.00;1.00;327.00;-1000.00;80.00;1407.58;0.71;1963.75;0.51;
-17.18;-2.70;3.38;Buy 7535.40 [-1.20 pts];-167.30;-552.82;320.00;1.00;720.00;250.00;1.00;327.00;-1000.00;80.00;1407.62;0.71;1963.75;0.51;
-7.22;-2.74;2.67;Buy 7535.40 [-1.20 pts];-167.26;-552.78;310.00;1.00;710.00;250.00;1.00;317.00;-1000.00;80.00;1407.62;0.71;2007.75;0.50;
2.78;7.26;2.67;Buy 7535.40 [-1.20 pts];-167.26;-552.78;310.00;1.00;710.00;250.00;1.00;317.00;-1000.00;80.00;1438.57;0.70;2007.75;0.50;
-7.20;7.24;2.22;Buy 7535.40 [-1.20 pts];-167.24;-552.80;310.00;1.00;710.00;250.00;1.00;317.00;-1000.00;90.00;1438.57;0.70;2007.75;0.50;
2.74;7.18;4.20;Buy 7535.40 [-1.20 pts];-167.18;-552.74;310.00;1.00;710.00;250.00;1.00;317.00;-1000.00;80.00;1438.59;0.70;2007.75;0.50;
-47.18;-42.74;1.91;Buy 7535.40 [-0.70 pts];-167.26;-552.82;310.00;1.00;710.00;250.00;1.00;317.00;-1000.00;80.00;1438.59;0.70;2075.74;0.48;
-17.18;-22.72;1.91;Buy 7535.40 [-0.70 pts];-167.28;-552.82;310.00;1.00;710.00;250.00;1.00;317.00;-1000.00;70.00;1449.60;0.69;2075.74;0.48;
2.84;-2.68;1.27;Buy 7535.40 [-0.90 pts];-167.32;-552.84;310.00;1.00;710.00;250.00;1.00;317.00;-1000.00;70.00;1449.60;0.69;2075.84;0.48;
-17.12;-22.62;0.84;Buy 7535.40 [-0.70 pts];-167.38;-552.88;310.00;1.00;710.00;250.00;1.00;317.00;-1000.00;70.00;1449.60;0.69;2074.82;0.48;
-7.06;-2.56;0.74;Buy 7535.40 [-0.70 pts];-167.44;-552.94;310.00;1.00;710.00;250.00;1.00;317.00;-1000.00;80.00;1458.60;0.69;2074.82;0.48;
-17.04;-22.52;0.79;Buy 7535.40 [-0.70 pts];-167.48;-552.96;310.00;1.00;710.00;250.00;1.00;317.00;-1000.00;70.00;1458.64;0.69;2074.82;0.48;
3.00;-2.46;0.68;Buy 7535.40 [-0.90 pts];-167.54;-553.00;310.00;1.00;710.00;250.00;1.00;317.00;-1000.00;70.00;1458.64;0.69;2090.89;0.48;
-16.96;-22.40;0.50;Buy 7535.40 [-0.70 pts];-167.60;-553.04;310.00;1.00;710.00;250.00;1.00;317.00;-1000.00;70.00;1458.64;0.69;2091.77;0.48;
-6.94;7.58;0.62;Buy 7535.40 [-0.70 pts];-167.58;-553.06;310.00;1.00;710.00;250.00;1.00;317.00;-1000.00;90.00;1459.58;0.69;2091.77;0.48;
3.10;7.60;0.62;Buy 7535.40 [-0.70 pts];-167.60;-553.10;310.00;1.00;710.00;250.00;1.00;317.00;-1000.00;80.00;1459.73;0.69;2091.77;0.48;
-26.86;-22.36;0.73;Buy 7535.40 [-0.40 pts];-167.64;-553.14;310.00;1.00;710.00;250.00;1.00;317.00;-1000.00;80.00;1459.73;0.69;2098.79;0.48;
3.18;-2.30;0.73;Buy 7535.40 [-0.40 pts];-167.70;-553.18;310.00;1.00;710.00;250.00;1.00;317.00;-1000.00;70.00;1469.57;0.68;2098.79;0.48;
23.14;27.66;1.17;Buy 7535.40 [-0.40 pts];-167.66;-553.14;310.00;1.00;710.00;250.00;1.00;317.00;-1000.00;80.00;1469.57;0.68;2098.79;0.48;
3.14;7.64;1.17;Buy 7535.40 [-0.20 pts];-167.64;-553.14;310.00;1.00;710.00;250.00;1.00;317.00;-1000.00;80.00;1469.57;0.68;2098.76;0.48;
-6.80;-2.32;1.11;Buy 7535.40 [-0.20 pts];-167.68;-553.20;310.00;1.00;710.00;250.00;1.00;317.00;-1000.00;80.00;1479.66;0.68;2098.76;0.48;
3.24;7.66;1.06;Buy 7535.40 [-0.20 pts];-167.66;-553.24;310.00;1.00;710.00;250.00;1.00;317.00;-1000.00;80.00;1499.68;0.67;2098.76;0.48;
-16.72;-22.30;1.71;Buy 7535.40 [-0.20 pts];-167.70;-553.28;310.00;1.00;710.00;250.00;1.00;317.00;-1000.00;70.00;1499.59;0.67;2098.76;0.48;
3.28;-2.32;1.71;Buy 7535.40 [-0.40 pts];-167.68;-553.28;310.00;1.00;710.00;250.00;1.00;317.00;-1000.00;70.00;1499.59;0.67;2148.66;0.47;
-16.64;-22.26;1.11;Buy 7535.40 [-0.20 pts];-167.74;-553.36;310.00;1.00;710.00;250.00;1.00;317.00;-1000.00;70.00;1499.59;0.67;2142.74;0.47;
-46.54;-52.18;0.79;Buy 7535.40 [0.10 pts];-167.82;-553.46;310.00;1.00;710.00;250.00;1.00;317.00;-1000.00;70.00;1499.59;0.67;2116.74;0.47;
3.46;-2.18;1.61;Buy 7535.40 [0.10 pts];-167.82;-553.46;310.00;1.00;710.00;250.00;1.00;317.00;-1000.00;70.00;1500.64;0.67;2116.74;0.47;
