22:04:00.065125> StopBalance = 450.00
22:04:00.802070> BUY .UK100Cash 1.00 signal received at 7542, fastSpread=0.70
22:04:00.887235> MT5 290003 UNSUPPORTED_FILLING_MODE
22:04:00.889230> BUY FAILED .UK100Cash;Gap=-0.10;Price=7542
22:04:02.910864> BUY .UK100Cash 1.00 signal received at 7541.7, fastSpread=0.70
22:04:02.991647> MT5 290003 UNSUPPORTED_FILLING_MODE
22:04:02.994640> BUY FAILED .UK100Cash;Gap=-0.13;Price=7541.7
22:04:05.905658> BUY .UK100Cash 1.00 signal received at 7541.5, fastSpread=0.60
22:04:05.986444> MT5 290003 UNSUPPORTED_FILLING_MODE
22:04:05.989434> BUY FAILED .UK100Cash;Gap=0.30;Price=7541.5
22:04:07.877355> BUY .UK100Cash 1.00 signal received at 7542, fastSpread=0.70
22:04:07.964112> MT5 290003 UNSUPPORTED_FILLING_MODE
22:04:07.967103> BUY FAILED .UK100Cash;Gap=-0.20;Price=7542
22:04:10.110715> BUY .UK100Cash 1.00 signal received at 7541, fastSpread=0.60
22:04:10.191499> MT5 290003 UNSUPPORTED_FILLING_MODE
22:04:10.193493> BUY FAILED .UK100Cash;Gap=0.31;Price=7541
22:04:11.865825> BUY .UK100Cash 1.00 signal received at 7541, fastSpread=0.70
22:04:11.956588> MT5 290003 UNSUPPORTED_FILLING_MODE
22:04:11.959575> BUY FAILED .UK100Cash;Gap=0.29;Price=7541
22:04:14.227892> BUY .UK100Cash 1.00 signal received at 7541, fastSpread=0.70
22:04:14.319665> MT5 290003 UNSUPPORTED_FILLING_MODE
22:04:14.320661> BUY FAILED .UK100Cash;Gap=0.30;Price=7541
22:04:16.068573> BUY .UK100Cash 1.00 signal received at 7541.2, fastSpread=0.70
22:04:16.169304> MT5 290003 UNSUPPORTED_FILLING_MODE
22:04:16.171297> BUY FAILED .UK100Cash;Gap=-0.10;Price=7541.2
22:04:17.959242> BUY .UK100Cash 1.00 signal received at 7541.7, fastSpread=0.70
22:04:18.045005> MT5 290003 UNSUPPORTED_FILLING_MODE
22:04:18.047996> BUY FAILED .UK100Cash;Gap=-0.39;Price=7541.7
22:04:19.890535> BUY .UK100Cash 1.00 signal received at 7541.7, fastSpread=0.70
22:04:19.984290> MT5 290003 UNSUPPORTED_FILLING_MODE
22:04:19.988277> BUY FAILED .UK100Cash;Gap=0.21;Price=7541.7
22:04:21.656994> BUY .UK100Cash 1.00 signal received at 7541.5, fastSpread=0.70
22:04:21.743326> MT5 290003 UNSUPPORTED_FILLING_MODE
22:04:21.746321> BUY FAILED .UK100Cash;Gap=0.12;Price=7541.5
