LocalTime;FastTime;FastBid;FastAsk;SlowBid;SlowAsk;GapLong;GapShort;FastCoef;dTFast;tpsFast;dTSlow;tpsSlow;
19:07:30.361528;22:07:28.946952;7534.20;7535.00;7536.40;7539.70;0.00;0.00;1.000.00;0.00;0.00;0.00;
19:07:30.448293;22:07:30.448293;7534.10;7534.80;7536.40;7539.70;-5.00;-10.00;1.001500.34;0.67;0.00;0.00;
19:07:30.851879;22:07:30.448293;7534.10;7534.80;7536.10;7539.40;16.67;13.33;1.001500.34;0.67;488.36;2.05;
19:07:31.444290;22:07:31.442325;7533.80;7534.60;7536.10;7539.40;-10.00;-5.00;1.001247.19;0.80;488.36;2.05;
19:07:33.356074;22:07:31.442325;7533.80;7534.60;7536.40;7539.70;-32.00;-28.00;1.001247.19;0.80;1495.78;0.67;
19:07:33.543655;22:07:33.542656;7534.10;7534.80;7536.40;7539.70;-1.67;-6.67;1.001531.57;0.65;1495.78;0.67;
19:07:36.646866;22:07:36.645872;7533.70;7534.50;7536.40;7539.70;-35.71;-31.43;1.001539.58;0.65;1495.78;0.67;
19:07:36.702714;22:07:36.645872;7533.70;7534.50;7536.10;7539.40;-5.00;-1.25;1.001539.58;0.65;2099.77;0.48;
19:07:43.848664;22:07:43.847671;7533.60;7534.40;7536.10;7539.40;-13.33;-10.00;1.002483.29;0.40;2099.77;0.48;
19:07:44.352316;22:07:43.847671;7533.60;7534.40;7535.90;7539.20;6.00;9.00;1.002483.29;0.40;3497.45;0.29;
19:07:44.758390;22:07:43.847671;7533.60;7534.40;7535.60;7538.90;32.73;35.45;0.792483.29;0.40;2878.97;0.35;
19:07:44.879029;22:07:44.860082;7533.30;7534.10;7535.60;7538.90;2.50;5.00;0.892273.16;0.44;2878.97;0.35;
19:07:45.855183;22:07:45.853189;7533.20;7534.00;7535.60;7538.90;-6.92;-4.62;1.232112.66;0.47;2878.97;0.35;
19:07:46.950530;22:07:46.949535;7533.30;7534.10;7535.60;7538.90;2.86;5.00;1.091999.73;0.50;2878.97;0.35;
19:07:48.656657;22:07:46.949535;7533.30;7534.10;7536.10;7539.40;-44.00;-42.00;0.921999.73;0.50;3049.02;0.33;
19:07:48.952863;22:07:48.951866;7533.80;7534.60;7536.10;7539.40;5.63;7.50;1.121999.99;0.50;3049.02;0.33;
19:07:52.558484;22:07:48.951866;7533.80;7534.60;7535.90;7539.20;24.12;25.88;0.731999.99;0.50;3170.57;0.32;
19:07:53.061012;22:07:53.059016;7533.60;7534.30;7535.90;7539.20;3.89;-3.89;1.132191.55;0.46;3170.57;0.32;
19:07:56.155908;22:07:56.154907;7533.80;7534.60;7535.90;7539.20;22.63;24.74;1.252266.91;0.44;3170.57;0.32;
19:07:56.253644;22:07:56.154907;7533.80;7534.60;7536.10;7539.40;2.50;4.50;1.252266.91;0.44;3236.27;0.31;
19:07:57.853699;22:07:56.154907;7533.80;7534.60;7535.60;7538.90;50.00;51.90;1.072266.91;0.44;3054.54;0.33;
19:07:58.260793;22:07:58.257800;7533.20;7534.00;7535.60;7538.90;-9.55;-7.73;1.292254.22;0.44;3054.54;0.33;
19:07:58.650756;22:07:58.257800;7533.20;7534.00;7535.40;7538.70;10.00;11.74;1.062254.22;0.44;2828.82;0.35;
19:07:59.258124;22:07:59.257127;7533.10;7533.80;7535.40;7538.70;0.00;-7.92;1.092164.59;0.46;2828.82;0.35;
19:08:00.258348;22:08:00.256352;7533.20;7533.80;7535.40;7538.70;9.60;-7.60;1.642086.89;0.48;2828.82;0.35;
19:08:00.859250;22:08:00.256352;7533.20;7533.80;7535.90;7539.20;-38.85;-55.38;0.812086.89;0.48;2772.25;0.36;
19:08:01.259701;22:08:01.257706;7533.40;7534.20;7535.90;7539.20;-18.15;-14.81;1.142019.05;0.50;2772.25;0.36;
19:08:01.358960;22:08:01.257706;7533.40;7534.20;7535.60;7538.90;11.43;14.64;0.792019.05;0.50;2582.87;0.39;
19:08:02.359097;22:08:02.358095;7533.30;7534.10;7535.60;7538.90;1.38;4.48;0.711965.01;0.51;2582.87;0.39;
19:08:04.156391;22:08:02.358095;7533.30;7534.10;7535.40;7538.70;20.67;23.67;0.711965.01;0.51;2599.45;0.38;
19:08:04.361845;22:08:04.360844;7533.10;7533.80;7535.40;7538.70;0.65;-6.13;1.211967.11;0.51;2599.45;0.38;
19:08:05.463879;22:08:05.461884;7533.10;7533.70;7535.40;7538.70;0.63;-15.63;0.751921.52;0.52;2599.45;0.38;
19:08:06.155647;22:08:05.461884;7533.10;7533.70;7535.10;7538.40;29.70;13.94;0.691921.52;0.52;2556.58;0.39;
19:08:06.461572;22:08:06.459584;7532.80;7533.60;7535.10;7538.40;-0.29;3.82;0.731875.33;0.53;2556.58;0.39;
19:08:07.461853;22:08:07.460625;7532.90;7533.60;7535.10;7538.40;9.43;3.71;0.731833.70;0.55;2556.58;0.39;
19:08:10.562727;22:08:10.561740;7532.80;7533.50;7535.10;7538.40;-0.56;-6.11;1.311891.31;0.53;2556.58;0.39;
19:08:10.751223;22:08:10.561740;7532.80;7533.50;7535.20;7538.40;-0.54;-15.68;0.881891.31;0.53;2692.45;0.37;
19:08:11.349217;22:08:10.561740;7532.80;7533.50;7534.90;7538.10;28.68;13.95;0.881891.31;0.53;2561.54;0.39;
19:08:11.565455;22:08:11.563461;7532.20;7533.00;7534.90;7538.10;-30.51;-35.13;1.411852.63;0.54;2561.54;0.39;
19:08:11.861667;22:08:11.563461;7532.20;7533.00;7534.70;7537.90;-10.25;-14.75;1.411852.63;0.54;2441.01;0.41;
19:08:12.151886;22:08:11.563461;7532.20;7533.00;7534.90;7538.10;-29.51;-33.90;0.901852.63;0.54;2321.58;0.43;
19:08:12.564834;22:08:12.563337;7532.60;7533.30;7534.90;7538.10;10.24;-3.81;1.191817.10;0.55;2321.58;0.43;
19:08:14.460283;22:08:13.664146;7532.60;7533.30;7535.20;7538.40;-19.30;-33.02;1.191788.45;0.56;2320.83;0.43;
19:08:14.944691;22:08:14.665910;7532.60;7533.30;7534.70;7537.90;30.00;16.59;0.681758.19;0.57;2229.06;0.45;
19:08:15.666006;22:08:15.664767;7532.40;7533.20;7534.70;7537.90;9.78;6.44;0.741730.07;0.58;2229.06;0.45;
19:08:16.657179;22:08:15.664767;7532.40;7533.20;7534.90;7538.10;-10.00;-13.26;0.601730.07;0.58;2204.41;0.45;
19:08:16.767908;22:08:16.766885;7532.40;7533.10;7534.90;7538.10;-9.79;-22.77;0.651707.64;0.59;2204.41;0.45;
19:08:16.949397;22:08:16.766885;7532.40;7533.10;7534.70;7537.90;10.00;-2.71;0.691707.64;0.59;2117.54;0.47;
19:08:17.752089;22:08:16.766885;7532.40;7533.10;7534.90;7538.10;-9.80;-22.24;0.311707.64;0.59;2060.37;0.49;
19:08:17.777521;22:08:17.769544;7532.60;7533.30;7534.90;7538.10;10.00;-2.20;0.471683.33;0.59;2060.37;0.49;
19:08:19.354730;22:08:18.768284;7532.60;7533.30;7534.70;7537.90;29.41;17.45;0.471660.51;0.60;2041.26;0.49;
19:08:19.768662;22:08:19.767661;7532.90;7533.70;7534.70;7537.90;58.27;56.35;0.471639.18;0.61;2041.26;0.49;
19:08:19.949172;22:08:19.767661;7532.90;7533.70;7534.90;7538.10;37.55;35.66;0.501639.18;0.61;1983.39;0.50;
19:08:20.252217;22:08:19.767661;7532.90;7533.70;7535.20;7538.40;7.41;5.56;0.581639.18;0.61;1918.72;0.52;
19:08:20.869118;22:08:20.868120;7532.90;7533.60;7535.20;7538.40;7.27;-4.36;0.501622.35;0.62;1918.72;0.52;
19:08:21.868802;22:08:21.867511;7532.80;7533.60;7535.20;7538.40;-2.68;-4.29;0.641603.47;0.62;1918.72;0.52;
19:08:22.869967;22:08:22.867972;7532.60;7533.30;7535.20;7538.40;-22.28;-33.68;0.821585.74;0.63;1918.72;0.52;
19:08:23.056980;22:08:22.867972;7532.60;7533.30;7534.90;7538.10;7.59;-3.62;0.751585.74;0.63;1951.54;0.51;
19:08:24.975544;22:08:24.973541;7532.40;7533.10;7534.90;7538.10;-12.20;-23.22;1.101514.07;0.66;1951.54;0.51;
19:08:25.171007;22:08:24.973541;7532.40;7533.10;7534.70;7537.90;7.67;-3.17;0.751514.07;0.66;1956.80;0.51;
19:08:26.647191;22:08:24.973541;7532.40;7533.10;7534.20;7537.40;56.72;46.07;0.601514.07;0.66;1940.75;0.52;
19:08:26.946396;22:08:24.973541;7532.40;7533.10;7533.90;7537.10;85.32;74.84;0.311514.07;0.66;1886.03;0.53;
19:08:26.981300;22:08:26.979304;7531.60;7532.30;7533.90;7537.10;5.24;-5.08;0.841527.01;0.65;1886.03;0.53;
19:08:27.756063;22:08:26.979304;7531.60;7532.30;7533.90;7537.20;-4.69;-5.00;1.001527.01;0.65;1851.28;0.54;
19:08:28.051709;22:08:26.979304;7531.60;7532.30;7533.60;7536.90;24.92;24.62;0.791527.01;0.65;1802.66;0.55;
19:08:28.081976;22:08:28.079974;7531.10;7531.80;7533.60;7536.90;-24.70;-25.00;1.061516.08;0.66;1802.66;0.55;
19:08:28.352734;22:08:28.079974;7531.10;7531.80;7533.40;7536.70;-4.63;-4.93;0.811516.08;0.66;1757.22;0.57;
19:08:29.045215;22:08:28.079974;7531.10;7531.80;7533.60;7536.90;-24.26;-24.56;0.861516.08;0.66;1725.87;0.58;
19:08:29.086814;22:08:29.070811;7531.30;7532.10;7533.60;7536.90;-4.20;5.36;0.891502.95;0.67;1725.87;0.58;
19:08:30.075447;22:08:30.074450;7531.20;7532.00;7533.60;7536.90;-14.00;-4.57;1.061490.77;0.67;1725.87;0.58;
19:08:30.746193;22:08:30.074450;7531.20;7532.00;7533.40;7536.60;15.77;15.21;1.271490.77;0.67;1725.13;0.58;
19:08:31.076325;22:08:31.075328;7531.10;7531.80;7533.40;7536.60;5.69;-4.72;1.801479.10;0.68;1725.13;0.58;
19:08:35.759337;22:08:35.273530;7531.10;7531.80;7533.90;7537.10;-43.70;-53.97;0.671441.73;0.69;1816.52;0.55;
19:08:36.254399;22:08:35.273530;7531.10;7531.80;7533.70;7536.90;-23.38;-33.51;0.611441.73;0.69;1780.75;0.56;
19:08:36.287311;22:08:36.274344;7531.30;7532.00;7533.70;7536.90;-3.33;-13.33;0.891432.35;0.70;1780.75;0.56;
19:08:36.748081;22:08:36.274344;7531.30;7532.00;7533.40;7536.60;26.32;16.45;0.421432.35;0.70;1746.86;0.57;
19:08:37.061241;22:08:36.274344;7531.30;7532.00;7533.20;7536.40;45.71;35.97;0.421432.35;0.70;1710.12;0.58;
19:08:37.276430;22:08:37.274435;7531.10;7531.60;7533.20;7536.40;25.38;-3.97;0.691423.35;0.70;1710.12;0.58;
19:08:37.365193;22:08:37.274435;7531.10;7531.60;7533.40;7536.60;5.32;-23.67;0.451423.35;0.70;1674.64;0.60;
19:08:38.278817;22:08:38.277814;7531.10;7531.80;7533.40;7536.60;5.25;-3.63;0.451414.78;0.71;1674.64;0.60;
19:08:40.056318;22:08:39.376688;7531.10;7531.80;7533.70;7536.90;-24.44;-33.21;0.441408.46;0.71;1699.75;0.59;
19:08:40.662414;22:08:40.375642;7531.10;7531.80;7533.40;7536.60;5.49;-3.17;0.301400.43;0.71;1673.69;0.60;
19:08:41.382486;22:08:40.375642;7531.20;7531.80;7533.40;7536.60;15.30;-3.13;0.431392.84;0.72;1673.69;0.60;
19:08:41.430356;22:08:41.386474;7531.20;7531.90;7533.40;7536.60;15.12;6.79;0.541392.84;0.72;1673.69;0.60;
19:08:41.465262;22:08:41.386474;7531.20;7531.90;7533.70;7536.90;-14.71;-22.94;0.311392.84;0.72;1653.18;0.60;
19:08:42.147805;22:08:41.386474;7531.20;7531.90;7533.40;7536.60;15.12;6.98;0.311392.84;0.72;1631.39;0.61;
19:08:42.378188;22:08:42.377191;7531.10;7531.80;7533.40;7536.60;5.06;-2.99;0.431385.25;0.72;1631.39;0.61;
19:08:44.499531;22:08:44.497531;7531.20;7531.80;7533.40;7536.60;14.89;-2.95;0.251373.32;0.73;1631.39;0.61;
19:08:46.588249;22:08:46.584257;7531.10;7531.70;7533.40;7536.60;4.83;-12.81;0.381386.04;0.72;1631.39;0.61;
19:08:47.580637;22:08:47.579638;7530.90;7531.50;7533.40;7536.60;-15.00;-32.44;0.461379.19;0.73;1631.39;0.61;
19:08:47.750181;22:08:47.579638;7530.90;7531.50;7533.20;7536.40;4.95;-12.31;0.501379.19;0.73;1719.64;0.58;
19:08:48.581654;22:08:48.579667;7530.80;7531.40;7533.20;7536.40;-5.00;-22.07;0.811372.65;0.73;1719.64;0.58;
19:08:49.583311;22:08:49.581316;7530.80;7531.50;7533.20;7536.40;-4.95;-11.94;0.811366.35;0.73;1719.64;0.58;
19:08:50.249852;22:08:49.581316;7530.80;7531.50;7533.40;7536.60;-24.68;-31.60;0.601366.35;0.73;1736.59;0.58;
19:08:50.682599;22:08:50.680609;7531.10;7531.70;7533.40;7536.60;5.26;-11.47;1.211361.90;0.73;1736.59;0.58;
19:08:51.155336;22:08:50.680609;7531.10;7531.70;7533.20;7536.40;25.00;8.44;1.421361.90;0.73;1718.87;0.58;
19:08:51.684122;22:08:51.682125;7530.80;7531.50;7533.20;7536.40;-4.95;-11.44;1.671355.99;0.74;1718.87;0.58;
19:08:52.684128;22:08:52.682134;7530.90;7531.60;7533.20;7536.40;5.00;-1.43;1.751350.25;0.74;1718.87;0.58;
19:08:53.785424;22:08:53.783174;7530.80;7531.60;7533.20;7536.40;-4.95;-1.41;1.671346.29;0.74;1718.87;0.58;
19:08:54.784555;22:08:54.783595;7530.90;7531.60;7533.20;7536.40;5.00;-1.40;1.421340.88;0.75;1718.87;0.58;
19:08:55.785409;22:08:55.783620;7530.80;7531.50;7533.20;7536.40;-4.95;-11.29;2.381335.63;0.75;1718.87;0.58;
19:08:56.794458;22:08:56.793461;7530.60;7531.30;7533.20;7536.40;-24.71;-30.98;2.631330.70;0.75;1718.87;0.58;
19:08:57.149032;22:08:56.793461;7530.60;7531.30;7532.70;7535.90;25.05;18.83;1.111330.70;0.75;1807.93;0.55;
19:08:57.891804;22:08:57.889808;7530.20;7530.90;7532.70;7535.90;-14.81;-20.96;2.001327.20;0.75;1807.93;0.55;
19:08:59.252421;22:08:57.889808;7530.20;7530.90;7532.40;7535.60;15.05;8.95;1.151327.20;0.75;1813.96;0.55;
19:08:59.888701;22:08:59.887411;7530.10;7530.80;7532.40;7535.60;5.00;-1.04;1.561337.06;0.75;1813.96;0.55;
19:09:02.845917;22:08:59.887411;7530.10;7530.80;7532.70;7535.90;-24.77;-30.75;0.911337.06;0.75;1849.55;0.54;
19:09:02.992010;22:09:02.991012;7529.80;7530.50;7532.70;7535.90;-54.26;-60.19;1.091362.66;0.73;1849.55;0.54;
19:09:03.149182;22:09:02.991012;7529.80;7530.50;7532.20;7535.40;-4.22;-10.09;0.721362.66;0.73;1819.23;0.55;
19:09:03.650604;22:09:02.991012;7529.80;7530.50;7532.40;7535.60;-24.00;-29.82;0.611362.66;0.73;1793.89;0.56;
19:09:03.990695;22:09:03.987703;7530.20;7530.90;7532.40;7535.60;15.86;10.09;0.781357.43;0.74;1793.89;0.56;
19:09:04.076463;22:09:03.987703;7530.20;7530.90;7532.70;7535.90;-14.02;-19.73;0.571357.43;0.74;1767.79;0.57;
19:09:04.992544;22:09:04.990550;7530.20;7531.00;7532.70;7535.90;-13.89;-9.65;0.781352.44;0.74;1767.79;0.57;
19:09:06.089440;22:09:06.089440;7530.20;7530.90;7532.70;7535.90;-13.77;-19.47;0.561348.92;0.74;1767.79;0.57;
19:09:07.092100;22:09:07.091103;7530.10;7530.80;7532.70;7535.90;-23.57;-29.22;0.771344.16;0.74;1767.79;0.57;
19:09:07.252669;22:09:07.091103;7530.10;7530.80;7532.40;7535.60;6.38;0.78;0.561344.16;0.74;1794.13;0.56;
19:09:09.200193;22:09:09.199196;7530.10;7530.70;7532.40;7535.60;6.32;-9.15;0.731336.42;0.75;1794.13;0.56;
19:09:10.191687;22:09:10.190705;7529.80;7530.50;7532.40;7535.60;-23.47;-28.90;0.691331.88;0.75;1794.13;0.56;
19:09:10.451014;22:09:10.190705;7529.80;7530.50;7532.20;7535.40;-3.45;-8.82;0.901331.88;0.75;1819.68;0.55;
19:09:12.206143;22:09:12.201159;7529.70;7530.40;7532.20;7535.40;-13.33;-18.67;1.251340.70;0.75;1819.68;0.55;
19:09:12.752681;22:09:12.201159;7529.70;7530.40;7531.90;7535.10;16.53;11.24;0.551340.70;0.75;1828.27;0.55;
19:09:13.295509;22:09:13.291556;7529.60;7530.30;7531.90;7535.10;6.48;1.23;0.881337.49;0.75;1828.27;0.55;
19:09:13.649565;22:09:13.291556;7529.60;7530.30;7531.70;7534.90;26.26;21.06;0.651337.49;0.75;1811.91;0.55;
19:09:14.293970;22:09:14.291973;7529.30;7530.00;7531.70;7534.90;-3.71;-8.87;0.901333.22;0.75;1811.91;0.55;
19:09:15.294256;22:09:15.293258;7529.60;7530.30;7531.70;7534.90;26.08;20.96;1.101329.07;0.75;1811.91;0.55;
19:09:15.349111;22:09:15.293258;7529.60;7530.30;7531.90;7535.10;6.03;0.95;1.221329.07;0.75;1809.96;0.55;
19:09:16.394635;22:09:16.393639;7529.60;7530.20;7531.90;7535.10;5.98;-8.98;1.221326.25;0.75;1809.96;0.55;
19:09:16.946169;22:09:16.393639;7529.60;7530.20;7531.70;7534.90;25.78;10.94;0.771326.25;0.75;1806.35;0.55;
19:09:17.394960;22:09:17.393962;7529.30;7530.00;7531.70;7534.90;-4.19;-8.99;1.221322.27;0.76;1806.35;0.55;
19:09:18.352964;22:09:17.393962;7529.30;7530.00;7531.40;7534.60;25.62;20.85;0.831322.27;0.76;1799.69;0.56;
19:09:18.396845;22:09:18.395847;7529.10;7529.80;7531.40;7534.60;5.57;0.84;1.331318.41;0.76;1799.69;0.56;
19:09:19.396176;22:09:19.395182;7529.10;7529.70;7531.40;7534.60;5.53;-9.09;1.281314.61;0.76;1799.69;0.56;
19:09:19.949681;22:09:19.395182;7529.10;7529.70;7531.20;7534.40;25.34;10.83;1.281314.61;0.76;1796.38;0.56;
19:09:20.362580;22:09:19.395182;7529.10;7529.70;7531.40;7534.40;25.15;-9.10;0.851314.61;0.76;1774.07;0.56;
19:09:20.380532;22:09:19.395182;7529.10;7529.70;7531.40;7534.60;5.11;-9.04;0.501314.61;0.76;1774.07;0.56;
19:09:22.503174;22:09:22.501191;7529.10;7529.60;7531.40;7534.60;5.07;-18.90;0.671320.15;0.76;1774.07;0.56;
19:09:23.057769;22:09:22.501191;7529.10;7529.60;7531.20;7534.40;24.89;1.09;0.501320.15;0.76;1788.59;0.56;
19:09:23.452715;22:09:23.114618;7529.10;7529.60;7531.40;7534.60;4.86;-18.77;0.501312.02;0.76;1766.86;0.57;
19:09:23.500586;22:09:23.498591;7529.10;7529.70;7531.40;7534.60;4.82;-8.71;0.321301.48;0.77;1766.86;0.57;
19:09:29.701600;22:09:29.700603;7529.40;7530.10;7531.40;7534.60;34.57;31.07;0.881356.54;0.74;1766.86;0.57;
19:09:29.852197;22:09:29.700603;7529.40;7530.10;7531.70;7534.90;4.54;1.06;0.451356.54;0.74;1838.15;0.54;
19:09:30.703458;22:09:30.702459;7529.30;7530.00;7531.70;7534.90;-5.42;-8.87;0.501352.59;0.74;1838.15;0.54;
19:09:33.353829;22:09:30.702459;7529.30;7530.00;7531.90;7535.10;-25.24;-28.67;0.501352.59;0.74;1863.34;0.54;
19:09:33.805161;22:09:33.803166;7529.60;7530.30;7531.90;7535.10;4.72;1.32;0.851371.80;0.73;1863.34;0.54;
19:09:35.257261;22:09:33.803166;7529.60;7530.30;7532.20;7535.40;-25.10;-28.48;0.711371.80;0.73;1863.94;0.54;
19:09:35.906728;22:09:35.905730;7529.70;7530.40;7532.20;7535.40;-15.00;-18.36;0.751379.74;0.72;1863.94;0.54;
19:09:36.906085;22:09:36.905087;7529.60;7530.30;7532.20;7535.40;-24.83;-28.16;1.001375.65;0.73;1863.94;0.54;
19:09:37.047015;22:09:36.905087;7529.60;7530.30;7531.90;7535.10;5.14;1.82;0.911375.65;0.73;1862.85;0.54;
19:09:38.447744;22:09:37.906194;7529.60;7530.30;7532.20;7535.40;-24.70;-27.99;0.681371.67;0.73;1856.16;0.54;
19:09:39.006921;22:09:39.004936;7529.70;7530.40;7532.20;7535.40;-14.60;-17.87;0.501368.79;0.73;1856.16;0.54;
19:09:40.007942;22:09:40.005947;7529.80;7530.50;7532.20;7535.40;-4.57;-7.81;0.731364.96;0.73;1856.16;0.54;
19:09:42.871337;22:09:40.005947;7529.80;7530.50;7531.90;7535.10;25.26;22.04;0.501364.96;0.73;1892.84;0.53;
19:09:43.109699;22:09:43.108701;7529.20;7530.00;7531.90;7535.10;-34.51;-27.78;1.041382.88;0.72;1892.84;0.53;
19:09:43.256307;22:09:43.108701;7529.20;7530.00;7531.70;7534.90;-14.42;-7.73;0.681382.88;0.72;1871.60;0.53;
19:09:44.109250;22:09:44.108214;7529.40;7530.10;7531.70;7534.90;5.55;2.26;1.001378.97;0.73;1871.60;0.53;
19:09:45.112951;22:09:45.109962;7529.30;7530.00;7531.70;7534.90;-4.42;-7.69;1.001375.16;0.73;1871.60;0.53;
19:09:45.752946;22:09:45.109962;7529.30;7530.00;7531.40;7534.60;25.41;22.17;0.711375.16;0.73;1880.28;0.53;
19:09:46.110581;22:09:46.108585;7529.10;7529.70;7531.40;7534.60;5.38;-7.78;1.141371.39;0.73;1880.28;0.53;
19:09:48.157893;22:09:46.108585;7529.10;7529.70;7531.20;7534.40;25.22;12.14;1.251371.39;0.73;1887.47;0.53;
19:09:48.231692;22:09:48.217730;7528.80;7529.50;7531.20;7534.40;-4.75;-7.81;1.401377.47;0.73;1887.47;0.53;
19:09:50.250402;22:09:48.217730;7528.80;7529.50;7530.90;7534.10;25.09;22.05;1.001377.47;0.73;1890.24;0.53;
19:09:50.337160;22:09:50.311229;7528.60;7529.30;7530.90;7534.10;5.06;2.04;1.501388.46;0.72;1890.24;0.53;
19:09:50.756043;22:09:50.311229;7528.60;7529.30;7531.00;7534.10;5.03;-7.91;0.901388.46;0.72;1871.77;0.53;
19:09:55.347757;22:09:53.313150;7528.60;7529.30;7531.20;7534.30;-14.88;-27.74;0.901387.46;0.72;1907.56;0.52;
19:09:55.422554;22:09:55.421555;7528.90;7529.60;7531.20;7534.30;15.03;2.24;1.051387.53;0.72;1907.56;0.52;
19:09:56.417562;22:09:56.415570;7528.60;7529.30;7531.20;7534.30;-14.88;-27.59;1.241325.45;0.75;1907.56;0.52;
19:09:56.765147;22:09:56.415570;7528.60;7529.30;7531.00;7534.10;5.09;-7.54;1.371325.45;0.75;1901.18;0.53;
19:09:57.415745;22:09:57.414748;7528.60;7529.20;7531.00;7534.10;5.06;-17.44;1.161325.32;0.75;1901.18;0.53;
19:10:00.518138;22:10:00.517137;7528.60;7529.30;7531.00;7534.10;5.03;-7.40;1.531315.47;0.76;1901.18;0.53;
19:10:01.517840;22:10:01.516837;7528.80;7529.50;7531.00;7534.10;24.88;12.53;1.471284.39;0.78;1901.18;0.53;
19:10:01.950798;22:10:01.516837;7528.80;7529.50;7531.20;7534.30;4.85;-7.43;1.691284.39;0.78;1943.30;0.51;
19:10:02.620064;22:10:02.619052;7528.60;7529.30;7531.20;7534.30;-15.06;-27.27;1.691264.46;0.79;1943.30;0.51;
19:10:03.623964;22:10:03.622970;7529.30;7529.90;7531.20;7534.30;54.62;32.54;2.921253.47;0.80;1930.08;0.52;
19:10:03.746643;22:10:03.622970;7529.30;7529.90;7531.70;7534.80;4.60;-17.36;1.941253.47;0.80;1917.14;0.52;
19:10:04.059809;22:10:03.622970;7529.30;7529.90;7531.20;7534.30;54.29;32.46;1.041253.47;0.80;1897.34;0.53;
19:10:04.450749;22:10:03.622970;7529.30;7529.90;7531.50;7534.60;24.15;2.44;0.681253.47;0.80;1878.97;0.53;
19:10:04.619340;22:10:04.618342;7529.10;7529.70;7531.50;7534.60;4.12;-17.46;0.901253.43;0.80;1878.97;0.53;
19:10:05.722210;22:10:05.721209;7529.10;7529.60;7531.50;7534.60;4.10;-27.30;0.901254.45;0.80;1878.97;0.53;
19:10:07.568652;22:10:05.721209;7529.10;7529.60;7531.70;7534.80;-15.81;-47.04;0.761254.45;0.80;1893.88;0.53;
19:10:07.721754;22:10:07.720757;7529.10;7529.80;7531.70;7534.80;-15.72;-26.89;0.711264.43;0.79;1893.88;0.53;
19:10:07.956127;22:10:07.720757;7529.10;7529.80;7531.50;7534.60;4.25;-6.85;0.711264.43;0.79;1875.95;0.53;
19:10:08.722084;22:10:08.721084;7529.10;7529.70;7531.50;7534.60;4.23;-16.76;0.621263.43;0.79;1875.95;0.53;
19:10:09.453903;22:10:08.721084;7529.10;7529.70;7531.20;7534.30;34.04;13.17;0.201263.43;0.79;1871.48;0.53;
19:10:09.821921;22:10:09.820920;7528.90;7529.60;7531.20;7534.30;13.97;3.15;0.371254.39;0.80;1871.48;0.53;
19:10:10.823402;22:10:10.821406;7529.10;7529.70;7531.20;7534.30;33.78;13.08;0.701253.39;0.80;1871.48;0.53;
19:10:10.945075;22:10:10.821406;7529.10;7529.70;7531.50;7534.60;3.76;-16.83;0.701253.39;0.80;1867.08;0.54;
19:10:11.347000;22:10:10.821406;7529.10;7529.70;7531.20;7534.30;33.58;13.10;0.381253.39;0.80;1850.22;0.54;
19:10:11.823738;22:10:11.822743;7528.80;7529.50;7531.20;7534.30;3.56;-6.86;0.541253.42;0.80;1850.22;0.54;
19:10:12.248825;22:10:11.822743;7528.80;7529.50;7531.00;7534.10;23.44;13.07;0.541253.42;0.80;1839.45;0.54;
19:10:12.757466;22:10:11.822743;7528.80;7529.50;7531.20;7534.30;3.42;-6.89;0.401253.42;0.80;1824.51;0.55;
19:10:12.826306;22:10:12.822290;7528.70;7529.40;7531.20;7534.30;-6.54;-16.81;0.541253.40;0.80;1824.51;0.55;
19:10:14.940829;22:10:14.937837;7528.80;7529.50;7531.20;7534.30;3.44;-6.77;0.581243.55;0.80;1824.51;0.55;
19:10:15.745923;22:10:14.937837;7528.80;7529.50;7531.00;7534.10;23.32;13.16;0.631243.55;0.80;1837.43;0.54;
19:10:15.938414;22:10:15.937417;7528.60;7529.30;7531.00;7534.10;3.30;-6.80;0.671243.52;0.80;1837.43;0.54;
19:10:18.680594;22:10:18.024830;7528.60;7529.30;7531.20;7534.30;-16.62;-26.67;0.461254.40;0.80;1849.38;0.54;
19:10:19.029662;22:10:19.028665;7529.10;7529.70;7531.20;7534.30;33.21;13.27;1.001253.43;0.80;1849.38;0.54;
19:10:19.246100;22:10:19.028665;7529.10;7529.70;7531.50;7534.60;3.20;-16.65;1.001253.43;0.80;1835.54;0.54;
19:10:19.870860;22:10:19.028665;7529.10;7529.70;7531.20;7534.30;33.03;13.28;0.611253.43;0.80;1822.41;0.55;
19:10:20.028434;22:10:20.026441;7528.90;7529.60;7531.20;7534.30;12.96;3.27;0.831253.39;0.80;1822.41;0.55;
19:10:22.136209;22:10:22.130226;7528.80;7529.60;7531.20;7534.30;2.95;3.25;1.051264.44;0.79;1822.41;0.55;
19:10:24.162376;22:10:24.128472;7528.80;7529.50;7531.20;7534.30;2.94;-6.72;1.001263.37;0.79;1822.41;0.55;
19:10:25.228558;22:10:25.227569;7528.30;7529.10;7531.20;7534.30;-46.83;-46.49;1.351264.38;0.79;1822.41;0.55;
19:10:26.230503;22:10:26.228510;7528.80;7529.60;7531.20;7534.30;3.15;3.50;2.311264.39;0.79;1822.41;0.55;
19:10:28.232549;22:10:28.231346;7528.60;7529.30;7531.20;7534.30;-16.76;-26.37;2.381273.42;0.79;1822.41;0.55;
19:10:28.545772;22:10:28.231346;7528.60;7529.30;7531.00;7534.10;3.22;-6.34;2.381273.42;0.79;1895.41;0.53;
19:10:30.255241;22:10:28.231346;7528.60;7529.30;7530.70;7533.80;33.06;23.54;1.321273.42;0.79;1893.44;0.53;
19:10:30.333548;22:10:30.331552;7528.50;7529.20;7530.70;7533.80;22.95;13.48;1.941284.42;0.78;1893.44;0.53;
19:10:31.052139;22:10:30.331552;7528.50;7529.20;7531.20;7534.30;-26.92;-36.35;1.551284.42;0.78;1882.03;0.53;
19:10:31.333455;22:10:31.332391;7528.80;7529.60;7531.20;7534.30;3.06;3.64;1.751284.43;0.78;1882.03;0.53;
19:10:34.173692;22:10:31.332391;7528.80;7529.60;7531.00;7534.10;22.95;23.52;1.421284.43;0.78;1894.71;0.53;
19:10:34.441974;22:10:34.440977;7528.60;7529.30;7531.00;7534.10;2.94;-6.45;1.581313.48;0.76;1894.71;0.53;
19:10:35.059846;22:10:34.440977;7528.60;7529.30;7531.20;7534.30;-16.98;-26.32;1.041313.48;0.76;1884.48;0.53;
19:10:35.437257;22:10:35.436261;7528.80;7529.60;7531.20;7534.30;3.00;3.66;0.861315.44;0.76;1884.48;0.53;
19:10:38.954091;22:10:35.436261;7528.80;7529.60;7531.00;7534.10;22.90;23.55;0.591315.44;0.76;1904.78;0.52;
19:10:39.638045;22:10:39.636049;7528.60;7529.30;7531.00;7534.10;2.88;-6.42;0.861346.41;0.74;1904.78;0.52;
19:10:39.948214;22:10:39.636049;7528.60;7529.30;7531.20;7534.30;-17.04;-26.30;0.921346.41;0.74;1895.68;0.53;
19:10:40.635427;22:10:40.634428;7528.80;7529.70;7531.20;7534.30;2.95;13.64;1.081336.34;0.75;1895.68;0.53;
19:10:41.637746;22:10:41.635754;7528.80;7529.60;7531.20;7534.30;2.94;3.62;1.811335.34;0.75;1895.68;0.53;
19:10:42.637748;22:10:42.635752;7529.60;7530.30;7531.20;7534.30;82.56;73.29;2.311335.43;0.75;1895.68;0.53;
19:10:42.653219;22:10:42.635752;7529.60;7530.30;7532.00;7535.10;2.55;-6.68;1.321335.43;0.75;1917.84;0.52;
19:10:44.354846;22:10:43.736165;7529.60;7530.30;7532.20;7535.30;-17.38;-26.56;1.001336.40;0.75;1909.81;0.52;
19:10:44.739785;22:10:44.738785;7529.90;7530.70;7532.20;7535.30;12.57;13.38;1.391336.41;0.75;1909.81;0.52;
19:10:45.739218;22:10:45.738222;7529.60;7530.30;7532.20;7535.30;-17.35;-26.50;1.461335.39;0.75;1909.81;0.52;
19:10:45.756179;22:10:45.738222;7529.60;7530.30;7532.00;7535.10;2.63;-6.47;1.461335.39;0.75;1890.75;0.53;
19:10:47.652894;22:10:46.738255;7529.60;7530.30;7531.70;7534.80;32.49;23.42;1.061335.43;0.75;1832.83;0.55;
19:10:47.847376;22:10:47.845385;7529.30;7530.00;7531.70;7534.80;2.48;-6.55;1.401336.50;0.75;1832.83;0.55;
19:10:48.756265;22:10:47.845385;7529.30;7530.00;7531.50;7534.60;22.38;13.39;1.061336.50;0.75;1839.80;0.54;
19:10:48.865967;22:10:48.843028;7529.10;7529.80;7531.50;7534.60;2.37;-6.58;1.151335.48;0.75;1839.80;0.54;
19:10:49.846163;22:10:49.844169;7528.90;7529.60;7531.50;7534.60;-17.55;-26.46;0.821335.48;0.75;1839.80;0.54;
19:10:49.879074;22:10:49.844169;7528.90;7529.60;7531.20;7534.30;12.39;3.52;1.171335.48;0.75;1811.80;0.55;
19:10:50.941816;22:10:50.939774;7528.80;7529.60;7531.20;7534.30;2.38;3.51;1.451336.44;0.75;1811.80;0.55;
19:10:52.941301;22:10:52.940304;7528.90;7529.60;7531.20;7534.30;12.33;3.49;1.151346.41;0.74;1811.80;0.55;
19:10:53.352204;22:10:52.940304;7528.90;7529.60;7531.00;7534.10;32.19;23.39;0.671346.41;0.74;1807.77;0.55;
19:10:53.945168;22:10:53.945168;7528.80;7529.60;7531.00;7534.10;22.09;23.29;0.851345.46;0.74;1807.77;0.55;
19:10:54.154599;22:10:53.945168;7528.80;7529.60;7531.20;7534.30;2.09;3.28;0.941345.46;0.74;1778.84;0.56;
19:10:54.448340;22:10:53.945168;7528.80;7529.60;7531.00;7534.10;21.99;23.18;0.501345.46;0.74;1765.77;0.57;
19:10:55.059708;22:10:55.045752;7528.60;7529.30;7531.00;7534.10;1.98;-6.79;0.891346.47;0.74;1765.77;0.57;
19:10:56.546609;22:10:56.042019;7528.60;7529.30;7531.20;7534.30;-17.94;-26.68;0.551346.38;0.74;1778.78;0.56;
19:10:57.042809;22:10:57.041812;7528.90;7529.60;7531.20;7534.30;12.01;3.31;0.641346.47;0.74;1778.78;0.56;
19:10:58.144705;22:10:58.144705;7528.90;7529.70;7531.20;7534.30;11.96;13.25;0.941346.48;0.74;1778.78;0.56;
19:11:01.146729;22:11:01.144733;7529.30;7530.10;7531.20;7534.30;51.74;53.03;1.381366.34;0.73;1778.78;0.56;
19:11:01.249452;22:11:01.144733;7529.30;7530.10;7531.70;7534.80;1.74;3.02;0.811366.34;0.73;1803.74;0.55;
19:11:02.962747;22:11:01.144733;7529.30;7530.10;7532.00;7535.10;-28.15;-26.87;0.751366.34;0.73;1815.88;0.55;
19:11:03.248211;22:11:03.247211;7529.60;7530.20;7532.00;7535.10;1.84;-16.80;0.861366.49;0.73;1815.88;0.55;
19:11:04.247890;22:11:04.245894;7529.70;7530.30;7532.00;7535.10;11.80;-6.78;1.081366.53;0.73;1815.88;0.55;
19:11:04.649816;22:11:04.245894;7529.70;7530.30;7532.20;7535.30;-8.17;-26.67;1.081366.53;0.73;1804.76;0.55;
19:11:05.046489;22:11:04.245894;7529.70;7530.30;7532.00;7535.10;11.78;-6.64;0.751366.53;0.73;1788.73;0.56;
19:11:05.347541;22:11:05.346533;7529.30;7530.00;7532.00;7535.10;-28.10;-36.49;1.171367.53;0.73;1788.73;0.56;
19:11:05.445268;22:11:05.346533;7529.30;7530.00;7531.70;7534.80;1.89;-6.47;0.731367.53;0.73;1746.77;0.57;
19:11:06.347857;22:11:06.346860;7529.40;7530.20;7531.70;7534.80;11.84;13.48;0.801367.53;0.73;1746.77;0.57;
19:11:06.654904;22:11:06.346860;7529.40;7530.20;7531.50;7534.60;31.71;33.35;0.471367.53;0.73;1752.88;0.57;
19:11:07.351246;22:11:07.349251;7529.30;7530.10;7531.50;7534.60;21.63;23.25;0.751366.56;0.73;1752.88;0.57;
19:11:07.647465;22:11:07.349251;7529.30;7530.10;7531.70;7534.80;1.62;3.24;0.821366.56;0.73;1757.68;0.57;
19:11:08.147146;22:11:07.349251;7529.30;7530.10;7532.20;7535.30;-48.19;-46.57;0.441366.56;0.73;1759.75;0.57;
19:11:08.349605;22:11:08.347609;7529.80;7530.50;7532.20;7535.30;1.80;-6.55;0.661366.53;0.73;1759.75;0.57;
19:11:09.460127;22:11:09.456139;7529.80;7530.60;7532.20;7535.30;1.80;3.44;0.791367.61;0.73;1759.75;0.57;
19:11:09.950891;22:11:09.456139;7529.80;7530.60;7532.00;7535.10;21.71;23.35;0.791367.61;0.73;1754.71;0.57;
19:11:10.450486;22:11:10.448483;7529.30;7530.00;7532.00;7535.10;-28.18;-36.51;0.931366.53;0.73;1754.71;0.57;
19:11:10.747576;22:11:10.448483;7529.30;7530.00;7531.70;7534.80;1.81;-6.49;0.931366.53;0.73;1757.82;0.57;
19:11:11.449585;22:11:11.448594;7529.30;7530.10;7531.70;7534.80;1.81;3.50;0.861366.53;0.73;1757.82;0.57;
19:11:12.454657;22:11:12.452669;7529.40;7530.20;7531.70;7534.80;11.76;13.45;1.081366.57;0.73;1757.82;0.57;
19:11:13.448566;22:11:12.452669;7529.40;7530.20;7532.50;7535.60;-67.98;-66.30;0.601366.57;0.73;1767.72;0.57;
19:11:13.555281;22:11:13.553285;7530.10;7530.80;7532.50;7535.60;2.02;-6.27;1.031367.48;0.73;1767.72;0.57;
19:11:14.145016;22:11:13.553285;7530.10;7530.80;7533.00;7535.60;2.01;-56.06;1.191367.48;0.73;1771.75;0.56;
19:11:14.161889;22:11:13.553285;7530.10;7530.80;7533.00;7536.10;-47.81;-55.85;0.781367.48;0.73;1771.75;0.56;
19:11:14.554838;22:11:14.552869;7530.60;7531.20;7533.00;7536.10;2.18;-15.79;1.001366.51;0.73;1771.75;0.56;
19:11:16.652168;22:11:16.651171;7530.80;7531.50;7533.50;7536.60;-27.72;-35.66;0.981336.48;0.75;1788.79;0.56;
19:11:17.357104;22:11:16.651171;7530.80;7531.50;7533.20;7536.30;2.28;-5.63;0.631336.48;0.75;1779.82;0.56;
19:11:17.656295;22:11:17.654340;7530.90;7531.60;7533.20;7536.30;12.23;4.35;0.761336.54;0.75;1779.82;0.56;
19:11:18.654622;22:11:18.652624;7530.80;7531.60;7533.20;7536.30;2.22;4.33;0.761336.49;0.75;1779.82;0.56;
19:11:19.659952;22:11:19.656961;7530.90;7531.60;7533.20;7536.30;12.18;4.32;0.741335.55;0.75;1779.82;0.56;
19:11:20.542141;22:11:19.656961;7530.90;7531.60;7533.00;7536.10;32.06;24.23;1.031335.55;0.75;1805.73;0.55;
19:11:20.758082;22:11:20.756085;7530.10;7530.80;7533.00;7536.10;-47.77;-55.57;1.131336.51;0.75;1805.73;0.55;
19:11:20.853823;22:11:20.756085;7530.10;7530.80;7532.50;7535.60;2.23;-5.55;0.971336.51;0.75;1805.81;0.55;
19:11:21.737977;22:11:20.756085;7530.10;7530.80;7532.40;7535.60;2.22;4.44;1.101336.51;0.75;1786.61;0.56;
19:11:23.447650;22:11:23.055699;7530.10;7530.80;7532.90;7536.10;-47.61;-45.40;0.611328.51;0.75;1782.70;0.56;
19:11:23.857590;22:11:23.856591;7530.60;7531.20;7532.90;7536.10;2.38;-5.38;0.941316.41;0.76;1782.70;0.56;
19:11:24.451196;22:11:23.856591;7530.60;7531.20;7532.40;7535.60;52.19;44.46;0.831316.41;0.76;1777.83;0.56;
19:11:24.753393;22:11:23.856591;7530.60;7531.20;7532.20;7535.40;71.94;64.23;0.691316.41;0.76;1777.86;0.56;
19:11:24.891074;22:11:24.856925;7529.80;7530.50;7532.20;7535.40;-8.04;-5.75;1.051315.51;0.76;1777.86;0.56;
19:11:25.454074;22:11:24.856925;7529.80;7530.50;7531.90;7535.10;21.89;24.16;0.891315.51;0.76;1776.78;0.56;
19:11:25.857002;22:11:25.856001;7529.60;7530.30;7531.90;7535.10;1.88;4.15;1.071315.50;0.76;1776.78;0.56;
19:11:26.857836;22:11:26.856835;7529.60;7530.10;7531.90;7535.10;1.87;-15.80;0.731315.50;0.76;1776.78;0.56;
19:11:27.958617;22:11:27.957530;7529.60;7530.20;7531.90;7535.10;1.87;-5.77;1.001315.50;0.76;1776.78;0.56;
19:11:28.947216;22:11:27.957530;7529.60;7530.20;7531.70;7534.90;21.79;14.18;0.911315.50;0.76;1808.75;0.55;
19:11:28.960181;22:11:28.959182;7529.50;7530.20;7531.70;7534.90;11.75;14.13;1.331315.51;0.76;1808.75;0.55;
19:11:29.964030;22:11:29.963034;7529.40;7530.10;7531.70;7534.90;1.74;4.11;1.041315.52;0.76;1808.75;0.55;
19:11:30.960708;22:11:30.959704;7529.30;7530.10;7531.70;7534.90;-8.23;4.10;1.861315.50;0.76;1808.75;0.55;
19:11:32.068003;22:11:32.067005;7529.30;7530.00;7531.70;7534.90;-8.20;-5.88;2.701305.53;0.77;1808.75;0.55;
19:11:33.064882;22:11:33.063886;7529.30;7530.10;7531.70;7534.90;-8.17;4.10;1.301305.49;0.77;1808.75;0.55;
19:11:35.153603;22:11:33.063886;7529.30;7530.10;7531.90;7535.10;-28.08;-15.84;1.631305.49;0.77;1867.78;0.54;
19:11:35.170852;22:11:35.168560;7529.60;7530.30;7531.90;7535.10;1.92;4.14;1.751320.40;0.76;1867.78;0.54;
19:11:37.744600;22:11:37.162158;7529.60;7530.30;7532.40;7535.60;-47.92;-45.70;0.671336.50;0.75;1886.79;0.53;
19:11:38.164480;22:11:38.163523;7530.10;7530.80;7532.40;7535.60;2.07;4.29;1.171284.49;0.78;1886.79;0.53;
19:11:39.849743;22:11:39.265309;7530.10;7530.80;7532.70;7535.90;-27.83;-25.63;1.051285.50;0.78;1890.82;0.53;
19:11:40.270224;22:11:40.269227;7530.20;7530.90;7532.70;7535.90;-17.77;-15.57;1.101264.53;0.79;1890.82;0.53;
19:11:41.267574;22:11:41.265580;7530.30;7531.00;7532.70;7535.90;-7.74;-5.56;1.101253.47;0.80;1890.82;0.53;
19:11:42.366960;22:11:42.365962;7530.30;7531.10;7532.70;7535.90;-7.72;4.43;1.101254.47;0.80;1890.82;0.53;
19:11:42.750542;22:11:42.365962;7530.30;7531.10;7532.70;7535.80;2.27;4.41;1.001254.47;0.80;1869.69;0.53;
19:11:43.367370;22:11:43.366352;7530.20;7531.00;7532.70;7535.80;-7.70;-5.57;1.051254.46;0.80;1869.69;0.53;
19:11:44.368211;22:11:44.367215;7530.30;7531.10;7532.70;7535.80;2.29;4.42;1.411253.49;0.80;1869.69;0.53;
19:11:45.749808;22:11:44.367215;7530.30;7531.10;7533.00;7536.10;-27.62;-25.50;0.831253.49;0.80;1894.74;0.53;
19:11:46.469885;22:11:46.467890;7530.60;7531.20;7533.00;7536.10;2.38;-15.45;1.771264.48;0.79;1894.74;0.53;
19:11:47.470225;22:11:47.469228;7530.60;7531.30;7533.00;7536.10;2.37;-5.43;1.081243.47;0.80;1894.74;0.53;
19:11:47.946674;22:11:47.469228;7530.60;7531.30;7532.70;7535.80;32.26;24.49;1.081243.47;0.80;1911.78;0.52;
19:11:48.470100;22:11:48.469103;7530.20;7531.00;7532.70;7535.80;-7.71;-5.49;1.461243.47;0.80;1911.78;0.52;
19:11:50.570361;22:11:50.569329;7530.80;7531.60;7532.70;7535.80;52.12;54.33;2.231254.46;0.80;1911.78;0.52;
19:11:50.687011;22:11:50.569329;7530.80;7531.60;7533.20;7536.30;2.11;4.32;1.221254.46;0.80;1935.87;0.52;
19:11:53.672697;22:11:53.671579;7531.10;7531.80;7533.20;7536.30;32.01;24.24;1.501275.49;0.78;1935.87;0.52;
19:11:53.945842;22:11:53.671579;7531.10;7531.80;7533.50;7536.60;2.00;-5.74;1.111275.49;0.78;1965.72;0.51;
19:11:54.553449;22:11:53.671579;7531.10;7531.80;7533.70;7536.80;-17.94;-25.66;0.911275.49;0.78;1944.76;0.51;
19:11:54.681111;22:11:54.679113;7531.30;7532.00;7533.70;7536.80;2.05;-5.64;1.271264.49;0.79;1944.76;0.51;
19:11:55.674329;22:11:55.673334;7531.30;7532.10;7533.70;7536.80;2.04;4.35;1.151253.49;0.80;1944.76;0.51;
19:11:56.676498;22:11:56.675502;7531.20;7532.00;7533.70;7536.80;-7.93;-5.64;1.191243.49;0.80;1944.76;0.51;
19:11:57.774630;22:11:57.773633;7531.30;7532.10;7533.70;7536.80;2.06;4.35;1.651244.47;0.80;1944.76;0.51;
19:12:01.860341;22:11:57.773633;7531.30;7532.10;7534.50;7537.60;-77.69;-75.41;0.721244.47;0.80;2011.78;0.50;
19:12:01.877294;22:12:01.874304;7532.10;7532.80;7534.50;7537.60;2.30;-5.39;0.811264.39;0.79;2011.78;0.50;
19:12:02.855823;22:12:01.874304;7532.10;7532.80;7534.40;7537.60;2.30;4.59;1.071264.39;0.79;2013.82;0.50;
19:12:03.443254;22:12:02.885742;7532.10;7532.80;7534.20;7537.40;22.23;24.51;0.771264.56;0.79;2012.75;0.50;
19:12:03.876282;22:12:03.875284;7531.70;7532.30;7534.20;7537.40;-17.72;-25.41;1.321264.47;0.79;2012.75;0.50;
19:12:03.950088;22:12:03.875284;7531.70;7532.30;7533.90;7537.10;12.24;4.58;1.221264.47;0.79;1961.79;0.51;
19:12:04.255269;22:12:03.875284;7531.70;7532.30;7534.40;7537.60;-37.64;-45.28;0.781264.47;0.79;1939.84;0.52;
19:12:04.978321;22:12:04.976325;7532.10;7532.80;7534.40;7537.60;2.35;4.71;1.001264.47;0.79;1939.84;0.52;
19:12:05.851405;22:12:04.976325;7532.10;7532.80;7534.20;7537.40;22.28;24.63;0.851264.47;0.79;1946.74;0.51;
19:12:05.980099;22:12:05.979099;7531.70;7532.50;7534.20;7537.40;-17.66;-5.35;0.981264.46;0.79;1946.74;0.51;
19:12:06.848772;22:12:05.979099;7531.70;7532.50;7533.90;7537.10;12.30;24.57;1.291264.46;0.79;1896.80;0.53;
19:12:06.984924;22:12:06.982929;7531.20;7532.00;7533.90;7537.10;-37.58;-25.35;1.131264.52;0.79;1896.80;0.53;
19:12:07.250726;22:12:06.982929;7531.20;7532.00;7533.70;7536.90;-17.53;-5.34;1.031264.52;0.79;1879.78;0.53;
19:12:07.979782;22:12:07.977783;7531.30;7532.10;7533.70;7536.90;-7.51;4.65;1.231264.47;0.79;1879.78;0.53;
19:12:08.860132;22:12:07.977783;7531.30;7532.10;7533.90;7537.10;-27.42;-15.30;0.821264.47;0.79;1859.94;0.54;
19:12:09.080070;22:12:09.078075;7531.60;7532.20;7533.90;7537.10;2.57;-5.29;1.141264.45;0.79;1859.94;0.54;
19:12:09.948282;22:12:09.078075;7531.60;7532.20;7533.70;7536.90;22.50;14.67;1.451264.45;0.79;1867.79;0.54;
19:12:10.089900;22:12:10.087907;7531.30;7532.10;7533.70;7536.90;-7.48;4.65;1.231264.52;0.79;1867.79;0.54;
19:12:11.562300;22:12:10.087907;7531.30;7532.10;7533.90;7537.10;-27.40;-15.30;1.231264.52;0.79;1878.91;0.53;
19:12:12.182882;22:12:12.182882;7531.80;7532.60;7533.90;7537.10;22.54;34.60;1.361275.51;0.78;1878.91;0.53;
19:12:12.244715;22:12:12.182882;7531.80;7532.60;7534.20;7537.40;-7.44;4.58;1.361275.51;0.78;1881.64;0.53;
19:12:13.180274;22:12:13.179277;7531.30;7532.10;7534.20;7537.40;-57.27;-45.28;1.361274.45;0.78;1881.64;0.53;
19:12:13.280257;22:12:13.179277;7531.30;7532.10;7533.70;7536.90;-7.25;4.70;1.071274.45;0.78;1859.92;0.54;
19:12:14.182395;22:12:14.182395;7531.20;7532.00;7533.70;7536.90;-17.20;-5.28;1.071264.48;0.79;1859.92;0.54;
19:12:15.184066;22:12:15.183067;7531.30;7532.10;7533.70;7536.90;-7.18;4.71;1.331264.48;0.79;1859.92;0.54;
19:12:18.292424;22:12:18.287445;7531.10;7532.00;7533.70;7536.90;-27.10;-5.28;1.291284.53;0.78;1859.92;0.54;
19:12:18.854414;22:12:18.287445;7531.10;7532.00;7532.90;7536.10;52.75;74.50;0.861284.53;0.78;1883.83;0.53;
19:12:19.284150;22:12:19.284150;7530.60;7531.30;7532.90;7536.10;2.74;4.49;1.081284.48;0.78;1883.83;0.53;
19:12:19.858264;22:12:19.284150;7530.60;7531.30;7533.00;7536.10;2.73;-5.49;1.181284.48;0.78;1870.85;0.53;
19:12:20.342894;22:12:19.284150;7530.60;7531.30;7532.70;7535.80;32.64;24.43;0.741284.48;0.78;1866.74;0.54;
19:12:20.392133;22:12:20.390138;7530.20;7531.00;7532.70;7535.80;-7.34;-5.55;1.091285.54;0.78;1866.74;0.54;
19:12:21.389879;22:12:21.387884;7530.40;7531.20;7532.70;7535.80;12.62;14.41;0.911285.52;0.78;1866.74;0.54;
19:12:22.386603;22:12:22.384608;7530.30;7531.10;7532.70;7535.80;2.61;4.40;1.391274.33;0.78;1866.74;0.54;
19:12:25.054850;22:12:23.084733;7530.30;7531.10;7533.00;7536.10;-27.31;-25.53;1.031271.34;0.79;1896.88;0.53;
19:12:25.486692;22:12:25.485695;7530.60;7531.30;7533.00;7536.10;2.69;-5.51;1.141274.47;0.78;1896.88;0.53;
19:12:26.145986;22:12:25.485695;7530.60;7531.30;7532.70;7535.80;32.59;24.42;0.861274.47;0.78;1891.81;0.53;
19:12:26.488414;22:12:26.486426;7530.30;7531.20;7532.70;7535.80;2.59;14.38;1.791274.44;0.78;1891.81;0.53;
19:12:26.944945;22:12:26.486426;7530.30;7531.20;7533.00;7536.10;-27.34;-15.58;0.881274.44;0.78;1885.73;0.53;
19:12:27.588523;22:12:27.587224;7530.60;7531.30;7533.00;7536.10;2.66;-5.56;1.081275.47;0.78;1885.73;0.53;
19:12:31.548225;22:12:30.688578;7530.60;7531.30;7532.70;7535.80;32.56;24.37;1.081265.44;0.79;1915.80;0.52;
19:12:31.692831;22:12:31.690836;7530.10;7530.80;7532.70;7535.80;-17.39;-25.56;1.211264.48;0.79;1915.80;0.52;
19:12:31.851604;22:12:31.690836;7530.10;7530.80;7532.50;7535.60;2.61;-5.55;0.891264.48;0.79;1914.69;0.52;
19:12:32.696270;22:12:32.695275;7529.80;7530.60;7532.50;7535.60;-27.32;-25.47;1.001264.50;0.79;1914.69;0.52;
19:12:32.853990;22:12:32.695275;7529.80;7530.60;7532.20;7535.30;2.67;4.51;1.001264.50;0.79;1897.83;0.53;
19:12:34.795849;22:12:34.794849;7529.90;7530.60;7532.20;7535.30;12.64;4.50;0.861265.46;0.79;1897.83;0.53;
19:12:35.252626;22:12:34.794849;7529.90;7530.60;7532.50;7535.60;-17.31;-25.43;0.861265.46;0.79;1917.82;0.52;
19:12:35.791181;22:12:35.790183;7530.10;7530.80;7532.50;7535.60;2.68;-5.41;0.861254.41;0.80;1917.82;0.52;
19:12:38.155978;22:12:37.793435;7530.10;7530.80;7532.20;7535.30;32.59;24.52;0.861233.35;0.81;1882.85;0.53;
19:12:38.895774;22:12:38.893773;7529.90;7530.60;7532.20;7535.30;12.55;4.51;0.861234.40;0.81;1882.85;0.53;
19:12:39.893581;22:12:39.892583;7529.90;7530.70;7532.20;7535.30;12.52;14.47;1.141202.39;0.83;1882.85;0.53;
19:12:40.451093;22:12:39.892583;7529.90;7530.70;7532.70;7535.80;-37.38;-35.44;0.471202.39;0.83;1870.79;0.53;
19:12:40.893906;22:12:40.892908;7530.10;7530.80;7532.70;7535.80;-17.33;-25.37;0.641202.41;0.83;1870.79;0.53;
19:12:40.949759;22:12:40.892908;7530.10;7530.80;7532.50;7535.60;2.66;-5.35;0.411202.41;0.83;1856.74;0.54;
19:12:41.847871;22:12:40.892908;7530.10;7530.80;7532.40;7535.60;2.66;4.63;0.481202.41;0.83;1847.82;0.54;
19:12:43.001079;22:12:42.999083;7529.90;7530.60;7532.40;7535.60;-17.30;-15.32;0.591213.46;0.82;1847.82;0.54;
19:12:43.055925;22:12:42.999083;7529.90;7530.60;7532.20;7535.40;2.70;4.66;0.641213.46;0.82;1845.89;0.54;
19:12:43.994852;22:12:43.993857;7529.70;7530.30;7532.20;7535.40;-17.26;-25.27;0.681213.40;0.82;1845.89;0.54;
19:12:44.253854;22:12:43.993857;7529.70;7530.30;7531.90;7535.10;12.71;4.72;0.681213.40;0.82;1813.63;0.55;
19:12:44.998448;22:12:44.997440;7529.60;7530.30;7531.90;7535.10;2.70;4.71;0.561212.44;0.82;1813.63;0.55;
19:12:45.844722;22:12:44.997440;7529.60;7530.30;7532.00;7535.10;2.69;-5.28;0.501212.44;0.82;1825.68;0.55;
19:12:50.198764;22:12:50.197768;7529.60;7530.20;7532.00;7535.10;2.69;-15.24;0.881223.36;0.82;1825.68;0.55;
19:12:54.301918;22:12:54.300922;7529.40;7530.00;7532.00;7535.10;-17.27;-35.15;0.941254.41;0.80;1825.68;0.55;
19:12:54.649984;22:12:54.300922;7529.40;7530.00;7531.70;7534.80;12.70;-5.13;0.831254.41;0.80;1888.77;0.53;
19:12:54.946197;22:12:54.300922;7529.40;7530.00;7531.50;7534.60;32.61;14.83;0.711254.41;0.80;1867.69;0.54;
19:12:55.300758;22:12:55.298763;7529.30;7529.80;7531.50;7534.60;22.55;-5.16;0.671254.38;0.80;1867.69;0.54;
19:12:56.300608;22:12:56.299602;7529.20;7529.80;7531.50;7534.60;12.52;-5.14;0.881253.43;0.80;1867.69;0.54;
19:12:57.402221;22:12:57.401221;7529.10;7529.80;7531.50;7534.60;2.51;-5.13;0.651244.43;0.80;1867.69;0.54;
19:12:58.403359;22:12:58.401374;7529.10;7529.70;7531.50;7534.60;2.51;-15.09;1.091244.40;0.80;1867.69;0.54;
19:13:02.504420;22:13:02.502432;7529.00;7529.60;7531.50;7534.60;-7.47;-25.03;1.181264.44;0.79;1867.69;0.54;
19:13:02.557997;22:13:02.502432;7529.00;7529.60;7531.20;7534.30;22.47;4.96;0.811264.44;0.79;1922.87;0.52;
19:13:02.945962;22:13:02.502432;7529.00;7529.60;7531.50;7534.60;-7.51;-24.97;0.551264.44;0.79;1921.69;0.52;
19:13:03.503709;22:13:03.502711;7529.10;7529.70;7531.50;7534.60;2.48;-14.94;0.451264.44;0.79;1921.69;0.52;
19:13:03.952519;22:13:03.502711;7529.10;7529.70;7531.20;7534.30;32.40;15.03;0.451264.44;0.79;1885.85;0.53;
19:13:04.258694;22:13:03.502711;7529.10;7529.70;7530.00;7533.10;152.01;134.68;0.241264.44;0.79;1874.76;0.53;
19:13:04.504378;22:13:04.503381;7527.70;7528.50;7530.00;7533.10;11.97;14.64;0.791263.43;0.79;1874.76;0.53;
19:13:05.047926;22:13:04.503381;7527.70;7528.50;7530.20;7533.30;-8.01;-5.35;0.701263.43;0.79;1830.78;0.55;
19:13:05.551584;22:13:04.503381;7527.70;7528.50;7530.50;7533.60;-37.91;-35.26;0.601263.43;0.79;1826.83;0.55;
19:13:05.613415;22:13:05.612415;7527.80;7528.60;7530.50;7533.60;-27.84;-25.19;0.621244.53;0.80;1826.83;0.55;
19:13:05.845793;22:13:05.612415;7527.80;7528.60;7530.20;7533.40;-7.82;4.80;0.531244.53;0.80;1820.82;0.55;
19:13:06.250647;22:13:05.612415;7527.80;7528.60;7529.90;7533.10;22.13;34.71;0.531244.53;0.80;1821.73;0.55;
19:13:06.606694;22:13:06.605700;7527.70;7528.30;7529.90;7533.10;12.10;4.70;0.671233.45;0.81;1821.73;0.55;
19:13:07.243555;22:13:06.605700;7527.70;7528.30;7530.20;7533.40;-17.86;-25.24;0.561233.45;0.81;1827.74;0.55;
19:13:07.947298;22:13:06.605700;7527.70;7528.30;7529.90;7533.10;12.11;4.75;0.561233.45;0.81;1803.62;0.55;
19:13:08.708264;22:13:08.706266;7527.60;7528.30;7529.90;7533.10;2.11;4.74;1.001244.47;0.80;1803.62;0.55;
19:13:09.708120;22:13:09.707118;7527.80;7528.50;7529.90;7533.10;22.05;24.68;0.331243.47;0.80;1803.62;0.55;
19:13:09.850731;22:13:09.707118;7527.80;7528.50;7530.20;7533.40;-7.93;-5.31;0.311243.47;0.80;1818.78;0.55;
19:13:11.647779;22:13:09.707118;7527.80;7528.50;7529.90;7533.10;22.01;24.63;0.311243.47;0.80;1821.79;0.55;
19:13:11.721532;22:13:11.709553;7527.60;7528.30;7529.90;7533.10;2.01;4.62;0.371253.49;0.80;1821.79;0.55;
19:13:12.658019;22:13:11.709553;7527.60;7528.30;7530.20;7533.40;-27.92;-25.32;0.361253.49;0.80;1816.96;0.55;
19:13:12.830079;22:13:12.807136;7527.70;7528.30;7530.20;7533.40;-17.88;-25.26;0.471254.44;0.80;1816.96;0.55;
19:13:13.551531;22:13:12.807136;7527.70;7528.30;7529.70;7532.90;32.04;24.68;0.251254.44;0.80;1821.88;0.55;
19:13:13.809837;22:13:13.808840;7527.40;7528.10;7529.70;7532.90;2.04;4.67;0.441254.48;0.80;1821.88;0.55;
19:13:16.652136;22:13:13.808840;7527.40;7528.10;7529.90;7533.10;-17.92;-15.29;0.471254.48;0.80;1843.87;0.54;
19:13:16.914201;22:13:16.911210;7527.60;7528.20;7529.90;7533.10;2.08;-5.28;0.531274.40;0.78;1843.87;0.54;
19:13:17.911220;22:13:17.910222;7527.60;7528.30;7529.90;7533.10;2.07;4.71;0.441274.47;0.78;1843.87;0.54;
19:13:21.012759;22:13:21.011761;7527.60;7528.20;7529.90;7533.10;2.07;-5.28;0.581274.44;0.78;1843.87;0.54;
19:13:23.025075;22:13:23.023087;7527.40;7528.00;7529.90;7533.10;-17.89;-25.22;0.951274.57;0.78;1843.87;0.54;
19:13:23.347216;22:13:23.023087;7527.40;7528.00;7529.70;7532.90;2.11;-5.21;0.631274.57;0.78;1905.72;0.52;
19:13:23.854406;22:13:23.023087;7527.40;7528.00;7529.90;7533.10;-17.85;-25.14;0.681274.57;0.78;1880.91;0.53;
19:13:24.115229;22:13:24.113232;7527.60;7528.20;7529.90;7533.10;2.14;-5.13;0.821274.47;0.78;1880.91;0.53;
19:13:24.648801;22:13:24.113232;7527.60;7528.20;7530.40;7533.60;-47.74;-55.00;0.821274.47;0.78;1859.60;0.54;
19:13:25.116267;22:13:25.114274;7527.80;7528.50;7530.40;7533.60;-27.67;-24.94;0.821274.46;0.78;1859.60;0.54;
19:13:25.348399;22:13:25.114274;7527.80;7528.50;7530.20;7533.40;-7.66;-4.93;0.821274.46;0.78;1860.82;0.54;
19:13:27.115701;22:13:27.114690;7527.90;7528.50;7530.20;7533.40;2.34;-4.92;0.731284.48;0.78;1860.82;0.54;
19:13:27.853785;22:13:27.114690;7527.90;7528.50;7530.40;7533.60;-17.62;-24.86;0.581284.48;0.78;1879.73;0.53;
19:13:28.217810;22:13:28.216812;7528.10;7528.70;7530.40;7533.60;2.38;-4.85;0.691285.46;0.78;1879.73;0.53;
19:13:31.955557;22:13:31.317224;7528.10;7528.70;7530.20;7533.40;22.32;15.12;0.471305.48;0.77;1833.91;0.55;
19:13:32.319576;22:13:32.318586;7527.90;7528.60;7530.20;7533.40;2.32;5.11;0.651305.49;0.77;1833.91;0.55;
19:13:33.747615;22:13:32.318586;7527.90;7528.60;7530.40;7533.60;-17.64;-14.86;0.651305.49;0.77;1834.74;0.55;
19:13:34.046815;22:13:32.318586;7527.90;7528.60;7530.70;7533.90;-47.53;-44.75;0.411305.49;0.77;1829.75;0.55;
19:13:34.321309;22:13:34.319883;7528.30;7529.00;7530.70;7533.90;-7.51;-4.74;0.951315.45;0.76;1829.75;0.55;
19:13:37.141131;22:13:34.319883;7528.30;7529.00;7531.40;7534.60;-77.33;-74.57;0.441315.45;0.76;1829.58;0.55;
19:13:37.429790;22:13:37.420815;7529.10;7529.70;7531.40;7534.60;2.66;-4.56;0.971343.52;0.74;1829.58;0.55;
19:13:37.848670;22:13:37.420815;7529.10;7529.70;7531.20;7534.30;32.59;15.41;0.811343.52;0.74;1827.73;0.55;
19:13:38.343250;22:13:37.420815;7529.10;7529.70;7531.00;7534.10;52.47;35.33;0.811343.52;0.74;1793.74;0.56;
19:13:38.522283;22:13:38.520288;7528.60;7529.30;7531.00;7534.10;2.46;-4.66;0.951346.50;0.74;1793.74;0.56;
19:13:40.154776;22:13:39.520583;7528.60;7529.30;7531.20;7534.30;-17.50;-24.61;0.951346.50;0.74;1801.88;0.55;
19:13:40.544365;22:13:40.527414;7528.70;7529.40;7531.20;7534.30;-7.48;-14.57;0.921346.58;0.74;1801.88;0.55;
19:13:41.525741;22:13:41.521754;7528.80;7529.50;7531.20;7534.30;2.51;-4.56;1.091346.51;0.74;1801.88;0.55;
19:13:44.627094;22:13:44.626086;7528.70;7529.50;7531.20;7534.30;-7.47;-4.55;1.371366.55;0.73;1801.88;0.55;
19:13:45.636779;22:13:45.634788;7529.10;7529.80;7531.20;7534.30;32.45;25.39;1.331366.62;0.73;1801.88;0.55;
19:13:45.656743;22:13:45.634788;7529.10;7529.80;7531.50;7534.60;2.45;-4.60;1.891366.62;0.73;1829.83;0.55;
19:13:48.558621;22:13:46.725910;7529.10;7529.80;7531.70;7534.80;-17.51;-24.54;0.911367.50;0.73;1841.91;0.54;
19:13:48.735209;22:13:48.733216;7529.30;7530.00;7531.70;7534.80;2.48;-4.53;1.391377.61;0.73;1841.91;0.54;
19:13:49.146111;22:13:48.733216;7529.30;7530.00;7532.00;7535.10;-27.45;-34.45;1.251377.61;0.73;1833.75;0.55;
19:13:49.643780;22:13:48.733216;7529.30;7530.00;7531.70;7534.90;-7.44;-4.44;0.641377.61;0.73;1819.75;0.55;
19:13:49.854217;22:13:49.839257;7529.30;7530.10;7531.70;7534.90;-7.42;5.54;0.811377.60;0.73;1819.75;0.55;
19:13:50.832572;22:13:50.830576;7529.40;7530.10;7531.70;7534.90;2.57;5.53;0.761377.54;0.73;1819.75;0.55;
19:13:51.646543;22:13:50.830576;7529.40;7530.10;7531.90;7535.10;-17.39;-14.44;0.561377.54;0.73;1828.75;0.55;
19:13:51.829113;22:13:51.827095;7529.60;7530.30;7531.90;7535.10;2.61;5.55;0.681366.46;0.73;1828.75;0.55;
19:13:53.847804;22:13:52.830339;7529.60;7530.30;7531.70;7534.90;22.56;25.49;0.341356.56;0.74;1839.76;0.54;
19:13:53.956522;22:13:53.938560;7529.20;7529.80;7531.70;7534.90;-17.40;-24.45;0.831357.63;0.74;1839.76;0.54;
19:13:54.146006;22:13:53.938560;7529.20;7529.80;7531.40;7534.60;12.57;5.54;0.761357.63;0.74;1807.78;0.55;
19:13:57.747231;22:13:53.938560;7529.20;7529.80;7531.70;7534.80;-7.42;-24.41;0.501357.63;0.74;1835.76;0.54;
19:13:58.032185;22:13:58.031187;7529.60;7530.20;7531.70;7534.80;32.51;15.56;0.961387.53;0.72;1835.76;0.54;
19:13:58.180034;22:13:58.031187;7529.60;7530.20;7532.00;7535.10;2.51;-14.41;0.921387.53;0.72;1837.15;0.54;
19:13:59.037301;22:13:59.035308;7529.60;7530.30;7532.00;7535.10;2.50;-4.40;0.921387.54;0.72;1837.15;0.54;
19:14:02.133722;22:14:02.132726;7529.80;7530.50;7532.00;7535.10;22.45;15.56;1.041397.55;0.72;1837.15;0.54;
19:14:02.187575;22:14:02.132726;7529.80;7530.50;7532.20;7535.30;2.44;-4.43;1.041397.55;0.72;1856.06;0.54;
19:14:02.846578;22:14:02.132726;7529.80;7530.50;7532.50;7535.60;-27.49;-34.35;0.711397.55;0.72;1815.79;0.55;
19:14:03.133064;22:14:03.132070;7530.10;7530.80;7532.50;7535.60;2.50;-4.34;1.041397.54;0.72;1815.79;0.55;
19:14:03.847154;22:14:03.132070;7530.10;7530.80;7533.20;7536.40;-77.33;-74.18;0.451397.54;0.72;1808.64;0.55;
19:14:04.135077;22:14:04.133085;7531.10;7531.70;7533.20;7536.40;22.62;15.79;1.061397.54;0.72;1808.64;0.55;
19:14:04.546028;22:14:04.133085;7531.10;7531.70;7533.40;7536.60;2.61;-4.20;1.091397.54;0.72;1798.80;0.56;
19:14:05.236183;22:14:05.234188;7531.10;7531.80;7533.40;7536.60;2.61;5.78;0.891387.55;0.72;1798.80;0.56;
19:14:07.236074;22:14:07.234917;7530.30;7531.00;7533.40;7536.60;-77.22;-74.06;1.621387.54;0.72;1798.80;0.56;
19:14:07.243895;22:14:07.234917;7530.30;7531.00;7532.70;7535.90;-7.21;-4.05;1.071387.54;0.72;1821.80;0.55;
19:14:07.845308;22:14:07.234917;7530.30;7531.00;7532.40;7535.60;22.74;25.90;0.861387.54;0.72;1823.84;0.55;
19:14:08.237263;22:14:08.235259;7530.20;7530.90;7532.40;7535.60;12.72;15.86;0.981376.54;0.73;1823.84;0.55;
19:14:08.656876;22:14:08.235259;7530.20;7530.90;7532.70;7535.90;-17.25;-14.11;0.981376.54;0.73;1819.87;0.55;
19:14:09.335968;22:14:09.334970;7530.10;7530.80;7532.70;7535.90;-27.19;-24.06;0.891356.52;0.74;1819.87;0.55;
19:14:09.446671;22:14:09.334970;7530.10;7530.80;7532.40;7535.60;2.81;5.93;1.111356.52;0.74;1817.83;0.55;
19:14:09.849597;22:14:09.334970;7530.10;7530.80;7532.20;7535.40;22.76;25.88;0.531356.52;0.74;1816.87;0.55;
19:14:10.337831;22:14:10.336832;7529.80;7530.50;7532.20;7535.40;-7.23;-4.12;0.751356.46;0.74;1816.87;0.55;
19:14:10.850061;22:14:10.336832;7529.80;7530.50;7532.70;7535.90;-57.11;-54.00;0.571356.46;0.74;1808.85;0.55;
19:14:11.338661;22:14:11.337664;7530.20;7530.90;7532.70;7535.90;-17.07;-13.97;0.391356.53;0.74;1808.85;0.55;
19:14:11.950070;22:14:11.337664;7530.20;7530.90;7532.20;7535.40;32.86;35.95;0.431356.53;0.74;1811.88;0.55;
19:14:12.339031;22:14:12.337042;7529.70;7530.30;7532.20;7535.40;-17.10;-24.00;0.811356.50;0.74;1811.88;0.55;
19:14:12.652596;22:14:12.337042;7529.70;7530.30;7531.90;7535.10;12.87;5.99;0.641356.50;0.74;1791.89;0.56;
19:14:13.346800;22:14:12.337042;7529.70;7530.30;7532.20;7535.40;-17.09;-23.96;0.641356.50;0.74;1791.86;0.56;
19:14:13.453512;22:14:13.441544;7529.80;7530.50;7532.20;7535.40;-7.08;-3.95;0.671356.57;0.74;1791.86;0.56;
19:14:14.441109;22:14:14.440112;7530.10;7530.70;7532.20;7535.40;22.87;16.02;0.921325.55;0.75;1791.86;0.56;
19:14:14.547822;22:14:14.440112;7530.10;7530.70;7532.40;7535.60;2.87;-3.97;0.921325.55;0.75;1778.82;0.56;
19:14:15.439471;22:14:15.438473;7529.70;7530.40;7532.40;7535.60;-37.06;-33.90;0.941325.42;0.75;1778.82;0.56;
19:14:15.740917;22:14:15.438473;7529.70;7530.40;7532.20;7535.40;-17.02;-13.88;1.131325.42;0.75;1783.70;0.56;
19:14:16.539787;22:14:16.538782;7529.60;7530.30;7532.20;7535.40;-26.96;-23.83;0.931326.53;0.75;1783.70;0.56;
19:14:16.549754;22:14:16.538782;7529.60;7530.30;7531.90;7535.10;3.03;6.16;1.081326.53;0.75;1759.92;0.57;
19:14:17.542654;22:14:17.542654;7529.60;7530.10;7531.90;7535.10;3.02;-13.81;0.731325.55;0.75;1759.92;0.57;
19:14:18.057281;22:14:17.542654;7529.60;7530.10;7531.70;7534.90;22.98;6.18;0.791325.55;0.75;1771.82;0.56;
19:14:18.541612;22:14:18.540617;7529.40;7530.10;7531.70;7534.90;2.97;6.16;1.171325.50;0.75;1771.82;0.56;
19:14:19.546925;22:14:19.545927;7529.30;7530.00;7531.70;7534.90;-7.02;-3.83;1.111325.51;0.75;1771.82;0.56;
19:14:21.949250;22:14:19.545927;7529.30;7530.00;7531.40;7534.60;22.94;26.12;0.631325.51;0.75;1801.97;0.55;
19:14:22.644039;22:14:22.643041;7529.20;7529.80;7531.40;7534.60;12.91;6.11;0.901346.54;0.74;1801.97;0.55;
19:14:24.165319;22:14:23.042967;7529.20;7529.80;7531.70;7534.90;-17.06;-23.84;0.421339.52;0.75;1807.01;0.55;
19:14:24.753745;22:14:24.752748;7529.40;7530.10;7531.70;7534.90;2.94;6.14;0.731346.50;0.74;1807.01;0.55;
19:14:25.743981;22:14:25.742992;7529.30;7530.10;7531.70;7534.90;-7.05;6.13;0.681335.46;0.75;1807.01;0.55;
19:14:32.948014;22:14:32.947016;7529.60;7530.30;7531.70;7534.90;22.91;26.08;1.251397.54;0.72;1807.01;0.55;
19:14:33.254194;22:14:32.947016;7529.60;7530.30;7531.90;7535.10;2.90;6.06;0.901397.54;0.72;1887.89;0.53;
19:14:34.558909;22:14:32.947016;7529.60;7530.30;7532.40;7535.60;-47.00;-43.85;0.691397.54;0.72;1897.90;0.53;
19:14:34.948869;22:14:32.947016;7530.10;7530.30;7532.40;7535.60;2.99;-43.76;0.811407.53;0.71;1897.90;0.53;
19:14:34.958839;22:14:34.949870;7530.10;7530.70;7532.40;7535.60;2.98;-3.75;0.881407.53;0.71;1897.90;0.53;
19:14:37.060626;22:14:37.059630;7530.10;7530.80;7532.40;7535.60;2.98;6.24;1.201418.61;0.70;1897.90;0.53;
19:14:38.049080;22:14:38.049080;7530.10;7530.70;7532.40;7535.60;2.97;-3.76;1.101397.47;0.72;1897.90;0.53;
19:14:42.153487;22:14:42.152485;7530.10;7530.80;7532.40;7535.60;2.97;6.23;1.641417.49;0.71;1897.90;0.53;
19:14:43.154332;22:14:43.152340;7530.10;7530.70;7532.40;7535.60;2.96;-3.76;1.361417.51;0.71;1897.90;0.53;
19:14:44.264119;22:14:44.263123;7530.10;7530.80;7532.40;7535.60;2.96;6.28;1.361418.65;0.70;1897.90;0.53;
19:14:46.254229;22:14:46.252958;7530.10;7530.70;7532.40;7535.60;2.94;-3.70;1.071407.54;0.71;1897.90;0.53;
19:14:47.357602;22:14:47.356598;7530.10;7530.80;7532.40;7535.60;2.98;6.36;1.601408.56;0.71;1897.90;0.53;
19:14:49.953874;22:14:47.356598;7530.10;7530.80;7532.70;7535.90;-26.98;-23.56;2.671408.56;0.71;2044.78;0.49;
19:14:50.355803;22:14:50.354802;7530.30;7530.90;7532.70;7535.90;-7.04;-13.56;2.331427.54;0.70;2044.78;0.49;
19:14:53.951870;22:14:50.354802;7530.30;7530.90;7532.90;7536.10;-27.00;-33.48;1.001427.54;0.70;2049.83;0.49;
19:14:54.459248;22:14:54.457257;7530.60;7531.10;7532.90;7536.10;2.90;-13.50;1.401458.55;0.69;2049.83;0.49;
19:14:55.562031;22:14:55.560037;7530.60;7531.20;7532.90;7536.10;2.86;-3.48;1.401459.59;0.69;2049.83;0.49;
19:14:56.144034;22:14:55.560037;7530.60;7531.20;7533.20;7536.40;-27.14;-33.42;0.811459.59;0.69;2009.70;0.50;
19:14:56.558925;22:14:56.557934;7530.80;7531.50;7533.20;7536.40;-7.14;-3.38;1.061458.58;0.69;2009.70;0.50;
19:14:58.561937;22:14:58.559943;7531.10;7531.60;7533.20;7536.40;22.86;6.70;1.251468.57;0.68;2009.70;0.50;
19:14:58.851939;22:14:58.559943;7531.10;7531.60;7533.40;7536.60;2.84;-13.24;0.951468.57;0.68;2010.79;0.50;
19:14:59.448679;22:14:58.559943;7531.10;7531.60;7533.20;7536.40;22.76;6.76;0.751468.57;0.68;1995.76;0.50;
19:14:59.663105;22:14:59.661109;7530.90;7531.50;7533.20;7536.40;2.74;-3.20;1.171469.55;0.68;1995.76;0.50;
19:14:59.945350;22:14:59.661109;7530.90;7531.50;7533.40;7536.60;-17.34;-23.22;0.821469.55;0.68;1971.71;0.51;
19:15:00.953747;22:14:59.661109;7530.90;7531.50;7533.20;7536.40;2.64;-3.18;0.821469.55;0.68;1951.82;0.51;
19:15:01.664857;22:15:01.660866;7531.10;7531.70;7533.20;7536.40;22.62;16.86;0.771468.56;0.68;1951.82;0.51;
19:15:02.043713;22:15:01.660866;7531.10;7531.70;7533.40;7536.60;2.60;-3.12;0.621468.56;0.68;1940.74;0.52;
19:15:02.351889;22:15:01.660866;7531.10;7531.70;7533.20;7536.40;22.58;16.92;0.671468.56;0.68;1916.60;0.52;
19:15:02.761791;22:15:02.760801;7530.90;7531.60;7533.20;7536.40;2.56;6.94;0.581469.61;0.68;1916.60;0.52;
19:15:03.763506;22:15:03.762507;7530.80;7531.50;7533.20;7536.40;-7.34;-2.92;0.501469.62;0.68;1916.60;0.52;
19:15:04.763829;22:15:04.762831;7530.90;7531.60;7533.20;7536.40;2.62;7.08;0.701469.60;0.68;1916.60;0.52;
19:15:07.241668;22:15:04.762831;7530.90;7531.60;7532.90;7536.10;32.56;37.06;0.641469.60;0.68;1932.74;0.52;
19:15:07.865425;22:15:07.864428;7530.60;7531.30;7532.90;7536.10;2.54;7.06;0.771489.61;0.67;1932.74;0.52;
19:15:08.870023;22:15:08.868029;7530.60;7531.20;7532.90;7536.10;2.54;-2.92;1.001489.66;0.67;1932.74;0.52;
19:15:09.869526;22:15:09.868528;7530.60;7531.30;7532.90;7536.10;2.44;6.98;1.361489.64;0.67;1932.74;0.52;
19:15:10.847570;22:15:09.868528;7530.60;7531.30;7532.40;7535.60;52.28;56.86;0.631489.64;0.67;1962.72;0.51;
19:15:10.973235;22:15:10.970243;7530.10;7530.80;7532.40;7535.60;2.28;6.90;1.251479.59;0.68;1962.72;0.51;
19:15:11.851356;22:15:10.970243;7530.10;7530.80;7532.70;7535.90;-27.68;-23.02;1.141479.59;0.68;1899.65;0.53;
19:15:11.976061;22:15:11.974066;7530.30;7531.00;7532.70;7535.90;-7.64;-2.94;1.181479.68;0.68;1899.65;0.53;
19:15:13.647903;22:15:11.974066;7530.30;7531.00;7532.40;7535.60;22.30;27.02;0.861479.68;0.68;1907.67;0.52;
19:15:13.970818;22:15:13.969820;7530.10;7530.80;7532.40;7535.60;2.28;7.00;0.931489.61;0.67;1907.67;0.52;
19:15:14.449060;22:15:13.969820;7530.10;7530.80;7531.90;7535.10;52.22;56.94;0.811489.61;0.67;1909.82;0.52;
19:15:15.071476;22:15:15.071476;7529.60;7530.30;7531.90;7535.10;2.20;6.96;0.941489.64;0.67;1909.82;0.52;
19:15:15.848898;22:15:15.071476;7529.60;7530.30;7532.20;7535.40;-27.74;-22.96;0.761489.64;0.67;1918.74;0.52;
19:15:16.351121;22:15:15.071476;7529.60;7530.30;7531.90;7535.10;2.24;7.04;0.641489.64;0.67;1920.72;0.52;
19:15:17.077740;22:15:17.076748;7530.10;7530.70;7531.90;7535.10;52.12;46.94;1.091499.66;0.67;1920.72;0.52;
19:15:17.350010;22:15:17.076748;7530.10;7530.70;7532.20;7535.40;22.12;16.96;0.681499.66;0.67;1914.78;0.52;
19:15:18.170840;22:15:18.168853;7529.80;7530.50;7532.20;7535.40;-7.94;-3.08;0.941490.61;0.67;1914.78;0.52;
19:15:18.541897;22:15:18.168853;7529.80;7530.50;7532.40;7535.60;-27.92;-23.04;0.741490.61;0.67;1916.70;0.52;
19:15:18.850094;22:15:18.168853;7529.80;7530.50;7532.20;7535.40;-7.98;-3.08;0.781490.61;0.67;1915.76;0.52;
19:15:19.845971;22:15:18.168853;7529.80;7530.50;7532.40;7535.60;-27.92;-23.02;0.601490.61;0.67;1909.64;0.52;
19:15:20.173092;22:15:20.171097;7530.10;7530.70;7532.40;7535.60;2.02;-3.06;0.971499.62;0.67;1909.64;0.52;
19:15:21.172707;22:15:21.171710;7530.20;7530.90;7532.40;7535.60;12.04;16.96;0.731468.58;0.68;1909.64;0.52;
19:15:21.345246;22:15:21.171710;7530.20;7530.90;7532.70;7535.90;-17.92;-12.98;0.731468.58;0.68;1913.75;0.52;
19:15:22.060029;22:15:21.171710;7530.20;7530.90;7532.40;7535.60;12.02;16.98;0.731468.58;0.68;1904.76;0.53;
19:15:22.274148;22:15:22.273142;7530.10;7530.80;7532.40;7535.60;1.98;6.94;0.501469.62;0.68;1904.76;0.53;
19:15:24.274200;22:15:24.273202;7530.10;7530.70;7532.40;7535.60;1.98;-3.04;0.671468.60;0.68;1904.76;0.53;
19:15:24.843676;22:15:24.273202;7530.10;7530.70;7532.70;7535.90;-28.00;-33.00;0.371468.60;0.68;1925.75;0.52;
19:15:25.249109;22:15:24.273202;7530.10;7530.70;7532.40;7535.60;2.00;-2.98;0.341468.60;0.68;1919.62;0.52;
19:15:25.274074;22:15:25.273044;7530.10;7530.80;7532.40;7535.60;2.04;7.06;0.431468.60;0.68;1919.62;0.52;
19:15:28.249021;22:15:27.378516;7530.10;7530.80;7532.70;7535.90;-27.80;-22.76;0.401479.53;0.68;1893.72;0.53;
19:15:28.379664;22:15:28.378668;7530.30;7531.00;7532.70;7535.90;-7.72;-2.66;0.371458.65;0.69;1893.72;0.53;
19:15:31.148971;22:15:28.378668;7530.30;7531.00;7532.90;7536.10;-27.66;-22.58;0.241458.65;0.69;1912.70;0.52;
19:15:31.444782;22:15:28.378668;7530.30;7531.00;7532.70;7535.90;-7.64;-2.56;0.251458.65;0.69;1910.80;0.52;
19:15:31.481683;22:15:31.480684;7530.30;7531.10;7532.70;7535.90;-7.64;7.44;0.351479.66;0.68;1910.80;0.52;
19:15:33.584458;22:15:33.583461;7530.30;7531.00;7532.70;7535.90;-7.68;-2.60;0.311490.68;0.67;1910.80;0.52;
19:15:34.579362;22:15:34.577367;7530.30;7531.10;7532.70;7535.90;-7.66;7.40;0.311489.53;0.67;1910.80;0.52;
19:15:35.578645;22:15:35.577648;7530.20;7531.00;7532.70;7535.90;-17.66;-2.62;0.501489.60;0.67;1910.80;0.52;
19:15:37.681178;22:15:37.679185;7530.30;7531.10;7532.70;7535.90;-7.64;7.38;0.861489.61;0.67;1910.80;0.52;
19:15:38.685011;22:15:38.684013;7530.10;7530.80;7532.70;7535.90;-27.48;-22.46;1.141489.65;0.67;1910.80;0.52;
19:15:38.758814;22:15:38.684013;7530.10;7530.80;7532.40;7535.60;2.68;7.70;1.141489.65;0.67;1936.81;0.52;
19:15:39.248669;22:15:38.684013;7530.10;7530.80;7532.70;7535.90;-27.26;-22.24;0.601489.65;0.67;1930.82;0.52;
19:15:39.680520;22:15:39.679513;7530.20;7531.00;7532.70;7535.90;-17.24;-2.22;0.941479.58;0.68;1930.82;0.52;
19:15:40.682039;22:15:40.680050;7530.30;7531.10;7532.70;7535.90;-7.18;7.84;1.421478.61;0.68;1930.82;0.52;
19:15:42.152553;22:15:40.680050;7530.30;7531.10;7532.40;7535.60;22.72;37.74;0.891478.61;0.68;1951.87;0.51;
19:15:42.750466;22:15:40.680050;7530.30;7531.10;7532.70;7535.90;-7.28;7.74;0.631478.61;0.68;1911.79;0.52;
19:15:42.797342;22:15:42.796344;7530.20;7531.00;7532.70;7535.90;-17.30;-2.28;0.671489.76;0.67;1911.79;0.52;
19:15:44.886579;22:15:44.885492;7530.30;7531.10;7532.70;7535.90;-7.30;7.74;0.671479.64;0.68;1911.79;0.52;
19:15:46.890455;22:15:46.888459;7530.20;7531.00;7532.70;7535.90;-17.30;-2.24;0.671489.68;0.67;1911.79;0.52;
19:15:47.353956;22:15:46.888459;7530.20;7531.00;7532.40;7535.60;12.70;27.76;0.371489.68;0.67;1954.81;0.51;
19:15:47.887044;22:15:47.886046;7530.10;7530.80;7532.40;7535.60;2.70;7.76;0.581489.64;0.67;1954.81;0.51;
19:15:49.449821;22:15:48.985059;7530.10;7530.80;7531.90;7535.10;52.50;57.56;0.501489.64;0.67;1965.74;0.51;
19:15:49.988918;22:15:49.986921;7529.70;7530.50;7531.90;7535.10;12.42;27.46;0.641489.64;0.67;1965.74;0.51;
19:15:50.245231;22:15:49.986921;7529.70;7530.50;7532.20;7535.40;-17.56;-2.54;0.471489.64;0.67;1949.73;0.51;
19:15:50.988761;22:15:50.986765;7529.80;7530.60;7532.20;7535.40;-7.50;7.50;0.641489.63;0.67;1949.73;0.51;
19:15:54.088983;22:15:54.087834;7529.70;7530.50;7532.20;7535.40;-17.38;-2.40;0.911510.54;0.66;1949.73;0.51;
19:15:54.844781;22:15:54.087834;7529.70;7530.50;7531.90;7535.10;12.64;27.56;0.641510.54;0.66;1966.68;0.51;
19:15:55.089127;22:15:55.088129;7529.60;7530.30;7531.90;7535.10;2.64;7.52;0.681509.64;0.66;1966.68;0.51;
19:15:55.545911;22:15:55.088129;7529.60;7530.30;7532.20;7535.40;-27.30;-22.42;0.501509.64;0.66;1950.74;0.51;
19:15:56.192027;22:15:56.191030;7529.70;7530.50;7532.20;7535.40;-17.32;-2.46;0.711510.65;0.66;1950.74;0.51;
19:15:58.149454;22:15:56.191030;7529.70;7530.50;7531.90;7535.10;12.66;27.50;0.501510.65;0.66;1971.79;0.51;
19:15:58.196327;22:15:58.194332;7529.60;7530.30;7531.90;7535.10;2.68;7.50;0.831510.68;0.66;1971.79;0.51;
19:15:58.950076;22:15:58.194332;7529.60;7530.30;7532.20;7535.40;-27.24;-22.42;0.431510.68;0.66;1970.81;0.51;
19:15:59.192427;22:15:59.190433;7530.20;7531.00;7532.20;7535.40;32.66;47.46;1.081509.62;0.66;1970.81;0.51;
19:15:59.446283;22:15:59.190433;7530.20;7531.00;7532.90;7536.10;-37.24;-22.46;0.631509.62;0.66;1963.70;0.51;
19:16:00.291635;22:16:00.290635;7530.60;7531.30;7532.90;7536.10;2.76;7.54;0.761489.62;0.67;1963.70;0.51;
19:16:03.392924;22:16:03.392016;7531.10;7531.70;7532.90;7536.10;52.68;47.46;1.191459.60;0.69;1963.70;0.51;
19:16:03.478694;22:16:03.392016;7531.10;7531.70;7533.40;7536.60;2.68;-2.54;0.831459.60;0.69;1991.88;0.50;
19:16:04.042931;22:16:03.392016;7531.10;7531.70;7533.20;7536.40;22.60;17.38;0.881459.60;0.69;1981.79;0.50;
19:16:04.398343;22:16:04.397340;7530.60;7531.40;7533.20;7536.40;-27.34;-12.60;1.001458.66;0.69;1981.79;0.50;
19:16:05.395205;22:16:05.393226;7530.80;7531.50;7533.20;7536.40;-7.34;-2.62;1.261458.62;0.69;1981.79;0.50;
19:16:07.495391;22:16:07.494233;7530.80;7531.60;7533.20;7536.40;-7.34;7.36;1.211469.56;0.68;1981.79;0.50;
19:16:08.495613;22:16:08.494617;7530.90;7531.60;7533.20;7536.40;2.60;7.30;1.501469.62;0.68;1981.79;0.50;
19:16:09.446100;22:16:08.494617;7530.90;7531.60;7533.40;7536.60;-17.36;-12.68;0.911469.62;0.68;1947.77;0.51;
19:16:09.535857;22:16:09.519899;7531.10;7531.80;7533.40;7536.60;2.68;7.34;1.831448.83;0.69;1947.77;0.51;
19:16:10.053610;22:16:09.519899;7531.10;7531.80;7534.20;7537.40;-77.18;-72.52;0.761448.83;0.69;1950.87;0.51;
19:16:10.503919;22:16:10.502923;7531.80;7532.50;7534.20;7537.40;-7.16;-2.50;0.911448.57;0.69;1950.87;0.51;
19:16:11.602517;22:16:11.601520;7531.70;7532.50;7534.20;7537.40;-17.14;-2.48;1.331448.65;0.69;1950.87;0.51;
19:16:12.598339;22:16:12.596349;7531.20;7532.00;7534.20;7537.40;-67.00;-52.36;2.101438.52;0.70;1950.87;0.51;
19:16:12.785838;22:16:12.596349;7531.20;7532.00;7533.70;7536.90;-16.98;-2.36;1.131438.52;0.70;1902.08;0.53;
19:16:13.598692;22:16:13.597695;7531.70;7532.50;7533.70;7536.90;32.90;47.50;1.371437.47;0.70;1902.08;0.53;
19:16:13.755629;22:16:13.597695;7531.70;7532.50;7534.20;7537.40;-17.02;-2.44;1.001437.47;0.70;1907.90;0.52;
19:16:14.699107;22:16:14.698115;7531.60;7532.30;7534.20;7537.40;-27.00;-22.42;1.051438.57;0.70;1907.90;0.52;
19:16:15.705717;22:16:15.703721;7531.70;7532.50;7534.20;7537.40;-16.94;-2.38;1.251438.65;0.70;1907.90;0.52;
19:16:16.704124;22:16:16.703121;7531.80;7532.60;7534.20;7537.40;-6.92;7.62;1.191438.61;0.70;1907.90;0.52;
19:16:19.800513;22:16:19.799512;7532.10;7532.80;7534.20;7537.40;22.98;27.52;2.401458.49;0.69;1907.90;0.52;
19:16:20.150573;22:16:19.799512;7532.10;7532.80;7534.40;7537.60;2.86;7.40;1.421458.49;0.69;1961.77;0.51;
19:16:20.655227;22:16:19.799512;7532.10;7532.80;7534.20;7537.40;22.80;27.34;1.181458.49;0.69;1963.75;0.51;
19:16:20.800835;22:16:20.799837;7531.80;7532.60;7534.20;7537.40;-7.24;7.28;1.001427.57;0.70;1963.75;0.51;
19:16:21.902761;22:16:21.901762;7531.70;7532.50;7534.20;7537.40;-17.18;-2.68;1.671428.54;0.70;1963.75;0.51;
19:16:22.904641;22:16:22.902645;7531.60;7532.30;7534.20;7537.40;-27.16;-22.66;1.281428.55;0.70;1963.75;0.51;
19:16:23.904221;22:16:23.902227;7531.80;7532.60;7534.20;7537.40;-7.18;7.32;3.501407.58;0.71;1963.75;0.51;
19:16:24.909182;22:16:24.907200;7531.70;7532.50;7534.20;7537.40;-17.18;-2.70;3.381407.62;0.71;1963.75;0.51;
19:16:25.842722;22:16:24.907200;7531.70;7532.50;7534.20;7537.30;-7.22;-2.74;2.671407.62;0.71;2007.75;0.50;
19:16:29.104504;22:16:29.103508;7531.80;7532.60;7534.20;7537.30;2.78;7.26;2.671438.57;0.70;2007.75;0.50;
19:16:30.109329;22:16:30.108332;7531.70;7532.60;7534.20;7537.30;-7.20;7.24;2.221438.57;0.70;2007.75;0.50;
19:16:31.108218;22:16:31.106225;7531.80;7532.60;7534.20;7537.30;2.74;7.18;4.201438.59;0.70;2007.75;0.50;
19:16:33.144998;22:16:31.106225;7531.80;7532.60;7534.70;7537.80;-47.18;-42.74;1.911438.59;0.70;2075.74;0.48;
19:16:33.207829;22:16:33.206830;7532.10;7532.80;7534.70;7537.80;-17.18;-22.72;1.911449.60;0.69;2075.74;0.48;
19:16:33.449565;22:16:33.206830;7532.10;7532.80;7534.50;7537.60;2.84;-2.68;1.271449.60;0.69;2075.84;0.48;
19:16:33.752548;22:16:33.206830;7532.10;7532.80;7534.70;7537.80;-17.12;-22.62;0.841449.60;0.69;2074.82;0.48;
19:16:35.208107;22:16:35.207109;7532.20;7533.00;7534.70;7537.80;-7.06;-2.56;0.741458.60;0.69;2074.82;0.48;
19:16:36.214093;22:16:36.214093;7532.10;7532.80;7534.70;7537.80;-17.04;-22.52;0.791458.64;0.69;2074.82;0.48;
19:16:36.351711;22:16:36.214093;7532.10;7532.80;7534.50;7537.60;3.00;-2.46;0.681458.64;0.69;2090.89;0.48;
19:16:37.144070;22:16:36.214093;7532.10;7532.80;7534.70;7537.80;-16.96;-22.40;0.501458.64;0.69;2091.77;0.48;
19:16:37.309137;22:16:37.308139;7532.20;7533.10;7534.70;7537.80;-6.94;7.58;0.621459.58;0.69;2091.77;0.48;
19:16:38.324328;22:16:38.323319;7532.30;7533.10;7534.70;7537.80;3.10;7.60;0.621459.73;0.69;2091.77;0.48;
19:16:39.750684;22:16:38.323319;7532.30;7533.10;7535.00;7538.10;-26.86;-22.36;0.731459.73;0.69;2098.79;0.48;
19:16:40.412219;22:16:40.411221;7532.60;7533.30;7535.00;7538.10;3.18;-2.30;0.731469.57;0.68;2098.79;0.48;
19:16:41.412096;22:16:41.410097;7532.80;7533.60;7535.00;7538.10;23.14;27.66;1.171469.57;0.68;2098.79;0.48;
19:16:41.558617;22:16:41.410097;7532.80;7533.60;7535.20;7538.30;3.14;7.64;1.171469.57;0.68;2098.76;0.48;
19:16:43.418264;22:16:43.417261;7532.70;7533.50;7535.20;7538.30;-6.80;-2.32;1.111479.66;0.68;2098.76;0.48;
19:16:46.522405;22:16:46.520412;7532.80;7533.60;7535.20;7538.30;3.24;7.66;1.061499.68;0.67;2098.76;0.48;
19:16:47.516740;22:16:47.514747;7532.60;7533.30;7535.20;7538.30;-16.72;-22.30;1.711499.59;0.67;2098.76;0.48;
19:16:47.546174;22:16:47.514747;7532.60;7533.30;7535.00;7538.10;3.28;-2.32;1.711499.59;0.67;2148.66;0.47;
19:16:47.847041;22:16:47.514747;7532.60;7533.30;7535.20;7538.30;-16.64;-22.26;1.111499.59;0.67;2142.74;0.47;
19:16:48.346722;22:16:47.514747;7532.60;7533.30;7535.50;7538.60;-46.54;-52.18;0.791499.59;0.67;2116.74;0.47;
19:16:48.619432;22:16:48.617413;7533.10;7533.80;7535.50;7538.60;3.46;-2.18;1.611500.64;0.67;2116.74;0.47;
