22:02:22.357694> StopBalance = 450.00
22:02:23.168477> BUY .FRANCECash 1.00 signal received at 6498.1, fastSpread=0.80
22:02:23.267222> MT5 290003 UNSUPPORTED_FILLING_MODE
22:02:23.269205> BUY FAILED .FRANCECash;Gap=-0.27;Price=6498.1
22:02:24.962629> BUY .FRANCECash 1.00 signal received at 6498.6, fastSpread=0.70
22:02:25.041417> MT5 290003 UNSUPPORTED_FILLING_MODE
22:02:25.042415> BUY FAILED .FRANCECash;Gap=-0.45;Price=6498.6
22:02:27.872092> BUY .FRANCECash 1.00 signal received at 6497.8, fastSpread=0.70
22:02:27.962847> MT5 290003 UNSUPPORTED_FILLING_MODE
22:02:27.968833> BUY FAILED .FRANCECash;Gap=0.33;Price=6497.8
22:02:30.368483> BUY .FRANCECash 1.00 signal received at 6498.6, fastSpread=0.70
22:02:30.453254> MT5 290003 UNSUPPORTED_FILLING_MODE
22:02:30.456246> BUY FAILED .FRANCECash;Gap=0.07;Price=6498.6
22:02:32.276435> BUY .FRANCECash 1.00 signal received at 6498.6, fastSpread=0.70
22:02:32.360210> MT5 290003 UNSUPPORTED_FILLING_MODE
22:02:32.362205> BUY FAILED .FRANCECash;Gap=-0.39;Price=6498.6
22:02:34.526212> BUY .FRANCECash 1.00 signal received at 6498.3, fastSpread=0.80
22:02:34.610984> MT5 290003 UNSUPPORTED_FILLING_MODE
22:02:34.612980> BUY FAILED .FRANCECash;Gap=0.30;Price=6498.3
22:02:36.266276> BUY .FRANCECash 1.00 signal received at 6497.8, fastSpread=0.70
22:02:36.359027> MT5 290003 UNSUPPORTED_FILLING_MODE
22:02:36.366013> BUY FAILED .FRANCECash;Gap=0.85;Price=6497.8
22:02:38.456667> BUY .FRANCECash 1.00 signal received at 6497.8, fastSpread=0.70
22:02:38.536457> MT5 290003 UNSUPPORTED_FILLING_MODE
22:02:38.538449> BUY FAILED .FRANCECash;Gap=-0.20;Price=6497.8
22:02:40.641596> BUY .FRANCECash 1.00 signal received at 6497.3, fastSpread=0.70
22:02:40.729361> MT5 290003 UNSUPPORTED_FILLING_MODE
22:02:40.731355> BUY FAILED .FRANCECash;Gap=0.26;Price=6497.3
22:02:42.762951> BUY .FRANCECash 1.00 signal received at 6496.8, fastSpread=0.70
22:02:42.857697> MT5 290003 UNSUPPORTED_FILLING_MODE
22:02:42.860689> BUY FAILED .FRANCECash;Gap=0.24;Price=6496.8
22:02:44.807380> BUY .FRANCECash 1.00 signal received at 6496.6, fastSpread=0.70
22:02:44.902127> MT5 290003 UNSUPPORTED_FILLING_MODE
22:02:44.904122> BUY FAILED .FRANCECash;Gap=0.42;Price=6496.6
22:02:46.860559> BUY .FRANCECash 1.00 signal received at 6496.6, fastSpread=0.70
22:02:46.957821> MT5 290003 UNSUPPORTED_FILLING_MODE
22:02:46.964801> BUY FAILED .FRANCECash;Gap=-0.10;Price=6496.6
22:02:48.763943> BUY .FRANCECash 1.00 signal received at 6496.3, fastSpread=0.70
22:02:48.845720> MT5 290003 UNSUPPORTED_FILLING_MODE
22:02:48.848712> BUY FAILED .FRANCECash;Gap=0.19;Price=6496.3
22:02:50.557887> BUY .FRANCECash 1.00 signal received at 6495.6, fastSpread=0.70
22:02:50.641643> MT5 290003 UNSUPPORTED_FILLING_MODE
22:02:50.643640> BUY FAILED .FRANCECash;Gap=0.86;Price=6495.6
