LocalTime;FastTime;FastBid;FastAsk;SlowBid;SlowAsk;GapLong;GapShort;FastCoef;dTFast;tpsFast;dTSlow;tpsSlow;
19:02:22.355698;22:02:22.118334;6497.1;6497.9;6495.5;6497.8;0.00;0.00;1.00599.99;1.67;0.00;0.00;
19:02:22.752639;22:02:22.118334;6497.1;6497.9;6495.3;6497.6;0.10;0.10;1.00599.99;1.67;397.94;2.51;
19:02:23.157510;22:02:23.018927;6497.1;6497.9;6495.8;6498.1;-0.27;-0.27;1.00750.29;1.33;401.40;2.49;
19:02:23.274190;22:02:23.217343;6497.2;6497.9;6495.8;6498.1;-0.13;-0.20;1.00566.33;1.77;401.40;2.49;
19:02:24.159423;22:02:23.217343;6497.2;6497.9;6496;6498.3;-0.26;-0.32;1.00566.33;1.77;601.57;1.66;
19:02:24.652113;22:02:23.217343;6497.2;6497.9;6495.8;6498.3;-0.22;-0.10;1.00566.33;1.77;574.35;1.74;
19:02:24.671055;22:02:23.217343;6497.2;6497.9;6495.8;6498.1;-0.01;-0.09;1.00566.33;1.77;574.35;1.74;
19:02:24.954649;22:02:23.217343;6497.2;6497.9;6496.3;6498.6;-0.45;-0.51;1.00566.33;1.77;519.59;1.92;
19:02:25.456113;22:02:25.263624;6497.2;6497.9;6496;6498.3;-0.13;-0.19;1.00936.32;1.07;516.73;1.94;
19:02:26.056505;22:02:25.263624;6497.2;6497.9;6495.8;6498.1;0.06;0.01;1.00936.32;1.07;528.69;1.89;
19:02:27.859127;22:02:26.320314;6497.2;6497.9;6495.5;6497.8;0.33;0.28;0.02960.39;1.04;687.80;1.45;
19:02:28.658986;22:02:26.320314;6497.2;6497.9;6495.8;6498.1;0.03;-0.02;0.02960.39;1.04;700.25;1.43;
19:02:28.946219;22:02:26.320314;6497.2;6497.9;6496.3;6498.6;-0.44;-0.48;0.02960.39;1.04;659.05;1.52;
19:02:29.322215;22:02:29.321218;6497.7;6498.4;6496.3;6498.6;0.06;0.02;0.201300.48;0.77;659.05;1.52;
19:02:29.452900;22:02:29.321218;6497.7;6498.4;6496.6;6498.9;-0.23;-0.26;0.191300.48;0.77;645.20;1.55;
19:02:30.356517;22:02:29.321218;6497.7;6498.4;6496.3;6498.6;0.07;0.04;0.181300.48;0.77;666.73;1.50;
19:02:30.460238;22:02:30.420343;6497.2;6497.9;6496.3;6498.6;-0.41;-0.44;0.371271.71;0.79;666.73;1.50;
19:02:31.470595;22:02:30.420343;6497.2;6497.9;6495.8;6498.1;0.09;0.06;0.371271.71;0.79;701.07;1.43;
19:02:31.757822;22:02:30.420343;6497.2;6497.9;6496;6498.3;-0.11;-0.13;0.381271.71;0.79;671.51;1.49;
19:02:32.259480;22:02:30.420343;6497.2;6497.9;6496.3;6498.6;-0.39;-0.41;0.371271.71;0.79;660.19;1.51;
19:02:33.259342;22:02:30.420343;6497.2;6497.9;6496;6498.3;-0.08;-0.10;0.371271.71;0.79;681.48;1.47;
19:02:34.524477;22:02:34.522223;6497.6;6498.4;6496;6498.3;0.30;0.38;0.601444.88;0.69;681.48;1.47;
19:02:35.524260;22:02:35.523262;6497.7;6498.4;6496;6498.3;0.39;0.36;0.791400.49;0.71;681.48;1.47;
19:02:36.262286;22:02:35.523262;6497.7;6498.4;6495.5;6497.8;0.85;0.83;0.421400.49;0.71;818.03;1.22;
19:02:36.562484;22:02:36.548520;6497.2;6497.9;6495.5;6497.8;0.34;0.31;0.711366.38;0.73;818.03;1.22;
19:02:37.162427;22:02:36.548520;6497.2;6497.9;6495;6497.3;0.80;0.78;0.651366.38;0.73;822.48;1.22;
19:02:37.625817;22:02:37.623822;6496.7;6497.4;6495;6497.3;0.29;0.27;0.651342.12;0.75;822.48;1.22;
19:02:37.854279;22:02:37.623822;6496.7;6497.4;6495.3;6497.6;-0.01;-0.03;0.711342.12;0.75;815.61;1.23;
19:02:38.454673;22:02:37.623822;6496.7;6497.4;6495.5;6497.8;-0.20;-0.22;0.711342.12;0.75;804.86;1.24;
19:02:39.152604;22:02:37.623822;6496.7;6497.4;6495.3;6497.6;0.00;-0.02;0.751342.12;0.75;799.76;1.25;
19:02:39.558523;22:02:37.623822;6496.7;6497.4;6495.5;6497.8;-0.19;-0.21;0.791342.12;0.75;781.90;1.28;
19:02:39.644285;22:02:39.632316;6497.2;6497.9;6495.5;6497.8;0.30;0.28;0.821393.38;0.72;781.90;1.28;
19:02:39.860710;22:02:39.632316;6497.2;6497.9;6495;6497.3;0.77;0.75;0.631393.38;0.72;761.04;1.31;
19:02:40.637608;22:02:40.635611;6496.7;6497.4;6495;6497.3;0.26;0.25;1.051365.52;0.73;761.04;1.31;
19:02:42.057227;22:02:40.635611;6496.7;6497.4;6494.5;6496.8;0.74;0.73;0.631365.52;0.73;820.81;1.22;
19:02:42.729045;22:02:42.727052;6496.2;6496.9;6494.5;6496.8;0.24;0.22;1.051413.91;0.71;820.81;1.22;
19:02:44.772478;22:02:44.728571;6496.2;6496.9;6494.3;6496.6;0.42;0.41;0.711450.64;0.69;896.59;1.12;
19:02:45.154581;22:02:44.728571;6496.2;6496.9;6494;6496.3;0.71;0.69;0.711450.64;0.69;876.80;1.14;
19:02:45.860526;22:02:44.728571;6496.2;6496.9;6494.3;6496.6;0.39;0.38;0.681450.64;0.69;870.51;1.15;
19:02:46.839620;22:02:46.838621;6495.7;6496.4;6494.3;6496.6;-0.10;-0.12;1.001489.43;0.67;870.51;1.15;
19:02:48.751981;22:02:47.839982;6495.7;6496.4;6494;6496.3;0.19;0.18;0.951462.31;0.68;942.69;1.06;
19:02:49.088073;22:02:48.837742;6495.7;6496.4;6493.8;6496.1;0.38;0.37;0.651437.86;0.70;921.22;1.09;
19:02:50.553891;22:02:48.837742;6495.7;6496.4;6493.3;6495.6;0.86;0.85;0.651437.86;0.70;939.91;1.06;
19:02:50.932868;22:02:50.930872;6494.2;6494.9;6493.3;6495.6;-0.62;-0.64;1.091470.63;0.68;939.91;1.06;
19:02:51.077479;22:02:50.930872;6494.2;6494.9;6492.8;6495.1;-0.12;-0.13;1.091470.63;0.68;926.48;1.08;
19:02:51.556748;22:02:50.930872;6494.2;6494.9;6492.5;6494.8;0.18;0.16;0.771470.63;0.68;912.47;1.10;
