14:40:39.346986> StopBalance = 1.33
14:40:39.352983> BUY EURUSD 0.01 signal received at 1.10042, fastSpread=9.00
14:40:44.096686> MT5 932440 NO_MONEY
14:40:44.097685> BUY FAILED EURUSD;Gap=-9.00;Price=1.10042
14:40:46.331230> BUY EURUSD 0.01 signal received at 1.10048, fastSpread=13.00
14:40:47.266683> MT5 932440 NO_MONEY
14:40:47.268687> BUY FAILED EURUSD;Gap=-13.00;Price=1.10048
14:40:49.923425> BUY EURUSD 0.01 signal received at 1.10050, fastSpread=8.00
14:40:51.151175> MT5 932440 NO_MONEY
14:40:51.155171> BUY FAILED EURUSD;Gap=-8.00;Price=1.10050
14:40:55.487673> BUY EURUSD 0.01 signal received at 1.10048, fastSpread=9.00
14:40:56.066415> MT5 932440 NO_MONEY
14:40:56.068414> BUY FAILED EURUSD;Gap=-9.00;Price=1.10048
14:40:58.787160> BUY EURUSD 0.01 signal received at 1.10054, fastSpread=13.00
14:40:59.211276> MT5 932440 NO_MONEY
14:40:59.212276> BUY FAILED EURUSD;Gap=-13.00;Price=1.10054
14:41:01.013685> BUY EURUSD 0.01 signal received at 1.10061, fastSpread=12.00
14:41:01.378878> MT5 932440 NO_MONEY
14:41:01.393917> BUY FAILED EURUSD;Gap=-12.00;Price=1.10061
14:41:02.961483> BUY EURUSD 0.01 signal received at 1.10057, fastSpread=8.00
14:41:03.475450> MT5 932440 NO_MONEY
14:41:03.476452> BUY FAILED EURUSD;Gap=-8.00;Price=1.10057
14:41:05.565999> BUY EURUSD 0.01 signal received at 1.10062, fastSpread=13.00
14:41:05.734646> MT5 932440 NO_MONEY
14:41:05.736644> BUY FAILED EURUSD;Gap=-13.00;Price=1.10062
14:41:07.480774> BUY EURUSD 0.01 signal received at 1.10060, fastSpread=8.00
14:41:07.608693> MT5 932440 NO_MONEY
14:41:07.609694> BUY FAILED EURUSD;Gap=-8.00;Price=1.10060
14:41:10.985508> BUY EURUSD 0.01 signal received at 1.10058, fastSpread=6.00
14:41:11.491232> MT5 932440 NO_MONEY
14:41:11.492233> BUY FAILED EURUSD;Gap=-6.00;Price=1.10058
14:41:13.516081> BUY EURUSD 0.01 signal received at 1.10059, fastSpread=8.00
14:41:13.818958> MT5 932440 NO_MONEY
14:41:13.819958> BUY FAILED EURUSD;Gap=-8.00;Price=1.10059
14:41:15.487123> BUY EURUSD 0.01 signal received at 1.10066, fastSpread=11.00
14:41:15.616043> MT5 932440 NO_MONEY
14:41:15.618043> BUY FAILED EURUSD;Gap=-11.00;Price=1.10066
14:41:17.333829> BUY EURUSD 0.01 signal received at 1.10069, fastSpread=13.00
14:41:17.745110> MT5 932440 NO_MONEY
14:41:17.747110> BUY FAILED EURUSD;Gap=-13.00;Price=1.10069
14:41:21.558022> BUY EURUSD 0.01 signal received at 1.10069, fastSpread=11.00
14:41:22.325266> MT5 932440 NO_MONEY
14:41:22.327271> BUY FAILED EURUSD;Gap=-11.00;Price=1.10069
14:41:25.559073> BUY EURUSD 0.01 signal received at 1.10064, fastSpread=7.00
14:41:25.936580> MT5 932440 NO_MONEY
14:41:25.937580> BUY FAILED EURUSD;Gap=-7.00;Price=1.10064
14:41:28.442056> BUY EURUSD 0.01 signal received at 1.10067, fastSpread=10.00
14:41:28.994121> MT5 932440 NO_MONEY
14:41:28.995120> BUY FAILED EURUSD;Gap=-10.00;Price=1.10067
14:41:32.763056> BUY EURUSD 0.01 signal received at 1.10073, fastSpread=12.00
14:41:32.912963> MT5 932440 NO_MONEY
14:41:32.913963> BUY FAILED EURUSD;Gap=-12.00;Price=1.10073
14:41:34.492891> BUY EURUSD 0.01 signal received at 1.10075, fastSpread=13.00
14:41:34.719748> MT5 932440 NO_MONEY
14:41:34.721746> BUY FAILED EURUSD;Gap=-13.00;Price=1.10075
14:41:36.330010> BUY EURUSD 0.01 signal received at 1.10077, fastSpread=9.00
14:41:37.006589> MT5 932440 NO_MONEY
14:41:37.007591> BUY FAILED EURUSD;Gap=-9.00;Price=1.10077
14:41:39.223606> BUY EURUSD 0.01 signal received at 1.10082, fastSpread=13.00
14:41:39.352524> MT5 932440 NO_MONEY
14:41:39.353525> BUY FAILED EURUSD;Gap=-13.00;Price=1.10082
14:41:41.229353> BUY EURUSD 0.01 signal received at 1.10073, fastSpread=7.00
14:41:41.974453> MT5 932440 NO_MONEY
14:41:41.975454> BUY FAILED EURUSD;Gap=-7.00;Price=1.10073
14:41:44.402342> BUY EURUSD 0.01 signal received at 1.10072, fastSpread=12.00
14:41:44.562449> MT5 932440 NO_MONEY
14:41:44.564448> BUY FAILED EURUSD;Gap=-12.00;Price=1.10072
14:41:46.253492> BUY EURUSD 0.01 signal received at 1.10072, fastSpread=8.00
14:41:46.841220> MT5 932440 NO_MONEY
14:41:46.843217> BUY FAILED EURUSD;Gap=-8.00;Price=1.10072
14:41:49.362715> BUY EURUSD 0.01 signal received at 1.10073, fastSpread=9.00
14:41:49.565587> MT5 932440 NO_MONEY
14:41:49.567587> BUY FAILED EURUSD;Gap=-9.00;Price=1.10073
14:41:59.093947> BUY EURUSD 0.01 signal received at 1.10073, fastSpread=8.00
14:42:05.707138> MT5 932440 Trade timeout
14:42:05.708137> BUY FAILED EURUSD;Gap=-8.00;Price=1.10073
14:42:11.883413> BUY EURUSD 0.01 signal received at 1.10075, fastSpread=6.00
14:42:12.010333> MT5 932440 NO_MONEY
14:42:12.012332> BUY FAILED EURUSD;Gap=-6.00;Price=1.10075
14:42:18.301676> BUY EURUSD 0.01 signal received at 1.10073, fastSpread=8.00
14:42:18.891485> MT5 932440 NO_MONEY
14:42:18.892485> BUY FAILED EURUSD;Gap=-8.00;Price=1.10073
