LocalTime;FastTime;FastBid;FastAsk;SlowBid;SlowAsk;GapLong;GapShort;FastCoef;dTFast;tpsFast;dTSlow;tpsSlow;
11:20:14.969009;13:20:14.918496;1.10112;1.10123;1.10112;1.10123;-11.00;11.00;1.000.00;0.00;0.00;0.00;
11:20:15.749411;13:20:15.748409;1.10112;1.10122;1.10112;1.10122;-10.00;10.00;1.00829.91;1.20;828.91;1.21;
11:20:19.332975;13:20:19.331975;1.10114;1.10122;1.10114;1.10122;-8.00;8.00;1.002206.74;0.45;2206.24;0.45;
11:20:19.689263;13:20:19.688263;1.10112;1.10122;1.10112;1.10122;-10.00;10.00;1.001589.92;0.63;1589.59;0.63;
11:20:20.852977;13:20:20.834989;1.10114;1.10122;1.10114;1.10122;-8.00;8.00;1.001479.12;0.68;1478.87;0.68;
11:20:22.732605;13:20:22.731603;1.10116;1.10121;1.10116;1.10121;-5.00;5.00;1.001562.62;0.64;1562.42;0.64;
11:20:26.246662;13:20:26.240665;1.10114;1.10122;1.10114;1.10121;-7.00;8.00;1.001887.03;0.53;1886.86;0.53;
11:20:27.205161;13:20:26.608813;1.10115;1.10125;1.10115;1.10125;-10.00;10.00;1.001461.29;0.68;1460.42;0.68;
11:20:27.265123;13:20:27.264123;1.10115;1.10122;1.10115;1.10122;-7.00;7.00;1.001371.74;0.73;1370.96;0.73;
11:20:27.773297;13:20:27.755308;1.10114;1.10122;1.10114;1.10122;-8.00;8.00;1.001283.58;0.78;1282.98;0.78;
11:20:28.323147;13:20:28.322150;1.10112;1.10121;1.10112;1.10121;-9.00;9.00;1.001218.42;0.82;1217.88;0.82;
11:20:28.981786;13:20:28.980785;1.10114;1.10121;1.10114;1.10121;-7.00;7.00;1.001171.77;0.85;1171.27;0.85;
11:20:29.264928;13:20:29.263927;1.10115;1.10121;1.10115;1.10121;-6.00;6.00;1.001103.42;0.91;1102.96;0.91;
11:20:29.476811;13:20:29.475810;1.10114;1.10121;1.10114;1.10121;-7.00;7.00;1.001039.74;0.96;1039.31;0.96;
11:20:34.763726;13:20:34.760729;1.10112;1.10122;1.10112;1.10122;-10.00;10.00;1.001322.68;0.76;1322.35;0.76;
11:20:34.960605;13:20:34.881658;1.10114;1.10122;1.10114;1.10122;-8.00;8.00;1.001247.57;0.80;1247.26;0.80;
11:20:35.232437;13:20:35.231436;1.10115;1.10124;1.10115;1.10124;-9.00;9.00;0.961194.76;0.84;1194.47;0.84;
11:20:36.161864;13:20:36.160864;1.10118;1.10126;1.10118;1.10126;-8.00;8.00;1.001180.02;0.85;1179.74;0.85;
11:20:36.242812;13:20:36.240812;1.10117;1.10126;1.10117;1.10126;-9.00;9.00;1.001122.12;0.89;1121.86;0.89;
11:20:36.283787;13:20:36.282789;1.10118;1.10127;1.10118;1.10127;-9.00;9.00;1.001068.11;0.94;1067.86;0.94;
11:20:36.473668;13:20:36.472669;1.10119;1.10127;1.10119;1.10127;-8.00;8.00;1.001026.29;0.97;1026.06;0.97;
11:20:36.592596;13:20:36.556617;1.10119;1.10128;1.10119;1.10128;-9.00;9.00;1.00983.46;1.02;983.23;1.02;
11:20:36.820453;13:20:36.818455;1.10121;1.10129;1.10121;1.10129;-8.00;8.00;1.00952.09;1.05;951.87;1.05;
11:20:36.850438;13:20:36.848437;1.10122;1.10131;1.10122;1.10131;-9.00;9.00;1.00913.66;1.09;913.46;1.09;
11:20:36.951374;13:20:36.950373;1.10120;1.10129;1.10120;1.10129;-9.00;9.00;1.00881.20;1.13;881.00;1.14;
11:20:37.004339;13:20:36.991350;1.10119;1.10128;1.10119;1.10128;-9.00;9.00;1.00848.88;1.18;848.69;1.18;
11:20:44.648460;13:20:44.647461;1.10118;1.10129;1.10118;1.10129;-11.00;11.00;1.001101.00;0.91;1100.81;0.91;
11:20:44.920292;13:20:44.865326;1.10118;1.10130;1.10118;1.10130;-12.00;12.00;1.001034.48;0.97;1069.28;0.97;
11:20:44.923290;13:20:44.920292;1.10119;1.10130;1.10119;1.10130;-11.00;11.00;1.001034.48;0.97;1034.30;0.97;
11:20:44.990249;13:20:44.989249;1.10120;1.10130;1.10120;1.10130;-10.00;10.00;1.001002.29;1.00;1002.13;1.00;
11:20:45.221105;13:20:45.219107;1.10118;1.10130;1.10118;1.10130;-12.00;12.00;1.00977.37;1.02;977.21;1.02;
11:20:46.298037;13:20:46.296038;1.10121;1.10128;1.10121;1.10128;-7.00;7.00;1.00980.49;1.02;980.33;1.02;
11:20:47.576175;13:20:47.574177;1.10120;1.10128;1.10120;1.10128;-8.00;8.00;1.00989.51;1.01;989.35;1.01;
11:20:51.654145;13:20:51.652147;1.10121;1.10128;1.10121;1.10128;-7.00;7.00;1.001080.34;0.93;1080.20;0.93;
11:20:52.034910;13:20:51.999931;1.10118;1.10125;1.10118;1.10125;-7.00;7.00;1.001059.41;0.94;1059.27;0.94;
11:20:52.037909;13:20:52.035909;1.10115;1.10124;1.10115;1.10124;-9.00;9.00;1.001030.98;0.97;1030.84;0.97;
11:20:52.133848;13:20:52.108863;1.10115;1.10123;1.10115;1.10123;-8.00;8.00;1.001005.09;0.99;1004.96;1.00;
11:20:54.676879;13:20:54.675878;1.10114;1.10121;1.10114;1.10121;-7.00;7.00;1.001046.19;0.96;1046.06;0.96;
11:20:55.066522;13:20:55.064524;1.10115;1.10121;1.10115;1.10121;-6.00;6.00;1.001029.33;0.97;1029.21;0.97;
11:20:55.158464;13:20:55.156465;1.10114;1.10121;1.10114;1.10121;-7.00;7.00;1.001005.90;0.99;1005.77;0.99;
11:20:58.640779;13:20:58.639779;1.10110;1.10123;1.10110;1.10123;-13.00;13.00;1.001066.32;0.94;1066.20;0.94;
11:20:58.845654;13:20:58.713733;1.10110;1.10122;1.10110;1.10122;-12.00;12.00;1.001042.70;0.96;1042.58;0.96;
11:21:01.660233;13:21:01.659233;1.10112;1.10120;1.10112;1.10120;-8.00;8.00;1.001038.66;0.96;1129.07;0.89;
11:21:02.216002;13:21:01.661233;1.10111;1.10120;1.10111;1.10120;-9.00;9.00;1.001038.66;0.96;1104.03;0.91;
11:21:03.494161;13:21:03.492336;1.10111;1.10118;1.10111;1.10118;-7.00;7.00;1.001055.89;0.95;1119.85;0.89;
11:21:03.507396;13:21:03.498402;1.10110;1.10118;1.10110;1.10118;-8.00;8.00;1.001033.55;0.97;1096.14;0.91;
11:21:03.561362;13:21:03.560363;1.10109;1.10117;1.10109;1.10117;-8.00;8.00;1.001013.31;0.99;1074.59;0.93;
11:21:03.590346;13:21:03.589345;1.10110;1.10117;1.10110;1.10117;-7.00;7.00;1.00993.22;1.01;1053.25;0.95;
11:21:04.141111;13:21:04.139112;1.10109;1.10117;1.10109;1.10117;-8.00;8.00;1.00984.35;1.02;1043.18;0.96;
11:21:04.862881;13:21:04.858885;1.10111;1.10116;1.10111;1.10116;-5.00;5.00;1.00979.16;1.02;1036.84;0.96;
11:21:04.978834;13:21:04.978834;1.10110;1.10116;1.10111;1.10116;-6.00;5.00;1.06962.62;1.04;1019.21;0.98;
11:21:04.980830;13:21:04.978834;1.10110;1.10116;1.10110;1.10116;-6.00;6.00;1.00962.62;1.04;1019.21;0.98;
11:21:07.743761;13:21:07.742765;1.10106;1.10116;1.10106;1.10116;-10.00;10.00;1.00996.61;1.00;1052.13;0.95;
11:21:08.500446;13:21:08.499444;1.10106;1.10117;1.10106;1.10117;-11.00;11.00;1.00992.15;1.01;1046.66;0.96;
11:21:08.571401;13:21:08.559408;1.10107;1.10117;1.10107;1.10117;-10.00;10.00;1.00975.20;1.03;1028.72;0.97;
11:21:08.663343;13:21:08.661346;1.10109;1.10119;1.10109;1.10119;-10.00;10.00;1.00959.60;1.04;1012.17;0.99;
11:21:09.276494;13:21:09.275486;1.10110;1.10123;1.10110;1.10123;-13.00;13.00;1.00953.54;1.05;1005.18;0.99;
11:21:10.898429;13:21:10.897429;1.10110;1.10125;1.10110;1.10125;-15.00;15.00;1.00965.07;1.04;1015.82;0.98;
11:21:11.004363;13:21:11.002366;1.10112;1.10125;1.10112;1.10125;-13.00;13.00;1.00950.49;1.05;1000.38;1.00;
11:21:11.159268;13:21:11.157269;1.10110;1.10123;1.10110;1.10123;-13.00;13.00;1.00937.23;1.07;986.29;1.01;
11:21:11.488064;13:21:11.487064;1.10112;1.10123;1.10112;1.10123;-11.00;11.00;0.96927.26;1.08;975.53;1.03;
11:21:13.106661;13:21:13.105661;1.10114;1.10123;1.10114;1.10123;-9.00;9.00;1.00931.08;1.07;977.08;1.02;
11:21:13.552385;13:21:13.551386;1.10114;1.10124;1.10114;1.10124;-10.00;10.00;1.00923.61;1.08;968.91;1.03;
11:21:13.623342;13:21:13.589362;1.10115;1.10124;1.10115;1.10124;-9.00;9.00;1.00910.19;1.10;954.80;1.05;
11:21:14.764729;13:21:14.762713;1.10114;1.10124;1.10114;1.10124;-10.00;10.00;1.00914.12;1.09;958.07;1.04;
11:21:14.973582;13:21:14.897629;1.10114;1.10125;1.10114;1.10125;-11.00;11.00;1.00902.66;1.11;945.96;1.06;
11:21:17.939231;13:21:17.938230;1.10113;1.10125;1.10113;1.10125;-12.00;12.00;1.00933.64;1.07;976.32;1.02;
11:21:19.036383;13:21:19.035384;1.10115;1.10123;1.10115;1.10123;-8.00;8.00;1.00935.98;1.07;978.04;1.02;
11:21:20.751636;13:21:20.749638;1.10114;1.10123;1.10114;1.10123;-9.00;9.00;1.00946.94;1.06;988.41;1.01;
11:21:20.865567;13:21:20.802604;1.10112;1.10121;1.10112;1.10121;-9.00;9.00;1.00934.53;1.07;975.42;1.03;
11:21:22.679233;13:21:22.678232;1.10112;1.10120;1.10112;1.10120;-8.00;8.00;1.00947.42;1.06;987.75;1.01;
11:21:22.816149;13:21:22.740195;1.10111;1.10118;1.10111;1.10118;-7.00;7.00;1.00935.45;1.07;975.24;1.03;
11:21:23.923363;13:21:23.921363;1.10111;1.10120;1.10111;1.10120;-9.00;9.00;1.00938.71;1.07;977.99;1.02;
11:21:28.193005;13:21:28.192005;1.10112;1.10120;1.10112;1.10120;-8.00;8.00;1.00982.56;1.02;1021.31;0.98;
11:21:28.300938;13:21:28.254967;1.10112;1.10121;1.10112;1.10121;-9.00;9.00;1.00970.61;1.03;1008.87;0.99;
11:21:28.551782;13:21:28.550784;1.10114;1.10123;1.10114;1.10123;-9.00;9.00;1.00961.96;1.04;999.72;1.00;
11:21:28.716703;13:21:28.714582;1.10114;1.10121;1.10114;1.10121;-7.00;7.00;1.00951.86;1.05;989.16;1.01;
11:21:30.036676;13:21:30.035549;1.10115;1.10122;1.10115;1.10122;-7.00;7.00;1.00956.47;1.05;993.29;1.01;
11:21:36.404513;13:21:36.402513;1.10114;1.10121;1.10114;1.10121;-7.00;7.00;1.001023.27;0.98;1059.63;0.94;
11:21:38.064320;13:21:38.063324;1.10114;1.10123;1.10114;1.10123;-9.00;9.00;1.001031.04;0.97;1066.96;0.94;
11:21:45.719891;13:21:45.718891;1.10115;1.10124;1.10115;1.10124;-9.00;9.00;1.001110.86;0.90;1146.34;0.87;
11:21:47.221008;13:21:47.220007;1.10115;1.10123;1.10115;1.10123;-8.00;8.00;1.001115.50;0.90;1150.57;0.87;
11:21:47.597775;13:21:47.596774;1.10114;1.10123;1.10114;1.10123;-9.00;9.00;1.001106.81;0.90;1141.46;0.88;
