19:49:38.550882> WebSocket connected! Start @depth [Future] process...
19:49:38.552881> WebSocket connected! Start Partial @depth20 [MARGIN] process...
19:49:38.553881> WebSocket connected! Start [MARGIN] @depth@100ms process...
19:49:38.556884> WebSocket connected! Start Partial @depth20 [Future] process...
19:49:38.557885> Lenta has started...Start SubscribeToTradeStream @trade [{accType}] process...
19:49:38.571882> Lenta has started...Start SubscribeToAggTradeStream @aggTrade [future] process...
19:49:38.751895> WebSocket connected! Start Partial @depth20 [MARGIN] process...
19:49:38.780893> Lenta has started...Start SubscribeToTradeStream @trade [{accType}] process...
19:49:38.780893> WebSocket connected! Start [MARGIN] @depth@100ms process...
19:49:38.797895> Binance - Vxxv1AWf[MARGIN] MARGIN Balance: 0.51225955 USDT
19:49:39.360900> Lenta has started...Start SubscribeToAggTradeStream @aggTrade [future] process...
19:49:39.388901> BinanceFuture - Vxxv1AWf[USD_M] USD_M Balance: 0.66986043 USDT
19:49:39.400903> WebSocket connected! Start @depth [Future] process...
19:49:39.416914> WebSocket connected! Start Partial @depth20 [Future] process...
19:50:33.387600> Binance - Vxxv1AWf[MARGIN] MARGIN Balance: 0.51299313 USDT
19:50:33.651646> WebSocket connected! Start @depth [Future] process...
19:50:33.665649> WebSocket connected! Start Partial @depth20 [MARGIN] process...
19:50:33.683643> Lenta has started...Start SubscribeToAggTradeStream @aggTrade [future] process...
19:50:33.833650> Lenta has started...Start SubscribeToTradeStream @trade [{accType}] process...
19:50:33.840652> WebSocket connected! Start Partial @depth20 [MARGIN] process...
19:50:33.890651> WebSocket connected! Start [MARGIN] @depth@100ms process...
19:50:34.248672> BinanceFuture - Vxxv1AWf[USD_M] USD_M Balance: 0.66986043 USDT
19:50:34.297679> WebSocket connected! Start @depth [Future] process...
19:50:34.301681> WebSocket connected! Start Partial @depth20 [Future] process...
19:50:34.412680> Lenta has started...Start SubscribeToAggTradeStream @aggTrade [future] process...
19:50:34.648735> WebSocket connected! Start Partial @depth20 [Future] process...
19:50:34.654705> Lenta has started...Start SubscribeToTradeStream @trade [{accType}] process...
19:50:34.658699> WebSocket connected! Start [MARGIN] @depth@100ms process...
