17:25:34.146560> WebSocket connected! Start Partial @depth20 [Future] process...
17:25:34.218563> WebSocket connected! Start Partial @depth20 [Future] process...
17:25:34.639316> New Max DevBuy: 0.00 GapBuy:4293.40 avgGapBuy:4293.40 deviationBuy:0.00
17:25:34.640317> Ask1: 71259.10 Bid1:71259.00 Ask2:75554.6 Bid2:75552.5
17:25:34.640317> New Min DevSell: 0.00 GapSell:4295.60 avgGapSell:4295.60 deviationSell:0.00
17:25:34.641318> Ask1: 71259.10 Bid1:71259.00 Ask2:75554.6 Bid2:75552.5
17:25:34.644315> New Max DevBuy: 0.00 GapBuy:4293.40 avgGapBuy:4293.40 deviationBuy:0.00
17:25:34.644315> Ask1: 71259.10 Bid1:71259.00 Ask2:75554.6 Bid2:75552.5
17:25:34.645320> New Min DevSell: 0.00 GapSell:4295.60 avgGapSell:4295.60 deviationSell:0.00
17:25:34.652326> Ask1: 71259.10 Bid1:71259.00 Ask2:75554.6 Bid2:75552.5
17:25:34.654327> New Max DevBuy: 0.00 GapBuy:4293.40 avgGapBuy:4293.40 deviationBuy:0.00
17:25:34.654327> Ask1: 71259.10 Bid1:71259.00 Ask2:75554.6 Bid2:75552.5
17:25:34.654327> New Min DevSell: 0.00 GapSell:4295.60 avgGapSell:4295.60 deviationSell:0.00
17:25:34.654327> Ask1: 71259.10 Bid1:71259.00 Ask2:75554.6 Bid2:75552.5
17:25:34.656328> New Max DevBuy: 0.00 GapBuy:4293.40 avgGapBuy:4293.40 deviationBuy:0.00
17:25:34.656328> Ask1: 71259.10 Bid1:71259.00 Ask2:75554.6 Bid2:75552.5
17:25:34.656328> New Min DevSell: 0.00 GapSell:4295.60 avgGapSell:4295.60 deviationSell:0.00
17:25:34.656328> Ask1: 71259.10 Bid1:71259.00 Ask2:75554.6 Bid2:75552.5
17:25:34.658325> New Max DevBuy: 0.00 GapBuy:4293.40 avgGapBuy:4293.40 deviationBuy:0.00
17:25:34.658325> Ask1: 71259.10 Bid1:71259.00 Ask2:75554.6 Bid2:75552.5
17:25:34.658325> New Min DevSell: 0.00 GapSell:4295.60 avgGapSell:4295.60 deviationSell:0.00
17:25:34.658325> Ask1: 71259.10 Bid1:71259.00 Ask2:75554.6 Bid2:75552.5
17:25:34.660326> New Max DevBuy: 0.00 GapBuy:4293.40 avgGapBuy:4293.40 deviationBuy:0.00
17:25:34.660326> Ask1: 71259.10 Bid1:71259.00 Ask2:75554.6 Bid2:75552.5
17:25:34.660326> New Min DevSell: 0.00 GapSell:4295.60 avgGapSell:4295.60 deviationSell:0.00
17:25:34.660326> Ask1: 71259.10 Bid1:71259.00 Ask2:75554.6 Bid2:75552.5
17:25:34.662325> New Max DevBuy: 0.00 GapBuy:4293.40 avgGapBuy:4293.40 deviationBuy:0.00
17:25:34.662325> Ask1: 71259.10 Bid1:71259.00 Ask2:75554.6 Bid2:75552.5
17:25:34.662325> New Min DevSell: 0.00 GapSell:4295.60 avgGapSell:4295.60 deviationSell:0.00
17:25:34.662325> Ask1: 71259.10 Bid1:71259.00 Ask2:75554.6 Bid2:75552.5
17:25:34.664328> New Max DevBuy: 0.00 GapBuy:4293.40 avgGapBuy:4293.40 deviationBuy:0.00
17:25:34.664328> Ask1: 71259.10 Bid1:71259.00 Ask2:75554.6 Bid2:75552.5
17:25:34.664328> New Min DevSell: 0.00 GapSell:4295.60 avgGapSell:4295.60 deviationSell:0.00
17:25:34.664328> Ask1: 71259.10 Bid1:71259.00 Ask2:75554.6 Bid2:75552.5
17:25:34.667331> New Max DevBuy: 0.00 GapBuy:4293.40 avgGapBuy:4293.40 deviationBuy:0.00
17:25:34.667331> Ask1: 71259.10 Bid1:71259.00 Ask2:75554.6 Bid2:75552.5
17:25:34.668318> New Min DevSell: 0.00 GapSell:4295.60 avgGapSell:4295.60 deviationSell:0.00
17:25:34.668318> Ask1: 71259.10 Bid1:71259.00 Ask2:75554.6 Bid2:75552.5
17:25:34.669319> New Max DevBuy: 0.00 GapBuy:4293.40 avgGapBuy:4293.40 deviationBuy:0.00
17:25:34.669319> Ask1: 71259.10 Bid1:71259.00 Ask2:75554.6 Bid2:75552.5
17:25:34.670318> New Min DevSell: 0.00 GapSell:4295.60 avgGapSell:4295.60 deviationSell:0.00
17:25:34.670318> Ask1: 71259.10 Bid1:71259.00 Ask2:75554.6 Bid2:75552.5
17:25:34.672333> New Max DevBuy: 0.00 GapBuy:4293.40 avgGapBuy:4293.40 deviationBuy:0.00
17:25:34.672333> Ask1: 71259.10 Bid1:71259.00 Ask2:75554.6 Bid2:75552.5
17:25:34.672333> New Min DevSell: 0.00 GapSell:4295.60 avgGapSell:4295.60 deviationSell:0.00
17:25:34.672333> Ask1: 71259.10 Bid1:71259.00 Ask2:75554.6 Bid2:75552.5
17:25:34.674327> New Max DevBuy: 0.00 GapBuy:4293.40 avgGapBuy:4293.40 deviationBuy:0.00
17:25:34.674327> Ask1: 71259.10 Bid1:71259.00 Ask2:75554.6 Bid2:75552.5
17:25:34.674327> New Min DevSell: 0.00 GapSell:4295.60 avgGapSell:4295.60 deviationSell:0.00
17:25:34.674327> Ask1: 71259.10 Bid1:71259.00 Ask2:75554.6 Bid2:75552.5
17:25:34.676326> New Max DevBuy: 0.00 GapBuy:4293.40 avgGapBuy:4293.40 deviationBuy:0.00
17:25:34.676326> Ask1: 71259.10 Bid1:71259.00 Ask2:75554.6 Bid2:75552.5
17:25:34.676326> New Min DevSell: 0.00 GapSell:4295.60 avgGapSell:4295.60 deviationSell:0.00
17:25:34.676326> Ask1: 71259.10 Bid1:71259.00 Ask2:75554.6 Bid2:75552.5
17:25:34.678328> New Max DevBuy: 0.00 GapBuy:4293.40 avgGapBuy:4293.40 deviationBuy:0.00
17:25:34.678328> Ask1: 71259.10 Bid1:71259.00 Ask2:75554.6 Bid2:75552.5
17:25:34.678328> New Min DevSell: 0.00 GapSell:4295.60 avgGapSell:4295.60 deviationSell:0.00
17:25:34.678328> Ask1: 71259.10 Bid1:71259.00 Ask2:75554.6 Bid2:75552.5
17:25:34.680321> New Max DevBuy: 0.00 GapBuy:4293.40 avgGapBuy:4293.40 deviationBuy:0.00
17:25:34.680321> Ask1: 71259.10 Bid1:71259.00 Ask2:75554.6 Bid2:75552.5
17:25:34.680321> New Min DevSell: 0.00 GapSell:4295.60 avgGapSell:4295.60 deviationSell:0.00
17:25:34.680321> Ask1: 71259.10 Bid1:71259.00 Ask2:75554.6 Bid2:75552.5
17:25:34.682318> New Max DevBuy: 0.00 GapBuy:4293.40 avgGapBuy:4293.40 deviationBuy:0.00
17:25:34.682318> Ask1: 71259.10 Bid1:71259.00 Ask2:75554.6 Bid2:75552.5
17:25:34.682318> New Min DevSell: 0.00 GapSell:4295.60 avgGapSell:4295.60 deviationSell:0.00
17:25:34.683319> Ask1: 71259.10 Bid1:71259.00 Ask2:75554.6 Bid2:75552.5
17:25:34.684320> New Max DevBuy: 0.00 GapBuy:4293.40 avgGapBuy:4293.40 deviationBuy:0.00
17:25:34.684320> Ask1: 71259.10 Bid1:71259.00 Ask2:75554.6 Bid2:75552.5
17:25:34.684320> New Min DevSell: 0.00 GapSell:4295.60 avgGapSell:4295.60 deviationSell:0.00
17:25:34.684320> Ask1: 71259.10 Bid1:71259.00 Ask2:75554.6 Bid2:75552.5
17:25:34.686319> New Max DevBuy: 0.00 GapBuy:4293.40 avgGapBuy:4293.40 deviationBuy:0.00
17:25:34.686319> Ask1: 71259.10 Bid1:71259.00 Ask2:75554.6 Bid2:75552.5
17:25:34.687320> New Min DevSell: 0.00 GapSell:4295.60 avgGapSell:4295.60 deviationSell:0.00
17:25:34.687320> Ask1: 71259.10 Bid1:71259.00 Ask2:75554.6 Bid2:75552.5
17:25:34.689319> New Max DevBuy: 0.00 GapBuy:4293.40 avgGapBuy:4293.40 deviationBuy:0.00
17:25:34.689319> Ask1: 71259.10 Bid1:71259.00 Ask2:75554.6 Bid2:75552.5
17:25:34.689319> New Min DevSell: 0.00 GapSell:4295.60 avgGapSell:4295.60 deviationSell:0.00
17:25:34.689319> Ask1: 71259.10 Bid1:71259.00 Ask2:75554.6 Bid2:75552.5
17:25:34.691319> New Max DevBuy: 0.00 GapBuy:4293.40 avgGapBuy:4293.40 deviationBuy:0.00
17:25:34.692318> Ask1: 71259.10 Bid1:71259.00 Ask2:75554.6 Bid2:75552.5
17:25:34.692318> New Min DevSell: 0.00 GapSell:4295.60 avgGapSell:4295.60 deviationSell:0.00
17:25:34.692318> Ask1: 71259.10 Bid1:71259.00 Ask2:75554.6 Bid2:75552.5
17:25:34.693319> New Max DevBuy: 0.00 GapBuy:4293.40 avgGapBuy:4293.40 deviationBuy:0.00
17:25:34.693319> Ask1: 71259.10 Bid1:71259.00 Ask2:75554.6 Bid2:75552.5
17:25:34.693319> New Min DevSell: 0.00 GapSell:4295.60 avgGapSell:4295.60 deviationSell:0.00
17:25:34.694319> Ask1: 71259.10 Bid1:71259.00 Ask2:75554.6 Bid2:75552.5
17:25:34.695320> New Max DevBuy: 0.00 GapBuy:4293.40 avgGapBuy:4293.40 deviationBuy:0.00
17:25:34.695320> Ask1: 71259.10 Bid1:71259.00 Ask2:75554.6 Bid2:75552.5
17:25:34.695320> New Min DevSell: 0.00 GapSell:4295.60 avgGapSell:4295.60 deviationSell:0.00
17:25:34.695320> Ask1: 71259.10 Bid1:71259.00 Ask2:75554.6 Bid2:75552.5
17:25:34.697321> New Max DevBuy: 0.00 GapBuy:4293.40 avgGapBuy:4293.40 deviationBuy:0.00
17:25:34.697321> Ask1: 71259.10 Bid1:71259.00 Ask2:75554.6 Bid2:75552.5
17:25:34.697321> New Min DevSell: 0.00 GapSell:4295.60 avgGapSell:4295.60 deviationSell:0.00
17:25:34.697321> Ask1: 71259.10 Bid1:71259.00 Ask2:75554.6 Bid2:75552.5
17:25:34.701320> New Max DevBuy: 0.00 GapBuy:4293.40 avgGapBuy:4293.40 deviationBuy:0.00
17:25:34.701320> Ask1: 71259.10 Bid1:71259.00 Ask2:75554.6 Bid2:75552.5
17:25:34.701320> New Min DevSell: 0.00 GapSell:4295.60 avgGapSell:4295.60 deviationSell:0.00
17:25:34.701320> Ask1: 71259.10 Bid1:71259.00 Ask2:75554.6 Bid2:75552.5
17:25:34.702321> New Max DevBuy: 0.00 GapBuy:4293.40 avgGapBuy:4293.40 deviationBuy:0.00
17:25:34.702321> Ask1: 71259.10 Bid1:71259.00 Ask2:75554.6 Bid2:75552.5
17:25:34.702321> New Min DevSell: 0.00 GapSell:4295.60 avgGapSell:4295.60 deviationSell:0.00
17:25:34.702321> Ask1: 71259.10 Bid1:71259.00 Ask2:75554.6 Bid2:75552.5
17:25:34.704320> New Max DevBuy: 0.00 GapBuy:4293.40 avgGapBuy:4293.40 deviationBuy:0.00
17:25:34.704320> Ask1: 71259.10 Bid1:71259.00 Ask2:75554.6 Bid2:75552.5
17:25:34.704320> New Min DevSell: 0.00 GapSell:4295.60 avgGapSell:4295.60 deviationSell:0.00
17:25:34.704320> Ask1: 71259.10 Bid1:71259.00 Ask2:75554.6 Bid2:75552.5
17:25:34.705320> New Max DevBuy: 0.00 GapBuy:4293.40 avgGapBuy:4293.40 deviationBuy:0.00
17:25:34.705320> Ask1: 71259.10 Bid1:71259.00 Ask2:75554.6 Bid2:75552.5
17:25:34.705320> New Min DevSell: 0.00 GapSell:4295.60 avgGapSell:4295.60 deviationSell:0.00
17:25:34.705320> Ask1: 71259.10 Bid1:71259.00 Ask2:75554.6 Bid2:75552.5
17:25:34.708320> New Max DevBuy: 0.00 GapBuy:4293.40 avgGapBuy:4293.40 deviationBuy:0.00
17:25:34.708320> Ask1: 71259.10 Bid1:71259.00 Ask2:75554.6 Bid2:75552.5
17:25:34.708320> New Min DevSell: 0.00 GapSell:4295.60 avgGapSell:4295.60 deviationSell:0.00
17:25:34.708320> Ask1: 71259.10 Bid1:71259.00 Ask2:75554.6 Bid2:75552.5
17:25:34.709320> New Max DevBuy: 0.00 GapBuy:4293.40 avgGapBuy:4293.40 deviationBuy:0.00
17:25:34.709320> Ask1: 71259.10 Bid1:71259.00 Ask2:75554.6 Bid2:75552.5
17:25:34.709320> New Min DevSell: 0.00 GapSell:4295.60 avgGapSell:4295.60 deviationSell:0.00
17:25:34.709320> Ask1: 71259.10 Bid1:71259.00 Ask2:75554.6 Bid2:75552.5
17:25:34.711321> New Max DevBuy: 0.00 GapBuy:4293.40 avgGapBuy:4293.40 deviationBuy:0.00
17:25:34.711321> Ask1: 71259.10 Bid1:71259.00 Ask2:75554.6 Bid2:75552.5
17:25:34.711321> New Min DevSell: 0.00 GapSell:4295.60 avgGapSell:4295.60 deviationSell:0.00
17:25:34.711321> Ask1: 71259.10 Bid1:71259.00 Ask2:75554.6 Bid2:75552.5
17:25:34.716319> New Max DevBuy: 0.00 GapBuy:4293.40 avgGapBuy:4293.40 deviationBuy:0.00
17:25:34.716319> Ask1: 71259.10 Bid1:71259.00 Ask2:75554.6 Bid2:75552.5
17:25:34.716319> New Min DevSell: 0.00 GapSell:4295.60 avgGapSell:4295.60 deviationSell:0.00
17:25:34.717320> Ask1: 71259.10 Bid1:71259.00 Ask2:75554.6 Bid2:75552.5
17:25:34.719321> New Max DevBuy: 0.00 GapBuy:4293.40 avgGapBuy:4293.40 deviationBuy:0.00
17:25:34.719321> Ask1: 71259.10 Bid1:71259.00 Ask2:75554.6 Bid2:75552.5
17:25:34.719321> New Min DevSell: 0.00 GapSell:4295.60 avgGapSell:4295.60 deviationSell:0.00
17:25:34.719321> Ask1: 71259.10 Bid1:71259.00 Ask2:75554.6 Bid2:75552.5
17:25:34.720321> New Max DevBuy: 0.00 GapBuy:4293.40 avgGapBuy:4293.40 deviationBuy:0.00
17:25:34.720321> Ask1: 71259.10 Bid1:71259.00 Ask2:75554.6 Bid2:75552.5
17:25:34.721320> New Min DevSell: 0.00 GapSell:4295.60 avgGapSell:4295.60 deviationSell:0.00
17:25:34.721320> Ask1: 71259.10 Bid1:71259.00 Ask2:75554.6 Bid2:75552.5
17:25:34.727321> New Max DevBuy: 0.00 GapBuy:4293.40 avgGapBuy:4293.40 deviationBuy:0.00
17:25:34.727321> Ask1: 71259.10 Bid1:71259.00 Ask2:75554.6 Bid2:75552.5
17:25:34.727321> New Min DevSell: 0.00 GapSell:4295.60 avgGapSell:4295.60 deviationSell:0.00
17:25:34.727321> Ask1: 71259.10 Bid1:71259.00 Ask2:75554.6 Bid2:75552.5
17:25:34.728326> New Max DevBuy: 0.00 GapBuy:4293.40 avgGapBuy:4293.40 deviationBuy:0.00
17:25:34.728326> Ask1: 71259.10 Bid1:71259.00 Ask2:75554.6 Bid2:75552.5
17:25:34.728326> New Min DevSell: 0.00 GapSell:4295.60 avgGapSell:4295.60 deviationSell:0.00
17:25:34.728326> Ask1: 71259.10 Bid1:71259.00 Ask2:75554.6 Bid2:75552.5
17:25:34.730320> New Max DevBuy: 0.00 GapBuy:4293.40 avgGapBuy:4293.40 deviationBuy:0.00
17:25:34.730320> Ask1: 71259.10 Bid1:71259.00 Ask2:75554.6 Bid2:75552.5
17:25:34.730320> New Min DevSell: 0.00 GapSell:4295.60 avgGapSell:4295.60 deviationSell:0.00
17:25:34.730320> Ask1: 71259.10 Bid1:71259.00 Ask2:75554.6 Bid2:75552.5
17:25:34.731322> New Max DevBuy: 0.00 GapBuy:4293.40 avgGapBuy:4293.40 deviationBuy:0.00
17:25:34.731322> Ask1: 71259.10 Bid1:71259.00 Ask2:75554.6 Bid2:75552.5
17:25:34.731322> New Min DevSell: 0.00 GapSell:4295.60 avgGapSell:4295.60 deviationSell:0.00
17:25:34.731322> Ask1: 71259.10 Bid1:71259.00 Ask2:75554.6 Bid2:75552.5
17:25:34.733321> New Max DevBuy: 0.00 GapBuy:4293.40 avgGapBuy:4293.40 deviationBuy:0.00
17:25:34.733321> Ask1: 71259.10 Bid1:71259.00 Ask2:75554.6 Bid2:75552.5
17:25:34.733321> New Min DevSell: 0.00 GapSell:4295.60 avgGapSell:4295.60 deviationSell:0.00
17:25:34.733321> Ask1: 71259.10 Bid1:71259.00 Ask2:75554.6 Bid2:75552.5
17:25:34.735322> New Max DevBuy: 0.00 GapBuy:4293.40 avgGapBuy:4293.40 deviationBuy:0.00
17:25:34.735322> Ask1: 71259.10 Bid1:71259.00 Ask2:75554.6 Bid2:75552.5
17:25:34.735322> New Min DevSell: 0.00 GapSell:4295.60 avgGapSell:4295.60 deviationSell:0.00
17:25:34.735322> Ask1: 71259.10 Bid1:71259.00 Ask2:75554.6 Bid2:75552.5
17:25:34.736324> New Max DevBuy: 0.00 GapBuy:4293.40 avgGapBuy:4293.40 deviationBuy:0.00
17:25:34.736324> Ask1: 71259.10 Bid1:71259.00 Ask2:75554.6 Bid2:75552.5
17:25:34.736324> New Min DevSell: 0.00 GapSell:4295.60 avgGapSell:4295.60 deviationSell:0.00
17:25:34.736324> Ask1: 71259.10 Bid1:71259.00 Ask2:75554.6 Bid2:75552.5
17:25:34.738322> New Max DevBuy: 0.00 GapBuy:4293.40 avgGapBuy:4293.40 deviationBuy:0.00
17:25:34.738322> Ask1: 71259.10 Bid1:71259.00 Ask2:75554.6 Bid2:75552.5
17:25:34.738322> New Min DevSell: 0.00 GapSell:4295.60 avgGapSell:4295.60 deviationSell:0.00
17:25:34.738322> Ask1: 71259.10 Bid1:71259.00 Ask2:75554.6 Bid2:75552.5
17:25:34.741322> New Max DevBuy: 0.00 GapBuy:4293.40 avgGapBuy:4293.40 deviationBuy:0.00
17:25:34.741322> Ask1: 71259.10 Bid1:71259.00 Ask2:75554.6 Bid2:75552.5
17:25:34.741322> New Min DevSell: 0.00 GapSell:4295.60 avgGapSell:4295.60 deviationSell:0.00
17:25:34.741322> Ask1: 71259.10 Bid1:71259.00 Ask2:75554.6 Bid2:75552.5
17:25:34.743322> New Max DevBuy: 0.00 GapBuy:4293.40 avgGapBuy:4293.40 deviationBuy:0.00
17:25:34.743322> Ask1: 71259.10 Bid1:71259.00 Ask2:75554.6 Bid2:75552.5
17:25:34.743322> New Min DevSell: 0.00 GapSell:4295.60 avgGapSell:4295.60 deviationSell:0.00
17:25:34.744336> Ask1: 71259.10 Bid1:71259.00 Ask2:75554.6 Bid2:75552.5
17:25:34.745338> New Max DevBuy: 0.00 GapBuy:4293.40 avgGapBuy:4293.40 deviationBuy:0.00
17:25:34.745338> Ask1: 71259.10 Bid1:71259.00 Ask2:75554.6 Bid2:75552.5
17:25:34.745338> New Min DevSell: 0.00 GapSell:4295.60 avgGapSell:4295.60 deviationSell:0.00
17:25:34.746336> Ask1: 71259.10 Bid1:71259.00 Ask2:75554.6 Bid2:75552.5
17:25:34.748322> New Max DevBuy: 0.00 GapBuy:4293.40 avgGapBuy:4293.40 deviationBuy:0.00
17:25:34.748322> Ask1: 71259.10 Bid1:71259.00 Ask2:75554.6 Bid2:75552.5
17:25:34.748322> New Min DevSell: 0.00 GapSell:4295.60 avgGapSell:4295.60 deviationSell:0.00
17:25:34.748322> Ask1: 71259.10 Bid1:71259.00 Ask2:75554.6 Bid2:75552.5
17:25:34.749323> New Max DevBuy: 0.00 GapBuy:4293.40 avgGapBuy:4293.40 deviationBuy:0.00
17:25:34.749323> Ask1: 71259.10 Bid1:71259.00 Ask2:75554.6 Bid2:75552.5
17:25:34.749323> New Min DevSell: 0.00 GapSell:4295.60 avgGapSell:4295.60 deviationSell:0.00
17:25:34.749323> Ask1: 71259.10 Bid1:71259.00 Ask2:75554.6 Bid2:75552.5
17:25:34.751322> New Max DevBuy: 0.00 GapBuy:4293.40 avgGapBuy:4293.40 deviationBuy:0.00
17:25:34.751322> Ask1: 71259.10 Bid1:71259.00 Ask2:75554.6 Bid2:75552.5
17:25:34.751322> New Min DevSell: 0.00 GapSell:4295.60 avgGapSell:4295.60 deviationSell:0.00
17:25:34.751322> Ask1: 71259.10 Bid1:71259.00 Ask2:75554.6 Bid2:75552.5
17:25:34.752323> New Max DevBuy: 0.00 GapBuy:4293.40 avgGapBuy:4293.40 deviationBuy:0.00
17:25:34.752323> Ask1: 71259.10 Bid1:71259.00 Ask2:75554.6 Bid2:75552.5
17:25:34.752323> New Min DevSell: 0.00 GapSell:4295.60 avgGapSell:4295.60 deviationSell:0.00
17:25:34.752323> Ask1: 71259.10 Bid1:71259.00 Ask2:75554.6 Bid2:75552.5
17:25:34.754319> New Max DevBuy: 0.00 GapBuy:4293.40 avgGapBuy:4293.40 deviationBuy:0.00
17:25:34.754319> Ask1: 71259.10 Bid1:71259.00 Ask2:75554.6 Bid2:75552.5
17:25:34.754319> New Min DevSell: 0.00 GapSell:4295.60 avgGapSell:4295.60 deviationSell:0.00
17:25:34.754319> Ask1: 71259.10 Bid1:71259.00 Ask2:75554.6 Bid2:75552.5
17:25:34.755320> New Max DevBuy: 0.00 GapBuy:4293.40 avgGapBuy:4293.40 deviationBuy:0.00
17:25:34.755320> Ask1: 71259.10 Bid1:71259.00 Ask2:75554.6 Bid2:75552.5
17:25:34.755320> New Min DevSell: 0.00 GapSell:4295.60 avgGapSell:4295.60 deviationSell:0.00
17:25:34.755320> Ask1: 71259.10 Bid1:71259.00 Ask2:75554.6 Bid2:75552.5
17:25:34.758321> New Max DevBuy: 0.00 GapBuy:4293.40 avgGapBuy:4293.40 deviationBuy:0.00
17:25:34.758321> Ask1: 71259.10 Bid1:71259.00 Ask2:75554.6 Bid2:75552.5
17:25:34.758321> New Min DevSell: 0.00 GapSell:4295.60 avgGapSell:4295.60 deviationSell:0.00
17:25:34.758321> Ask1: 71259.10 Bid1:71259.00 Ask2:75554.6 Bid2:75552.5
17:25:34.760323> New Max DevBuy: 0.00 GapBuy:4293.40 avgGapBuy:4293.40 deviationBuy:0.00
17:25:34.760323> Ask1: 71259.10 Bid1:71259.00 Ask2:75554.6 Bid2:75552.5
17:25:34.760323> New Min DevSell: 0.00 GapSell:4295.60 avgGapSell:4295.60 deviationSell:0.00
17:25:34.760323> Ask1: 71259.10 Bid1:71259.00 Ask2:75554.6 Bid2:75552.5
17:25:34.762328> New Max DevBuy: 0.00 GapBuy:4293.40 avgGapBuy:4293.40 deviationBuy:0.00
17:25:34.762328> Ask1: 71259.10 Bid1:71259.00 Ask2:75554.6 Bid2:75552.5
17:25:34.762328> New Min DevSell: 0.00 GapSell:4295.60 avgGapSell:4295.60 deviationSell:0.00
17:25:34.762328> Ask1: 71259.10 Bid1:71259.00 Ask2:75554.6 Bid2:75552.5
17:25:34.764330> New Max DevBuy: 0.00 GapBuy:4293.40 avgGapBuy:4293.40 deviationBuy:0.00
17:25:34.764330> Ask1: 71259.10 Bid1:71259.00 Ask2:75554.6 Bid2:75552.5
17:25:34.764330> New Min DevSell: 0.00 GapSell:4295.60 avgGapSell:4295.60 deviationSell:0.00
17:25:34.764330> Ask1: 71259.10 Bid1:71259.00 Ask2:75554.6 Bid2:75552.5
17:25:34.766330> New Max DevBuy: 0.00 GapBuy:4293.40 avgGapBuy:4293.40 deviationBuy:0.00
17:25:34.766330> Ask1: 71259.10 Bid1:71259.00 Ask2:75554.6 Bid2:75552.5
17:25:34.767322> New Min DevSell: 0.00 GapSell:4295.60 avgGapSell:4295.60 deviationSell:0.00
17:25:34.767322> Ask1: 71259.10 Bid1:71259.00 Ask2:75554.6 Bid2:75552.5
17:25:34.768323> New Max DevBuy: 0.00 GapBuy:4293.40 avgGapBuy:4293.40 deviationBuy:0.00
17:25:34.768323> Ask1: 71259.10 Bid1:71259.00 Ask2:75554.6 Bid2:75552.5
17:25:34.768323> New Min DevSell: 0.00 GapSell:4295.60 avgGapSell:4295.60 deviationSell:0.00
17:25:34.768323> Ask1: 71259.10 Bid1:71259.00 Ask2:75554.6 Bid2:75552.5
17:25:34.769323> New Max DevBuy: 0.00 GapBuy:4293.40 avgGapBuy:4293.40 deviationBuy:0.00
17:25:34.769323> Ask1: 71259.10 Bid1:71259.00 Ask2:75554.6 Bid2:75552.5
17:25:34.769323> New Min DevSell: 0.00 GapSell:4295.60 avgGapSell:4295.60 deviationSell:0.00
17:25:34.769323> Ask1: 71259.10 Bid1:71259.00 Ask2:75554.6 Bid2:75552.5
17:25:34.770324> New Max DevBuy: 0.00 GapBuy:4293.40 avgGapBuy:4293.40 deviationBuy:0.00
17:25:34.770324> Ask1: 71259.10 Bid1:71259.00 Ask2:75554.6 Bid2:75552.5
17:25:34.770324> New Min DevSell: 0.00 GapSell:4295.60 avgGapSell:4295.60 deviationSell:0.00
17:25:34.770324> Ask1: 71259.10 Bid1:71259.00 Ask2:75554.6 Bid2:75552.5
17:25:34.772322> New Max DevBuy: 0.00 GapBuy:4293.40 avgGapBuy:4293.40 deviationBuy:0.00
17:25:34.772322> Ask1: 71259.10 Bid1:71259.00 Ask2:75554.6 Bid2:75552.5
17:25:34.772322> New Min DevSell: 0.00 GapSell:4295.60 avgGapSell:4295.60 deviationSell:0.00
17:25:34.772322> Ask1: 71259.10 Bid1:71259.00 Ask2:75554.6 Bid2:75552.5
17:25:34.774324> New Max DevBuy: 0.00 GapBuy:4293.40 avgGapBuy:4293.40 deviationBuy:0.00
17:25:34.774324> Ask1: 71259.10 Bid1:71259.00 Ask2:75554.6 Bid2:75552.5
17:25:34.774324> New Min DevSell: 0.00 GapSell:4295.60 avgGapSell:4295.60 deviationSell:0.00
17:25:34.774324> Ask1: 71259.10 Bid1:71259.00 Ask2:75554.6 Bid2:75552.5
17:25:34.776324> New Max DevBuy: 0.00 GapBuy:4293.40 avgGapBuy:4293.40 deviationBuy:0.00
17:25:34.776324> Ask1: 71259.10 Bid1:71259.00 Ask2:75554.6 Bid2:75552.5
17:25:34.776324> New Min DevSell: 0.00 GapSell:4295.60 avgGapSell:4295.60 deviationSell:0.00
17:25:34.776324> Ask1: 71259.10 Bid1:71259.00 Ask2:75554.6 Bid2:75552.5
17:25:34.780323> New Max DevBuy: 0.00 GapBuy:4293.40 avgGapBuy:4293.40 deviationBuy:0.00
17:25:34.781324> Ask1: 71259.10 Bid1:71259.00 Ask2:75554.6 Bid2:75552.5
17:25:34.781324> New Min DevSell: 0.00 GapSell:4295.60 avgGapSell:4295.60 deviationSell:0.00
17:25:34.782326> Ask1: 71259.10 Bid1:71259.00 Ask2:75554.6 Bid2:75552.5
17:25:34.784324> New Max DevBuy: 0.00 GapBuy:4293.40 avgGapBuy:4293.40 deviationBuy:0.00
17:25:34.784324> Ask1: 71259.10 Bid1:71259.00 Ask2:75554.6 Bid2:75552.5
17:25:34.784324> New Min DevSell: 0.00 GapSell:4295.60 avgGapSell:4295.60 deviationSell:0.00
17:25:34.784324> Ask1: 71259.10 Bid1:71259.00 Ask2:75554.6 Bid2:75552.5
17:25:34.785324> New Max DevBuy: 0.00 GapBuy:4293.40 avgGapBuy:4293.40 deviationBuy:0.00
17:25:34.785324> Ask1: 71259.10 Bid1:71259.00 Ask2:75554.6 Bid2:75552.5
17:25:34.788324> New Min DevSell: 0.00 GapSell:4295.60 avgGapSell:4295.60 deviationSell:0.00
17:25:34.788324> Ask1: 71259.10 Bid1:71259.00 Ask2:75554.6 Bid2:75552.5
17:25:34.789325> New Max DevBuy: 0.00 GapBuy:4293.40 avgGapBuy:4293.40 deviationBuy:0.00
17:25:34.789325> Ask1: 71259.10 Bid1:71259.00 Ask2:75554.6 Bid2:75552.5
17:25:34.789325> New Min DevSell: 0.00 GapSell:4295.60 avgGapSell:4295.60 deviationSell:0.00
17:25:34.789325> Ask1: 71259.10 Bid1:71259.00 Ask2:75554.6 Bid2:75552.5
17:25:34.791325> New Max DevBuy: 0.00 GapBuy:4293.40 avgGapBuy:4293.40 deviationBuy:0.00
17:25:34.791325> Ask1: 71259.10 Bid1:71259.00 Ask2:75554.6 Bid2:75552.5
17:25:34.791325> New Min DevSell: 0.00 GapSell:4295.60 avgGapSell:4295.60 deviationSell:0.00
17:25:34.791325> Ask1: 71259.10 Bid1:71259.00 Ask2:75554.6 Bid2:75552.5
17:25:34.793325> New Max DevBuy: 0.00 GapBuy:4293.40 avgGapBuy:4293.40 deviationBuy:0.00
17:25:34.793325> Ask1: 71259.10 Bid1:71259.00 Ask2:75554.6 Bid2:75552.5
17:25:34.794325> New Min DevSell: 0.00 GapSell:4295.60 avgGapSell:4295.60 deviationSell:0.00
17:25:34.794325> Ask1: 71259.10 Bid1:71259.00 Ask2:75554.6 Bid2:75552.5
17:25:34.795325> New Max DevBuy: 0.00 GapBuy:4293.40 avgGapBuy:4293.40 deviationBuy:0.00
17:25:34.804324> Ask1: 71259.10 Bid1:71259.00 Ask2:75582.3 Bid2:75568.2
17:25:34.804324> New Min DevSell: 0.00 GapSell:4295.60 avgGapSell:4295.60 deviationSell:0.00
17:25:34.804324> Ask1: 71259.10 Bid1:71259.00 Ask2:75582.3 Bid2:75568.2
17:25:34.805324> New Max DevBuy: 15.70 GapBuy:4309.10 avgGapBuy:4293.40 deviationBuy:15.70
17:25:34.805324> Ask1: 71259.10 Bid1:71259.00 Ask2:75582.3 Bid2:75568.2
17:25:34.805324> New Min DevSell: 27.70 GapSell:4323.30 avgGapSell:4295.60 deviationSell:27.70
17:25:34.805324> Ask1: 71259.10 Bid1:71259.00 Ask2:75582.3 Bid2:75568.2
17:25:35.149345> New Min DevSell: 23.30 GapSell:4318.90 avgGapSell:4295.60 deviationSell:23.30
17:25:35.150346> Ask1: 71263.50 Bid1:71263.40 Ask2:75582.3 Bid2:75568.2
17:25:35.275355> WebSocket connected! Start Partial @depth20 [Future] process...
17:25:35.291363> WebSocket connected! Start Partial @depth20 [Future] process...
17:25:35.298353> New Min DevSell: -11.70 GapSell:4283.90 avgGapSell:4295.60 deviationSell:-11.70
17:25:35.298353> Ask1: 71263.50 Bid1:71263.40 Ask2:75547.3 Bid2:75531.9
17:25:35.871191> BinanceFuture - Vxxv1AWf[USD_M] USD_M Balance: 66.18523102 USDT
17:25:37.394500> New Min DevSell: -13.90 GapSell:4281.70 avgGapSell:4295.60 deviationSell:-13.90
17:25:37.394500> Ask1: 71213.40 Bid1:71213.30 Ask2:75495.0 Bid2:75493.9
17:25:38.179848> New Max DevBuy: 25.40 GapBuy:4318.80 avgGapBuy:4293.40 deviationBuy:25.40
17:25:38.179848> Ask1: 71175.10 Bid1:71173.30 Ask2:75494.0 Bid2:75493.9
17:25:38.683282> New Max DevBuy: 34.60 GapBuy:4328.00 avgGapBuy:4293.40 deviationBuy:34.60
17:25:38.683282> Ask1: 71135.70 Bid1:71133.20 Ask2:75467.8 Bid2:75463.7
17:25:43.220214> New Min DevSell: -23.00 GapSell:4272.60 avgGapSell:4295.60 deviationSell:-23.00
17:25:43.220214> Ask1: 71140.50 Bid1:71129.00 Ask2:75401.6 Bid2:75383.1
17:26:23.171172> New Max DevBuy: 38.9683333333333333333333333 GapBuy:4329.60 avgGapBuy:4290.6316666666666666666666667 deviationBuy:38.9683333333333333333333333
17:26:23.171172> Ask1: 71237.50 Bid1:71237.40 Ask2:75575.0 Bid2:75567.1
17:26:38.443061> New Min DevSell: -27.9233333333333333333333333 GapSell:4276.50 avgGapSell:4304.4233333333333333333333333 deviationSell:-27.9233333333333333333333333
17:26:38.444062> Ask1: 71181.00 Bid1:71180.90 Ask2:75457.4 Bid2:75457.3
17:26:38.951751> New Min DevSell: -28.4233333333333333333333333 GapSell:4276.00 avgGapSell:4304.4233333333333333333333333 deviationSell:-28.4233333333333333333333333
17:26:38.951751> Ask1: 71185.50 Bid1:71185.40 Ask2:75461.4 Bid2:75458.0
17:26:47.603605> New Min DevSell: -33.3233333333333333333333333 GapSell:4271.10 avgGapSell:4304.4233333333333333333333333 deviationSell:-33.3233333333333333333333333
17:26:47.604582> Ask1: 71259.10 Bid1:71259.00 Ask2:75530.1 Bid2:75518.1
17:27:00.819634> New Max DevBuy: 40.9866666666666666666666667 GapBuy:4293.60 avgGapBuy:4252.6133333333333333333333333 deviationBuy:40.9866666666666666666666667
17:27:00.819634> Ask1: 71224.50 Bid1:71224.40 Ask2:75528.4 Bid2:75518.1
17:27:04.926371> New Max DevBuy: 42.3233333333333333333333333 GapBuy:4288.40 avgGapBuy:4246.0766666666666666666666667 deviationBuy:42.3233333333333333333333333
17:27:04.926371> Ask1: 71191.70 Bid1:71191.60 Ask2:75480.2 Bid2:75480.1
17:27:05.439842> New Max DevBuy: 46.5233333333333333333333333 GapBuy:4292.60 avgGapBuy:4246.0766666666666666666666667 deviationBuy:46.5233333333333333333333333
17:27:05.439842> Ask1: 71187.50 Bid1:71187.40 Ask2:75488.8 Bid2:75480.1
17:27:05.951988> New Max DevBuy: 51.0233333333333333333333333 GapBuy:4297.10 avgGapBuy:4246.0766666666666666666666667 deviationBuy:51.0233333333333333333333333
17:27:05.951988> Ask1: 71183.00 Bid1:71182.90 Ask2:75480.2 Bid2:75480.1
17:27:06.488384> New Max DevBuy: 60.3233333333333333333333333 GapBuy:4306.40 avgGapBuy:4246.0766666666666666666666667 deviationBuy:60.3233333333333333333333333
17:27:06.488384> Ask1: 71173.70 Bid1:71173.60 Ask2:75486.5 Bid2:75480.1
17:27:09.082808> New Max DevBuy: 65.2233333333333333333333333 GapBuy:4311.30 avgGapBuy:4246.0766666666666666666666667 deviationBuy:65.2233333333333333333333333
17:27:09.082808> Ask1: 71161.90 Bid1:71161.80 Ask2:75473.3 Bid2:75473.2
17:27:12.160963> New Max DevBuy: 67.6233333333333333333333333 GapBuy:4313.70 avgGapBuy:4246.0766666666666666666666667 deviationBuy:67.6233333333333333333333333
17:27:12.160963> Ask1: 71151.20 Bid1:71151.10 Ask2:75465.0 Bid2:75464.9
17:27:15.712409> New Max DevBuy: 74.0233333333333333333333333 GapBuy:4320.10 avgGapBuy:4246.0766666666666666666666667 deviationBuy:74.0233333333333333333333333
17:27:15.712409> Ask1: 71093.80 Bid1:71093.70 Ask2:75429.5 Bid2:75413.9
17:27:52.649128> New Min DevSell: -35.9241666666666666666666667 GapSell:4215.80 avgGapSell:4251.7241666666666666666666667 deviationSell:-35.9241666666666666666666667
17:27:52.650128> Ask1: 71139.00 Bid1:71138.90 Ask2:75354.7 Bid2:75354.6
17:28:11.452762> New Min DevSell: -41.1008333333333333333333333 GapSell:4235.30 avgGapSell:4276.4008333333333333333333333 deviationSell:-41.1008333333333333333333333
17:28:11.452762> Ask1: 71127.20 Bid1:71127.10 Ask2:75362.4 Bid2:75354.9
17:28:46.358237> New Min DevSell: -53.0566666666666666666666667 GapSell:4220.90 avgGapSell:4273.9566666666666666666666667 deviationSell:-53.0566666666666666666666667
17:28:46.359225> Ask1: 71022.00 Bid1:71021.90 Ask2:75242.8 Bid2:75233.8
17:30:35.501784> New Max DevBuy: 90.2616666666666666666666667 GapBuy:4302.20 avgGapBuy:4211.9383333333333333333333333 deviationBuy:90.2616666666666666666666667
17:30:35.501784> Ask1: 71069.20 Bid1:71067.90 Ask2:75371.5 Bid2:75371.4
17:30:53.983725> New Max DevBuy: 91.7475 GapBuy:4283.00 avgGapBuy:4191.2525 deviationBuy:91.7475
17:30:53.983725> Ask1: 70913.60 Bid1:70913.50 Ask2:75225.4 Bid2:75196.6
17:30:54.110731> New Max DevBuy: 91.8475 GapBuy:4283.10 avgGapBuy:4191.2525 deviationBuy:91.8475
17:30:54.110731> Ask1: 70913.60 Bid1:70913.50 Ask2:75225.4 Bid2:75196.7
17:30:55.504365> New Max DevBuy: 102.1475 GapBuy:4293.40 avgGapBuy:4191.2525 deviationBuy:102.1475
17:30:55.504365> Ask1: 70905.20 Bid1:70905.10 Ask2:75225.4 Bid2:75198.6
17:33:08.307544> New Max DevBuy: 102.1908333333333333333333333 GapBuy:4309.40 avgGapBuy:4207.2091666666666666666666667 deviationBuy:102.1908333333333333333333333
17:33:08.309531> Ask1: 70974.30 Bid1:70974.20 Ask2:75283.8 Bid2:75283.7
17:33:12.395676> New Max DevBuy: 103.6908333333333333333333333 GapBuy:4310.90 avgGapBuy:4207.2091666666666666666666667 deviationBuy:103.6908333333333333333333333
17:33:12.397675> Ask1: 70981.50 Bid1:70981.40 Ask2:75313.1 Bid2:75292.4
17:33:32.976868> New Max DevBuy: 104.9916666666666666666666667 GapBuy:4317.40 avgGapBuy:4212.4083333333333333333333333 deviationBuy:104.9916666666666666666666667
17:33:32.978868> Ask1: 71057.10 Bid1:71057.00 Ask2:75381.2 Bid2:75374.5
