18:30:06.938992> Binance - Vxxv1AWf[SPOT] SPOT Balance: 0.00000000 USDT
18:30:07.126007> Lenta has started...Start SubscribeToAggTradeStream @aggTrade [future] process...
18:30:07.172007> Lenta has started...Start SubscribeToTradeStream @trade [{accType}] process...
18:30:07.404085> WebSocket connected! Start Partial @depth20 [Future] process...
18:30:07.880412> WebSocket connected! Start Partial @depth20 [Future] process...
18:30:08.188436> Lenta has started...Start SubscribeToTradeStream @trade [{accType}] process...
18:30:08.324446> Lenta has started...Start SubscribeToAggTradeStream @aggTrade [future] process...
18:30:08.678944> BinanceFuture - Vxxv1AWf[USD_M] USD_M Balance: 0.72730263 USDT
18:30:08.701946> WebSocket connected! Start @depth [Future] process...
18:30:08.940011> WebSocket connected! Start @depth [Future] process...
18:31:30.637316> BinanceFuture - Vxxv1AWf[USD_M] Reconect ConnectToDepthStream() to WebSocket #
18:31:30.638301> WebSocket [ConnectToDepthStream()] [Closed] [future] and reconnect again [during Task.Delay]..
18:31:33.516371> WebSocket connected! Start @depth [Future] process...
18:31:50.459175> BinanceFuture - Vxxv1AWf[USD_M] Reconect ConnectToDepthStream() to WebSocket #
18:31:50.460175> WebSocket [ConnectToDepthStream()] [Closed] [future] and reconnect again [during Task.Delay]..
18:31:51.860255> WebSocket connected! Start @depth [Future] process...
18:32:45.259312> WebSocket [ConnectToDepthStream()] [future] error: Received an unexpected EOF or 0 bytes from the transport stream.
18:32:50.380862> BinanceFuture - Vxxv1AWf[USD_M] Reconect ConnectToDepthStream() to WebSocket #
18:32:50.380862> WebSocket [ConnectToDepthStream()] [Closed] [future] and reconnect again [during Task.Delay]..
18:32:51.944951> WebSocket connected! Start @depth [Future] process...
18:36:08.041154> Unable to read data from the transport connection: An existing connection was forcibly closed by the remote host.
18:36:13.068123> BinanceFuture - Vxxv1AWf[USD_M] Reconect to WebSocket #
18:36:13.069110> WebSocket [SubscribeToAggTradeStream()] [Closed] [future] and reconnect again [with Task.Delay]..
18:36:13.534139> BinanceFuture - Vxxv1AWf[USD_M] Reconect to WebSocket #
18:36:13.534139> WebSocket [SubscribeToAggTradeStream()] [Closed] [future] and reconnect again [with Task.Delay]..
18:36:15.040593> Lenta has started...Start SubscribeToAggTradeStream @aggTrade [future] process...
18:36:17.705736> Lenta has started...Start SubscribeToAggTradeStream @aggTrade [future] process...
