11:56:02.535704> WebSocket connected! Start @bookTicker [Future] process...
11:56:02.553698> WebSocket connected! Start [SPOT] @depth@100ms process...
11:56:02.580701> WebSocket connected! Start @depth [Future] process...
11:56:02.581702> WebSocket connected! Start Partial @depth20 [Future] process...
11:56:02.584700> Lenta has started...Start SubscribeToAggTradeStream @aggTrade [future] process...
11:56:02.599699> WebSocket connected! Start Partial @depth20 [SPOT] process...
11:56:02.600700> Lenta has started...Start SubscribeToTradeStream @trade [{accType}] process...
11:56:02.605701> WebSocket connected! Start @bookTicker ...
11:56:02.625701> Binance - Vxxv1AWf[SPOT] SPOT Balance: 0.00000000 USDT
11:56:02.711704> WebSocket connected! Start @bookTicker ...
11:56:02.723706> WebSocket connected! Start [SPOT] @depth@100ms process...
11:56:02.728706> Lenta has started...Start SubscribeToTradeStream @trade [{accType}] process...
11:56:02.741708> WebSocket connected! Start Partial @depth20 [SPOT] process...
11:56:03.188748> Lenta has started...Start SubscribeToAggTradeStream @aggTrade [future] process...
11:56:03.194734> WebSocket connected! Start @depth [Future] process...
11:56:03.209735> WebSocket connected! Start @bookTicker [Future] process...
11:56:03.211743> WebSocket connected! Start Partial @depth20 [Future] process...
11:56:03.747771> BinanceFuture - Vxxv1AWf[USD_M] USD_M Balance: 3.31060251 USDT
11:57:02.879484> WebSocket [SubscribeBookTickerStream()] [future] error: Unable to read data from the transport connection: An existing connection was forcibly closed by the remote host.
11:57:07.918773> BinanceFuture - Vxxv1AWf[USD_M] Reconect to WebSocket #
11:57:07.918773> WebSocket [SubscribeBookTickerStream()] [Closed] [future] and reconnect again [during Task.Delay]..
11:57:09.648873> WebSocket connected! Start @depth [Future] process...
11:58:03.549963> WebSocket [SubscribeBookTickerStream()] [future] error: Unable to read data from the transport connection: An existing connection was forcibly closed by the remote host.
11:58:08.563250> BinanceFuture - Vxxv1AWf[USD_M] Reconect to WebSocket #
11:58:08.564251> WebSocket [SubscribeBookTickerStream()] [Closed] [future] and reconnect again [during Task.Delay]..
11:58:10.331351> WebSocket connected! Start @depth [Future] process...
12:02:03.751734> WebSocket [ConnectToDepthStream()] [future] error: Unable to read data from the transport connection: An existing connection was forcibly closed by the remote host.
12:02:08.806025> BinanceFuture - Vxxv1AWf[USD_M] Reconect to WebSocket #
12:02:08.807025> WebSocket [ConnectToDepthStream()] [Closed] [future] and reconnect again [during Task.Delay]..
12:02:10.358013> WebSocket connected! Start @depth [Future] process...
12:03:04.577220> WebSocket [ConnectToDepthStream()] [future] error: Unable to read data from the transport connection: An existing connection was forcibly closed by the remote host.
12:03:10.283550> BinanceFuture - Vxxv1AWf[USD_M] Reconect to WebSocket #
12:03:10.284550> WebSocket [ConnectToDepthStream()] [Closed] [future] and reconnect again [during Task.Delay]..
12:03:10.757578> WebSocket [ConnectToDepthStream()] [future] error: Unable to read data from the transport connection: An existing connection was forcibly closed by the remote host.
12:03:15.284836> WebSocket connected! Start @depth [Future] process...
12:03:15.878874> BinanceFuture - Vxxv1AWf[USD_M] Reconect to WebSocket #
12:03:15.878874> WebSocket [ConnectToDepthStream()] [Closed] [future] and reconnect again [during Task.Delay]..
12:03:17.979990> WebSocket connected! Start @depth [Future] process...
12:03:30.567713> WebSocket [ConnectToDepthStream()] [future] error: Received an unexpected EOF or 0 bytes from the transport stream.
12:03:35.620006> BinanceFuture - Vxxv1AWf[USD_M] Reconect to WebSocket #
12:03:35.623004> WebSocket [ConnectToDepthStream()] [Closed] [future] and reconnect again [during Task.Delay]..
12:03:37.406109> WebSocket connected! Start @depth [Future] process...
12:04:11.162039> WebSocket [ConnectToDepthStream()] [future] error: Unable to read data from the transport connection: An existing connection was forcibly closed by the remote host.
12:04:16.262333> BinanceFuture - Vxxv1AWf[USD_M] Reconect to WebSocket #
12:04:16.262333> WebSocket [ConnectToDepthStream()] [Closed] [future] and reconnect again [during Task.Delay]..
12:04:18.152440> WebSocket connected! Start @depth [Future] process...
12:06:19.025371> WebSocket [ConnectToDepthStream()] [future] error: Unable to read data from the transport connection: An existing connection was forcibly closed by the remote host.
12:06:19.240385> WebSocket [ConnectToDepthStream()] [future] error: Unable to read data from the transport connection: An established connection was aborted by the software in your host machine.
12:06:24.048664> BinanceFuture - Vxxv1AWf[USD_M] Reconect to WebSocket #
12:06:24.049669> WebSocket [ConnectToDepthStream()] [Closed] [future] and reconnect again [during Task.Delay]..
12:06:24.277673> BinanceFuture - Vxxv1AWf[USD_M] Reconect to WebSocket #
12:06:24.277673> WebSocket [ConnectToDepthStream()] [Closed] [future] and reconnect again [during Task.Delay]..
12:06:25.670757> WebSocket connected! Start @depth [Future] process...
12:06:26.078777> WebSocket connected! Start @depth [Future] process...
12:07:16.223651> WebSocket [ConnectToDepthStream()] [future] error: Unable to read data from the transport connection: An existing connection was forcibly closed by the remote host.
12:07:21.242939> BinanceFuture - Vxxv1AWf[USD_M] Reconect to WebSocket #
12:07:21.243939> WebSocket [ConnectToDepthStream()] [Closed] [future] and reconnect again [during Task.Delay]..
12:07:22.767024> WebSocket connected! Start @depth [Future] process...
12:07:26.336229> WebSocket [ConnectToDepthStream()] [future] error: Unable to read data from the transport connection: An existing connection was forcibly closed by the remote host.
12:07:31.394519> BinanceFuture - Vxxv1AWf[USD_M] Reconect to WebSocket #
12:07:31.403520> WebSocket [ConnectToDepthStream()] [Closed] [future] and reconnect again [during Task.Delay]..
12:07:32.859603> WebSocket connected! Start @depth [Future] process...
12:08:38.281356> WebSocket [ConnectToDepthStream()] [future] error: Unable to read data from the transport connection: An existing connection was forcibly closed by the remote host.
12:08:43.287643> BinanceFuture - Vxxv1AWf[USD_M] Reconect to WebSocket #
12:08:43.288644> WebSocket [ConnectToDepthStream()] [Closed] [future] and reconnect again [during Task.Delay]..
12:08:45.252755> WebSocket connected! Start @depth [Future] process...
12:09:24.325994> WebSocket [ConnectToDepthStream()] [future] error: Unable to read data from the transport connection: An existing connection was forcibly closed by the remote host.
12:09:29.371285> BinanceFuture - Vxxv1AWf[USD_M] Reconect to WebSocket #
12:09:29.372285> WebSocket [ConnectToDepthStream()] [Closed] [future] and reconnect again [during Task.Delay]..
12:09:31.068384> WebSocket connected! Start @depth [Future] process...
12:09:33.789538> WebSocket [ConnectToDepthStream()] [future] error: Unable to read data from the transport connection: An existing connection was forcibly closed by the remote host.
12:09:38.855832> BinanceFuture - Vxxv1AWf[USD_M] Reconect to WebSocket #
12:09:38.869828> WebSocket [ConnectToDepthStream()] [Closed] [future] and reconnect again [during Task.Delay]..
12:09:40.409916> WebSocket connected! Start @depth [Future] process...
12:09:46.320256> WebSocket [ConnectToDepthStream()] [future] error: Unable to read data from the transport connection: An existing connection was forcibly closed by the remote host.
12:09:51.358544> BinanceFuture - Vxxv1AWf[USD_M] Reconect to WebSocket #
12:09:51.358544> WebSocket [ConnectToDepthStream()] [Closed] [future] and reconnect again [during Task.Delay]..
12:09:52.833630> WebSocket connected! Start @depth [Future] process...
12:10:59.660464> WebSocket [ConnectToDepthStream()] [future] error: Received an unexpected EOF or 0 bytes from the transport stream.
12:11:04.667765> BinanceFuture - Vxxv1AWf[USD_M] Reconect to WebSocket #
12:11:04.670749> WebSocket [ConnectToDepthStream()] [Closed] [future] and reconnect again [during Task.Delay]..
12:11:06.604860> WebSocket connected! Start @depth [Future] process...
