16:14:49.378183> WebSocket connected! Start @depth [Future] process...
16:14:49.378183> WebSocket connected! Start Partial @depth20 [MARGIN] process...
16:14:49.379220> WebSocket connected! Start [MARGIN] @depth@100ms process...
16:14:49.435190> WebSocket connected! Start Partial @depth20 [Future] process...
16:14:49.557196> WebSocket connected! Start [MARGIN] @depth@100ms process...
16:14:49.708202> Lenta has started...Start SubscribeToAggTradeStream @aggTrade [future] process...
16:14:49.723203> Lenta has started...Start SubscribeToTradeStream @trade [{accType}] process...
16:14:49.876212> WebSocket connected! Start Partial @depth20 [MARGIN] process...
16:14:49.877213> Lenta has started...Start SubscribeToTradeStream @trade [{accType}] process...
16:14:49.898214> Binance - Vxxv1AWf[MARGIN] MARGIN Balance: 0.53044153 USDT
16:14:50.200230> Lenta has started...Start SubscribeToAggTradeStream @aggTrade [future] process...
16:14:50.208241> WebSocket connected! Start Partial @depth20 [Future] process...
16:14:50.218230> WebSocket connected! Start @depth [Future] process...
16:14:52.271918> BinanceFuture - Vxxv1AWf[USD_M] USD_M Balance: 0.66986043 USDT
16:17:49.840724> WebSocket [ConnectToDepthStream()] [future] error: Unable to read data from the transport connection: An existing connection was forcibly closed by the remote host.
16:17:49.868727> WebSocket [ConnectToDepthStream()] [Closed] [future] and reconnect again..
16:17:52.423873> WebSocket connected! Start @depth [Future] process...
16:17:54.876015> BinanceFuture - Vxxv1AWf[USD_M] Reconect to WebSocket #
16:17:54.877013> WebSocket [ConnectToDepthStream()] [Closed] [future] and reconnect again [during Task.Delay]..
16:17:56.641115> WebSocket connected! Start @depth [Future] process...
16:18:51.296803> WebSocket [ConnectToDepthStream()] [future] error: Unable to read data from the transport connection: An existing connection was forcibly closed by the remote host.
16:18:51.299804> WebSocket [ConnectToDepthStream()] [Closed] [future] and reconnect again..
16:18:52.909898> WebSocket [ConnectToDepthStream()] [future] error: Unable to read data from the transport connection: An existing connection was forcibly closed by the remote host.
16:18:52.910896> WebSocket [ConnectToDepthStream()] [Closed] [future] and reconnect again..
16:18:54.616994> WebSocket connected! Start @depth [Future] process...
16:18:54.762008> WebSocket connected! Start @depth [Future] process...
16:18:56.421099> BinanceFuture - Vxxv1AWf[USD_M] Reconect to WebSocket #
16:18:56.421099> WebSocket [ConnectToDepthStream()] [Closed] [future] and reconnect again [during Task.Delay]..
16:18:57.340151> WebSocket [ConnectToDepthStream()] [future] error: Unable to read data from the transport connection: An existing connection was forcibly closed by the remote host.
16:18:57.348150> WebSocket [ConnectToDepthStream()] [Closed] [future] and reconnect again..
16:18:57.943188> BinanceFuture - Vxxv1AWf[USD_M] Reconect to WebSocket #
16:18:57.944187> WebSocket [ConnectToDepthStream()] [Closed] [future] and reconnect again [during Task.Delay]..
16:18:58.666229> WebSocket connected! Start @depth [Future] process...
16:19:00.241324> WebSocket connected! Start @depth [Future] process...
16:19:00.524334> WebSocket connected! Start @depth [Future] process...
16:19:02.369440> BinanceFuture - Vxxv1AWf[USD_M] Reconect to WebSocket #
16:19:02.369440> WebSocket [ConnectToDepthStream()] [Closed] [future] and reconnect again [during Task.Delay]..
16:19:05.643628> WebSocket connected! Start @depth [Future] process...
16:19:50.022172> Unable to write data to the transport connection: An existing connection was forcibly closed by the remote host.
16:19:50.066176> WebSocket [SubscribeToAggTradeStream()] [Closed] [future] and reconnect again..
16:19:50.066176> A request to send or receive data was disallowed because the socket is not connected and (when sending on a datagram socket using a sendto call) no address was supplied
16:19:50.679210> Unable to write data to the transport connection: An existing connection was forcibly closed by the remote host.
16:19:50.747214> WebSocket [SubscribeToAggTradeStream()] [Closed] [future] and reconnect again..
16:19:50.747214> A request to send or receive data was disallowed because the socket is not connected and (when sending on a datagram socket using a sendto call) no address was supplied
16:19:54.001404> Lenta has started...Start SubscribeToAggTradeStream @aggTrade [future] process...
16:19:54.133408> Lenta has started...Start SubscribeToAggTradeStream @aggTrade [future] process...
16:19:55.212470> BinanceFuture - Vxxv1AWf[USD_M] Reconect to WebSocket #
16:19:55.213472> WebSocket [SubscribeToAggTradeStream()] [Closed] [future] and reconnect again [with Task.Delay]..
16:19:55.864509> BinanceFuture - Vxxv1AWf[USD_M] Reconect to WebSocket #
16:19:55.865509> WebSocket [SubscribeToAggTradeStream()] [Closed] [future] and reconnect again [with Task.Delay]..
16:19:56.005515> WebSocket [ConnectToDepthStream()] [future] error: Unable to read data from the transport connection: An existing connection was forcibly closed by the remote host.
16:19:56.007515> WebSocket [ConnectToDepthStream()] [Closed] [future] and reconnect again..
16:19:58.371652> Lenta has started...Start SubscribeToAggTradeStream @aggTrade [future] process...
16:19:59.746729> WebSocket connected! Start @depth [Future] process...
16:19:59.865736> Lenta has started...Start SubscribeToAggTradeStream @aggTrade [future] process...
16:20:01.530832> WebSocket [ConnectToDepthStream()] [future] error: Unable to read data from the transport connection: An existing connection was forcibly closed by the remote host.
16:20:01.531832> WebSocket [ConnectToDepthStream()] [Closed] [future] and reconnect again..
16:20:02.057868> WebSocket [ConnectToDepthStream()] [future] error: Unable to read data from the transport connection: An existing connection was forcibly closed by the remote host.
16:20:02.486887> WebSocket [ConnectToDepthStream()] [Closed] [future] and reconnect again..
