12:16:55.763532> WebSocket connected! Start Partial @depth20 [Future] process...
12:16:55.796533> Lenta has started...Start SubscribeToTradeStream @trade [{accType}] process...
12:16:56.007546> WebSocket connected! Start @bookTicker ...
12:16:56.008545> Lenta has started...Start SubscribeToAggTradeStream @aggTrade [future] process...
12:16:56.023548> WebSocket connected! Start @depth [Future] process...
12:16:56.130555> WebSocket connected! Start [SPOT] @depth@100ms process...
12:16:56.130555> WebSocket connected! Start @bookTicker [Future] process...
12:16:56.381567> WebSocket connected! Start @bookTicker [Future] process...
12:16:56.394566> Lenta has started...Start SubscribeToTradeStream @trade [{accType}] process...
12:16:56.396567> WebSocket connected! Start @bookTicker ...
12:16:56.397568> WebSocket connected! Start @depth [Future] process...
12:16:56.412568> WebSocket connected! Start Partial @depth20 [Future] process...
12:16:56.603577> WebSocket connected! Start Partial @depth20 [SPOT] process...
12:16:56.609578> WebSocket connected! Start Partial @depth20 [SPOT] process...
12:16:56.761588> Binance - Vxxv1AWf[SPOT] SPOT Balance: 0.00000000 USDT
12:16:56.931597> Lenta has started...Start SubscribeToAggTradeStream @aggTrade [future] process...
12:16:58.159667> WebSocket connected! Start [SPOT] @depth@100ms process...
12:17:06.915172> BinanceFuture - Vxxv1AWf[USD_M] USD_M Balance: 0.07599264 USDT
12:18:37.148296> BinanceFuture - Vxxv1AWf[USD_M] Reconect to WebSocket #
12:18:37.149295> WebSocket [SubscribeBookTickerStream()] [Closed] [future] and reconnect again [during Task.Delay]..
12:18:39.046448> WebSocket connected! Start @depth [Future] process...
12:19:06.577110> BinanceFuture - Vxxv1AWf[USD_M] Reconect to WebSocket #
12:19:06.577110> WebSocket [SubscribeBookTickerStream()] [Closed] [future] and reconnect again [during Task.Delay]..
12:19:07.604510> WebSocket connected! Start @depth [Future] process...
