13:18:53.897750> Lenta has started...Start SubscribeToTradeStream @trade [{accType}] process...
13:18:53.897750> WebSocket connected! Start Partial @depth20 [MARGIN] process...
13:18:53.899748> WebSocket connected! Start @depth [Future] process...
13:18:53.901749> WebSocket connected! Start [MARGIN] @depth@100ms process...
13:18:53.928750> Lenta has started...Start SubscribeToAggTradeStream @aggTrade [future] process...
13:18:53.936758> WebSocket connected! Start Partial @depth20 [Future] process...
13:18:54.059282> Lenta has started...Start SubscribeToTradeStream @trade [{accType}] process...
13:18:54.075281> WebSocket connected! Start [MARGIN] @depth@100ms process...
13:18:54.099273> WebSocket connected! Start Partial @depth20 [MARGIN] process...
13:18:54.120278> Binance - Vxxv1AWf[MARGIN] MARGIN Balance: 0.5187072 USDT
13:18:54.501939> WebSocket connected! Start @depth [Future] process...
13:18:54.504924> Lenta has started...Start SubscribeToAggTradeStream @aggTrade [future] process...
13:18:54.507941> WebSocket connected! Start Partial @depth20 [Future] process...
13:18:55.047059> BinanceFuture - Vxxv1AWf[USD_M] USD_M Balance: 0.66986043 USDT
13:31:00.901169> WebSocket [ConnectToDepthStream()] [future] error: Unable to read data from the transport connection: An existing connection was forcibly closed by the remote host.
13:31:05.991461> WebSocket [ConnectToDepthStream()] [Closed] [future] and reconnect again..
13:31:09.470662> BinanceFuture - Vxxv1AWf[USD_M] Reconect to WebSocket #
13:31:09.471662> WebSocket [ConnectToDepthStream()] [Closed] [future] and reconnect again [during Task.Delay]..
13:31:17.828140> WebSocket connected! Start @depth [Future] process...
13:31:17.886144> WebSocket connected! Start @depth [Future] process...
13:31:57.727429> WebSocket [ConnectToDepthStream()] [future] error: Unable to read data from the transport connection: An existing connection was forcibly closed by the remote host.
13:31:57.728428> WebSocket [ConnectToDepthStream()] [Closed] [future] and reconnect again..
13:32:04.578821> BinanceFuture - Vxxv1AWf[USD_M] Reconect to WebSocket #
13:32:04.579821> WebSocket [ConnectToDepthStream()] [Closed] [future] and reconnect again [during Task.Delay]..
13:32:14.931414> WebSocket connected! Start @depth [Future] process...
13:32:15.771461> WebSocket connected! Start @depth [Future] process...
13:33:23.058320> WebSocket [ConnectToDepthStream()] [future] error: Unable to read data from the transport connection: An existing connection was forcibly closed by the remote host.
13:33:23.058320> WebSocket [ConnectToDepthStream()] [Closed] [future] and reconnect again..
13:33:23.101323> WebSocket [ConnectToDepthStream()] [future] error: Unable to read data from the transport connection: An existing connection was forcibly closed by the remote host.
13:33:23.569348> WebSocket [ConnectToDepthStream()] [Closed] [future] and reconnect again..
13:33:28.371622> BinanceFuture - Vxxv1AWf[USD_M] Reconect to WebSocket #
13:33:28.372625> WebSocket [ConnectToDepthStream()] [Closed] [future] and reconnect again [during Task.Delay]..
13:33:29.733710> BinanceFuture - Vxxv1AWf[USD_M] Reconect to WebSocket #
13:33:29.734706> WebSocket [ConnectToDepthStream()] [Closed] [future] and reconnect again [during Task.Delay]..
13:33:39.607267> WebSocket connected! Start @depth [Future] process...
13:33:39.872283> WebSocket connected! Start @depth [Future] process...
13:33:41.138357> WebSocket connected! Start @depth [Future] process...
13:33:49.098814> WebSocket connected! Start @depth [Future] process...
13:33:56.736250> WebSocket [SubscribePartialDepthStream()] [future] error: Unable to read data from the transport connection: An existing connection was forcibly closed by the remote host.
13:34:05.072728> BinanceFuture - Vxxv1AWf[USD_M] Reconect to WebSocket #
13:34:05.073728> WebSocket [SubscribePartialDepthStream()] [Closed] [future] and reconnect again [during Task.Delay]..
13:34:15.069301> WebSocket connected! Start @depth [Future] process...
13:34:17.042415> WebSocket [ConnectToDepthStream()] [future] error: Unable to read data from the transport connection: An existing connection was forcibly closed by the remote host.
13:34:17.248425> WebSocket [ConnectToDepthStream()] [Closed] [future] and reconnect again..
13:34:22.444723> BinanceFuture - Vxxv1AWf[USD_M] Reconect to WebSocket #
13:34:22.445724> WebSocket [ConnectToDepthStream()] [Closed] [future] and reconnect again [during Task.Delay]..
13:34:30.432183> WebSocket connected! Start @depth [Future] process...
13:34:32.056274> WebSocket connected! Start @depth [Future] process...
13:35:24.685295> WebSocket [ConnectToDepthStream()] [future] error: Unable to read data from the transport connection: An existing connection was forcibly closed by the remote host.
13:35:24.709295> WebSocket [ConnectToDepthStream()] [Closed] [future] and reconnect again..
13:35:31.428680> BinanceFuture - Vxxv1AWf[USD_M] Reconect to WebSocket #
13:35:31.429680> WebSocket [ConnectToDepthStream()] [Closed] [future] and reconnect again [during Task.Delay]..
13:35:44.053404> WebSocket [ConnectToDepthStream()] [future] error: Unable to write data to the transport connection: An existing connection was forcibly closed by the remote host.
13:35:44.053404> WebSocket [ConnectToDepthStream()] [Closed] [future] and reconnect again..
13:35:46.225528> WebSocket [ConnectToDepthStream()] [future] error: Unable to read data from the transport connection: An existing connection was forcibly closed by the remote host.
13:35:46.229528> WebSocket [ConnectToDepthStream()] [Closed] [future] and reconnect again..
13:35:48.581662> WebSocket [ConnectToDepthStream()] [future] error: Unable to read data from the transport connection: An existing connection was forcibly closed by the remote host.
13:35:50.913797> WebSocket [ConnectToDepthStream()] [Closed] [future] and reconnect again..
13:35:50.914796> BinanceFuture - Vxxv1AWf[USD_M] Reconect to WebSocket #
13:35:50.915799> WebSocket [ConnectToDepthStream()] [Closed] [future] and reconnect again [during Task.Delay]..
13:35:59.242277> BinanceFuture - Vxxv1AWf[USD_M] Reconect to WebSocket #
13:35:59.244275> WebSocket [ConnectToDepthStream()] [Closed] [future] and reconnect again [during Task.Delay]..
13:35:59.245281> BinanceFuture - Vxxv1AWf[USD_M] Reconect to WebSocket #
13:35:59.245281> WebSocket [ConnectToDepthStream()] [Closed] [future] and reconnect again [during Task.Delay]..
13:36:03.921546> WebSocket [ConnectToDepthStream()] [future] error: Unable to read data from the transport connection: An existing connection was forcibly closed by the remote host.
13:36:03.921546> WebSocket [ConnectToDepthStream()] [Closed] [future] and reconnect again..
13:36:03.961546> WebSocket connected! Start @depth [Future] process...
13:36:04.704588> WebSocket [ConnectToDepthStream()] [future] error: Unable to write data to the transport connection: An existing connection was forcibly closed by the remote host.
13:36:09.215847> BinanceFuture - Vxxv1AWf[USD_M] Reconect to WebSocket #
13:36:09.223848> WebSocket [ConnectToDepthStream()] [Closed] [future] and reconnect again [during Task.Delay]..
13:36:18.765393> WebSocket connected! Start @depth [Future] process...
13:36:18.765393> WebSocket connected! Start @depth [Future] process...
13:36:18.766396> WebSocket connected! Start @depth [Future] process...
13:36:18.773396> WebSocket connected! Start @depth [Future] process...
13:36:21.397547> WebSocket [ConnectToDepthStream()] [future] error: Unable to read data from the transport connection: An existing connection was forcibly closed by the remote host.
13:36:21.426548> WebSocket [ConnectToDepthStream()] [Closed] [future] and reconnect again..
13:36:21.423548> WebSocket connected! Start @depth [Future] process...
13:36:21.397547> WebSocket [ConnectToDepthStream()] [future] error: Unable to write data to the transport connection: An existing connection was forcibly closed by the remote host.
13:36:21.962577> WebSocket connected! Start @depth [Future] process...
13:36:21.978579> WebSocket connected! Start @depth [Future] process...
13:36:21.979579> WebSocket connected! Start @depth [Future] process...
13:36:25.647789> WebSocket connected! Start @depth [Future] process...
13:36:38.676535> WebSocket [ConnectToDepthStream()] [future] error: Unable to write data to the transport connection: An existing connection was forcibly closed by the remote host.
13:36:38.704538> WebSocket [ConnectToDepthStream()] [Closed] [future] and reconnect again..
13:36:42.537758> WebSocket connected! Start @depth [Future] process...
13:36:56.173537> WebSocket [ConnectToDepthStream()] [future] error: Unable to read data from the transport connection: An existing connection was forcibly closed by the remote host.
13:36:56.428554> WebSocket [ConnectToDepthStream()] [Closed] [future] and reconnect again..
13:37:12.870495> WebSocket connected! Start @depth [Future] process...
13:37:24.757178> WebSocket connected! Start @depth [Future] process...
13:37:29.519451> WebSocket [ConnectToDepthStream()] [future] error: Unable to read data from the transport connection: An existing connection was forcibly closed by the remote host.
13:37:29.715463> WebSocket [ConnectToDepthStream()] [Closed] [future] and reconnect again..
13:37:36.166832> BinanceFuture - Vxxv1AWf[USD_M] Reconect to WebSocket #
13:37:36.167833> WebSocket [ConnectToDepthStream()] [Closed] [future] and reconnect again [during Task.Delay]..
13:37:59.913194> WebSocket connected! Start @depth [Future] process...
13:38:03.480396> WebSocket connected! Start @depth [Future] process...
13:38:09.667753> WebSocket [ConnectToDepthStream()] [future] error: Unable to read data from the transport connection: An existing connection was forcibly closed by the remote host.
13:38:13.325964> WebSocket [ConnectToDepthStream()] [Closed] [future] and reconnect again..
13:38:19.351308> BinanceFuture - Vxxv1AWf[USD_M] Reconect to WebSocket #
13:38:19.352309> WebSocket [ConnectToDepthStream()] [Closed] [future] and reconnect again [during Task.Delay]..
13:38:20.226357> WebSocket [ConnectToDepthStream()] [future] error: Unable to write data to the transport connection: An existing connection was forcibly closed by the remote host.
13:38:20.236358> WebSocket [ConnectToDepthStream()] [Closed] [future] and reconnect again..
13:38:20.322369> WebSocket [ConnectToDepthStream()] [future] error: Unable to read data from the transport connection: An existing connection was forcibly closed by the remote host.
13:38:20.349366> WebSocket [ConnectToDepthStream()] [Closed] [future] and reconnect again..
13:38:20.352369> WebSocket [ConnectToDepthStream()] [future] error: Unable to write data to the transport connection: An existing connection was forcibly closed by the remote host.
13:38:20.494374> WebSocket [ConnectToDepthStream()] [future] error: Unable to read data from the transport connection: An existing connection was forcibly closed by the remote host.
13:38:20.495375> WebSocket [ConnectToDepthStream()] [Closed] [future] and reconnect again..
13:38:21.063406> WebSocket [ConnectToDepthStream()] [future] error: Unable to read data from the transport connection: An existing connection was forcibly closed by the remote host.
13:38:21.079407> WebSocket [ConnectToDepthStream()] [Closed] [future] and reconnect again..
13:38:25.388654> BinanceFuture - Vxxv1AWf[USD_M] Reconect to WebSocket #
13:38:25.388654> WebSocket [ConnectToDepthStream()] [Closed] [future] and reconnect again [during Task.Delay]..
13:38:25.390654> WebSocket [ConnectToDepthStream()] [future] error: Unable to write data to the transport connection: An existing connection was forcibly closed by the remote host.
13:38:25.391655> WebSocket [ConnectToDepthStream()] [Closed] [future] and reconnect again..
13:38:25.388654> BinanceFuture - Vxxv1AWf[USD_M] Reconect to WebSocket #
13:38:25.396654> WebSocket [ConnectToDepthStream()] [Closed] [future] and reconnect again [during Task.Delay]..
13:38:25.604669> BinanceFuture - Vxxv1AWf[USD_M] Reconect to WebSocket #
13:38:25.605670> WebSocket [ConnectToDepthStream()] [Closed] [future] and reconnect again [during Task.Delay]..
13:38:25.623669> WebSocket [ConnectToDepthStream()] [future] error: Unable to write data to the transport connection: An existing connection was forcibly closed by the remote host.
13:38:25.623669> WebSocket [ConnectToDepthStream()] [future] error: Unable to write data to the transport connection: An existing connection was forcibly closed by the remote host.
13:38:25.900685> WebSocket [ConnectToDepthStream()] [Closed] [future] and reconnect again..
13:38:25.939687> WebSocket [ConnectToDepthStream()] [future] error: Unable to read data from the transport connection: An existing connection was forcibly closed by the remote host.
13:38:25.898685> WebSocket [ConnectToDepthStream()] [Closed] [future] and reconnect again..
13:38:33.218102> WebSocket [ConnectToDepthStream()] [future] error: Unable to read data from the transport connection: An existing connection was forcibly closed by the remote host.
13:38:33.220103> WebSocket [ConnectToDepthStream()] [Closed] [future] and reconnect again..
