16:29:28.324955> Binance - Vxxv1AWf[MARGIN] MARGIN Balance: 0.55658598 USDT
16:29:28.918972> WebSocket connected! Start [MARGIN] @depth@100ms process...
16:29:28.918972> WebSocket connected! Start @bookTicker [Future] process...
16:29:28.919976> WebSocket connected! Start Partial @depth20 [MARGIN] process...
16:29:28.920979> WebSocket connected! Start @depth [Future] process...
16:29:28.918972> WebSocket connected! Start @bookTicker ...
16:29:28.930974> Lenta has started...Start SubscribeToAggTradeStream @aggTrade [future] process...
16:29:28.954986> WebSocket connected! Start Partial @depth20 [Future] process...
16:29:28.979976> Lenta has started...Start SubscribeToTradeStream @trade [{accType}] process...
16:29:29.034982> WebSocket connected! Start [MARGIN] @depth@100ms process...
16:29:29.035981> WebSocket connected! Start @bookTicker ...
16:29:29.043981> WebSocket connected! Start Partial @depth20 [MARGIN] process...
16:29:29.098983> Lenta has started...Start SubscribeToTradeStream @trade [{accType}] process...
16:29:29.485351> Lenta has started...Start SubscribeToAggTradeStream @aggTrade [future] process...
16:29:29.510359> WebSocket connected! Start Partial @depth20 [Future] process...
16:29:29.574348> BinanceFuture - Vxxv1AWf[USD_M] USD_M Balance: 18.14083188 USDT
16:29:29.575348> WebSocket connected! Start @bookTicker [Future] process...
16:29:29.597348> WebSocket connected! Start @depth [Future] process...
16:40:29.786288> WebSocket [SubscribeBookTickerStream()] [future] error: Unable to read data from the transport connection: An existing connection was forcibly closed by the remote host.
16:40:30.352318> WebSocket [SubscribeBookTickerStream()] [future] error: Unable to read data from the transport connection: An existing connection was forcibly closed by the remote host.
16:40:34.866577> BinanceFuture - Vxxv1AWf[USD_M] Reconect to WebSocket #
16:40:34.867578> WebSocket [SubscribeBookTickerStream()] [Closed] [future] and reconnect again [during Task.Delay]..
16:40:35.503612> BinanceFuture - Vxxv1AWf[USD_M] Reconect to WebSocket #
16:40:35.504614> WebSocket [SubscribeBookTickerStream()] [Closed] [future] and reconnect again [during Task.Delay]..
16:40:36.706682> WebSocket connected! Start @depth [Future] process...
16:40:37.403723> WebSocket connected! Start @depth [Future] process...
16:41:30.729780> WebSocket [ConnectToDepthStream()] [future] error: Unable to read data from the transport connection: An existing connection was forcibly closed by the remote host.
16:41:35.751066> BinanceFuture - Vxxv1AWf[USD_M] Reconect to WebSocket #
16:41:35.752068> WebSocket [ConnectToDepthStream()] [Closed] [future] and reconnect again [during Task.Delay]..
16:41:37.326160> WebSocket connected! Start @depth [Future] process...
16:43:39.235148> WebSocket [ConnectToDepthStream()] [future] error: Unable to read data from the transport connection: An existing connection was forcibly closed by the remote host.
16:43:44.252437> BinanceFuture - Vxxv1AWf[USD_M] Reconect to WebSocket #
16:43:44.253436> WebSocket [ConnectToDepthStream()] [Closed] [future] and reconnect again [during Task.Delay]..
16:43:45.665518> WebSocket connected! Start @depth [Future] process...
16:45:39.838064> WebSocket [ConnectToDepthStream()] [future] error: Unable to read data from the transport connection: An existing connection was forcibly closed by the remote host.
16:45:44.853352> BinanceFuture - Vxxv1AWf[USD_M] Reconect to WebSocket #
16:45:44.856354> WebSocket [ConnectToDepthStream()] [Closed] [future] and reconnect again [during Task.Delay]..
16:45:46.033421> WebSocket connected! Start @depth [Future] process...
16:49:50.492435> Ask error : The given key was not present in the dictionary.
16:50:47.172688> WebSocket [ConnectToDepthStream()] [future] error: Unable to read data from the transport connection: An existing connection was forcibly closed by the remote host.
16:50:52.215977> BinanceFuture - Vxxv1AWf[USD_M] Reconect to WebSocket #
16:50:52.216976> WebSocket [ConnectToDepthStream()] [Closed] [future] and reconnect again [during Task.Delay]..
16:50:53.572058> WebSocket connected! Start @depth [Future] process...
16:52:54.500985> WebSocket [ConnectToDepthStream()] [future] error: Unable to read data from the transport connection: An established connection was aborted by the software in your host machine.
16:52:59.521283> BinanceFuture - Vxxv1AWf[USD_M] Reconect to WebSocket #
16:52:59.522276> WebSocket [ConnectToDepthStream()] [Closed] [future] and reconnect again [during Task.Delay]..
16:53:01.130366> WebSocket connected! Start @depth [Future] process...
16:54:30.993528> WebSocket [ConnectToDepthStream()] [future] error: Unable to read data from the transport connection: An existing connection was forcibly closed by the remote host.
16:54:36.011810> BinanceFuture - Vxxv1AWf[USD_M] Reconect to WebSocket #
16:54:36.011810> WebSocket [ConnectToDepthStream()] [Closed] [future] and reconnect again [during Task.Delay]..
16:54:37.441887> WebSocket connected! Start @depth [Future] process...
16:54:37.848913> WebSocket [ConnectToDepthStream()] [future] error: Unable to read data from the transport connection: An existing connection was forcibly closed by the remote host.
16:54:42.860200> BinanceFuture - Vxxv1AWf[USD_M] Reconect to WebSocket #
16:54:42.860200> WebSocket [ConnectToDepthStream()] [Closed] [future] and reconnect again [during Task.Delay]..
16:54:43.892340> WebSocket connected! Start @depth [Future] process...
16:55:46.638855> WebSocket [ConnectToDepthStream()] [future] error: Unable to read data from the transport connection: An existing connection was forcibly closed by the remote host.
16:55:51.645144> BinanceFuture - Vxxv1AWf[USD_M] Reconect to WebSocket #
16:55:51.645144> WebSocket [ConnectToDepthStream()] [Closed] [future] and reconnect again [during Task.Delay]..
16:55:52.835215> WebSocket connected! Start @depth [Future] process...
16:57:03.193249> WebSocket [ConnectToDepthStream()] [future] error: Unable to read data from the transport connection: An existing connection was forcibly closed by the remote host.
16:57:08.227532> BinanceFuture - Vxxv1AWf[USD_M] Reconect to WebSocket #
16:57:08.228535> WebSocket [ConnectToDepthStream()] [Closed] [future] and reconnect again [during Task.Delay]..
16:57:09.383603> WebSocket connected! Start @depth [Future] process...
16:58:53.305558> WebSocket [ConnectToDepthStream()] [future] error: Unable to read data from the transport connection: An existing connection was forcibly closed by the remote host.
16:58:53.990598> WebSocket [ConnectToDepthStream()] [future] error: Unable to read data from the transport connection: An existing connection was forcibly closed by the remote host.
16:58:58.403869> BinanceFuture - Vxxv1AWf[USD_M] Reconect to WebSocket #
16:58:58.419850> WebSocket [ConnectToDepthStream()] [Closed] [future] and reconnect again [during Task.Delay]..
16:58:59.193904> BinanceFuture - Vxxv1AWf[USD_M] Reconect to WebSocket #
16:58:59.432909> WebSocket [ConnectToDepthStream()] [Closed] [future] and reconnect again [during Task.Delay]..
16:59:06.412309> WebSocket connected! Start @depth [Future] process...
16:59:06.421311> WebSocket connected! Start @depth [Future] process...
17:00:10.203968> WebSocket [ConnectToDepthStream()] [future] error: Unable to read data from the transport connection: An existing connection was forcibly closed by the remote host.
