10:57:02.181311> Binance - Vxxv1AWf[SPOT] SPOT Balance: 0.00000000 USDT
10:57:02.848451> WebSocket connected! Start Partial @depth20 [Future] process...
10:57:02.848451> Lenta has started...Start SubscribeToTradeStream @trade [{accType}] process...
10:57:02.898459> WebSocket connected! Start Partial @depth20 [SPOT] process...
10:57:02.901455> WebSocket connected! Start @bookTicker [Future] process...
10:57:02.924457> Lenta has started...Start SubscribeToAggTradeStream @aggTrade [future] process...
10:57:02.924457> WebSocket connected! Start @depth [Future] process...
10:57:02.928458> WebSocket connected! Start @bookTicker ...
10:57:02.931460> WebSocket connected! Start @bookTicker ...
10:57:02.954460> WebSocket connected! Start [SPOT] @depth@100ms process...
10:57:02.955458> WebSocket connected! Start [SPOT] @depth@100ms process...
10:57:02.955458> WebSocket connected! Start Partial @depth20 [SPOT] process...
10:57:03.009475> Lenta has started...Start SubscribeToTradeStream @trade [{accType}] process...
10:57:03.674823> WebSocket connected! Start Partial @depth20 [Future] process...
10:57:03.716811> WebSocket connected! Start @bookTicker [Future] process...
10:57:03.735819> Lenta has started...Start SubscribeToAggTradeStream @aggTrade [future] process...
10:57:03.769815> WebSocket connected! Start @depth [Future] process...
10:57:03.783816> BinanceFuture - Vxxv1AWf[USD_M] USD_M Balance: 6.25838444 USDT
11:04:04.536708> WebSocket [ConnectToDepthStream()] [future] error: Unable to read data from the transport connection: An existing connection was forcibly closed by the remote host.
11:04:04.569710> WebSocket [ConnectToDepthStream()] [future] error: Unable to read data from the transport connection: An existing connection was forcibly closed by the remote host.
11:04:09.565995> BinanceFuture - Vxxv1AWf[USD_M] Reconect to WebSocket #
11:04:09.566997> WebSocket [ConnectToDepthStream()] [Closed] [future] and reconnect again [during Task.Delay]..
11:04:09.580997> BinanceFuture - Vxxv1AWf[USD_M] Reconect to WebSocket #
11:04:09.580997> WebSocket [ConnectToDepthStream()] [Closed] [future] and reconnect again [during Task.Delay]..
11:04:11.841128> WebSocket connected! Start @depth [Future] process...
11:04:11.847131> WebSocket connected! Start @depth [Future] process...
11:07:12.640491> WebSocket [ConnectToDepthStream()] [future] error: Unable to read data from the transport connection: An existing connection was forcibly closed by the remote host.
11:07:12.880506> WebSocket [ConnectToDepthStream()] [future] error: Unable to read data from the transport connection: An existing connection was forcibly closed by the remote host.
11:07:17.820798> BinanceFuture - Vxxv1AWf[USD_M] Reconect to WebSocket #
11:07:17.821790> WebSocket [ConnectToDepthStream()] [Closed] [future] and reconnect again [during Task.Delay]..
11:07:17.908798> BinanceFuture - Vxxv1AWf[USD_M] Reconect to WebSocket #
11:07:17.908798> WebSocket [ConnectToDepthStream()] [Closed] [future] and reconnect again [during Task.Delay]..
11:07:19.511886> WebSocket connected! Start @depth [Future] process...
11:07:19.598894> WebSocket connected! Start @depth [Future] process...
11:09:05.641973> Unable to read data from the transport connection: An existing connection was forcibly closed by the remote host.
11:09:10.663261> BinanceFuture - Vxxv1AWf[USD_M] Reconect to WebSocket #
11:09:10.663261> WebSocket [SubscribeToAggTradeStream()] [Closed] [future] and reconnect again [with Task.Delay]..
11:09:11.898333> Lenta has started...Start SubscribeToAggTradeStream @aggTrade [future] process...
11:09:19.949791> WebSocket [ConnectToDepthStream()] [future] error: Unable to write data to the transport connection: An existing connection was forcibly closed by the remote host.
11:09:20.245810> WebSocket [ConnectToDepthStream()] [future] error: Unable to read data from the transport connection: An existing connection was forcibly closed by the remote host.
11:09:24.968080> BinanceFuture - Vxxv1AWf[USD_M] Reconect to WebSocket #
11:09:24.968080> WebSocket [ConnectToDepthStream()] [Closed] [future] and reconnect again [during Task.Delay]..
11:09:25.256119> BinanceFuture - Vxxv1AWf[USD_M] Reconect to WebSocket #
11:09:25.257098> WebSocket [ConnectToDepthStream()] [Closed] [future] and reconnect again [during Task.Delay]..
11:09:26.058142> WebSocket connected! Start @depth [Future] process...
11:09:26.597174> WebSocket connected! Start @depth [Future] process...
11:11:33.694463> WebSocket [ConnectToDepthStream()] [future] error: Unable to read data from the transport connection: An existing connection was forcibly closed by the remote host.
11:11:38.718757> BinanceFuture - Vxxv1AWf[USD_M] Reconect to WebSocket #
11:11:38.718757> WebSocket [ConnectToDepthStream()] [Closed] [future] and reconnect again [during Task.Delay]..
11:11:40.168832> WebSocket connected! Start @depth [Future] process...
11:12:34.734968> WebSocket [ConnectToDepthStream()] [future] error: Unable to read data from the transport connection: An existing connection was forcibly closed by the remote host.
11:12:40.627301> BinanceFuture - Vxxv1AWf[USD_M] Reconect to WebSocket #
11:12:40.628301> WebSocket [ConnectToDepthStream()] [Closed] [future] and reconnect again [during Task.Delay]..
11:12:42.579411> WebSocket connected! Start @depth [Future] process...
11:14:14.016653> WebSocket [ConnectToDepthStream()] [future] error: Unable to read data from the transport connection: An existing connection was forcibly closed by the remote host.
11:14:19.130946> BinanceFuture - Vxxv1AWf[USD_M] Reconect to WebSocket #
11:14:19.131945> WebSocket [ConnectToDepthStream()] [Closed] [future] and reconnect again [during Task.Delay]..
11:14:20.506025> WebSocket connected! Start @depth [Future] process...
11:14:48.239618> WebSocket [ConnectToDepthStream()] [future] error: Unable to read data from the transport connection: An existing connection was forcibly closed by the remote host.
11:14:53.272903> BinanceFuture - Vxxv1AWf[USD_M] Reconect to WebSocket #
11:14:53.279904> WebSocket [ConnectToDepthStream()] [Closed] [future] and reconnect again [during Task.Delay]..
11:14:54.616980> WebSocket connected! Start @depth [Future] process...
11:16:21.353955> WebSocket [ConnectToDepthStream()] [future] error: Unable to read data from the transport connection: An existing connection was forcibly closed by the remote host.
11:16:26.491250> BinanceFuture - Vxxv1AWf[USD_M] Reconect to WebSocket #
11:16:26.491250> WebSocket [ConnectToDepthStream()] [Closed] [future] and reconnect again [during Task.Delay]..
11:16:27.715337> WebSocket connected! Start @depth [Future] process...
11:16:56.582975> BinanceFuture - Vxxv1AWf[USD_M] Reconect to WebSocket #
11:16:56.583977> WebSocket [ConnectToDepthStream()] [Closed] [future] and reconnect again [during Task.Delay]..
11:16:58.253075> WebSocket connected! Start @depth [Future] process...
11:17:13.352935> Unable to read data from the transport connection: An existing connection was forcibly closed by the remote host.
11:17:17.327164> Unable to read data from the transport connection: An existing connection was forcibly closed by the remote host.
11:17:18.409226> BinanceFuture - Vxxv1AWf[USD_M] Reconect to WebSocket #
11:17:18.409226> WebSocket [SubscribeToAggTradeStream()] [Closed] [future] and reconnect again [with Task.Delay]..
11:17:19.658310> Lenta has started...Start SubscribeToAggTradeStream @aggTrade [future] process...
11:17:22.386458> BinanceFuture - Vxxv1AWf[USD_M] Reconect to WebSocket #
11:17:22.387460> WebSocket [SubscribeToAggTradeStream()] [Closed] [future] and reconnect again [with Task.Delay]..
11:17:23.867538> Lenta has started...Start SubscribeToAggTradeStream @aggTrade [future] process...
11:18:59.175007> WebSocket [ConnectToDepthStream()] [future] error: Unable to read data from the transport connection: An existing connection was forcibly closed by the remote host.
11:19:04.393301> BinanceFuture - Vxxv1AWf[USD_M] Reconect to WebSocket #
11:19:04.394304> WebSocket [ConnectToDepthStream()] [Closed] [future] and reconnect again [during Task.Delay]..
11:19:05.591371> WebSocket connected! Start @depth [Future] process...
11:22:22.738778> WebSocket [ConnectToDepthStream()] [future] error: Unable to read data from the transport connection: An existing connection was forcibly closed by the remote host.
11:22:27.750062> BinanceFuture - Vxxv1AWf[USD_M] Reconect to WebSocket #
11:22:27.750062> WebSocket [ConnectToDepthStream()] [Closed] [future] and reconnect again [during Task.Delay]..
11:22:28.841127> WebSocket connected! Start @depth [Future] process...
11:24:53.475703> WebSocket [ConnectToDepthStream()] [future] error: Unable to read data from the transport connection: An existing connection was forcibly closed by the remote host.
11:24:58.497990> BinanceFuture - Vxxv1AWf[USD_M] Reconect to WebSocket #
11:24:58.497990> WebSocket [ConnectToDepthStream()] [Closed] [future] and reconnect again [during Task.Delay]..
11:25:00.234089> WebSocket connected! Start @depth [Future] process...
11:27:01.760714> BinanceFuture - Vxxv1AWf[USD_M] Reconect to WebSocket #
11:27:01.762680> WebSocket [SubscribeBookTickerStream()] [Closed] [future] and reconnect again [during Task.Delay]..
11:27:02.829741> WebSocket connected! Start @depth [Future] process...
11:27:52.293796> WebSocket [ConnectToDepthStream()] [future] error: Unable to write data to the transport connection: An existing connection was forcibly closed by the remote host.
11:27:52.296796> WebSocket [ConnectToDepthStream()] [future] error: A request to send or receive data was disallowed because the socket is not connected and (when sending on a datagram socket using a sendto call) no address was supplied
11:28:00.872916> BinanceFuture - Vxxv1AWf[USD_M] Reconect to WebSocket #
11:28:00.873916> WebSocket [ConnectToDepthStream()] [Closed] [future] and reconnect again [during Task.Delay]..
11:28:00.877917> WebSocket [ConnectToDepthStream()] [future] error: Unable to write data to the transport connection: An existing connection was forcibly closed by the remote host.
11:28:00.878916> WebSocket [ConnectToDepthStream()] [future] error: A request to send or receive data was disallowed because the socket is not connected and (when sending on a datagram socket using a sendto call) no address was supplied
11:28:13.988477> BinanceFuture - Vxxv1AWf[USD_M] Reconect to WebSocket #
11:28:13.989477> WebSocket [ConnectToDepthStream()] [Closed] [future] and reconnect again [during Task.Delay]..
11:28:26.056168> WebSocket connected! Start @depth [Future] process...
11:28:26.505193> WebSocket connected! Start @depth [Future] process...
