18:46:47.508288> Binance - Vxxv1AWf[SPOT] SPOT Balance: 0.00000000 USDT
18:46:48.171328> WebSocket connected! Start @bookTicker [Future] process...
18:46:48.361336> WebSocket connected! Start @bookTicker ...
18:46:48.375339> WebSocket connected! Start [SPOT] @depth@100ms process...
18:46:48.378338> Lenta has started...Start SubscribeToAggTradeStream @aggTrade [future] process...
18:46:48.396340> Lenta has started...Start SubscribeToTradeStream @trade [{accType}] process...
18:46:48.401340> WebSocket connected! Start @depth [Future] process...
18:46:48.419349> WebSocket connected! Start @bookTicker ...
18:46:48.444344> WebSocket connected! Start Partial @depth20 [Future] process...
18:46:48.445344> WebSocket connected! Start [SPOT] @depth@100ms process...
18:46:48.446346> WebSocket connected! Start Partial @depth20 [SPOT] process...
18:46:48.447344> Lenta has started...Start SubscribeToTradeStream @trade [{accType}] process...
18:46:48.447344> WebSocket connected! Start Partial @depth20 [SPOT] process...
18:46:48.985377> WebSocket connected! Start Partial @depth20 [Future] process...
18:46:48.992372> WebSocket connected! Start @depth [Future] process...
18:46:48.996373> WebSocket connected! Start @bookTicker [Future] process...
18:46:49.419403> Lenta has started...Start SubscribeToAggTradeStream @aggTrade [future] process...
18:46:49.840422> BinanceFuture - Vxxv1AWf[USD_M] USD_M Balance: 3.31060251 USDT
18:53:48.668131> WebSocket [SubscribeBookTickerStream()] [future] error: Unable to read data from the transport connection: An existing connection was forcibly closed by the remote host.
18:53:50.191209> WebSocket [SubscribeBookTickerStream()] [future] error: Unable to read data from the transport connection: An existing connection was forcibly closed by the remote host.
18:53:53.762415> BinanceFuture - Vxxv1AWf[USD_M] Reconect to WebSocket #
18:53:53.774415> WebSocket [SubscribeBookTickerStream()] [Closed] [future] and reconnect again [during Task.Delay]..
18:53:55.331503> BinanceFuture - Vxxv1AWf[USD_M] Reconect to WebSocket #
18:53:55.609520> WebSocket [SubscribeBookTickerStream()] [Closed] [future] and reconnect again [during Task.Delay]..
18:53:59.075719> WebSocket connected! Start @depth [Future] process...
18:54:01.756874> WebSocket connected! Start @depth [Future] process...
18:55:49.182034> WebSocket [ConnectToDepthStream()] [future] error: Unable to read data from the transport connection: An existing connection was forcibly closed by the remote host.
18:55:52.341214> WebSocket [ConnectToDepthStream()] [future] error: Unable to read data from the transport connection: An existing connection was forcibly closed by the remote host.
18:55:55.187377> BinanceFuture - Vxxv1AWf[USD_M] Reconect to WebSocket #
18:55:55.188378> WebSocket [ConnectToDepthStream()] [Closed] [future] and reconnect again [during Task.Delay]..
18:55:57.468509> BinanceFuture - Vxxv1AWf[USD_M] Reconect to WebSocket #
18:55:57.522509> WebSocket [ConnectToDepthStream()] [Closed] [future] and reconnect again [during Task.Delay]..
18:55:58.715578> WebSocket connected! Start @depth [Future] process...
18:56:01.146720> WebSocket connected! Start @depth [Future] process...
18:56:02.863815> WebSocket [ConnectToDepthStream()] [future] error: Unable to read data from the transport connection: An existing connection was forcibly closed by the remote host.
18:56:08.062116> BinanceFuture - Vxxv1AWf[USD_M] Reconect to WebSocket #
18:56:08.063117> WebSocket [ConnectToDepthStream()] [Closed] [future] and reconnect again [during Task.Delay]..
18:56:11.780328> WebSocket connected! Start @depth [Future] process...
18:58:12.495256> WebSocket [ConnectToDepthStream()] [future] error: Unable to read data from the transport connection: An existing connection was forcibly closed by the remote host.
18:58:17.660545> BinanceFuture - Vxxv1AWf[USD_M] Reconect to WebSocket #
18:58:17.717549> WebSocket [ConnectToDepthStream()] [Closed] [future] and reconnect again [during Task.Delay]..
18:58:29.505225> WebSocket connected! Start @depth [Future] process...
19:00:00.149346> WebSocket [ConnectToDepthStream()] [future] error: Unable to read data from the transport connection: An existing connection was forcibly closed by the remote host.
19:00:02.501484> WebSocket [ConnectToDepthStream()] [future] error: Unable to read data from the transport connection: An existing connection was forcibly closed by the remote host.
