20:59:06.260329> WebSocket connected! Start @depth [Future] process...
20:59:06.499823> WebSocket connected! Start Partial @depth20 [MARGIN] process...
20:59:06.503825> WebSocket connected! Start [MARGIN] @depth@100ms process...
20:59:06.511825> Binance - Vxxv1AWf[MARGIN] MARGIN Balance: 0.52729844 USDT
20:59:06.523827> WebSocket connected! Start Partial @depth20 [Future] process...
20:59:06.658836> Lenta has started...Start SubscribeToAggTradeStream @aggTrade [future] process...
20:59:06.674841> Lenta has started...Start SubscribeToAggTradeStream @aggTrade [future] process...
20:59:06.677833> Lenta has started...Start SubscribeToTradeStream @trade [{accType}] process...
20:59:06.691844> WebSocket connected! Start @depth [Future] process...
20:59:06.693841> WebSocket connected! Start Partial @depth20 [MARGIN] process...
20:59:06.707836> Lenta has started...Start SubscribeToTradeStream @trade [{accType}] process...
20:59:06.714839> WebSocket connected! Start [MARGIN] @depth@100ms process...
20:59:06.944361> WebSocket connected! Start Partial @depth20 [Future] process...
20:59:07.256903> BinanceFuture - Vxxv1AWf[USD_M] USD_M Balance: 0.66986043 USDT
20:59:24.391060> Lenta has started...Start SubscribeToAggTradeStream @aggTrade [future] process...
20:59:24.529064> Binance - Vxxv1AWf[MARGIN] MARGIN Balance: 0.52766999 USDT
20:59:24.532074> WebSocket connected! Start Partial @depth20 [MARGIN] process...
20:59:24.554076> WebSocket connected! Start [MARGIN] @depth@100ms process...
20:59:24.618069> WebSocket connected! Start Partial @depth20 [MARGIN] process...
20:59:24.622068> WebSocket connected! Start @depth [Future] process...
20:59:24.634070> WebSocket connected! Start Partial @depth20 [Future] process...
20:59:24.639071> WebSocket connected! Start [MARGIN] @depth@100ms process...
20:59:24.646070> Lenta has started...Start SubscribeToTradeStream @trade [{accType}] process...
20:59:24.792079> Lenta has started...Start SubscribeToTradeStream @trade [{accType}] process...
20:59:25.114104> WebSocket connected! Start @depth [Future] process...
20:59:25.221104> WebSocket connected! Start Partial @depth20 [Future] process...
20:59:25.421116> Lenta has started...Start SubscribeToAggTradeStream @aggTrade [future] process...
20:59:26.056918> BinanceFuture - Vxxv1AWf[USD_M] USD_M Balance: 0.66986043 USDT
