11:33:08.939317> WebSocket connected! Start Partial @depth20 [SPOT] process...
11:33:08.939317> WebSocket connected! Start @bookTicker [Future] process...
11:33:08.949317> WebSocket connected! Start Partial @depth20 [Future] process...
11:33:08.950316> Lenta has started...Start SubscribeToTradeStream @trade [{accType}] process...
11:33:08.951318> WebSocket connected! Start @bookTicker ...
11:33:08.952318> Lenta has started...Start SubscribeToAggTradeStream @aggTrade [future] process...
11:33:08.957317> WebSocket connected! Start @depth [Future] process...
11:33:08.965317> WebSocket connected! Start [SPOT] @depth@100ms process...
11:33:09.073324> Binance - Vxxv1AWf[SPOT] SPOT Balance: 0.00000000 USDT
11:33:09.092325> Lenta has started...Start SubscribeToTradeStream @trade [{accType}] process...
11:33:09.113333> WebSocket connected! Start Partial @depth20 [SPOT] process...
11:33:09.120326> WebSocket connected! Start @bookTicker ...
11:33:09.123333> WebSocket connected! Start [SPOT] @depth@100ms process...
11:33:09.332347> WebSocket connected! Start @bookTicker [Future] process...
11:33:09.570351> WebSocket connected! Start Partial @depth20 [Future] process...
11:33:09.572360> Lenta has started...Start SubscribeToAggTradeStream @aggTrade [future] process...
11:33:09.576359> WebSocket connected! Start @depth [Future] process...
11:33:10.579821> BinanceFuture - Vxxv1AWf[USD_M] USD_M Balance: 0.00271518 USDT
11:36:10.407745> WebSocket [SubscribeBookTickerStream()] [future] error: Unable to read data from the transport connection: An established connection was aborted by the software in your host machine.
11:36:10.580004> WebSocket [SubscribeBookTickerStream()] [future] error: Unable to read data from the transport connection: An existing connection was forcibly closed by the remote host.
11:36:15.440182> BinanceFuture - Vxxv1AWf[USD_M] Reconect SubscribeBookTickerStream WebSocket #
11:36:15.441173> WebSocket [SubscribeBookTickerStream()] [Closed] [future] and reconnect again [during Task.Delay]..
11:36:15.614183> BinanceFuture - Vxxv1AWf[USD_M] Reconect SubscribeBookTickerStream WebSocket #
11:36:15.614183> WebSocket [SubscribeBookTickerStream()] [Closed] [future] and reconnect again [during Task.Delay]..
11:36:16.509474> WebSocket connected! Start @bookTicker [Future] process...
11:36:16.725471> WebSocket connected! Start @bookTicker [Future] process...
11:37:57.981276> BinanceFuture - Vxxv1AWf[USD_M] Reconect SubscribeBookTickerStream WebSocket #
11:37:57.982279> WebSocket [SubscribeBookTickerStream()] [Closed] [future] and reconnect again [during Task.Delay]..
11:37:59.255350> WebSocket connected! Start @bookTicker [Future] process...
11:41:01.254785> WebSocket [SubscribeBookTickerStream()] [future] error: Unable to read data from the transport connection: An established connection was aborted by the software in your host machine.
11:41:06.301073> BinanceFuture - Vxxv1AWf[USD_M] Reconect SubscribeBookTickerStream WebSocket #
11:41:06.312077> WebSocket [SubscribeBookTickerStream()] [Closed] [future] and reconnect again [during Task.Delay]..
11:41:07.507145> WebSocket connected! Start @bookTicker [Future] process...
11:42:02.201279> BinanceFuture - Vxxv1AWf[USD_M] Reconect SubscribeBookTickerStream WebSocket #
11:42:02.201279> WebSocket [SubscribeBookTickerStream()] [Closed] [future] and reconnect again [during Task.Delay]..
11:42:03.440350> WebSocket connected! Start @bookTicker [Future] process...
