12:24:48.890223> Binance - Vxxv1AWf[MARGIN] MARGIN Balance: 0.58390335 USDT
12:24:49.186237> WebSocket connected! Start Partial @depth20 [MARGIN] process...
12:24:49.213239> Lenta has started...Start SubscribeToTradeStream @trade [{accType}] process...
12:24:49.221239> WebSocket connected! Start [MARGIN] @depth@100ms process...
12:24:49.226240> WebSocket connected! Start @bookTicker [Future] process...
12:24:49.227241> Lenta has started...Start SubscribeToAggTradeStream @aggTrade [future] process...
12:24:49.227241> Lenta has started...Start SubscribeToTradeStream @trade [{accType}] process...
12:24:49.228242> WebSocket connected! Start [MARGIN] @depth@100ms process...
12:24:49.228242> WebSocket connected! Start Partial @depth20 [MARGIN] process...
12:24:49.267243> WebSocket connected! Start Partial @depth20 [Future] process...
12:24:55.638912> WebSocket connected! Start Partial @depth20 [Future] process...
12:24:55.639915> WebSocket connected! Start @bookTicker [Future] process...
12:24:55.640916> Lenta has started...Start SubscribeToAggTradeStream @aggTrade [future] process...
12:24:55.774924> BinanceFuture - Vxxv1AWf[USD_M] USD_M Balance: 0.66986043 USDT
12:24:56.355961> WebSocket connected! Start @depth [Future] process...
12:24:56.527964> WebSocket connected! Start @depth [Future] process...
12:25:37.129692> BinanceFuture - Vxxv1AWf[USD_M] Reconect to WebSocket #
12:25:37.130689> WebSocket [SubscribeBookTickerStream()] [Closed] [future] and reconnect again [during Task.Delay]..
12:25:37.252695> BinanceFuture - Vxxv1AWf[USD_M] Reconect to WebSocket #
12:25:37.257693> WebSocket [SubscribeBookTickerStream()] [Closed] [future] and reconnect again [during Task.Delay]..
12:25:38.130748> WebSocket connected! Start @depth [Future] process...
12:25:38.339761> WebSocket connected! Start @depth [Future] process...
