19:50:36.426719> WebSocket connected! Start @depth [Future] process...
19:50:36.427719> Lenta has started...Start SubscribeToAggTradeStream @aggTrade [future] process...
19:50:36.432718> WebSocket connected! Start Partial @depth20 [SPOT] process...
19:50:36.434718> WebSocket connected! Start Partial @depth20 [Future] process...
19:50:36.611727> Binance - Vxxv1AWf[SPOT] SPOT Balance: 0.00000000 USDT
19:50:36.877750> WebSocket connected! Start Partial @depth20 [SPOT] process...
19:50:37.292084> WebSocket connected! Start @depth [Future] process...
19:50:37.297058> WebSocket connected! Start Partial @depth20 [Future] process...
19:50:37.342051> Lenta has started...Start SubscribeToAggTradeStream @aggTrade [future] process...
19:50:37.840078> BinanceFuture - Vxxv1AWf[USD_M] USD_M Balance: 100.07476905 USDT
19:51:13.425424> TestnetSpot - mLOgzEPL[SPOT] An error occurred while sending the request.
19:51:13.444423> TestnetSpot - mLOgzEPL[SPOT]: BTCUSDT - A call to SSPI failed, see inner exception.
19:51:13.446424> TestnetSpot - mLOgzEPL[SPOT]: BTCUSDT - A call to SSPI failed, see inner exception.
19:51:18.560579> TestnetSpot - mLOgzEPL[SPOT]: BTCUSDT - A call to SSPI failed, see inner exception.
19:51:18.562581> TestnetSpot - mLOgzEPL[SPOT]: BTCUSDT - A call to SSPI failed, see inner exception.
19:53:10.714557> Binance - Vxxv1AWf[SPOT] SPOT Balance: 0.00000000 USDT
19:53:11.090579> WebSocket connected! Start Partial @depth20 [Future] process...
19:53:11.097604> WebSocket connected! Start Partial @depth20 [SPOT] process...
19:53:11.121590> WebSocket connected! Start @depth [Future] process...
19:53:11.121590> Lenta has started...Start SubscribeToAggTradeStream @aggTrade [future] process...
19:53:11.261589> WebSocket connected! Start Partial @depth20 [SPOT] process...
19:53:12.012008> WebSocket connected! Start Partial @depth20 [Future] process...
19:53:12.023011> Lenta has started...Start SubscribeToAggTradeStream @aggTrade [future] process...
19:53:12.027049> WebSocket connected! Start @depth [Future] process...
19:53:12.529003> BinanceFuture - Vxxv1AWf[USD_M] USD_M Balance: 100.07476905 USDT
