11:55:46.768240> WebSocket connected! Start @bookTicker [Future] process...
11:55:46.768240> WebSocket connected! Start [SPOT] @depth@100ms process...
11:55:46.768240> WebSocket connected! Start @bookTicker ...
11:55:46.769240> WebSocket connected! Start Partial @depth20 [SPOT] process...
11:55:46.770240> Lenta has started...Start SubscribeToAggTradeStream @aggTrade [future] process...
11:55:46.782240> WebSocket connected! Start Partial @depth20 [Future] process...
11:55:46.807241> Lenta has started...Start SubscribeToTradeStream @trade [{accType}] process...
11:55:46.808245> WebSocket connected! Start @depth [Future] process...
11:55:46.827243> Binance - Vxxv1AWf[SPOT] SPOT Balance: 0.00000000 USDT
11:55:46.866244> WebSocket connected! Start Partial @depth20 [SPOT] process...
11:55:46.899255> WebSocket connected! Start @bookTicker ...
11:55:46.926249> Lenta has started...Start SubscribeToTradeStream @trade [{accType}] process...
11:55:46.935250> WebSocket connected! Start [SPOT] @depth@100ms process...
11:55:47.377154> WebSocket connected! Start @depth [Future] process...
11:55:47.377154> WebSocket connected! Start Partial @depth20 [Future] process...
11:55:47.427166> Lenta has started...Start SubscribeToAggTradeStream @aggTrade [future] process...
11:55:47.434158> WebSocket connected! Start @bookTicker [Future] process...
11:55:47.980464> BinanceFuture - Vxxv1AWf[USD_M] USD_M Balance: 0.58403735 USDT
11:56:47.181798> WebSocket [ConnectToDepthStream()] [future] error: Unable to read data from the transport connection: An existing connection was forcibly closed by the remote host.
11:56:47.727826> WebSocket [SubscribeBookTickerStream()] [future] error: Unable to read data from the transport connection: An existing connection was forcibly closed by the remote host.
11:56:50.055960> WebSocket [SubscribeBookTickerStream()] [future] error: Received an unexpected EOF or 0 bytes from the transport stream.
11:56:52.286090> BinanceFuture - Vxxv1AWf[USD_M] Reconect to WebSocket #
11:56:52.287088> WebSocket [ConnectToDepthStream()] [Closed] [future] and reconnect again [during Task.Delay]..
11:56:52.733112> BinanceFuture - Vxxv1AWf[USD_M] Reconect to WebSocket #
11:56:52.734113> WebSocket [SubscribeBookTickerStream()] [Closed] [future] and reconnect again [during Task.Delay]..
11:56:53.322146> WebSocket connected! Start @depth [Future] process...
11:56:53.966182> WebSocket connected! Start @depth [Future] process...
11:56:55.075247> BinanceFuture - Vxxv1AWf[USD_M] Reconect to WebSocket #
11:56:55.075247> WebSocket [SubscribeBookTickerStream()] [Closed] [future] and reconnect again [during Task.Delay]..
11:56:56.474326> WebSocket connected! Start @depth [Future] process...
