13:00:39.085782> Binance - Vxxv1AWf[SPOT] SPOT Balance: 0.00000000 USDT
13:00:39.216788> WebSocket connected! Start @depth [Future] process...
13:00:39.217793> WebSocket connected! Start @bookTicker [Future] process...
13:00:39.222803> WebSocket connected! Start @bookTicker ...
13:00:39.230793> WebSocket connected! Start Partial @depth20 [SPOT] process...
13:00:39.256792> WebSocket connected! Start [SPOT] @depth@100ms process...
13:00:39.261804> Lenta has started...Start SubscribeToAggTradeStream @aggTrade [future] process...
13:00:39.337794> WebSocket connected! Start Partial @depth20 [Future] process...
13:00:39.338796> Lenta has started...Start SubscribeToTradeStream @trade [{accType}] process...
13:00:39.364796> WebSocket connected! Start [SPOT] @depth@100ms process...
13:00:39.369797> WebSocket connected! Start @bookTicker ...
13:00:39.375798> WebSocket connected! Start Partial @depth20 [SPOT] process...
13:00:39.388797> Lenta has started...Start SubscribeToTradeStream @trade [{accType}] process...
13:00:39.869832> WebSocket connected! Start @bookTicker [Future] process...
13:00:39.882826> WebSocket connected! Start @depth [Future] process...
13:00:39.904844> WebSocket connected! Start Partial @depth20 [Future] process...
13:00:39.925829> Lenta has started...Start SubscribeToAggTradeStream @aggTrade [future] process...
13:00:40.379702> BinanceFuture - Vxxv1AWf[USD_M] USD_M Balance: 3.31060251 USDT
13:03:39.757124> WebSocket [SubscribeBookTickerStream()] [future] error: Unable to read data from the transport connection: An existing connection was forcibly closed by the remote host.
13:03:40.271152> WebSocket [SubscribeBookTickerStream()] [future] error: Unable to read data from the transport connection: An existing connection was forcibly closed by the remote host.
13:03:44.805315> BinanceFuture - Vxxv1AWf[USD_M] Reconect to WebSocket #
13:03:44.806289> WebSocket [SubscribeBookTickerStream()] [Closed] [future] and reconnect again [during Task.Delay]..
13:03:45.273129> BinanceFuture - Vxxv1AWf[USD_M] Reconect to WebSocket #
13:03:45.273129> WebSocket [SubscribeBookTickerStream()] [Closed] [future] and reconnect again [during Task.Delay]..
13:03:45.829253> WebSocket connected! Start @depth [Future] process...
13:03:46.338801> WebSocket connected! Start @depth [Future] process...
