20:54:23.796024> Binance - Vxxv1AWf[SPOT] SPOT Balance: 0.00000000 USDT
20:54:24.270298> WebSocket connected! Start @bookTicker [Future] process...
20:54:24.271298> WebSocket connected! Start @depth [Future] process...
20:54:24.293298> WebSocket connected! Start Partial @depth20 [Future] process...
20:54:24.299299> WebSocket connected! Start Partial @depth20 [SPOT] process...
20:54:24.311300> Lenta has started...Start SubscribeToAggTradeStream @aggTrade [future] process...
20:54:24.325301> Lenta has started...Start SubscribeToTradeStream @trade [{accType}] process...
20:54:24.338300> WebSocket connected! Start @bookTicker ...
20:54:24.357299> Lenta has started...Start SubscribeToTradeStream @trade [{accType}] process...
20:54:24.358302> WebSocket connected! Start @bookTicker ...
20:54:24.366302> WebSocket connected! Start [SPOT] @depth@100ms process...
20:54:24.366302> WebSocket connected! Start [SPOT] @depth@100ms process...
20:54:24.390303> WebSocket connected! Start Partial @depth20 [SPOT] process...
20:54:24.755324> Lenta has started...Start SubscribeToAggTradeStream @aggTrade [future] process...
20:54:24.758325> WebSocket connected! Start @depth [Future] process...
20:54:24.800326> BinanceFuture - Vxxv1AWf[USD_M] USD_M Balance: 28.58403735 USDT
20:54:24.801328> WebSocket connected! Start @bookTicker [Future] process...
20:54:24.810329> WebSocket connected! Start Partial @depth20 [Future] process...
21:01:25.090498> WebSocket [SubscribeBookTickerStream()] [future] error: Unable to read data from the transport connection: An existing connection was forcibly closed by the remote host.
21:01:25.560525> WebSocket [SubscribeBookTickerStream()] [future] error: Unable to read data from the transport connection: An existing connection was forcibly closed by the remote host.
21:01:30.256795> BinanceFuture - Vxxv1AWf[USD_M] Reconect to WebSocket #
21:01:30.257795> WebSocket [SubscribeBookTickerStream()] [Closed] [future] and reconnect again [during Task.Delay]..
21:01:30.605815> BinanceFuture - Vxxv1AWf[USD_M] Reconect to WebSocket #
21:01:30.605815> WebSocket [SubscribeBookTickerStream()] [Closed] [future] and reconnect again [during Task.Delay]..
21:01:33.152959> WebSocket connected! Start @depth [Future] process...
21:01:33.154964> WebSocket connected! Start @depth [Future] process...
21:02:25.447958> Unable to read data from the transport connection: An existing connection was forcibly closed by the remote host.
21:02:26.365013> Unable to read data from the transport connection: An existing connection was forcibly closed by the remote host.
21:02:30.565254> BinanceFuture - Vxxv1AWf[USD_M] Reconect to WebSocket #
21:02:30.565254> WebSocket [SubscribeToAggTradeStream()] [Closed] [future] and reconnect again [with Task.Delay]..
21:02:31.388299> BinanceFuture - Vxxv1AWf[USD_M] Reconect to WebSocket #
21:02:31.513310> WebSocket [SubscribeToAggTradeStream()] [Closed] [future] and reconnect again [with Task.Delay]..
21:02:33.310411> Lenta has started...Start SubscribeToAggTradeStream @aggTrade [future] process...
21:02:33.556424> WebSocket [ConnectToDepthStream()] [future] error: Unable to read data from the transport connection: An existing connection was forcibly closed by the remote host.
21:02:33.661429> WebSocket [ConnectToDepthStream()] [future] error: Unable to read data from the transport connection: An existing connection was forcibly closed by the remote host.
21:02:34.041453> Lenta has started...Start SubscribeToAggTradeStream @aggTrade [future] process...
21:02:38.588711> BinanceFuture - Vxxv1AWf[USD_M] Reconect to WebSocket #
21:02:38.618715> WebSocket [ConnectToDepthStream()] [Closed] [future] and reconnect again [during Task.Delay]..
21:02:40.445818> WebSocket connected! Start @depth [Future] process...
21:03:25.671413> WebSocket [ConnectToDepthStream()] [future] error: Unable to read data from the transport connection: An existing connection was forcibly closed by the remote host.
21:03:25.699420> WebSocket [ConnectToDepthStream()] [future] error: Unable to read data from the transport connection: An existing connection was forcibly closed by the remote host.
21:07:41.278575> WebSocket [ConnectToDepthStream()] [future] error: Unable to read data from the transport connection: An existing connection was forcibly closed by the remote host.
21:07:46.311356> BinanceFuture - Vxxv1AWf[USD_M] Reconect to WebSocket #
21:07:46.324358> WebSocket [ConnectToDepthStream()] [Closed] [future] and reconnect again [during Task.Delay]..
21:07:47.685437> WebSocket connected! Start @depth [Future] process...
21:14:49.344614> WebSocket [ConnectToDepthStream()] [future] error: Unable to read data from the transport connection: An existing connection was forcibly closed by the remote host.
21:14:54.417913> BinanceFuture - Vxxv1AWf[USD_M] Reconect to WebSocket #
21:14:54.427912> WebSocket [ConnectToDepthStream()] [Closed] [future] and reconnect again [during Task.Delay]..
21:14:55.881988> WebSocket connected! Start @depth [Future] process...
