14:25:34.335751> Lenta has started...Start SubscribeToAggTradeStream @aggTrade [future] process...
14:25:34.335751> WebSocket connected! Start Partial @depth20 [SPOT] process...
14:25:34.352755> WebSocket connected! Start @depth [Future] process...
14:25:34.354752> WebSocket connected! Start Partial @depth20 [Future] process...
14:25:35.031108> WebSocket connected! Start Partial @depth20 [SPOT] process...
14:25:35.204128> WebSocket connected! Start @depth [Future] process...
14:25:35.439033> Binance - Vxxv1AWf[SPOT] SPOT Balance: 0.00000000 USDT
14:25:35.746000> BinanceFuture - Vxxv1AWf[USD_M] USD_M Balance: 0.00928352 USDT
14:25:35.904981> WebSocket connected! Start Partial @depth20 [Future] process...
14:25:35.907980> Lenta has started...Start SubscribeToAggTradeStream @aggTrade [future] process...
21:10:23.753785> WebSocket [ConnectToDepthStream()] [future] error: Unable to write data to the transport connection: An established connection was aborted by the software in your host machine.
21:22:00.820803> BinanceFuture - Vxxv1AWf[USD_M] Reconect ConnectToDepthStream() to WebSocket #
21:22:00.821803> WebSocket [ConnectToDepthStream()] [Closed] [future] and reconnect again [during Task.Delay]..
21:22:03.253941> WebSocket connected! Start @depth [Future] process...
21:22:06.816145> WebSocket [ConnectToDepthStream()] [Closed] [SPOT] and reconnect again..
21:22:06.816145> WebSocket [ConnectToDepthStream()] [Closed] [SPOT] and reconnect again..
21:22:08.016218> WebSocket connected! Start [SPOT] @depth@1000ms process...
21:22:08.534247> WebSocket connected! Start [SPOT] @depth@1000ms process...
21:22:12.235474> BinanceFuture - Vxxv1AWf[USD_M] Reconect to WebSocket #
21:22:12.236459> WebSocket [SubscribePartialDepthStream()] [Closed] [future] and reconnect again [during Task.Delay]..
21:22:12.236459> BinanceFuture - Vxxv1AWf[USD_M] Reconect to WebSocket #
21:22:12.237458> WebSocket [SubscribeToAggTradeStream()] [Closed] [future] and reconnect again [with Task.Delay]..
21:22:12.325461> BinanceFuture - Vxxv1AWf[USD_M] Reconect to WebSocket #
21:22:12.326464> WebSocket [SubscribePartialDepthStream()] [Closed] [future] and reconnect again [during Task.Delay]..
21:22:12.480470> Binance - Vxxv1AWf[SPOT] Reconect to WebSocket #
21:22:12.481470> WebSocket [ConnectToDepthStream()] [Closed] [SPOT] and reconnect again [during Task.Delay]..
21:22:12.489473> Binance - Vxxv1AWf[SPOT] Reconect to WebSocket #
21:22:12.489473> WebSocket [ConnectToDepthStream()] [Closed] [SPOT] and reconnect again [during Task.Delay]..
21:22:13.583533> Lenta has started...Start SubscribeToAggTradeStream @aggTrade [future] process...
21:22:13.587537> WebSocket connected! Start @depth [Future] process...
21:22:13.587537> WebSocket connected! Start @depth [Future] process...
21:22:13.963558> WebSocket connected! Start [SPOT] @depth@1000ms process...
21:22:13.964558> WebSocket connected! Start [SPOT] @depth@1000ms process...
21:25:26.521607> WebSocket [ConnectToDepthStream()] [future] error: Unable to read data from the transport connection: An established connection was aborted by the software in your host machine.
21:25:31.654893> BinanceFuture - Vxxv1AWf[USD_M] Reconect ConnectToDepthStream() to WebSocket #
21:25:31.654893> WebSocket [ConnectToDepthStream()] [Closed] [future] and reconnect again [during Task.Delay]..
21:25:34.026027> WebSocket connected! Start @depth [Future] process...
21:28:08.039869> WebSocket [ConnectToDepthStream()] [future] error: Unable to read data from the transport connection: An existing connection was forcibly closed by the remote host.
21:28:16.598349> BinanceFuture - Vxxv1AWf[USD_M] Reconect ConnectToDepthStream() to WebSocket #
21:28:16.598349> WebSocket [ConnectToDepthStream()] [Closed] [future] and reconnect again [during Task.Delay]..
21:28:51.864373> WebSocket connected! Start @depth [Future] process...
21:30:17.617295> BinanceFuture - Vxxv1AWf[USD_M] Reconect ConnectToDepthStream() to WebSocket #
21:30:17.857301> WebSocket [ConnectToDepthStream()] [Closed] [future] and reconnect again [during Task.Delay]..
21:30:19.103381> WebSocket connected! Start @depth [Future] process...
21:31:35.340744> WebSocket [ConnectToDepthStream()] [future] error: Unable to read data from the transport connection: An existing connection was forcibly closed by the remote host.
21:31:40.451037> BinanceFuture - Vxxv1AWf[USD_M] Reconect ConnectToDepthStream() to WebSocket #
21:31:40.453037> WebSocket [ConnectToDepthStream()] [Closed] [future] and reconnect again [during Task.Delay]..
21:31:42.089133> WebSocket connected! Start @depth [Future] process...
