23:18:01.857204> Binance - Vxxv1AWf[SPOT] SPOT Balance: 0.00000000 USDT
23:18:02.525245> WebSocket connected! Start Partial @depth20 [Future] process...
23:18:02.526243> WebSocket connected! Start @bookTicker ...
23:18:02.526243> Lenta has started...Start SubscribeToAggTradeStream @aggTrade [future] process...
23:18:02.530245> WebSocket connected! Start @bookTicker [Future] process...
23:18:02.584246> Lenta has started...Start SubscribeToTradeStream @trade [{accType}] process...
23:18:02.596248> WebSocket connected! Start [SPOT] @depth@100ms process...
23:18:02.642250> Lenta has started...Start SubscribeToTradeStream @trade [{accType}] process...
23:18:02.767259> WebSocket connected! Start @bookTicker ...
23:18:02.793264> WebSocket connected! Start Partial @depth20 [SPOT] process...
23:18:03.069273> Lenta has started...Start SubscribeToAggTradeStream @aggTrade [future] process...
23:18:03.140292> WebSocket connected! Start Partial @depth20 [Future] process...
23:18:03.146280> WebSocket connected! Start @bookTicker [Future] process...
23:18:03.172279> WebSocket connected! Start @depth [Future] process...
23:18:03.290289> WebSocket connected! Start Partial @depth20 [SPOT] process...
23:18:03.479300> WebSocket connected! Start @depth [Future] process...
23:18:03.691312> WebSocket connected! Start [SPOT] @depth@100ms process...
23:18:04.233342> BinanceFuture - Vxxv1AWf[USD_M] USD_M Balance: 0.07599264 USDT
23:20:00.689024> BinanceFuture - Vxxv1AWf[USD_M] Reconect to WebSocket #
23:20:00.690011> WebSocket [SubscribeBookTickerStream()] [Closed] [future] and reconnect again [during Task.Delay]..
23:20:01.753074> WebSocket connected! Start @depth [Future] process...
23:20:57.011246> BinanceFuture - Vxxv1AWf[USD_M] Reconect to WebSocket #
23:20:57.011246> WebSocket [SubscribeBookTickerStream()] [Closed] [future] and reconnect again [during Task.Delay]..
23:20:58.045627> WebSocket connected! Start @depth [Future] process...
