15:20:35.265180> Binance - Vxxv1AWf[SPOT] SPOT Balance: 0.00000000 USDT
15:20:35.411032> WebSocket connected! Start @depth [Future] process...
15:20:35.412031> Lenta has started...Start SubscribeToAggTradeStream @aggTrade [future] process...
15:20:35.447034> WebSocket connected! Start [SPOT] @depth@1000ms process...
15:20:35.447034> Lenta has started...Start SubscribeToTradeStream @trade [{accType}] process...
15:20:35.449033> WebSocket connected! Start Partial @depth20 [Future] process...
15:20:35.463035> WebSocket connected! Start [SPOT] @depth@1000ms process...
15:20:35.470035> WebSocket connected! Start Partial @depth20 [SPOT] process...
15:20:35.845486> Lenta has started...Start SubscribeToTradeStream @trade [{accType}] process...
15:20:35.934480> WebSocket connected! Start Partial @depth20 [Future] process...
15:20:35.953480> Lenta has started...Start SubscribeToAggTradeStream @aggTrade [future] process...
15:20:35.955480> WebSocket connected! Start @depth [Future] process...
15:20:36.091490> WebSocket connected! Start Partial @depth20 [SPOT] process...
15:20:37.264555> BinanceFuture - Vxxv1AWf[USD_M] USD_M Balance: 0.72730263 USDT
15:22:48.866167>  DevBUY (+): 63.77000000 avgGapBuy:54.13000000 
15:22:49.344194>  DevBUY (+): 65.97000000 avgGapBuy:54.13000000 
15:22:49.833241>  DevBUY (+): 77.07000000 avgGapBuy:54.13000000 
15:22:50.339251>  DevBUY (-): 70.47000000 avgGapBuy:54.13000000 
15:23:01.620146>  DevBUY (-): 71.07000000 avgGapBuy:54.13000000 
15:23:01.735143>  DevBUY (+): 95.87000000 avgGapBuy:54.13000000 
15:23:01.996158>  DevBUY (+): 126.37000000 avgGapBuy:54.13000000 
15:23:02.493188>  DevBUY (+): 163.07000000 avgGapBuy:54.13000000 
15:23:02.855207>  DevBUY (+): 178.67000000 avgGapBuy:54.13000000 
15:23:03.663262>  DevBUY (+): 183.07000000 avgGapBuy:54.13000000 
15:23:04.045276>  DevBUY (+): 194.37000000 avgGapBuy:54.13000000 
15:23:04.437297>  DevBUY (-): 212.86000000 avgGapBuy:54.13000000 
15:23:07.501271>  DevBUY (+): 199.97000000 avgGapBuy:54.13000000 
15:23:08.039295>  DevBUY (+): 242.17000000 avgGapBuy:54.13000000 
15:23:08.378314>  DevBUY (-): 215.94000000 avgGapBuy:54.13000000 
15:23:09.052318>  DevBUY (+): 282.94000000 avgGapBuy:54.13000000 
15:23:09.453375>  DevBUY (-): 236.90000000 avgGapBuy:54.13000000 
15:23:20.708638> BinanceFuture - Vxxv1AWf[USD_M] Reconect ConnectToDepthStream() to WebSocket #
15:23:20.709622> WebSocket [ConnectToDepthStream()] [Closed] [future] and reconnect again [during Task.Delay]..
15:23:22.909750> WebSocket connected! Start @depth [Future] process...
15:23:28.686735> BinanceFuture - Vxxv1AWf[USD_M] Reconect to WebSocket #
15:23:28.686735> WebSocket [SubscribeToAggTradeStream()] [Closed] [future] and reconnect again [with Task.Delay]..
15:23:30.275472> Lenta has started...Start SubscribeToAggTradeStream @aggTrade [future] process...
15:23:33.441652> BinanceFuture - Vxxv1AWf[USD_M] Reconect to WebSocket #
15:23:33.442645> WebSocket [SubscribeToAggTradeStream()] [Closed] [future] and reconnect again [with Task.Delay]..
15:23:34.566709> Lenta has started...Start SubscribeToAggTradeStream @aggTrade [future] process...
15:23:44.818304> BinanceFuture - Vxxv1AWf[USD_M] Reconect ConnectToDepthStream() to WebSocket #
15:23:44.819299> WebSocket [ConnectToDepthStream()] [Closed] [future] and reconnect again [during Task.Delay]..
15:23:46.205377> WebSocket connected! Start @depth [Future] process...
