19:18:26.594390> Lenta has started...Start SubscribeToAggTradeStream @aggTrade [future] process...
19:18:26.600391> WebSocket connected! Start Partial @depth20 [MARGIN] process...
19:18:26.806401> Lenta has started...Start SubscribeToTradeStream @trade [{accType}] process...
19:18:26.910410> Binance - Vxxv1AWf[MARGIN] MARGIN Balance: 0.52540336 USDT
19:18:26.961411> WebSocket connected! Start @depth [Future] process...
19:18:27.152422> WebSocket connected! Start [MARGIN] @depth@100ms process...
19:18:27.167423> WebSocket connected! Start Partial @depth20 [Future] process...
19:18:27.168424> WebSocket connected! Start Partial @depth20 [MARGIN] process...
19:18:27.173423> WebSocket connected! Start [MARGIN] @depth@100ms process...
19:18:27.338433> Lenta has started...Start SubscribeToTradeStream @trade [{accType}] process...
19:18:27.453438> Lenta has started...Start SubscribeToAggTradeStream @aggTrade [future] process...
19:18:27.460439> WebSocket connected! Start @depth [Future] process...
19:18:27.936467> WebSocket connected! Start Partial @depth20 [Future] process...
19:18:28.624505> BinanceFuture - Vxxv1AWf[USD_M] USD_M Balance: 0.66986043 USDT
19:20:46.599835> WebSocket [ConnectToDepthStream()] [future] error: Unable to read data from the transport connection: An established connection was aborted by the software in your host machine.
19:20:46.600833> WebSocket [ConnectToDepthStream()] [Closed] [future] and reconnect again..
19:20:46.677837> WebSocket [ConnectToDepthStream()] [future] error: Unable to read data from the transport connection: An existing connection was forcibly closed by the remote host.
19:20:46.678838> WebSocket [ConnectToDepthStream()] [Closed] [future] and reconnect again..
19:20:46.837846> WebSocket [SubscribePartialDepthStream()] [future] error: Unable to read data from the transport connection: An existing connection was forcibly closed by the remote host.
19:20:46.838846> WebSocket [SubscribePartialDepthStream()] [Closed] [future] and reconnect again..
19:20:46.865846> WebSocket [SubscribePartialDepthStream()] [future] error: Unable to read data from the transport connection: An existing connection was forcibly closed by the remote host.
19:20:46.866848> WebSocket [SubscribePartialDepthStream()] [Closed] [future] and reconnect again..
19:20:47.715896> WebSocket connected! Start @depth [Future] process...
19:20:47.938910> WebSocket connected! Start @depth [Future] process...
19:20:48.032915> WebSocket connected! Start @depth [Future] process...
19:20:48.278928> WebSocket connected! Start @depth [Future] process...
19:20:51.650121> BinanceFuture - Vxxv1AWf[USD_M] Reconect to WebSocket #
19:20:51.651128> WebSocket [ConnectToDepthStream()] [Closed] [future] and reconnect again [during Task.Delay]..
19:20:51.680124> BinanceFuture - Vxxv1AWf[USD_M] Reconect to WebSocket #
19:20:51.680124> WebSocket [ConnectToDepthStream()] [Closed] [future] and reconnect again [during Task.Delay]..
19:20:51.861135> BinanceFuture - Vxxv1AWf[USD_M] Reconect to WebSocket #
19:20:51.861135> WebSocket [SubscribePartialDepthStream()] [Closed] [future] and reconnect again [during Task.Delay]..
19:20:51.870135> BinanceFuture - Vxxv1AWf[USD_M] Reconect to WebSocket #
19:20:51.871138> WebSocket [SubscribePartialDepthStream()] [Closed] [future] and reconnect again [during Task.Delay]..
19:20:52.851192> WebSocket connected! Start @depth [Future] process...
19:20:53.086203> WebSocket connected! Start @depth [Future] process...
19:20:53.087206> WebSocket connected! Start @depth [Future] process...
19:20:53.473226> WebSocket connected! Start @depth [Future] process...
19:23:13.532672> Unable to read data from the transport connection: An existing connection was forcibly closed by the remote host.
19:23:13.533674> WebSocket [SubscribeToAggTradeStream()] [Closed] [future] and reconnect again..
19:23:40.880868> BinanceFuture - Vxxv1AWf[USD_M] Reconect to WebSocket #
19:23:40.881870> WebSocket [SubscribeToAggTradeStream()] [Closed] [future] and reconnect again [with Task.Delay]..
19:23:46.165194> Lenta has started...Start SubscribeToAggTradeStream @aggTrade [future] process...
19:23:46.175195> Lenta has started...Start SubscribeToAggTradeStream @aggTrade [future] process...
19:23:58.737340> Unable to write data to the transport connection: An existing connection was forcibly closed by the remote host.
19:23:58.738342> WebSocket [SubscribeToAggTradeStream()] [Closed] [future] and reconnect again..
19:23:58.739343> A request to send or receive data was disallowed because the socket is not connected and (when sending on a datagram socket using a sendto call) no address was supplied
19:24:00.896895> WebSocket [ConnectToDepthStream()] [future] error: Unable to read data from the transport connection: An existing connection was forcibly closed by the remote host.
19:24:00.897895> WebSocket [ConnectToDepthStream()] [Closed] [future] and reconnect again..
19:24:03.683021> WebSocket [ConnectToDepthStream()] [future] error: Unable to read data from the transport connection: An existing connection was forcibly closed by the remote host.
19:24:03.696019> WebSocket [ConnectToDepthStream()] [future] error: Unable to read data from the transport connection: An existing connection was forcibly closed by the remote host.
19:24:03.711023> WebSocket [ConnectToDepthStream()] [Closed] [future] and reconnect again..
19:24:03.711023> WebSocket [ConnectToDepthStream()] [Closed] [future] and reconnect again..
19:24:19.266398> BinanceFuture - Vxxv1AWf[USD_M] Reconect to WebSocket #
19:24:19.280398> BinanceFuture - Vxxv1AWf[USD_M] Reconect to WebSocket #
19:24:19.268398> BinanceFuture - Vxxv1AWf[USD_M] Reconect to WebSocket #
19:24:19.307400> WebSocket [ConnectToDepthStream()] [Closed] [future] and reconnect again [during Task.Delay]..
19:24:19.307400> WebSocket [ConnectToDepthStream()] [Closed] [future] and reconnect again [during Task.Delay]..
19:24:19.306401> WebSocket [ConnectToDepthStream()] [Closed] [future] and reconnect again [during Task.Delay]..
19:24:19.311400> BinanceFuture - Vxxv1AWf[USD_M] Reconect to WebSocket #
19:24:19.312401> WebSocket [SubscribeToAggTradeStream()] [Closed] [future] and reconnect again [with Task.Delay]..
19:24:19.260398> WebSocket [ConnectToDepthStream()] [future] error: Unable to read data from the transport connection: An existing connection was forcibly closed by the remote host.
19:24:19.429407> WebSocket [ConnectToDepthStream()] [Closed] [future] and reconnect again..
19:24:19.515413> WebSocket [ConnectToDepthStream()] [future] error: Unable to read data from the transport connection: An existing connection was forcibly closed by the remote host.
19:24:19.538412> WebSocket [ConnectToDepthStream()] [Closed] [future] and reconnect again..
19:24:19.583416> WebSocket [ConnectToDepthStream()] [future] error: Unable to read data from the transport connection: An existing connection was forcibly closed by the remote host.
19:24:19.583416> WebSocket [ConnectToDepthStream()] [Closed] [future] and reconnect again..
19:24:19.693421> WebSocket [ConnectToDepthStream()] [future] error: Unable to read data from the transport connection: An existing connection was forcibly closed by the remote host.
19:24:19.711425> WebSocket [ConnectToDepthStream()] [Closed] [future] and reconnect again..
19:24:20.082445> Lenta has started...Start SubscribeToAggTradeStream @aggTrade [future] process...
19:24:20.274455> WebSocket connected! Start @depth [Future] process...
19:24:20.345460> WebSocket connected! Start @depth [Future] process...
19:24:20.436465> WebSocket connected! Start @depth [Future] process...
19:24:20.512469> WebSocket connected! Start @depth [Future] process...
19:24:20.546469> WebSocket connected! Start @depth [Future] process...
19:24:20.554470> WebSocket connected! Start @depth [Future] process...
19:24:20.716479> Lenta has started...Start SubscribeToAggTradeStream @aggTrade [future] process...
19:24:21.068501> WebSocket connected! Start @depth [Future] process...
19:24:21.068501> WebSocket connected! Start @depth [Future] process...
19:24:21.105504> WebSocket connected! Start @depth [Future] process...
19:24:21.106504> WebSocket connected! Start @depth [Future] process...
19:26:34.733747> WebSocket [ConnectToDepthStream()] [future] error: Unable to read data from the transport connection: An existing connection was forcibly closed by the remote host.
19:26:34.734747> WebSocket [ConnectToDepthStream()] [Closed] [future] and reconnect again..
19:26:36.499847> WebSocket connected! Start @depth [Future] process...
19:26:38.087937> WebSocket [ConnectToDepthStream()] [future] error: Unable to read data from the transport connection: An existing connection was forcibly closed by the remote host.
19:26:38.088939> WebSocket [ConnectToDepthStream()] [Closed] [future] and reconnect again..
19:26:39.549022> WebSocket connected! Start @depth [Future] process...
19:26:39.747034> BinanceFuture - Vxxv1AWf[USD_M] Reconect to WebSocket #
19:26:39.748035> WebSocket [ConnectToDepthStream()] [Closed] [future] and reconnect again [during Task.Delay]..
19:26:40.872100> WebSocket connected! Start @depth [Future] process...
19:26:43.107226> BinanceFuture - Vxxv1AWf[USD_M] Reconect to WebSocket #
19:26:43.123227> WebSocket [ConnectToDepthStream()] [Closed] [future] and reconnect again [during Task.Delay]..
19:26:45.533364> WebSocket connected! Start @depth [Future] process...
19:26:48.378529> WebSocket [ConnectToDepthStream()] [future] error: Unable to read data from the transport connection: An established connection was aborted by the software in your host machine.
19:26:48.534537> WebSocket [ConnectToDepthStream()] [Closed] [future] and reconnect again..
19:26:50.462648> WebSocket connected! Start @depth [Future] process...
19:26:51.245693> WebSocket [ConnectToDepthStream()] [Closed] [future] and reconnect again..
19:26:53.212805> WebSocket connected! Start @depth [Future] process...
19:26:53.535824> BinanceFuture - Vxxv1AWf[USD_M] Reconect to WebSocket #
19:26:53.535824> WebSocket [ConnectToDepthStream()] [Closed] [future] and reconnect again [during Task.Delay]..
19:26:55.307926> WebSocket connected! Start @depth [Future] process...
19:26:56.254980> BinanceFuture - Vxxv1AWf[USD_M] Reconect to WebSocket #
19:26:56.261979> WebSocket [ConnectToDepthStream()] [Closed] [future] and reconnect again [during Task.Delay]..
19:26:57.997081> WebSocket connected! Start @depth [Future] process...
19:27:00.618231> WebSocket [ConnectToDepthStream()] [Closed] [future] and reconnect again..
19:27:02.665315> WebSocket [ConnectToDepthStream()] [Closed] [future] and reconnect again..
19:27:03.035427> WebSocket connected! Start @depth [Future] process...
19:27:04.446449> WebSocket connected! Start @depth [Future] process...
19:27:05.680519> BinanceFuture - Vxxv1AWf[USD_M] Reconect to WebSocket #
19:27:05.692522> WebSocket [ConnectToDepthStream()] [Closed] [future] and reconnect again [during Task.Delay]..
19:27:08.473682> WebSocket connected! Start @depth [Future] process...
19:27:15.963110> WebSocket [ConnectToDepthStream()] [Closed] [future] and reconnect again..
19:27:19.637321> WebSocket connected! Start @depth [Future] process...
19:27:30.226929> WebSocket [ConnectToDepthStream()] [future] error: Received an unexpected EOF or 0 bytes from the transport stream.
19:27:30.227929> WebSocket [ConnectToDepthStream()] [Closed] [future] and reconnect again..
19:27:31.720015> WebSocket connected! Start @depth [Future] process...
19:27:34.269159> WebSocket [ConnectToDepthStream()] [future] error: Unable to read data from the transport connection: An existing connection was forcibly closed by the remote host.
19:27:34.278162> WebSocket [ConnectToDepthStream()] [Closed] [future] and reconnect again..
19:27:34.445169> WebSocket [ConnectToDepthStream()] [future] error: Unable to read data from the transport connection: An existing connection was forcibly closed by the remote host.
19:27:34.446170> WebSocket [ConnectToDepthStream()] [Closed] [future] and reconnect again..
19:27:34.619179> WebSocket [ConnectToDepthStream()] [future] error: Unable to read data from the transport connection: An existing connection was forcibly closed by the remote host.
19:27:34.620181> WebSocket [ConnectToDepthStream()] [Closed] [future] and reconnect again..
19:27:34.666181> Unable to read data from the transport connection: An existing connection was forcibly closed by the remote host.
19:27:34.872195> WebSocket [SubscribeToAggTradeStream()] [Closed] [future] and reconnect again..
19:27:35.443228> Unable to read data from the transport connection: An existing connection was forcibly closed by the remote host.
19:27:35.444229> WebSocket [SubscribeToAggTradeStream()] [Closed] [future] and reconnect again..
19:27:36.557290> WebSocket connected! Start @depth [Future] process...
19:27:36.844308> WebSocket connected! Start @depth [Future] process...
19:27:36.936313> Lenta has started...Start SubscribeToAggTradeStream @aggTrade [future] process...
19:27:36.938314> WebSocket connected! Start @depth [Future] process...
19:27:38.078381> Lenta has started...Start SubscribeToAggTradeStream @aggTrade [future] process...
19:27:50.892118> WebSocket [ConnectToDepthStream()] [future] error: Unable to read data from the transport connection: An existing connection was forcibly closed by the remote host.
19:27:50.893121> WebSocket [ConnectToDepthStream()] [Closed] [future] and reconnect again..
19:27:52.151186> WebSocket [ConnectToDepthStream()] [future] error: Unable to read data from the transport connection: An existing connection was forcibly closed by the remote host.
19:27:52.151186> WebSocket [ConnectToDepthStream()] [Closed] [future] and reconnect again..
19:27:53.066237> WebSocket connected! Start @depth [Future] process...
19:27:55.303366> WebSocket [ConnectToDepthStream()] [future] error: Unable to read data from the transport connection: An existing connection was forcibly closed by the remote host.
19:27:55.560380> WebSocket [ConnectToDepthStream()] [Closed] [future] and reconnect again..
19:27:55.940403> WebSocket connected! Start @depth [Future] process...
19:27:56.007407> WebSocket [ConnectToDepthStream()] [future] error: Unable to read data from the transport connection: An existing connection was forcibly closed by the remote host.
19:27:56.007407> WebSocket [ConnectToDepthStream()] [Closed] [future] and reconnect again..
19:27:59.282592> WebSocket connected! Start @depth [Future] process...
19:28:00.185646> WebSocket connected! Start @depth [Future] process...
19:28:32.844520> WebSocket [ConnectToDepthStream()] [future] error: Received an unexpected EOF or 0 bytes from the transport stream.
19:28:32.844520> WebSocket [ConnectToDepthStream()] [Closed] [future] and reconnect again..
19:28:35.001642> Unable to read data from the transport connection: An existing connection was forcibly closed by the remote host.
19:28:35.002643> WebSocket [SubscribeToAggTradeStream()] [Closed] [future] and reconnect again..
19:28:35.546674> WebSocket connected! Start @depth [Future] process...
19:28:36.758742> WebSocket [ConnectToDepthStream()] [Closed] [future] and reconnect again..
19:28:36.816747> Lenta has started...Start SubscribeToAggTradeStream @aggTrade [future] process...
19:28:37.041759> WebSocket [ConnectToDepthStream()] [future] error: Unable to read data from the transport connection: An existing connection was forcibly closed by the remote host.
19:28:37.041759> WebSocket [ConnectToDepthStream()] [Closed] [future] and reconnect again..
19:28:37.500784> WebSocket [ConnectToDepthStream()] [future] error: Unable to read data from the transport connection: An existing connection was forcibly closed by the remote host.
19:28:37.509785> WebSocket [ConnectToDepthStream()] [Closed] [future] and reconnect again..
19:28:37.637792> WebSocket [ConnectToDepthStream()] [future] error: Unable to read data from the transport connection: An existing connection was forcibly closed by the remote host.
19:28:37.638794> WebSocket [ConnectToDepthStream()] [Closed] [future] and reconnect again..
19:28:38.106820> BinanceFuture - Vxxv1AWf[USD_M] Reconect to WebSocket #
19:28:38.106820> WebSocket [ConnectToDepthStream()] [Closed] [future] and reconnect again [during Task.Delay]..
19:28:39.642910> WebSocket connected! Start @depth [Future] process...
19:28:39.651909> WebSocket connected! Start @depth [Future] process...
19:28:39.819917> WebSocket connected! Start @depth [Future] process...
19:28:40.016931> BinanceFuture - Vxxv1AWf[USD_M] Reconect to WebSocket #
19:28:40.026933> WebSocket [SubscribeToAggTradeStream()] [Closed] [future] and reconnect again [with Task.Delay]..
19:28:40.344948> WebSocket connected! Start @depth [Future] process...
19:28:40.779975> WebSocket connected! Start @depth [Future] process...
19:28:41.817032> BinanceFuture - Vxxv1AWf[USD_M] Reconect to WebSocket #
19:28:41.865036> WebSocket [ConnectToDepthStream()] [Closed] [future] and reconnect again [during Task.Delay]..
19:28:41.962041> Lenta has started...Start SubscribeToAggTradeStream @aggTrade [future] process...
19:28:42.157051> BinanceFuture - Vxxv1AWf[USD_M] Reconect to WebSocket #
19:28:42.158058> WebSocket [ConnectToDepthStream()] [Closed] [future] and reconnect again [during Task.Delay]..
19:28:42.525072> BinanceFuture - Vxxv1AWf[USD_M] Reconect to WebSocket #
19:28:42.525072> WebSocket [ConnectToDepthStream()] [Closed] [future] and reconnect again [during Task.Delay]..
19:28:44.020159> WebSocket [ConnectToDepthStream()] [future] error: Unable to read data from the transport connection: An established connection was aborted by the software in your host machine.
19:28:44.021160> WebSocket [ConnectToDepthStream()] [Closed] [future] and reconnect again..
19:28:44.545191> WebSocket connected! Start @depth [Future] process...
19:28:44.770203> WebSocket connected! Start @depth [Future] process...
19:28:45.637252> WebSocket connected! Start @depth [Future] process...
19:28:46.672313> WebSocket connected! Start @depth [Future] process...
19:28:58.964016> WebSocket [ConnectToDepthStream()] [future] error: Unable to read data from the transport connection: An established connection was aborted by the software in your host machine.
19:28:58.965018> WebSocket [ConnectToDepthStream()] [Closed] [future] and reconnect again..
19:29:01.325153> WebSocket connected! Start @depth [Future] process...
19:29:03.824295> WebSocket [ConnectToDepthStream()] [Closed] [future] and reconnect again..
19:29:06.890475> WebSocket connected! Start @depth [Future] process...
19:29:09.659629> WebSocket [ConnectToDepthStream()] [future] error: Unable to read data from the transport connection: An existing connection was forcibly closed by the remote host.
19:29:09.664629> WebSocket [ConnectToDepthStream()] [Closed] [future] and reconnect again..
