10:56:19.740034> WebSocket connected! Start Partial @depth20 [MARGIN] process...
10:56:19.740034> WebSocket connected! Start [MARGIN] @depth@100ms process...
10:56:19.740034> Lenta has started...Start SubscribeToAggTradeStream @aggTrade [future] process...
10:56:19.763051> Lenta has started...Start SubscribeToTradeStream @trade [{accType}] process...
10:56:19.779043> WebSocket connected! Start @depth [Future] process...
10:56:19.811083> WebSocket connected! Start Partial @depth20 [Future] process...
10:56:19.894057> WebSocket connected! Start [MARGIN] @depth@100ms process...
10:56:19.943050> Lenta has started...Start SubscribeToTradeStream @trade [{accType}] process...
10:56:19.945052> WebSocket connected! Start Partial @depth20 [MARGIN] process...
10:56:20.045054> Binance - Vxxv1AWf[MARGIN] MARGIN Balance: 0.54165972 USDT
10:56:20.362905> Lenta has started...Start SubscribeToAggTradeStream @aggTrade [future] process...
10:56:20.377645> WebSocket connected! Start Partial @depth20 [Future] process...
10:56:20.720429> WebSocket connected! Start @depth [Future] process...
10:56:20.946412> BinanceFuture - Vxxv1AWf[USD_M] USD_M Balance: 0.66986043 USDT
11:06:19.752771> WebSocket [ConnectToDepthStream()] [future] error: Unable to read data from the transport connection: An existing connection was forcibly closed by the remote host.
11:06:19.766771> WebSocket [ConnectToDepthStream()] [Closed] [future] and reconnect again..
11:06:20.123794> WebSocket [ConnectToDepthStream()] [future] error: Unable to read data from the transport connection: An existing connection was forcibly closed by the remote host.
11:06:20.141795> WebSocket [ConnectToDepthStream()] [Closed] [future] and reconnect again..
11:06:21.126852> WebSocket connected! Start @depth [Future] process...
11:06:21.484870> WebSocket connected! Start @depth [Future] process...
11:06:24.800060> BinanceFuture - Vxxv1AWf[USD_M] Reconect to WebSocket #
11:06:24.800060> WebSocket [ConnectToDepthStream()] [Closed] [future] and reconnect again [during Task.Delay]..
11:06:25.146080> BinanceFuture - Vxxv1AWf[USD_M] Reconect to WebSocket #
11:06:25.147081> WebSocket [ConnectToDepthStream()] [Closed] [future] and reconnect again [during Task.Delay]..
11:06:26.337811> WebSocket connected! Start @depth [Future] process...
11:06:26.396812> WebSocket connected! Start @depth [Future] process...
11:11:27.140563> WebSocket [ConnectToDepthStream()] [future] error: Unable to read data from the transport connection: An existing connection was forcibly closed by the remote host.
11:11:27.143562> WebSocket [ConnectToDepthStream()] [Closed] [future] and reconnect again..
11:11:27.630587> WebSocket [ConnectToDepthStream()] [future] error: Unable to read data from the transport connection: An existing connection was forcibly closed by the remote host.
11:11:27.631589> WebSocket [ConnectToDepthStream()] [Closed] [future] and reconnect again..
11:11:29.092673> WebSocket connected! Start @depth [Future] process...
11:11:29.690707> WebSocket connected! Start @depth [Future] process...
11:11:32.168848> BinanceFuture - Vxxv1AWf[USD_M] Reconect to WebSocket #
11:11:32.170849> WebSocket [ConnectToDepthStream()] [Closed] [future] and reconnect again [during Task.Delay]..
11:11:32.680877> BinanceFuture - Vxxv1AWf[USD_M] Reconect to WebSocket #
11:11:32.691878> WebSocket [ConnectToDepthStream()] [Closed] [future] and reconnect again [during Task.Delay]..
11:11:34.434980> WebSocket connected! Start @depth [Future] process...
11:11:34.813999> WebSocket connected! Start @depth [Future] process...
