17:22:37.975508> Binance - Vxxv1AWf[MARGIN] MARGIN Balance: 0.5334041 USDT
17:22:37.991508> WebSocket connected! Start @depth [Future] process...
17:22:37.991508> Lenta has started...Start SubscribeToAggTradeStream @aggTrade [future] process...
17:22:37.991508> WebSocket connected! Start Partial @depth20 [MARGIN] process...
17:22:37.993509> WebSocket connected! Start Partial @depth20 [Future] process...
17:22:38.152528> Lenta has started...Start SubscribeToTradeStream @trade [{accType}] process...
17:22:38.191531> WebSocket connected! Start Partial @depth20 [MARGIN] process...
17:22:38.574543> WebSocket connected! Start Partial @depth20 [Future] process...
17:22:38.621544> Lenta has started...Start SubscribeToTradeStream @trade [{accType}] process...
17:22:38.624547> Lenta has started...Start SubscribeToAggTradeStream @aggTrade [future] process...
17:22:38.626546> WebSocket connected! Start @depth [Future] process...
17:22:38.945142> WebSocket connected! Start [MARGIN] @depth@100ms process...
17:22:39.446026> WebSocket connected! Start [MARGIN] @depth@100ms process...
17:22:40.899322> BinanceFuture - Vxxv1AWf[USD_M] USD_M Balance: 0.66986043 USDT
17:23:57.848399> WebSocket [ConnectToDepthStream()] [Closed] [future] and reconnect again..
17:23:59.471492> WebSocket connected! Start @depth [Future] process...
17:24:02.864688> BinanceFuture - Vxxv1AWf[USD_M] Reconect to WebSocket #
17:24:02.865686> WebSocket [ConnectToDepthStream()] [Closed] [future] and reconnect again [during Task.Delay]..
17:24:05.089812> WebSocket connected! Start @depth [Future] process...
17:24:57.759846> WebSocket [ConnectToDepthStream()] [Closed] [future] and reconnect again..
17:24:59.201926> WebSocket connected! Start @depth [Future] process...
17:25:02.355099> WebSocket [ConnectToDepthStream()] [Closed] [future] and reconnect again..
17:25:02.793122> BinanceFuture - Vxxv1AWf[USD_M] Reconect to WebSocket #
17:25:02.794123> WebSocket [ConnectToDepthStream()] [Closed] [future] and reconnect again [during Task.Delay]..
17:25:03.783178> WebSocket connected! Start @depth [Future] process...
17:25:03.866185> WebSocket connected! Start @depth [Future] process...
17:25:07.360387> BinanceFuture - Vxxv1AWf[USD_M] Reconect to WebSocket #
17:25:07.360387> WebSocket [ConnectToDepthStream()] [Closed] [future] and reconnect again [during Task.Delay]..
17:25:08.754465> WebSocket connected! Start @depth [Future] process...
