10:42:05.184605> Binance - Vxxv1AWf[SPOT] SPOT Balance: 0.00000000 USDT
10:42:05.325606> WebSocket connected! Start [SPOT] @depth@100ms process...
10:42:05.334667> WebSocket connected! Start @depth [Future] process...
10:42:05.340610> WebSocket connected! Start @bookTicker [Future] process...
10:42:05.346609> WebSocket connected! Start @bookTicker ...
10:42:05.351610> Lenta has started...Start SubscribeToTradeStream @trade [{accType}] process...
10:42:05.357611> WebSocket connected! Start @bookTicker ...
10:42:05.362611> WebSocket connected! Start Partial @depth20 [SPOT] process...
10:42:05.368610> Lenta has started...Start SubscribeToTradeStream @trade [{accType}] process...
10:42:05.373611> Lenta has started...Start SubscribeToAggTradeStream @aggTrade [future] process...
10:42:05.377612> WebSocket connected! Start Partial @depth20 [SPOT] process...
10:42:05.385613> WebSocket connected! Start [SPOT] @depth@100ms process...
10:42:05.393612> WebSocket connected! Start Partial @depth20 [Future] process...
10:42:06.288670> WebSocket connected! Start @depth [Future] process...
10:42:06.289663> WebSocket connected! Start Partial @depth20 [Future] process...
10:42:06.302666> WebSocket connected! Start @bookTicker [Future] process...
10:42:06.302666> Lenta has started...Start SubscribeToAggTradeStream @aggTrade [future] process...
10:42:06.976703> BinanceFuture - Vxxv1AWf[USD_M] USD_M Balance: 3.31060251 USDT
10:51:31.683560> WebSocket [ConnectToDepthStream()] [future] error: Unable to read data from the transport connection: An existing connection was forcibly closed by the remote host.
10:51:31.671559> WebSocket [ConnectToDepthStream()] [future] error: Unable to read data from the transport connection: An existing connection was forcibly closed by the remote host.
10:51:39.007981> BinanceFuture - Vxxv1AWf[USD_M] Reconect to WebSocket #
10:51:39.009982> WebSocket [ConnectToDepthStream()] [Closed] [future] and reconnect again [during Task.Delay]..
10:51:39.470013> BinanceFuture - Vxxv1AWf[USD_M] Reconect to WebSocket #
10:51:39.471011> WebSocket [ConnectToDepthStream()] [Closed] [future] and reconnect again [during Task.Delay]..
10:51:46.573412> WebSocket connected! Start @depth [Future] process...
10:51:50.710649> WebSocket connected! Start @depth [Future] process...
10:52:18.401239> WebSocket [SubscribeBookTickerStream()] [future] error: Unable to read data from the transport connection: An existing connection was forcibly closed by the remote host.
10:52:24.675598> BinanceFuture - Vxxv1AWf[USD_M] Reconect to WebSocket #
10:52:24.676598> WebSocket [SubscribeBookTickerStream()] [Closed] [future] and reconnect again [during Task.Delay]..
10:52:30.714945> WebSocket connected! Start @depth [Future] process...
10:53:19.407737> WebSocket [SubscribeBookTickerStream()] [future] error: Unable to read data from the transport connection: An existing connection was forcibly closed by the remote host.
10:53:22.230900> WebSocket [SubscribePartialDepthStream()] [future] error: Unable to read data from the transport connection: An existing connection was forcibly closed by the remote host.
10:53:24.530031> BinanceFuture - Vxxv1AWf[USD_M] Reconect to WebSocket #
10:53:24.531032> WebSocket [SubscribeBookTickerStream()] [Closed] [future] and reconnect again [during Task.Delay]..
10:53:28.412254> BinanceFuture - Vxxv1AWf[USD_M] Reconect to WebSocket #
10:53:28.412254> WebSocket [SubscribePartialDepthStream()] [Closed] [future] and reconnect again [during Task.Delay]..
10:53:37.651785> WebSocket connected! Start @depth [Future] process...
10:53:43.187101> WebSocket connected! Start @depth [Future] process...
10:53:48.683415> WebSocket [ConnectToDepthStream()] [future] error: Unable to read data from the transport connection: An existing connection was forcibly closed by the remote host.
10:53:53.909716> WebSocket [ConnectToDepthStream()] [future] error: Unable to read data from the transport connection: An existing connection was forcibly closed by the remote host.
10:54:41.261433> WebSocket [ConnectToDepthStream()] [future] error: Unable to read data from the transport connection: An existing connection was forcibly closed by the remote host.
10:54:41.360437> WebSocket [ConnectToDepthStream()] [future] error: Unable to write data to the transport connection: An existing connection was forcibly closed by the remote host.
10:54:47.443787> BinanceFuture - Vxxv1AWf[USD_M] Reconect to WebSocket #
10:54:47.443787> WebSocket [ConnectToDepthStream()] [Closed] [future] and reconnect again [during Task.Delay]..
10:54:50.553962> WebSocket connected! Start @depth [Future] process...
10:56:45.328545> WebSocket [ConnectToDepthStream()] [future] error: Unable to read data from the transport connection: An existing connection was forcibly closed by the remote host.
10:56:50.332847> BinanceFuture - Vxxv1AWf[USD_M] Reconect to WebSocket #
10:56:50.333879> WebSocket [ConnectToDepthStream()] [Closed] [future] and reconnect again [during Task.Delay]..
10:56:51.214881> WebSocket [ConnectToDepthStream()] [future] error: Unable to read data from the transport connection: An established connection was aborted by the software in your host machine.
10:56:51.471912> WebSocket connected! Start @depth [Future] process...
10:56:56.235172> BinanceFuture - Vxxv1AWf[USD_M] Reconect to WebSocket #
10:56:56.235172> WebSocket [ConnectToDepthStream()] [Closed] [future] and reconnect again [during Task.Delay]..
10:56:57.382256> WebSocket connected! Start @depth [Future] process...
11:01:58.478499> BinanceFuture - Vxxv1AWf[USD_M] Reconect to WebSocket #
11:01:58.478499> WebSocket [ConnectToDepthStream()] [Closed] [future] and reconnect again [during Task.Delay]..
11:01:59.609564> WebSocket connected! Start @depth [Future] process...
