12:26:16.216171> Binance - Vxxv1AWf[SPOT] SPOT Balance: 0.00000000 USDT
12:26:16.321176> WebSocket connected! Start @bookTicker [Future] process...
12:26:16.440184> WebSocket connected! Start @bookTicker ...
12:26:16.446183> WebSocket connected! Start Partial @depth20 [SPOT] process...
12:26:16.469182> Lenta has started...Start SubscribeToTradeStream @trade [{accType}] process...
12:26:16.529190> WebSocket connected! Start [SPOT] @depth@100ms process...
12:26:16.756200> WebSocket connected! Start Partial @depth20 [SPOT] process...
12:26:16.791210> Lenta has started...Start SubscribeToTradeStream @trade [{accType}] process...
12:26:16.965221> WebSocket connected! Start Partial @depth20 [Future] process...
12:26:16.967213> WebSocket connected! Start @depth [Future] process...
12:26:17.084221> Lenta has started...Start SubscribeToAggTradeStream @aggTrade [future] process...
12:26:17.118220> WebSocket connected! Start @bookTicker ...
12:26:17.512244> WebSocket connected! Start [SPOT] @depth@100ms process...
12:26:17.619251> WebSocket connected! Start @bookTicker [Future] process...
12:26:17.630251> Lenta has started...Start SubscribeToAggTradeStream @aggTrade [future] process...
12:26:17.769257> WebSocket connected! Start @depth [Future] process...
12:26:17.779258> WebSocket connected! Start Partial @depth20 [Future] process...
12:26:21.603476> BinanceFuture - Vxxv1AWf[USD_M] USD_M Balance: 0.07599264 USDT
12:27:16.953084> WebSocket connected! Start @bookTicker [Future] process...
12:27:17.467119> BinanceFuture - Vxxv1AWf[USD_M] The socket is connecting, cannot connect again!
12:27:18.085146> Lenta has started...Start SubscribeToAggTradeStream @aggTrade [future] process...
12:27:18.090146> WebSocket connected! Start Partial @depth20 [Future] process...
12:27:18.499170> WebSocket connected! Start Partial @depth20 [SPOT] process...
12:27:18.500171> Lenta has started...Start SubscribeToTradeStream @trade [{accType}] process...
12:27:18.907195> WebSocket connected! Start @depth [Future] process...
12:27:18.907195> WebSocket connected! Start [SPOT] @depth@100ms process...
12:27:19.196209> WebSocket connected! Start @bookTicker ...
12:29:04.978400> BinanceFuture - Vxxv1AWf[USD_M] Reconect to WebSocket #
12:29:04.979393> WebSocket [SubscribeBookTickerStream()] [Closed] [future] and reconnect again [during Task.Delay]..
