13:28:44.898223> WebSocket connected! Start @bookTicker ...
13:28:44.899224> WebSocket connected! Start Partial @depth20 [Future] process...
13:28:44.900224> WebSocket connected! Start Partial @depth20 [SPOT] process...
13:28:44.900224> WebSocket connected! Start @bookTicker [Future] process...
13:28:44.901224> Lenta has started...Start SubscribeToAggTradeStream @aggTrade [future] process...
13:28:44.902224> WebSocket connected! Start [SPOT] @depth@100ms process...
13:28:44.902224> WebSocket connected! Start @depth [Future] process...
13:28:44.902224> Lenta has started...Start SubscribeToTradeStream @trade [{accType}] process...
13:28:44.957227> Binance - Vxxv1AWf[SPOT] SPOT Balance: 0.00000000 USDT
13:28:45.306246> (Closing... Elapsted: 48525306 ms.)
13:28:45.308246> MarketDepth was closed by Custom!
13:28:45.309255> WebSocket connected! Start @bookTicker ...
13:28:45.312251> WebSocket connected! Start [SPOT] @depth@100ms process...
13:28:45.312251> Lenta has started...Start SubscribeToTradeStream @trade [{accType}] process...
13:28:45.426251> WebSocket connected! Start Partial @depth20 [SPOT] process...
13:28:45.737271> BinanceFuture - Vxxv1AWf[USD_M] USD_M Balance: 6.25838444 USDT
13:28:46.059289> Lenta has started...Start SubscribeToAggTradeStream @aggTrade [future] process...
13:28:46.060290> WebSocket connected! Start @depth [Future] process...
13:28:46.060290> WebSocket connected! Start Partial @depth20 [Future] process...
13:28:46.061289> WebSocket connected! Start @bookTicker [Future] process...
13:28:46.649321> WebSocket connected! Start @depth [Future] process...
