23:43:08.382072> Binance - Vxxv1AWf[SPOT] SPOT Balance: 0.00000000 USDT
23:43:08.762094> WebSocket connected! Start @bookTicker [Future] process...
23:43:08.777095> WebSocket connected! Start Partial @depth20 [Future] process...
23:43:08.779096> Lenta has started...Start SubscribeToAggTradeStream @aggTrade [future] process...
23:43:08.930102> WebSocket connected! Start Partial @depth20 [SPOT] process...
23:43:08.938105> WebSocket connected! Start Partial @depth20 [SPOT] process...
23:43:08.949112> WebSocket connected! Start [SPOT] @depth@100ms process...
23:43:08.959104> Lenta has started...Start SubscribeToTradeStream @trade [{accType}] process...
23:43:08.969105> WebSocket connected! Start @bookTicker ...
23:43:08.977105> Lenta has started...Start SubscribeToTradeStream @trade [{accType}] process...
23:43:09.204119> WebSocket connected! Start @depth [Future] process...
23:43:09.552140> WebSocket connected! Start Partial @depth20 [Future] process...
23:43:09.557139> WebSocket connected! Start @depth [Future] process...
23:43:09.558139> WebSocket connected! Start @bookTicker [Future] process...
23:43:09.775150> Lenta has started...Start SubscribeToAggTradeStream @aggTrade [future] process...
23:43:10.419862> WebSocket connected! Start [SPOT] @depth@100ms process...
23:43:10.848872> BinanceFuture - Vxxv1AWf[USD_M] USD_M Balance: 0.07599264 USDT
23:43:13.902527> WebSocket connected! Start @bookTicker ...
23:43:40.371917> BinanceFuture - Vxxv1AWf[USD_M] Reconect to WebSocket #
23:43:40.372909> WebSocket [SubscribeBookTickerStream()] [Closed] [future] and reconnect again [during Task.Delay]..
23:43:41.461059> WebSocket connected! Start @depth [Future] process...
23:52:10.188872> WebSocket [SubscribeBookTickerStream()] [future] error: Unable to read data from the transport connection: An existing connection was forcibly closed by the remote host.
23:52:15.192158> BinanceFuture - Vxxv1AWf[USD_M] Reconect to WebSocket #
23:52:15.210160> WebSocket [SubscribeBookTickerStream()] [Closed] [future] and reconnect again [during Task.Delay]..
23:52:25.623756> WebSocket connected! Start @depth [Future] process...
23:54:43.385658> BinanceFuture - Vxxv1AWf[USD_M] Reconect to WebSocket #
23:54:43.386656> WebSocket [ConnectToDepthStream()] [Closed] [future] and reconnect again [during Task.Delay]..
23:54:57.195446> WebSocket connected! Start @depth [Future] process...
23:55:10.380203> WebSocket [ConnectToDepthStream()] [future] error: Unable to read data from the transport connection: An existing connection was forcibly closed by the remote host.
23:55:15.482497> BinanceFuture - Vxxv1AWf[USD_M] Reconect to WebSocket #
23:55:15.489496> WebSocket [ConnectToDepthStream()] [Closed] [future] and reconnect again [during Task.Delay]..
23:55:20.546785> WebSocket connected! Start @depth [Future] process...
23:55:25.054045> BinanceFuture - Vxxv1AWf[USD_M] Reconect to WebSocket #
23:55:25.063046> WebSocket [ConnectToDepthStream()] [Closed] [future] and reconnect again [during Task.Delay]..
23:55:27.854206> WebSocket connected! Start @depth [Future] process...
23:55:33.350522> BinanceFuture - Vxxv1AWf[USD_M] Reconect to WebSocket #
23:55:33.351522> WebSocket [ConnectToDepthStream()] [Closed] [future] and reconnect again [during Task.Delay]..
23:55:35.736658> WebSocket connected! Start @depth [Future] process...
00:01:21.653494> WebSocket [ConnectToDepthStream()] [future] error: Unable to read data from the transport connection: An existing connection was forcibly closed by the remote host.
00:01:26.713782> BinanceFuture - Vxxv1AWf[USD_M] Reconect to WebSocket #
00:01:26.713782> WebSocket [ConnectToDepthStream()] [Closed] [future] and reconnect again [during Task.Delay]..
00:01:28.259872> WebSocket connected! Start @depth [Future] process...
00:01:54.264363> WebSocket [ConnectToDepthStream()] [future] error: Received an unexpected EOF or 0 bytes from the transport stream.
00:01:59.351653> BinanceFuture - Vxxv1AWf[USD_M] Reconect to WebSocket #
00:01:59.351653> WebSocket [ConnectToDepthStream()] [Closed] [future] and reconnect again [during Task.Delay]..
00:02:00.487717> WebSocket connected! Start @depth [Future] process...
00:02:03.916916> BinanceFuture - Vxxv1AWf[USD_M] Reconect to WebSocket #
00:02:03.916916> WebSocket [ConnectToDepthStream()] [Closed] [future] and reconnect again [during Task.Delay]..
00:02:05.356997> WebSocket connected! Start @depth [Future] process...
00:03:59.122522> WebSocket [ConnectToDepthStream()] [future] error: Unable to read data from the transport connection: An existing connection was forcibly closed by the remote host.
00:04:04.211812> BinanceFuture - Vxxv1AWf[USD_M] Reconect to WebSocket #
00:04:04.211812> WebSocket [ConnectToDepthStream()] [Closed] [future] and reconnect again [during Task.Delay]..
00:04:06.492943> WebSocket connected! Start @depth [Future] process...
00:07:14.311713> BinanceFuture - Vxxv1AWf[USD_M] Reconect to WebSocket #
00:07:14.314716> WebSocket [ConnectToDepthStream()] [Closed] [future] and reconnect again [during Task.Delay]..
00:07:15.639789> WebSocket connected! Start @depth [Future] process...
00:11:05.461040> BinanceFuture - Vxxv1AWf[USD_M] Reconect to WebSocket #
00:11:05.462044> WebSocket [ConnectToDepthStream()] [Closed] [future] and reconnect again [during Task.Delay]..
00:11:06.181081> WebSocket [ConnectToDepthStream()] [future] error: Unable to read data from the transport connection: An existing connection was forcibly closed by the remote host.
00:11:06.817125> WebSocket connected! Start @depth [Future] process...
00:11:11.228369> BinanceFuture - Vxxv1AWf[USD_M] Reconect to WebSocket #
00:11:11.233372> WebSocket [ConnectToDepthStream()] [Closed] [future] and reconnect again [during Task.Delay]..
00:11:12.507443> WebSocket connected! Start @depth [Future] process...
00:14:02.556193> WebSocket [ConnectToDepthStream()] [future] error: Unable to read data from the transport connection: An existing connection was forcibly closed by the remote host.
00:14:07.592482> BinanceFuture - Vxxv1AWf[USD_M] Reconect to WebSocket #
00:14:07.593481> WebSocket [ConnectToDepthStream()] [Closed] [future] and reconnect again [during Task.Delay]..
00:14:08.743548> WebSocket connected! Start @depth [Future] process...
00:16:16.149859> WebSocket [ConnectToDepthStream()] [future] error: Unable to read data from the transport connection: An existing connection was forcibly closed by the remote host.
00:16:21.231147> BinanceFuture - Vxxv1AWf[USD_M] Reconect to WebSocket #
00:16:21.233146> WebSocket [ConnectToDepthStream()] [Closed] [future] and reconnect again [during Task.Delay]..
00:16:22.383212> WebSocket connected! Start @depth [Future] process...
00:18:19.611942> WebSocket [ConnectToDepthStream()] [future] error: Received an unexpected EOF or 0 bytes from the transport stream.
00:18:24.750229> BinanceFuture - Vxxv1AWf[USD_M] Reconect to WebSocket #
00:18:24.752228> WebSocket [ConnectToDepthStream()] [Closed] [future] and reconnect again [during Task.Delay]..
00:18:26.104318> WebSocket connected! Start @depth [Future] process...
00:20:51.914664> WebSocket [ConnectToDepthStream()] [future] error: Received an unexpected EOF or 0 bytes from the transport stream.
00:20:57.043964> BinanceFuture - Vxxv1AWf[USD_M] Reconect to WebSocket #
00:20:57.043964> WebSocket [ConnectToDepthStream()] [Closed] [future] and reconnect again [during Task.Delay]..
00:20:58.254028> WebSocket connected! Start @depth [Future] process...
00:22:23.458914> WebSocket [ConnectToDepthStream()] [future] error: Unable to read data from the transport connection: An existing connection was forcibly closed by the remote host.
00:22:28.542206> BinanceFuture - Vxxv1AWf[USD_M] Reconect to WebSocket #
00:22:28.543207> WebSocket [ConnectToDepthStream()] [Closed] [future] and reconnect again [during Task.Delay]..
00:22:29.713274> WebSocket connected! Start @depth [Future] process...
00:23:08.323489> WebSocket [ConnectToDepthStream()] [future] error: Unable to read data from the transport connection: An existing connection was forcibly closed by the remote host.
00:23:13.498782> BinanceFuture - Vxxv1AWf[USD_M] Reconect to WebSocket #
00:23:13.499782> WebSocket [ConnectToDepthStream()] [Closed] [future] and reconnect again [during Task.Delay]..
00:23:14.922865> WebSocket connected! Start @depth [Future] process...
00:23:25.974509> WebSocket [ConnectToDepthStream()] [future] error: Received an unexpected EOF or 0 bytes from the transport stream.
00:23:31.116828> BinanceFuture - Vxxv1AWf[USD_M] Reconect to WebSocket #
00:23:31.116828> WebSocket [ConnectToDepthStream()] [Closed] [future] and reconnect again [during Task.Delay]..
00:23:32.568880> WebSocket connected! Start @depth [Future] process...
