17:40:58.237635> Binance - Vxxv1AWf[MARGIN] MARGIN Balance: 0.56061397 USDT
17:40:58.740519> WebSocket connected! Start Partial @depth20 [Future] process...
17:40:58.740519> WebSocket connected! Start @depth [Future] process...
17:40:58.743520> Lenta has started...Start SubscribeToTradeStream @trade [{accType}] process...
17:40:58.779521> WebSocket connected! Start @bookTicker [Future] process...
17:40:58.801521> WebSocket connected! Start [MARGIN] @depth@100ms process...
17:40:58.866526> WebSocket connected! Start Partial @depth20 [MARGIN] process...
17:40:58.867526> WebSocket connected! Start @bookTicker ...
17:40:58.868525> Lenta has started...Start SubscribeToAggTradeStream @aggTrade [future] process...
17:44:14.321791> WebSocket connected! Start @bookTicker ...
17:44:17.182954> WebSocket connected! Start [MARGIN] @depth@100ms process...
17:44:17.208954> BinanceFuture - Vxxv1AWf[USD_M] USD_M Balance: 0 USDT
17:44:17.231956> WebSocket connected! Start Partial @depth20 [MARGIN] process...
17:44:17.233958> Lenta has started...Start SubscribeToTradeStream @trade [{accType}] process...
17:44:17.822990> WebSocket connected! Start Partial @depth20 [Future] process...
17:44:17.831990> WebSocket connected! Start @bookTicker [Future] process...
17:44:17.836009> Lenta has started...Start SubscribeToAggTradeStream @aggTrade [future] process...
17:44:17.839991> WebSocket connected! Start @depth [Future] process...
17:44:18.512030> WebSocket [ConnectToDepthStream()] [future] error: Received an unexpected EOF or 0 bytes from the transport stream.
17:44:23.548320> BinanceFuture - Vxxv1AWf[USD_M] Reconect to WebSocket #
17:44:23.859338> WebSocket [ConnectToDepthStream()] [Closed] [future] and reconnect again [during Task.Delay]..
17:44:26.387480> WebSocket connected! Start @depth [Future] process...
17:44:26.874508> BinanceFuture - Vxxv1AWf[USD_M] Reconect to WebSocket #
17:44:27.163526> WebSocket [SubscribePartialDepthStream()] [Closed] [future] and reconnect again [during Task.Delay]..
17:44:29.339649> WebSocket connected! Start @depth [Future] process...
17:44:39.415280> BinanceFuture - Vxxv1AWf[USD_M] Reconect to WebSocket #
17:44:39.417264> WebSocket [SubscribeBookTickerStream()] [Closed] [future] and reconnect again [during Task.Delay]..
17:44:40.633345> WebSocket connected! Start @depth [Future] process...
17:53:41.470960> WebSocket [ConnectToDepthStream()] [future] error: Unable to read data from the transport connection: An existing connection was forcibly closed by the remote host.
17:53:46.484246> BinanceFuture - Vxxv1AWf[USD_M] Reconect to WebSocket #
17:53:46.484246> WebSocket [ConnectToDepthStream()] [Closed] [future] and reconnect again [during Task.Delay]..
17:53:49.091396> WebSocket connected! Start @depth [Future] process...
