22:40:01.510863> Binance - Vxxv1AWf[SPOT] SPOT Balance: 0.00000000 USDT
22:40:01.690871> WebSocket connected! Start @bookTicker [Future] process...
22:40:01.696871> Lenta has started...Start SubscribeToAggTradeStream @aggTrade [future] process...
22:40:01.697871> WebSocket connected! Start @depth [Future] process...
22:40:01.697871> WebSocket connected! Start Partial @depth20 [Future] process...
22:40:01.709871> WebSocket connected! Start [SPOT] @depth@100ms process...
22:40:01.711871> Lenta has started...Start SubscribeToTradeStream @trade [{accType}] process...
22:40:01.717871> WebSocket connected! Start @bookTicker ...
22:40:01.721871> WebSocket connected! Start Partial @depth20 [SPOT] process...
22:40:01.772875> (Closing... Elapsted: 81601772 ms.)
22:40:01.774875> BookTicker was closed by Custom!
22:40:01.808876> (Closing... Elapsted: 81601808 ms.)
22:40:01.809877> MarketDepth was closed by Custom!
22:40:02.006889> (Closing... Elapsted: 81602006 ms.)
22:40:02.033890> AggTrade was closed by Custom!
22:40:02.045890> Lenta has started...Start SubscribeToTradeStream @trade [{accType}] process...
22:40:02.070892> WebSocket connected! Start @bookTicker ...
22:40:02.076893> WebSocket connected! Start Partial @depth20 [SPOT] process...
22:40:02.119894> WebSocket connected! Start [SPOT] @depth@100ms process...
22:40:02.288913> WebSocket connected! Start Partial @depth20 [Future] process...
22:40:02.343911> WebSocket connected! Start @bookTicker [Future] process...
22:40:02.346907> BinanceFuture - Vxxv1AWf[USD_M] USD_M Balance: 6.25838444 USDT
22:40:02.844980> WebSocket connected! Start @bookTicker [Future] process...
22:40:02.850939> WebSocket connected! Start @depth [Future] process...
22:40:03.084949> Lenta has started...Start SubscribeToAggTradeStream @aggTrade [future] process...
