17:19:32.903535> WebSocket connected! Start Partial @depth20 [Future] process...
17:19:32.903535> WebSocket connected! Start [MARGIN] @depth@100ms process...
17:19:33.122549> WebSocket connected! Start Partial @depth20 [MARGIN] process...
17:19:33.198565> Lenta has started...Start SubscribeToAggTradeStream @aggTrade [future] process...
17:19:33.247556> Lenta has started...Start SubscribeToTradeStream @trade [{accType}] process...
17:19:33.249555> WebSocket connected! Start Partial @depth20 [MARGIN] process...
17:19:33.312559> WebSocket connected! Start @depth [Future] process...
17:19:33.408563> Lenta has started...Start SubscribeToTradeStream @trade [{accType}] process...
17:19:33.410565> WebSocket connected! Start [MARGIN] @depth@100ms process...
17:19:33.496571> Lenta has started...Start SubscribeToAggTradeStream @aggTrade [future] process...
17:19:33.610577> Binance - Vxxv1AWf[MARGIN] MARGIN Balance: 0.52038118 USDT
17:19:33.807590> WebSocket connected! Start Partial @depth20 [Future] process...
17:19:33.809587> WebSocket connected! Start @depth [Future] process...
17:19:34.090605> BinanceFuture - Vxxv1AWf[USD_M] USD_M Balance: 0.66986043 USDT
17:21:34.883373> WebSocket [ConnectToDepthStream()] [future] error: Unable to read data from the transport connection: An existing connection was forcibly closed by the remote host.
17:21:34.892375> WebSocket [ConnectToDepthStream()] [Closed] [future] and reconnect again..
17:21:43.818342> BinanceFuture - Vxxv1AWf[USD_M] Reconect to WebSocket #
17:21:43.818342> WebSocket [ConnectToDepthStream()] [Closed] [future] and reconnect again [during Task.Delay]..
17:21:45.735549> WebSocket connected! Start @depth [Future] process...
17:21:51.492531> WebSocket connected! Start @depth [Future] process...
17:22:01.337901> WebSocket [ConnectToDepthStream()] [future] error: Unable to read data from the transport connection: An existing connection was forcibly closed by the remote host.
17:22:01.338901> WebSocket [ConnectToDepthStream()] [Closed] [future] and reconnect again..
17:22:06.014776> WebSocket connected! Start @depth [Future] process...
17:22:07.033278> BinanceFuture - Vxxv1AWf[USD_M] Reconect to WebSocket #
17:22:07.034279> WebSocket [ConnectToDepthStream()] [Closed] [future] and reconnect again [during Task.Delay]..
17:22:11.813298> WebSocket connected! Start @depth [Future] process...
17:23:31.038404> WebSocket [ConnectToDepthStream()] [Closed] [future] and reconnect again..
17:23:31.117407> WebSocket [ConnectToDepthStream()] [future] error: Received an unexpected EOF or 0 bytes from the transport stream.
17:23:31.117407> WebSocket [ConnectToDepthStream()] [Closed] [future] and reconnect again..
17:23:31.372422> WebSocket [ConnectToDepthStream()] [Closed] [future] and reconnect again..
17:23:33.064523> WebSocket connected! Start @depth [Future] process...
17:23:33.350536> WebSocket connected! Start @depth [Future] process...
17:23:33.547549> WebSocket connected! Start @depth [Future] process...
17:23:36.052692> BinanceFuture - Vxxv1AWf[USD_M] Reconect to WebSocket #
17:23:36.063692> WebSocket [ConnectToDepthStream()] [Closed] [future] and reconnect again [during Task.Delay]..
17:23:36.339713> BinanceFuture - Vxxv1AWf[USD_M] Reconect to WebSocket #
17:23:36.400711> WebSocket [ConnectToDepthStream()] [Closed] [future] and reconnect again [during Task.Delay]..
17:23:36.393717> BinanceFuture - Vxxv1AWf[USD_M] Reconect to WebSocket #
17:23:36.498715> WebSocket [ConnectToDepthStream()] [Closed] [future] and reconnect again [during Task.Delay]..
17:23:37.884797> WebSocket connected! Start @depth [Future] process...
17:23:38.097809> WebSocket connected! Start @depth [Future] process...
17:23:38.373827> WebSocket connected! Start @depth [Future] process...
17:23:49.665473> WebSocket connected! Start Partial @depth20 [MARGIN] process...
17:23:49.665473> Lenta has started...Start SubscribeToTradeStream @trade [{accType}] process...
17:23:52.306622> Lenta has started...Start SubscribeToTradeStream @trade [{accType}] process...
17:23:52.330623> Binance - Vxxv1AWf[MARGIN] MARGIN Balance: 0.52189513 USDT
17:23:52.522636> WebSocket connected! Start [MARGIN] @depth@100ms process...
17:23:52.527636> WebSocket connected! Start Partial @depth20 [MARGIN] process...
17:23:52.793650> BinanceFuture - Vxxv1AWf[USD_M] USD_M Balance: 0.66986043 USDT
17:23:53.186675> WebSocket connected! Start @depth [Future] process...
17:23:53.948716> WebSocket connected! Start @depth [Future] process...
17:23:53.981719> WebSocket connected! Start Partial @depth20 [Future] process...
17:23:53.982719> WebSocket connected! Start [MARGIN] @depth@100ms process...
17:23:54.025047> Lenta has started...Start SubscribeToTradeStream @trade [{accType}] process...
17:23:54.042729> Lenta has started...Start SubscribeToAggTradeStream @aggTrade [future] process...
17:23:54.437746> WebSocket connected! Start Partial @depth20 [MARGIN] process...
17:23:54.717762> BinanceFuture - Vxxv1AWf[USD_M] Reconect to WebSocket #
17:23:54.717762> WebSocket [ConnectToDepthStream()] [Closed] [future] and reconnect again [during Task.Delay]..
17:23:56.677873> WebSocket connected! Start @depth [Future] process...
17:23:56.709893> Lenta has started...Start SubscribeToAggTradeStream @aggTrade [future] process...
17:23:56.710876> WebSocket connected! Start Partial @depth20 [Future] process...
17:23:57.127899> BinanceFuture - Vxxv1AWf[USD_M] USD_M Balance: 0.66986043 USDT
17:23:58.005950> WebSocket connected! Start @depth [Future] process...
