18:29:27.788204> WebSocket connected! Start [MARGIN] @depth@100ms process...
18:29:27.788204> WebSocket connected! Start @depth [Future] process...
18:29:27.836207> Binance - Vxxv1AWf[MARGIN] MARGIN Balance: 0.52543347 USDT
18:29:27.858208> WebSocket connected! Start Partial @depth20 [MARGIN] process...
18:29:28.044221> WebSocket connected! Start Partial @depth20 [MARGIN] process...
18:29:28.056220> Lenta has started...Start SubscribeToTradeStream @trade [{accType}] process...
18:29:28.116222> WebSocket connected! Start Partial @depth20 [Future] process...
18:29:28.120222> Lenta has started...Start SubscribeToTradeStream @trade [{accType}] process...
18:29:28.129223> Lenta has started...Start SubscribeToAggTradeStream @aggTrade [future] process...
18:29:28.596933> WebSocket connected! Start @depth [Future] process...
18:29:28.642926> WebSocket connected! Start Partial @depth20 [Future] process...
18:29:28.698931> WebSocket connected! Start [MARGIN] @depth@100ms process...
18:29:28.994955> Lenta has started...Start SubscribeToAggTradeStream @aggTrade [future] process...
18:29:29.637908> BinanceFuture - Vxxv1AWf[USD_M] USD_M Balance: 0.66986043 USDT
18:29:41.779177> WebSocket connected! Start [MARGIN] @depth@100ms process...
18:29:41.846189> WebSocket connected! Start Partial @depth20 [MARGIN] process...
18:29:41.864183> WebSocket connected! Start Partial @depth20 [Future] process...
18:29:42.102194> Lenta has started...Start SubscribeToTradeStream @trade [{accType}] process...
18:29:42.105203> Lenta has started...Start SubscribeToAggTradeStream @aggTrade [future] process...
18:29:42.152201> WebSocket connected! Start @depth [Future] process...
18:29:42.427211> WebSocket connected! Start [MARGIN] @depth@100ms process...
18:29:42.428209> Lenta has started...Start SubscribeToTradeStream @trade [{accType}] process...
18:29:42.473212> Binance - Vxxv1AWf[MARGIN] MARGIN Balance: 0.52512554 USDT
18:29:42.639222> Lenta has started...Start SubscribeToAggTradeStream @aggTrade [future] process...
18:29:42.707238> WebSocket connected! Start Partial @depth20 [Future] process...
18:29:42.818233> WebSocket connected! Start Partial @depth20 [MARGIN] process...
18:29:42.960238> WebSocket connected! Start @depth [Future] process...
18:29:43.597842> BinanceFuture - Vxxv1AWf[USD_M] USD_M Balance: 0.66986043 USDT
18:32:45.208563> WebSocket [ConnectToDepthStream()] [future] error: Unable to read data from the transport connection: An existing connection was forcibly closed by the remote host.
18:32:45.209562> WebSocket [ConnectToDepthStream()] [Closed] [future] and reconnect again..
18:32:46.497639> WebSocket [ConnectToDepthStream()] [future] error: Unable to read data from the transport connection: An existing connection was forcibly closed by the remote host.
18:32:46.651645> WebSocket [ConnectToDepthStream()] [Closed] [future] and reconnect again..
18:32:48.363744> WebSocket connected! Start @depth [Future] process...
18:32:49.547813> WebSocket connected! Start @depth [Future] process...
18:32:50.440862> BinanceFuture - Vxxv1AWf[USD_M] Reconect to WebSocket #
18:32:50.441864> WebSocket [ConnectToDepthStream()] [Closed] [future] and reconnect again [during Task.Delay]..
18:32:51.764940> BinanceFuture - Vxxv1AWf[USD_M] Reconect to WebSocket #
18:32:51.764940> WebSocket [ConnectToDepthStream()] [Closed] [future] and reconnect again [during Task.Delay]..
18:32:52.948008> WebSocket connected! Start @depth [Future] process...
18:32:53.818057> WebSocket connected! Start @depth [Future] process...
18:33:30.664169> WebSocket [ConnectToDepthStream()] [future] error: Unable to read data from the transport connection: An existing connection was forcibly closed by the remote host.
18:33:30.693171> WebSocket [ConnectToDepthStream()] [Closed] [future] and reconnect again..
18:33:30.958186> WebSocket [ConnectToDepthStream()] [future] error: Unable to read data from the transport connection: An existing connection was forcibly closed by the remote host.
18:33:30.975186> WebSocket [ConnectToDepthStream()] [Closed] [future] and reconnect again..
18:33:34.166368> WebSocket connected! Start @depth [Future] process...
18:33:34.810406> WebSocket connected! Start @depth [Future] process...
18:33:35.705457> BinanceFuture - Vxxv1AWf[USD_M] Reconect to WebSocket #
18:33:35.709457> WebSocket [ConnectToDepthStream()] [Closed] [future] and reconnect again [during Task.Delay]..
18:33:36.261488> BinanceFuture - Vxxv1AWf[USD_M] Reconect to WebSocket #
18:33:36.262487> WebSocket [ConnectToDepthStream()] [Closed] [future] and reconnect again [during Task.Delay]..
18:33:38.953642> WebSocket connected! Start @depth [Future] process...
18:33:39.364668> WebSocket connected! Start @depth [Future] process...
18:33:50.845325> WebSocket [ConnectToDepthStream()] [future] error: Unable to read data from the transport connection: An existing connection was forcibly closed by the remote host.
18:33:50.926329> WebSocket [ConnectToDepthStream()] [Closed] [future] and reconnect again..
18:33:53.585483> WebSocket connected! Start @depth [Future] process...
18:33:53.708490> WebSocket [ConnectToDepthStream()] [future] error: Unable to read data from the transport connection: An existing connection was forcibly closed by the remote host.
18:33:53.725489> WebSocket [ConnectToDepthStream()] [Closed] [future] and reconnect again..
18:33:57.080687> BinanceFuture - Vxxv1AWf[USD_M] Reconect to WebSocket #
18:33:57.081683> WebSocket [ConnectToDepthStream()] [Closed] [future] and reconnect again [during Task.Delay]..
18:33:57.929731> WebSocket connected! Start @depth [Future] process...
18:33:58.975792> BinanceFuture - Vxxv1AWf[USD_M] Reconect to WebSocket #
18:33:58.986791> WebSocket [ConnectToDepthStream()] [Closed] [future] and reconnect again [during Task.Delay]..
18:34:01.380930> WebSocket connected! Start @depth [Future] process...
18:34:02.201978> WebSocket connected! Start @depth [Future] process...
18:34:49.341680> WebSocket [ConnectToDepthStream()] [future] error: Unable to write data to the transport connection: An existing connection was forcibly closed by the remote host.
18:34:49.341680> WebSocket [ConnectToDepthStream()] [Closed] [future] and reconnect again..
18:34:54.492978> BinanceFuture - Vxxv1AWf[USD_M] Reconect to WebSocket #
18:34:54.493975> WebSocket [ConnectToDepthStream()] [Closed] [future] and reconnect again [during Task.Delay]..
18:34:56.455086> WebSocket connected! Start @depth [Future] process...
18:34:57.433144> WebSocket [ConnectToDepthStream()] [future] error: Unable to read data from the transport connection: An existing connection was forcibly closed by the remote host.
18:34:57.434144> WebSocket [ConnectToDepthStream()] [Closed] [future] and reconnect again..
18:34:58.528205> Unable to read data from the transport connection: An existing connection was forcibly closed by the remote host.
18:34:58.528205> WebSocket [SubscribeToAggTradeStream()] [Closed] [future] and reconnect again..
18:35:01.203359> WebSocket connected! Start @depth [Future] process...
18:35:01.251363> WebSocket connected! Start @depth [Future] process...
18:35:01.928401> Lenta has started...Start SubscribeToAggTradeStream @aggTrade [future] process...
18:35:02.492435> BinanceFuture - Vxxv1AWf[USD_M] Reconect to WebSocket #
18:35:02.493435> WebSocket [ConnectToDepthStream()] [Closed] [future] and reconnect again [during Task.Delay]..
18:35:03.689502> BinanceFuture - Vxxv1AWf[USD_M] Reconect to WebSocket #
18:35:03.690503> WebSocket [SubscribeToAggTradeStream()] [Closed] [future] and reconnect again [with Task.Delay]..
18:35:05.893634> Unable to read data from the transport connection: An existing connection was forcibly closed by the remote host.
18:35:05.894633> WebSocket [SubscribeToAggTradeStream()] [Closed] [future] and reconnect again..
18:35:07.489719> WebSocket connected! Start @depth [Future] process...
18:35:08.857800> Lenta has started...Start SubscribeToAggTradeStream @aggTrade [future] process...
18:35:10.276879> Lenta has started...Start SubscribeToAggTradeStream @aggTrade [future] process...
18:35:11.418949> BinanceFuture - Vxxv1AWf[USD_M] Reconect to WebSocket #
18:35:11.419947> WebSocket [SubscribeToAggTradeStream()] [Closed] [future] and reconnect again [with Task.Delay]..
18:35:17.308284> Lenta has started...Start SubscribeToAggTradeStream @aggTrade [future] process...
18:35:26.553813> Unable to read data from the transport connection: An existing connection was forcibly closed by the remote host.
18:35:27.266855> WebSocket [SubscribeToAggTradeStream()] [Closed] [future] and reconnect again..
18:35:32.282142> BinanceFuture - Vxxv1AWf[USD_M] Reconect to WebSocket #
18:35:32.283142> WebSocket [SubscribeToAggTradeStream()] [Closed] [future] and reconnect again [with Task.Delay]..
18:35:33.519212> Lenta has started...Start SubscribeToAggTradeStream @aggTrade [future] process...
