15:07:17.811446> WebSocket connected! Start @depth [Future] process...
15:07:17.919449> Lenta has started...Start SubscribeToAggTradeStream @aggTrade [future] process...
15:07:18.124461> WebSocket connected! Start @bookTicker ...
15:07:18.142461> Lenta has started...Start SubscribeToTradeStream @trade [{accType}] process...
15:07:18.149466> WebSocket connected! Start Partial @depth20 [SPOT] process...
15:07:18.158466> WebSocket connected! Start @bookTicker [Future] process...
15:07:18.164465> WebSocket connected! Start @bookTicker ...
15:07:18.179465> WebSocket connected! Start Partial @depth20 [SPOT] process...
15:07:18.350477> WebSocket connected! Start Partial @depth20 [Future] process...
15:07:18.396479> WebSocket connected! Start @bookTicker [Future] process...
15:07:18.396479> Lenta has started...Start SubscribeToAggTradeStream @aggTrade [future] process...
15:07:18.407485> WebSocket connected! Start [SPOT] @depth@100ms process...
15:07:18.410481> Lenta has started...Start SubscribeToTradeStream @trade [{accType}] process...
15:07:18.411489> WebSocket connected! Start [SPOT] @depth@100ms process...
15:07:18.460483> WebSocket connected! Start @depth [Future] process...
15:07:18.409483> WebSocket connected! Start Partial @depth20 [Future] process...
15:07:18.648493> Binance - Vxxv1AWf[SPOT] SPOT Balance: 0.00000000 USDT
15:07:18.925513> BinanceFuture - Vxxv1AWf[USD_M] USD_M Balance: 84.59335425 USDT
15:09:55.863164> BinanceFuture - Vxxv1AWf[USD_M] Reconect to WebSocket #
15:09:55.864155> WebSocket [SubscribeBookTickerStream()] [Closed] [future] and reconnect again [during Task.Delay]..
15:09:56.948933> WebSocket connected! Start @depth [Future] process...
15:09:58.246182> BinanceFuture - Vxxv1AWf[USD_M] Reconect to WebSocket #
15:09:58.246182> WebSocket [SubscribeBookTickerStream()] [Closed] [future] and reconnect again [during Task.Delay]..
15:09:59.291443> WebSocket connected! Start @depth [Future] process...
