19:08:47.797262> Binance - Vxxv1AWf[SPOT] SPOT Balance: 0.00000000 USDT
19:08:48.773315> WebSocket connected! Start [SPOT] @depth@100ms process...
19:08:48.774327> Lenta has started...Start SubscribeToTradeStream @trade [{accType}] process...
19:08:48.775320> WebSocket connected! Start Partial @depth20 [SPOT] process...
19:08:48.776320> WebSocket connected! Start Partial @depth20 [Future] process...
19:08:48.777327> WebSocket connected! Start Partial @depth20 [SPOT] process...
19:08:48.779328> Lenta has started...Start SubscribeToAggTradeStream @aggTrade [future] process...
19:08:48.781323> WebSocket connected! Start @depth [Future] process...
19:08:48.798327> WebSocket connected! Start [SPOT] @depth@100ms process...
19:08:48.902321> Lenta has started...Start SubscribeToTradeStream @trade [{accType}] process...
19:08:49.060333> WebSocket connected! Start @depth [Future] process...
19:08:49.066334> WebSocket connected! Start Partial @depth20 [Future] process...
19:08:49.067333> Lenta has started...Start SubscribeToAggTradeStream @aggTrade [future] process...
19:08:49.085333> BinanceFuture - Vxxv1AWf[USD_M] USD_M Balance: 256.02719561 USDT
19:12:01.999053>  DevBUY (+): 40.37000000 avgGapBuy:50.32000000 
19:34:27.582623>  DevSELL (+): -43.27120000 avgGapSell:38.78120000 
19:34:40.339931>  DevSELL (+): -26.48120000 avgGapSell:38.78120000 
19:39:52.211625>  DevSELL (+): -81.40460000 avgGapSell:38.50460000 
19:39:53.757733>  DevSELL (-): -28.80460000 avgGapSell:38.50460000 
19:43:49.362727>  DevBUY (+): 29.39900000 avgGapBuy:38.59100000 
19:43:54.426016>  DevSELL (+): -29.10460000 avgGapSell:38.50460000 
19:50:28.608932> Ask error : The given key was not present in the dictionary.
19:56:46.734358>  DevSELL (+): -25.46050000 avgGapSell:40.27050000 
19:58:33.541259>  DevSELL (+): -28.14050000 avgGapSell:40.27050000 
20:05:47.753348>  DevSELL (+): -33.12390000 avgGapSell:35.72390000 
20:14:14.822109>  DevBUY (+): 28.18710000 avgGapBuy:32.42290000 
20:14:44.098789>  DevBUY (+): 25.36710000 avgGapBuy:32.42290000 
20:16:00.452946>  DevBUY (+): 31.18710000 avgGapBuy:32.42290000 
20:28:08.883605>  DevBUY (+): 40.32770000 avgGapBuy:37.59230000 
20:38:54.956592>  DevBUY (+): 26.02070000 avgGapBuy:38.15930000 
20:39:15.156943>  DevBUY (+): 27.94070000 avgGapBuy:38.15930000 
20:53:14.020276>  DevBUY (+): 27.57720000 avgGapBuy:42.32280000 
21:04:09.248724>  DevBUY (-): 28.65280000 avgGapBuy:42.73720000 
21:17:41.910338>  DevSELL (+): -37.51550000 avgGapSell:42.39550000 
21:33:10.674483>  DevBUY (+): 33.85530000 avgGapBuy:45.46470000 
21:33:11.154509>  DevBUY (+): 53.55530000 avgGapBuy:45.46470000 
21:33:41.246985>  DevSELL (+): -28.37560000 avgGapSell:45.37560000 
21:34:47.934616>  DevBUY (+): 72.83530000 avgGapBuy:45.46470000 
21:34:48.580642>  DevBUY (-): 32.83530000 avgGapBuy:45.46470000 
21:35:45.196889>  DevBUY (+): 31.74530000 avgGapBuy:45.46470000 
21:36:13.284733>  DevBUY (+): 26.27530000 avgGapBuy:45.46470000 
21:38:06.100310>  DevBUY (+): 26.52530000 avgGapBuy:45.46470000 
21:45:46.200914>  DevBUY (+): 29.49390000 avgGapBuy:49.88610000 
21:47:59.205500>  DevBUY (+): 78.10390000 avgGapBuy:49.88610000 
21:47:59.540520>  DevBUY (-): 36.11390000 avgGapBuy:49.88610000 
21:49:25.977293>  DevBUY (+): 28.36050000 avgGapBuy:50.62950000 
21:49:26.519335>  DevBUY (+): 34.96050000 avgGapBuy:50.62950000 
21:51:50.517583>  DevBUY (+): 27.27050000 avgGapBuy:50.62950000 
21:52:25.023579>  DevBUY (+): 26.97050000 avgGapBuy:50.62950000 
21:52:31.660942>  DevBUY (-): 29.17050000 avgGapBuy:50.62950000 
21:52:32.215969>  DevBUY (+): 41.57050000 avgGapBuy:50.62950000 
21:52:53.940219>  DevBUY (+): 31.66050000 avgGapBuy:50.62950000 
21:52:54.547255>  DevBUY (+): 34.56050000 avgGapBuy:50.62950000 
21:53:20.483741>  DevBUY (+): 61.16050000 avgGapBuy:50.62950000 
21:53:24.633976>  DevBUY (-): 33.71050000 avgGapBuy:50.62950000 
21:53:31.720382>  DevBUY (-): 33.87050000 avgGapBuy:50.62950000 
21:53:37.301704>  DevBUY (-): 43.33050000 avgGapBuy:50.62950000 
21:54:13.109759>  DevBUY (+): 28.97050000 avgGapBuy:50.62950000 
21:54:14.498839>  DevBUY (+): 34.91050000 avgGapBuy:50.62950000 
21:54:17.365002>  DevBUY (-): 25.39050000 avgGapBuy:50.62950000 
21:54:20.494182>  DevBUY (+): 36.35050000 avgGapBuy:50.62950000 
21:54:20.639189>  DevBUY (-): 25.99050000 avgGapBuy:50.62950000 
21:54:21.525241>  DevBUY (+): 44.39050000 avgGapBuy:50.62950000 
21:54:21.668246>  DevBUY (-): 29.77050000 avgGapBuy:50.62950000 
21:54:22.815317>  DevBUY (-): 30.90050000 avgGapBuy:50.62950000 
21:54:23.555355>  DevBUY (+): 50.40050000 avgGapBuy:50.62950000 
21:54:23.633361>  DevBUY (-): 35.27050000 avgGapBuy:50.62950000 
21:54:24.737423>  DevBUY (-): 42.28050000 avgGapBuy:50.62950000 
21:54:25.354459>  DevBUY (+): 52.88050000 avgGapBuy:50.62950000 
21:54:39.565276>  DevBUY (-): 25.06050000 avgGapBuy:50.62950000 
21:54:42.825461>  DevBUY (+): 29.25050000 avgGapBuy:50.62950000 
21:54:43.380495>  DevBUY (+): 32.15050000 avgGapBuy:50.62950000 
21:55:03.194630>  DevBUY (+): 28.10050000 avgGapBuy:50.62950000 
21:55:12.830184>  DevBUY (-): 31.24050000 avgGapBuy:50.62950000 
21:55:14.372271>  DevBUY (+): 26.65050000 avgGapBuy:50.62950000 
21:55:20.549648>  DevBUY (+): 38.65050000 avgGapBuy:50.62950000 
