13:01:38.239356> WebSocket connected! Start [SPOT] @depth@100ms process...
13:01:38.539378> Lenta has started...Start SubscribeToTradeStream @trade [{accType}] process...
13:01:38.774385> WebSocket connected! Start [SPOT] @depth@100ms process...
13:01:38.842394> WebSocket connected! Start @bookTicker [Future] process...
13:01:39.133399> Lenta has started...Start SubscribeToTradeStream @trade [{accType}] process...
13:01:39.408467> WebSocket connected! Start Partial @depth20 [SPOT] process...
13:01:39.598478> WebSocket connected! Start @bookTicker ...
13:01:39.624465> WebSocket connected! Start Partial @depth20 [Future] process...
13:01:39.762473> Binance - Vxxv1AWf[SPOT] SPOT Balance: 0.00000000 USDT
13:01:39.778473> WebSocket connected! Start @bookTicker ...
13:01:40.441957> Lenta has started...Start SubscribeToAggTradeStream @aggTrade [future] process...
13:01:41.340890> WebSocket connected! Start @bookTicker [Future] process...
13:01:43.017333> WebSocket connected! Start Partial @depth20 [Future] process...
13:01:43.194342> WebSocket connected! Start @depth [Future] process...
13:01:43.604542> Lenta has started...Start SubscribeToAggTradeStream @aggTrade [future] process...
13:01:46.332206> WebSocket connected! Start @depth [Future] process...
13:01:52.168815> BinanceFuture - Vxxv1AWf[USD_M] USD_M Balance: 0.00271518 USDT
13:01:54.478699> WebSocket connected! Start Partial @depth20 [SPOT] process...
13:02:54.989009> BinanceFuture - Vxxv1AWf[USD_M] Reconect SubscribeBookTickerStream WebSocket #
13:02:54.991006> WebSocket [SubscribeBookTickerStream()] [Closed] [future] and reconnect again [during Task.Delay]..
13:02:56.401028> WebSocket connected! Start @bookTicker [Future] process...
13:03:43.772225> BinanceFuture - Vxxv1AWf[USD_M] Reconect SubscribeBookTickerStream WebSocket #
13:03:43.773207> WebSocket [SubscribeBookTickerStream()] [Closed] [future] and reconnect again [during Task.Delay]..
13:03:47.833891> WebSocket connected! Start @bookTicker [Future] process...
13:03:49.765999> BinanceFuture - Vxxv1AWf[USD_M] Reconect SubscribeBookTickerStream WebSocket #
13:03:49.769004> WebSocket [SubscribeBookTickerStream()] [Closed] [future] and reconnect again [during Task.Delay]..
13:03:51.766114> WebSocket connected! Start @bookTicker [Future] process...
