11:58:21.268279> Binance - Vxxv1AWf[SPOT] SPOT Balance: 0.00000000 USDT
11:58:21.434286> Lenta has started...Start SubscribeToAggTradeStream @aggTrade [future] process...
11:58:21.442288> WebSocket connected! Start @bookTicker [Future] process...
11:58:21.442288> Lenta has started...Start SubscribeToTradeStream @trade [{accType}] process...
11:58:21.450288> WebSocket connected! Start [SPOT] @depth@100ms process...
11:58:21.453289> WebSocket connected! Start @depth [Future] process...
11:58:21.461295> WebSocket connected! Start Partial @depth20 [Future] process...
11:58:21.500291> Lenta has started...Start SubscribeToTradeStream @trade [{accType}] process...
11:58:21.505291> WebSocket connected! Start @bookTicker ...
11:58:21.554296> (Closing... Elapsted: 43101554 ms.)
11:58:21.556294> WebSocket connected! Start Partial @depth20 [SPOT] process...
11:58:21.562295> (Closing... Elapsted: 43101562 ms.)
11:58:21.570296> AggTrade was closed by Custom!
11:58:21.574306> (Closing... Elapsted: 43101574 ms.)
11:58:21.575295> MarketDepth was closed by Custom!
11:58:21.618299> BookTicker was closed by Custom!
11:58:21.884322> WebSocket connected! Start @bookTicker ...
11:58:21.895331> WebSocket connected! Start [SPOT] @depth@100ms process...
11:58:22.037322> WebSocket connected! Start Partial @depth20 [Future] process...
11:58:22.649530> WebSocket connected! Start @depth [Future] process...
11:58:22.732528> WebSocket connected! Start @depth [Future] process...
11:58:23.075707> Lenta has started...Start SubscribeToAggTradeStream @aggTrade [future] process...
11:58:23.686872> WebSocket connected! Start @bookTicker [Future] process...
11:58:24.449432> WebSocket connected! Start Partial @depth20 [SPOT] process...
11:58:28.007032> BinanceFuture - Vxxv1AWf[USD_M] USD_M Balance: 6.25838444 USDT
11:59:33.063520> BinanceFuture - Vxxv1AWf[USD_M] Reconect to WebSocket #
11:59:33.064513> WebSocket [SubscribeBookTickerStream()] [Closed] [future] and reconnect again [during Task.Delay]..
11:59:34.466593> WebSocket connected! Start @depth [Future] process...
12:01:28.642796> BinanceFuture - Vxxv1AWf[USD_M] Reconect to WebSocket #
12:01:28.642796> WebSocket [SubscribeBookTickerStream()] [Closed] [future] and reconnect again [during Task.Delay]..
12:01:30.858056> WebSocket connected! Start @depth [Future] process...
12:03:50.716144> (Closing... Elapsted: 329140 ms.)
12:03:51.859626> WebSocket connected! Start @depth [Future] process...
12:03:57.959460> BinanceFuture - Vxxv1AWf[USD_M] Reconect to WebSocket #
12:03:57.960456> WebSocket [ConnectToDepthStream()] [Closed] [future] and reconnect again [during Task.Delay]..
12:03:59.746960> WebSocket connected! Start @depth [Future] process...
12:05:15.972074> (Closing... Elapsted: 414401 ms.)
12:05:17.644171> Lenta has started...Start SubscribeToAggTradeStream @aggTrade [future] process...
12:05:21.491390> BinanceFuture - Vxxv1AWf[USD_M] Reconect to WebSocket #
12:05:21.492392> WebSocket [SubscribeToAggTradeStream()] [Closed] [future] and reconnect again [with Task.Delay]..
12:05:22.829466> Lenta has started...Start SubscribeToAggTradeStream @aggTrade [future] process...
12:09:19.915059> (Closing... Elapsted: 329197 ms.)
12:09:19.916061> (Closing... Elapsted: 329198 ms.)
12:09:20.012066> (Closing... Elapsted: 329294 ms.)
12:09:20.019066> (Closing... Elapsted: 329301 ms.)
12:09:20.042074> (Closing... Elapsted: 329324 ms.)
12:09:20.056068> MarketDepth was closed by Custom!
12:09:20.057070> MarketDepth was closed by Custom!
12:09:20.058069> MarketDepth was closed by Custom!
12:09:20.069068> MarketDepth was closed by Custom!
12:09:26.394432> WebSocket [ConnectToDepthStream()] [future] error: Unable to read data from the transport connection: An existing connection was forcibly closed by the remote host.
12:09:30.147649> BinanceFuture - Vxxv1AWf[USD_M] Reconect to WebSocket #
12:09:30.148647> WebSocket [ConnectToDepthStream()] [Closed] [future] and reconnect again [during Task.Delay]..
12:09:31.686736> BinanceFuture - Vxxv1AWf[USD_M] Reconect to WebSocket #
12:09:31.686736> WebSocket [ConnectToDepthStream()] [Closed] [future] and reconnect again [during Task.Delay]..
12:09:37.118046> WebSocket connected! Start @depth [Future] process...
12:09:37.140049> WebSocket connected! Start @depth [Future] process...
12:09:37.145048> WebSocket connected! Start @depth [Future] process...
12:09:37.146048> WebSocket connected! Start @depth [Future] process...
12:09:37.248053> WebSocket connected! Start @depth [Future] process...
12:09:38.236110> WebSocket [ConnectToDepthStream()] [future] error: Unable to read data from the transport connection: An existing connection was forcibly closed by the remote host.
12:09:39.391177> WebSocket connected! Start @depth [Future] process...
12:09:42.834373> WebSocket connected! Start @depth [Future] process...
12:09:43.295402> BinanceFuture - Vxxv1AWf[USD_M] Reconect to WebSocket #
12:09:43.295402> WebSocket [ConnectToDepthStream()] [Closed] [future] and reconnect again [during Task.Delay]..
12:09:51.778888> WebSocket connected! Start @depth [Future] process...
12:09:56.602164> WebSocket [ConnectToDepthStream()] [future] error: Unable to read data from the transport connection: An existing connection was forcibly closed by the remote host.
12:10:01.634459> BinanceFuture - Vxxv1AWf[USD_M] Reconect to WebSocket #
12:10:01.636454> WebSocket [ConnectToDepthStream()] [Closed] [future] and reconnect again [during Task.Delay]..
12:16:46.636519> (Closing... Elapsted: 690660 ms.)
12:16:46.690522> (Closing... Elapsted: 446621 ms.)
12:16:46.691522> MarketDepth was closed by Custom!
12:16:50.226725> WebSocket [ConnectToDepthStream()] [future] error: Unable to write data to the transport connection: An existing connection was forcibly closed by the remote host.
12:16:50.229724> WebSocket [ConnectToDepthStream()] [future] error: A request to send or receive data was disallowed because the socket is not connected and (when sending on a datagram socket using a sendto call) no address was supplied
12:17:09.838049> BinanceFuture - Vxxv1AWf[USD_M] Reconect to WebSocket #
12:17:09.841050> WebSocket [ConnectToDepthStream()] [Closed] [future] and reconnect again [during Task.Delay]..
