12:35:41.870001> Binance - Vxxv1AWf[SPOT] SPOT Balance: 0.00000000 USDT
12:35:41.907003> WebSocket connected! Start @bookTicker ...
12:35:41.945010> WebSocket connected! Start Partial @depth20 [SPOT] process...
12:35:41.956005> WebSocket connected! Start @bookTicker [Future] process...
12:35:41.956005> WebSocket connected! Start Partial @depth20 [SPOT] process...
12:35:41.958006> WebSocket connected! Start @depth [Future] process...
12:35:41.961011> Lenta has started...Start SubscribeToTradeStream @trade [{accType}] process...
12:35:41.978022> WebSocket connected! Start @bookTicker ...
12:35:41.989007> WebSocket connected! Start Partial @depth20 [Future] process...
12:35:42.331397> WebSocket connected! Start [SPOT] @depth@100ms process...
12:35:42.345405> Lenta has started...Start SubscribeToAggTradeStream @aggTrade [future] process...
12:35:42.379399> WebSocket connected! Start @depth [Future] process...
12:35:42.387395> WebSocket connected! Start Partial @depth20 [Future] process...
12:35:42.422400> Lenta has started...Start SubscribeToAggTradeStream @aggTrade [future] process...
12:35:49.810821> Lenta has started...Start SubscribeToTradeStream @trade [{accType}] process...
12:35:53.072043> WebSocket connected! Start [SPOT] @depth@100ms process...
12:35:53.107045> BinanceFuture - Vxxv1AWf[USD_M] USD_M Balance: 0.07599264 USDT
12:35:53.116045> WebSocket connected! Start @bookTicker [Future] process...
12:39:45.490040> WebSocket [SubscribeBookTickerStream()] [future] error: Received an unexpected EOF or 0 bytes from the transport stream.
12:39:45.548039> WebSocket [ConnectToDepthStream()] [future] error: Unable to read data from the transport connection: An existing connection was forcibly closed by the remote host.
12:39:50.563328> BinanceFuture - Vxxv1AWf[USD_M] Reconect to WebSocket #
12:39:50.563328> WebSocket [SubscribeBookTickerStream()] [Closed] [future] and reconnect again [during Task.Delay]..
12:39:58.536116> BinanceFuture - Vxxv1AWf[USD_M] Reconect to WebSocket #
12:39:58.536116> WebSocket [ConnectToDepthStream()] [Closed] [future] and reconnect again [during Task.Delay]..
12:39:58.640115> WebSocket connected! Start @depth [Future] process...
12:40:07.586340> WebSocket connected! Start @depth [Future] process...
12:40:14.424738> BinanceFuture - Vxxv1AWf[USD_M] Reconect to WebSocket #
12:40:14.424738> WebSocket [SubscribeBookTickerStream()] [Closed] [future] and reconnect again [during Task.Delay]..
12:40:15.636801> WebSocket connected! Start @depth [Future] process...
