16:06:28.143059> Binance - Vxxv1AWf[MARGIN] MARGIN Balance: 0.52949644 USDT
16:06:28.296069> WebSocket connected! Start Partial @depth20 [MARGIN] process...
16:06:28.300073> WebSocket connected! Start Partial @depth20 [Future] process...
16:06:28.333071> Lenta has started...Start SubscribeToTradeStream @trade [{accType}] process...
16:06:28.572083> WebSocket connected! Start Partial @depth20 [MARGIN] process...
16:06:28.573084> Lenta has started...Start SubscribeToAggTradeStream @aggTrade [future] process...
16:06:28.612091> Lenta has started...Start SubscribeToTradeStream @trade [{accType}] process...
16:06:28.620702> Lenta has started...Start SubscribeToAggTradeStream @aggTrade [future] process...
16:06:28.621091> WebSocket connected! Start @depth [Future] process...
16:06:28.646090> WebSocket connected! Start [MARGIN] @depth@100ms process...
16:06:28.664090> WebSocket connected! Start Partial @depth20 [Future] process...
16:06:28.861101> WebSocket connected! Start @depth [Future] process...
16:06:28.861101> WebSocket connected! Start [MARGIN] @depth@100ms process...
16:06:29.698425> BinanceFuture - Vxxv1AWf[USD_M] USD_M Balance: 0.66986043 USDT
16:08:53.875247> Bid error : The given key was not present in the dictionary.
16:09:28.807250> WebSocket [ConnectToDepthStream()] [Closed] [future] and reconnect again..
16:09:31.186385> WebSocket connected! Start @depth [Future] process...
16:09:33.821537> BinanceFuture - Vxxv1AWf[USD_M] Reconect to WebSocket #
16:09:33.822537> WebSocket [ConnectToDepthStream()] [Closed] [future] and reconnect again [during Task.Delay]..
16:09:35.477633> WebSocket connected! Start @depth [Future] process...
16:10:44.387583> Unable to read data from the transport connection: An existing connection was forcibly closed by the remote host.
16:10:44.388584> WebSocket [SubscribeToAggTradeStream()] [Closed] [future] and reconnect again..
16:10:46.378699> Lenta has started...Start SubscribeToAggTradeStream @aggTrade [future] process...
16:10:49.492882> BinanceFuture - Vxxv1AWf[USD_M] Reconect to WebSocket #
16:10:49.493877> WebSocket [SubscribeToAggTradeStream()] [Closed] [future] and reconnect again [with Task.Delay]..
16:10:50.784948> Lenta has started...Start SubscribeToAggTradeStream @aggTrade [future] process...
16:10:55.004191> WebSocket [ConnectToDepthStream()] [Closed] [future] and reconnect again..
16:10:57.343327> WebSocket connected! Start @depth [Future] process...
16:11:00.056481> BinanceFuture - Vxxv1AWf[USD_M] Reconect to WebSocket #
16:11:00.057482> WebSocket [ConnectToDepthStream()] [Closed] [future] and reconnect again [during Task.Delay]..
16:11:01.977590> WebSocket connected! Start @depth [Future] process...
16:11:30.517228> WebSocket [ConnectToDepthStream()] [future] error: Unable to read data from the transport connection: An existing connection was forcibly closed by the remote host.
16:11:30.971254> WebSocket [ConnectToDepthStream()] [Closed] [future] and reconnect again..
16:11:33.356393> WebSocket connected! Start @depth [Future] process...
16:11:36.050549> BinanceFuture - Vxxv1AWf[USD_M] Reconect to WebSocket #
16:11:36.050549> WebSocket [ConnectToDepthStream()] [Closed] [future] and reconnect again [during Task.Delay]..
16:11:38.061662> WebSocket connected! Start @depth [Future] process...
16:12:28.958578> Unable to write data to the transport connection: An existing connection was forcibly closed by the remote host.
16:12:29.051585> WebSocket [SubscribeToAggTradeStream()] [Closed] [future] and reconnect again..
16:12:29.052585> A request to send or receive data was disallowed because the socket is not connected and (when sending on a datagram socket using a sendto call) no address was supplied
16:12:32.144762> Lenta has started...Start SubscribeToAggTradeStream @aggTrade [future] process...
16:12:33.094815> WebSocket [ConnectToDepthStream()] [future] error: Unable to read data from the transport connection: An existing connection was forcibly closed by the remote host.
16:12:33.101815> WebSocket [ConnectToDepthStream()] [Closed] [future] and reconnect again..
16:12:34.218880> BinanceFuture - Vxxv1AWf[USD_M] Reconect to WebSocket #
16:12:34.219883> WebSocket [SubscribeToAggTradeStream()] [Closed] [future] and reconnect again [with Task.Delay]..
16:12:35.410949> WebSocket connected! Start @depth [Future] process...
16:12:36.841031> Lenta has started...Start SubscribeToAggTradeStream @aggTrade [future] process...
