22:34:14.969338> WebSocket connected! Start Partial @depth20 [SPOT] process...
22:34:14.974344> WebSocket connected! Start Partial @depth20 [Future] process...
22:34:14.975340> WebSocket connected! Start @depth [Future] process...
22:34:14.978340> Lenta has started...Start SubscribeToAggTradeStream @aggTrade [future] process...
22:34:15.208486> Binance - Vxxv1AWf[SPOT] SPOT Balance: 0.00000000 USDT
22:34:15.276493> WebSocket connected! Start Partial @depth20 [SPOT] process...
22:34:15.787281> WebSocket connected! Start @depth [Future] process...
22:34:15.797276> WebSocket connected! Start Partial @depth20 [Future] process...
22:34:15.858292> Lenta has started...Start SubscribeToAggTradeStream @aggTrade [future] process...
22:34:16.348955> BinanceFuture - Vxxv1AWf[USD_M] USD_M Balance: 0.00928352 USDT
23:39:16.517902> WebSocket [ConnectToDepthStream()] [future] error: Received an unexpected EOF or 0 bytes from the transport stream.
23:39:21.414492> BinanceFuture - Vxxv1AWf[USD_M] Reconect ConnectToDepthStream() to WebSocket #
23:39:21.416492> WebSocket [ConnectToDepthStream()] [Closed] [future] and reconnect again [during Task.Delay]..
23:39:21.532501> BinanceFuture - Vxxv1AWf[USD_M] Reconect ConnectToDepthStream() to WebSocket #
23:39:21.533500> WebSocket [ConnectToDepthStream()] [Closed] [future] and reconnect again [during Task.Delay]..
23:39:22.536123> WebSocket connected! Start @depth [Future] process...
23:39:22.583124> WebSocket connected! Start @depth [Future] process...
23:45:59.151873> WebSocket [ConnectToDepthStream()] [future] error: Unable to read data from the transport connection: An existing connection was forcibly closed by the remote host.
23:46:01.328000> WebSocket [ConnectToDepthStream()] [future] error: Received an unexpected EOF or 0 bytes from the transport stream.
23:46:28.874807> BinanceFuture - Vxxv1AWf[USD_M] Reconect ConnectToDepthStream() to WebSocket #
23:46:28.874807> BinanceFuture - Vxxv1AWf[USD_M] Reconect ConnectToDepthStream() to WebSocket #
23:46:28.876807> WebSocket [ConnectToDepthStream()] [Closed] [future] and reconnect again [during Task.Delay]..
23:46:28.897804> WebSocket [ConnectToDepthStream()] [Closed] [future] and reconnect again [during Task.Delay]..
23:47:33.416238> WebSocket connected! Start @depth [Future] process...
23:47:33.968257> WebSocket connected! Start @depth [Future] process...
23:52:09.162877> WebSocket [ConnectToDepthStream()] [future] error: Received an unexpected EOF or 0 bytes from the transport stream.
23:52:13.680184> BinanceFuture - Vxxv1AWf[USD_M] Reconect ConnectToDepthStream() to WebSocket #
23:52:13.680184> WebSocket [ConnectToDepthStream()] [Closed] [future] and reconnect again [during Task.Delay]..
23:52:14.164466> BinanceFuture - Vxxv1AWf[USD_M] Reconect ConnectToDepthStream() to WebSocket #
23:52:14.164466> WebSocket [ConnectToDepthStream()] [Closed] [future] and reconnect again [during Task.Delay]..
23:52:14.713263> WebSocket connected! Start @depth [Future] process...
23:52:15.172183> WebSocket connected! Start @depth [Future] process...
