23:28:35.102381> WebSocket connected! Start [SPOT] @depth@100ms process...
23:28:35.102381> WebSocket connected! Start Partial @depth20 [Future] process...
23:28:35.103382> WebSocket connected! Start @bookTicker [Future] process...
23:28:35.104382> WebSocket connected! Start @depth [Future] process...
23:28:35.113387> WebSocket connected! Start @bookTicker ...
23:28:35.154384> WebSocket connected! Start Partial @depth20 [SPOT] process...
23:28:35.155384> Lenta has started...Start SubscribeToTradeStream @trade [{accType}] process...
23:28:35.156385> Lenta has started...Start SubscribeToAggTradeStream @aggTrade [future] process...
23:28:35.654420> Lenta has started...Start SubscribeToTradeStream @trade [{accType}] process...
23:28:35.667413> WebSocket connected! Start [SPOT] @depth@100ms process...
23:28:35.707416> Binance - Vxxv1AWf[SPOT] SPOT Balance: 0.00000000 USDT
23:28:35.725416> WebSocket connected! Start @bookTicker ...
23:28:35.727416> Lenta has started...Start SubscribeToAggTradeStream @aggTrade [future] process...
23:28:35.729416> WebSocket connected! Start Partial @depth20 [SPOT] process...
23:28:35.741420> WebSocket connected! Start @depth [Future] process...
23:28:35.748418> WebSocket connected! Start Partial @depth20 [Future] process...
23:28:35.771419> WebSocket connected! Start @bookTicker [Future] process...
23:28:36.345190> BinanceFuture - Vxxv1AWf[USD_M] USD_M Balance: 63.31060251 USDT
23:31:29.985487> Lenta has started...Start SubscribeToTradeStream @trade [{accType}] process...
23:31:29.996483> WebSocket connected! Start Partial @depth20 [Future] process...
23:31:29.999484> WebSocket connected! Start [SPOT] @depth@100ms process...
23:31:30.001485> WebSocket connected! Start @depth [Future] process...
23:31:30.005484> WebSocket connected! Start @bookTicker [Future] process...
23:31:30.062488> Lenta has started...Start SubscribeToAggTradeStream @aggTrade [future] process...
23:31:30.064488> WebSocket connected! Start @bookTicker ...
23:31:30.065488> WebSocket connected! Start Partial @depth20 [SPOT] process...
23:31:30.067488> Binance - Vxxv1AWf[SPOT] SPOT Balance: 0.00000000 USDT
23:31:30.185494> WebSocket connected! Start Partial @depth20 [SPOT] process...
23:31:30.244497> Lenta has started...Start SubscribeToTradeStream @trade [{accType}] process...
23:31:30.244497> WebSocket connected! Start @bookTicker ...
23:31:30.252498> WebSocket connected! Start [SPOT] @depth@100ms process...
23:31:30.774530> WebSocket connected! Start @depth [Future] process...
23:31:30.801532> WebSocket connected! Start Partial @depth20 [Future] process...
23:31:30.804531> Lenta has started...Start SubscribeToAggTradeStream @aggTrade [future] process...
23:31:30.841532> WebSocket connected! Start @bookTicker [Future] process...
23:31:31.373561> BinanceFuture - Vxxv1AWf[USD_M] USD_M Balance: 63.31060251 USDT
