14:52:14.390678> Try Open BuyLimit, Bid: 0 Ask:  0
14:52:14.391668> Support: 0 VolS:0 Resistence: 0 VolR:0
14:52:15.466578> Lenta has started...Start SubscribeToAggTradeStream @aggTrade [future] process...
14:52:15.467579> WebSocket connected! Start @depth [Future] process...
14:52:15.467579> WebSocket connected! Start Partial @depth20 [SPOT] process...
14:52:15.501582> WebSocket connected! Start Partial @depth20 [Future] process...
14:52:15.504580> Binance - Vxxv1AWf[SPOT] SPOT Balance: 0.00000000 USDT
14:52:15.796607> WebSocket connected! Start Partial @depth20 [SPOT] process...
14:52:16.354663> WebSocket connected! Start Partial @depth20 [Future] process...
14:52:16.355646> Lenta has started...Start SubscribeToAggTradeStream @aggTrade [future] process...
14:52:16.372666> WebSocket connected! Start @depth [Future] process...
14:52:16.916083> BinanceFuture - Vxxv1AWf[USD_M] USD_M Balance: 100.00070730 USDT
14:52:39.000208> Try Open BuyLimit, Bid: 0.6287 Ask:  0.6288
14:52:39.002192> Support: 0.6284 VolS:301295.9 Resistence: 0.63 VolR:318664.4
14:53:04.000303> Try Open BuyLimit, Bid: 0.6287 Ask:  0.6288
14:53:04.001297> Support: 0.6287 VolS:343913.7 Resistence: 0.6295 VolR:325231.3
14:53:29.000894> Try Open BuyLimit, Bid: 0.6290 Ask:  0.6291
14:53:29.001885> Support: 0.6287 VolS:400538.3 Resistence: 0.6303 VolR:347797.9
14:53:54.000347> Try Open BuyLimit, Bid: 0.6290 Ask:  0.6291
14:53:54.001340> Support: 0.6288 VolS:395160.4 Resistence: 0.6305 VolR:393903.8
14:58:21.887829> BinanceFuture - Vxxv1AWf[USD_M] Api Error Code: -1111 Message: Precision is over the maximum defined for this asset.
14:58:21.892833> [1Leg]: Buy FAILED xrpusdt;Gap=0.00000000;Price=0.63
14:58:22.379858> Try Open BuyLimit, Bid: 0.6289 Ask:  0.6290
14:58:22.380856> Support: 0.6272 VolS:412920.5 Resistence: 0.6309 VolR:450974.9
