23:34:21.043022> Binance - Vxxv1AWf[SPOT] SPOT Balance: 0.00000000 USDT
23:34:21.158019> WebSocket connected! Start Partial @depth20 [SPOT] process...
23:34:21.160018> WebSocket connected! Start @bookTicker ...
23:34:21.160018> Lenta has started...Start SubscribeToAggTradeStream @aggTrade [future] process...
23:34:21.161020> WebSocket connected! Start Partial @depth20 [Future] process...
23:34:21.182019> WebSocket connected! Start @depth [Future] process...
23:34:21.184038> WebSocket connected! Start @bookTicker [Future] process...
23:34:21.207021> WebSocket connected! Start [SPOT] @depth@100ms process...
23:34:21.318030> WebSocket connected! Start @bookTicker ...
23:34:21.318030> WebSocket connected! Start Partial @depth20 [SPOT] process...
23:34:21.324030> Lenta has started...Start SubscribeToTradeStream @trade [{accType}] process...
23:34:21.337030> WebSocket connected! Start [SPOT] @depth@100ms process...
23:34:21.518040> WebSocket connected! Start @bookTicker [Future] process...
23:34:21.767054> WebSocket connected! Start @depth [Future] process...
23:34:21.787056> WebSocket connected! Start Partial @depth20 [Future] process...
23:34:21.790055> Lenta has started...Start SubscribeToAggTradeStream @aggTrade [future] process...
23:34:21.906063> Lenta has started...Start SubscribeToTradeStream @trade [{accType}] process...
23:34:22.314090> BinanceFuture - Vxxv1AWf[USD_M] USD_M Balance: 0.00271518 USDT
23:47:54.181120> BinanceFuture - Vxxv1AWf[USD_M] Reconect SubscribeBookTickerStream WebSocket #
23:47:54.182120> WebSocket [SubscribeBookTickerStream()] [Closed] [future] and reconnect again [during Task.Delay]..
23:48:12.839822> WebSocket connected! Start @bookTicker [Future] process...
23:51:12.047688> WebSocket [SubscribeBookTickerStream()] [future] error: Unable to read data from the transport connection: An existing connection was forcibly closed by the remote host.
23:51:12.576722> WebSocket [ConnectToDepthStream()] [future] error: Received an unexpected EOF or 0 bytes from the transport stream.
23:51:19.397111> BinanceFuture - Vxxv1AWf[USD_M] Reconect SubscribeBookTickerStream WebSocket #
23:51:19.398111> WebSocket [SubscribeBookTickerStream()] [Closed] [future] and reconnect again [during Task.Delay]..
23:51:19.399110> BinanceFuture - Vxxv1AWf[USD_M] Reconect ConnectToDepthStream() to WebSocket #
23:51:19.400112> WebSocket [ConnectToDepthStream()] [Closed] [future] and reconnect again [during Task.Delay]..
