22:00:35.009497> Binance - Vxxv1AWf[MARGIN] MARGIN Balance: 0.57960677 USDT
22:00:35.060500> Lenta has started...Start SubscribeToTradeStream @trade [{accType}] process...
22:00:35.060500> WebSocket connected! Start [MARGIN] @depth@100ms process...
22:00:35.174508> Lenta has started...Start SubscribeToTradeStream @trade [{accType}] process...
22:00:35.242510> WebSocket connected! Start @bookTicker [Future] process...
22:00:35.243511> WebSocket connected! Start @depth [Future] process...
22:00:35.243511> WebSocket connected! Start [MARGIN] @depth@100ms process...
22:00:35.243511> WebSocket connected! Start Partial @depth20 [MARGIN] process...
22:00:35.244510> WebSocket connected! Start Partial @depth20 [MARGIN] process...
22:00:35.244510> Lenta has started...Start SubscribeToAggTradeStream @aggTrade [future] process...
22:00:35.244510> WebSocket connected! Start Partial @depth20 [Future] process...
22:00:36.155562> WebSocket connected! Start Partial @depth20 [Future] process...
22:00:36.248566> WebSocket connected! Start @depth [Future] process...
22:00:36.248566> Lenta has started...Start SubscribeToAggTradeStream @aggTrade [future] process...
22:00:36.249568> WebSocket connected! Start @bookTicker [Future] process...
22:00:37.098615> BinanceFuture - Vxxv1AWf[USD_M] USD_M Balance: 0.66986043 USDT
22:11:54.411898> WebSocket [SubscribeBookTickerStream()] [future] error: Unable to read data from the transport connection: An existing connection was forcibly closed by the remote host.
22:11:58.158111> WebSocket [ConnectToDepthStream()] [future] error: Unable to read data from the transport connection: An existing connection was forcibly closed by the remote host.
22:11:59.419189> BinanceFuture - Vxxv1AWf[USD_M] Reconect to WebSocket #
22:12:00.125225> WebSocket [SubscribeBookTickerStream()] [Closed] [future] and reconnect again [during Task.Delay]..
22:12:03.260406> BinanceFuture - Vxxv1AWf[USD_M] Reconect to WebSocket #
22:12:03.261406> WebSocket [ConnectToDepthStream()] [Closed] [future] and reconnect again [during Task.Delay]..
22:12:03.687429> WebSocket connected! Start @depth [Future] process...
22:15:33.060918> WebSocket [SubscribeBookTickerStream()] [future] error: Unable to read data from the transport connection: An existing connection was forcibly closed by the remote host.
22:15:33.067919> WebSocket connected! Start @depth [Future] process...
22:19:39.248426> BinanceFuture - Vxxv1AWf[USD_M] Reconect to WebSocket #
22:19:39.323430> WebSocket [SubscribeBookTickerStream()] [Closed] [future] and reconnect again [during Task.Delay]..
22:19:39.325432> Unable to write data to the transport connection: An existing connection was forcibly closed by the remote host.
22:19:39.326433> A request to send or receive data was disallowed because the socket is not connected and (when sending on a datagram socket using a sendto call) no address was supplied
22:19:39.327433> WebSocket [ConnectToDepthStream()] [future] error: Unable to write data to the transport connection: An existing connection was forcibly closed by the remote host.
22:19:39.328432> WebSocket [ConnectToDepthStream()] [future] error: A request to send or receive data was disallowed because the socket is not connected and (when sending on a datagram socket using a sendto call) no address was supplied
22:19:42.640621> WebSocket [ConnectToDepthStream()] [future] error: Unable to read data from the transport connection: An existing connection was forcibly closed by the remote host.
