14:26:02.466102> WebSocket connected! Start Partial @depth20 [Future] process...
14:26:02.466102> WebSocket connected! Start @depth [Future] process...
14:26:02.468101> WebSocket connected! Start Partial @depth20 [SPOT] process...
14:26:02.468101> Lenta has started...Start SubscribeToAggTradeStream @aggTrade [future] process...
14:26:02.793842> WebSocket connected! Start Partial @depth20 [SPOT] process...
14:26:03.118872> Binance - Vxxv1AWf[SPOT] SPOT Balance: 0.00000000 USDT
14:26:03.342075> WebSocket connected! Start @depth [Future] process...
14:26:03.348874> Lenta has started...Start SubscribeToAggTradeStream @aggTrade [future] process...
14:26:03.361875> WebSocket connected! Start Partial @depth20 [Future] process...
14:26:03.900425> BinanceFuture - Vxxv1AWf[USD_M] USD_M Balance: 97.04300446 USDT
15:17:37.288377> WebSocket [SubscribePartialDepthStream()] [SPOT] error: Unable to read data from the transport connection: An existing connection was forcibly closed by the remote host.
15:17:37.302377> WebSocket [SubscribePartialDepthStream()] [SPOT] error: Unable to read data from the transport connection: An existing connection was forcibly closed by the remote host.
15:17:37.303382> WebSocket [ConnectToDepthStream()] [Closed] [SPOT] and reconnect again..
15:17:37.303382> WebSocket [ConnectToDepthStream()] [Closed] [SPOT] and reconnect again..
15:17:38.987490> Unable to read data from the transport connection: An existing connection was forcibly closed by the remote host.
15:17:38.987490> Unable to read data from the transport connection: An existing connection was forcibly closed by the remote host.
15:17:44.329245> BinanceFuture - Vxxv1AWf[USD_M] Reconect to WebSocket #
15:17:44.333246> WebSocket [SubscribeToAggTradeStream()] [Closed] [future] and reconnect again [with Task.Delay]..
15:17:44.333246> BinanceFuture - Vxxv1AWf[USD_M] Reconect to WebSocket #
15:17:44.334246> WebSocket [SubscribeToAggTradeStream()] [Closed] [future] and reconnect again [with Task.Delay]..
15:17:44.348249> Binance - Vxxv1AWf[SPOT] Reconect to WebSocket #
15:17:44.348249> WebSocket [ConnectToDepthStream()] [Closed] [SPOT] and reconnect again [during Task.Delay]..
15:17:44.349247> Binance - Vxxv1AWf[SPOT] Reconect to WebSocket #
15:17:44.351248> WebSocket [ConnectToDepthStream()] [Closed] [SPOT] and reconnect again [during Task.Delay]..
15:17:44.353247> WebSocket [SubscribePartialDepthStream()] [future] error: Unable to read data from the transport connection: An established connection was aborted by the software in your host machine.
15:17:49.178668> WebSocket connected! Start [SPOT] @depth@1000ms process...
15:17:53.831405> WebSocket connected! Start [SPOT] @depth@1000ms process...
15:17:54.984260> BinanceFuture - Vxxv1AWf[USD_M] Reconect to WebSocket #
15:17:54.986261> WebSocket [SubscribePartialDepthStream()] [Closed] [future] and reconnect again [during Task.Delay]..
15:17:56.301442> WebSocket [ConnectToDepthStream()] [future] error: Unable to read data from the transport connection: An existing connection was forcibly closed by the remote host.
15:17:56.309444> WebSocket [ConnectToDepthStream()] [future] error: Unable to read data from the transport connection: An existing connection was forcibly closed by the remote host.
15:17:56.590461> WebSocket connected! Start [SPOT] @depth@1000ms process...
15:17:56.592459> Lenta has started...Start SubscribeToAggTradeStream @aggTrade [future] process...
15:17:56.592459> Lenta has started...Start SubscribeToAggTradeStream @aggTrade [future] process...
15:17:56.607462> WebSocket connected! Start [SPOT] @depth@1000ms process...
15:17:56.855482> WebSocket connected! Start @depth [Future] process...
15:18:01.315098> BinanceFuture - Vxxv1AWf[USD_M] Reconect ConnectToDepthStream() to WebSocket #
15:18:01.317093> WebSocket [ConnectToDepthStream()] [Closed] [future] and reconnect again [during Task.Delay]..
15:18:01.315098> BinanceFuture - Vxxv1AWf[USD_M] Reconect ConnectToDepthStream() to WebSocket #
15:18:01.318093> WebSocket [ConnectToDepthStream()] [Closed] [future] and reconnect again [during Task.Delay]..
15:18:02.344092> WebSocket connected! Start @depth [Future] process...
15:18:02.359082> WebSocket connected! Start @depth [Future] process...
