22:47:37.512637> WebSocket connected! Start Partial @depth20 [MARGIN] process...
22:47:37.513638> WebSocket connected! Start [MARGIN] @depth@100ms process...
22:47:37.515637> WebSocket connected! Start Partial @depth20 [Future] process...
22:47:37.520637> Lenta has started...Start SubscribeToTradeStream @trade [{accType}] process...
22:47:37.537638> Binance - Vxxv1AWf[MARGIN] MARGIN Balance: 0.5618796 USDT
22:47:37.549638> Lenta has started...Start SubscribeToAggTradeStream @aggTrade [future] process...
22:47:37.562639> WebSocket connected! Start @depth [Future] process...
22:47:37.688646> Lenta has started...Start SubscribeToTradeStream @trade [{accType}] process...
22:47:37.699647> WebSocket connected! Start Partial @depth20 [MARGIN] process...
22:47:37.700648> WebSocket connected! Start [MARGIN] @depth@100ms process...
22:47:38.108916> WebSocket connected! Start Partial @depth20 [Future] process...
22:47:38.150904> WebSocket connected! Start @depth [Future] process...
22:47:38.167906> Lenta has started...Start SubscribeToAggTradeStream @aggTrade [future] process...
22:47:38.635825> BinanceFuture - Vxxv1AWf[USD_M] USD_M Balance: 0.66986043 USDT
23:09:39.229813> WebSocket [ConnectToDepthStream()] [future] error: Unable to read data from the transport connection: An existing connection was forcibly closed by the remote host.
23:09:44.580119> BinanceFuture - Vxxv1AWf[USD_M] Reconect to WebSocket #
23:09:44.580119> WebSocket [ConnectToDepthStream()] [Closed] [future] and reconnect again [during Task.Delay]..
23:09:45.890194> WebSocket connected! Start @depth [Future] process...
23:11:39.783917> WebSocket [ConnectToDepthStream()] [future] error: Unable to read data from the transport connection: An existing connection was forcibly closed by the remote host.
23:11:44.836195> BinanceFuture - Vxxv1AWf[USD_M] Reconect to WebSocket #
23:11:44.840195> WebSocket [ConnectToDepthStream()] [Closed] [future] and reconnect again [during Task.Delay]..
23:11:46.329280> WebSocket connected! Start @depth [Future] process...
