16:26:10.057738> Binance - Vxxv1AWf[SPOT] SPOT Balance: 0.00000000 USDT
16:26:10.237761> Lenta has started...Start SubscribeToTradeStream @trade [{accType}] process...
16:26:10.242770> Lenta has started...Start SubscribeToAggTradeStream @aggTrade [future] process...
16:26:10.244760> WebSocket connected! Start [SPOT] @depth@1000ms process...
16:26:10.245774> WebSocket connected! Start Partial @depth20 [SPOT] process...
16:26:10.251763> WebSocket connected! Start [SPOT] @depth@1000ms process...
16:26:10.319754> WebSocket connected! Start Partial @depth20 [SPOT] process...
16:26:10.694774> Lenta has started...Start SubscribeToTradeStream @trade [{accType}] process...
16:26:10.695773> WebSocket connected! Start @depth [Future] process...
16:26:11.411501> Lenta has started...Start SubscribeToAggTradeStream @aggTrade [future] process...
16:26:11.454498> WebSocket connected! Start @depth [Future] process...
16:26:12.128653> WebSocket connected! Start Partial @depth20 [Future] process...
16:26:13.182840> WebSocket connected! Start Partial @depth20 [Future] process...
16:26:13.316838> BinanceFuture - Vxxv1AWf[USD_M] USD_M Balance: 0.72730263 USDT
16:27:34.010687> BinanceFuture - Vxxv1AWf[USD_M] Reconect ConnectToDepthStream() to WebSocket #
16:27:34.010687> WebSocket [ConnectToDepthStream()] [Closed] [future] and reconnect again [during Task.Delay]..
16:27:50.719644> WebSocket connected! Start @depth [Future] process...
16:27:59.488149>  DevSELL (-): -74.66000000 avgGapSell:68.62000000 
16:28:37.703340> BinanceFuture - Vxxv1AWf[USD_M] Reconect ConnectToDepthStream() to WebSocket #
16:28:37.704340> WebSocket [ConnectToDepthStream()] [Closed] [future] and reconnect again [during Task.Delay]..
16:29:03.130795> WebSocket connected! Start @depth [Future] process...
16:29:51.262573> BinanceFuture - Vxxv1AWf[USD_M] Reconect ConnectToDepthStream() to WebSocket #
16:29:51.265568> WebSocket [ConnectToDepthStream()] [Closed] [future] and reconnect again [during Task.Delay]..
16:29:53.753699> WebSocket connected! Start @depth [Future] process...
16:30:58.767856> BinanceFuture - Vxxv1AWf[USD_M] Reconect ConnectToDepthStream() to WebSocket #
16:30:58.768855> WebSocket [ConnectToDepthStream()] [Closed] [future] and reconnect again [during Task.Delay]..
16:31:04.780200> WebSocket connected! Start @depth [Future] process...
16:31:38.926164> BinanceFuture - Vxxv1AWf[USD_M] Reconect ConnectToDepthStream() to WebSocket #
16:31:38.927160> WebSocket [ConnectToDepthStream()] [Closed] [future] and reconnect again [during Task.Delay]..
16:31:51.044855> WebSocket connected! Start @depth [Future] process...
16:32:28.386994> BinanceFuture - Vxxv1AWf[USD_M] Reconect ConnectToDepthStream() to WebSocket #
16:32:28.421999> WebSocket [ConnectToDepthStream()] [Closed] [future] and reconnect again [during Task.Delay]..
16:33:28.629449> WebSocket connected! Start @depth [Future] process...
16:33:40.458126> BinanceFuture - Vxxv1AWf[USD_M] Reconect ConnectToDepthStream() to WebSocket #
16:33:40.459127> WebSocket [ConnectToDepthStream()] [Closed] [future] and reconnect again [during Task.Delay]..
16:33:45.232401> WebSocket connected! Start @depth [Future] process...
16:35:00.132699>  DevSELL (+): -74.51000000 avgGapSell:68.62000000 
16:35:16.034607>  DevSELL (-): -66.72000000 avgGapSell:68.62000000 
16:35:27.608271> BinanceFuture - Vxxv1AWf[USD_M] Reconect ConnectToDepthStream() to WebSocket #
16:35:27.608271> WebSocket [ConnectToDepthStream()] [Closed] [future] and reconnect again [during Task.Delay]..
16:35:36.382775> BinanceFuture - Vxxv1AWf[USD_M] Reconect ConnectToDepthStream() to WebSocket #
16:35:36.413779> WebSocket [ConnectToDepthStream()] [Closed] [future] and reconnect again [during Task.Delay]..
16:35:55.938895> WebSocket connected! Start @depth [Future] process...
16:35:56.077904> WebSocket connected! Start @depth [Future] process...
16:36:32.629000>  DevSELL (+): -62.79762500 avgGapSell:51.90762500 
16:36:34.128086>  DevSELL (-): -66.79762500 avgGapSell:51.90762500 
16:37:23.884937> BinanceFuture - Vxxv1AWf[USD_M] Reconect ConnectToDepthStream() to WebSocket #
16:37:23.885938> WebSocket [ConnectToDepthStream()] [Closed] [future] and reconnect again [during Task.Delay]..
16:37:41.806969> WebSocket connected! Start @depth [Future] process...
16:37:52.850598> BinanceFuture - Vxxv1AWf[USD_M] Reconect ConnectToDepthStream() to WebSocket #
16:37:52.851600> WebSocket [ConnectToDepthStream()] [Closed] [future] and reconnect again [during Task.Delay]..
16:38:16.705966> WebSocket connected! Start @depth [Future] process...
16:39:19.445575> BinanceFuture - Vxxv1AWf[USD_M] Reconect ConnectToDepthStream() to WebSocket #
16:39:19.447576> WebSocket [ConnectToDepthStream()] [Closed] [future] and reconnect again [during Task.Delay]..
16:39:41.161810> WebSocket connected! Start @depth [Future] process...
