10:10:09.539685> Lenta has started...Start SubscribeToAggTradeStream @aggTrade [future] process...
10:10:09.540685> WebSocket connected! Start Partial @depth20 [MARGIN] process...
10:10:09.545694> WebSocket connected! Start @depth [Future] process...
10:10:09.583697> WebSocket connected! Start Partial @depth20 [Future] process...
10:10:09.588696> WebSocket connected! Start [MARGIN] @depth@100ms process...
10:10:09.600687> Lenta has started...Start SubscribeToTradeStream @trade [{accType}] process...
10:10:09.702695> WebSocket connected! Start [MARGIN] @depth@100ms process...
10:10:09.705694> Lenta has started...Start SubscribeToTradeStream @trade [{accType}] process...
10:10:09.752695> WebSocket connected! Start Partial @depth20 [MARGIN] process...
10:10:09.764697> Binance - Vxxv1AWf[MARGIN] MARGIN Balance: 0.54605983 USDT
10:10:10.084752> WebSocket connected! Start Partial @depth20 [Future] process...
10:10:10.107718> WebSocket connected! Start @depth [Future] process...
10:10:10.146720> Lenta has started...Start SubscribeToAggTradeStream @aggTrade [future] process...
10:10:10.583745> BinanceFuture - Vxxv1AWf[USD_M] USD_M Balance: 0.66986043 USDT
10:10:54.632786> Binance - Vxxv1AWf[MARGIN] MARGIN Balance: 0.54612439 USDT
10:10:54.997862> WebSocket connected! Start Partial @depth20 [Future] process...
10:10:55.000857> WebSocket connected! Start @depth [Future] process...
10:10:55.021858> WebSocket connected! Start [MARGIN] @depth@100ms process...
10:10:55.024852> Lenta has started...Start SubscribeToAggTradeStream @aggTrade [future] process...
10:10:55.054865> Lenta has started...Start SubscribeToTradeStream @trade [{accType}] process...
10:10:55.058854> WebSocket connected! Start Partial @depth20 [MARGIN] process...
10:10:55.293868> WebSocket connected! Start [MARGIN] @depth@100ms process...
10:10:55.298867> WebSocket connected! Start Partial @depth20 [MARGIN] process...
10:10:55.312879> Lenta has started...Start SubscribeToTradeStream @trade [{accType}] process...
10:10:55.625887> Lenta has started...Start SubscribeToAggTradeStream @aggTrade [future] process...
10:10:55.630134> WebSocket connected! Start Partial @depth20 [Future] process...
10:10:55.694890> WebSocket connected! Start @depth [Future] process...
10:10:56.217922> BinanceFuture - Vxxv1AWf[USD_M] USD_M Balance: 0.66986043 USDT
10:14:31.958457> Ask error : The given key was not present in the dictionary.
10:23:56.892112> WebSocket [ConnectToDepthStream()] [future] error: Unable to read data from the transport connection: An existing connection was forcibly closed by the remote host.
10:23:56.893113> WebSocket [ConnectToDepthStream()] [Closed] [future] and reconnect again..
10:23:58.790220> WebSocket connected! Start @depth [Future] process...
10:24:01.902400> BinanceFuture - Vxxv1AWf[USD_M] Reconect to WebSocket #
10:24:01.902400> WebSocket [ConnectToDepthStream()] [Closed] [future] and reconnect again [during Task.Delay]..
10:24:03.397484> WebSocket connected! Start @depth [Future] process...
10:26:57.484316> WebSocket [ConnectToDepthStream()] [future] error: Unable to read data from the transport connection: An existing connection was forcibly closed by the remote host.
10:26:57.487316> WebSocket [ConnectToDepthStream()] [Closed] [future] and reconnect again..
10:26:59.828451> WebSocket connected! Start @depth [Future] process...
10:27:02.559609> BinanceFuture - Vxxv1AWf[USD_M] Reconect to WebSocket #
10:27:02.560610> WebSocket [ConnectToDepthStream()] [Closed] [future] and reconnect again [during Task.Delay]..
10:27:04.647727> WebSocket connected! Start @depth [Future] process...
10:27:11.483118> WebSocket [ConnectToDepthStream()] [future] error: Unable to read data from the transport connection: An existing connection was forcibly closed by the remote host.
10:27:11.578125> WebSocket [ConnectToDepthStream()] [Closed] [future] and reconnect again..
10:27:13.492233> WebSocket connected! Start @depth [Future] process...
10:27:16.644416> BinanceFuture - Vxxv1AWf[USD_M] Reconect to WebSocket #
10:27:16.673416> WebSocket [ConnectToDepthStream()] [Closed] [future] and reconnect again [during Task.Delay]..
10:27:18.900543> WebSocket connected! Start @depth [Future] process...
10:28:01.464985> WebSocket [ConnectToDepthStream()] [future] error: Unable to read data from the transport connection: An existing connection was forcibly closed by the remote host.
10:28:01.465987> WebSocket [ConnectToDepthStream()] [Closed] [future] and reconnect again..
10:28:03.975129> WebSocket connected! Start @depth [Future] process...
10:28:04.373152> WebSocket [ConnectToDepthStream()] [future] error: Unable to read data from the transport connection: An existing connection was forcibly closed by the remote host.
10:28:04.373152> WebSocket [ConnectToDepthStream()] [Closed] [future] and reconnect again..
10:28:05.963243> WebSocket connected! Start @depth [Future] process...
10:28:06.468273> BinanceFuture - Vxxv1AWf[USD_M] Reconect to WebSocket #
10:28:06.468273> WebSocket [ConnectToDepthStream()] [Closed] [future] and reconnect again [during Task.Delay]..
10:28:08.254375> WebSocket connected! Start @depth [Future] process...
10:28:09.521446> BinanceFuture - Vxxv1AWf[USD_M] Reconect to WebSocket #
10:28:09.521446> WebSocket [ConnectToDepthStream()] [Closed] [future] and reconnect again [during Task.Delay]..
10:28:11.447555> WebSocket connected! Start @depth [Future] process...
10:28:14.399728> WebSocket [ConnectToDepthStream()] [future] error: Unable to read data from the transport connection: An existing connection was forcibly closed by the remote host.
10:28:14.400727> WebSocket [ConnectToDepthStream()] [Closed] [future] and reconnect again..
10:28:16.180829> WebSocket connected! Start @depth [Future] process...
10:28:19.419015> BinanceFuture - Vxxv1AWf[USD_M] Reconect to WebSocket #
10:28:19.575023> WebSocket [ConnectToDepthStream()] [Closed] [future] and reconnect again [during Task.Delay]..
10:28:21.993161> WebSocket connected! Start @depth [Future] process...
10:30:00.479807> WebSocket [ConnectToDepthStream()] [future] error: Unable to read data from the transport connection: An existing connection was forcibly closed by the remote host.
10:30:00.659821> WebSocket [ConnectToDepthStream()] [Closed] [future] and reconnect again..
10:30:03.486983> WebSocket connected! Start @depth [Future] process...
10:30:05.359089> WebSocket [ConnectToDepthStream()] [future] error: Unable to read data from the transport connection: An existing connection was forcibly closed by the remote host.
10:30:05.367089> WebSocket [ConnectToDepthStream()] [Closed] [future] and reconnect again..
10:30:05.696108> BinanceFuture - Vxxv1AWf[USD_M] Reconect to WebSocket #
10:30:05.697107> WebSocket [ConnectToDepthStream()] [Closed] [future] and reconnect again [during Task.Delay]..
10:30:07.423207> WebSocket connected! Start @depth [Future] process...
10:30:07.776229> WebSocket connected! Start @depth [Future] process...
10:30:10.389386> BinanceFuture - Vxxv1AWf[USD_M] Reconect to WebSocket #
10:30:10.390378> WebSocket [ConnectToDepthStream()] [Closed] [future] and reconnect again [during Task.Delay]..
10:30:11.919465> WebSocket [ConnectToDepthStream()] [future] error: Unable to read data from the transport connection: An existing connection was forcibly closed by the remote host.
10:30:12.191485> WebSocket connected! Start @depth [Future] process...
10:30:12.336491> WebSocket [ConnectToDepthStream()] [Closed] [future] and reconnect again..
10:30:13.558558> WebSocket [ConnectToDepthStream()] [future] error: Unable to read data from the transport connection: An existing connection was forcibly closed by the remote host.
10:30:13.559559> WebSocket [ConnectToDepthStream()] [Closed] [future] and reconnect again..
10:30:14.539614> WebSocket connected! Start @depth [Future] process...
10:30:15.182652> WebSocket [ConnectToDepthStream()] [future] error: Unable to read data from the transport connection: An existing connection was forcibly closed by the remote host.
10:30:15.182652> WebSocket [ConnectToDepthStream()] [Closed] [future] and reconnect again..
10:30:16.062703> WebSocket connected! Start @depth [Future] process...
10:30:17.084760> WebSocket connected! Start @depth [Future] process...
10:30:17.398778> BinanceFuture - Vxxv1AWf[USD_M] Reconect to WebSocket #
10:30:17.398778> WebSocket [ConnectToDepthStream()] [Closed] [future] and reconnect again [during Task.Delay]..
10:30:18.580846> BinanceFuture - Vxxv1AWf[USD_M] Reconect to WebSocket #
10:30:18.865863> WebSocket [ConnectToDepthStream()] [Closed] [future] and reconnect again [during Task.Delay]..
10:30:19.207882> WebSocket connected! Start @depth [Future] process...
10:30:20.184938> BinanceFuture - Vxxv1AWf[USD_M] Reconect to WebSocket #
10:30:20.185938> WebSocket [ConnectToDepthStream()] [Closed] [future] and reconnect again [during Task.Delay]..
10:30:21.084994> WebSocket connected! Start @depth [Future] process...
10:30:22.079046> WebSocket connected! Start @depth [Future] process...
10:31:09.451774> WebSocket [ConnectToDepthStream()] [future] error: Unable to read data from the transport connection: An existing connection was forcibly closed by the remote host.
10:31:09.451774> WebSocket [ConnectToDepthStream()] [Closed] [future] and reconnect again..
10:31:12.715951> WebSocket connected! Start @depth [Future] process...
10:31:14.515054> BinanceFuture - Vxxv1AWf[USD_M] Reconect to WebSocket #
10:31:14.517055> WebSocket [ConnectToDepthStream()] [Closed] [future] and reconnect again [during Task.Delay]..
10:31:17.181208> WebSocket connected! Start @depth [Future] process...
10:31:17.726237> WebSocket [ConnectToDepthStream()] [future] error: Unable to read data from the transport connection: An existing connection was forcibly closed by the remote host.
10:31:17.726237> WebSocket [ConnectToDepthStream()] [Closed] [future] and reconnect again..
10:31:20.077373> WebSocket connected! Start @depth [Future] process...
10:31:22.741528> BinanceFuture - Vxxv1AWf[USD_M] Reconect to WebSocket #
10:31:22.742525> WebSocket [ConnectToDepthStream()] [Closed] [future] and reconnect again [during Task.Delay]..
10:31:25.126662> WebSocket connected! Start @depth [Future] process...
10:32:04.832937> WebSocket [ConnectToDepthStream()] [future] error: Unable to read data from the transport connection: An existing connection was forcibly closed by the remote host.
10:32:04.878940> WebSocket [ConnectToDepthStream()] [Closed] [future] and reconnect again..
10:32:07.279080> WebSocket [ConnectToDepthStream()] [future] error: Unable to read data from the transport connection: An existing connection was forcibly closed by the remote host.
10:32:07.279080> WebSocket [ConnectToDepthStream()] [Closed] [future] and reconnect again..
10:32:08.355142> WebSocket [ConnectToDepthStream()] [future] error: Unable to read data from the transport connection: An existing connection was forcibly closed by the remote host.
10:32:08.405145> WebSocket [ConnectToDepthStream()] [future] error: Unable to read data from the transport connection: An existing connection was forcibly closed by the remote host.
10:32:08.971176> WebSocket [ConnectToDepthStream()] [Closed] [future] and reconnect again..
10:32:09.013178> WebSocket [ConnectToDepthStream()] [Closed] [future] and reconnect again..
10:32:09.267194> WebSocket connected! Start @depth [Future] process...
10:32:11.036295> WebSocket connected! Start @depth [Future] process...
10:32:11.297310> WebSocket connected! Start @depth [Future] process...
10:32:11.408316> WebSocket connected! Start @depth [Future] process...
10:32:13.147415> WebSocket [ConnectToDepthStream()] [future] error: Unable to read data from the transport connection: An existing connection was forcibly closed by the remote host.
10:32:13.148416> WebSocket [ConnectToDepthStream()] [Closed] [future] and reconnect again..
10:32:15.636558> WebSocket connected! Start @depth [Future] process...
10:32:16.713620> WebSocket [ConnectToDepthStream()] [future] error: Unable to read data from the transport connection: An existing connection was forcibly closed by the remote host.
10:32:16.713620> WebSocket [ConnectToDepthStream()] [Closed] [future] and reconnect again..
10:32:16.741621> WebSocket [ConnectToDepthStream()] [future] error: Unable to read data from the transport connection: An existing connection was forcibly closed by the remote host.
10:32:16.742622> WebSocket [ConnectToDepthStream()] [Closed] [future] and reconnect again..
10:32:17.913688> WebSocket [ConnectToDepthStream()] [future] error: Unable to read data from the transport connection: An existing connection was forcibly closed by the remote host.
10:32:17.981694> WebSocket [ConnectToDepthStream()] [Closed] [future] and reconnect again..
10:32:18.152702> BinanceFuture - Vxxv1AWf[USD_M] Reconect to WebSocket #
10:32:18.152702> WebSocket [ConnectToDepthStream()] [Closed] [future] and reconnect again [during Task.Delay]..
10:32:20.122814> WebSocket connected! Start @depth [Future] process...
10:32:20.419914> WebSocket connected! Start @depth [Future] process...
10:32:20.896859> WebSocket connected! Start @depth [Future] process...
10:32:20.897860> WebSocket connected! Start @depth [Future] process...
10:32:21.771908> BinanceFuture - Vxxv1AWf[USD_M] Reconect to WebSocket #
10:32:21.778910> WebSocket [ConnectToDepthStream()] [Closed] [future] and reconnect again [during Task.Delay]..
10:32:21.783912> BinanceFuture - Vxxv1AWf[USD_M] Reconect to WebSocket #
10:32:21.786912> WebSocket [ConnectToDepthStream()] [Closed] [future] and reconnect again [during Task.Delay]..
10:32:22.603957> WebSocket [ConnectToDepthStream()] [future] error: Unable to read data from the transport connection: An existing connection was forcibly closed by the remote host.
10:32:22.611956> WebSocket [ConnectToDepthStream()] [Closed] [future] and reconnect again..
10:32:22.987980> BinanceFuture - Vxxv1AWf[USD_M] Reconect to WebSocket #
10:32:22.988980> WebSocket [ConnectToDepthStream()] [Closed] [future] and reconnect again [during Task.Delay]..
10:32:23.005981> WebSocket [ConnectToDepthStream()] [future] error: Unable to read data from the transport connection: An existing connection was forcibly closed by the remote host.
10:32:23.283001> WebSocket [ConnectToDepthStream()] [Closed] [future] and reconnect again..
10:32:24.664075> WebSocket connected! Start @depth [Future] process...
10:32:24.941091> WebSocket connected! Start @depth [Future] process...
10:32:25.253110> WebSocket connected! Start @depth [Future] process...
10:32:26.065156> WebSocket connected! Start @depth [Future] process...
10:32:26.065156> WebSocket connected! Start @depth [Future] process...
10:32:27.680250> BinanceFuture - Vxxv1AWf[USD_M] Reconect to WebSocket #
10:32:27.715251> WebSocket [ConnectToDepthStream()] [Closed] [future] and reconnect again [during Task.Delay]..
10:32:28.407290> BinanceFuture - Vxxv1AWf[USD_M] Reconect to WebSocket #
10:32:28.421290> WebSocket [ConnectToDepthStream()] [Closed] [future] and reconnect again [during Task.Delay]..
10:32:31.083446> WebSocket connected! Start @depth [Future] process...
10:32:31.610478> WebSocket connected! Start @depth [Future] process...
10:33:17.994133> WebSocket [ConnectToDepthStream()] [future] error: Unable to read data from the transport connection: An existing connection was forcibly closed by the remote host.
10:33:18.194146> WebSocket [ConnectToDepthStream()] [Closed] [future] and reconnect again..
10:33:20.328269> WebSocket [ConnectToDepthStream()] [future] error: Unable to read data from the transport connection: An existing connection was forcibly closed by the remote host.
10:33:20.524280> WebSocket [ConnectToDepthStream()] [Closed] [future] and reconnect again..
10:33:23.224435> BinanceFuture - Vxxv1AWf[USD_M] Reconect to WebSocket #
10:33:23.224435> WebSocket [ConnectToDepthStream()] [Closed] [future] and reconnect again [during Task.Delay]..
10:33:24.173487> WebSocket connected! Start @depth [Future] process...
10:33:25.217551> WebSocket [ConnectToDepthStream()] [future] error: Unable to read data from the transport connection: An existing connection was forcibly closed by the remote host.
10:33:25.218550> WebSocket [ConnectToDepthStream()] [Closed] [future] and reconnect again..
10:33:26.273609> WebSocket connected! Start @depth [Future] process...
10:33:26.359614> WebSocket [ConnectToDepthStream()] [future] error: Unable to read data from the transport connection: An existing connection was forcibly closed by the remote host.
10:33:26.359614> WebSocket [ConnectToDepthStream()] [Closed] [future] and reconnect again..
10:33:27.345670> WebSocket connected! Start @depth [Future] process...
10:33:28.823756> WebSocket connected! Start @depth [Future] process...
10:33:30.182834> WebSocket connected! Start @depth [Future] process...
10:33:30.247845> BinanceFuture - Vxxv1AWf[USD_M] Reconect to WebSocket #
10:33:30.247845> WebSocket [ConnectToDepthStream()] [Closed] [future] and reconnect again [during Task.Delay]..
10:33:31.359900> BinanceFuture - Vxxv1AWf[USD_M] Reconect to WebSocket #
10:33:31.359900> WebSocket [ConnectToDepthStream()] [Closed] [future] and reconnect again [during Task.Delay]..
10:33:34.546084> WebSocket connected! Start @depth [Future] process...
10:33:35.811178> WebSocket connected! Start @depth [Future] process...
10:34:10.024118> WebSocket [ConnectToDepthStream()] [future] error: Unable to read data from the transport connection: An existing connection was forcibly closed by the remote host.
10:34:10.024118> WebSocket [ConnectToDepthStream()] [Closed] [future] and reconnect again..
10:34:11.957228> WebSocket [ConnectToDepthStream()] [future] error: Unable to read data from the transport connection: An existing connection was forcibly closed by the remote host.
10:34:11.957228> WebSocket [ConnectToDepthStream()] [Closed] [future] and reconnect again..
10:34:12.369251> WebSocket [ConnectToDepthStream()] [future] error: Unable to read data from the transport connection: An existing connection was forcibly closed by the remote host.
10:34:12.410258> WebSocket [ConnectToDepthStream()] [Closed] [future] and reconnect again..
10:34:13.511318> WebSocket [ConnectToDepthStream()] [future] error: Unable to read data from the transport connection: An existing connection was forcibly closed by the remote host.
10:34:13.511318> WebSocket [ConnectToDepthStream()] [Closed] [future] and reconnect again..
10:34:13.903343> WebSocket [ConnectToDepthStream()] [future] error: Unable to read data from the transport connection: An existing connection was forcibly closed by the remote host.
10:34:13.903343> WebSocket [ConnectToDepthStream()] [Closed] [future] and reconnect again..
10:34:16.270476> WebSocket [ConnectToDepthStream()] [future] error: Unable to write data to the transport connection: An existing connection was forcibly closed by the remote host.
10:34:16.271476> WebSocket [ConnectToDepthStream()] [Closed] [future] and reconnect again..
10:34:19.863681> WebSocket connected! Start @depth [Future] process...
10:34:20.829736> WebSocket connected! Start @depth [Future] process...
10:34:21.389769> WebSocket connected! Start @depth [Future] process...
10:34:21.855794> WebSocket [ConnectToDepthStream()] [future] error: Unable to read data from the transport connection: An existing connection was forcibly closed by the remote host.
10:34:22.099813> WebSocket [ConnectToDepthStream()] [Closed] [future] and reconnect again..
10:34:22.124810> WebSocket [ConnectToDepthStream()] [future] error: Unable to read data from the transport connection: An existing connection was forcibly closed by the remote host.
10:34:22.189816> WebSocket [ConnectToDepthStream()] [Closed] [future] and reconnect again..
10:34:22.219816> WebSocket [ConnectToDepthStream()] [future] error: Unable to read data from the transport connection: An existing connection was forcibly closed by the remote host.
10:34:22.219816> WebSocket [ConnectToDepthStream()] [Closed] [future] and reconnect again..
10:34:22.274819> WebSocket [ConnectToDepthStream()] [future] error: Unable to read data from the transport connection: An existing connection was forcibly closed by the remote host.
10:34:22.286838> WebSocket [ConnectToDepthStream()] [Closed] [future] and reconnect again..
10:34:22.822851> WebSocket [ConnectToDepthStream()] [future] error: Unable to read data from the transport connection: An existing connection was forcibly closed by the remote host.
10:34:22.823851> WebSocket [ConnectToDepthStream()] [Closed] [future] and reconnect again..
10:34:22.866851> WebSocket connected! Start @depth [Future] process...
10:34:24.272935> WebSocket connected! Start @depth [Future] process...
10:34:24.467946> WebSocket connected! Start @depth [Future] process...
10:34:24.999059> WebSocket [ConnectToDepthStream()] [future] error: Unable to write data to the transport connection: An existing connection was forcibly closed by the remote host.
10:34:24.999976> WebSocket [ConnectToDepthStream()] [Closed] [future] and reconnect again..
10:34:25.271991> WebSocket [ConnectToDepthStream()] [future] error: Unable to write data to the transport connection: An existing connection was forcibly closed by the remote host.
10:34:25.281990> WebSocket [ConnectToDepthStream()] [Closed] [future] and reconnect again..
10:34:26.439060> WebSocket [ConnectToDepthStream()] [future] error: Unable to write data to the transport connection: An existing connection was forcibly closed by the remote host.
10:34:26.440058> WebSocket [ConnectToDepthStream()] [Closed] [future] and reconnect again..
10:34:26.729074> WebSocket [ConnectToDepthStream()] [future] error: Unable to write data to the transport connection: An existing connection was forcibly closed by the remote host.
10:34:26.743075> WebSocket [ConnectToDepthStream()] [Closed] [future] and reconnect again..
10:34:26.963088> WebSocket connected! Start @depth [Future] process...
10:34:27.002090> WebSocket [ConnectToDepthStream()] [future] error: Unable to read data from the transport connection: An existing connection was forcibly closed by the remote host.
10:34:27.010941> WebSocket [ConnectToDepthStream()] [Closed] [future] and reconnect again..
10:34:27.013089> WebSocket connected! Start @depth [Future] process...
10:34:27.054093> WebSocket connected! Start @depth [Future] process...
10:34:27.148097> BinanceFuture - Vxxv1AWf[USD_M] Reconect to WebSocket #
10:34:27.148097> WebSocket [ConnectToDepthStream()] [Closed] [future] and reconnect again [during Task.Delay]..
10:34:27.235106> BinanceFuture - Vxxv1AWf[USD_M] Reconect to WebSocket #
10:34:27.236105> WebSocket [ConnectToDepthStream()] [Closed] [future] and reconnect again [during Task.Delay]..
10:34:27.241104> BinanceFuture - Vxxv1AWf[USD_M] Reconect to WebSocket #
10:34:27.241104> WebSocket [ConnectToDepthStream()] [Closed] [future] and reconnect again [during Task.Delay]..
10:34:27.329110> BinanceFuture - Vxxv1AWf[USD_M] Reconect to WebSocket #
10:34:27.329110> WebSocket [ConnectToDepthStream()] [Closed] [future] and reconnect again [during Task.Delay]..
10:34:27.351111> WebSocket connected! Start @depth [Future] process...
10:34:27.870140> BinanceFuture - Vxxv1AWf[USD_M] Reconect to WebSocket #
10:34:27.871141> WebSocket [ConnectToDepthStream()] [Closed] [future] and reconnect again [during Task.Delay]..
10:34:27.923144> WebSocket [ConnectToDepthStream()] [future] error: Unable to read data from the transport connection: An existing connection was forcibly closed by the remote host.
10:34:27.923144> WebSocket [ConnectToDepthStream()] [Closed] [future] and reconnect again..
10:34:28.219161> WebSocket connected! Start @depth [Future] process...
10:34:29.656242> WebSocket connected! Start @depth [Future] process...
10:34:29.692244> WebSocket connected! Start @depth [Future] process...
10:34:30.001265> BinanceFuture - Vxxv1AWf[USD_M] Reconect to WebSocket #
10:34:30.001265> WebSocket [ConnectToDepthStream()] [Closed] [future] and reconnect again [during Task.Delay]..
10:34:30.327280> BinanceFuture - Vxxv1AWf[USD_M] Reconect to WebSocket #
10:34:30.336281> WebSocket [ConnectToDepthStream()] [Closed] [future] and reconnect again [during Task.Delay]..
10:34:30.500290> WebSocket connected! Start @depth [Future] process...
10:34:31.286336> WebSocket connected! Start @depth [Future] process...
10:34:31.288338> WebSocket connected! Start @depth [Future] process...
10:34:31.294339> WebSocket connected! Start @depth [Future] process...
10:34:31.490349> BinanceFuture - Vxxv1AWf[USD_M] Reconect to WebSocket #
10:34:31.496351> WebSocket [ConnectToDepthStream()] [Closed] [future] and reconnect again [during Task.Delay]..
10:34:31.547352> WebSocket [ConnectToDepthStream()] [future] error: Unable to write data to the transport connection: An existing connection was forcibly closed by the remote host.
10:34:31.548351> WebSocket [ConnectToDepthStream()] [Closed] [future] and reconnect again..
10:34:31.627356> WebSocket connected! Start @depth [Future] process...
10:34:31.751362> WebSocket connected! Start @depth [Future] process...
10:34:31.917372> WebSocket connected! Start @depth [Future] process...
10:34:31.939374> WebSocket connected! Start @depth [Future] process...
10:34:32.001377> WebSocket [ConnectToDepthStream()] [future] error: Unable to write data to the transport connection: An existing connection was forcibly closed by the remote host.
10:34:32.016377> WebSocket [ConnectToDepthStream()] [Closed] [future] and reconnect again..
10:34:32.041379> WebSocket connected! Start @depth [Future] process...
10:34:34.468518> WebSocket connected! Start @depth [Future] process...
10:34:36.054609> WebSocket connected! Start @depth [Future] process...
10:34:36.473633> WebSocket connected! Start @depth [Future] process...
10:34:37.931717> WebSocket connected! Start @depth [Future] process...
10:34:38.965779> WebSocket connected! Start @depth [Future] process...
10:35:25.316435> WebSocket [ConnectToDepthStream()] [future] error: Unable to read data from the transport connection: An existing connection was forcibly closed by the remote host.
10:35:25.354438> WebSocket [ConnectToDepthStream()] [Closed] [future] and reconnect again..
10:35:26.962530> WebSocket [ConnectToDepthStream()] [future] error: Unable to write data to the transport connection: An existing connection was forcibly closed by the remote host.
10:35:27.015531> WebSocket [ConnectToDepthStream()] [Closed] [future] and reconnect again..
10:35:30.377724> BinanceFuture - Vxxv1AWf[USD_M] Reconect to WebSocket #
10:35:30.385725> WebSocket [ConnectToDepthStream()] [Closed] [future] and reconnect again [during Task.Delay]..
10:35:31.389782> WebSocket [ConnectToDepthStream()] [future] error: Unable to read data from the transport connection: An existing connection was forcibly closed by the remote host.
10:35:31.389782> WebSocket [ConnectToDepthStream()] [Closed] [future] and reconnect again..
10:35:32.015815> BinanceFuture - Vxxv1AWf[USD_M] Reconect to WebSocket #
10:35:32.015815> WebSocket [ConnectToDepthStream()] [Closed] [future] and reconnect again [during Task.Delay]..
10:35:33.292890> WebSocket connected! Start @depth [Future] process...
10:35:34.958985> WebSocket [ConnectToDepthStream()] [future] error: Unable to write data to the transport connection: An existing connection was forcibly closed by the remote host.
10:35:34.999990> WebSocket [ConnectToDepthStream()] [Closed] [future] and reconnect again..
10:35:35.747031> WebSocket connected! Start @depth [Future] process...
10:35:36.462074> BinanceFuture - Vxxv1AWf[USD_M] Reconect to WebSocket #
10:35:36.463072> WebSocket [ConnectToDepthStream()] [Closed] [future] and reconnect again [during Task.Delay]..
10:35:38.217173> WebSocket connected! Start @depth [Future] process...
10:35:39.294235> WebSocket connected! Start @depth [Future] process...
10:35:39.845268> WebSocket connected! Start @depth [Future] process...
10:35:40.135285> BinanceFuture - Vxxv1AWf[USD_M] Reconect to WebSocket #
10:35:40.136285> WebSocket [ConnectToDepthStream()] [Closed] [future] and reconnect again [during Task.Delay]..
10:35:40.381299> WebSocket connected! Start @depth [Future] process...
10:35:40.967336> WebSocket connected! Start @depth [Future] process...
10:35:45.327579> WebSocket connected! Start @depth [Future] process...
