18:05:09.724292> Binance - Vxxv1AWf[SPOT] SPOT Balance: 0.00000000 USDT
18:05:09.876299> Lenta has started...Start SubscribeToAggTradeStream @aggTrade [future] process...
18:05:09.876299> WebSocket connected! Start @depth [Future] process...
18:05:09.877302> Lenta has started...Start SubscribeToTradeStream @trade [{accType}] process...
18:05:09.877302> WebSocket connected! Start Partial @depth20 [SPOT] process...
18:05:09.886301> WebSocket connected! Start [SPOT] @depth@100ms process...
18:05:09.887300> WebSocket connected! Start Partial @depth20 [Future] process...
18:05:09.978303> WebSocket connected! Start Partial @depth20 [SPOT] process...
18:05:09.988302> WebSocket connected! Start [SPOT] @depth@100ms process...
18:05:10.009306> Lenta has started...Start SubscribeToTradeStream @trade [{accType}] process...
18:05:10.299323> New Max DevBuy (-): 0.00000000 GapBuy:30.74000000 avgGapBuy:30.74000000 deviationBuy:0.00000000
18:05:10.299323> Ask1: 56829.70 Bid1:56829.60 Ask2:56798.96000000 Bid2:56798.95000000
18:05:10.299323> New Min DevSell: 0.0 GapSell:30.65000000 avgGapSell:30.65000000 deviationSell:0.00000000
18:05:10.300323> Ask1: 56829.70 Bid1:56829.60 Ask2:56798.96000000 Bid2:56798.95000000
18:05:10.310322> New Max DevBuy (-): 0.00000000 GapBuy:30.74000000 avgGapBuy:30.74000000 deviationBuy:0.00000000
18:05:10.311322> Ask1: 56829.70 Bid1:56829.60 Ask2:56798.96000000 Bid2:56798.95000000
18:05:10.311322> New Min DevSell: 0.0 GapSell:30.65000000 avgGapSell:30.65000000 deviationSell:0.00000000
18:05:10.311322> Ask1: 56829.70 Bid1:56829.60 Ask2:56798.96000000 Bid2:56798.95000000
18:05:10.312322> New Max DevBuy (-): 0.00000000 GapBuy:30.74000000 avgGapBuy:30.74000000 deviationBuy:0.00000000
18:05:10.312322> Ask1: 56829.70 Bid1:56829.60 Ask2:56798.96000000 Bid2:56798.95000000
18:05:10.312322> New Min DevSell: 0.0 GapSell:30.65000000 avgGapSell:30.65000000 deviationSell:0.00000000
18:05:10.312322> Ask1: 56829.70 Bid1:56829.60 Ask2:56798.96000000 Bid2:56798.95000000
18:05:10.313323> New Max DevBuy (-): 0.00000000 GapBuy:30.74000000 avgGapBuy:30.74000000 deviationBuy:0.00000000
18:05:10.313323> Ask1: 56829.70 Bid1:56829.60 Ask2:56798.96000000 Bid2:56798.95000000
18:05:10.313323> New Min DevSell: 0.0 GapSell:30.65000000 avgGapSell:30.65000000 deviationSell:0.00000000
18:05:10.313323> Ask1: 56829.70 Bid1:56829.60 Ask2:56798.96000000 Bid2:56798.95000000
18:05:10.314324> New Max DevBuy (-): 0.00000000 GapBuy:30.74000000 avgGapBuy:30.74000000 deviationBuy:0.00000000
18:05:10.314324> Ask1: 56829.70 Bid1:56829.60 Ask2:56798.96000000 Bid2:56798.95000000
18:05:10.314324> New Min DevSell: 0.0 GapSell:30.65000000 avgGapSell:30.65000000 deviationSell:0.00000000
18:05:10.314324> Ask1: 56829.70 Bid1:56829.60 Ask2:56798.96000000 Bid2:56798.95000000
18:05:10.316323> New Max DevBuy (-): 0.00000000 GapBuy:30.74000000 avgGapBuy:30.74000000 deviationBuy:0.00000000
18:05:10.316323> Ask1: 56829.70 Bid1:56829.60 Ask2:56798.96000000 Bid2:56798.95000000
18:05:10.316323> New Min DevSell: 0.0 GapSell:30.65000000 avgGapSell:30.65000000 deviationSell:0.00000000
18:05:10.316323> Ask1: 56829.70 Bid1:56829.60 Ask2:56798.96000000 Bid2:56798.95000000
18:05:10.317324> New Max DevBuy (-): 0.00000000 GapBuy:30.74000000 avgGapBuy:30.74000000 deviationBuy:0.00000000
18:05:10.317324> Ask1: 56829.70 Bid1:56829.60 Ask2:56798.96000000 Bid2:56798.95000000
18:05:10.317324> New Min DevSell: 0.0 GapSell:30.65000000 avgGapSell:30.65000000 deviationSell:0.00000000
18:05:10.317324> Ask1: 56829.70 Bid1:56829.60 Ask2:56798.96000000 Bid2:56798.95000000
18:05:10.319324> New Max DevBuy (-): 0.00000000 GapBuy:30.74000000 avgGapBuy:30.74000000 deviationBuy:0.00000000
18:05:10.319324> Ask1: 56829.70 Bid1:56829.60 Ask2:56798.96000000 Bid2:56798.95000000
18:05:10.319324> New Min DevSell: 0.0 GapSell:30.65000000 avgGapSell:30.65000000 deviationSell:0.00000000
18:05:10.319324> Ask1: 56829.70 Bid1:56829.60 Ask2:56798.96000000 Bid2:56798.95000000
18:05:10.320324> New Max DevBuy (-): 0.00000000 GapBuy:30.74000000 avgGapBuy:30.74000000 deviationBuy:0.00000000
18:05:10.320324> Ask1: 56829.70 Bid1:56829.60 Ask2:56798.96000000 Bid2:56798.95000000
18:05:10.320324> New Min DevSell: 0.0 GapSell:30.65000000 avgGapSell:30.65000000 deviationSell:0.00000000
18:05:10.320324> Ask1: 56829.70 Bid1:56829.60 Ask2:56798.96000000 Bid2:56798.95000000
18:05:10.322324> New Max DevBuy (-): 0.00000000 GapBuy:30.74000000 avgGapBuy:30.74000000 deviationBuy:0.00000000
18:05:10.322324> Ask1: 56829.70 Bid1:56829.60 Ask2:56798.96000000 Bid2:56798.95000000
18:05:10.322324> New Min DevSell: 0.0 GapSell:30.65000000 avgGapSell:30.65000000 deviationSell:0.00000000
18:05:10.322324> Ask1: 56829.70 Bid1:56829.60 Ask2:56798.96000000 Bid2:56798.95000000
18:05:10.323324> New Max DevBuy (-): 0.00000000 GapBuy:30.74000000 avgGapBuy:30.74000000 deviationBuy:0.00000000
18:05:10.323324> Ask1: 56829.70 Bid1:56829.60 Ask2:56798.96000000 Bid2:56798.95000000
18:05:10.323324> New Min DevSell: 0.0 GapSell:30.65000000 avgGapSell:30.65000000 deviationSell:0.00000000
18:05:10.323324> Ask1: 56829.70 Bid1:56829.60 Ask2:56798.96000000 Bid2:56798.95000000
18:05:10.324324> New Max DevBuy (-): 0.00000000 GapBuy:30.74000000 avgGapBuy:30.74000000 deviationBuy:0.00000000
18:05:10.324324> Ask1: 56829.70 Bid1:56829.60 Ask2:56798.96000000 Bid2:56798.95000000
18:05:10.324324> New Min DevSell: 0.0 GapSell:30.65000000 avgGapSell:30.65000000 deviationSell:0.00000000
18:05:10.324324> Ask1: 56829.70 Bid1:56829.60 Ask2:56798.96000000 Bid2:56798.95000000
18:05:10.326324> New Max DevBuy (-): 0.00000000 GapBuy:30.74000000 avgGapBuy:30.74000000 deviationBuy:0.00000000
18:05:10.326324> Ask1: 56829.70 Bid1:56829.60 Ask2:56798.96000000 Bid2:56798.95000000
18:05:10.326324> New Min DevSell: 0.0 GapSell:30.65000000 avgGapSell:30.65000000 deviationSell:0.00000000
18:05:10.326324> Ask1: 56829.70 Bid1:56829.60 Ask2:56798.96000000 Bid2:56798.95000000
18:05:10.328324> New Max DevBuy (-): 0.00000000 GapBuy:30.74000000 avgGapBuy:30.74000000 deviationBuy:0.00000000
18:05:10.328324> Ask1: 56829.70 Bid1:56829.60 Ask2:56798.96000000 Bid2:56798.95000000
18:05:10.328324> New Min DevSell: 0.0 GapSell:30.65000000 avgGapSell:30.65000000 deviationSell:0.00000000
18:05:10.328324> Ask1: 56829.70 Bid1:56829.60 Ask2:56798.96000000 Bid2:56798.95000000
18:05:10.329324> New Max DevBuy (-): 0.00000000 GapBuy:30.74000000 avgGapBuy:30.74000000 deviationBuy:0.00000000
18:05:10.329324> Ask1: 56829.70 Bid1:56829.60 Ask2:56798.96000000 Bid2:56798.95000000
18:05:10.336324> New Min DevSell: 0.0 GapSell:30.65000000 avgGapSell:30.65000000 deviationSell:0.00000000
18:05:10.337326> Ask1: 56829.70 Bid1:56829.60 Ask2:56798.96000000 Bid2:56798.95000000
18:05:10.339325> New Max DevBuy (-): 0.00000000 GapBuy:30.74000000 avgGapBuy:30.74000000 deviationBuy:0.00000000
18:05:10.339325> Ask1: 56829.70 Bid1:56829.60 Ask2:56798.96000000 Bid2:56798.95000000
18:05:10.339325> New Min DevSell: 0.0 GapSell:30.65000000 avgGapSell:30.65000000 deviationSell:0.00000000
18:05:10.339325> Ask1: 56829.70 Bid1:56829.60 Ask2:56798.96000000 Bid2:56798.95000000
18:05:10.341324> New Max DevBuy (-): 0.00000000 GapBuy:30.74000000 avgGapBuy:30.74000000 deviationBuy:0.00000000
18:05:10.341324> Ask1: 56829.70 Bid1:56829.60 Ask2:56798.96000000 Bid2:56798.95000000
18:05:10.341324> New Min DevSell: 0.0 GapSell:30.65000000 avgGapSell:30.65000000 deviationSell:0.00000000
18:05:10.342324> Ask1: 56829.70 Bid1:56829.60 Ask2:56798.96000000 Bid2:56798.95000000
18:05:10.343325> New Max DevBuy (-): 0.00000000 GapBuy:30.74000000 avgGapBuy:30.74000000 deviationBuy:0.00000000
18:05:10.343325> Ask1: 56829.70 Bid1:56829.60 Ask2:56798.96000000 Bid2:56798.95000000
18:05:10.343325> New Min DevSell: 0.0 GapSell:30.65000000 avgGapSell:30.65000000 deviationSell:0.00000000
18:05:10.343325> Ask1: 56829.70 Bid1:56829.60 Ask2:56798.96000000 Bid2:56798.95000000
18:05:10.345326> New Max DevBuy (-): 0.00000000 GapBuy:30.74000000 avgGapBuy:30.74000000 deviationBuy:0.00000000
18:05:10.345326> Ask1: 56829.70 Bid1:56829.60 Ask2:56798.96000000 Bid2:56798.95000000
18:05:10.345326> New Min DevSell: 0.0 GapSell:30.65000000 avgGapSell:30.65000000 deviationSell:0.00000000
18:05:10.345326> Ask1: 56829.70 Bid1:56829.60 Ask2:56798.96000000 Bid2:56798.95000000
18:05:10.348346> New Max DevBuy (-): 0.00000000 GapBuy:30.74000000 avgGapBuy:30.74000000 deviationBuy:0.00000000
18:05:10.348346> Ask1: 56829.70 Bid1:56829.60 Ask2:56798.96000000 Bid2:56798.95000000
18:05:10.348346> New Min DevSell: 0.0 GapSell:30.65000000 avgGapSell:30.65000000 deviationSell:0.00000000
18:05:10.348346> Ask1: 56829.70 Bid1:56829.60 Ask2:56798.96000000 Bid2:56798.95000000
18:05:10.350325> New Max DevBuy (-): 0.00000000 GapBuy:30.74000000 avgGapBuy:30.74000000 deviationBuy:0.00000000
18:05:10.350325> Ask1: 56829.70 Bid1:56829.60 Ask2:56798.96000000 Bid2:56798.95000000
18:05:10.350325> New Min DevSell: 0.0 GapSell:30.65000000 avgGapSell:30.65000000 deviationSell:0.00000000
18:05:10.350325> Ask1: 56829.70 Bid1:56829.60 Ask2:56798.96000000 Bid2:56798.95000000
18:05:10.351326> New Max DevBuy (-): 0.00000000 GapBuy:30.74000000 avgGapBuy:30.74000000 deviationBuy:0.00000000
18:05:10.351326> Ask1: 56829.70 Bid1:56829.60 Ask2:56798.96000000 Bid2:56798.95000000
18:05:10.351326> New Min DevSell: 0.0 GapSell:30.65000000 avgGapSell:30.65000000 deviationSell:0.00000000
18:05:10.351326> Ask1: 56829.70 Bid1:56829.60 Ask2:56798.96000000 Bid2:56798.95000000
18:05:10.353325> New Max DevBuy (-): 0.00000000 GapBuy:30.74000000 avgGapBuy:30.74000000 deviationBuy:0.00000000
18:05:10.353325> Ask1: 56829.70 Bid1:56829.60 Ask2:56798.96000000 Bid2:56798.95000000
18:05:10.353325> New Min DevSell: 0.0 GapSell:30.65000000 avgGapSell:30.65000000 deviationSell:0.00000000
18:05:10.353325> Ask1: 56829.70 Bid1:56829.60 Ask2:56798.96000000 Bid2:56798.95000000
18:05:10.354327> New Max DevBuy (-): 0.00000000 GapBuy:30.74000000 avgGapBuy:30.74000000 deviationBuy:0.00000000
18:05:10.354327> Ask1: 56829.70 Bid1:56829.60 Ask2:56798.96000000 Bid2:56798.95000000
18:05:10.355325> New Min DevSell: 0.0 GapSell:30.65000000 avgGapSell:30.65000000 deviationSell:0.00000000
18:05:10.355325> Ask1: 56829.70 Bid1:56829.60 Ask2:56798.96000000 Bid2:56798.95000000
18:05:10.356326> New Max DevBuy (-): 0.00000000 GapBuy:30.74000000 avgGapBuy:30.74000000 deviationBuy:0.00000000
18:05:10.356326> Ask1: 56829.70 Bid1:56829.60 Ask2:56798.96000000 Bid2:56798.95000000
18:05:10.356326> New Min DevSell: 0.0 GapSell:30.65000000 avgGapSell:30.65000000 deviationSell:0.00000000
18:05:10.356326> Ask1: 56829.70 Bid1:56829.60 Ask2:56798.96000000 Bid2:56798.95000000
18:05:10.358326> New Max DevBuy (-): 0.00000000 GapBuy:30.74000000 avgGapBuy:30.74000000 deviationBuy:0.00000000
18:05:10.358326> Ask1: 56829.70 Bid1:56829.60 Ask2:56798.96000000 Bid2:56798.95000000
18:05:10.358326> New Min DevSell: 0.0 GapSell:30.65000000 avgGapSell:30.65000000 deviationSell:0.00000000
18:05:10.358326> Ask1: 56829.70 Bid1:56829.60 Ask2:56798.96000000 Bid2:56798.95000000
18:05:10.360326> New Max DevBuy (-): 0.00000000 GapBuy:30.74000000 avgGapBuy:30.74000000 deviationBuy:0.00000000
18:05:10.360326> Ask1: 56829.70 Bid1:56829.60 Ask2:56798.96000000 Bid2:56798.95000000
18:05:10.360326> New Min DevSell: 0.0 GapSell:30.65000000 avgGapSell:30.65000000 deviationSell:0.00000000
18:05:10.360326> Ask1: 56829.70 Bid1:56829.60 Ask2:56798.96000000 Bid2:56798.95000000
18:05:10.361326> New Max DevBuy (-): 0.00000000 GapBuy:30.74000000 avgGapBuy:30.74000000 deviationBuy:0.00000000
18:05:10.361326> Ask1: 56829.70 Bid1:56829.60 Ask2:56798.96000000 Bid2:56798.95000000
18:05:10.361326> New Min DevSell: 0.0 GapSell:30.65000000 avgGapSell:30.65000000 deviationSell:0.00000000
18:05:10.361326> Ask1: 56829.70 Bid1:56829.60 Ask2:56798.96000000 Bid2:56798.95000000
18:05:10.363329> New Max DevBuy (-): 0.00000000 GapBuy:30.74000000 avgGapBuy:30.74000000 deviationBuy:0.00000000
18:05:10.363329> Ask1: 56829.70 Bid1:56829.60 Ask2:56798.96000000 Bid2:56798.95000000
18:05:10.363329> New Min DevSell: 0.0 GapSell:30.65000000 avgGapSell:30.65000000 deviationSell:0.00000000
18:05:10.363329> Ask1: 56829.70 Bid1:56829.60 Ask2:56798.96000000 Bid2:56798.95000000
18:05:10.366327> New Max DevBuy (-): 0.00000000 GapBuy:30.74000000 avgGapBuy:30.74000000 deviationBuy:0.00000000
18:05:10.366327> Ask1: 56829.70 Bid1:56829.60 Ask2:56798.96000000 Bid2:56798.95000000
18:05:10.367325> New Min DevSell: 0.0 GapSell:30.65000000 avgGapSell:30.65000000 deviationSell:0.00000000
18:05:10.367325> Ask1: 56829.70 Bid1:56829.60 Ask2:56798.96000000 Bid2:56798.95000000
18:05:10.369340> New Max DevBuy (-): 0.00000000 GapBuy:30.74000000 avgGapBuy:30.74000000 deviationBuy:0.00000000
18:05:10.369340> Ask1: 56829.70 Bid1:56829.60 Ask2:56798.96000000 Bid2:56798.95000000
18:05:10.369340> New Min DevSell: 0.0 GapSell:30.65000000 avgGapSell:30.65000000 deviationSell:0.00000000
18:05:10.370326> Ask1: 56829.70 Bid1:56829.60 Ask2:56798.96000000 Bid2:56798.95000000
18:05:10.371327> New Max DevBuy (-): 0.00000000 GapBuy:30.74000000 avgGapBuy:30.74000000 deviationBuy:0.00000000
18:05:10.371327> Ask1: 56829.70 Bid1:56829.60 Ask2:56798.96000000 Bid2:56798.95000000
18:05:10.371327> New Min DevSell: 0.0 GapSell:30.65000000 avgGapSell:30.65000000 deviationSell:0.00000000
18:05:10.371327> Ask1: 56829.70 Bid1:56829.60 Ask2:56798.96000000 Bid2:56798.95000000
18:05:10.374328> New Max DevBuy (-): 0.00000000 GapBuy:30.74000000 avgGapBuy:30.74000000 deviationBuy:0.00000000
18:05:10.374328> Ask1: 56829.70 Bid1:56829.60 Ask2:56798.96000000 Bid2:56798.95000000
18:05:10.374328> New Min DevSell: 0.0 GapSell:30.65000000 avgGapSell:30.65000000 deviationSell:0.00000000
18:05:10.374328> Ask1: 56829.70 Bid1:56829.60 Ask2:56798.96000000 Bid2:56798.95000000
18:05:10.377340> New Max DevBuy (-): 0.00000000 GapBuy:30.74000000 avgGapBuy:30.74000000 deviationBuy:0.00000000
18:05:10.377340> Ask1: 56829.70 Bid1:56829.60 Ask2:56798.96000000 Bid2:56798.95000000
18:05:10.377340> New Min DevSell: 0.0 GapSell:30.65000000 avgGapSell:30.65000000 deviationSell:0.00000000
18:05:10.378326> Ask1: 56829.70 Bid1:56829.60 Ask2:56798.96000000 Bid2:56798.95000000
18:05:10.379327> New Max DevBuy (-): 0.00000000 GapBuy:30.74000000 avgGapBuy:30.74000000 deviationBuy:0.00000000
18:05:10.379327> Ask1: 56829.70 Bid1:56829.60 Ask2:56798.96000000 Bid2:56798.95000000
18:05:10.379327> New Min DevSell: 0.0 GapSell:30.65000000 avgGapSell:30.65000000 deviationSell:0.00000000
18:05:10.379327> Ask1: 56829.70 Bid1:56829.60 Ask2:56798.96000000 Bid2:56798.95000000
18:05:10.381327> New Max DevBuy (-): 0.00000000 GapBuy:30.74000000 avgGapBuy:30.74000000 deviationBuy:0.00000000
18:05:10.381327> Ask1: 56829.70 Bid1:56829.60 Ask2:56798.96000000 Bid2:56798.95000000
18:05:10.381327> New Min DevSell: 0.0 GapSell:30.65000000 avgGapSell:30.65000000 deviationSell:0.00000000
18:05:10.382327> Ask1: 56829.70 Bid1:56829.60 Ask2:56798.96000000 Bid2:56798.95000000
18:05:10.384327> New Max DevBuy (-): 0.00000000 GapBuy:30.74000000 avgGapBuy:30.74000000 deviationBuy:0.00000000
18:05:10.384327> Ask1: 56829.70 Bid1:56829.60 Ask2:56798.96000000 Bid2:56798.95000000
18:05:10.384327> New Min DevSell: 0.0 GapSell:30.65000000 avgGapSell:30.65000000 deviationSell:0.00000000
18:05:10.385327> Ask1: 56829.70 Bid1:56829.60 Ask2:56798.96000000 Bid2:56798.95000000
18:05:10.386329> New Max DevBuy (-): 0.00000000 GapBuy:30.74000000 avgGapBuy:30.74000000 deviationBuy:0.00000000
18:05:10.386329> Ask1: 56829.70 Bid1:56829.60 Ask2:56798.96000000 Bid2:56798.95000000
18:05:10.386329> New Min DevSell: 0.0 GapSell:30.65000000 avgGapSell:30.65000000 deviationSell:0.00000000
18:05:10.386329> Ask1: 56829.70 Bid1:56829.60 Ask2:56798.96000000 Bid2:56798.95000000
18:05:10.388328> New Max DevBuy (-): 0.00000000 GapBuy:30.74000000 avgGapBuy:30.74000000 deviationBuy:0.00000000
18:05:10.388328> Ask1: 56829.70 Bid1:56829.60 Ask2:56798.96000000 Bid2:56798.95000000
18:05:10.388328> New Min DevSell: 0.0 GapSell:30.65000000 avgGapSell:30.65000000 deviationSell:0.00000000
18:05:10.389328> Ask1: 56829.70 Bid1:56829.60 Ask2:56798.96000000 Bid2:56798.95000000
18:05:10.391378> New Max DevBuy (-): 0.00000000 GapBuy:30.74000000 avgGapBuy:30.74000000 deviationBuy:0.00000000
18:05:10.391378> Ask1: 56829.70 Bid1:56829.60 Ask2:56798.96000000 Bid2:56798.95000000
18:05:10.392330> New Min DevSell: 0.0 GapSell:30.65000000 avgGapSell:30.65000000 deviationSell:0.00000000
18:05:10.393333> Ask1: 56829.70 Bid1:56829.60 Ask2:56798.96000000 Bid2:56798.95000000
18:05:10.394335> New Max DevBuy (-): 0.00000000 GapBuy:30.74000000 avgGapBuy:30.74000000 deviationBuy:0.00000000
18:05:10.394335> Ask1: 56829.70 Bid1:56829.60 Ask2:56798.96000000 Bid2:56798.95000000
18:05:10.394335> New Min DevSell: 0.0 GapSell:30.65000000 avgGapSell:30.65000000 deviationSell:0.00000000
18:05:10.395328> Ask1: 56829.70 Bid1:56829.60 Ask2:56798.96000000 Bid2:56798.95000000
18:05:10.396328> New Max DevBuy (-): 0.00000000 GapBuy:30.74000000 avgGapBuy:30.74000000 deviationBuy:0.00000000
18:05:10.396328> Ask1: 56829.70 Bid1:56829.60 Ask2:56798.96000000 Bid2:56798.95000000
18:05:10.396328> New Min DevSell: 0.0 GapSell:30.65000000 avgGapSell:30.65000000 deviationSell:0.00000000
18:05:10.397327> Ask1: 56829.70 Bid1:56829.60 Ask2:56798.96000000 Bid2:56798.95000000
18:05:10.398328> New Max DevBuy (-): 0.00000000 GapBuy:30.74000000 avgGapBuy:30.74000000 deviationBuy:0.00000000
18:05:10.398328> Ask1: 56829.70 Bid1:56829.60 Ask2:56798.96000000 Bid2:56798.95000000
18:05:10.407328> New Min DevSell: 0.0 GapSell:30.65000000 avgGapSell:30.65000000 deviationSell:0.00000000
18:05:10.407328> Ask1: 56829.70 Bid1:56829.60 Ask2:56798.96000000 Bid2:56798.95000000
18:05:10.408328> New Max DevBuy (-): 0.00000000 GapBuy:30.74000000 avgGapBuy:30.74000000 deviationBuy:0.00000000
18:05:10.408328> Ask1: 56829.70 Bid1:56829.60 Ask2:56798.96000000 Bid2:56798.95000000
18:05:10.408328> New Min DevSell: 0.0 GapSell:30.65000000 avgGapSell:30.65000000 deviationSell:0.00000000
18:05:10.409330> Ask1: 56829.70 Bid1:56829.60 Ask2:56798.96000000 Bid2:56798.95000000
18:05:10.410330> New Max DevBuy (-): 0.00000000 GapBuy:30.74000000 avgGapBuy:30.74000000 deviationBuy:0.00000000
18:05:10.428329> Ask1: 56829.70 Bid1:56829.60 Ask2:56798.96000000 Bid2:56798.95000000
18:05:10.428329> New Min DevSell: 0.0 GapSell:30.65000000 avgGapSell:30.65000000 deviationSell:0.00000000
18:05:10.428329> Ask1: 56829.70 Bid1:56829.60 Ask2:56798.96000000 Bid2:56798.95000000
18:05:10.435331> New Max DevBuy (-): 0.00000000 GapBuy:30.74000000 avgGapBuy:30.74000000 deviationBuy:0.00000000
18:05:10.435331> Ask1: 56829.70 Bid1:56829.60 Ask2:56798.96000000 Bid2:56798.95000000
18:05:10.435331> New Min DevSell: 0.0 GapSell:30.65000000 avgGapSell:30.65000000 deviationSell:0.00000000
18:05:10.435331> Ask1: 56829.70 Bid1:56829.60 Ask2:56798.96000000 Bid2:56798.95000000
18:05:10.437330> New Max DevBuy (-): 0.00000000 GapBuy:30.74000000 avgGapBuy:30.74000000 deviationBuy:0.00000000
18:05:10.437330> Ask1: 56829.70 Bid1:56829.60 Ask2:56798.96000000 Bid2:56798.95000000
18:05:10.437330> New Min DevSell: 0.0 GapSell:30.65000000 avgGapSell:30.65000000 deviationSell:0.00000000
18:05:10.437330> Ask1: 56829.70 Bid1:56829.60 Ask2:56798.96000000 Bid2:56798.95000000
18:05:10.438330> New Max DevBuy (-): 0.00000000 GapBuy:30.74000000 avgGapBuy:30.74000000 deviationBuy:0.00000000
18:05:10.438330> Ask1: 56829.70 Bid1:56829.60 Ask2:56798.96000000 Bid2:56798.95000000
18:05:10.438330> New Min DevSell: 0.0 GapSell:30.65000000 avgGapSell:30.65000000 deviationSell:0.00000000
18:05:10.438330> Ask1: 56829.70 Bid1:56829.60 Ask2:56798.96000000 Bid2:56798.95000000
18:05:10.439330> New Max DevBuy (-): 0.00000000 GapBuy:30.74000000 avgGapBuy:30.74000000 deviationBuy:0.00000000
18:05:10.439330> Ask1: 56829.70 Bid1:56829.60 Ask2:56798.96000000 Bid2:56798.95000000
18:05:10.439330> New Min DevSell: 0.0 GapSell:30.65000000 avgGapSell:30.65000000 deviationSell:0.00000000
18:05:10.439330> Ask1: 56829.70 Bid1:56829.60 Ask2:56798.96000000 Bid2:56798.95000000
18:05:10.441331> New Max DevBuy (-): 0.00000000 GapBuy:30.74000000 avgGapBuy:30.74000000 deviationBuy:0.00000000
18:05:10.441331> Ask1: 56829.70 Bid1:56829.60 Ask2:56798.96000000 Bid2:56798.95000000
18:05:10.441331> New Min DevSell: 0.0 GapSell:30.65000000 avgGapSell:30.65000000 deviationSell:0.00000000
18:05:10.441331> Ask1: 56829.70 Bid1:56829.60 Ask2:56798.96000000 Bid2:56798.95000000
18:05:10.442331> New Max DevBuy (-): 0.00000000 GapBuy:30.74000000 avgGapBuy:30.74000000 deviationBuy:0.00000000
18:05:10.442331> Ask1: 56829.70 Bid1:56829.60 Ask2:56798.96000000 Bid2:56798.95000000
18:05:10.442331> New Min DevSell: 0.0 GapSell:30.65000000 avgGapSell:30.65000000 deviationSell:0.00000000
18:05:10.442331> Ask1: 56829.70 Bid1:56829.60 Ask2:56798.96000000 Bid2:56798.95000000
18:05:10.444329> New Max DevBuy (-): 0.00000000 GapBuy:30.74000000 avgGapBuy:30.74000000 deviationBuy:0.00000000
18:05:10.444329> Ask1: 56829.70 Bid1:56829.60 Ask2:56798.96000000 Bid2:56798.95000000
18:05:10.444329> New Min DevSell: 0.0 GapSell:30.65000000 avgGapSell:30.65000000 deviationSell:0.00000000
18:05:10.444329> Ask1: 56829.70 Bid1:56829.60 Ask2:56798.96000000 Bid2:56798.95000000
18:05:10.445331> New Max DevBuy (-): 0.00000000 GapBuy:30.74000000 avgGapBuy:30.74000000 deviationBuy:0.00000000
18:05:10.449330> Ask1: 56829.70 Bid1:56829.60 Ask2:56798.96000000 Bid2:56798.95000000
18:05:10.449330> New Min DevSell: 0.0 GapSell:30.65000000 avgGapSell:30.65000000 deviationSell:0.00000000
18:05:10.449330> Ask1: 56829.70 Bid1:56829.60 Ask2:56798.96000000 Bid2:56798.95000000
18:05:10.450331> New Max DevBuy (-): 0.00000000 GapBuy:30.74000000 avgGapBuy:30.74000000 deviationBuy:0.00000000
18:05:10.450331> Ask1: 56829.70 Bid1:56829.60 Ask2:56798.96000000 Bid2:56798.95000000
18:05:10.450331> New Min DevSell: 0.0 GapSell:30.65000000 avgGapSell:30.65000000 deviationSell:0.00000000
18:05:10.450331> Ask1: 56829.70 Bid1:56829.60 Ask2:56798.96000000 Bid2:56798.95000000
18:05:10.451332> New Max DevBuy (-): 0.00000000 GapBuy:30.74000000 avgGapBuy:30.74000000 deviationBuy:0.00000000
18:05:10.451332> Ask1: 56829.70 Bid1:56829.60 Ask2:56798.96000000 Bid2:56798.95000000
18:05:10.451332> New Min DevSell: 0.0 GapSell:30.65000000 avgGapSell:30.65000000 deviationSell:0.00000000
18:05:10.451332> Ask1: 56829.70 Bid1:56829.60 Ask2:56798.96000000 Bid2:56798.95000000
18:05:10.453330> New Max DevBuy (-): 0.00000000 GapBuy:30.74000000 avgGapBuy:30.74000000 deviationBuy:0.00000000
18:05:10.453330> Ask1: 56829.70 Bid1:56829.60 Ask2:56798.96000000 Bid2:56798.95000000
18:05:10.453330> New Min DevSell: 0.0 GapSell:30.65000000 avgGapSell:30.65000000 deviationSell:0.00000000
18:05:10.453330> Ask1: 56829.70 Bid1:56829.60 Ask2:56798.96000000 Bid2:56798.95000000
18:05:10.454332> New Max DevBuy (-): 0.00000000 GapBuy:30.74000000 avgGapBuy:30.74000000 deviationBuy:0.00000000
18:05:10.454332> Ask1: 56829.70 Bid1:56829.60 Ask2:56798.96000000 Bid2:56798.95000000
18:05:10.454332> New Min DevSell: 0.0 GapSell:30.65000000 avgGapSell:30.65000000 deviationSell:0.00000000
18:05:10.454332> Ask1: 56829.70 Bid1:56829.60 Ask2:56798.96000000 Bid2:56798.95000000
18:05:10.456329> New Max DevBuy (-): 0.00000000 GapBuy:30.74000000 avgGapBuy:30.74000000 deviationBuy:0.00000000
18:05:10.456329> Ask1: 56829.70 Bid1:56829.60 Ask2:56798.96000000 Bid2:56798.95000000
18:05:10.468335> New Min DevSell: 0.0 GapSell:30.65000000 avgGapSell:30.65000000 deviationSell:0.00000000
18:05:10.468335> Ask1: 56829.70 Bid1:56829.60 Ask2:56798.96000000 Bid2:56798.95000000
18:05:10.470332> New Max DevBuy (-): 0.00000000 GapBuy:30.74000000 avgGapBuy:30.74000000 deviationBuy:0.00000000
18:05:10.479332> Ask1: 56829.70 Bid1:56829.60 Ask2:56798.96000000 Bid2:56798.95000000
18:05:10.479332> New Min DevSell: 0.0 GapSell:30.65000000 avgGapSell:30.65000000 deviationSell:0.00000000
18:05:10.480332> Ask1: 56829.70 Bid1:56829.60 Ask2:56798.96000000 Bid2:56798.95000000
18:05:10.480332> WebSocket connected! Start Partial @depth20 [Future] process...
18:05:10.482334> New Max DevBuy (-): 0.00000000 GapBuy:30.74000000 avgGapBuy:30.74000000 deviationBuy:0.00000000
18:05:10.483333> Ask1: 56829.70 Bid1:56829.60 Ask2:56798.96000000 Bid2:56798.95000000
18:05:10.483333> New Min DevSell: 0.0 GapSell:30.65000000 avgGapSell:30.65000000 deviationSell:0.00000000
18:05:10.483333> Ask1: 56829.70 Bid1:56829.60 Ask2:56798.96000000 Bid2:56798.95000000
18:05:10.485331> New Max DevBuy (-): 0.00000000 GapBuy:30.74000000 avgGapBuy:30.74000000 deviationBuy:0.00000000
18:05:10.485331> Ask1: 56829.70 Bid1:56829.60 Ask2:56798.96000000 Bid2:56798.95000000
18:05:10.485331> New Min DevSell: 0.0 GapSell:30.65000000 avgGapSell:30.65000000 deviationSell:0.00000000
18:05:10.485331> Ask1: 56829.70 Bid1:56829.60 Ask2:56798.96000000 Bid2:56798.95000000
18:05:10.486334> New Max DevBuy (-): 0.00000000 GapBuy:30.74000000 avgGapBuy:30.74000000 deviationBuy:0.00000000
18:05:10.486334> Ask1: 56829.70 Bid1:56829.60 Ask2:56798.96000000 Bid2:56798.95000000
18:05:10.486334> New Min DevSell: 0.0 GapSell:30.65000000 avgGapSell:30.65000000 deviationSell:0.00000000
18:05:10.486334> Ask1: 56829.70 Bid1:56829.60 Ask2:56798.96000000 Bid2:56798.95000000
18:05:10.488333> New Max DevBuy (-): 0.00000000 GapBuy:30.74000000 avgGapBuy:30.74000000 deviationBuy:0.00000000
18:05:10.488333> Ask1: 56829.70 Bid1:56829.60 Ask2:56798.96000000 Bid2:56798.95000000
18:05:10.488333> New Min DevSell: 0.0 GapSell:30.65000000 avgGapSell:30.65000000 deviationSell:0.00000000
18:05:10.488333> Ask1: 56829.70 Bid1:56829.60 Ask2:56798.96000000 Bid2:56798.95000000
18:05:10.490333> New Max DevBuy (-): 0.00000000 GapBuy:30.74000000 avgGapBuy:30.74000000 deviationBuy:0.00000000
18:05:10.490333> Ask1: 56829.70 Bid1:56829.60 Ask2:56798.96000000 Bid2:56798.95000000
18:05:10.490333> New Min DevSell: 0.0 GapSell:30.65000000 avgGapSell:30.65000000 deviationSell:0.00000000
18:05:10.493333> WebSocket connected! Start @depth [Future] process...
18:05:10.494334> Ask1: 56829.70 Bid1:56829.60 Ask2:56798.96000000 Bid2:56798.95000000
18:05:10.499334> New Max DevBuy (-): 0.00000000 GapBuy:30.74000000 avgGapBuy:30.74000000 deviationBuy:0.00000000
18:05:10.499334> Ask1: 56829.70 Bid1:56829.60 Ask2:56798.96000000 Bid2:56798.95000000
18:05:10.500334> New Min DevSell: 0.0 GapSell:30.65000000 avgGapSell:30.65000000 deviationSell:0.00000000
18:05:10.500334> Ask1: 56829.70 Bid1:56829.60 Ask2:56798.96000000 Bid2:56798.95000000
18:05:10.501334> New Max DevBuy (-): 0.00000000 GapBuy:30.74000000 avgGapBuy:30.74000000 deviationBuy:0.00000000
18:05:10.501334> Ask1: 56829.70 Bid1:56829.60 Ask2:56798.96000000 Bid2:56798.95000000
18:05:10.501334> New Min DevSell: 0.0 GapSell:30.65000000 avgGapSell:30.65000000 deviationSell:0.00000000
18:05:10.502333> Ask1: 56829.70 Bid1:56829.60 Ask2:56798.96000000 Bid2:56798.95000000
18:05:10.503334> New Max DevBuy (-): 0.00000000 GapBuy:30.74000000 avgGapBuy:30.74000000 deviationBuy:0.00000000
18:05:10.504332> Ask1: 56829.70 Bid1:56829.60 Ask2:56798.96000000 Bid2:56798.95000000
18:05:10.505335> New Min DevSell: 0.0 GapSell:30.65000000 avgGapSell:30.65000000 deviationSell:0.00000000
18:05:10.505335> Ask1: 56829.70 Bid1:56829.60 Ask2:56798.96000000 Bid2:56798.95000000
18:05:10.507334> New Max DevBuy (-): 0.00000000 GapBuy:30.74000000 avgGapBuy:30.74000000 deviationBuy:0.00000000
18:05:10.508334> Ask1: 56829.70 Bid1:56829.60 Ask2:56798.96000000 Bid2:56798.95000000
18:05:10.508334> New Min DevSell: 0.0 GapSell:30.65000000 avgGapSell:30.65000000 deviationSell:0.00000000
18:05:10.509334> Ask1: 56829.70 Bid1:56829.60 Ask2:56798.96000000 Bid2:56798.95000000
18:05:10.509334> Lenta has started...Start SubscribeToAggTradeStream @aggTrade [future] process...
18:05:10.511336> New Max DevBuy (-): 0.00000000 GapBuy:30.74000000 avgGapBuy:30.74000000 deviationBuy:0.00000000
18:05:10.511336> Ask1: 56829.70 Bid1:56829.60 Ask2:56798.96000000 Bid2:56798.95000000
18:05:10.511336> New Min DevSell: 0.0 GapSell:30.65000000 avgGapSell:30.65000000 deviationSell:0.00000000
18:05:10.511336> Ask1: 56829.70 Bid1:56829.60 Ask2:56798.96000000 Bid2:56798.95000000
18:05:10.514335> New Max DevBuy (-): 0.00000000 GapBuy:30.74000000 avgGapBuy:30.74000000 deviationBuy:0.00000000
18:05:10.514335> Ask1: 56829.70 Bid1:56829.60 Ask2:56798.96000000 Bid2:56798.95000000
18:05:10.515335> New Min DevSell: 0.0 GapSell:30.65000000 avgGapSell:30.65000000 deviationSell:0.00000000
18:05:10.515335> Ask1: 56829.70 Bid1:56829.60 Ask2:56798.96000000 Bid2:56798.95000000
18:05:10.517334> New Max DevBuy (-): 0.00000000 GapBuy:30.74000000 avgGapBuy:30.74000000 deviationBuy:0.00000000
18:05:10.517334> Ask1: 56829.70 Bid1:56829.60 Ask2:56798.96000000 Bid2:56798.95000000
18:05:10.517334> New Min DevSell: 0.0 GapSell:30.65000000 avgGapSell:30.65000000 deviationSell:0.00000000
18:05:10.517334> Ask1: 56829.70 Bid1:56829.60 Ask2:56798.96000000 Bid2:56798.95000000
18:05:10.519355> New Max DevBuy (-): 0.00000000 GapBuy:30.74000000 avgGapBuy:30.74000000 deviationBuy:0.00000000
18:05:10.519355> Ask1: 56829.70 Bid1:56829.60 Ask2:56798.96000000 Bid2:56798.95000000
18:05:10.519355> New Min DevSell: 0.0 GapSell:30.65000000 avgGapSell:30.65000000 deviationSell:0.00000000
18:05:10.519355> Ask1: 56829.70 Bid1:56829.60 Ask2:56798.96000000 Bid2:56798.95000000
18:05:10.521349> New Max DevBuy (-): 0.00000000 GapBuy:30.74000000 avgGapBuy:30.74000000 deviationBuy:0.00000000
18:05:10.521349> Ask1: 56829.70 Bid1:56829.60 Ask2:56798.96000000 Bid2:56798.95000000
18:05:10.521349> New Min DevSell: 0.0 GapSell:30.65000000 avgGapSell:30.65000000 deviationSell:0.00000000
18:05:10.521349> Ask1: 56829.70 Bid1:56829.60 Ask2:56798.96000000 Bid2:56798.95000000
18:05:10.528343> New Max DevBuy (-): 0.00000000 GapBuy:30.74000000 avgGapBuy:30.74000000 deviationBuy:0.00000000
18:05:10.529347> Ask1: 56829.70 Bid1:56829.60 Ask2:56798.96000000 Bid2:56798.95000000
18:05:10.529347> New Min DevSell: 0.0 GapSell:30.65000000 avgGapSell:30.65000000 deviationSell:0.00000000
18:05:10.530347> Ask1: 56829.70 Bid1:56829.60 Ask2:56798.96000000 Bid2:56798.95000000
18:05:10.532340> New Max DevBuy (-): 0.00000000 GapBuy:30.74000000 avgGapBuy:30.74000000 deviationBuy:0.00000000
18:05:10.533342> Ask1: 56829.70 Bid1:56829.60 Ask2:56798.96000000 Bid2:56798.95000000
18:05:10.533342> New Min DevSell: 0.0 GapSell:30.65000000 avgGapSell:30.65000000 deviationSell:0.00000000
18:05:10.533342> Ask1: 56829.70 Bid1:56829.60 Ask2:56798.96000000 Bid2:56798.95000000
18:05:10.536337> New Max DevBuy (-): 0.00000000 GapBuy:30.74000000 avgGapBuy:30.74000000 deviationBuy:0.00000000
18:05:10.536337> Ask1: 56829.70 Bid1:56829.60 Ask2:56798.96000000 Bid2:56798.95000000
18:05:10.537345> New Min DevSell: 0.0 GapSell:30.65000000 avgGapSell:30.65000000 deviationSell:0.00000000
18:05:10.538338> Ask1: 56829.70 Bid1:56829.60 Ask2:56798.96000000 Bid2:56798.95000000
18:05:10.540343> New Max DevBuy (-): 0.00000000 GapBuy:30.74000000 avgGapBuy:30.74000000 deviationBuy:0.00000000
18:05:10.542346> Ask1: 56829.70 Bid1:56829.60 Ask2:56798.96000000 Bid2:56798.95000000
18:05:10.542346> New Min DevSell: 0.0 GapSell:30.65000000 avgGapSell:30.65000000 deviationSell:0.00000000
18:05:10.543341> Ask1: 56829.70 Bid1:56829.60 Ask2:56798.96000000 Bid2:56798.95000000
18:05:10.547350> New Max DevBuy (-): 0.00000000 GapBuy:30.74000000 avgGapBuy:30.74000000 deviationBuy:0.00000000
18:05:10.548350> Ask1: 56829.70 Bid1:56829.60 Ask2:56798.96000000 Bid2:56798.95000000
18:05:10.549349> New Min DevSell: 0.0 GapSell:30.65000000 avgGapSell:30.65000000 deviationSell:0.00000000
18:05:10.550342> Ask1: 56829.70 Bid1:56829.60 Ask2:56798.96000000 Bid2:56798.95000000
18:05:10.552346> New Max DevBuy (-): 0.00000000 GapBuy:30.74000000 avgGapBuy:30.74000000 deviationBuy:0.00000000
18:05:10.553351> Ask1: 56829.70 Bid1:56829.60 Ask2:56798.96000000 Bid2:56798.95000000
18:05:10.554347> New Min DevSell: 0.0 GapSell:30.65000000 avgGapSell:30.65000000 deviationSell:0.00000000
18:05:10.554347> Ask1: 56829.70 Bid1:56829.60 Ask2:56798.96000000 Bid2:56798.95000000
18:05:10.559343> New Max DevBuy (-): 0.00000000 GapBuy:30.74000000 avgGapBuy:30.74000000 deviationBuy:0.00000000
18:05:10.560343> Ask1: 56829.70 Bid1:56829.60 Ask2:56798.96000000 Bid2:56798.95000000
18:05:10.560343> New Min DevSell: 0.0 GapSell:30.65000000 avgGapSell:30.65000000 deviationSell:0.00000000
18:05:10.560343> Ask1: 56829.70 Bid1:56829.60 Ask2:56798.96000000 Bid2:56798.95000000
18:05:10.562339> New Max DevBuy (-): 0.00000000 GapBuy:30.74000000 avgGapBuy:30.74000000 deviationBuy:0.00000000
18:05:10.562339> Ask1: 56829.70 Bid1:56829.60 Ask2:56798.96000000 Bid2:56798.95000000
18:05:10.562339> New Min DevSell: 0.0 GapSell:30.65000000 avgGapSell:30.65000000 deviationSell:0.00000000
18:05:10.563339> Ask1: 56829.70 Bid1:56829.60 Ask2:56798.96000000 Bid2:56798.95000000
18:05:10.565347> New Max DevBuy (-): 0.00000000 GapBuy:30.74000000 avgGapBuy:30.74000000 deviationBuy:0.00000000
18:05:10.565347> Ask1: 56829.70 Bid1:56829.60 Ask2:56798.96000000 Bid2:56798.95000000
18:05:10.566343> New Min DevSell: 0.0 GapSell:30.65000000 avgGapSell:30.65000000 deviationSell:0.00000000
18:05:10.566343> Ask1: 56829.70 Bid1:56829.60 Ask2:56798.96000000 Bid2:56798.95000000
18:05:10.569342> New Max DevBuy (-): 0.00000000 GapBuy:30.74000000 avgGapBuy:30.74000000 deviationBuy:0.00000000
18:05:10.570344> Ask1: 56829.70 Bid1:56829.60 Ask2:56798.96000000 Bid2:56798.95000000
18:05:10.571348> New Min DevSell: 0.0 GapSell:30.65000000 avgGapSell:30.65000000 deviationSell:0.00000000
18:05:10.571348> Ask1: 56829.70 Bid1:56829.60 Ask2:56798.96000000 Bid2:56798.95000000
18:05:10.577374> New Max DevBuy (-): 0.00000000 GapBuy:30.74000000 avgGapBuy:30.74000000 deviationBuy:0.00000000
18:05:10.578339> Ask1: 56829.70 Bid1:56829.60 Ask2:56798.96000000 Bid2:56798.95000000
18:05:10.578339> New Min DevSell: 0.0 GapSell:30.65000000 avgGapSell:30.65000000 deviationSell:0.00000000
18:05:10.578339> Ask1: 56829.70 Bid1:56829.60 Ask2:56798.96000000 Bid2:56798.95000000
18:05:10.581348> New Max DevBuy (-): 0.00000000 GapBuy:30.74000000 avgGapBuy:30.74000000 deviationBuy:0.00000000
18:05:10.581348> Ask1: 56829.70 Bid1:56829.60 Ask2:56798.96000000 Bid2:56798.95000000
18:05:10.582344> New Min DevSell: 0.0 GapSell:30.65000000 avgGapSell:30.65000000 deviationSell:0.00000000
18:05:10.582344> Ask1: 56829.70 Bid1:56829.60 Ask2:56798.96000000 Bid2:56798.95000000
18:05:10.584879> New Max DevBuy (-): 0.00000000 GapBuy:30.74000000 avgGapBuy:30.74000000 deviationBuy:0.00000000
18:05:10.585608> Ask1: 56829.70 Bid1:56829.60 Ask2:56798.96000000 Bid2:56798.95000000
18:05:10.586351> New Min DevSell: 0.0 GapSell:30.65000000 avgGapSell:30.65000000 deviationSell:0.00000000
18:05:10.588345> Ask1: 56829.70 Bid1:56829.60 Ask2:56798.96000000 Bid2:56798.95000000
18:05:10.589345> New Max DevBuy (-): 0.00000000 GapBuy:30.74000000 avgGapBuy:30.74000000 deviationBuy:0.00000000
18:05:10.590346> Ask1: 56829.70 Bid1:56829.60 Ask2:56798.96000000 Bid2:56798.95000000
18:05:10.590346> New Min DevSell: 0.0 GapSell:30.65000000 avgGapSell:30.65000000 deviationSell:0.00000000
18:05:10.591342> Ask1: 56829.70 Bid1:56829.60 Ask2:56798.96000000 Bid2:56798.95000000
18:05:10.592349> New Max DevBuy (-): 0.00000000 GapBuy:30.74000000 avgGapBuy:30.74000000 deviationBuy:0.00000000
18:05:10.592349> Ask1: 56829.70 Bid1:56829.60 Ask2:56798.96000000 Bid2:56798.95000000
18:05:10.593345> New Min DevSell: 0.0 GapSell:30.65000000 avgGapSell:30.65000000 deviationSell:0.00000000
18:05:10.593345> Ask1: 56829.70 Bid1:56829.60 Ask2:56798.96000000 Bid2:56798.95000000
18:05:10.595347> New Max DevBuy (-): 0.00000000 GapBuy:30.74000000 avgGapBuy:30.74000000 deviationBuy:0.00000000
18:05:10.595347> Ask1: 56829.70 Bid1:56829.60 Ask2:56798.96000000 Bid2:56798.95000000
18:05:10.596349> New Min DevSell: 0.0 GapSell:30.65000000 avgGapSell:30.65000000 deviationSell:0.00000000
18:05:10.596349> Ask1: 56829.70 Bid1:56829.60 Ask2:56798.96000000 Bid2:56798.95000000
18:05:10.599347> New Max DevBuy (-): 0.00000000 GapBuy:30.74000000 avgGapBuy:30.74000000 deviationBuy:0.00000000
18:05:10.599347> Ask1: 56829.70 Bid1:56829.60 Ask2:56798.96000000 Bid2:56798.95000000
18:05:10.600354> New Min DevSell: 0.0 GapSell:30.65000000 avgGapSell:30.65000000 deviationSell:0.00000000
18:05:10.601347> Ask1: 56829.70 Bid1:56829.60 Ask2:56798.96000000 Bid2:56798.95000000
18:05:10.602348> New Max DevBuy (-): 0.00000000 GapBuy:30.74000000 avgGapBuy:30.74000000 deviationBuy:0.00000000
18:05:10.602348> Ask1: 56829.70 Bid1:56829.60 Ask2:56798.96000000 Bid2:56798.95000000
18:05:10.603350> New Min DevSell: 0.0 GapSell:30.65000000 avgGapSell:30.65000000 deviationSell:0.00000000
18:05:10.604348> Ask1: 56829.70 Bid1:56829.60 Ask2:56798.96000000 Bid2:56798.95000000
18:05:10.606344> New Max DevBuy (-): 0.00000000 GapBuy:30.74000000 avgGapBuy:30.74000000 deviationBuy:0.00000000
18:05:10.606344> Ask1: 56829.70 Bid1:56829.60 Ask2:56798.96000000 Bid2:56798.95000000
18:05:10.606344> New Min DevSell: 0.0 GapSell:30.65000000 avgGapSell:30.65000000 deviationSell:0.00000000
18:05:10.606344> Ask1: 56829.70 Bid1:56829.60 Ask2:56798.96000000 Bid2:56798.95000000
18:05:10.609345> New Max DevBuy (+): -3.00000000 GapBuy:27.74000000 avgGapBuy:30.74000000 deviationBuy:-3.00000000
18:05:10.609345> Ask1: 56826.70 Bid1:56826.60 Ask2:56798.96000000 Bid2:56798.95000000
18:05:10.609345> New Min DevSell: -3.00000000 GapSell:27.65000000 avgGapSell:30.65000000 deviationSell:-3.00000000
18:05:10.610341> Ask1: 56826.70 Bid1:56826.60 Ask2:56798.96000000 Bid2:56798.95000000
18:05:10.697346> New Max DevBuy (-): 1.97000000 GapBuy:32.71000000 avgGapBuy:30.74000000 deviationBuy:1.97000000
18:05:10.698348> Ask1: 56826.70 Bid1:56826.60 Ask2:56793.99000000 Bid2:56793.98000000
18:05:10.700355> New Min DevSell: -3.00000000 GapSell:32.62000000 avgGapSell:30.65000000 deviationSell:1.97000000
18:05:10.701347> Ask1: 56826.70 Bid1:56826.60 Ask2:56793.99000000 Bid2:56793.98000000
18:05:11.051365> BinanceFuture - Vxxv1AWf[USD_M] USD_M Balance: 256.02719561 USDT
18:05:11.134378> New Min DevSell: -5.83000000 GapSell:24.82000000 avgGapSell:30.65000000 deviationSell:-5.83000000
18:05:11.135371> Ask1: 56818.90 Bid1:56818.80 Ask2:56793.99000000 Bid2:56793.98000000
18:05:11.303379> New Min DevSell: -5.83000000 GapSell:31.02000000 avgGapSell:30.65000000 deviationSell:0.37000000
18:05:11.304382> Ask1: 56818.90 Bid1:56818.80 Ask2:56787.79000000 Bid2:56787.78000000
18:05:12.144455> New Max DevBuy (+): 7.37000000 GapBuy:38.11000000 avgGapBuy:30.74000000 deviationBuy:7.37000000
18:05:12.144455> Ask1: 56825.90 Bid1:56825.80 Ask2:56787.79000000 Bid2:56787.78000000
18:05:12.646509> New Max DevBuy (+): 8.67000000 GapBuy:39.41000000 avgGapBuy:30.74000000 deviationBuy:8.67000000
18:05:12.647513> Ask1: 56827.20 Bid1:56827.10 Ask2:56787.79000000 Bid2:56787.78000000
18:05:13.162359> New Max DevBuy (+): 22.07000000 GapBuy:52.81000000 avgGapBuy:30.74000000 deviationBuy:22.07000000
18:05:13.164330> Ask1: 56840.60 Bid1:56840.50 Ask2:56787.79000000 Bid2:56787.78000000
18:05:13.294322> New Max DevBuy (-): 2.62000000 GapBuy:33.36000000 avgGapBuy:30.74000000 deviationBuy:2.62000000
18:05:13.297323> Ask1: 56840.60 Bid1:56840.50 Ask2:56807.24000000 Bid2:56807.23000000
18:05:14.295173> New Max DevBuy (-): 6.76000000 GapBuy:37.50000000 avgGapBuy:30.74000000 deviationBuy:6.76000000
18:05:14.295173> Ask1: 56848.60 Bid1:56848.50 Ask2:56811.10000000 Bid2:56811.09000000
18:05:18.293898> New Max DevBuy (-): 7.66000000 GapBuy:38.40000000 avgGapBuy:30.74000000 deviationBuy:7.66000000
18:05:18.294846> Ask1: 56859.50 Bid1:56859.40 Ask2:56821.10000000 Bid2:56821.09000000
18:05:18.697879> New Min DevSell: -5.83000000 GapSell:28.31000000 avgGapSell:30.65000000 deviationSell:-2.34000000
18:05:18.699878> Ask1: 56859.50 Bid1:56859.40 Ask2:56831.10000000 Bid2:56831.09000000
18:05:23.295009> New Min DevSell: -5.83000000 GapSell:22.23000000 avgGapSell:30.65000000 deviationSell:-8.42000000
18:05:23.295009> Ask1: 56853.60 Bid1:56853.50 Ask2:56831.28000000 Bid2:56831.27000000
18:05:27.295363> New Max DevBuy (-): 12.91000000 GapBuy:43.65000000 avgGapBuy:30.74000000 deviationBuy:12.91000000
18:05:27.295363> Ask1: 56860.10 Bid1:56860.00 Ask2:56816.45000000 Bid2:56816.44000000
18:05:40.652795> New Min DevSell: -6.18000000 GapSell:24.47000000 avgGapSell:30.65000000 deviationSell:-6.18000000
18:05:40.652795> Ask1: 56842.70 Bid1:56842.60 Ask2:56818.14000000 Bid2:56818.13000000
18:05:43.173159> New Min DevSell: -9.09000000 GapSell:21.56000000 avgGapSell:30.65000000 deviationSell:-9.09000000
18:05:43.175163> Ask1: 56822.10 Bid1:56822.00 Ask2:56800.45000000 Bid2:56800.44000000
