18:58:20.818173> Binance - Vxxv1AWf[SPOT] SPOT Balance: 0.00000000 USDT
18:58:21.427208> WebSocket connected! Start @bookTicker [Future] process...
18:58:21.432213> Lenta has started...Start SubscribeToTradeStream @trade [{accType}] process...
18:58:21.612493> WebSocket connected! Start Partial @depth20 [SPOT] process...
18:58:21.623219> WebSocket connected! Start @bookTicker ...
18:58:21.841231> WebSocket connected! Start [SPOT] @depth@100ms process...
18:58:22.001239> WebSocket connected! Start Partial @depth20 [SPOT] process...
18:58:22.167249> WebSocket connected! Start [SPOT] @depth@100ms process...
18:58:22.173249> Lenta has started...Start SubscribeToTradeStream @trade [{accType}] process...
18:58:22.524269> Lenta has started...Start SubscribeToAggTradeStream @aggTrade [future] process...
18:58:22.535270> WebSocket connected! Start @bookTicker ...
18:58:22.540270> WebSocket connected! Start Partial @depth20 [Future] process...
18:58:22.916356> WebSocket connected! Start @depth [Future] process...
18:58:23.429323> Lenta has started...Start SubscribeToAggTradeStream @aggTrade [future] process...
18:58:23.430322> WebSocket connected! Start @depth [Future] process...
18:58:24.284370> WebSocket connected! Start Partial @depth20 [Future] process...
18:58:24.300370> WebSocket connected! Start @bookTicker [Future] process...
18:58:26.862520> BinanceFuture - Vxxv1AWf[USD_M] USD_M Balance: 0.07599264 USDT
18:59:25.237777> WebSocket [SubscribeBookTickerStream()] [future] error: Unable to read data from the transport connection: An existing connection was forcibly closed by the remote host.
18:59:30.244098> BinanceFuture - Vxxv1AWf[USD_M] Reconect to WebSocket #
18:59:30.245091> WebSocket [SubscribeBookTickerStream()] [Closed] [future] and reconnect again [during Task.Delay]..
18:59:31.304733> WebSocket connected! Start @depth [Future] process...
18:59:37.809275> BinanceFuture - Vxxv1AWf[USD_M] Reconect to WebSocket #
18:59:37.809275> WebSocket [SubscribeBookTickerStream()] [Closed] [future] and reconnect again [during Task.Delay]..
18:59:39.228693> WebSocket connected! Start @depth [Future] process...
19:00:23.758950> WebSocket [ConnectToDepthStream()] [future] error: Unable to read data from the transport connection: An existing connection was forcibly closed by the remote host.
19:00:28.768298> BinanceFuture - Vxxv1AWf[USD_M] Reconect to WebSocket #
19:00:28.769288> WebSocket [ConnectToDepthStream()] [Closed] [future] and reconnect again [during Task.Delay]..
19:00:31.045232> WebSocket connected! Start @depth [Future] process...
19:01:35.548341> WebSocket [ConnectToDepthStream()] [future] error: Unable to read data from the transport connection: An existing connection was forcibly closed by the remote host.
19:01:40.550524> BinanceFuture - Vxxv1AWf[USD_M] Reconect to WebSocket #
19:01:40.550524> WebSocket [ConnectToDepthStream()] [Closed] [future] and reconnect again [during Task.Delay]..
19:01:44.167176> WebSocket connected! Start @depth [Future] process...
19:02:39.839331> WebSocket [ConnectToDepthStream()] [future] error: Unable to read data from the transport connection: An existing connection was forcibly closed by the remote host.
19:02:44.866051> BinanceFuture - Vxxv1AWf[USD_M] Reconect to WebSocket #
19:02:44.867051> WebSocket [ConnectToDepthStream()] [Closed] [future] and reconnect again [during Task.Delay]..
19:02:45.953071> WebSocket connected! Start @depth [Future] process...
19:03:23.428893> WebSocket [ConnectToDepthStream()] [future] error: Unable to read data from the transport connection: An existing connection was forcibly closed by the remote host.
19:03:28.448489> BinanceFuture - Vxxv1AWf[USD_M] Reconect to WebSocket #
19:03:28.448489> WebSocket [ConnectToDepthStream()] [Closed] [future] and reconnect again [during Task.Delay]..
19:03:30.872960> WebSocket connected! Start @depth [Future] process...
19:03:31.699699> WebSocket [ConnectToDepthStream()] [future] error: Unable to read data from the transport connection: An existing connection was forcibly closed by the remote host.
19:03:36.724116> BinanceFuture - Vxxv1AWf[USD_M] Reconect to WebSocket #
19:03:36.724116> WebSocket [ConnectToDepthStream()] [Closed] [future] and reconnect again [during Task.Delay]..
19:03:37.784103> WebSocket connected! Start @depth [Future] process...
19:04:44.753761> WebSocket [ConnectToDepthStream()] [future] error: Unable to read data from the transport connection: An existing connection was forcibly closed by the remote host.
19:04:49.774069> BinanceFuture - Vxxv1AWf[USD_M] Reconect to WebSocket #
19:04:49.775069> WebSocket [ConnectToDepthStream()] [Closed] [future] and reconnect again [during Task.Delay]..
19:04:51.990707> WebSocket connected! Start @depth [Future] process...
