11:36:20.242695> WebSocket connected! Start [SPOT] @depth@100ms process...
11:36:20.242695> Lenta has started...Start SubscribeToAggTradeStream @aggTrade [future] process...
11:36:20.245694> WebSocket connected! Start @depth [Future] process...
11:36:20.261696> Lenta has started...Start SubscribeToTradeStream @trade [{accType}] process...
11:36:20.287698> WebSocket connected! Start Partial @depth20 [Future] process...
11:36:20.289700> WebSocket connected! Start Partial @depth20 [SPOT] process...
11:36:20.584727> Binance - Vxxv1AWf[SPOT] SPOT Balance: 0.00000000 USDT
11:36:20.792727> WebSocket connected! Start @depth [Future] process...
11:36:20.805728> Lenta has started...Start SubscribeToAggTradeStream @aggTrade [future] process...
11:36:20.818749> WebSocket connected! Start [SPOT] @depth@100ms process...
11:36:20.828741> Lenta has started...Start SubscribeToTradeStream @trade [{accType}] process...
11:36:20.829730> WebSocket connected! Start Partial @depth20 [SPOT] process...
11:36:20.849919> WebSocket connected! Start Partial @depth20 [Future] process...
11:36:21.593911> BinanceFuture - Vxxv1AWf[USD_M] USD_M Balance: 0.72730263 USDT
11:53:57.248171> BinanceFuture - Vxxv1AWf[USD_M] Reconect ConnectToDepthStream() to WebSocket #
11:53:57.250168> WebSocket [ConnectToDepthStream()] [Closed] [future] and reconnect again [during Task.Delay]..
11:54:15.007180> WebSocket connected! Start @depth [Future] process...
11:54:38.664546> BinanceFuture - Vxxv1AWf[USD_M] Reconect ConnectToDepthStream() to WebSocket #
11:54:38.667554> WebSocket [ConnectToDepthStream()] [Closed] [future] and reconnect again [during Task.Delay]..
11:54:44.115849> WebSocket connected! Start @depth [Future] process...
