15:44:11.538633> WebSocket connected! Start @bookTicker [Future] process...
15:44:11.538633> Lenta has started...Start SubscribeToAggTradeStream @aggTrade [future] process...
15:44:11.540635> WebSocket connected! Start @depth [Future] process...
15:44:11.540635> WebSocket connected! Start @bookTicker ...
15:44:11.539634> Lenta has started...Start SubscribeToTradeStream @trade [{accType}] process...
15:44:11.571640> WebSocket connected! Start Partial @depth20 [SPOT] process...
15:44:11.596637> WebSocket connected! Start Partial @depth20 [Future] process...
15:44:11.621636> Binance - Vxxv1AWf[SPOT] SPOT Balance: 0.00000000 USDT
15:44:11.622639> WebSocket connected! Start [SPOT] @depth@100ms process...
15:44:11.667641> WebSocket connected! Start [SPOT] @depth@100ms process...
15:44:11.667641> WebSocket connected! Start @bookTicker ...
15:44:11.667641> WebSocket connected! Start Partial @depth20 [SPOT] process...
15:44:11.729641> Lenta has started...Start SubscribeToTradeStream @trade [{accType}] process...
15:44:25.352658> Lenta has started...Start SubscribeToAggTradeStream @aggTrade [future] process...
15:44:25.353659> WebSocket connected! Start @bookTicker [Future] process...
15:44:25.354658> WebSocket connected! Start Partial @depth20 [Future] process...
15:44:25.354658> WebSocket connected! Start @depth [Future] process...
15:44:26.839744> BinanceFuture - Vxxv1AWf[USD_M] USD_M Balance: 3.31060251 USDT
15:44:36.838315> BinanceFuture - Vxxv1AWf[USD_M] Reconect to WebSocket #
15:44:36.839317> WebSocket [SubscribeBookTickerStream()] [Closed] [future] and reconnect again [during Task.Delay]..
15:44:37.104330> BinanceFuture - Vxxv1AWf[USD_M] Reconect to WebSocket #
15:44:37.105331> WebSocket [SubscribeBookTickerStream()] [Closed] [future] and reconnect again [during Task.Delay]..
15:44:38.003388> WebSocket connected! Start @depth [Future] process...
15:44:38.630422> WebSocket connected! Start @depth [Future] process...
