22:22:53.592931> Binance - Vxxv1AWf[SPOT] SPOT Balance: 0.00000000 USDT
22:22:54.044644> WebSocket connected! Start Partial @depth20 [SPOT] process...
22:22:54.049626> WebSocket connected! Start @depth [Future] process...
22:22:54.068632> Lenta has started...Start SubscribeToTradeStream @trade [{accType}] process...
22:22:54.075628> WebSocket connected! Start @bookTicker [Future] process...
22:22:54.079628> Lenta has started...Start SubscribeToAggTradeStream @aggTrade [future] process...
22:22:54.084628> WebSocket connected! Start @bookTicker ...
22:22:54.094644> WebSocket connected! Start [SPOT] @depth@100ms process...
22:22:54.098630> WebSocket connected! Start Partial @depth20 [Future] process...
22:22:54.110636> WebSocket connected! Start @bookTicker ...
22:22:54.245638> WebSocket connected! Start [SPOT] @depth@100ms process...
22:22:54.246638> Lenta has started...Start SubscribeToTradeStream @trade [{accType}] process...
22:22:54.246638> WebSocket connected! Start Partial @depth20 [SPOT] process...
22:22:54.623709> WebSocket connected! Start Partial @depth20 [Future] process...
22:22:54.635709> WebSocket connected! Start @bookTicker [Future] process...
22:22:54.765715> BinanceFuture - Vxxv1AWf[USD_M] USD_M Balance: 0.59335425 USDT
22:22:54.847720> Lenta has started...Start SubscribeToAggTradeStream @aggTrade [future] process...
22:22:54.850722> WebSocket connected! Start @depth [Future] process...
22:25:16.005325> WebSocket [SubscribePartialDepthStream()] [future] error: Received an unexpected EOF or 0 bytes from the transport stream.
22:25:21.010428> BinanceFuture - Vxxv1AWf[USD_M] Reconect to WebSocket #
22:25:21.011425> WebSocket [SubscribePartialDepthStream()] [Closed] [future] and reconnect again [during Task.Delay]..
22:25:21.151424> BinanceFuture - Vxxv1AWf[USD_M] Reconect to WebSocket #
22:25:21.151424> WebSocket [SubscribePartialDepthStream()] [Closed] [future] and reconnect again [during Task.Delay]..
22:25:21.467555> BinanceFuture - Vxxv1AWf[USD_M] Reconect to WebSocket #
22:25:21.468556> WebSocket [ConnectToDepthStream()] [Closed] [future] and reconnect again [during Task.Delay]..
22:25:21.509565> BinanceFuture - Vxxv1AWf[USD_M] Reconect to WebSocket #
22:25:21.509565> WebSocket [ConnectToDepthStream()] [Closed] [future] and reconnect again [during Task.Delay]..
22:25:22.061439> WebSocket connected! Start @depth [Future] process...
22:25:22.152432> WebSocket connected! Start @depth [Future] process...
22:25:22.462144> WebSocket connected! Start @depth [Future] process...
22:25:22.527145> WebSocket connected! Start @depth [Future] process...
22:25:23.070946> BinanceFuture - Vxxv1AWf[USD_M] Reconect to WebSocket #
22:25:23.071943> WebSocket [SubscribeBookTickerStream()] [Closed] [future] and reconnect again [during Task.Delay]..
22:25:24.134003> WebSocket connected! Start @depth [Future] process...
