12:19:57.867305> Binance - Vxxv1AWf[SPOT] SPOT Balance: 0.00000000 USDT
12:19:58.291216> WebSocket connected! Start @bookTicker ...
12:19:58.291216> WebSocket connected! Start Partial @depth20 [Future] process...
12:19:58.301230> Lenta has started...Start SubscribeToAggTradeStream @aggTrade [future] process...
12:19:58.308216> WebSocket connected! Start [SPOT] @depth@100ms process...
12:19:58.382219> WebSocket connected! Start [SPOT] @depth@100ms process...
12:19:58.409222> Lenta has started...Start SubscribeToTradeStream @trade [{accType}] process...
12:19:58.439222> WebSocket connected! Start Partial @depth20 [SPOT] process...
12:19:58.640249> WebSocket connected! Start Partial @depth20 [SPOT] process...
12:19:59.003102> WebSocket connected! Start @depth [Future] process...
12:19:59.208109> WebSocket connected! Start @bookTicker ...
12:19:59.214098> WebSocket connected! Start @bookTicker [Future] process...
12:19:59.298107> (Closing... Elapsted: 44399298 ms.)
12:19:59.432119> Lenta has started...Start SubscribeToTradeStream @trade [{accType}] process...
12:19:59.511116> (Closing... Elapsted: 44399511 ms.)
12:19:59.553120> (Closing... Elapsted: 44399553 ms.)
12:20:13.931310> WebSocket connected! Start @bookTicker [Future] process...
12:20:14.187328> WebSocket connected! Start @depth [Future] process...
12:20:14.739363> WebSocket connected! Start @depth [Future] process...
12:20:14.746355> WebSocket connected! Start Partial @depth20 [Future] process...
12:20:14.748357> Lenta has started...Start SubscribeToAggTradeStream @aggTrade [future] process...
12:20:14.764364> WebSocket connected! Start @bookTicker [Future] process...
12:20:16.040431> Lenta has started...Start SubscribeToAggTradeStream @aggTrade [future] process...
12:20:18.294940> BinanceFuture - Vxxv1AWf[USD_M] Reconect to WebSocket #
12:20:18.295936> WebSocket [ConnectToDepthStream()] [Closed] [future] and reconnect again [during Task.Delay]..
12:20:18.294940> BinanceFuture - Vxxv1AWf[USD_M] Reconect to WebSocket #
12:20:18.390940> WebSocket [SubscribeBookTickerStream()] [Closed] [future] and reconnect again [during Task.Delay]..
12:20:18.391941> BinanceFuture - Vxxv1AWf[USD_M] Reconect to WebSocket #
12:20:18.392942> WebSocket [SubscribeToAggTradeStream()] [Closed] [future] and reconnect again [with Task.Delay]..
12:20:19.313000> WebSocket connected! Start @depth [Future] process...
12:20:19.409998> Lenta has started...Start SubscribeToAggTradeStream @aggTrade [future] process...
12:20:21.078094> WebSocket connected! Start @depth [Future] process...
12:20:22.861204> BinanceFuture - Vxxv1AWf[USD_M] USD_M Balance: 6.25838444 USDT
12:22:19.858017> BinanceFuture - Vxxv1AWf[USD_M] Reconect to WebSocket #
12:22:19.859009> WebSocket [SubscribeBookTickerStream()] [Closed] [future] and reconnect again [during Task.Delay]..
12:22:21.349094> WebSocket connected! Start @depth [Future] process...
12:22:23.862236> BinanceFuture - Vxxv1AWf[USD_M] Reconect to WebSocket #
12:22:23.863245> WebSocket [SubscribeBookTickerStream()] [Closed] [future] and reconnect again [during Task.Delay]..
12:22:27.109425> WebSocket connected! Start @depth [Future] process...
12:25:28.652954> (Closing... Elapsted: 329141 ms.)
12:25:29.710011> WebSocket connected! Start @depth [Future] process...
12:25:34.088263> BinanceFuture - Vxxv1AWf[USD_M] Reconect to WebSocket #
12:25:34.088263> WebSocket [ConnectToDepthStream()] [Closed] [future] and reconnect again [during Task.Delay]..
12:25:40.131218> WebSocket connected! Start @depth [Future] process...
12:26:51.303019> WebSocket [ConnectToDepthStream()] [future] error: Received an unexpected EOF or 0 bytes from the transport stream.
12:26:54.098181> (Closing... Elapsted: 414545 ms.)
12:26:56.322305> BinanceFuture - Vxxv1AWf[USD_M] Reconect to WebSocket #
12:26:56.331307> WebSocket [ConnectToDepthStream()] [Closed] [future] and reconnect again [during Task.Delay]..
12:26:59.517488> BinanceFuture - Vxxv1AWf[USD_M] Reconect to WebSocket #
12:26:59.532490> WebSocket [SubscribeToAggTradeStream()] [Closed] [future] and reconnect again [with Task.Delay]..
12:27:08.221989> Lenta has started...Start SubscribeToAggTradeStream @aggTrade [future] process...
12:27:22.719821> WebSocket connected! Start @depth [Future] process...
12:27:22.734821> Lenta has started...Start SubscribeToAggTradeStream @aggTrade [future] process...
12:27:42.335944> WebSocket [ConnectToDepthStream()] [future] error: Unable to read data from the transport connection: An existing connection was forcibly closed by the remote host.
12:27:47.747255> BinanceFuture - Vxxv1AWf[USD_M] Reconect to WebSocket #
12:27:47.748257> WebSocket [ConnectToDepthStream()] [Closed] [future] and reconnect again [during Task.Delay]..
12:27:59.444925> WebSocket connected! Start @depth [Future] process...
12:28:15.518846> WebSocket [ConnectToDepthStream()] [future] error: Unable to read data from the transport connection: An existing connection was forcibly closed by the remote host.
12:28:20.615138> BinanceFuture - Vxxv1AWf[USD_M] Reconect to WebSocket #
12:28:20.621139> WebSocket [ConnectToDepthStream()] [Closed] [future] and reconnect again [during Task.Delay]..
12:28:30.482704> WebSocket connected! Start @depth [Future] process...
12:29:25.209843> WebSocket [ConnectToDepthStream()] [future] error: Unable to read data from the transport connection: An existing connection was forcibly closed by the remote host.
12:29:25.309851> WebSocket [ConnectToDepthStream()] [future] error: Unable to read data from the transport connection: An existing connection was forcibly closed by the remote host.
12:29:30.375138> BinanceFuture - Vxxv1AWf[USD_M] Reconect to WebSocket #
12:29:30.606151> WebSocket [ConnectToDepthStream()] [Closed] [future] and reconnect again [during Task.Delay]..
12:29:30.613155> BinanceFuture - Vxxv1AWf[USD_M] Reconect to WebSocket #
12:29:30.614154> WebSocket [ConnectToDepthStream()] [Closed] [future] and reconnect again [during Task.Delay]..
12:29:33.012291> WebSocket [ConnectToDepthStream()] [future] error: Unable to read data from the transport connection: An existing connection was forcibly closed by the remote host.
12:29:38.719618> BinanceFuture - Vxxv1AWf[USD_M] Reconect to WebSocket #
12:29:38.727619> WebSocket [ConnectToDepthStream()] [Closed] [future] and reconnect again [during Task.Delay]..
