17:57:41.367025> Lenta has started...Start SubscribeToAggTradeStream @aggTrade [future] process...
17:57:41.367025> WebSocket connected! Start @depth [Future] process...
17:57:41.369026> WebSocket connected! Start Partial @depth20 [SPOT] process...
17:57:41.369026> WebSocket connected! Start Partial @depth20 [Future] process...
17:57:41.467030> Binance - Vxxv1AWf[SPOT] SPOT Balance: 0.00000000 USDT
17:57:41.722055> WebSocket connected! Start Partial @depth20 [SPOT] process...
17:57:42.259759> WebSocket connected! Start Partial @depth20 [Future] process...
17:57:42.261714> Lenta has started...Start SubscribeToAggTradeStream @aggTrade [future] process...
17:57:42.273727> WebSocket connected! Start @depth [Future] process...
17:57:42.566275>  DevBUY (+): 0.00070000 avgGapBuy:0.00070000 
17:57:42.859280> BinanceFuture - Vxxv1AWf[USD_M] USD_M Balance: 100.31014487 USDT
18:00:48.082540> Binance - Vxxv1AWf[SPOT] SPOT Balance: 0.00000000 USDT
18:00:48.534015> WebSocket connected! Start Partial @depth20 [SPOT] process...
18:00:48.538013> Lenta has started...Start SubscribeToAggTradeStream @aggTrade [future] process...
18:00:48.538013> WebSocket connected! Start Partial @depth20 [Future] process...
18:00:48.547014> WebSocket connected! Start @depth [Future] process...
18:00:48.675020> WebSocket connected! Start Partial @depth20 [SPOT] process...
18:00:49.328009>  DevBUY (-): 75.28930000 avgGapBuy:0.00070000 
18:00:49.399022>  DevBUY (+): 74.98930000 avgGapBuy:0.00070000 
18:00:49.435018> Lenta has started...Start SubscribeToAggTradeStream @aggTrade [future] process...
18:00:49.438017> WebSocket connected! Start @depth [Future] process...
18:00:49.457018> WebSocket connected! Start Partial @depth20 [Future] process...
18:00:49.995152> BinanceFuture - Vxxv1AWf[USD_M] USD_M Balance: 100.31014487 USDT
