14:10:30.420380> Binance - Vxxv1AWf[MARGIN] MARGIN Balance: 0.53297917 USDT
14:10:30.475384> Lenta has started...Start SubscribeToAggTradeStream @aggTrade [future] process...
14:10:30.476384> Lenta has started...Start SubscribeToTradeStream @trade [{accType}] process...
14:10:30.498384> WebSocket connected! Start @depth [Future] process...
14:10:30.512386> WebSocket connected! Start Partial @depth20 [Future] process...
14:10:30.517387> WebSocket connected! Start Partial @depth20 [MARGIN] process...
14:10:30.603391> WebSocket connected! Start Partial @depth20 [MARGIN] process...
14:10:30.614393> Lenta has started...Start SubscribeToTradeStream @trade [{accType}] process...
14:10:30.772402> WebSocket connected! Start [MARGIN] @depth@100ms process...
14:10:30.917411> WebSocket connected! Start [MARGIN] @depth@100ms process...
14:10:31.546447> WebSocket connected! Start Partial @depth20 [Future] process...
14:10:31.600450> Lenta has started...Start SubscribeToAggTradeStream @aggTrade [future] process...
14:10:31.614450> WebSocket connected! Start @depth [Future] process...
14:10:32.349492> BinanceFuture - Vxxv1AWf[USD_M] USD_M Balance: 0.66986043 USDT
14:11:11.939500> Ask error : The given key was not present in the dictionary.
14:42:45.416117> Error (on Error) ConnectToDepthStream()[MARGIN]:
Unable to write data to the transport connection: An existing connection was forcibly closed by the remote host.
14:42:45.430117> WebSocket [SubscribePartialDepthStream()] [MARGIN] error: Unable to read data from the transport connection: An existing connection was forcibly closed by the remote host.
14:42:45.430117> Error (on Error) ConnectToDepthStream()[MARGIN]:
Unable to read data from the transport connection: An existing connection was forcibly closed by the remote host.
14:42:45.429120> WebSocket [SubscribePartialDepthStream()] [MARGIN] error: Unable to write data to the transport connection: An existing connection was forcibly closed by the remote host.
14:42:45.616129> WebSocket [SubscribePartialDepthStream()] [MARGIN] error: Unable to read data from the transport connection: An existing connection was forcibly closed by the remote host.
14:42:45.683131> WebSocket [SubscribePartialDepthStream()] [MARGIN] error: Unable to write data to the transport connection: An existing connection was forcibly closed by the remote host.
14:42:45.681132> WebSocket [ConnectToDepthStream()] [Closed] [MARGIN] and reconnect again..
14:42:45.683131> WebSocket [ConnectToDepthStream()] [Closed] [MARGIN] and reconnect again..
14:42:45.727143> Error (on Error) ConnectToDepthStream()[MARGIN]:
Unable to read data from the transport connection: An existing connection was forcibly closed by the remote host.
14:42:45.681132> WebSocket [ConnectToDepthStream()] [Closed] [MARGIN] and reconnect again..
14:42:45.749136> WebSocket [ConnectToDepthStream()] [Closed] [MARGIN] and reconnect again..
14:42:50.684447> Binance - Vxxv1AWf[MARGIN] Reconect to WebSocket #
14:42:50.689446> Binance - Vxxv1AWf[MARGIN] Reconect to WebSocket #
14:42:50.689446> WebSocket [ConnectToDepthStream()] [Closed] [MARGIN] and reconnect again [with Task.Delay]..
14:42:50.687447> WebSocket [ConnectToDepthStream()] [Closed] [MARGIN] and reconnect again [during Task.Delay]..
14:42:50.768452> Binance - Vxxv1AWf[MARGIN] Reconect to WebSocket #
14:42:50.922461> WebSocket [ConnectToDepthStream()] [Closed] [MARGIN] and reconnect again [during Task.Delay]..
14:42:50.921459> Binance - Vxxv1AWf[MARGIN] Reconect to WebSocket #
14:42:51.049467> WebSocket [ConnectToDepthStream()] [Closed] [MARGIN] and reconnect again [with Task.Delay]..
14:42:53.235137> WebSocket connected! Start [MARGIN] @depth@100ms process...
14:42:53.477151> WebSocket connected! Start [MARGIN] @depth@100ms process...
14:42:54.668008> WebSocket connected! Start [MARGIN] @depth@100ms process...
14:42:54.892020> WebSocket connected! Start [MARGIN] @depth@100ms process...
14:42:55.486054> WebSocket connected! Start [MARGIN] @depth@100ms process...
14:42:55.487054> WebSocket connected! Start [MARGIN] @depth@100ms process...
14:42:55.537055> WebSocket connected! Start [MARGIN] @depth@100ms process...
14:42:56.357104> WebSocket connected! Start [MARGIN] @depth@100ms process...
14:42:56.903136> Error (on Error) GetQuotesBTCUSDT()[Quote]:
Unable to read data from the transport connection: An existing connection was forcibly closed by the remote host.
14:43:14.713159> Error (on Error) GetQuotesBTCUSDT()[Quote]:
Unable to read data from the transport connection: An existing connection was forcibly closed by the remote host.
14:43:29.666012> WebSocket [SubscribePartialDepthStream()] [Closed] [future] and reconnect again..
14:43:31.029090> WebSocket [SubscribePartialDepthStream()] [Closed] [future] and reconnect again..
14:43:32.280162> WebSocket connected! Start @depth [Future] process...
14:43:33.829251> WebSocket connected! Start @depth [Future] process...
14:43:34.734305> BinanceFuture - Vxxv1AWf[USD_M] Reconect to WebSocket #
14:43:34.734305> WebSocket [SubscribePartialDepthStream()] [Closed] [future] and reconnect again [during Task.Delay]..
14:43:36.173386> BinanceFuture - Vxxv1AWf[USD_M] Reconect to WebSocket #
14:43:36.181385> WebSocket [SubscribePartialDepthStream()] [Closed] [future] and reconnect again [during Task.Delay]..
14:43:36.652413> WebSocket connected! Start @depth [Future] process...
14:43:38.533520> WebSocket connected! Start @depth [Future] process...
14:43:42.179732> Error (on Error) SubscribeToTradeStreamAsync()[MARGIN]:
Unable to read data from the transport connection: An existing connection was forcibly closed by the remote host.
14:43:42.185732> WebSocket [ConnectToDepthStream()] [future] error: Unable to read data from the transport connection: An existing connection was forcibly closed by the remote host.
14:43:42.186732> WebSocket [ConnectToDepthStream()] [Closed] [future] and reconnect again..
14:43:42.213731> WebSocket [ConnectToDepthStream()] [future] error: Unable to read data from the transport connection: An existing connection was forcibly closed by the remote host.
14:43:42.214734> WebSocket [ConnectToDepthStream()] [Closed] [future] and reconnect again..
14:43:42.232735> Unable to read data from the transport connection: An existing connection was forcibly closed by the remote host.
14:43:42.233733> WebSocket [SubscribeToAggTradeStream()] [Closed] [future] and reconnect again..
14:43:42.241735> Unable to read data from the transport connection: An existing connection was forcibly closed by the remote host.
14:43:42.241735> WebSocket [SubscribeToAggTradeStream()] [Closed] [future] and reconnect again..
14:43:42.281740> Error (on Error) SubscribeToTradeStreamAsync()[MARGIN]:
Unable to read data from the transport connection: An existing connection was forcibly closed by the remote host.
14:43:43.688817> Lenta has started...Start SubscribeToAggTradeStream @aggTrade [future] process...
14:43:44.057840> WebSocket connected! Start @depth [Future] process...
14:43:44.070840> Lenta has started...Start SubscribeToAggTradeStream @aggTrade [future] process...
14:43:44.159845> Lenta has started...Start SubscribeToTradeStream @trade [{accType}] process...
14:43:44.159845> WebSocket connected! Start @depth [Future] process...
14:43:44.445859> Lenta has started...Start SubscribeToTradeStream @trade [{accType}] process...
14:43:47.199020> BinanceFuture - Vxxv1AWf[USD_M] Reconect to WebSocket #
14:43:47.200019> WebSocket [ConnectToDepthStream()] [Closed] [future] and reconnect again [during Task.Delay]..
14:43:47.237022> BinanceFuture - Vxxv1AWf[USD_M] Reconect to WebSocket #
14:43:47.237022> WebSocket [ConnectToDepthStream()] [Closed] [future] and reconnect again [during Task.Delay]..
14:43:47.261023> BinanceFuture - Vxxv1AWf[USD_M] Reconect to WebSocket #
14:43:47.261023> WebSocket [SubscribeToAggTradeStream()] [Closed] [future] and reconnect again [with Task.Delay]..
14:43:48.928126> WebSocket connected! Start @depth [Future] process...
14:43:48.986120> Lenta has started...Start SubscribeToTradeStream @trade [{accType}] process...
14:43:49.155132> WebSocket connected! Start @depth [Future] process...
14:43:49.246149> Lenta has started...Start SubscribeToAggTradeStream @aggTrade [future] process...
