23:46:46.036857> Binance - Vxxv1AWf[SPOT] SPOT Balance: 0.00000000 USDT
23:46:46.462874> Lenta has started...Start SubscribeToAggTradeStream @aggTrade [future] process...
23:46:46.462874> Lenta has started...Start SubscribeToTradeStream @trade [{accType}] process...
23:46:46.464874> WebSocket connected! Start Partial @depth20 [SPOT] process...
23:46:46.464874> WebSocket connected! Start [SPOT] @depth@100ms process...
23:46:46.464874> WebSocket connected! Start Partial @depth20 [Future] process...
23:46:46.471915> WebSocket connected! Start @depth [Future] process...
23:46:46.477879> WebSocket connected! Start @bookTicker ...
23:46:46.479875> WebSocket connected! Start @bookTicker [Future] process...
23:46:46.546881> WebSocket connected! Start [SPOT] @depth@100ms process...
23:46:46.552880> Lenta has started...Start SubscribeToTradeStream @trade [{accType}] process...
23:46:46.564880> WebSocket connected! Start Partial @depth20 [SPOT] process...
23:46:46.569879> WebSocket connected! Start @bookTicker ...
23:46:46.588882> (Closing... Elapsted: 85606588 ms.)
23:46:46.591883> BookTicker was closed by Custom!
23:46:46.650885> (Closing... Elapsted: 85606650 ms.)
23:46:46.651887> MarketDepth was closed by Custom!
23:46:47.031915> Lenta has started...Start SubscribeToAggTradeStream @aggTrade [future] process...
23:46:47.039907> BinanceFuture - Vxxv1AWf[USD_M] USD_M Balance: 6.25838444 USDT
23:46:47.042907> WebSocket connected! Start Partial @depth20 [Future] process...
23:46:47.584474> WebSocket connected! Start @bookTicker [Future] process...
23:46:47.605475> (Closing... Elapsted: 85607605 ms.)
23:46:47.628484> WebSocket connected! Start @depth [Future] process...
23:46:48.629658> Lenta has started...Start SubscribeToAggTradeStream @aggTrade [future] process...
23:46:52.895007> BinanceFuture - Vxxv1AWf[USD_M] Reconect to WebSocket #
23:46:52.897990> WebSocket [SubscribeToAggTradeStream()] [Closed] [future] and reconnect again [with Task.Delay]..
23:46:53.899394> Lenta has started...Start SubscribeToAggTradeStream @aggTrade [future] process...
