00:12:56.455538> Binance - Vxxv1AWf[SPOT] SPOT Balance: 0.00000000 USDT
00:12:57.074276> WebSocket connected! Start Partial @depth20 [Future] process...
00:12:57.079275> WebSocket connected! Start @depth [Future] process...
00:12:57.092276> WebSocket connected! Start Partial @depth20 [SPOT] process...
00:12:57.100278> WebSocket connected! Start @bookTicker [Future] process...
00:12:57.111277> WebSocket connected! Start @bookTicker ...
00:12:57.114277> Lenta has started...Start SubscribeToAggTradeStream @aggTrade [future] process...
00:12:57.149279> Lenta has started...Start SubscribeToTradeStream @trade [{accType}] process...
00:12:57.167280> WebSocket connected! Start [SPOT] @depth@100ms process...
00:12:57.246283> WebSocket connected! Start Partial @depth20 [SPOT] process...
00:12:57.249284> WebSocket connected! Start [SPOT] @depth@100ms process...
00:12:57.256285> Lenta has started...Start SubscribeToTradeStream @trade [{accType}] process...
00:12:57.257285> WebSocket connected! Start @bookTicker ...
00:12:57.717346> WebSocket connected! Start @depth [Future] process...
00:12:57.723361> WebSocket connected! Start Partial @depth20 [Future] process...
00:12:57.778333> Lenta has started...Start SubscribeToAggTradeStream @aggTrade [future] process...
00:12:57.786316> WebSocket connected! Start @bookTicker [Future] process...
00:12:57.844317> BinanceFuture - Vxxv1AWf[USD_M] USD_M Balance: 0.59335425 USDT
00:23:59.120288> WebSocket [ConnectToDepthStream()] [future] error: Unable to read data from the transport connection: An existing connection was forcibly closed by the remote host.
00:24:04.181577> BinanceFuture - Vxxv1AWf[USD_M] Reconect to WebSocket #
00:24:04.182580> WebSocket [ConnectToDepthStream()] [Closed] [future] and reconnect again [during Task.Delay]..
00:24:05.774669> WebSocket connected! Start @depth [Future] process...
00:24:59.034723> WebSocket [ConnectToDepthStream()] [future] error: Unable to read data from the transport connection: An existing connection was forcibly closed by the remote host.
00:25:04.069013> BinanceFuture - Vxxv1AWf[USD_M] Reconect to WebSocket #
00:25:04.069013> WebSocket [ConnectToDepthStream()] [Closed] [future] and reconnect again [during Task.Delay]..
00:25:05.636100> WebSocket connected! Start @depth [Future] process...
00:26:06.961618> WebSocket [ConnectToDepthStream()] [future] error: Unable to read data from the transport connection: An existing connection was forcibly closed by the remote host.
00:26:11.982904> BinanceFuture - Vxxv1AWf[USD_M] Reconect to WebSocket #
00:26:12.013908> WebSocket [ConnectToDepthStream()] [Closed] [future] and reconnect again [during Task.Delay]..
00:26:13.320985> WebSocket connected! Start @depth [Future] process...
00:28:06.308461> WebSocket [ConnectToDepthStream()] [future] error: Unable to read data from the transport connection: An existing connection was forcibly closed by the remote host.
00:28:11.342749> BinanceFuture - Vxxv1AWf[USD_M] Reconect to WebSocket #
00:28:11.344749> WebSocket [ConnectToDepthStream()] [Closed] [future] and reconnect again [during Task.Delay]..
00:28:12.613820> WebSocket connected! Start @depth [Future] process...
00:28:59.432507> Unable to read data from the transport connection: An existing connection was forcibly closed by the remote host.
00:29:00.056542> Unable to read data from the transport connection: An existing connection was forcibly closed by the remote host.
00:29:04.472795> BinanceFuture - Vxxv1AWf[USD_M] Reconect to WebSocket #
00:29:04.472795> WebSocket [SubscribeToAggTradeStream()] [Closed] [future] and reconnect again [with Task.Delay]..
00:29:05.157836> BinanceFuture - Vxxv1AWf[USD_M] Reconect to WebSocket #
00:29:05.162835> WebSocket [SubscribeToAggTradeStream()] [Closed] [future] and reconnect again [with Task.Delay]..
00:29:06.090890> Lenta has started...Start SubscribeToAggTradeStream @aggTrade [future] process...
00:29:07.362958> Lenta has started...Start SubscribeToAggTradeStream @aggTrade [future] process...
00:29:12.950282> WebSocket [ConnectToDepthStream()] [future] error: Unable to read data from the transport connection: An established connection was aborted by the software in your host machine.
00:29:14.767384> WebSocket [ConnectToDepthStream()] [future] error: Unable to read data from the transport connection: An existing connection was forcibly closed by the remote host.
00:29:18.038571> BinanceFuture - Vxxv1AWf[USD_M] Reconect to WebSocket #
00:29:18.055575> WebSocket [ConnectToDepthStream()] [Closed] [future] and reconnect again [during Task.Delay]..
00:29:19.319647> WebSocket connected! Start @depth [Future] process...
00:29:19.788673> BinanceFuture - Vxxv1AWf[USD_M] Reconect to WebSocket #
00:29:19.790673> WebSocket [ConnectToDepthStream()] [Closed] [future] and reconnect again [during Task.Delay]..
00:29:21.138749> WebSocket connected! Start @depth [Future] process...
00:30:59.345394> WebSocket [SubscribeBookTickerStream()] [future] error: Unable to read data from the transport connection: An established connection was aborted by the software in your host machine.
00:30:59.804410> WebSocket [SubscribeBookTickerStream()] [future] error: Unable to read data from the transport connection: An existing connection was forcibly closed by the remote host.
00:31:04.360812> BinanceFuture - Vxxv1AWf[USD_M] Reconect to WebSocket #
00:31:04.361670> WebSocket [SubscribeBookTickerStream()] [Closed] [future] and reconnect again [during Task.Delay]..
00:31:05.457732> BinanceFuture - Vxxv1AWf[USD_M] Reconect to WebSocket #
00:31:05.458733> WebSocket [SubscribeBookTickerStream()] [Closed] [future] and reconnect again [during Task.Delay]..
00:31:06.937816> WebSocket connected! Start @depth [Future] process...
00:31:06.939817> WebSocket connected! Start @depth [Future] process...
00:31:08.505906> Unable to read data from the transport connection: An existing connection was forcibly closed by the remote host.
00:31:12.708148> Unable to read data from the transport connection: An existing connection was forcibly closed by the remote host.
00:31:13.532196> BinanceFuture - Vxxv1AWf[USD_M] Reconect to WebSocket #
00:31:13.533196> WebSocket [SubscribeToAggTradeStream()] [Closed] [future] and reconnect again [with Task.Delay]..
00:31:14.991276> Lenta has started...Start SubscribeToAggTradeStream @aggTrade [future] process...
00:31:17.897445> BinanceFuture - Vxxv1AWf[USD_M] Reconect to WebSocket #
00:31:17.898447> WebSocket [SubscribeToAggTradeStream()] [Closed] [future] and reconnect again [with Task.Delay]..
00:31:19.460535> Lenta has started...Start SubscribeToAggTradeStream @aggTrade [future] process...
00:31:20.437591> WebSocket [ConnectToDepthStream()] [future] error: Unable to read data from the transport connection: An existing connection was forcibly closed by the remote host.
00:31:24.836854> WebSocket [ConnectToDepthStream()] [future] error: Unable to read data from the transport connection: An established connection was aborted by the software in your host machine.
00:31:25.474878> BinanceFuture - Vxxv1AWf[USD_M] Reconect to WebSocket #
00:31:25.578884> WebSocket [ConnectToDepthStream()] [Closed] [future] and reconnect again [during Task.Delay]..
00:31:27.133974> WebSocket connected! Start @depth [Future] process...
00:33:08.656795> WebSocket [ConnectToDepthStream()] [future] error: Unable to read data from the transport connection: An existing connection was forcibly closed by the remote host.
00:33:13.766090> BinanceFuture - Vxxv1AWf[USD_M] Reconect to WebSocket #
00:33:13.767089> WebSocket [ConnectToDepthStream()] [Closed] [future] and reconnect again [during Task.Delay]..
00:33:14.954156> WebSocket connected! Start @depth [Future] process...
00:34:27.786332> WebSocket [ConnectToDepthStream()] [future] error: Unable to read data from the transport connection: An existing connection was forcibly closed by the remote host.
00:34:32.907628> BinanceFuture - Vxxv1AWf[USD_M] Reconect to WebSocket #
00:34:32.908629> WebSocket [ConnectToDepthStream()] [Closed] [future] and reconnect again [during Task.Delay]..
00:34:39.141984> WebSocket connected! Start @depth [Future] process...
00:35:15.639076> WebSocket [ConnectToDepthStream()] [future] error: Unable to write data to the transport connection: An existing connection was forcibly closed by the remote host.
00:35:20.764370> BinanceFuture - Vxxv1AWf[USD_M] Reconect to WebSocket #
00:35:20.764370> WebSocket [ConnectToDepthStream()] [Closed] [future] and reconnect again [during Task.Delay]..
00:35:22.267456> WebSocket connected! Start @depth [Future] process...
00:36:10.786240> WebSocket [ConnectToDepthStream()] [future] error: Unable to read data from the transport connection: An existing connection was forcibly closed by the remote host.
00:36:15.950533> BinanceFuture - Vxxv1AWf[USD_M] Reconect to WebSocket #
00:36:15.961535> WebSocket [ConnectToDepthStream()] [Closed] [future] and reconnect again [during Task.Delay]..
00:36:17.755638> WebSocket connected! Start @depth [Future] process...
00:37:23.068385> WebSocket [ConnectToDepthStream()] [future] error: Unable to read data from the transport connection: An existing connection was forcibly closed by the remote host.
00:37:28.091671> BinanceFuture - Vxxv1AWf[USD_M] Reconect to WebSocket #
00:37:28.092671> WebSocket [ConnectToDepthStream()] [Closed] [future] and reconnect again [during Task.Delay]..
00:37:29.787768> WebSocket connected! Start @depth [Future] process...
00:37:41.199421> WebSocket [ConnectToDepthStream()] [future] error: Unable to read data from the transport connection: An existing connection was forcibly closed by the remote host.
00:37:46.324719> BinanceFuture - Vxxv1AWf[USD_M] Reconect to WebSocket #
00:37:46.328722> WebSocket [ConnectToDepthStream()] [Closed] [future] and reconnect again [during Task.Delay]..
00:37:48.363861> WebSocket connected! Start @depth [Future] process...
00:38:18.495561> WebSocket [ConnectToDepthStream()] [future] error: Unable to read data from the transport connection: An existing connection was forcibly closed by the remote host.
00:38:23.510849> BinanceFuture - Vxxv1AWf[USD_M] Reconect to WebSocket #
00:38:23.511850> WebSocket [ConnectToDepthStream()] [Closed] [future] and reconnect again [during Task.Delay]..
00:38:24.939931> WebSocket connected! Start @depth [Future] process...
00:39:31.475746> WebSocket [ConnectToDepthStream()] [future] error: Unable to read data from the transport connection: An existing connection was forcibly closed by the remote host.
00:39:36.539035> BinanceFuture - Vxxv1AWf[USD_M] Reconect to WebSocket #
00:39:36.540041> WebSocket [ConnectToDepthStream()] [Closed] [future] and reconnect again [during Task.Delay]..
00:39:38.284136> WebSocket connected! Start @depth [Future] process...
