22:10:10.348894> Binance - Vxxv1AWf[SPOT] SPOT Balance: 0.00000000 USDT
22:10:10.758918> WebSocket connected! Start @depth [Future] process...
22:10:10.760918> WebSocket connected! Start @bookTicker [Future] process...
22:10:10.761919> WebSocket connected! Start Partial @depth20 [Future] process...
22:10:10.761919> WebSocket connected! Start [SPOT] @depth@100ms process...
22:10:10.771917> Lenta has started...Start SubscribeToAggTradeStream @aggTrade [future] process...
22:10:10.775918> Lenta has started...Start SubscribeToTradeStream @trade [{accType}] process...
22:10:10.781918> WebSocket connected! Start Partial @depth20 [SPOT] process...
22:10:10.784925> WebSocket connected! Start @bookTicker ...
22:10:10.866923> WebSocket connected! Start [SPOT] @depth@100ms process...
22:10:10.872924> WebSocket connected! Start Partial @depth20 [SPOT] process...
22:10:10.872924> (Closing... Elapsted: 79810872 ms.)
22:10:10.875923> MarketDepth was closed by Custom!
22:10:10.883925> WebSocket connected! Start @bookTicker ...
22:10:10.905923> (Closing... Elapsted: 79810905 ms.)
22:10:10.906923> Lenta has started...Start SubscribeToTradeStream @trade [{accType}] process...
22:10:10.906923> BookTicker was closed by Custom!
22:10:11.295948> (Closing... Elapsted: 79811295 ms.)
22:10:11.297948> AggTrade was closed by Custom!
22:10:11.356952> BinanceFuture - Vxxv1AWf[USD_M] USD_M Balance: 6.25838444 USDT
22:10:11.368953> WebSocket connected! Start Partial @depth20 [Future] process...
22:10:11.865987> WebSocket connected! Start @depth [Future] process...
22:10:11.919984> WebSocket connected! Start @bookTicker [Future] process...
22:10:12.304016> Lenta has started...Start SubscribeToAggTradeStream @aggTrade [future] process...
