00:06:24.554058> WebSocket connected! Start @bookTicker [Future] process...
00:06:24.555059> WebSocket connected! Start Partial @depth20 [Future] process...
00:06:24.555059> Lenta has started...Start SubscribeToAggTradeStream @aggTrade [future] process...
00:06:24.556058> WebSocket connected! Start [MARGIN] @depth@100ms process...
00:06:24.556058> Lenta has started...Start SubscribeToTradeStream @trade [{accType}] process...
00:06:24.563060> WebSocket connected! Start @depth [Future] process...
00:06:24.668064> WebSocket connected! Start Partial @depth20 [MARGIN] process...
00:06:25.110090> WebSocket connected! Start [MARGIN] @depth@100ms process...
00:06:25.114088> Lenta has started...Start SubscribeToTradeStream @trade [{accType}] process...
00:06:25.115090> WebSocket connected! Start Partial @depth20 [MARGIN] process...
00:06:32.395501> Lenta has started...Start SubscribeToAggTradeStream @aggTrade [future] process...
00:06:32.396504> WebSocket connected! Start @depth [Future] process...
00:06:32.406508> Binance - Vxxv1AWf[MARGIN] MARGIN Balance: 0.58212762 USDT
00:06:32.414503> WebSocket connected! Start @bookTicker [Future] process...
00:08:32.742743> WebSocket connected! Start Partial @depth20 [Future] process...
00:08:37.133994> BinanceFuture - Vxxv1AWf[USD_M] USD_M Balance: 0.66986043 USDT
00:08:37.148994> WebSocket [SubscribeBookTickerStream()] [future] error: Unable to read data from the transport connection: An existing connection was forcibly closed by the remote host.
00:08:37.151996> WebSocket [SubscribePartialDepthStream()] [future] error: Unable to read data from the transport connection: An existing connection was forcibly closed by the remote host.
00:08:40.762628> WebSocket [ConnectToDepthStream()] [future] error: Unable to read data from the transport connection: An existing connection was forcibly closed by the remote host.
00:08:42.741312> BinanceFuture - Vxxv1AWf[USD_M] Reconect to WebSocket #
00:08:42.742318> WebSocket [SubscribePartialDepthStream()] [Closed] [future] and reconnect again [during Task.Delay]..
00:08:42.742318> BinanceFuture - Vxxv1AWf[USD_M] Reconect to WebSocket #
00:08:42.743315> WebSocket [SubscribeBookTickerStream()] [Closed] [future] and reconnect again [during Task.Delay]..
00:08:47.125563> BinanceFuture - Vxxv1AWf[USD_M] Reconect to WebSocket #
00:08:47.134566> WebSocket [ConnectToDepthStream()] [Closed] [future] and reconnect again [during Task.Delay]..
