19:15:45.738847> WebSocket connected! Start @depth [Future] process...
19:15:45.740845> Lenta has started...Start SubscribeToAggTradeStream @aggTrade [future] process...
19:15:45.740845> WebSocket connected! Start Partial @depth20 [Future] process...
19:15:45.741846> WebSocket connected! Start Partial @depth20 [SPOT] process...
19:15:45.818848> Binance - Vxxv1AWf[SPOT] SPOT Balance: 0 USDT
19:15:46.085868> WebSocket connected! Start Partial @depth20 [SPOT] process...
19:15:46.583444> WebSocket connected! Start Partial @depth20 [Future] process...
19:15:46.595436> Lenta has started...Start SubscribeToAggTradeStream @aggTrade [future] process...
19:15:46.603437> WebSocket connected! Start @depth [Future] process...
19:16:00.545694> BinanceFuture - Vxxv1AWf[USD_M] USD_M Balance: 90.17318505 USDT
19:25:57.355662>  DevBUY (+): 124.22250000 avgGapBuy:4350.37750000 
19:34:01.991414>  DevBUY (+): 125.20250000 avgGapBuy:4350.37750000 
19:35:40.072188>  DevBUY (+): 139.47250000 avgGapBuy:4350.37750000 
19:36:18.631515>  DevBUY (-): 125.50000000 avgGapBuy:4335.30000000 
19:36:18.768510>  DevBUY (-): 125.80000000 avgGapBuy:4335.30000000 
19:36:19.632032>  DevBUY (-): 128.50000000 avgGapBuy:4335.30000000 
19:36:24.634750>  DevBUY (-): 129.52000000 avgGapBuy:4335.30000000 
19:36:24.766693>  DevBUY (-): 131.79000000 avgGapBuy:4335.30000000 
19:36:38.185012>  DevBUY (+): 149.03000000 avgGapBuy:4335.30000000 
19:39:12.777567>  DevBUY (-): 133.21000000 avgGapBuy:4335.30000000 
19:39:13.644196>  DevBUY (-): 142.69000000 avgGapBuy:4335.30000000 
19:40:13.649596>  DevBUY (-): 143.43000000 avgGapBuy:4335.30000000 
21:10:06.571550>  DevBUY (+): 160.83862500 avgGapBuy:4337.38137500 
