00:59:03.099113> Binance - Vxxv1AWf[MARGIN] MARGIN Balance: 0.58468517 USDT
00:59:03.106115> WebSocket connected! Start @bookTicker [Future] process...
00:59:03.111115> WebSocket connected! Start [MARGIN] @depth@100ms process...
00:59:03.125117> WebSocket connected! Start Partial @depth20 [Future] process...
00:59:03.129116> WebSocket connected! Start Partial @depth20 [MARGIN] process...
00:59:03.142118> Lenta has started...Start SubscribeToAggTradeStream @aggTrade [future] process...
00:59:03.152118> WebSocket connected! Start [MARGIN] @depth@100ms process...
00:59:03.153117> WebSocket connected! Start @depth [Future] process...
00:59:03.158118> Lenta has started...Start SubscribeToTradeStream @trade [{accType}] process...
00:59:03.217121> Lenta has started...Start SubscribeToTradeStream @trade [{accType}] process...
00:59:03.229120> WebSocket connected! Start Partial @depth20 [MARGIN] process...
00:59:03.302126> WebSocket connected! Start Partial @depth20 [Future] process...
00:59:03.438133> WebSocket connected! Start @depth [Future] process...
00:59:03.468134> Lenta has started...Start SubscribeToAggTradeStream @aggTrade [future] process...
01:00:01.587429> BinanceFuture - Vxxv1AWf[USD_M] USD_M Balance: 0.66986043 USDT
01:00:17.386426> WebSocket connected! Start @bookTicker [Future] process...
01:00:40.025655> WebSocket [ConnectToDepthStream()] [future] error: Unable to read data from the transport connection: An existing connection was forcibly closed by the remote host.
01:00:59.801051> WebSocket [SubscribeBookTickerStream()] [future] error: Unable to read data from the transport connection: An existing connection was forcibly closed by the remote host.
01:09:38.912454> BinanceFuture - Vxxv1AWf[USD_M] Reconect to WebSocket #
01:09:38.913461> WebSocket [ConnectToDepthStream()] [Closed] [future] and reconnect again [during Task.Delay]..
01:09:52.206790> BinanceFuture - Vxxv1AWf[USD_M] Reconect to WebSocket #
01:09:52.207788> WebSocket [SubscribeBookTickerStream()] [Closed] [future] and reconnect again [during Task.Delay]..
01:09:52.222792> WebSocket [SubscribeBookTickerStream()] [future] error: Unable to read data from the transport connection: An existing connection was forcibly closed by the remote host.
