23:18:13.006943> Binance - Vxxv1AWf[SPOT] SPOT Balance: 0.00000000 USDT
23:18:13.595979> WebSocket connected! Start Partial @depth20 [Future] process...
23:18:13.595979> WebSocket connected! Start @bookTicker ...
23:18:13.596979> WebSocket connected! Start [SPOT] @depth@100ms process...
23:18:13.597980> WebSocket connected! Start Partial @depth20 [SPOT] process...
23:18:13.600979> Lenta has started...Start SubscribeToTradeStream @trade [{accType}] process...
23:18:13.602980> Lenta has started...Start SubscribeToTradeStream @trade [{accType}] process...
23:18:13.606979> Lenta has started...Start SubscribeToAggTradeStream @aggTrade [future] process...
23:18:13.607980> WebSocket connected! Start Partial @depth20 [SPOT] process...
23:18:13.608981> WebSocket connected! Start @bookTicker ...
23:18:13.611980> WebSocket connected! Start @depth [Future] process...
23:18:13.613980> WebSocket connected! Start @bookTicker [Future] process...
23:18:13.615980> WebSocket connected! Start [SPOT] @depth@100ms process...
23:18:13.700985> BinanceFuture - Vxxv1AWf[USD_M] USD_M Balance: 28.58403735 USDT
23:18:13.712989> WebSocket connected! Start @bookTicker [Future] process...
23:18:13.713986> Lenta has started...Start SubscribeToAggTradeStream @aggTrade [future] process...
23:18:13.718986> WebSocket connected! Start Partial @depth20 [Future] process...
23:18:13.718986> WebSocket connected! Start @depth [Future] process...
23:21:56.302102> BinanceFuture - Vxxv1AWf[USD_M] Reconect to WebSocket #
23:21:56.303102> WebSocket [SubscribeBookTickerStream()] [Closed] [future] and reconnect again [during Task.Delay]..
23:21:58.972263> WebSocket connected! Start @depth [Future] process...
23:22:14.284132> WebSocket [SubscribeBookTickerStream()] [future] error: Unable to read data from the transport connection: An existing connection was forcibly closed by the remote host.
23:22:19.396424> BinanceFuture - Vxxv1AWf[USD_M] Reconect to WebSocket #
23:22:19.401426> WebSocket [SubscribeBookTickerStream()] [Closed] [future] and reconnect again [during Task.Delay]..
23:22:22.491602> WebSocket connected! Start @depth [Future] process...
23:23:59.803185> WebSocket [ConnectToDepthStream()] [future] error: Unable to read data from the transport connection: An established connection was aborted by the software in your host machine.
23:24:04.948479> BinanceFuture - Vxxv1AWf[USD_M] Reconect to WebSocket #
23:24:04.949479> WebSocket [ConnectToDepthStream()] [Closed] [future] and reconnect again [during Task.Delay]..
23:24:07.375621> WebSocket connected! Start @depth [Future] process...
23:24:15.331073> WebSocket [ConnectToDepthStream()] [future] error: Unable to read data from the transport connection: An existing connection was forcibly closed by the remote host.
23:24:20.387370> BinanceFuture - Vxxv1AWf[USD_M] Reconect to WebSocket #
23:24:20.531400> WebSocket [ConnectToDepthStream()] [Closed] [future] and reconnect again [during Task.Delay]..
23:24:22.050457> WebSocket connected! Start @depth [Future] process...
23:25:23.673990> WebSocket [ConnectToDepthStream()] [future] error: Unable to read data from the transport connection: An existing connection was forcibly closed by the remote host.
23:25:28.994300> BinanceFuture - Vxxv1AWf[USD_M] Reconect to WebSocket #
23:25:28.996297> WebSocket [ConnectToDepthStream()] [Closed] [future] and reconnect again [during Task.Delay]..
23:25:34.951640> WebSocket connected! Start @depth [Future] process...
