11:41:15.574732> WebSocket connected! Start Partial @depth20 [Future] process...
11:41:15.607733> Lenta has started...Start SubscribeToTradeStream @trade [{accType}] process...
11:41:15.609733> WebSocket connected! Start Partial @depth20 [MARGIN] process...
11:41:15.612735> WebSocket connected! Start [MARGIN] @depth@100ms process...
11:41:15.618731> Lenta has started...Start SubscribeToAggTradeStream @aggTrade [future] process...
11:41:15.657743> WebSocket connected! Start @depth [Future] process...
11:41:15.725740> Lenta has started...Start SubscribeToTradeStream @trade [{accType}] process...
11:41:15.747741> WebSocket connected! Start Partial @depth20 [MARGIN] process...
11:41:15.751747> WebSocket connected! Start [MARGIN] @depth@100ms process...
11:41:16.101013> Lenta has started...Start SubscribeToAggTradeStream @aggTrade [future] process...
11:41:16.144447> WebSocket connected! Start @depth [Future] process...
11:41:16.174455> WebSocket connected! Start Partial @depth20 [Future] process...
11:41:16.329453> Binance - Vxxv1AWf[MARGIN] MARGIN Balance: 0.54241078 USDT
11:41:16.617442> BinanceFuture - Vxxv1AWf[USD_M] USD_M Balance: 0.66986043 USDT
11:46:53.812809> WebSocket [ConnectToDepthStream()] [future] error: Unable to read data from the transport connection: An existing connection was forcibly closed by the remote host.
11:46:53.825808> WebSocket [ConnectToDepthStream()] [Closed] [future] and reconnect again..
11:46:54.208831> WebSocket [ConnectToDepthStream()] [future] error: Unable to read data from the transport connection: An existing connection was forcibly closed by the remote host.
11:46:54.209830> WebSocket [ConnectToDepthStream()] [Closed] [future] and reconnect again..
11:46:58.867027> BinanceFuture - Vxxv1AWf[USD_M] Reconect to WebSocket #
11:46:59.939079> WebSocket [ConnectToDepthStream()] [Closed] [future] and reconnect again [during Task.Delay]..
11:47:01.122760> BinanceFuture - Vxxv1AWf[USD_M] Reconect to WebSocket #
11:47:01.123761> WebSocket [ConnectToDepthStream()] [Closed] [future] and reconnect again [during Task.Delay]..
11:47:09.551837> WebSocket connected! Start @depth [Future] process...
11:47:11.392339> WebSocket connected! Start @depth [Future] process...
11:47:11.394337> WebSocket connected! Start @depth [Future] process...
11:47:15.341590> WebSocket connected! Start @depth [Future] process...
11:49:26.684116> WebSocket [ConnectToDepthStream()] [future] error: Unable to read data from the transport connection: An existing connection was forcibly closed by the remote host.
11:49:26.684116> WebSocket [ConnectToDepthStream()] [Closed] [future] and reconnect again..
11:51:08.924056> BinanceFuture - Vxxv1AWf[USD_M] Reconect to WebSocket #
11:51:08.925058> WebSocket [ConnectToDepthStream()] [Closed] [future] and reconnect again [during Task.Delay]..
