09:41:49.844422> Binance - Vxxv1AWf[SPOT] SPOT Balance: 0.00000000 USDT
09:41:49.934412> WebSocket connected! Start @bookTicker [Future] process...
09:41:49.937412> WebSocket connected! Start Partial @depth20 [SPOT] process...
09:41:49.939413> Lenta has started...Start SubscribeToTradeStream @trade [{accType}] process...
09:41:49.939413> WebSocket connected! Start Partial @depth20 [Future] process...
09:41:49.940414> WebSocket connected! Start @depth [Future] process...
09:41:49.940414> WebSocket connected! Start @bookTicker ...
09:41:49.954413> (Closing... Elapsted: 34909954 ms.)
09:41:49.956414> BookTicker was closed by Custom!
09:41:49.956414> WebSocket connected! Start [SPOT] @depth@100ms process...
09:41:49.959415> Lenta has started...Start SubscribeToAggTradeStream @aggTrade [future] process...
09:41:49.969415> (Closing... Elapsted: 34909969 ms.)
09:41:49.969415> AggTrade was closed by Custom!
09:41:50.045419> WebSocket connected! Start @bookTicker ...
09:41:50.054420> Lenta has started...Start SubscribeToTradeStream @trade [{accType}] process...
09:41:50.055424> WebSocket connected! Start Partial @depth20 [SPOT] process...
09:41:50.056436> WebSocket connected! Start [SPOT] @depth@100ms process...
09:41:50.142425> (Closing... Elapsted: 34910142 ms.)
09:41:50.144425> MarketDepth was closed by Custom!
09:41:50.500784> WebSocket connected! Start Partial @depth20 [Future] process...
09:41:50.503783> WebSocket connected! Start @bookTicker [Future] process...
09:41:50.549776> Lenta has started...Start SubscribeToAggTradeStream @aggTrade [future] process...
09:41:51.018809> Lenta has started...Start SubscribeToAggTradeStream @aggTrade [future] process...
09:41:51.052785> WebSocket connected! Start @bookTicker [Future] process...
09:41:51.055785> BinanceFuture - Vxxv1AWf[USD_M] USD_M Balance: 6.25838444 USDT
09:41:51.153793> WebSocket connected! Start @depth [Future] process...
