15:37:46.044904> Binance - Vxxv1AWf[SPOT] SPOT Balance: 0.00000000 USDT
15:37:46.272905> WebSocket connected! Start Partial @depth20 [SPOT] process...
15:37:46.272905> WebSocket connected! Start [SPOT] @depth@1000ms process...
15:37:46.273906> WebSocket connected! Start [SPOT] @depth@1000ms process...
15:37:46.292910> WebSocket connected! Start Partial @depth20 [Future] process...
15:37:46.324908> Lenta has started...Start SubscribeToTradeStream @trade [{accType}] process...
15:37:46.343919> Lenta has started...Start SubscribeToTradeStream @trade [{accType}] process...
15:37:46.346909> WebSocket connected! Start Partial @depth20 [SPOT] process...
15:37:46.349910> WebSocket connected! Start @depth [Future] process...
15:37:46.597941> WebSocket connected! Start @depth [Future] process...
15:37:46.629927> Lenta has started...Start SubscribeToAggTradeStream @aggTrade [future] process...
15:37:46.643936> WebSocket connected! Start Partial @depth20 [Future] process...
15:37:47.310983> Lenta has started...Start SubscribeToAggTradeStream @aggTrade [future] process...
15:37:48.237287> BinanceFuture - Vxxv1AWf[USD_M] USD_M Balance: 0.72730263 USDT
15:39:41.808156> BinanceFuture - Vxxv1AWf[USD_M] Reconect ConnectToDepthStream() to WebSocket #
15:39:41.809140> WebSocket [ConnectToDepthStream()] [Closed] [future] and reconnect again [during Task.Delay]..
15:39:42.812180> WebSocket connected! Start @depth [Future] process...
15:40:52.576987> BinanceFuture - Vxxv1AWf[USD_M] Reconect ConnectToDepthStream() to WebSocket #
15:40:52.577987> WebSocket [ConnectToDepthStream()] [Closed] [future] and reconnect again [during Task.Delay]..
15:40:56.974517> WebSocket connected! Start @depth [Future] process...
