22:53:56.348697> Binance - Vxxv1AWf[SPOT] SPOT Balance: 0.00000000 USDT
22:53:56.996784> WebSocket connected! Start Partial @depth20 [Future] process...
22:53:56.996784> Lenta has started...Start SubscribeToAggTradeStream @aggTrade [future] process...
22:53:56.998787> WebSocket connected! Start @bookTicker [Future] process...
22:53:57.011787> WebSocket connected! Start @depth [Future] process...
22:53:57.056788> Lenta has started...Start SubscribeToTradeStream @trade [{accType}] process...
22:53:57.065788> WebSocket connected! Start [SPOT] @depth@100ms process...
22:53:57.087790> (Closing... Elapsted: 82437087 ms.)
22:53:57.090790> WebSocket connected! Start Partial @depth20 [SPOT] process...
22:53:57.090790> WebSocket connected! Start @bookTicker ...
22:53:57.090790> WebSocket connected! Start Partial @depth20 [SPOT] process...
22:53:57.092792> BookTicker was closed by Custom!
22:53:57.111798> WebSocket connected! Start @bookTicker ...
22:53:57.128794> Lenta has started...Start SubscribeToTradeStream @trade [{accType}] process...
22:53:57.135793> WebSocket connected! Start [SPOT] @depth@100ms process...
22:53:57.178794> (Closing... Elapsted: 82437178 ms.)
22:53:57.179796> MarketDepth was closed by Custom!
22:53:57.548825> WebSocket connected! Start Partial @depth20 [Future] process...
22:53:57.564828> Lenta has started...Start SubscribeToAggTradeStream @aggTrade [future] process...
22:53:57.629822> BinanceFuture - Vxxv1AWf[USD_M] USD_M Balance: 6.25838444 USDT
22:53:57.982843> (Closing... Elapsted: 82437982 ms.)
22:53:57.982843> (Closing... Elapsted: 82437982 ms.)
22:53:58.002843> AggTrade was closed by Custom!
22:53:58.149850> WebSocket connected! Start @bookTicker [Future] process...
22:53:58.164852> WebSocket connected! Start @depth [Future] process...
22:53:58.983653> Lenta has started...Start SubscribeToAggTradeStream @aggTrade [future] process...
22:53:58.992648> Lenta has started...Start SubscribeToAggTradeStream @aggTrade [future] process...
22:54:03.282906> BinanceFuture - Vxxv1AWf[USD_M] Reconect to WebSocket #
22:54:03.284906> WebSocket [SubscribeToAggTradeStream()] [Closed] [future] and reconnect again [with Task.Delay]..
22:54:04.275595> Lenta has started...Start SubscribeToAggTradeStream @aggTrade [future] process...
