19:48:04.405271> WebSocket connected! Start @depth [Future] process...
19:48:04.405271> WebSocket connected! Start Partial @depth20 [Future] process...
19:48:04.407273> WebSocket connected! Start Partial @depth20 [SPOT] process...
19:48:04.406272> Lenta has started...Start SubscribeToAggTradeStream @aggTrade [future] process...
19:48:04.609285> Binance - Vxxv1AWf[SPOT] SPOT Balance: 0.00000000 USDT
19:48:04.695288> WebSocket connected! Start Partial @depth20 [SPOT] process...
19:48:05.248481> Lenta has started...Start SubscribeToAggTradeStream @aggTrade [future] process...
19:48:05.267874> WebSocket connected! Start Partial @depth20 [Future] process...
19:48:05.269428> WebSocket connected! Start @depth [Future] process...
19:48:05.838461> BinanceFuture - Vxxv1AWf[USD_M] USD_M Balance: 100.21065785 USDT
20:24:27.562853> WebSocket [ConnectToDepthStream()] [future] error: Unable to read data from the transport connection: An existing connection was forcibly closed by the remote host.
20:24:28.105886> WebSocket [ConnectToDepthStream()] [future] error: Unable to read data from the transport connection: An existing connection was forcibly closed by the remote host.
20:24:32.640145> BinanceFuture - Vxxv1AWf[USD_M] Reconect ConnectToDepthStream() to WebSocket #
20:24:33.225177> BinanceFuture - Vxxv1AWf[USD_M] Reconect ConnectToDepthStream() to WebSocket #
20:24:33.437193> WebSocket [ConnectToDepthStream()] [Closed] [future] and reconnect again [during Task.Delay]..
20:24:33.917217> WebSocket [ConnectToDepthStream()] [Closed] [future] and reconnect again [during Task.Delay]..
20:25:03.997943> WebSocket connected! Start @depth [Future] process...
20:25:13.490489> WebSocket connected! Start @depth [Future] process...
20:27:14.569430> Unable to write data to the transport connection: An existing connection was forcibly closed by the remote host.
20:27:14.570432> A request to send or receive data was disallowed because the socket is not connected and (when sending on a datagram socket using a sendto call) no address was supplied
20:27:14.571429> Unable to write data to the transport connection: An existing connection was forcibly closed by the remote host.
20:27:14.571429> A request to send or receive data was disallowed because the socket is not connected and (when sending on a datagram socket using a sendto call) no address was supplied
20:27:19.859731> BinanceFuture - Vxxv1AWf[USD_M] Reconect to WebSocket #
20:27:19.866731> WebSocket [SubscribeToAggTradeStream()] [Closed] [future] and reconnect again [with Task.Delay]..
20:27:19.872732> BinanceFuture - Vxxv1AWf[USD_M] Reconect to WebSocket #
20:27:19.875732> WebSocket [SubscribeToAggTradeStream()] [Closed] [future] and reconnect again [with Task.Delay]..
20:27:45.140184> Lenta has started...Start SubscribeToAggTradeStream @aggTrade [future] process...
20:27:45.221188> Lenta has started...Start SubscribeToAggTradeStream @aggTrade [future] process...
