09:12:55.835445> WebSocket connected! Start @bookTicker ...
09:12:55.836449> Lenta has started...Start SubscribeToAggTradeStream @aggTrade [future] process...
09:12:55.836449> WebSocket connected! Start @bookTicker [Future] process...
09:12:55.844449> WebSocket connected! Start @depth [Future] process...
09:12:55.866450> (Closing... Elapsted: 33175866 ms.)
09:12:55.867450> BookTicker was closed by Custom!
09:12:55.869450> WebSocket connected! Start Partial @depth20 [Future] process...
09:12:55.883451> WebSocket connected! Start Partial @depth20 [SPOT] process...
09:12:55.890452> Lenta has started...Start SubscribeToTradeStream @trade [{accType}] process...
09:12:55.909452> Binance - Vxxv1AWf[SPOT] SPOT Balance: 0.00000000 USDT
09:12:55.843448> WebSocket connected! Start [SPOT] @depth@100ms process...
09:12:55.992456> (Closing... Elapsted: 33175992 ms.)
09:12:55.994458> MarketDepth was closed by Custom!
09:12:56.039498> Lenta has started...Start SubscribeToTradeStream @trade [{accType}] process...
09:12:56.129464> WebSocket connected! Start Partial @depth20 [SPOT] process...
09:12:56.279472> WebSocket connected! Start @bookTicker ...
09:12:56.285473> WebSocket connected! Start [SPOT] @depth@100ms process...
09:12:56.663494> (Closing... Elapsted: 33176663 ms.)
09:12:56.687498> AggTrade was closed by Custom!
09:12:56.696498> WebSocket connected! Start Partial @depth20 [Future] process...
09:12:56.698496> WebSocket connected! Start @bookTicker [Future] process...
09:12:57.244528> WebSocket connected! Start @bookTicker [Future] process...
09:12:57.489543> BinanceFuture - Vxxv1AWf[USD_M] USD_M Balance: 6.25838444 USDT
09:12:57.686553> WebSocket connected! Start @depth [Future] process...
09:12:57.949522> Lenta has started...Start SubscribeToAggTradeStream @aggTrade [future] process...
