12:34:13.307627> Binance - Vxxv1AWf[SPOT] SPOT Balance: 0.00000000 USDT
12:34:13.348629> WebSocket connected! Start Partial @depth20 [Future] process...
12:34:13.348629> WebSocket connected! Start @bookTicker [Future] process...
12:34:13.349631> Lenta has started...Start SubscribeToAggTradeStream @aggTrade [future] process...
12:34:13.349631> WebSocket connected! Start @depth [Future] process...
12:34:13.355631> WebSocket connected! Start [SPOT] @depth@100ms process...
12:34:13.356630> Lenta has started...Start SubscribeToTradeStream @trade [{accType}] process...
12:34:13.405634> WebSocket connected! Start [SPOT] @depth@100ms process...
12:34:13.408635> WebSocket connected! Start Partial @depth20 [SPOT] process...
12:34:13.424634> WebSocket connected! Start @bookTicker ...
12:34:13.475636> Lenta has started...Start SubscribeToTradeStream @trade [{accType}] process...
12:34:13.476637> WebSocket connected! Start @bookTicker ...
12:34:13.487636> WebSocket connected! Start Partial @depth20 [SPOT] process...
12:34:20.180021> WebSocket connected! Start @bookTicker [Future] process...
12:34:20.180021> WebSocket connected! Start Partial @depth20 [Future] process...
12:34:20.181021> Lenta has started...Start SubscribeToAggTradeStream @aggTrade [future] process...
12:34:20.181021> WebSocket connected! Start @depth [Future] process...
12:34:20.186021> BinanceFuture - Vxxv1AWf[USD_M] USD_M Balance: 6.25838444 USDT
12:36:39.179509> WebSocket [SubscribeBookTickerStream()] [future] error: A request to send or receive data was disallowed because the socket is not connected and (when sending on a datagram socket using a sendto call) no address was supplied
12:36:42.466699> BookTicker was closed by Custom!
12:36:50.293211> BookTicker was closed by Custom!
