21:40:59.856970> Lenta has started...Start SubscribeToAggTradeStream @aggTrade [future] process...
21:40:59.856970> WebSocket connected! Start Partial @depth20 [Future] process...
21:40:59.856970> WebSocket connected! Start [SPOT] @depth@100ms process...
21:40:59.858972> WebSocket connected! Start @depth [Future] process...
21:40:59.867971> WebSocket connected! Start Partial @depth20 [SPOT] process...
21:40:59.867971> WebSocket connected! Start @bookTicker ...
21:40:59.886973> WebSocket connected! Start @bookTicker [Future] process...
21:40:59.915974> Lenta has started...Start SubscribeToTradeStream @trade [{accType}] process...
21:41:00.046980> WebSocket connected! Start [SPOT] @depth@100ms process...
21:41:00.097985> Lenta has started...Start SubscribeToTradeStream @trade [{accType}] process...
21:41:00.098985> WebSocket connected! Start @bookTicker ...
21:41:00.098985> WebSocket connected! Start Partial @depth20 [SPOT] process...
21:41:00.239994> Binance - Vxxv1AWf[SPOT] SPOT Balance: 0.00000000 USDT
21:41:00.421002> WebSocket connected! Start @depth [Future] process...
21:41:00.453004> WebSocket connected! Start Partial @depth20 [Future] process...
21:41:00.502008> Lenta has started...Start SubscribeToAggTradeStream @aggTrade [future] process...
21:41:00.506009> WebSocket connected! Start @bookTicker [Future] process...
21:41:01.001082> BinanceFuture - Vxxv1AWf[USD_M] USD_M Balance: 63.31060251 USDT
21:49:13.495866> Unable to read data from the transport connection: An existing connection was forcibly closed by the remote host.
21:49:13.504866> WebSocket [ConnectToDepthStream()] [future] error: Unable to read data from the transport connection: An existing connection was forcibly closed by the remote host.
21:49:13.513868> WebSocket [SubscribeBookTickerStream()] [future] error: Unable to read data from the transport connection: An existing connection was forcibly closed by the remote host.
21:49:13.517868> WebSocket [SubscribePartialDepthStream()] [future] error: Unable to read data from the transport connection: An existing connection was forcibly closed by the remote host.
21:49:15.965006> WebSocket [ConnectToDepthStream()] [future] error: Received an unexpected EOF or 0 bytes from the transport stream.
21:49:18.305141> Unable to read data from the transport connection: An existing connection was forcibly closed by the remote host.
21:49:18.506152> BinanceFuture - Vxxv1AWf[USD_M] Reconect to WebSocket #
21:49:18.507153> WebSocket [ConnectToDepthStream()] [Closed] [future] and reconnect again [during Task.Delay]..
21:49:18.507153> BinanceFuture - Vxxv1AWf[USD_M] Reconect to WebSocket #
21:49:18.508153> WebSocket [SubscribeToAggTradeStream()] [Closed] [future] and reconnect again [with Task.Delay]..
21:49:18.598162> BinanceFuture - Vxxv1AWf[USD_M] Reconect to WebSocket #
21:49:18.599160> WebSocket [SubscribeBookTickerStream()] [Closed] [future] and reconnect again [during Task.Delay]..
21:49:18.602164> BinanceFuture - Vxxv1AWf[USD_M] Reconect to WebSocket #
21:49:18.603160> WebSocket [SubscribePartialDepthStream()] [Closed] [future] and reconnect again [during Task.Delay]..
21:49:20.085242> Lenta has started...Start SubscribeToAggTradeStream @aggTrade [future] process...
21:49:20.088244> WebSocket connected! Start @depth [Future] process...
21:49:20.088244> WebSocket connected! Start @depth [Future] process...
21:49:20.086244> WebSocket connected! Start @depth [Future] process...
21:49:21.091303> BinanceFuture - Vxxv1AWf[USD_M] Reconect to WebSocket #
21:49:21.092303> WebSocket [ConnectToDepthStream()] [Closed] [future] and reconnect again [during Task.Delay]..
21:49:23.720452> WebSocket connected! Start @depth [Future] process...
21:50:13.878327> WebSocket [SubscribeBookTickerStream()] [future] error: Unable to read data from the transport connection: An existing connection was forcibly closed by the remote host.
21:51:21.594211> Unable to read data from the transport connection: An existing connection was forcibly closed by the remote host.
21:51:26.624498> BinanceFuture - Vxxv1AWf[USD_M] Reconect to WebSocket #
21:51:26.628497> WebSocket [SubscribeToAggTradeStream()] [Closed] [future] and reconnect again [with Task.Delay]..
21:51:28.350602> Lenta has started...Start SubscribeToAggTradeStream @aggTrade [future] process...
21:53:21.216074> WebSocket [ConnectToDepthStream()] [future] error: Unable to read data from the transport connection: An existing connection was forcibly closed by the remote host.
21:53:26.238356> BinanceFuture - Vxxv1AWf[USD_M] Reconect to WebSocket #
21:53:26.239357> WebSocket [ConnectToDepthStream()] [Closed] [future] and reconnect again [during Task.Delay]..
21:53:27.691440> WebSocket connected! Start @depth [Future] process...
21:54:55.797490> WebSocket [ConnectToDepthStream()] [future] error: Received an unexpected EOF or 0 bytes from the transport stream.
21:55:00.948787> BinanceFuture - Vxxv1AWf[USD_M] Reconect to WebSocket #
21:55:00.948787> WebSocket [ConnectToDepthStream()] [Closed] [future] and reconnect again [during Task.Delay]..
21:55:04.220978> WebSocket connected! Start @depth [Future] process...
21:56:45.692794> BinanceFuture - Vxxv1AWf[USD_M] Reconect to WebSocket #
21:56:45.692794> WebSocket [ConnectToDepthStream()] [Closed] [future] and reconnect again [during Task.Delay]..
21:56:51.062101> WebSocket connected! Start @depth [Future] process...
21:57:25.804093> WebSocket [ConnectToDepthStream()] [future] error: Unable to read data from the transport connection: An existing connection was forcibly closed by the remote host.
21:57:31.542422> BinanceFuture - Vxxv1AWf[USD_M] Reconect to WebSocket #
21:57:31.543423> WebSocket [ConnectToDepthStream()] [Closed] [future] and reconnect again [during Task.Delay]..
21:57:43.078084> WebSocket connected! Start @depth [Future] process...
21:58:21.473285> WebSocket [ConnectToDepthStream()] [future] error: Unable to read data from the transport connection: An existing connection was forcibly closed by the remote host.
21:58:26.499574> BinanceFuture - Vxxv1AWf[USD_M] Reconect to WebSocket #
21:58:27.475630> WebSocket [ConnectToDepthStream()] [Closed] [future] and reconnect again [during Task.Delay]..
21:58:34.551035> WebSocket connected! Start @depth [Future] process...
21:58:52.552089> WebSocket [ConnectToDepthStream()] [future] error: Unable to write data to the transport connection: An existing connection was forcibly closed by the remote host.
21:58:58.026381> BinanceFuture - Vxxv1AWf[USD_M] Reconect to WebSocket #
21:58:58.026381> WebSocket [ConnectToDepthStream()] [Closed] [future] and reconnect again [during Task.Delay]..
21:59:05.343800> WebSocket connected! Start @depth [Future] process...
21:59:45.863124> WebSocket [ConnectToDepthStream()] [future] error: Unable to read data from the transport connection: An existing connection was forcibly closed by the remote host.
21:59:51.465452> BinanceFuture - Vxxv1AWf[USD_M] Reconect to WebSocket #
21:59:51.466455> WebSocket [ConnectToDepthStream()] [Closed] [future] and reconnect again [during Task.Delay]..
22:00:09.697494> WebSocket connected! Start @depth [Future] process...
22:00:39.869221> WebSocket [ConnectToDepthStream()] [future] error: Unable to read data from the transport connection: An existing connection was forcibly closed by the remote host.
22:01:08.048837> WebSocket [ConnectToDepthStream()] [future] error: Unable to read data from the transport connection: An existing connection was forcibly closed by the remote host.
22:01:10.626985> WebSocket [ConnectToDepthStream()] [future] error: Unable to read data from the transport connection: An existing connection was forcibly closed by the remote host.
22:01:13.177131> BinanceFuture - Vxxv1AWf[USD_M] Reconect to WebSocket #
22:01:13.177131> WebSocket [ConnectToDepthStream()] [Closed] [future] and reconnect again [during Task.Delay]..
22:01:17.792394> BinanceFuture - Vxxv1AWf[USD_M] Reconect to WebSocket #
22:01:17.793395> WebSocket [ConnectToDepthStream()] [Closed] [future] and reconnect again [during Task.Delay]..
22:01:23.012692> WebSocket connected! Start @depth [Future] process...
22:01:23.685734> WebSocket [ConnectToDepthStream()] [future] error: Unable to read data from the transport connection: An existing connection was forcibly closed by the remote host.
22:01:29.144046> BinanceFuture - Vxxv1AWf[USD_M] Reconect to WebSocket #
22:01:29.365058> WebSocket [ConnectToDepthStream()] [Closed] [future] and reconnect again [during Task.Delay]..
22:01:31.820199> WebSocket connected! Start @depth [Future] process...
22:01:34.195336> WebSocket connected! Start @depth [Future] process...
22:02:09.899384> WebSocket [ConnectToDepthStream()] [future] error: Unable to read data from the transport connection: An existing connection was forcibly closed by the remote host.
22:02:14.948672> BinanceFuture - Vxxv1AWf[USD_M] Reconect to WebSocket #
22:02:14.949672> WebSocket [ConnectToDepthStream()] [Closed] [future] and reconnect again [during Task.Delay]..
22:02:35.299840> WebSocket connected! Start @depth [Future] process...
22:03:32.162098> WebSocket [ConnectToDepthStream()] [future] error: Unable to read data from the transport connection: An existing connection was forcibly closed by the remote host.
22:03:35.724302> WebSocket [ConnectToDepthStream()] [future] error: Unable to read data from the transport connection: An existing connection was forcibly closed by the remote host.
22:03:37.670415> BinanceFuture - Vxxv1AWf[USD_M] Reconect to WebSocket #
22:03:38.536465> WebSocket [ConnectToDepthStream()] [Closed] [future] and reconnect again [during Task.Delay]..
22:03:41.052609> BinanceFuture - Vxxv1AWf[USD_M] Reconect to WebSocket #
22:03:41.709647> WebSocket [ConnectToDepthStream()] [Closed] [future] and reconnect again [during Task.Delay]..
22:03:43.035723> WebSocket connected! Start @depth [Future] process...
22:03:49.786109> WebSocket connected! Start @depth [Future] process...
22:04:30.162435> BinanceFuture - Vxxv1AWf[USD_M] Reconect to WebSocket #
22:04:30.164432> WebSocket [ConnectToDepthStream()] [Closed] [future] and reconnect again [during Task.Delay]..
22:04:35.481730> Unable to read data from the transport connection: An existing connection was forcibly closed by the remote host.
22:04:41.113051> BinanceFuture - Vxxv1AWf[USD_M] Reconect to WebSocket #
22:04:41.293062> WebSocket [SubscribeToAggTradeStream()] [Closed] [future] and reconnect again [with Task.Delay]..
22:04:42.167111> WebSocket connected! Start @depth [Future] process...
22:04:49.778548> Lenta has started...Start SubscribeToAggTradeStream @aggTrade [future] process...
22:05:43.622636> WebSocket [ConnectToDepthStream()] [future] error: Unable to read data from the transport connection: An existing connection was forcibly closed by the remote host.
22:05:44.501688> WebSocket [ConnectToDepthStream()] [future] error: Unable to read data from the transport connection: An existing connection was forcibly closed by the remote host.
22:05:48.902940> BinanceFuture - Vxxv1AWf[USD_M] Reconect to WebSocket #
22:05:48.902940> WebSocket [ConnectToDepthStream()] [Closed] [future] and reconnect again [during Task.Delay]..
22:05:49.984000> BinanceFuture - Vxxv1AWf[USD_M] Reconect to WebSocket #
22:05:49.998004> WebSocket [ConnectToDepthStream()] [Closed] [future] and reconnect again [during Task.Delay]..
22:05:52.162126> WebSocket [ConnectToDepthStream()] [future] error: Unable to read data from the transport connection: An existing connection was forcibly closed by the remote host.
22:05:56.986401> WebSocket connected! Start @depth [Future] process...
22:05:56.993403> WebSocket connected! Start @depth [Future] process...
22:05:57.848452> BinanceFuture - Vxxv1AWf[USD_M] Reconect to WebSocket #
22:05:57.849453> WebSocket [ConnectToDepthStream()] [Closed] [future] and reconnect again [during Task.Delay]..
22:06:01.234648> WebSocket connected! Start @depth [Future] process...
22:07:02.374151> WebSocket [ConnectToDepthStream()] [future] error: Unable to read data from the transport connection: An existing connection was forcibly closed by the remote host.
22:07:07.442443> BinanceFuture - Vxxv1AWf[USD_M] Reconect to WebSocket #
22:07:07.673456> WebSocket [ConnectToDepthStream()] [Closed] [future] and reconnect again [during Task.Delay]..
22:07:11.371667> WebSocket connected! Start @depth [Future] process...
22:08:00.482483> WebSocket [ConnectToDepthStream()] [future] error: Unable to read data from the transport connection: An existing connection was forcibly closed by the remote host.
22:08:01.372536> WebSocket [ConnectToDepthStream()] [future] error: Unable to read data from the transport connection: An existing connection was forcibly closed by the remote host.
22:08:05.597776> BinanceFuture - Vxxv1AWf[USD_M] Reconect to WebSocket #
22:08:06.048803> WebSocket [ConnectToDepthStream()] [Closed] [future] and reconnect again [during Task.Delay]..
22:08:06.391823> BinanceFuture - Vxxv1AWf[USD_M] Reconect to WebSocket #
22:08:06.391823> WebSocket [ConnectToDepthStream()] [Closed] [future] and reconnect again [during Task.Delay]..
22:08:11.492115> WebSocket connected! Start @depth [Future] process...
22:08:12.094157> WebSocket connected! Start @depth [Future] process...
22:09:12.010584> WebSocket [ConnectToDepthStream()] [future] error: Unable to read data from the transport connection: An existing connection was forcibly closed by the remote host.
22:09:17.077876> BinanceFuture - Vxxv1AWf[USD_M] Reconect to WebSocket #
22:09:17.078877> WebSocket [ConnectToDepthStream()] [Closed] [future] and reconnect again [during Task.Delay]..
22:09:22.060162> Error (on Error) ConnectToDepthStream()[SPOT]:
Unable to read data from the transport connection: An existing connection was forcibly closed by the remote host.
22:09:22.061163> WebSocket [ConnectToDepthStream()] [Closed] [SPOT] and reconnect again..
22:09:23.920272> WebSocket connected! Start @depth [Future] process...
22:09:27.233458> Binance - Vxxv1AWf[SPOT] Reconect to WebSocket #
22:09:27.234458> WebSocket [ConnectToDepthStream()] [Closed] [SPOT] and reconnect again [with Task.Delay]..
22:09:27.756489> WebSocket connected! Start [SPOT] @depth@100ms process...
