12:48:13.103797> WebSocket connected! Start @bookTicker [Future] process...
12:48:13.107797> WebSocket connected! Start [MARGIN] @depth@100ms process...
12:48:13.120797> WebSocket connected! Start Partial @depth20 [MARGIN] process...
12:48:13.125798> WebSocket connected! Start Partial @depth20 [Future] process...
12:48:13.168798> Lenta has started...Start SubscribeToTradeStream @trade [{accType}] process...
12:48:13.252804> WebSocket connected! Start Partial @depth20 [MARGIN] process...
12:48:13.301808> Binance - Vxxv1AWf[MARGIN] MARGIN Balance: 0.58350256 USDT
12:48:13.301808> Lenta has started...Start SubscribeToTradeStream @trade [{accType}] process...
12:48:13.685843> WebSocket connected! Start Partial @depth20 [Future] process...
12:48:13.828887> WebSocket connected! Start @depth [Future] process...
12:48:14.057858> WebSocket connected! Start [MARGIN] @depth@100ms process...
12:48:14.113852> BinanceFuture - Vxxv1AWf[USD_M] USD_M Balance: 0.66986043 USDT
12:48:14.339879> WebSocket connected! Start @depth [Future] process...
12:48:14.520924> Lenta has started...Start SubscribeToAggTradeStream @aggTrade [future] process...
12:48:15.149736> WebSocket connected! Start @bookTicker [Future] process...
12:48:16.683593> Lenta has started...Start SubscribeToAggTradeStream @aggTrade [future] process...
12:51:16.224208> WebSocket [ConnectToDepthStream()] [future] error: Unable to read data from the transport connection: An existing connection was forcibly closed by the remote host.
12:51:21.238497> BinanceFuture - Vxxv1AWf[USD_M] Reconect to WebSocket #
12:51:21.240496> WebSocket [ConnectToDepthStream()] [Closed] [future] and reconnect again [during Task.Delay]..
12:51:22.528575> WebSocket connected! Start @depth [Future] process...
12:53:17.259868> WebSocket [ConnectToDepthStream()] [future] error: Unable to read data from the transport connection: An existing connection was forcibly closed by the remote host.
12:53:22.375161> BinanceFuture - Vxxv1AWf[USD_M] Reconect to WebSocket #
12:53:22.375161> WebSocket [ConnectToDepthStream()] [Closed] [future] and reconnect again [during Task.Delay]..
12:53:23.739237> WebSocket connected! Start @depth [Future] process...
