18:16:55.930018> Binance - Vxxv1AWf[MARGIN] MARGIN Balance: 0.54860055 USDT
18:16:55.995020> WebSocket connected! Start Partial @depth20 [MARGIN] process...
18:16:55.995020> Lenta has started...Start SubscribeToTradeStream @trade [{accType}] process...
18:16:55.998022> WebSocket connected! Start [MARGIN] @depth@100ms process...
18:16:56.005022> WebSocket connected! Start @depth [Future] process...
18:16:56.044028> Lenta has started...Start SubscribeToAggTradeStream @aggTrade [future] process...
18:16:56.047034> WebSocket connected! Start Partial @depth20 [Future] process...
18:16:56.108028> WebSocket connected! Start Partial @depth20 [MARGIN] process...
18:16:56.122221> WebSocket connected! Start [MARGIN] @depth@100ms process...
18:16:56.191033> Lenta has started...Start SubscribeToTradeStream @trade [{accType}] process...
18:16:56.909891> WebSocket connected! Start @depth [Future] process...
18:16:56.914891> WebSocket connected! Start Partial @depth20 [Future] process...
18:16:56.954897> Lenta has started...Start SubscribeToAggTradeStream @aggTrade [future] process...
18:16:57.531737> BinanceFuture - Vxxv1AWf[USD_M] USD_M Balance: 0.66986043 USDT
18:24:57.229633> WebSocket [ConnectToDepthStream()] [future] error: Unable to read data from the transport connection: An existing connection was forcibly closed by the remote host.
18:25:00.393814> WebSocket [ConnectToDepthStream()] [future] error: Unable to read data from the transport connection: An existing connection was forcibly closed by the remote host.
18:25:02.236919> BinanceFuture - Vxxv1AWf[USD_M] Reconect to WebSocket #
18:25:02.237920> WebSocket [ConnectToDepthStream()] [Closed] [future] and reconnect again [during Task.Delay]..
18:25:03.353983> WebSocket connected! Start @depth [Future] process...
18:25:05.406127> BinanceFuture - Vxxv1AWf[USD_M] Reconect to WebSocket #
18:25:05.407102> WebSocket [ConnectToDepthStream()] [Closed] [future] and reconnect again [during Task.Delay]..
18:25:06.632172> WebSocket connected! Start @depth [Future] process...
18:28:04.113956> WebSocket [ConnectToDepthStream()] [future] error: Unable to write data to the transport connection: An existing connection was forcibly closed by the remote host.
18:28:04.135917> WebSocket [ConnectToDepthStream()] [future] error: A request to send or receive data was disallowed because the socket is not connected and (when sending on a datagram socket using a sendto call) no address was supplied
18:28:07.101087> WebSocket [ConnectToDepthStream()] [future] error: Unable to write data to the transport connection: An existing connection was forcibly closed by the remote host.
18:28:07.102088> WebSocket [ConnectToDepthStream()] [future] error: A request to send or receive data was disallowed because the socket is not connected and (when sending on a datagram socket using a sendto call) no address was supplied
18:28:09.197211> BinanceFuture - Vxxv1AWf[USD_M] Reconect to WebSocket #
18:28:09.198210> WebSocket [ConnectToDepthStream()] [Closed] [future] and reconnect again [during Task.Delay]..
18:28:12.662407> BinanceFuture - Vxxv1AWf[USD_M] Reconect to WebSocket #
18:28:12.662407> WebSocket [ConnectToDepthStream()] [Closed] [future] and reconnect again [during Task.Delay]..
18:28:14.493513> WebSocket connected! Start @depth [Future] process...
18:28:16.042603> WebSocket connected! Start @depth [Future] process...
18:29:32.138288> WebSocket [ConnectToDepthStream()] [future] error: Received an unexpected EOF or 0 bytes from the transport stream.
18:29:36.600536> BinanceFuture - Vxxv1AWf[USD_M] Reconect to WebSocket #
18:29:36.621536> WebSocket [ConnectToDepthStream()] [Closed] [future] and reconnect again [during Task.Delay]..
18:29:37.143568> BinanceFuture - Vxxv1AWf[USD_M] Reconect to WebSocket #
18:29:37.143568> WebSocket [ConnectToDepthStream()] [Closed] [future] and reconnect again [during Task.Delay]..
18:29:37.788611> WebSocket connected! Start @depth [Future] process...
18:29:41.942841> WebSocket connected! Start @depth [Future] process...
18:34:42.680087> WebSocket [ConnectToDepthStream()] [future] error: Unable to read data from the transport connection: An existing connection was forcibly closed by the remote host.
18:34:47.731375> BinanceFuture - Vxxv1AWf[USD_M] Reconect to WebSocket #
18:34:47.732377> WebSocket [ConnectToDepthStream()] [Closed] [future] and reconnect again [during Task.Delay]..
18:34:50.568537> WebSocket connected! Start @depth [Future] process...
18:35:47.354994> WebSocket [ConnectToDepthStream()] [future] error: Unable to read data from the transport connection: An existing connection was forcibly closed by the remote host.
18:35:53.512338> BinanceFuture - Vxxv1AWf[USD_M] Reconect to WebSocket #
18:35:53.512338> WebSocket [ConnectToDepthStream()] [Closed] [future] and reconnect again [during Task.Delay]..
18:35:57.866589> WebSocket connected! Start @depth [Future] process...
18:36:50.981390> WebSocket [ConnectToDepthStream()] [future] error: Unable to read data from the transport connection: An existing connection was forcibly closed by the remote host.
18:36:56.252695> BinanceFuture - Vxxv1AWf[USD_M] Reconect to WebSocket #
18:36:56.253695> WebSocket [ConnectToDepthStream()] [Closed] [future] and reconnect again [during Task.Delay]..
18:36:59.586894> WebSocket connected! Start @depth [Future] process...
18:39:03.845220> WebSocket [ConnectToDepthStream()] [future] error: Unable to read data from the transport connection: An existing connection was forcibly closed by the remote host.
18:39:09.443538> BinanceFuture - Vxxv1AWf[USD_M] Reconect to WebSocket #
18:39:09.448538> WebSocket [ConnectToDepthStream()] [Closed] [future] and reconnect again [during Task.Delay]..
18:39:13.454769> WebSocket connected! Start @depth [Future] process...
