19:11:14.246658> WebSocket connected! Start [MARGIN] @depth@100ms process...
19:11:14.273652> WebSocket connected! Start Partial @depth20 [Future] process...
19:11:14.280652> WebSocket connected! Start @depth [Future] process...
19:11:14.283662> Lenta has started...Start SubscribeToTradeStream @trade [{accType}] process...
19:11:14.289653> WebSocket connected! Start Partial @depth20 [MARGIN] process...
19:11:14.294651> Lenta has started...Start SubscribeToAggTradeStream @aggTrade [future] process...
19:11:14.345655> Lenta has started...Start SubscribeToTradeStream @trade [{accType}] process...
19:11:14.400660> WebSocket connected! Start [MARGIN] @depth@100ms process...
19:11:14.409658> WebSocket connected! Start Partial @depth20 [MARGIN] process...
19:11:14.796685> Lenta has started...Start SubscribeToAggTradeStream @aggTrade [future] process...
19:11:14.857682> WebSocket connected! Start @depth [Future] process...
19:11:14.862684> WebSocket connected! Start Partial @depth20 [Future] process...
19:11:15.378509> Binance - Vxxv1AWf[MARGIN] MARGIN Balance: 0.54279902 USDT
19:11:15.436511> BinanceFuture - Vxxv1AWf[USD_M] USD_M Balance: 0.66986043 USDT
19:19:15.614665> WebSocket [ConnectToDepthStream()] [future] error: Unable to read data from the transport connection: An established connection was aborted by the software in your host machine.
19:19:20.701956> BinanceFuture - Vxxv1AWf[USD_M] Reconect to WebSocket #
19:19:20.702955> WebSocket [ConnectToDepthStream()] [Closed] [future] and reconnect again [during Task.Delay]..
19:19:21.887025> WebSocket connected! Start @depth [Future] process...
19:24:16.657924> WebSocket [ConnectToDepthStream()] [future] error: Unable to read data from the transport connection: An existing connection was forcibly closed by the remote host.
19:24:21.682215> BinanceFuture - Vxxv1AWf[USD_M] Reconect to WebSocket #
19:24:21.693213> WebSocket [ConnectToDepthStream()] [Closed] [future] and reconnect again [during Task.Delay]..
19:24:23.694328> WebSocket connected! Start @depth [Future] process...
19:27:26.530812> WebSocket [ConnectToDepthStream()] [future] error: Unable to read data from the transport connection: An existing connection was forcibly closed by the remote host.
19:27:31.538101> BinanceFuture - Vxxv1AWf[USD_M] Reconect to WebSocket #
19:27:31.538101> WebSocket [ConnectToDepthStream()] [Closed] [future] and reconnect again [during Task.Delay]..
19:27:33.121191> WebSocket connected! Start @depth [Future] process...
19:29:22.591585> WebSocket [ConnectToDepthStream()] [future] error: Unable to write data to the transport connection: An existing connection was forcibly closed by the remote host.
19:29:22.592587> WebSocket [ConnectToDepthStream()] [future] error: A request to send or receive data was disallowed because the socket is not connected and (when sending on a datagram socket using a sendto call) no address was supplied
19:29:27.593873> BinanceFuture - Vxxv1AWf[USD_M] Reconect to WebSocket #
19:29:27.632874> WebSocket [ConnectToDepthStream()] [Closed] [future] and reconnect again [during Task.Delay]..
19:29:28.884947> WebSocket connected! Start @depth [Future] process...
19:30:09.198258> WebSocket [ConnectToDepthStream()] [future] error: Unable to read data from the transport connection: An existing connection was forcibly closed by the remote host.
19:30:14.206547> BinanceFuture - Vxxv1AWf[USD_M] Reconect to WebSocket #
19:30:14.206547> WebSocket [ConnectToDepthStream()] [Closed] [future] and reconnect again [during Task.Delay]..
19:30:15.386622> WebSocket connected! Start @depth [Future] process...
19:31:28.934829> WebSocket [ConnectToDepthStream()] [future] error: Unable to write data to the transport connection: An established connection was aborted by the software in your host machine.
19:31:28.949831> WebSocket [ConnectToDepthStream()] [future] error: A request to send or receive data was disallowed because the socket is not connected and (when sending on a datagram socket using a sendto call) no address was supplied
19:31:33.999122> BinanceFuture - Vxxv1AWf[USD_M] Reconect to WebSocket #
19:31:34.018120> WebSocket [ConnectToDepthStream()] [Closed] [future] and reconnect again [during Task.Delay]..
19:31:35.296203> WebSocket connected! Start @depth [Future] process...
19:33:15.488636> WebSocket [ConnectToDepthStream()] [future] error: Unable to write data to the transport connection: An existing connection was forcibly closed by the remote host.
19:33:15.488636> WebSocket [ConnectToDepthStream()] [future] error: A request to send or receive data was disallowed because the socket is not connected and (when sending on a datagram socket using a sendto call) no address was supplied
19:33:20.494928> BinanceFuture - Vxxv1AWf[USD_M] Reconect to WebSocket #
19:33:20.495925> WebSocket [ConnectToDepthStream()] [Closed] [future] and reconnect again [during Task.Delay]..
19:33:21.685990> WebSocket connected! Start @depth [Future] process...
19:34:35.389545> WebSocket [ConnectToDepthStream()] [future] error: Unable to write data to the transport connection: An existing connection was forcibly closed by the remote host.
19:34:35.410547> WebSocket [ConnectToDepthStream()] [future] error: A request to send or receive data was disallowed because the socket is not connected and (when sending on a datagram socket using a sendto call) no address was supplied
19:34:44.856089> BinanceFuture - Vxxv1AWf[USD_M] Reconect to WebSocket #
19:34:44.857089> WebSocket [ConnectToDepthStream()] [Closed] [future] and reconnect again [during Task.Delay]..
