22:53:22.514988> Binance - Vxxv1AWf[SPOT] SPOT Balance: 0.00000000 USDT
22:53:23.004014> WebSocket connected! Start [SPOT] @depth@100ms process...
22:53:23.005014> WebSocket connected! Start @bookTicker ...
22:53:23.090021> Lenta has started...Start SubscribeToTradeStream @trade [{accType}] process...
22:53:23.092021> Lenta has started...Start SubscribeToAggTradeStream @aggTrade [future] process...
22:53:23.092021> WebSocket connected! Start Partial @depth20 [SPOT] process...
22:53:23.094023> WebSocket connected! Start @bookTicker [Future] process...
22:53:23.095022> WebSocket connected! Start [SPOT] @depth@100ms process...
22:53:23.095022> WebSocket connected! Start @depth [Future] process...
22:53:23.100023> WebSocket connected! Start Partial @depth20 [SPOT] process...
22:53:23.103022> WebSocket connected! Start @bookTicker ...
22:53:23.104021> Lenta has started...Start SubscribeToTradeStream @trade [{accType}] process...
22:53:23.107023> WebSocket connected! Start Partial @depth20 [Future] process...
22:53:23.434040> WebSocket connected! Start @depth [Future] process...
22:53:23.434040> WebSocket connected! Start Partial @depth20 [Future] process...
22:53:23.435043> Lenta has started...Start SubscribeToAggTradeStream @aggTrade [future] process...
22:53:23.444041> WebSocket connected! Start @bookTicker [Future] process...
22:53:24.586105> BinanceFuture - Vxxv1AWf[USD_M] USD_M Balance: 0.07599264 USDT
22:56:25.140654> BinanceFuture - Vxxv1AWf[USD_M] Reconect to WebSocket #
22:56:25.141655> WebSocket [SubscribeBookTickerStream()] [Closed] [future] and reconnect again [during Task.Delay]..
22:56:26.224716> WebSocket connected! Start @depth [Future] process...
22:57:23.921196> WebSocket [SubscribeBookTickerStream()] [future] error: Unable to read data from the transport connection: An existing connection was forcibly closed by the remote host.
22:57:28.924259> BinanceFuture - Vxxv1AWf[USD_M] Reconect to WebSocket #
22:57:28.928257> WebSocket [SubscribeBookTickerStream()] [Closed] [future] and reconnect again [during Task.Delay]..
22:57:29.973074> WebSocket connected! Start @depth [Future] process...
23:08:26.357541> WebSocket [ConnectToDepthStream()] [future] error: Unable to read data from the transport connection: An existing connection was forcibly closed by the remote host.
23:08:31.600844> BinanceFuture - Vxxv1AWf[USD_M] Reconect to WebSocket #
23:08:31.600844> WebSocket [ConnectToDepthStream()] [Closed] [future] and reconnect again [during Task.Delay]..
23:08:33.005925> WebSocket connected! Start @depth [Future] process...
