17:40:22.601422> WebSocket connected! Start Partial @depth20 [SPOT] process...
17:40:22.601422> Lenta has started...Start SubscribeToAggTradeStream @aggTrade [future] process...
17:40:22.603421> WebSocket connected! Start @depth [Future] process...
17:40:22.604423> WebSocket connected! Start Partial @depth20 [Future] process...
17:40:22.824476> Binance - Vxxv1AWf[SPOT] SPOT Balance: 0.00000000 USDT
17:40:22.913444> WebSocket connected! Start Partial @depth20 [SPOT] process...
17:40:23.464286> WebSocket connected! Start @depth [Future] process...
17:40:23.483273> Lenta has started...Start SubscribeToAggTradeStream @aggTrade [future] process...
17:40:23.488282> WebSocket connected! Start Partial @depth20 [Future] process...
17:40:24.007305> BinanceFuture - Vxxv1AWf[USD_M] USD_M Balance: 51.48711888 USDT
18:25:14.338515>  DevSELL (+): -231.35225000 avgGapSell:72.16225000 
18:25:16.560206>  DevSELL (-): -153.82225000 avgGapSell:72.16225000 
18:26:11.878349>  DevSELL (+): -186.16225000 avgGapSell:72.16225000 
18:26:12.382379>  DevSELL (+): -197.86225000 avgGapSell:72.16225000 
18:26:12.563387>  DevSELL (-): -163.86225000 avgGapSell:72.16225000 
18:29:29.132295>  DevSELL (+): -136.25225000 avgGapSell:72.16225000 
19:04:47.306007> BinanceFuture - Vxxv1AWf[USD_M] Reconect to WebSocket #
19:04:47.306007> BinanceFuture - Vxxv1AWf[USD_M] Reconect to WebSocket #
19:04:47.308006> WebSocket [SubscribeToAggTradeStream()] [Closed] [future] and reconnect again [with Task.Delay]..
19:04:47.308006> WebSocket [SubscribeToAggTradeStream()] [Closed] [future] and reconnect again [with Task.Delay]..
19:04:48.352555> Lenta has started...Start SubscribeToAggTradeStream @aggTrade [future] process...
19:04:48.387551> Lenta has started...Start SubscribeToAggTradeStream @aggTrade [future] process...
19:06:31.760340>  DevSELL (+): -149.92650000 avgGapSell:61.92650000 
19:22:45.228226>  DevSELL (+): -148.74725000 avgGapSell:57.73725000 
19:22:51.789177>  DevSELL (+): -154.68725000 avgGapSell:57.73725000 
19:22:51.907206>  DevSELL (-): -149.76725000 avgGapSell:57.73725000 
19:23:46.711478>  DevSELL (-): -130.76725000 avgGapSell:57.73725000 
20:18:44.856135> Lenta has started...Start SubscribeToAggTradeStream @aggTrade [future] process...
20:18:45.012145> WebSocket connected! Start Partial @depth20 [Future] process...
20:18:45.015145> WebSocket connected! Start @depth [Future] process...
20:18:45.016147> WebSocket connected! Start Partial @depth20 [SPOT] process...
20:18:45.092149> WebSocket connected! Start Partial @depth20 [SPOT] process...
20:18:45.098150> Binance - Vxxv1AWf[SPOT] SPOT Balance: 0.00000000 USDT
20:18:45.791199> WebSocket connected! Start Partial @depth20 [Future] process...
20:18:45.815198> WebSocket connected! Start @depth [Future] process...
20:18:45.849193> BinanceFuture - Vxxv1AWf[USD_M] USD_M Balance: 103.75842436 USDT
20:18:45.878195> Lenta has started...Start SubscribeToAggTradeStream @aggTrade [future] process...
20:36:07.946784> Try Open Sell Pos, deviationSell: -18.01187500 Ask: 71151.20
20:36:07.948785> Support: 71150.4 VolS:0.351 Resistence: 71151.2 VolR:4.531
20:36:08.299801> [1Leg]: Sell OK btcusdt at 71151.2000;Gap=-18.01187500;Price=71150.1000;Slippage=-1.1;Execution=347.019 ms;
20:36:08.299801> Elapsted Open Sell (1Leg)
