16:30:03.571236> Binance - Vxxv1AWf[MARGIN] MARGIN Balance: 0.53316225 USDT
16:30:03.721245> Lenta has started...Start SubscribeToTradeStream @trade [{accType}] process...
16:30:03.737243> WebSocket connected! Start Partial @depth20 [MARGIN] process...
16:30:03.743245> WebSocket connected! Start @bookTicker [Future] process...
16:30:03.743245> Lenta has started...Start SubscribeToAggTradeStream @aggTrade [future] process...
16:30:03.767246> WebSocket connected! Start Partial @depth20 [Future] process...
16:30:03.779247> WebSocket connected! Start @bookTicker ...
16:30:03.780247> WebSocket connected! Start [MARGIN] @depth@100ms process...
16:30:03.781248> WebSocket connected! Start @depth [Future] process...
16:30:03.805248> WebSocket connected! Start [MARGIN] @depth@100ms process...
16:30:03.834249> WebSocket connected! Start @bookTicker ...
16:30:03.835250> WebSocket connected! Start Partial @depth20 [MARGIN] process...
16:30:03.839254> Lenta has started...Start SubscribeToTradeStream @trade [{accType}] process...
16:30:04.569524> WebSocket connected! Start Partial @depth20 [Future] process...
16:30:04.605523> WebSocket connected! Start @bookTicker [Future] process...
16:30:04.616524> WebSocket connected! Start @depth [Future] process...
16:30:04.649517> Lenta has started...Start SubscribeToAggTradeStream @aggTrade [future] process...
16:30:05.161150> BinanceFuture - Vxxv1AWf[USD_M] USD_M Balance: 18.14083188 USDT
16:31:11.752695> WebSocket [SubscribeBookTickerStream()] [future] error: Unable to read data from the transport connection: An existing connection was forcibly closed by the remote host.
16:31:11.761696> WebSocket [SubscribeBookTickerStream()] [future] error: Unable to read data from the transport connection: An existing connection was forcibly closed by the remote host.
16:31:18.239069> BinanceFuture - Vxxv1AWf[USD_M] Reconect to WebSocket #
16:31:18.242069> BinanceFuture - Vxxv1AWf[USD_M] Reconect to WebSocket #
16:31:18.438079> WebSocket [SubscribeBookTickerStream()] [Closed] [future] and reconnect again [during Task.Delay]..
16:31:18.673094> WebSocket [SubscribeBookTickerStream()] [Closed] [future] and reconnect again [during Task.Delay]..
16:31:20.444197> WebSocket connected! Start @depth [Future] process...
16:31:20.445195> WebSocket connected! Start @depth [Future] process...
