12:54:51.088788> Binance - Vxxv1AWf[SPOT] SPOT Balance: 0.00000000 USDT
12:54:51.535278> WebSocket connected! Start @bookTicker [Future] process...
12:54:51.535278> Lenta has started...Start SubscribeToTradeStream @trade [{accType}] process...
12:54:51.642286> Lenta has started...Start SubscribeToTradeStream @trade [{accType}] process...
12:54:51.865301> WebSocket connected! Start Partial @depth20 [SPOT] process...
12:54:51.868304> WebSocket connected! Start Partial @depth20 [Future] process...
12:54:51.886300> WebSocket connected! Start [SPOT] @depth@100ms process...
12:54:51.998307> WebSocket connected! Start [SPOT] @depth@100ms process...
12:54:52.114320> WebSocket connected! Start @bookTicker [Future] process...
12:54:52.116313> WebSocket connected! Start @depth [Future] process...
12:54:52.119313> Lenta has started...Start SubscribeToAggTradeStream @aggTrade [future] process...
12:54:52.356326> WebSocket connected! Start Partial @depth20 [SPOT] process...
12:54:52.449336> WebSocket connected! Start Partial @depth20 [Future] process...
12:54:52.525335> Lenta has started...Start SubscribeToAggTradeStream @aggTrade [future] process...
12:54:52.569338> WebSocket connected! Start @bookTicker ...
12:54:53.110820> WebSocket connected! Start @bookTicker ...
12:54:53.893150> BinanceFuture - Vxxv1AWf[USD_M] USD_M Balance: 6.25838444 USDT
12:54:54.128177> WebSocket connected! Start @depth [Future] process...
12:56:17.446507> BinanceFuture - Vxxv1AWf[USD_M] Reconect to WebSocket #
12:56:17.447506> WebSocket [SubscribeBookTickerStream()] [Closed] [future] and reconnect again [during Task.Delay]..
