18:44:42.327385> Binance - Vxxv1AWf[MARGIN] MARGIN Balance: 0.53425509 USDT
18:44:42.534392> WebSocket connected! Start @depth [Future] process...
18:44:42.535395> WebSocket connected! Start @bookTicker [Future] process...
18:44:42.536394> WebSocket connected! Start Partial @depth20 [Future] process...
18:44:42.534392> Lenta has started...Start SubscribeToTradeStream @trade [{accType}] process...
18:44:42.537395> WebSocket connected! Start [MARGIN] @depth@100ms process...
18:44:42.545395> WebSocket connected! Start Partial @depth20 [MARGIN] process...
18:44:42.564396> WebSocket connected! Start Partial @depth20 [MARGIN] process...
18:44:42.569395> Lenta has started...Start SubscribeToAggTradeStream @aggTrade [future] process...
18:44:42.578397> WebSocket connected! Start @bookTicker ...
18:44:42.585396> Lenta has started...Start SubscribeToTradeStream @trade [{accType}] process...
18:44:42.586397> WebSocket connected! Start @bookTicker ...
18:44:42.626400> WebSocket connected! Start [MARGIN] @depth@100ms process...
18:44:42.931424> WebSocket connected! Start @depth [Future] process...
18:44:42.934435> WebSocket connected! Start @bookTicker [Future] process...
18:44:43.009422> Lenta has started...Start SubscribeToAggTradeStream @aggTrade [future] process...
18:44:43.027424> WebSocket connected! Start Partial @depth20 [Future] process...
18:44:43.450453> BinanceFuture - Vxxv1AWf[USD_M] USD_M Balance: 18.14083188 USDT
18:49:43.029928> WebSocket [SubscribeBookTickerStream()] [future] error: Unable to read data from the transport connection: An existing connection was forcibly closed by the remote host.
18:49:48.080216> BinanceFuture - Vxxv1AWf[USD_M] Reconect to WebSocket #
18:49:48.081217> WebSocket [SubscribeBookTickerStream()] [Closed] [future] and reconnect again [during Task.Delay]..
18:49:50.247343> WebSocket connected! Start @depth [Future] process...
18:50:43.771410> WebSocket [SubscribeBookTickerStream()] [future] error: Unable to read data from the transport connection: An existing connection was forcibly closed by the remote host.
18:50:48.846700> BinanceFuture - Vxxv1AWf[USD_M] Reconect to WebSocket #
18:50:48.849700> WebSocket [SubscribeBookTickerStream()] [Closed] [future] and reconnect again [during Task.Delay]..
18:50:52.353904> WebSocket connected! Start @depth [Future] process...
18:51:51.519297> WebSocket [ConnectToDepthStream()] [future] error: Unable to read data from the transport connection: An existing connection was forcibly closed by the remote host.
18:51:56.894602> BinanceFuture - Vxxv1AWf[USD_M] Reconect to WebSocket #
18:51:56.895602> WebSocket [ConnectToDepthStream()] [Closed] [future] and reconnect again [during Task.Delay]..
18:52:14.093590> WebSocket connected! Start @depth [Future] process...
