18:24:23.762640> Binance - Vxxv1AWf[SPOT] SPOT Balance: 0.00000000 USDT
18:24:24.332057> WebSocket connected! Start @depth [Future] process...
18:24:24.333055> Lenta has started...Start SubscribeToAggTradeStream @aggTrade [future] process...
18:24:24.334056> Lenta has started...Start SubscribeToTradeStream @trade [{accType}] process...
18:24:24.353058> (Closing... Elapsted: 66264353 ms.)
18:24:24.355058> AggTrade was closed by Custom!
18:24:24.371059> WebSocket connected! Start Partial @depth20 [SPOT] process...
18:24:24.372060> WebSocket connected! Start @bookTicker ...
18:24:24.333055> WebSocket connected! Start @bookTicker [Future] process...
18:24:24.399059> WebSocket connected! Start Partial @depth20 [Future] process...
18:24:24.400059> WebSocket connected! Start @bookTicker ...
18:24:24.408060> (Closing... Elapsted: 66264408 ms.)
18:24:24.409060> BookTicker was closed by Custom!
18:24:24.411060> WebSocket connected! Start [SPOT] @depth@100ms process...
18:24:24.411060> WebSocket connected! Start Partial @depth20 [SPOT] process...
18:24:24.447062> WebSocket connected! Start [SPOT] @depth@100ms process...
18:24:24.455062> Lenta has started...Start SubscribeToTradeStream @trade [{accType}] process...
18:24:24.592069> (Closing... Elapsted: 66264592 ms.)
18:24:24.592069> MarketDepth was closed by Custom!
18:24:24.892087> WebSocket connected! Start Partial @depth20 [Future] process...
18:24:24.913089> Lenta has started...Start SubscribeToAggTradeStream @aggTrade [future] process...
18:24:25.344131> Lenta has started...Start SubscribeToAggTradeStream @aggTrade [future] process...
18:24:25.424133> WebSocket connected! Start @bookTicker [Future] process...
18:24:25.597128> WebSocket connected! Start @depth [Future] process...
18:24:26.018521> BinanceFuture - Vxxv1AWf[USD_M] USD_M Balance: 6.25838444 USDT
18:29:53.783663> (Closing... Elapsted: 329190 ms.)
18:29:54.825724> WebSocket connected! Start @depth [Future] process...
18:29:59.382947> BinanceFuture - Vxxv1AWf[USD_M] Reconect to WebSocket #
18:29:59.383937> WebSocket [ConnectToDepthStream()] [Closed] [future] and reconnect again [during Task.Delay]..
18:30:00.418008> WebSocket connected! Start @depth [Future] process...
18:31:18.828490> (Closing... Elapsted: 414471 ms.)
18:31:20.409584> Lenta has started...Start SubscribeToAggTradeStream @aggTrade [future] process...
18:31:28.937071> BinanceFuture - Vxxv1AWf[USD_M] Reconect to WebSocket #
18:31:28.942073> WebSocket [SubscribeToAggTradeStream()] [Closed] [future] and reconnect again [with Task.Delay]..
18:31:30.250146> Lenta has started...Start SubscribeToAggTradeStream @aggTrade [future] process...
18:32:23.792533> (Closing... Elapsted: 479382 ms.)
18:32:25.450311> WebSocket connected! Start @bookTicker [Future] process...
18:32:33.947799> BinanceFuture - Vxxv1AWf[USD_M] Reconect to WebSocket #
18:32:33.947799> WebSocket [SubscribeBookTickerStream()] [Closed] [future] and reconnect again [during Task.Delay]..
18:32:35.513888> WebSocket connected! Start @depth [Future] process...
18:33:56.281519> WebSocket [ConnectToDepthStream()] [future] error: Unable to read data from the transport connection: An existing connection was forcibly closed by the remote host.
18:34:01.345809> BinanceFuture - Vxxv1AWf[USD_M] Reconect to WebSocket #
18:34:01.345809> WebSocket [ConnectToDepthStream()] [Closed] [future] and reconnect again [during Task.Delay]..
18:34:03.964958> WebSocket connected! Start @depth [Future] process...
18:34:25.416190> WebSocket [ConnectToDepthStream()] [future] error: Unable to read data from the transport connection: An existing connection was forcibly closed by the remote host.
18:34:30.434476> BinanceFuture - Vxxv1AWf[USD_M] Reconect to WebSocket #
18:34:30.435481> WebSocket [ConnectToDepthStream()] [Closed] [future] and reconnect again [during Task.Delay]..
18:34:32.192587> WebSocket connected! Start @depth [Future] process...
18:35:01.324249> WebSocket [ConnectToDepthStream()] [future] error: Unable to read data from the transport connection: An existing connection was forcibly closed by the remote host.
18:35:06.357537> BinanceFuture - Vxxv1AWf[USD_M] Reconect to WebSocket #
18:35:06.372540> WebSocket [ConnectToDepthStream()] [Closed] [future] and reconnect again [during Task.Delay]..
18:35:07.849622> WebSocket connected! Start @depth [Future] process...
18:35:22.931489> (Closing... Elapsted: 329146 ms.)
18:35:24.678586> WebSocket connected! Start @depth [Future] process...
18:35:32.966063> BinanceFuture - Vxxv1AWf[USD_M] Reconect to WebSocket #
18:35:32.967064> WebSocket [ConnectToDepthStream()] [Closed] [future] and reconnect again [during Task.Delay]..
18:35:34.331139> WebSocket connected! Start @depth [Future] process...
18:36:04.886904> WebSocket [ConnectToDepthStream()] [future] error: Unable to read data from the transport connection: An existing connection was forcibly closed by the remote host.
18:36:09.916183> BinanceFuture - Vxxv1AWf[USD_M] Reconect to WebSocket #
18:36:09.917188> WebSocket [ConnectToDepthStream()] [Closed] [future] and reconnect again [during Task.Delay]..
18:36:11.137249> WebSocket connected! Start @depth [Future] process...
18:36:35.155629> WebSocket [ConnectToDepthStream()] [future] error: Unable to read data from the transport connection: An existing connection was forcibly closed by the remote host.
18:37:26.905597> BinanceFuture - Vxxv1AWf[USD_M] Reconect to WebSocket #
18:37:26.906603> WebSocket [ConnectToDepthStream()] [Closed] [future] and reconnect again [during Task.Delay]..
18:37:28.775702> WebSocket connected! Start @depth [Future] process...
18:37:36.426141> WebSocket [ConnectToDepthStream()] [future] error: Unable to read data from the transport connection: An existing connection was forcibly closed by the remote host.
18:37:41.579440> BinanceFuture - Vxxv1AWf[USD_M] Reconect to WebSocket #
18:37:41.580463> WebSocket [ConnectToDepthStream()] [Closed] [future] and reconnect again [during Task.Delay]..
18:37:42.938513> WebSocket connected! Start @depth [Future] process...
18:38:13.223253> (Closing... Elapsted: 414393 ms.)
18:38:13.223253> (Closing... Elapsted: 414393 ms.)
18:38:13.269253> AggTrade was closed by Custom!
18:38:14.130303> BinanceFuture - Vxxv1AWf[USD_M] Reconect to WebSocket #
18:38:14.130303> WebSocket [SubscribeBookTickerStream()] [Closed] [future] and reconnect again [during Task.Delay]..
18:38:15.501383> Lenta has started...Start SubscribeToAggTradeStream @aggTrade [future] process...
18:38:15.642443> Lenta has started...Start SubscribeToAggTradeStream @aggTrade [future] process...
18:38:16.741455> WebSocket connected! Start @depth [Future] process...
18:38:23.299827> BinanceFuture - Vxxv1AWf[USD_M] Reconect to WebSocket #
18:38:23.307829> WebSocket [SubscribeToAggTradeStream()] [Closed] [future] and reconnect again [with Task.Delay]..
18:38:24.642906> Lenta has started...Start SubscribeToAggTradeStream @aggTrade [future] process...
18:38:25.370948> WebSocket [ConnectToDepthStream()] [future] error: Unable to read data from the transport connection: An existing connection was forcibly closed by the remote host.
18:38:30.401246> BinanceFuture - Vxxv1AWf[USD_M] Reconect to WebSocket #
18:38:30.402238> WebSocket [ConnectToDepthStream()] [Closed] [future] and reconnect again [during Task.Delay]..
18:38:32.195339> WebSocket connected! Start @depth [Future] process...
18:40:13.136127> WebSocket [ConnectToDepthStream()] [future] error: Unable to read data from the transport connection: An existing connection was forcibly closed by the remote host.
18:40:18.156416> BinanceFuture - Vxxv1AWf[USD_M] Reconect to WebSocket #
18:40:18.156416> WebSocket [ConnectToDepthStream()] [Closed] [future] and reconnect again [during Task.Delay]..
18:40:20.170530> WebSocket connected! Start @depth [Future] process...
18:40:23.207703> (Closing... Elapsted: 479414 ms.)
18:40:23.208704> WebSocket [SubscribeBookTickerStream()] [future] error: A request to send or receive data was disallowed because the socket is not connected and (when sending on a datagram socket using a sendto call) no address was supplied
18:40:23.208704> BookTicker was closed by Custom!
18:40:24.652789> WebSocket connected! Start @bookTicker [Future] process...
18:40:35.577414> WebSocket [ConnectToDepthStream()] [future] error: Unable to read data from the transport connection: An existing connection was forcibly closed by the remote host.
18:40:40.617715> BinanceFuture - Vxxv1AWf[USD_M] Reconect to WebSocket #
18:40:40.636711> WebSocket [ConnectToDepthStream()] [Closed] [future] and reconnect again [during Task.Delay]..
18:40:41.926778> WebSocket connected! Start @depth [Future] process...
18:40:45.259968> WebSocket [ConnectToDepthStream()] [future] error: Unable to read data from the transport connection: An existing connection was forcibly closed by the remote host.
18:40:50.332262> BinanceFuture - Vxxv1AWf[USD_M] Reconect to WebSocket #
18:40:50.474268> WebSocket [ConnectToDepthStream()] [Closed] [future] and reconnect again [during Task.Delay]..
18:40:52.089361> (Closing... Elapsted: 329158 ms.)
18:40:52.098361> MarketDepth was closed by Custom!
18:40:53.463438> WebSocket connected! Start @depth [Future] process...
18:42:29.505946> WebSocket [ConnectToDepthStream()] [future] error: Unable to read data from the transport connection: An existing connection was forcibly closed by the remote host.
18:42:34.525235> BinanceFuture - Vxxv1AWf[USD_M] Reconect to WebSocket #
18:42:34.525235> WebSocket [ConnectToDepthStream()] [Closed] [future] and reconnect again [during Task.Delay]..
18:42:36.489348> WebSocket connected! Start @depth [Future] process...
18:42:37.388405> BinanceFuture - Vxxv1AWf[USD_M] Reconect to WebSocket #
18:42:37.388405> WebSocket [ConnectToDepthStream()] [Closed] [future] and reconnect again [during Task.Delay]..
18:42:38.775478> WebSocket connected! Start @depth [Future] process...
18:43:17.914721> WebSocket [ConnectToDepthStream()] [future] error: Unable to read data from the transport connection: An existing connection was forcibly closed by the remote host.
18:43:20.991902> WebSocket [ConnectToDepthStream()] [future] error: Unable to read data from the transport connection: An existing connection was forcibly closed by the remote host.
18:43:22.945011> BinanceFuture - Vxxv1AWf[USD_M] Reconect to WebSocket #
18:43:22.947011> WebSocket [ConnectToDepthStream()] [Closed] [future] and reconnect again [during Task.Delay]..
18:43:24.919124> WebSocket connected! Start @depth [Future] process...
18:43:26.011187> BinanceFuture - Vxxv1AWf[USD_M] Reconect to WebSocket #
18:43:26.011187> WebSocket [ConnectToDepthStream()] [Closed] [future] and reconnect again [during Task.Delay]..
18:43:27.535305> WebSocket connected! Start @depth [Future] process...
18:43:51.689657> WebSocket [ConnectToDepthStream()] [future] error: Unable to read data from the transport connection: An existing connection was forcibly closed by the remote host.
18:43:56.742946> BinanceFuture - Vxxv1AWf[USD_M] Reconect to WebSocket #
18:43:56.743947> WebSocket [ConnectToDepthStream()] [Closed] [future] and reconnect again [during Task.Delay]..
18:43:58.103023> WebSocket connected! Start @depth [Future] process...
18:44:25.509596> Unable to read data from the transport connection: An existing connection was forcibly closed by the remote host.
18:44:55.451314> WebSocket [ConnectToDepthStream()] [future] error: Unable to read data from the transport connection: An existing connection was forcibly closed by the remote host.
18:45:00.483604> BinanceFuture - Vxxv1AWf[USD_M] Reconect to WebSocket #
18:45:00.484603> WebSocket [ConnectToDepthStream()] [Closed] [future] and reconnect again [during Task.Delay]..
18:45:02.001691> WebSocket connected! Start @depth [Future] process...
18:45:07.943031> (Closing... Elapsted: 414587 ms.)
18:45:07.944030> A request to send or receive data was disallowed because the socket is not connected and (when sending on a datagram socket using a sendto call) no address was supplied
18:45:07.944030> AggTrade was closed by Custom!
18:45:09.498118> Lenta has started...Start SubscribeToAggTradeStream @aggTrade [future] process...
18:45:18.813654> Unable to read data from the transport connection: An existing connection was forcibly closed by the remote host.
18:45:23.859958> BinanceFuture - Vxxv1AWf[USD_M] Reconect to WebSocket #
18:45:23.860944> WebSocket [SubscribeToAggTradeStream()] [Closed] [future] and reconnect again [with Task.Delay]..
18:45:25.241021> Lenta has started...Start SubscribeToAggTradeStream @aggTrade [future] process...
18:46:21.270238> (Closing... Elapsted: 329172 ms.)
18:46:23.051338> WebSocket connected! Start @depth [Future] process...
18:46:28.085628> WebSocket [ConnectToDepthStream()] [future] error: Unable to read data from the transport connection: An existing connection was forcibly closed by the remote host.
18:46:31.319809> BinanceFuture - Vxxv1AWf[USD_M] Reconect to WebSocket #
18:46:31.319809> WebSocket [ConnectToDepthStream()] [Closed] [future] and reconnect again [during Task.Delay]..
18:46:32.915903> WebSocket connected! Start @depth [Future] process...
18:46:33.115916> BinanceFuture - Vxxv1AWf[USD_M] Reconect to WebSocket #
18:46:33.115916> WebSocket [ConnectToDepthStream()] [Closed] [future] and reconnect again [during Task.Delay]..
18:46:34.834011> WebSocket connected! Start @depth [Future] process...
18:47:15.972372> WebSocket [ConnectToDepthStream()] [future] error: Unable to read data from the transport connection: An existing connection was forcibly closed by the remote host.
18:47:21.095666> BinanceFuture - Vxxv1AWf[USD_M] Reconect to WebSocket #
18:47:21.096668> WebSocket [ConnectToDepthStream()] [Closed] [future] and reconnect again [during Task.Delay]..
18:47:22.666754> WebSocket connected! Start @depth [Future] process...
18:47:58.190793> WebSocket [ConnectToDepthStream()] [future] error: Unable to read data from the transport connection: An existing connection was forcibly closed by the remote host.
18:48:03.428094> BinanceFuture - Vxxv1AWf[USD_M] Reconect to WebSocket #
18:48:03.433093> WebSocket [ConnectToDepthStream()] [Closed] [future] and reconnect again [during Task.Delay]..
18:48:05.097196> WebSocket connected! Start @depth [Future] process...
18:48:22.615191> (Closing... Elapsted: 479406 ms.)
18:48:24.008271> WebSocket connected! Start @bookTicker [Future] process...
18:48:24.576311> WebSocket [ConnectToDepthStream()] [future] error: Unable to read data from the transport connection: An existing connection was forcibly closed by the remote host.
18:48:29.705600> BinanceFuture - Vxxv1AWf[USD_M] Reconect to WebSocket #
18:48:29.705600> WebSocket [ConnectToDepthStream()] [Closed] [future] and reconnect again [during Task.Delay]..
18:48:31.211684> WebSocket connected! Start @depth [Future] process...
18:49:23.340674> WebSocket [ConnectToDepthStream()] [future] error: Unable to read data from the transport connection: An existing connection was forcibly closed by the remote host.
18:49:31.827162> WebSocket [ConnectToDepthStream()] [future] error: Unable to read data from the transport connection: An existing connection was forcibly closed by the remote host.
18:49:35.536370> WebSocket [ConnectToDepthStream()] [future] error: Unable to read data from the transport connection: An existing connection was forcibly closed by the remote host.
18:49:36.943457> BinanceFuture - Vxxv1AWf[USD_M] Reconect to WebSocket #
18:49:36.952454> WebSocket [ConnectToDepthStream()] [Closed] [future] and reconnect again [during Task.Delay]..
18:49:39.253588> WebSocket connected! Start @depth [Future] process...
18:49:40.619665> BinanceFuture - Vxxv1AWf[USD_M] Reconect to WebSocket #
18:49:40.620668> WebSocket [ConnectToDepthStream()] [Closed] [future] and reconnect again [during Task.Delay]..
18:49:42.123753> WebSocket connected! Start @depth [Future] process...
18:50:06.582152> WebSocket [ConnectToDepthStream()] [future] error: Unable to read data from the transport connection: An existing connection was forcibly closed by the remote host.
18:50:11.614445> BinanceFuture - Vxxv1AWf[USD_M] Reconect to WebSocket #
18:50:11.752449> WebSocket [ConnectToDepthStream()] [Closed] [future] and reconnect again [during Task.Delay]..
18:50:13.328541> WebSocket connected! Start @depth [Future] process...
18:50:23.889147> BinanceFuture - Vxxv1AWf[USD_M] Reconect to WebSocket #
18:50:23.985152> WebSocket [SubscribeBookTickerStream()] [Closed] [future] and reconnect again [during Task.Delay]..
18:50:24.446178> WebSocket [SubscribeBookTickerStream()] [future] error: Unable to read data from the transport connection: An established connection was aborted by the software in your host machine.
18:50:25.133216> Unable to read data from the transport connection: An existing connection was forcibly closed by the remote host.
18:50:25.571244> WebSocket connected! Start @depth [Future] process...
18:50:25.664250> WebSocket [ConnectToDepthStream()] [future] error: Unable to read data from the transport connection: An existing connection was forcibly closed by the remote host.
18:50:29.480467> BinanceFuture - Vxxv1AWf[USD_M] Reconect to WebSocket #
18:50:29.481467> WebSocket [SubscribeBookTickerStream()] [Closed] [future] and reconnect again [during Task.Delay]..
18:50:31.571629> WebSocket connected! Start @depth [Future] process...
18:50:38.629994> WebSocket [ConnectToDepthStream()] [future] error: Unable to read data from the transport connection: An existing connection was forcibly closed by the remote host.
18:51:42.767667> WebSocket [ConnectToDepthStream()] [future] error: Unable to read data from the transport connection: An existing connection was forcibly closed by the remote host.
18:51:43.580714> WebSocket [ConnectToDepthStream()] [future] error: Unable to read data from the transport connection: An existing connection was forcibly closed by the remote host.
18:51:47.810957> BinanceFuture - Vxxv1AWf[USD_M] Reconect to WebSocket #
18:51:47.811956> WebSocket [ConnectToDepthStream()] [Closed] [future] and reconnect again [during Task.Delay]..
18:51:48.686008> BinanceFuture - Vxxv1AWf[USD_M] Reconect to WebSocket #
18:51:48.710007> WebSocket [ConnectToDepthStream()] [Closed] [future] and reconnect again [during Task.Delay]..
18:51:49.907077> WebSocket connected! Start @depth [Future] process...
18:51:50.492115> WebSocket connected! Start @depth [Future] process...
18:51:50.643134> (Closing... Elapsted: 329314 ms.)
18:51:52.135226> WebSocket connected! Start @depth [Future] process...
18:51:58.818589> BinanceFuture - Vxxv1AWf[USD_M] Reconect to WebSocket #
18:51:58.822589> WebSocket [ConnectToDepthStream()] [Closed] [future] and reconnect again [during Task.Delay]..
18:52:00.220669> WebSocket connected! Start @depth [Future] process...
18:52:02.348789> (Closing... Elapsted: 414403 ms.)
18:52:03.692868> Lenta has started...Start SubscribeToAggTradeStream @aggTrade [future] process...
18:52:12.394367> BinanceFuture - Vxxv1AWf[USD_M] Reconect to WebSocket #
18:52:12.395368> WebSocket [SubscribeToAggTradeStream()] [Closed] [future] and reconnect again [with Task.Delay]..
18:52:13.823449> Lenta has started...Start SubscribeToAggTradeStream @aggTrade [future] process...
18:52:13.993460> Unable to read data from the transport connection: An existing connection was forcibly closed by the remote host.
18:52:14.497518> WebSocket [ConnectToDepthStream()] [future] error: Unable to read data from the transport connection: An existing connection was forcibly closed by the remote host.
18:52:19.055749> BinanceFuture - Vxxv1AWf[USD_M] Reconect to WebSocket #
18:52:19.056749> WebSocket [SubscribeToAggTradeStream()] [Closed] [future] and reconnect again [with Task.Delay]..
18:52:20.454830> Lenta has started...Start SubscribeToAggTradeStream @aggTrade [future] process...
18:52:32.307509> WebSocket [ConnectToDepthStream()] [future] error: Unable to read data from the transport connection: An existing connection was forcibly closed by the remote host.
18:54:26.836076> WebSocket [ConnectToDepthStream()] [future] error: Unable to read data from the transport connection: An existing connection was forcibly closed by the remote host.
18:54:27.404108> Unable to read data from the transport connection: An existing connection was forcibly closed by the remote host.
18:54:31.878365> BinanceFuture - Vxxv1AWf[USD_M] Reconect to WebSocket #
18:54:31.879370> WebSocket [ConnectToDepthStream()] [Closed] [future] and reconnect again [during Task.Delay]..
18:54:32.431396> BinanceFuture - Vxxv1AWf[USD_M] Reconect to WebSocket #
18:54:32.431396> WebSocket [SubscribeToAggTradeStream()] [Closed] [future] and reconnect again [with Task.Delay]..
18:54:34.464860> WebSocket connected! Start @depth [Future] process...
18:54:34.473516> Lenta has started...Start SubscribeToAggTradeStream @aggTrade [future] process...
18:54:51.551504> WebSocket [ConnectToDepthStream()] [future] error: Unable to read data from the transport connection: An existing connection was forcibly closed by the remote host.
18:54:56.704796> BinanceFuture - Vxxv1AWf[USD_M] Reconect to WebSocket #
18:54:56.705789> WebSocket [ConnectToDepthStream()] [Closed] [future] and reconnect again [during Task.Delay]..
18:54:57.991863> WebSocket connected! Start @depth [Future] process...
18:55:01.462064> WebSocket [ConnectToDepthStream()] [future] error: Unable to read data from the transport connection: An existing connection was forcibly closed by the remote host.
18:55:06.530351> BinanceFuture - Vxxv1AWf[USD_M] Reconect to WebSocket #
18:55:06.531352> WebSocket [ConnectToDepthStream()] [Closed] [future] and reconnect again [during Task.Delay]..
18:55:08.313454> WebSocket connected! Start @depth [Future] process...
18:55:53.607051> WebSocket [ConnectToDepthStream()] [future] error: Unable to read data from the transport connection: An existing connection was forcibly closed by the remote host.
18:55:58.614339> BinanceFuture - Vxxv1AWf[USD_M] Reconect to WebSocket #
18:55:58.614339> WebSocket [ConnectToDepthStream()] [Closed] [future] and reconnect again [during Task.Delay]..
18:56:00.663455> WebSocket connected! Start @depth [Future] process...
18:56:59.510830> WebSocket [ConnectToDepthStream()] [future] error: Unable to read data from the transport connection: An existing connection was forcibly closed by the remote host.
18:57:04.529117> BinanceFuture - Vxxv1AWf[USD_M] Reconect to WebSocket #
18:57:04.529117> WebSocket [ConnectToDepthStream()] [Closed] [future] and reconnect again [during Task.Delay]..
18:57:06.416227> WebSocket connected! Start @depth [Future] process...
18:57:19.797992> (Closing... Elapsted: 329147 ms.)
18:57:21.342085> WebSocket connected! Start @depth [Future] process...
18:57:26.847398> Unable to read data from the transport connection: An existing connection was forcibly closed by the remote host.
18:57:30.094583> BinanceFuture - Vxxv1AWf[USD_M] Reconect to WebSocket #
18:57:30.095585> WebSocket [ConnectToDepthStream()] [Closed] [future] and reconnect again [during Task.Delay]..
18:57:32.049694> BinanceFuture - Vxxv1AWf[USD_M] Reconect to WebSocket #
18:57:32.058697> WebSocket [SubscribeToAggTradeStream()] [Closed] [future] and reconnect again [with Task.Delay]..
18:57:37.878030> WebSocket connected! Start @depth [Future] process...
18:57:38.858087> Lenta has started...Start SubscribeToAggTradeStream @aggTrade [future] process...
18:57:40.828204> WebSocket [ConnectToDepthStream()] [future] error: Unable to read data from the transport connection: An existing connection was forcibly closed by the remote host.
18:57:46.798542> BinanceFuture - Vxxv1AWf[USD_M] Reconect to WebSocket #
18:57:46.804542> WebSocket [ConnectToDepthStream()] [Closed] [future] and reconnect again [during Task.Delay]..
18:57:50.167736> WebSocket connected! Start @depth [Future] process...
18:58:09.997870> WebSocket [ConnectToDepthStream()] [future] error: Unable to read data from the transport connection: An existing connection was forcibly closed by the remote host.
18:58:14.967155> Unable to read data from the transport connection: An existing connection was forcibly closed by the remote host.
18:58:15.033163> BinanceFuture - Vxxv1AWf[USD_M] Reconect to WebSocket #
18:58:15.034160> WebSocket [ConnectToDepthStream()] [Closed] [future] and reconnect again [during Task.Delay]..
18:58:22.780605> WebSocket connected! Start @depth [Future] process...
18:58:56.743553> (Closing... Elapsted: 414394 ms.)
18:58:59.084396> Lenta has started...Start SubscribeToAggTradeStream @aggTrade [future] process...
