12:07:42.237156> Lenta has started...Start SubscribeToTradeStream @trade [{accType}] process...
12:07:42.257156> Binance - Vxxv1AWf[MARGIN] MARGIN Balance: 0.54386624 USDT
12:07:42.465168> Lenta has started...Start SubscribeToAggTradeStream @aggTrade [future] process...
12:07:42.466177> WebSocket connected! Start @depth [Future] process...
12:07:42.478168> WebSocket connected! Start [MARGIN] @depth@100ms process...
12:07:42.478168> WebSocket connected! Start Partial @depth20 [MARGIN] process...
12:07:42.490169> WebSocket connected! Start [MARGIN] @depth@100ms process...
12:07:42.500168> WebSocket connected! Start Partial @depth20 [MARGIN] process...
12:07:42.504170> WebSocket connected! Start Partial @depth20 [Future] process...
12:07:42.506171> Lenta has started...Start SubscribeToTradeStream @trade [{accType}] process...
12:07:42.818187> Lenta has started...Start SubscribeToAggTradeStream @aggTrade [future] process...
12:07:43.077200> WebSocket connected! Start Partial @depth20 [Future] process...
12:07:43.204208> WebSocket connected! Start @depth [Future] process...
12:07:43.563231> BinanceFuture - Vxxv1AWf[USD_M] USD_M Balance: 0.66986043 USDT
12:08:22.877465> Binance - Vxxv1AWf[MARGIN] MARGIN Balance: 0.54415889 USDT
12:08:23.118485> Lenta has started...Start SubscribeToAggTradeStream @aggTrade [future] process...
12:08:23.123482> WebSocket connected! Start @depth [Future] process...
12:08:23.137482> Lenta has started...Start SubscribeToTradeStream @trade [{accType}] process...
12:08:23.150484> WebSocket connected! Start Partial @depth20 [MARGIN] process...
12:08:23.178482> WebSocket connected! Start Partial @depth20 [Future] process...
12:08:23.181484> WebSocket connected! Start [MARGIN] @depth@100ms process...
12:08:23.300496> WebSocket connected! Start [MARGIN] @depth@100ms process...
12:08:23.364493> Lenta has started...Start SubscribeToTradeStream @trade [{accType}] process...
12:08:23.378496> WebSocket connected! Start Partial @depth20 [MARGIN] process...
12:08:23.741527> WebSocket connected! Start @depth [Future] process...
12:08:23.756518> WebSocket connected! Start Partial @depth20 [Future] process...
12:08:23.790520> Lenta has started...Start SubscribeToAggTradeStream @aggTrade [future] process...
12:08:24.287547> BinanceFuture - Vxxv1AWf[USD_M] USD_M Balance: 0.66986043 USDT
