17:04:36.840498> WebSocket connected! Start Partial @depth20 [Future] process...
17:04:37.109515> Binance - Vxxv1AWf[SPOT] SPOT Balance: 0.00000000 USDT
17:04:37.560067> WebSocket connected! Start Partial @depth20 [SPOT] process...
17:04:37.588063> Lenta has started...Start SubscribeToAggTradeStream @aggTrade [future] process...
17:04:37.594064> WebSocket connected! Start @depth [Future] process...
17:04:37.742100> WebSocket connected! Start @depth [Future] process...
17:04:37.752073> Lenta has started...Start SubscribeToAggTradeStream @aggTrade [future] process...
17:04:37.772074> WebSocket connected! Start Partial @depth20 [Future] process...
17:04:37.926082> WebSocket connected! Start Partial @depth20 [SPOT] process...
17:04:38.302103> BinanceFuture - Vxxv1AWf[USD_M] USD_M Balance: 92.15205428 USDT
17:04:51.001875> Try Open Sell Pos, deviationSell: -0.00010000 Ask: 0.6255
17:04:51.005852> Support: 0.624 VolS:454635.9 Resistence: 0.6267 VolR:433158.3
17:04:51.292857> [1Leg]: Sell OK xrpusdt at 0.83;Gap=-0.00010000;Price=0.63;Slippage=-0.2;Execution=282.005 ms;
17:04:51.294856> Elapsted Open Sell (1Leg)
17:12:30.999690> WebSocket [SubscribePartialDepthStream()] [future] error: Unable to read data from the transport connection: An existing connection was forcibly closed by the remote host.
17:12:35.735451> BinanceFuture - Vxxv1AWf[USD_M] Reconect to WebSocket #
17:12:35.737439> WebSocket [SubscribePartialDepthStream()] [Closed] [future] and reconnect again [during Task.Delay]..
17:12:36.000460> BinanceFuture - Vxxv1AWf[USD_M] Reconect to WebSocket #
17:12:36.000460> WebSocket [SubscribePartialDepthStream()] [Closed] [future] and reconnect again [during Task.Delay]..
17:12:36.781160> WebSocket connected! Start @depth [Future] process...
17:12:37.054662> WebSocket connected! Start @depth [Future] process...
17:12:37.650160> BinanceFuture - Vxxv1AWf[USD_M] Reconect ConnectToDepthStream() to WebSocket #
17:12:37.650160> WebSocket [ConnectToDepthStream()] [Closed] [future] and reconnect again [during Task.Delay]..
17:12:37.915481> BinanceFuture - Vxxv1AWf[USD_M] Reconect ConnectToDepthStream() to WebSocket #
17:12:37.915481> WebSocket [ConnectToDepthStream()] [Closed] [future] and reconnect again [during Task.Delay]..
17:12:38.701957> WebSocket connected! Start @depth [Future] process...
17:12:38.969973> WebSocket connected! Start @depth [Future] process...
