18:46:26.063433> WebSocket [ConnectToDepthStream()] [future] error: Unable to read data from the transport connection: An existing connection was forcibly closed by the remote host.
18:46:26.065433> WebSocket [ConnectToDepthStream()] [Closed] [future] and reconnect again..
18:46:28.474573> WebSocket connected! Start @depth [Future] process...
18:46:31.115659> BinanceFuture - O6Lyrsb3[USD_M] Reconect to WebSocket #
18:46:31.115659> WebSocket [ConnectToDepthStream()] [Closed] [future] and reconnect again [during Task.Delay]..
18:46:34.397846> WebSocket connected! Start @depth [Future] process...
18:46:53.605945> Bid error : The given key was not present in the dictionary.
18:47:27.095433> WebSocket [ConnectToDepthStream()] [future] error: Unable to read data from the transport connection: An existing connection was forcibly closed by the remote host.
18:47:27.154436> WebSocket [ConnectToDepthStream()] [Closed] [future] and reconnect again..
18:47:29.870589> WebSocket connected! Start @depth [Future] process...
18:47:32.221772> BinanceFuture - O6Lyrsb3[USD_M] Reconect to WebSocket #
18:47:32.222725> WebSocket [ConnectToDepthStream()] [Closed] [future] and reconnect again [during Task.Delay]..
18:47:33.915824> WebSocket connected! Start @depth [Future] process...
18:47:35.158906> WebSocket [ConnectToDepthStream()] [future] error: Unable to read data from the transport connection: An existing connection was forcibly closed by the remote host.
18:47:35.276899> WebSocket [ConnectToDepthStream()] [Closed] [future] and reconnect again..
18:47:37.111013> WebSocket connected! Start @depth [Future] process...
18:47:40.367190> BinanceFuture - O6Lyrsb3[USD_M] Reconect to WebSocket #
18:47:40.368193> WebSocket [ConnectToDepthStream()] [Closed] [future] and reconnect again [during Task.Delay]..
18:47:42.046287> WebSocket connected! Start @depth [Future] process...
18:48:56.461558> Unable to read data from the transport connection: An existing connection was forcibly closed by the remote host.
18:48:56.461558> Unable to read data from the transport connection: An existing connection was forcibly closed by the remote host.
18:48:56.462562> WebSocket [SubscribeToAggTradeStream()] [Closed] [future] and reconnect again..
18:48:56.462562> WebSocket [SubscribeToAggTradeStream()] [Closed] [future] and reconnect again..
18:48:58.761686> Lenta has started...Start SubscribeToAggTradeStream @aggTrade [future] process...
18:48:59.361722> Lenta has started...Start SubscribeToAggTradeStream @aggTrade [future] process...
18:49:01.489844> BinanceFuture - O6Lyrsb3[USD_M] Reconect to WebSocket #
18:49:01.489844> WebSocket [SubscribeToAggTradeStream()] [Closed] [future] and reconnect again [with Task.Delay]..
18:49:01.490843> BinanceFuture - O6Lyrsb3[USD_M] Reconect to WebSocket #
18:49:01.490843> WebSocket [SubscribeToAggTradeStream()] [Closed] [future] and reconnect again [with Task.Delay]..
18:49:03.865978> Lenta has started...Start SubscribeToAggTradeStream @aggTrade [future] process...
18:49:03.868980> Lenta has started...Start SubscribeToAggTradeStream @aggTrade [future] process...
18:49:06.076107> WebSocket [ConnectToDepthStream()] [future] error: Received an unexpected EOF or 0 bytes from the transport stream.
18:49:06.107107> WebSocket [ConnectToDepthStream()] [Closed] [future] and reconnect again..
18:49:08.719260> WebSocket connected! Start @depth [Future] process...
18:49:11.114394> BinanceFuture - O6Lyrsb3[USD_M] Reconect to WebSocket #
18:49:11.122397> WebSocket [ConnectToDepthStream()] [Closed] [future] and reconnect again [during Task.Delay]..
18:49:13.168511> WebSocket connected! Start @depth [Future] process...
18:49:37.636985> WebSocket [ConnectToDepthStream()] [future] error: Unable to read data from the transport connection: An existing connection was forcibly closed by the remote host.
18:49:37.651919> WebSocket [ConnectToDepthStream()] [Closed] [future] and reconnect again..
18:49:39.406017> WebSocket connected! Start @depth [Future] process...
18:49:42.732209> BinanceFuture - O6Lyrsb3[USD_M] Reconect to WebSocket #
18:49:42.733208> WebSocket [ConnectToDepthStream()] [Closed] [future] and reconnect again [during Task.Delay]..
18:49:45.111344> WebSocket connected! Start @depth [Future] process...
18:49:45.239363> WebSocket [ConnectToDepthStream()] [future] error: Unable to read data from the transport connection: An existing connection was forcibly closed by the remote host.
18:49:45.392358> WebSocket [ConnectToDepthStream()] [Closed] [future] and reconnect again..
18:49:47.095456> WebSocket connected! Start @depth [Future] process...
18:49:50.466652> BinanceFuture - O6Lyrsb3[USD_M] Reconect to WebSocket #
18:49:50.467652> WebSocket [ConnectToDepthStream()] [Closed] [future] and reconnect again [during Task.Delay]..
18:49:51.685720> WebSocket connected! Start @depth [Future] process...
18:50:32.905585> WebSocket connected! Start [MARGIN] @depth@100ms process...
18:50:32.972588> WebSocket connected! Start Partial @depth20 [Future] process...
18:50:32.978590> Binance - Vxxv1AWf[MARGIN] MARGIN Balance: 0.51355409 USDT
18:50:33.140597> Lenta has started...Start SubscribeToAggTradeStream @aggTrade [future] process...
18:50:33.273607> WebSocket connected! Start @depth [Future] process...
18:50:33.535621> Lenta has started...Start SubscribeToTradeStream @trade [{accType}] process...
18:50:33.641629> WebSocket connected! Start Partial @depth20 [MARGIN] process...
18:50:35.319733> WebSocket connected! Start Partial @depth20 [Future] process...
18:50:35.320725> Lenta has started...Start SubscribeToAggTradeStream @aggTrade [future] process...
18:50:35.321724> WebSocket connected! Start @depth [Future] process...
18:50:35.364725> WebSocket connected! Start [MARGIN] @depth@100ms process...
18:50:35.386726> Lenta has started...Start SubscribeToTradeStream @trade [{accType}] process...
18:50:35.598741> BinanceFuture - Vxxv1AWf[USD_M] USD_M Balance: 0.66986043 USDT
18:50:35.601740> WebSocket connected! Start Partial @depth20 [MARGIN] process...
18:50:40.826313> WebSocket [ConnectToDepthStream()] [future] error: Unable to read data from the transport connection: An existing connection was forcibly closed by the remote host.
18:50:41.009051> WebSocket [ConnectToDepthStream()] [Closed] [future] and reconnect again..
18:50:44.084230> WebSocket connected! Start @depth [Future] process...
18:50:45.712317> WebSocket [ConnectToDepthStream()] [future] error: Unable to read data from the transport connection: An existing connection was forcibly closed by the remote host.
18:50:45.750322> WebSocket [ConnectToDepthStream()] [Closed] [future] and reconnect again..
18:50:48.419475> WebSocket connected! Start @depth [Future] process...
18:50:50.976621> BinanceFuture - O6Lyrsb3[USD_M] Reconect to WebSocket #
18:50:50.977627> WebSocket [ConnectToDepthStream()] [Closed] [future] and reconnect again [during Task.Delay]..
18:50:52.829727> WebSocket [ConnectToDepthStream()] [future] error: Unable to read data from the transport connection: An existing connection was forcibly closed by the remote host.
18:50:52.893731> WebSocket [ConnectToDepthStream()] [Closed] [future] and reconnect again..
18:50:55.220865> WebSocket connected! Start @depth [Future] process...
18:50:57.528999> WebSocket connected! Start @depth [Future] process...
18:50:58.009026> BinanceFuture - O6Lyrsb3[USD_M] Reconect to WebSocket #
18:50:58.010025> WebSocket [ConnectToDepthStream()] [Closed] [future] and reconnect again [during Task.Delay]..
18:51:00.762185> WebSocket connected! Start @depth [Future] process...
18:51:12.290848> WebSocket [ConnectToDepthStream()] [future] error: Unable to read data from the transport connection: An existing connection was forcibly closed by the remote host.
18:51:12.415852> WebSocket [ConnectToDepthStream()] [Closed] [future] and reconnect again..
18:51:14.759985> WebSocket connected! Start @depth [Future] process...
18:51:17.496141> BinanceFuture - O6Lyrsb3[USD_M] Reconect to WebSocket #
18:51:17.497142> WebSocket [ConnectToDepthStream()] [Closed] [future] and reconnect again [during Task.Delay]..
18:51:20.285301> WebSocket connected! Start @depth [Future] process...
