13:23:18.029978> Lenta has started...Start SubscribeToAggTradeStream @aggTrade [future] process...
13:23:18.029978> WebSocket connected! Start Partial @depth20 [Future] process...
13:23:18.030977> WebSocket connected! Start @depth [Future] process...
13:23:18.030977> WebSocket connected! Start Partial @depth20 [SPOT] process...
13:23:18.279009> Binance - Vxxv1AWf[SPOT] SPOT Balance: 0.00000000 USDT
13:23:18.288005> WebSocket connected! Start Partial @depth20 [SPOT] process...
13:23:18.887329> Lenta has started...Start SubscribeToAggTradeStream @aggTrade [future] process...
13:23:18.914318> WebSocket connected! Start Partial @depth20 [Future] process...
13:23:19.591685> WebSocket connected! Start @depth [Future] process...
13:23:21.363004> BinanceFuture - Vxxv1AWf[USD_M] USD_M Balance: 0.00928352 USDT
15:41:50.637727>  DevBUY (+): 154.26712500 avgGapBuy:58.24287500 
15:41:50.929735>  DevBUY (-): 90.42712500 avgGapBuy:58.24287500 
15:43:17.994893> BinanceFuture - Vxxv1AWf[USD_M] Reconect ConnectToDepthStream() to WebSocket #
15:43:17.996894> WebSocket [ConnectToDepthStream()] [Closed] [future] and reconnect again [during Task.Delay]..
15:43:44.494879> WebSocket connected! Start @depth [Future] process...
16:38:00.974511>  DevSELL (+): -71.45625000 avgGapSell:64.75625000 
16:38:24.793876>  DevSELL (+): -68.25625000 avgGapSell:64.75625000 
16:38:51.634415>  DevSELL (+): -76.01625000 avgGapSell:64.75625000 
16:46:33.041648>  DevSELL (+): -62.28550000 avgGapSell:47.67550000 
16:50:56.581826>  DevBUY (+): 63.17687500 avgGapBuy:47.85312500 
17:35:11.145726> BinanceFuture - Vxxv1AWf[USD_M] Reconect ConnectToDepthStream() to WebSocket #
17:35:11.145726> WebSocket [ConnectToDepthStream()] [Closed] [future] and reconnect again [during Task.Delay]..
17:35:13.604860> WebSocket connected! Start @depth [Future] process...
17:41:27.294285> WebSocket [ConnectToDepthStream()] [future] error: Unable to read data from the transport connection: An existing connection was forcibly closed by the remote host.
17:41:32.644595> BinanceFuture - Vxxv1AWf[USD_M] Reconect ConnectToDepthStream() to WebSocket #
17:41:32.653594> WebSocket [ConnectToDepthStream()] [Closed] [future] and reconnect again [during Task.Delay]..
17:41:40.264033> WebSocket connected! Start @depth [Future] process...
17:45:15.821391> WebSocket [ConnectToDepthStream()] [future] error: Received an unexpected EOF or 0 bytes from the transport stream.
17:45:21.307702> BinanceFuture - Vxxv1AWf[USD_M] Reconect ConnectToDepthStream() to WebSocket #
17:45:21.308706> WebSocket [ConnectToDepthStream()] [Closed] [future] and reconnect again [during Task.Delay]..
17:45:23.269817> WebSocket connected! Start @depth [Future] process...
17:47:25.384832> WebSocket [ConnectToDepthStream()] [future] error: Unable to read data from the transport connection: An existing connection was forcibly closed by the remote host.
17:48:50.411693> BinanceFuture - Vxxv1AWf[USD_M] Reconect ConnectToDepthStream() to WebSocket #
17:48:50.420692> WebSocket [ConnectToDepthStream()] [Closed] [future] and reconnect again [during Task.Delay]..
17:48:53.891891> WebSocket connected! Start @depth [Future] process...
17:54:30.262181> WebSocket [ConnectToDepthStream()] [future] error: Unable to read data from the transport connection: An existing connection was forcibly closed by the remote host.
17:54:35.705495> BinanceFuture - Vxxv1AWf[USD_M] Reconect ConnectToDepthStream() to WebSocket #
17:54:35.707492> WebSocket [ConnectToDepthStream()] [Closed] [future] and reconnect again [during Task.Delay]..
17:54:41.809841> WebSocket connected! Start @depth [Future] process...
17:54:56.902707> BinanceFuture - Vxxv1AWf[USD_M] Reconect ConnectToDepthStream() to WebSocket #
17:54:56.902707> WebSocket [ConnectToDepthStream()] [Closed] [future] and reconnect again [during Task.Delay]..
17:54:58.167780> WebSocket connected! Start @depth [Future] process...
18:00:12.996832> BinanceFuture - Vxxv1AWf[USD_M] Reconect ConnectToDepthStream() to WebSocket #
18:00:12.996832> WebSocket [ConnectToDepthStream()] [Closed] [future] and reconnect again [during Task.Delay]..
18:00:14.304917> WebSocket connected! Start @depth [Future] process...
18:04:44.577403> WebSocket [ConnectToDepthStream()] [future] error: Received an unexpected EOF or 0 bytes from the transport stream.
18:04:50.328730> BinanceFuture - Vxxv1AWf[USD_M] Reconect ConnectToDepthStream() to WebSocket #
18:04:50.409781> WebSocket [ConnectToDepthStream()] [Closed] [future] and reconnect again [during Task.Delay]..
18:06:53.227779> WebSocket connected! Start @depth [Future] process...
