15:54:44.714931> Binance - Vxxv1AWf[SPOT] SPOT Balance: 0.00000000 USDT
15:54:44.901936> WebSocket connected! Start Partial @depth20 [Future] process...
15:54:44.902938> WebSocket connected! Start Partial @depth20 [SPOT] process...
15:54:44.903936> WebSocket connected! Start @depth [Future] process...
15:54:44.913938> WebSocket connected! Start [SPOT] @depth@100ms process...
15:54:44.916940> WebSocket connected! Start @bookTicker [Future] process...
15:54:44.943946> Lenta has started...Start SubscribeToTradeStream @trade [{accType}] process...
15:54:44.948953> Lenta has started...Start SubscribeToAggTradeStream @aggTrade [future] process...
15:54:44.950940> WebSocket connected! Start @bookTicker ...
15:54:44.956942> WebSocket connected! Start [SPOT] @depth@100ms process...
15:54:44.956942> WebSocket connected! Start Partial @depth20 [SPOT] process...
15:54:44.961940> Lenta has started...Start SubscribeToTradeStream @trade [{accType}] process...
15:54:44.967942> WebSocket connected! Start @bookTicker ...
15:54:45.441338> WebSocket connected! Start @bookTicker [Future] process...
15:54:45.475339> WebSocket connected! Start Partial @depth20 [Future] process...
15:54:45.484365> Lenta has started...Start SubscribeToAggTradeStream @aggTrade [future] process...
15:54:45.490328> WebSocket connected! Start @depth [Future] process...
15:54:46.033358> BinanceFuture - Vxxv1AWf[USD_M] USD_M Balance: 3.31060251 USDT
15:56:45.316796> WebSocket [SubscribeBookTickerStream()] [future] error: Unable to read data from the transport connection: An existing connection was forcibly closed by the remote host.
15:56:50.458092> BinanceFuture - Vxxv1AWf[USD_M] Reconect to WebSocket #
15:56:50.527094> WebSocket [SubscribeBookTickerStream()] [Closed] [future] and reconnect again [during Task.Delay]..
15:56:52.516208> WebSocket connected! Start @depth [Future] process...
15:57:45.751261> WebSocket [SubscribeBookTickerStream()] [future] error: Unable to read data from the transport connection: An existing connection was forcibly closed by the remote host.
15:57:50.769548> BinanceFuture - Vxxv1AWf[USD_M] Reconect to WebSocket #
15:57:50.770550> WebSocket [SubscribeBookTickerStream()] [Closed] [future] and reconnect again [during Task.Delay]..
15:57:52.214636> WebSocket connected! Start @depth [Future] process...
16:05:46.689837> WebSocket [ConnectToDepthStream()] [future] error: Unable to read data from the transport connection: An existing connection was forcibly closed by the remote host.
16:05:51.757127> BinanceFuture - Vxxv1AWf[USD_M] Reconect to WebSocket #
16:05:51.758127> WebSocket [ConnectToDepthStream()] [Closed] [future] and reconnect again [during Task.Delay]..
16:05:54.485283> WebSocket connected! Start @depth [Future] process...
16:06:53.299658> WebSocket [ConnectToDepthStream()] [future] error: Unable to read data from the transport connection: An existing connection was forcibly closed by the remote host.
16:06:58.458950> BinanceFuture - Vxxv1AWf[USD_M] Reconect to WebSocket #
16:06:58.459952> WebSocket [ConnectToDepthStream()] [Closed] [future] and reconnect again [during Task.Delay]..
16:07:01.490125> WebSocket connected! Start @depth [Future] process...
16:07:55.283210> WebSocket [ConnectToDepthStream()] [future] error: Unable to read data from the transport connection: An existing connection was forcibly closed by the remote host.
16:08:00.585515> BinanceFuture - Vxxv1AWf[USD_M] Reconect to WebSocket #
16:08:00.586516> WebSocket [ConnectToDepthStream()] [Closed] [future] and reconnect again [during Task.Delay]..
16:08:05.534810> WebSocket connected! Start @depth [Future] process...
16:09:03.185102> WebSocket [ConnectToDepthStream()] [future] error: Unable to read data from the transport connection: An existing connection was forcibly closed by the remote host.
16:09:08.226404> BinanceFuture - Vxxv1AWf[USD_M] Reconect to WebSocket #
16:09:08.228398> WebSocket [ConnectToDepthStream()] [Closed] [future] and reconnect again [during Task.Delay]..
16:09:10.333515> WebSocket connected! Start @depth [Future] process...
