22:14:06.142124> Binance - Vxxv1AWf[MARGIN] MARGIN Balance: 0.55986565 USDT
22:14:06.151124> Lenta has started...Start SubscribeToTradeStream @trade [{accType}] process...
22:14:06.167123> WebSocket connected! Start @depth [Future] process...
22:14:06.171125> WebSocket connected! Start Partial @depth20 [MARGIN] process...
22:14:06.177124> Lenta has started...Start SubscribeToAggTradeStream @aggTrade [future] process...
22:14:06.192124> WebSocket connected! Start Partial @depth20 [Future] process...
22:14:06.196124> WebSocket connected! Start [MARGIN] @depth@100ms process...
22:14:06.284130> WebSocket connected! Start [MARGIN] @depth@100ms process...
22:14:06.303129> Lenta has started...Start SubscribeToTradeStream @trade [{accType}] process...
22:14:06.312129> WebSocket connected! Start Partial @depth20 [MARGIN] process...
22:14:06.769161> WebSocket connected! Start @depth [Future] process...
22:14:06.833162> Lenta has started...Start SubscribeToAggTradeStream @aggTrade [future] process...
22:14:06.840169> WebSocket connected! Start Partial @depth20 [Future] process...
22:14:07.381192> BinanceFuture - Vxxv1AWf[USD_M] USD_M Balance: 0.66986043 USDT
22:40:09.083627> WebSocket [ConnectToDepthStream()] [future] error: Unable to read data from the transport connection: An existing connection was forcibly closed by the remote host.
22:40:14.096913> BinanceFuture - Vxxv1AWf[USD_M] Reconect to WebSocket #
22:40:14.097913> WebSocket [ConnectToDepthStream()] [Closed] [future] and reconnect again [during Task.Delay]..
22:40:16.245036> WebSocket connected! Start @depth [Future] process...
22:43:06.589803> WebSocket [ConnectToDepthStream()] [future] error: Unable to read data from the transport connection: An existing connection was forcibly closed by the remote host.
22:43:11.670093> BinanceFuture - Vxxv1AWf[USD_M] Reconect to WebSocket #
22:43:11.671095> WebSocket [ConnectToDepthStream()] [Closed] [future] and reconnect again [during Task.Delay]..
22:43:12.892163> WebSocket connected! Start @depth [Future] process...
22:45:10.750922> WebSocket [ConnectToDepthStream()] [future] error: Unable to read data from the transport connection: An existing connection was forcibly closed by the remote host.
22:45:15.898221> BinanceFuture - Vxxv1AWf[USD_M] Reconect to WebSocket #
22:45:15.900218> WebSocket [ConnectToDepthStream()] [Closed] [future] and reconnect again [during Task.Delay]..
22:45:17.198291> WebSocket connected! Start @depth [Future] process...
