19:54:53.303930> Binance - Vxxv1AWf[SPOT] SPOT Balance: 0.00000000 USDT
19:54:53.699721> Lenta has started...Start SubscribeToTradeStream @trade [{accType}] process...
19:54:53.699721> WebSocket connected! Start @bookTicker [Future] process...
19:54:53.699721> WebSocket connected! Start Partial @depth20 [Future] process...
19:54:53.708720> Lenta has started...Start SubscribeToAggTradeStream @aggTrade [future] process...
19:54:53.834726> Lenta has started...Start SubscribeToTradeStream @trade [{accType}] process...
19:54:54.304952> WebSocket connected! Start [SPOT] @depth@100ms process...
19:54:54.427964> WebSocket connected! Start Partial @depth20 [SPOT] process...
19:54:54.613975> WebSocket connected! Start Partial @depth20 [Future] process...
19:54:54.703976> WebSocket connected! Start @bookTicker ...
19:54:54.955982> WebSocket connected! Start Partial @depth20 [SPOT] process...
19:54:55.005986> WebSocket connected! Start @depth [Future] process...
19:54:55.037993> WebSocket connected! Start @bookTicker ...
19:54:55.454039> WebSocket connected! Start @bookTicker [Future] process...
19:54:55.545033> WebSocket connected! Start [SPOT] @depth@100ms process...
19:54:55.706033> Lenta has started...Start SubscribeToAggTradeStream @aggTrade [future] process...
19:54:58.911825> WebSocket connected! Start @depth [Future] process...
19:55:04.310981> BinanceFuture - Vxxv1AWf[USD_M] USD_M Balance: 0.07599264 USDT
19:55:55.943424> WebSocket [SubscribeBookTickerStream()] [future] error: Unable to read data from the transport connection: An existing connection was forcibly closed by the remote host.
19:56:00.840245> WebSocket [SubscribeBookTickerStream()] [future] error: Received an unexpected EOF or 0 bytes from the transport stream.
19:56:00.962253> BinanceFuture - Vxxv1AWf[USD_M] Reconect to WebSocket #
19:56:00.963252> WebSocket [SubscribeBookTickerStream()] [Closed] [future] and reconnect again [during Task.Delay]..
19:56:02.034120> WebSocket connected! Start @depth [Future] process...
19:56:05.866481> BinanceFuture - Vxxv1AWf[USD_M] Reconect to WebSocket #
19:56:05.866481> WebSocket [SubscribeBookTickerStream()] [Closed] [future] and reconnect again [during Task.Delay]..
19:56:07.389568> WebSocket connected! Start @depth [Future] process...
19:56:51.220164> BinanceFuture - Vxxv1AWf[USD_M] Reconect to WebSocket #
19:56:51.221155> WebSocket [ConnectToDepthStream()] [Closed] [future] and reconnect again [during Task.Delay]..
19:56:52.259712> WebSocket connected! Start @depth [Future] process...
19:56:55.332454> WebSocket [ConnectToDepthStream()] [future] error: Unable to read data from the transport connection: An existing connection was forcibly closed by the remote host.
19:56:59.339555> WebSocket [ConnectToDepthStream()] [future] error: Unable to read data from the transport connection: An existing connection was forcibly closed by the remote host.
19:57:00.345009> BinanceFuture - Vxxv1AWf[USD_M] Reconect to WebSocket #
19:57:00.346005> WebSocket [ConnectToDepthStream()] [Closed] [future] and reconnect again [during Task.Delay]..
19:57:04.345200> BinanceFuture - Vxxv1AWf[USD_M] Reconect to WebSocket #
19:57:04.345200> WebSocket [ConnectToDepthStream()] [Closed] [future] and reconnect again [during Task.Delay]..
19:57:04.964227> WebSocket connected! Start @depth [Future] process...
19:57:05.414259> WebSocket connected! Start @depth [Future] process...
19:58:14.266182> BinanceFuture - Vxxv1AWf[USD_M] Reconect to WebSocket #
19:58:14.266182> WebSocket [ConnectToDepthStream()] [Closed] [future] and reconnect again [during Task.Delay]..
19:58:15.943169> WebSocket connected! Start @depth [Future] process...
19:58:52.855787> WebSocket [ConnectToDepthStream()] [future] error: Unable to read data from the transport connection: An existing connection was forcibly closed by the remote host.
19:58:57.859937> BinanceFuture - Vxxv1AWf[USD_M] Reconect to WebSocket #
19:58:57.859937> WebSocket [ConnectToDepthStream()] [Closed] [future] and reconnect again [during Task.Delay]..
19:58:58.894764> WebSocket connected! Start @depth [Future] process...
19:59:28.376085> BinanceFuture - Vxxv1AWf[USD_M] Reconect to WebSocket #
19:59:28.376085> WebSocket [ConnectToDepthStream()] [Closed] [future] and reconnect again [during Task.Delay]..
19:59:29.471701> WebSocket connected! Start @depth [Future] process...
